   1    1.98101    3.24969
   2    2.22244    3.64470
   3    2.14136    3.52076
   4    1.65578    3.26130
   5    2.29016    3.28062
   6    2.12301    3.27776
   7    1.99930    3.43931
   8    1.97611    3.39936
   9    2.04590    3.45820
   10    1.62495    3.25875
   11    2.10082    3.35387
   12    2.21517    3.33483
   13    1.91901    3.44218
   14    1.91267    3.39250
   15    2.29628    3.45577
   16    1.81695    3.35029
   17    1.80862    3.52788
   18    1.89605    3.30825
   19    2.00539    3.29422
   20    1.96332    3.52289
   21    2.31363    3.56564
   22    1.55040    3.24833
   23    1.97248    3.39618
   24    1.83404    3.34398
   25    2.20163    3.51110
