     1.00000   10.08777   -6.93976  -0.575678    1.00000    1.00000
     1.00000   -8.59165   -3.65143E-02   -4.31003    1.00000    1.00000
     1.00000    2.79589   0.357632    1.00879    1.00000    1.00000
     1.00000   -4.35207    1.24769   -3.20927    1.00000    1.00000
     1.00000    12.8565    8.93839    2.02983    1.00000    1.00000
     1.00000   -3.24580    5.59999   -3.12492    1.00000    1.00000
     1.00000  -0.635883    5.99250    13.2785    1.00000    1.00000
     1.00000   -4.93481   -9.88484   0.780516    1.00000    1.00000
     1.00000    12.1253   -9.10172   -3.19003    1.00000    1.00000
     1.00000   -7.84508   -3.86997   -9.10425    1.00000    1.00000
     1.00000    2.26805    4.52806    1.63661    1.00000    1.00000
     1.00000   -1.68951    2.03282   -2.30742    1.00000    1.00000
     1.00000    5.09849   -2.78049  -0.431496    1.00000    1.00000
     1.00000   -4.21073    9.21031   -7.41564    1.00000    1.00000
     1.00000    1.53567    3.17705    12.6525    1.00000    1.00000
     1.00000  -0.889429   -9.17153    7.29226    1.00000    1.00000
     1.00000    8.20620   -5.21087   -3.09464    1.00000    1.00000
     1.00000   -7.38854    3.50971   -2.96414    1.00000    1.00000
     1.00000    1.46349   0.179649    2.48967    1.00000    1.00000
     1.00000   -1.38914   -2.48119  -0.506191    1.00000    1.00000
     1.00000    10.9147    4.35882    8.03490E-02    1.00000    1.00000
     1.00000   -5.96490    6.83015   -4.80306    1.00000    1.00000
     1.00000  -0.168213    11.7942    16.2171    1.00000    1.00000
     1.00000   -4.50833   -5.32091    4.23705    1.00000    1.00000
     1.00000    12.2302   -3.73026   -2.20311    1.00000    1.00000
     1.00000   -8.81895   -2.72875   -5.42227    1.00000    1.00000
     1.00000   -1.94088   -7.72476E-02    1.56232    1.00000    1.00000
     1.00000   0.754686    3.42679   -7.63891    1.00000    1.00000
     1.00000    6.97639   -2.57866   0.226355    1.00000    1.00000
     1.00000   -12.0193    5.97773   -11.1300    1.00000    1.00000
     1.00000   0.315771   -5.18379E-02    5.16942    1.00000    1.00000
     1.00000   -2.52035   -5.49162    4.37401    1.00000    1.00000
     1.00000    11.1512   -8.75416  -0.298683    1.00000    1.00000
     1.00000   -7.34918  -0.982273   -5.55976    1.00000    1.00000
     1.00000    1.33927    2.03658   -2.28979    1.00000    1.00000
     1.00000   -3.01883   0.605927   -1.86368    1.00000    1.00000
     1.00000    12.5630    7.38184   0.808775    1.00000    1.00000
     1.00000   -4.84686    4.97264   -4.14621    1.00000    1.00000
     1.00000   -7.72724E-02    6.34415    15.1664    1.00000    1.00000
     1.00000   -6.00808   -8.20667   0.602119    1.00000    1.00000
     1.00000    12.7972   -9.59625   -1.06133    1.00000    1.00000
     1.00000   -12.1224   -4.74636   -6.17118    1.00000    1.00000
     1.00000    1.68997    3.46361    1.93329E-02    1.00000    1.00000
     1.00000   0.297436    1.62904   -4.20333    1.00000    1.00000
     1.00000    6.85962   -3.66130    2.53725    1.00000    1.00000
     1.00000   -6.05229    8.45689   -7.21312    1.00000    1.00000
     1.00000   0.627537    1.47889    9.29608    1.00000    1.00000
     1.00000  -0.414232   -6.94751    5.83682    1.00000    1.00000
     1.00000    5.19315   -3.43598   -2.85119    1.00000    1.00000
     1.00000   -7.84402    4.43634   -4.67700    1.00000    1.00000
     1.00000    2.35990   -1.12051    5.69058    1.00000    1.00000
     1.00000  -0.601997  -0.816048   0.273359    1.00000    1.00000
     1.00000    9.94096    3.01032    1.21737    1.00000    1.00000
     1.00000   -6.38387    3.53306   -6.87193    1.00000    1.00000
     1.00000   -2.30278    7.39110    14.8327    1.00000    1.00000
     1.00000   -6.99305   -7.09241    3.38724    1.00000    1.00000
     1.00000    11.8694   -7.60724   -1.88579    1.00000    1.00000
     1.00000   -11.5030   -2.33619   -6.76870    1.00000    1.00000
     1.00000  -0.169043   0.838276    1.41262    1.00000    1.00000
     1.00000    2.64013    3.73976   -9.82487    1.00000    1.00000
     1.00000    9.76364    1.09204   0.679983    1.00000    1.00000
     1.00000   -8.42894    8.35887   -9.15640    1.00000    1.00000
     1.00000    1.62838  -0.248398    9.17448    1.00000    1.00000
     1.00000   -2.60731   -7.43773    3.92114    1.00000    1.00000
     1.00000    8.48400   -5.96137   -1.26173    1.00000    1.00000
     1.00000   -9.27793   -1.61579   -3.29273    1.00000    1.00000
     1.00000    3.80928  -0.597305    2.44446    1.00000    1.00000
     1.00000   -6.08094    1.56806   -4.16235    1.00000    1.00000
     1.00000    13.0180    10.7582    1.21598    1.00000    1.00000
     1.00000   -4.19370    7.35131   -2.93959    1.00000    1.00000
     1.00000    4.00887E-02    4.43369    12.2234    1.00000    1.00000
     1.00000   -4.20793   -9.93917    2.64296    1.00000    1.00000
     1.00000   10.16698   -9.17441   -3.58980    1.00000    1.00000
     1.00000   -9.80927   -3.72086   -8.75824    1.00000    1.00000
     1.00000   0.336330    4.09770    1.34809    1.00000    1.00000
     1.00000   -1.66342    2.00885   -4.30710    1.00000    1.00000
     1.00000    4.25543   -2.15369    1.27037    1.00000    1.00000
     1.00000   -3.84989    9.38297   -5.45605    1.00000    1.00000
     1.00000    1.86090    2.84263    10.7077    1.00000    1.00000
     1.00000   0.194017   -7.52916    7.65112    1.00000    1.00000
     1.00000    6.50915   -4.52017   -3.89650    1.00000    1.00000
     1.00000   -7.94993    1.65410   -3.45562    1.00000    1.00000
     1.00000    1.97869   -1.75176    2.55481    1.00000    1.00000
     1.00000   -2.27835   -3.68099   0.824141    1.00000    1.00000
     1.00000    11.6738    3.79012    1.84112    1.00000    1.00000
     1.00000   -6.92075    8.47817   -5.41165    1.00000    1.00000
     1.00000   -1.87104    11.0476    15.4802    1.00000    1.00000
     1.00000   -6.43360   -5.19944    3.70924    1.00000    1.00000
     1.00000    12.1208   -4.61619   -3.99285    1.00000    1.00000
     1.00000  -10.35118   -3.33810   -4.29047    1.00000    1.00000
     1.00000   -2.30922   -1.98442    2.03880    1.00000    1.00000
     1.00000   0.266111    2.84959   -5.78739    1.00000    1.00000
     1.00000    8.74574   -2.15196    1.05541    1.00000    1.00000
     1.00000  -10.27637    6.77337   -11.7037    1.00000    1.00000
     1.00000    2.77119E-02   0.687374    7.00534    1.00000    1.00000
     1.00000   -2.27687   -4.57334    2.61404    1.00000    1.00000
     1.00000    9.54283   -8.63746   -1.48168    1.00000    1.00000
     1.00000   -7.63477   -2.35158   -6.98925    1.00000    1.00000
     1.00000    2.21670    1.34659  -0.630259    1.00000    1.00000
     1.00000   -2.44672   -1.30590   -1.73102    1.00000    1.00000
     1.00000    11.7499    5.78324    1.69383    1.00000    1.00000
     1.00000   -5.00452    3.44418   -5.42642    1.00000    1.00000
     1.00000   -1.88434    5.52107    15.4053    1.00000    1.00000
     1.00000   -6.26669   -8.89409    2.46238    1.00000    1.00000
     1.00000    12.0035   -10.9098   -2.34381    1.00000    1.00000
     1.00000   -11.6179   -3.95513   -7.93738    1.00000    1.00000
     1.00000    7.44572E-02    2.96346   -1.04836    1.00000    1.00000
     1.00000    2.24298    1.68276   -4.66374    1.00000    1.00000
     1.00000    5.55839   -2.16327    2.78767    1.00000    1.00000
     1.00000   -7.61304    7.29392   -7.67309    1.00000    1.00000
     1.00000   0.588575    3.47851    9.30166    1.00000    1.00000
     1.00000  -0.721693   -6.27217    3.97956    1.00000    1.00000
     1.00000    4.65744   -1.68541   -2.04588    1.00000    1.00000
     1.00000   -8.27694    4.84260   -6.58685    1.00000    1.00000
     1.00000    2.10362   0.364330    4.37544    1.00000    1.00000
     1.00000   -3.40939E-02   -1.70577    1.97215    1.00000    1.00000
     1.00000    9.88842    1.71321    2.73879    1.00000    1.00000
     1.00000   -6.41148    5.38070   -6.10676    1.00000    1.00000
     1.00000   -2.38703    9.14144    15.7966    1.00000    1.00000
     1.00000   -8.17280   -8.30526    2.32085    1.00000    1.00000
     1.00000    12.4605   -5.69693   -1.92180    1.00000    1.00000
     1.00000  -10.22368   -3.81367   -6.34405    1.00000    1.00000
     1.00000   0.229506    1.03609  -0.537256    1.00000    1.00000
     1.00000    1.24002    4.86326   -8.94314    1.00000    1.00000
     1.00000    8.98961  -0.333048    1.85045    1.00000    1.00000
     1.00000   -9.48723    6.81752   -9.86652    1.00000    1.00000
     1.00000    1.96314   0.790749    7.49874    1.00000    1.00000
     1.00000   -1.57582   -9.13531    4.15405    1.00000    1.00000
