     1.00000    1.40816   0.524010    3.80389    1.00000    1.00000
     1.00000   -11.9744    2.50286  -0.881832    1.00000    1.00000
     1.00000    6.64886   -20.4828    2.15219    1.00000    1.00000
     1.00000   -1.71324    14.3746   -3.54333    1.00000    1.00000
     1.00000    7.72480   -7.38335E-02    8.31624    1.00000    1.00000
     1.00000   -8.23804   0.730293   -7.23052    1.00000    1.00000
     1.00000    8.29108   -6.65203    6.35042    1.00000    1.00000
     1.00000   -1.87496    9.29319   -2.70773    1.00000    1.00000
     1.00000    2.94598    6.29329    4.17971    1.00000    1.00000
     1.00000   -9.21259  -0.687046   -6.09772    1.00000    1.00000
     1.00000    5.36610   -18.6702    4.85728    1.00000    1.00000
     1.00000   -5.52530    8.77526   -8.95325    1.00000    1.00000
     1.00000    3.06928   -4.18221    9.30919    1.00000    1.00000
     1.00000   -8.96511    4.91145   -11.4849    1.00000    1.00000
     1.00000    7.45404   -10.9668    6.76052    1.00000    1.00000
     1.00000   -1.02796    5.33350   -2.41579    1.00000    1.00000
     1.00000    4.07375    1.68121   10.29663    1.00000    1.00000
     1.00000   -12.3896   0.960064   -3.68742    1.00000    1.00000
     1.00000    8.25242   -19.3148    2.40568    1.00000    1.00000
     1.00000   -3.21529    13.0326   -6.26547    1.00000    1.00000
     1.00000    11.9026    3.03000    7.39054    1.00000    1.00000
     1.00000   -7.45376    3.23567  -10.06539    1.00000    1.00000
     1.00000    8.96473   -4.39243    5.62746    1.00000    1.00000
     1.00000   -1.36411    11.2597   -2.98973    1.00000    1.00000
     1.00000    2.43806    6.91351    2.22483    1.00000    1.00000
     1.00000   -12.8833   -3.17358  -0.755531    1.00000    1.00000
     1.00000    6.02796   -14.3896    6.18889    1.00000    1.00000
     1.00000   -5.60709    5.59666   -8.30949    1.00000    1.00000
     1.00000    3.89924   -1.12276    11.2586    1.00000    1.00000
     1.00000   -3.55139    4.75602   -7.07516    1.00000    1.00000
     1.00000    7.55654   -8.41521    4.93080    1.00000    1.00000
     1.00000  -0.925941    7.19339   -6.56670    1.00000    1.00000
     1.00000    2.61590    2.79768    6.05378    1.00000    1.00000
     1.00000   -13.6010    4.35259  -0.843943    1.00000    1.00000
     1.00000    4.96747   -20.3859    3.23087    1.00000    1.00000
     1.00000  -0.887894    14.5193   -5.94336    1.00000    1.00000
     1.00000    4.58561   -4.63864    7.80908    1.00000    1.00000
     1.00000   -8.99642   -2.14154   -7.57535    1.00000    1.00000
     1.00000    8.05515   -6.14139    8.26968    1.00000    1.00000
     1.00000   -4.87857    10.7205  -0.854931    1.00000    1.00000
     1.00000    2.00573    2.42694    3.95138    1.00000    1.00000
     1.00000   -9.59398   -1.16361   -3.74536    1.00000    1.00000
     1.00000    6.98055   -17.6144    3.19161    1.00000    1.00000
     1.00000   -3.45220    8.31868   -6.69945    1.00000    1.00000
     1.00000    2.53180   -4.68814    7.45039    1.00000    1.00000
     1.00000   -5.53384    4.48724   -12.3768    1.00000    1.00000
     1.00000   10.20292   -11.4198    5.43867    1.00000    1.00000
     1.00000    1.60742    5.94909   -3.44844    1.00000    1.00000
     1.00000   0.235479    3.16734    9.04529    1.00000    1.00000
     1.00000   -13.8587   -1.45709   -4.38357    1.00000    1.00000
     1.00000    9.25776   -17.6217    1.55971    1.00000    1.00000
     1.00000   -4.58972    14.2463   -7.06413    1.00000    1.00000
     1.00000    8.96901   0.236305    6.78139    1.00000    1.00000
     1.00000   -9.18963    6.05894   -9.30077    1.00000    1.00000
     1.00000    6.24898   -2.26677    5.27574    1.00000    1.00000
     1.00000   0.691124    9.69543   -5.19758    1.00000    1.00000
     1.00000   -5.29366E-02    8.61909    1.50034    1.00000    1.00000
     1.00000   -9.47676   -3.72656   -2.84934    1.00000    1.00000
     1.00000    5.46779   -15.8307    4.92029    1.00000    1.00000
     1.00000   -2.30682    6.21799   -7.63527    1.00000    1.00000
     1.00000    4.70586    2.00281    12.1667    1.00000    1.00000
     1.00000   -2.92469    4.56495   -8.96480    1.00000    1.00000
     1.00000    8.61789   -8.77323    6.58772    1.00000    1.00000
     1.00000   -1.09133    7.93289   -8.41759    1.00000    1.00000
     1.00000    1.53349    1.15397    5.69795    1.00000    1.00000
     1.00000   -11.8887    4.23892   -1.87116    1.00000    1.00000
     1.00000    7.41348   -22.2968    1.79884    1.00000    1.00000
     1.00000   -3.41771    13.8774   -4.46395    1.00000    1.00000
     1.00000    6.51997   -1.43944    9.14298    1.00000    1.00000
     1.00000   -7.76303    1.58899   -8.97322    1.00000    1.00000
     1.00000    6.77533   -6.57781    5.04773    1.00000    1.00000
     1.00000    4.11949E-02    9.24975   -2.13637    1.00000    1.00000
     1.00000    4.04618    7.62784    3.17545    1.00000    1.00000
     1.00000   -10.9672  -0.752552   -5.14009    1.00000    1.00000
     1.00000    4.52938   -20.0666    6.01922    1.00000    1.00000
     1.00000   -4.52398    9.78090   -7.54398    1.00000    1.00000
     1.00000    2.94628   -2.28926    9.94291    1.00000    1.00000
     1.00000   -7.48004    4.66544   -12.8017    1.00000    1.00000
     1.00000    9.22160   -11.8251    7.13359    1.00000    1.00000
     1.00000   0.833065    5.40440   -1.68671    1.00000    1.00000
     1.00000    3.03459    2.86755    9.06670    1.00000    1.00000
     1.00000   -11.1623    1.15919   -2.12082    1.00000    1.00000
     1.00000    8.46726   -19.3267   0.417286    1.00000    1.00000
     1.00000   -4.53602    11.5967   -6.70576    1.00000    1.00000
     1.00000    9.96452    2.71513    7.77094    1.00000    1.00000
     1.00000   -7.55478    5.23275  -10.10366    1.00000    1.00000
     1.00000    7.40746   -4.78214    4.43456    1.00000    1.00000
     1.00000   0.488396    10.6753   -3.46591    1.00000    1.00000
     1.00000   0.482103    6.72447    1.85270    1.00000    1.00000
     1.00000   -12.2283   -3.39449   -2.63228    1.00000    1.00000
     1.00000    6.22407   -12.4010    6.10463    1.00000    1.00000
     1.00000   -4.15306    6.92112   -7.94670    1.00000    1.00000
     1.00000    4.99284  -0.320919    9.78857    1.00000    1.00000
     1.00000   -1.62931    4.54457   -6.56438    1.00000    1.00000
     1.00000    7.41061   -9.89438    3.59261    1.00000    1.00000
     1.00000   0.485405    6.75177   -5.22019    1.00000    1.00000
     1.00000    1.77012    4.13016    7.28225    1.00000    1.00000
     1.00000   -14.0002    4.91679   -2.72071    1.00000    1.00000
     1.00000    5.72684   -21.2035    4.89068    1.00000    1.00000
     1.00000   -1.67558    15.9444   -4.78202    1.00000    1.00000
     1.00000    5.57229   -3.14375    8.69889    1.00000    1.00000
     1.00000   -7.43394   -1.07540   -6.92572    1.00000    1.00000
     1.00000    6.08123   -5.95121    8.00989    1.00000    1.00000
     1.00000   -3.73391    9.88369   -2.26545    1.00000    1.00000
     1.00000    2.57467    4.34418    3.92853    1.00000    1.00000
     1.00000   -11.0958   -2.46131   -3.99117    1.00000    1.00000
     1.00000    7.31681   -18.2732    5.04982    1.00000    1.00000
     1.00000   -3.62920    9.59464   -5.16955    1.00000    1.00000
     1.00000    1.99497   -5.27708    5.61601    1.00000    1.00000
     1.00000   -3.62559    4.86354   -12.8426    1.00000    1.00000
     1.00000    11.5912   -12.5170    4.50658    1.00000    1.00000
     1.00000   -1.79367E-02    7.10714   -3.31747    1.00000    1.00000
     1.00000    1.78319    4.41543    9.26175    1.00000    1.00000
     1.00000   -12.8264   -4.85077E-02   -5.35833    1.00000    1.00000
     1.00000    7.68227   -17.4890   0.334867    1.00000    1.00000
     1.00000   -5.79283    13.1360   -5.91538    1.00000    1.00000
     1.00000    8.15131    1.93624    7.44592    1.00000    1.00000
     1.00000   -11.1571    5.70129   -9.33362    1.00000    1.00000
     1.00000    7.90155   -2.81981    6.25714    1.00000    1.00000
     1.00000   -1.07159    9.07780   -5.91268    1.00000    1.00000
     1.00000   0.155909    8.19259  -0.442469    1.00000    1.00000
     1.00000   -10.9180   -4.68624   -1.84844    1.00000    1.00000
     1.00000    4.74844   -17.1991    3.65136    1.00000    1.00000
     1.00000  -0.438444    5.87020   -8.25835    1.00000    1.00000
     1.00000    5.85043   0.576693    11.3566    1.00000    1.00000
     1.00000   -2.97984    4.64430   -10.9625    1.00000    1.00000
     1.00000    9.29827   -9.70342    4.95315    1.00000    1.00000
     1.00000  -0.729162    9.78715   -7.76142    1.00000    1.00000
