     1.00000   -1.09753   -3.00681   -4.06584    1.00000    1.00000
     1.00000   -9.93948   0.517765   0.328638    1.00000    1.00000
     1.00000    18.2575    6.51352   -6.34259    1.00000    1.00000
     1.00000   -3.04153  -0.801580   10.09334    1.00000    1.00000
     1.00000   -2.50533   -4.16000   0.439363    1.00000    1.00000
     1.00000   -15.6894   -14.1550   -2.90307    1.00000    1.00000
     1.00000    13.0473    3.82333   -3.88498    1.00000    1.00000
     1.00000    4.93981   0.934870    8.07442    1.00000    1.00000
     1.00000   -3.53468   -1.61445   -2.23030    1.00000    1.00000
     1.00000   -13.8838    3.82127    5.75332    1.00000    1.00000
     1.00000    18.4622    9.30103   -9.89059    1.00000    1.00000
     1.00000   -9.08433    6.08625    5.61422    1.00000    1.00000
     1.00000    6.40239   -2.17310   -1.66633    1.00000    1.00000
     1.00000   -11.2033   -8.94414    3.18398    1.00000    1.00000
     1.00000    9.13206  -0.251528   -2.50357    1.00000    1.00000
     1.00000  -0.374363  -0.840099    4.78979    1.00000    1.00000
     1.00000   -2.47782   -2.82932   -9.37237    1.00000    1.00000
     1.00000   -11.7589   -4.62193    2.11744    1.00000    1.00000
     1.00000    15.9864    8.94227   -7.52559    1.00000    1.00000
     1.00000   -4.06959   0.275711    7.73652    1.00000    1.00000
     1.00000   -3.04612   -1.17553    2.27186    1.00000    1.00000
     1.00000   -14.3196   -8.35497    3.76530E-02    1.00000    1.00000
     1.00000    13.3746    7.16149   -4.47356    1.00000    1.00000
     1.00000    2.34742    1.22861    6.99266    1.00000    1.00000
     1.00000  -0.817009   0.951523   -6.16202    1.00000    1.00000
     1.00000   -11.1124    2.06724   0.801367    1.00000    1.00000
     1.00000    16.3196    6.82601   -8.39471    1.00000    1.00000
     1.00000   -6.26595    5.26201    8.06645    1.00000    1.00000
     1.00000    2.06872   -1.61125   -2.51397    1.00000    1.00000
     1.00000   -11.6581   -3.83464    6.03554    1.00000    1.00000
     1.00000    10.9902   -2.42090   -5.72205E-05    1.00000    1.00000
     1.00000   0.581619   -2.58925    4.95275    1.00000    1.00000
     1.00000   0.710297   -2.58565   -4.81040    1.00000    1.00000
     1.00000   -8.69383   -1.90667    2.79387    1.00000    1.00000
     1.00000    19.0011    5.09377   -7.53897    1.00000    1.00000
     1.00000   -3.99916   -2.83214    7.07154    1.00000    1.00000
     1.00000   -1.08568   -3.35674    1.59667    1.00000    1.00000
     1.00000   -14.0210   -14.9164   -3.70107    1.00000    1.00000
     1.00000    9.33858    1.81173   -4.06090    1.00000    1.00000
     1.00000    7.05647    5.20331    7.25028    1.00000    1.00000
     1.00000   -1.91822  -0.526476   -2.68125    1.00000    1.00000
     1.00000   -11.3870    2.93358    3.40069    1.00000    1.00000
     1.00000    21.6744   10.42476   -9.01997    1.00000    1.00000
     1.00000   -9.64557    3.27586    4.32275    1.00000    1.00000
     1.00000    3.71896  -0.822342   -3.32287    1.00000    1.00000
     1.00000   -9.65926   -11.0354   0.806143    1.00000    1.00000
     1.00000    7.19196  -0.272924   -2.98888    1.00000    1.00000
     1.00000   -2.68435    5.48782E-02    6.31091    1.00000    1.00000
     1.00000   -4.24050   -3.02028   -6.26828    1.00000    1.00000
     1.00000   -8.58777   -4.40453    2.02938    1.00000    1.00000
     1.00000    17.1032   10.11354   -6.35045    1.00000    1.00000
     1.00000   -5.10154    2.49314    6.02237    1.00000    1.00000
     1.00000   -2.76166   0.429949   0.799627    1.00000    1.00000
     1.00000   -15.2497   -11.1387   -1.25223    1.00000    1.00000
     1.00000    17.0208    6.56691   -4.51050    1.00000    1.00000
     1.00000    2.34473   -1.28908    7.44311    1.00000    1.00000
     1.00000   -4.43720    1.07102   -3.26757    1.00000    1.00000
     1.00000   -14.5457    3.15015    1.59052    1.00000    1.00000
     1.00000    16.3216    4.85973   -8.02899    1.00000    1.00000
     1.00000   -6.00396    3.17785    2.91115    1.00000    1.00000
     1.00000    1.01481   -2.70730   0.558672    1.00000    1.00000
     1.00000   -12.7258   -6.34738    1.82104    1.00000    1.00000
     1.00000   10.17513   0.983252  -0.829090    1.00000    1.00000
     1.00000    1.63053  -0.693872    3.59200    1.00000    1.00000
     1.00000   -2.90856   -3.39024   -4.82291    1.00000    1.00000
     1.00000  -10.18474   -1.00922E-01   -1.55738    1.00000    1.00000
     1.00000    18.4772    7.01306   -8.26670    1.00000    1.00000
     1.00000   -1.10487  -0.400972    9.79523    1.00000    1.00000
     1.00000   -2.84680   -2.19316   0.561686    1.00000    1.00000
     1.00000   -16.1736   -12.2311   -2.64978    1.00000    1.00000
     1.00000    13.0183    1.84326   -4.16516    1.00000    1.00000
     1.00000    5.19669    1.90470    6.34427    1.00000    1.00000
     1.00000   -1.93064   -2.80870   -2.25844    1.00000    1.00000
     1.00000   -12.1670    4.49810    6.52445    1.00000    1.00000
     1.00000    19.7603    10.7680   -9.48710    1.00000    1.00000
     1.00000   -7.42977    5.77361    4.53501    1.00000    1.00000
     1.00000    5.98261  -0.236374   -1.39635    1.00000    1.00000
     1.00000   -10.7869   -6.98835    3.14480    1.00000    1.00000
     1.00000   10.30026    5.84850E-02   -4.09706    1.00000    1.00000
     1.00000  -0.905521   -1.82283    6.44874    1.00000    1.00000
     1.00000   -4.01402   -2.41438   -8.16079    1.00000    1.00000
     1.00000  -10.15933   -4.23860    3.25521    1.00000    1.00000
     1.00000    16.7146    7.76001   -6.08616    1.00000    1.00000
     1.00000   -5.27470  -0.993727    8.70411    1.00000    1.00000
     1.00000   -1.26604  -0.703037    1.49207    1.00000    1.00000
     1.00000   -14.4857   -7.29266    1.72404    1.00000    1.00000
     1.00000    12.6443    5.69934   -3.32084    1.00000    1.00000
     1.00000    1.79202   0.554642    8.79191    1.00000    1.00000
     1.00000   -1.43721  -0.110996   -4.58519    1.00000    1.00000
     1.00000   -12.6926    2.49029    1.95195    1.00000    1.00000
     1.00000    17.4320    7.58682   -9.87244    1.00000    1.00000
     1.00000   -6.53298    4.93177    6.11206    1.00000    1.00000
     1.00000    2.45931   -2.60098  -0.820492    1.00000    1.00000
     1.00000   -12.1254   -5.39594    4.87626    1.00000    1.00000
     1.00000    9.69774   -1.11544  -0.790771    1.00000    1.00000
     1.00000    1.98549   -1.26427    5.47580    1.00000    1.00000
     1.00000    2.62789   -2.01746   -4.80984    1.00000    1.00000
     1.00000   -9.25290  -0.117544    2.09640    1.00000    1.00000
     1.00000    20.6881    5.53940   -8.51656    1.00000    1.00000
     1.00000   -3.12612   -1.42699    8.19552    1.00000    1.00000
     1.00000  -0.835184   -2.31992   -9.51538E-02    1.00000    1.00000
     1.00000   -14.8215   -13.9960   -5.28603    1.00000    1.00000
     1.00000    11.1608    2.48378   -4.53835    1.00000    1.00000
     1.00000    6.44908    3.31233    7.01517    1.00000    1.00000
     1.00000   -3.27912   0.511322   -1.64640    1.00000    1.00000
     1.00000   -13.2675    2.91321    4.08127    1.00000    1.00000
     1.00000    22.4986    9.26495  -10.42554    1.00000    1.00000
     1.00000   -9.89996    4.30542    6.01843    1.00000    1.00000
     1.00000    4.81527   0.730555   -2.70109    1.00000    1.00000
     1.00000  -10.49787   -10.7203    2.59428    1.00000    1.00000
     1.00000    5.98366   -1.67540   -3.74589    1.00000    1.00000
     1.00000   -2.78951   -1.87027    5.77916    1.00000    1.00000
     1.00000   -2.85469   -4.21677   -7.07324    1.00000    1.00000
     1.00000   -9.52825   -2.83134    1.22903    1.00000    1.00000
     1.00000    17.7271    11.6569   -5.24188    1.00000    1.00000
     1.00000   -4.12983    2.27470    7.75674    1.00000    1.00000
     1.00000   -1.51379   0.227709  -0.750185    1.00000    1.00000
     1.00000   -13.6574  -10.14408  -0.562830    1.00000    1.00000
     1.00000    15.0805    6.13288   -4.29417    1.00000    1.00000
     1.00000    3.56713  -0.364553    8.72803    1.00000    1.00000
     1.00000   -2.45566    1.22014   -3.49394    1.00000    1.00000
     1.00000   -13.7394    4.72286   0.654348    1.00000    1.00000
     1.00000    14.3876    5.15786   -7.61609    1.00000    1.00000
     1.00000   -5.52770    3.93268    4.70096    1.00000    1.00000
     1.00000    2.77127   -2.53659    1.49979    1.00000    1.00000
     1.00000   -12.6977   -6.93388    3.73291    1.00000    1.00000
     1.00000    11.5718  -0.434855  -0.633213    1.00000    1.00000
     1.00000   -7.39326E-02   -1.47767    2.89884    1.00000    1.00000
