     1.00000    16.3201   -6.32570    7.22660    1.00000    1.00000
     1.00000   -15.2971    7.93392   -4.88107    1.00000    1.00000
     1.00000   -1.45164   -2.52631    12.7227    1.00000    1.00000
     1.00000   -1.74799   0.957951   -4.01794    1.00000    1.00000
     1.00000    8.07785   -6.86336    13.5631    1.00000    1.00000
     1.00000  -10.16136    11.1246   -9.67152    1.00000    1.00000
     1.00000    8.11556   -3.95821    1.41016    1.00000    1.00000
     1.00000   -5.37627   -3.25992   -12.8429    1.00000    1.00000
     1.00000    15.9283   -3.68252    13.0483    1.00000    1.00000
     1.00000   -16.3451    12.3202   -1.17979    1.00000    1.00000
     1.00000   -5.16963    2.82260    3.79659    1.00000    1.00000
     1.00000   -3.59320    1.26840   -9.94812    1.00000    1.00000
     1.00000    11.3999   -5.84439    5.13651    1.00000    1.00000
     1.00000   -2.41086    7.88889   -7.32002    1.00000    1.00000
     1.00000    2.53297   -3.54707   -1.50097    1.00000    1.00000
     1.00000   -5.75164   -7.24464   -12.0976    1.00000    1.00000
     1.00000    18.8381   -6.83723    8.98365    1.00000    1.00000
     1.00000   -13.5282    8.03508   -7.12485    1.00000    1.00000
     1.00000   -3.98683  -0.495396    9.76434    1.00000    1.00000
     1.00000   0.646875   -3.32244   -3.64382    1.00000    1.00000
     1.00000    7.76820   -4.85207    8.60175    1.00000    1.00000
     1.00000   -2.83364    8.53956   -9.16333    1.00000    1.00000
     1.00000    4.98548   -3.41447   0.844442    1.00000    1.00000
     1.00000   -5.26345   -2.91700   -8.88144    1.00000    1.00000
     1.00000    14.0355    1.62432    11.0845    1.00000    1.00000
     1.00000   -18.4694    13.1139   0.737474    1.00000    1.00000
     1.00000   -3.07362    4.69765    1.18340    1.00000    1.00000
     1.00000   -5.86617  -0.729296   -7.70557    1.00000    1.00000
     1.00000    7.87744   -5.35418    6.48577    1.00000    1.00000
     1.00000  -0.561428    1.74272   -11.4004    1.00000    1.00000
     1.00000    2.54275  -0.540932    1.91318    1.00000    1.00000
     1.00000   -5.60990   -6.28605   -9.04004    1.00000    1.00000
     1.00000    18.2616   -5.05259    8.28885    1.00000    1.00000
     1.00000   -17.0454    8.69078   -4.27221    1.00000    1.00000
     1.00000   -2.77893   -1.03555    12.5965    1.00000    1.00000
     1.00000   -2.60213    2.34739   -5.17547    1.00000    1.00000
     1.00000    6.86539   -3.53340    13.9385    1.00000    1.00000
     1.00000   -6.93426    10.6199   -9.86276    1.00000    1.00000
     1.00000    11.8485   -3.00433    1.10731    1.00000    1.00000
     1.00000   -6.88389   -4.38987   -12.1317    1.00000    1.00000
     1.00000    15.3949   -4.90455    11.5576    1.00000    1.00000
     1.00000   -18.5246   10.10195   -1.85412    1.00000    1.00000
     1.00000   -2.96561    2.45976    4.79787    1.00000    1.00000
     1.00000   -3.19117    1.12661   -12.5995    1.00000    1.00000
     1.00000    13.1130   -4.41084    7.42980    1.00000    1.00000
     1.00000    1.42907    6.31745   -7.25223    1.00000    1.00000
     1.00000    3.84575   -1.24214   0.567635    1.00000    1.00000
     1.00000   -5.51621   -9.49153   -7.79130    1.00000    1.00000
     1.00000    16.0987   -8.06441    10.8000    1.00000    1.00000
     1.00000   -11.4177    7.26094   -5.27146    1.00000    1.00000
     1.00000   -3.94874   0.119795    6.61758    1.00000    1.00000
     1.00000  -0.406921   -1.18023   -3.03001    1.00000    1.00000
     1.00000    7.71427   -7.14729    10.8703    1.00000    1.00000
     1.00000   -4.18747    11.6150   -8.97408    1.00000    1.00000
     1.00000    6.82610   -4.71770    4.90796    1.00000    1.00000
     1.00000   -2.78773   -5.95041   -8.32342    1.00000    1.00000
     1.00000    13.6900   -1.96082    11.1943    1.00000    1.00000
     1.00000   -17.9117    11.3960    1.59637    1.00000    1.00000
     1.00000   -1.61591    2.05758    3.37782    1.00000    1.00000
     1.00000   -6.77591   0.570210   -8.92363    1.00000    1.00000
     1.00000    9.60596   -5.05086    5.52649    1.00000    1.00000
     1.00000    6.16112E-02    4.95539   -7.77649    1.00000    1.00000
     1.00000    1.08501   0.728764    2.42588    1.00000    1.00000
     1.00000   -6.15836   -7.60357   -7.63885    1.00000    1.00000
     1.00000    14.4454   -5.86739    7.75130    1.00000    1.00000
     1.00000   -16.5397    6.67924   -5.82005    1.00000    1.00000
     1.00000  -0.668978   -1.05695    11.6144    1.00000    1.00000
     1.00000   -1.83221   0.125536   -2.20135    1.00000    1.00000
     1.00000    9.27683   -5.46913    14.3496    1.00000    1.00000
     1.00000   -10.8360    9.24446   -9.57224    1.00000    1.00000
     1.00000    8.99107   -2.92223   -5.96046E-02    1.00000    1.00000
     1.00000   -5.77402   -1.71541   -11.6361    1.00000    1.00000
     1.00000    15.2074   -1.90064    12.4959    1.00000    1.00000
     1.00000   -17.5778    10.9918  -0.333704    1.00000    1.00000
     1.00000   -4.40726    3.69513    5.42677    1.00000    1.00000
     1.00000   -3.44267    1.17881   -7.95581    1.00000    1.00000
     1.00000    12.9890   -4.67138    5.45073    1.00000    1.00000
     1.00000  -0.894222    7.56907   -6.05609    1.00000    1.00000
     1.00000    2.71027   -1.60967   -1.03723    1.00000    1.00000
     1.00000   -5.41981   -8.89652   -11.0200    1.00000    1.00000
     1.00000    20.6221   -7.70866    8.74300    1.00000    1.00000
     1.00000   -12.2817    8.18784   -8.68141    1.00000    1.00000
     1.00000   -4.43368   -2.42578   10.03628    1.00000    1.00000
     1.00000    1.41869   -1.83883   -2.54692    1.00000    1.00000
     1.00000    6.56029   -6.00373    9.70384    1.00000    1.00000
     1.00000   -4.24986    9.09748   -7.86601    1.00000    1.00000
     1.00000    6.51874   -2.92734    2.03265    1.00000    1.00000
     1.00000   -4.18112   -4.51616   -8.36065    1.00000    1.00000
     1.00000    13.0034   -8.27084E-02    11.2287    1.00000    1.00000
     1.00000   -16.6553    13.9440   0.879347    1.00000    1.00000
     1.00000   -1.88521    3.86175    2.55779    1.00000    1.00000
     1.00000   -4.15211   -1.28269   -8.57490    1.00000    1.00000
     1.00000    6.56111   -6.22262    7.71585    1.00000    1.00000
     1.00000   0.573086    1.75998   -9.75344    1.00000    1.00000
     1.00000    1.71123   -1.92401   0.731804    1.00000    1.00000
     1.00000   -3.88742   -7.24359   -9.38093    1.00000    1.00000
     1.00000    16.6376   -4.35510    7.35276    1.00000    1.00000
     1.00000   -18.8515    8.94300   -3.45100    1.00000    1.00000
     1.00000   -4.53553   -1.67834    11.8886    1.00000    1.00000
     1.00000   -1.87534    1.30497   -6.71987    1.00000    1.00000
     1.00000    8.28524   -4.49644    12.9106    1.00000    1.00000
     1.00000   -8.39106    11.5188   -8.82850    1.00000    1.00000
     1.00000    10.5901   -4.12056    2.54517E-02    1.00000    1.00000
     1.00000   -6.28562   -3.31718  -10.55326    1.00000    1.00000
     1.00000    15.9567   -6.18589   10.12845    1.00000    1.00000
     1.00000   -18.2897    8.61194  -0.540850    1.00000    1.00000
     1.00000   -2.87582    1.80626    6.68596    1.00000    1.00000
     1.00000   -2.45736    2.34501   -11.1934    1.00000    1.00000
     1.00000    12.1931   -6.17543    7.22989    1.00000    1.00000
     1.00000   0.777706    6.69036   -5.39841    1.00000    1.00000
     1.00000    5.09672   -2.15030  -0.701355    1.00000    1.00000
     1.00000   -4.33536   -9.33582   -9.39796    1.00000    1.00000
     1.00000    17.1801   -7.94717    9.12163    1.00000    1.00000
     1.00000   -13.3149    7.88063   -5.14226    1.00000    1.00000
     1.00000   -4.97620   0.444792    8.30243    1.00000    1.00000
     1.00000  -0.249577  -0.505407   -1.15388    1.00000    1.00000
     1.00000    9.07903   -6.18440    11.9704    1.00000    1.00000
     1.00000   -5.66549   10.43257   -8.32811    1.00000    1.00000
     1.00000    6.14007   -4.61790    3.03195    1.00000    1.00000
     1.00000  -0.868572   -6.46676   -8.54754    1.00000    1.00000
     1.00000    11.8763   -2.77278    10.9686    1.00000    1.00000
     1.00000   -18.5323    9.49501    1.56165    1.00000    1.00000
     1.00000   0.370428    2.24767    3.51321    1.00000    1.00000
     1.00000   -5.33998   0.360083  -10.29984    1.00000    1.00000
     1.00000    10.8033   -3.72205    4.63168    1.00000    1.00000
     1.00000   0.119446    3.65263   -9.29288    1.00000    1.00000
     1.00000    1.46955   0.304941    4.34226    1.00000    1.00000
     1.00000   -7.96023   -7.75215   -6.78375    1.00000    1.00000
