     1.00000    9.40041   -6.99575  -10.49053    1.00000    1.00000
     1.00000   -8.74085    4.44491   0.780910    1.00000    1.00000
     1.00000   -1.06167    5.04234   -6.21821    1.00000    1.00000
     1.00000   -2.52908   -5.30548    11.4604    1.00000    1.00000
     1.00000    9.57166   -2.72992   -5.04411    1.00000    1.00000
     1.00000   -6.12798    3.38387   -1.33915    1.00000    1.00000
     1.00000    3.79338    6.27481   -7.10631    1.00000    1.00000
     1.00000   -6.16362   -1.25698    6.10115    1.00000    1.00000
     1.00000    3.74493   -7.59160   -9.35636    1.00000    1.00000
     1.00000   -8.65444   -1.67576    3.07750    1.00000    1.00000
     1.00000  -0.815630    2.57360   -3.29236    1.00000    1.00000
     1.00000   -6.98229   -3.04512    13.9577    1.00000    1.00000
     1.00000    13.1102   -3.68403    2.88801    1.00000    1.00000
     1.00000   -2.78085    1.95998    1.19032    1.00000    1.00000
     1.00000    3.32067    10.6059   -8.74796    1.00000    1.00000
     1.00000   -4.74919   0.411449    11.9957    1.00000    1.00000
     1.00000    7.77345   -2.73683  -10.09297    1.00000    1.00000
     1.00000   -11.1228    3.60317    4.83621    1.00000    1.00000
     1.00000   -2.86316    8.05242   -5.44205    1.00000    1.00000
     1.00000  -0.992138   -4.11738    14.6067    1.00000    1.00000
     1.00000    6.10674   -2.88605   -6.09954    1.00000    1.00000
     1.00000   -2.43082    3.96082    4.70352E-03    1.00000    1.00000
     1.00000    4.25152  -0.175503   -5.45258    1.00000    1.00000
     1.00000   -7.73914   -2.59188    12.1628    1.00000    1.00000
     1.00000    7.32248   -5.51272   -17.0688    1.00000    1.00000
     1.00000   -10.6108    1.41400    2.27472    1.00000    1.00000
     1.00000   -3.35793    3.16322   -5.09866    1.00000    1.00000
     1.00000   -4.76091   -9.74751    12.8493    1.00000    1.00000
     1.00000    9.78455   -2.41857   -1.73233    1.00000    1.00000
     1.00000   -1.78157   -1.28431    2.78913    1.00000    1.00000
     1.00000    6.36706    6.31663   -9.54115    1.00000    1.00000
     1.00000    6.01234E-02   0.129581    9.10148    1.00000    1.00000
     1.00000    8.31034   -5.38473   -7.05454    1.00000    1.00000
     1.00000   -10.8972    4.94180    1.45672    1.00000    1.00000
     1.00000   0.408695    4.26836   -7.52152    1.00000    1.00000
     1.00000   -1.56240   -7.28397    13.6509    1.00000    1.00000
     1.00000    11.4515   -2.08879   -4.80922    1.00000    1.00000
     1.00000   -4.19582    3.36937    1.29739    1.00000    1.00000
     1.00000    4.25908    4.23139   -7.89771    1.00000    1.00000
     1.00000   -6.03082  -0.596043    9.06525    1.00000    1.00000
     1.00000    5.66167   -6.92625   -11.4451    1.00000    1.00000
     1.00000   -7.98049   -3.55860    3.10391    1.00000    1.00000
     1.00000    1.89933    3.88992   -2.78953    1.00000    1.00000
     1.00000   -8.05862   -4.69385    14.3087    1.00000    1.00000
     1.00000    14.8653   -2.86255    1.83692    1.00000    1.00000
     1.00000   0.628708    3.67177    3.63486    1.00000    1.00000
     1.00000    5.74117    7.45049   -7.20037    1.00000    1.00000
     1.00000   -1.42289    2.34297    13.2996    1.00000    1.00000
     1.00000    7.41074   -4.40072   -11.1417    1.00000    1.00000
     1.00000  -10.01659    6.72727    1.64800    1.00000    1.00000
     1.00000    2.21532    9.44927   -7.54774    1.00000    1.00000
     1.00000   -4.23726   -3.58925    14.3149    1.00000    1.00000
     1.00000    3.46194   -3.64499   -7.89244    1.00000    1.00000
     1.00000   -1.34002    3.62804   -1.63829    1.00000    1.00000
     1.00000    4.58488    2.26109   -7.78921    1.00000    1.00000
     1.00000   -7.87058   -1.43344   10.53776    1.00000    1.00000
     1.00000    7.26123   -6.04893   -12.2647    1.00000    1.00000
     1.00000   -10.8154   -3.77224   0.560162    1.00000    1.00000
     1.00000   -2.85244    1.46239   -4.17580    1.00000    1.00000
     1.00000   -4.04808   -7.89327    12.6177    1.00000    1.00000
     1.00000    12.2103   -3.06417    1.02548    1.00000    1.00000
     1.00000   -2.91460    1.41824    3.40071    1.00000    1.00000
     1.00000    5.76652    5.54197   -7.79780    1.00000    1.00000
     1.00000   0.221760    2.86884    9.18914    1.00000    1.00000
     1.00000    8.83294   -5.90377   -8.91397    1.00000    1.00000
     1.00000   -8.08809    5.18960  -0.956718    1.00000    1.00000
     1.00000   -1.68432    6.49913   -4.99752    1.00000    1.00000
     1.00000   -2.45326   -3.50047    12.3184    1.00000    1.00000
     1.00000    7.71418   -2.69946   -4.30327    1.00000    1.00000
     1.00000   -6.09783    5.30975  -0.800556    1.00000    1.00000
     1.00000    1.80937    6.52718   -7.10682    1.00000    1.00000
     1.00000   -6.02034   0.363953    7.26392    1.00000    1.00000
     1.00000    1.81346   -7.76949   -8.86876    1.00000    1.00000
     1.00000   -7.66591   -1.34069    4.78353    1.00000    1.00000
     1.00000   0.446964    2.07793   -4.76211    1.00000    1.00000
     1.00000   -5.41677   -3.26491    12.7326    1.00000    1.00000
     1.00000    12.5027   -4.98580    1.49648    1.00000    1.00000
     1.00000   -2.43487    3.22811    2.69768    1.00000    1.00000
     1.00000    3.90136    10.9058   -6.85776    1.00000    1.00000
     1.00000   -3.96389    1.55315   10.55357    1.00000    1.00000
     1.00000    8.52335   -3.94137   -8.68346    1.00000    1.00000
     1.00000   -11.4965    5.54060    4.50949    1.00000    1.00000
     1.00000   -1.09146    8.50437   -6.25248    1.00000    1.00000
     1.00000  -0.108940   -5.61384    13.6165    1.00000    1.00000
     1.00000    7.91930   -3.72637   -6.00721    1.00000    1.00000
     1.00000   -2.67020    5.11623    1.61955    1.00000    1.00000
     1.00000    3.21615  -0.709713   -7.07820    1.00000    1.00000
     1.00000   -7.75874   -4.48487    11.5176    1.00000    1.00000
     1.00000    6.72786   -4.46287   -15.4737    1.00000    1.00000
     1.00000   -9.90752  -0.451263    2.11293    1.00000    1.00000
     1.00000   -3.05140    3.56948   -7.03283    1.00000    1.00000
     1.00000   -5.96844   -11.2362    13.4200    1.00000    1.00000
     1.00000    8.00157   -3.07250   -2.35950    1.00000    1.00000
     1.00000   -1.64730  -0.752953   0.865692    1.00000    1.00000
     1.00000    5.27450    6.43047   -11.2125    1.00000    1.00000
     1.00000  -0.659470   0.882656    10.8088    1.00000    1.00000
     1.00000   10.22092   -5.94946   -6.87916    1.00000    1.00000
     1.00000  -10.12175    3.10318    1.32210    1.00000    1.00000
     1.00000  -0.516979    3.11850   -6.17209    1.00000    1.00000
     1.00000   -1.08192   -6.63830    11.8200    1.00000    1.00000
     1.00000    11.5466   -2.65489   -6.72507    1.00000    1.00000
     1.00000   -4.29956    4.62367  -0.256954    1.00000    1.00000
     1.00000    2.34673    4.81092   -7.98187    1.00000    1.00000
     1.00000   -6.15918    1.39758    8.97048    1.00000    1.00000
     1.00000    3.83071   -7.72534   -11.3500    1.00000    1.00000
     1.00000   -7.30878   -3.92800    1.25666    1.00000    1.00000
     1.00000    1.06300    2.07347   -2.82266    1.00000    1.00000
     1.00000   -6.91881   -6.32857    14.1399    1.00000    1.00000
     1.00000    14.4931   -4.79227    1.46594    1.00000    1.00000
     1.00000  -0.639973    3.87960    2.10278    1.00000    1.00000
     1.00000    4.52836    9.04073   -7.21603    1.00000    1.00000
     1.00000   -2.25471    1.83106    11.5543    1.00000    1.00000
     1.00000    8.81615   -3.95538   -12.4932    1.00000    1.00000
     1.00000   -9.83054    5.94842    3.48069    1.00000    1.00000
     1.00000   0.545986    8.35889   -7.39161    1.00000    1.00000
     1.00000   -2.70962   -4.78537    13.8295    1.00000    1.00000
     1.00000    4.59375   -2.15569   -7.18464    1.00000    1.00000
     1.00000   -1.90313    5.53789   -1.82642    1.00000    1.00000
     1.00000    4.38116   0.342804   -8.31712    1.00000    1.00000
     1.00000   -6.37228  -0.189499    10.9935    1.00000    1.00000
     1.00000    7.75703   -5.53031   -14.1316    1.00000    1.00000
     1.00000   -10.5883   -1.80001   0.802402    1.00000    1.00000
     1.00000   -2.73062    3.03685   -2.94852    1.00000    1.00000
     1.00000   -5.97408   -7.36264    12.7122    1.00000    1.00000
     1.00000   10.54505   -2.42988   0.117405    1.00000    1.00000
     1.00000   -3.53595  -0.480858    3.31508    1.00000    1.00000
     1.00000    7.71914    5.11389   -7.86115    1.00000    1.00000
     1.00000  -0.397747    2.84533    11.0906    1.00000    1.00000
