     1.00000   -1.62320   -8.23939    11.9526    1.00000    1.00000
     1.00000    6.95806    7.88490   -9.70646    1.00000    1.00000
     1.00000  -0.314457    4.24187    3.29431    1.00000    1.00000
     1.00000   0.268494    12.7777   -6.39350    1.00000    1.00000
     1.00000   -2.12292   -16.1445    15.1185    1.00000    1.00000
     1.00000   -1.45109    12.5783   -16.5504    1.00000    1.00000
     1.00000  -0.420193   -8.10460    3.39645    1.00000    1.00000
     1.00000    2.65378    6.71609    3.02527    1.00000    1.00000
     1.00000   -2.32421   -12.5238    5.97680    1.00000    1.00000
     1.00000  -0.742512    8.46994   -13.5717    1.00000    1.00000
     1.00000   -2.86732   -1.35471   0.199211    1.00000    1.00000
     1.00000    4.33085    9.62544  -0.119402    1.00000    1.00000
     1.00000   -2.73723   -14.7961    11.1025    1.00000    1.00000
     1.00000    5.52565    9.43845   -13.6013    1.00000    1.00000
     1.00000   0.251839  -10.34689   -3.03880    1.00000    1.00000
     1.00000    5.20980    10.7169    5.00163    1.00000    1.00000
     1.00000    1.93333   -6.24582    8.09398    1.00000    1.00000
     1.00000    5.86818    7.03588   -11.1526    1.00000    1.00000
     1.00000   -3.08793   -3.67100    2.79379    1.00000    1.00000
     1.00000   0.744411    8.94130   -2.74943    1.00000    1.00000
     1.00000   -3.91697   -17.2740    14.6129    1.00000    1.00000
     1.00000    4.82258    13.2678   -18.1418    1.00000    1.00000
     1.00000   -1.56924   -7.33488  -0.192711    1.00000    1.00000
     1.00000    1.79871   0.385593    7.11491    1.00000    1.00000
     1.00000   -2.35381   -10.7220    7.51742    1.00000    1.00000
     1.00000   -5.60621    8.69188   -12.0464    1.00000    1.00000
     1.00000   -8.50687   -8.20389E-02    2.42377    1.00000    1.00000
     1.00000    2.42357    6.02532   -3.02579    1.00000    1.00000
     1.00000   -2.80096   -12.0228    17.7422    1.00000    1.00000
     1.00000    3.70100    12.8350   -12.4508    1.00000    1.00000
     1.00000   -1.26170   -13.7022    1.69435    1.00000    1.00000
     1.00000  -0.268272    9.92108    2.01136    1.00000    1.00000
     1.00000   0.504848   -9.03892    13.4492    1.00000    1.00000
     1.00000    7.92397    9.53445   -9.11824    1.00000    1.00000
     1.00000   -4.34293    1.03569E-01    4.39357    1.00000    1.00000
     1.00000    2.76737    9.99819   -6.43548    1.00000    1.00000
     1.00000   -1.98089   -14.1797    15.4645    1.00000    1.00000
     1.00000   -6.17409E-02    9.16273   -16.6846    1.00000    1.00000
     1.00000    2.17698   -9.51456    2.76593    1.00000    1.00000
     1.00000    1.72511    5.48277    4.29668    1.00000    1.00000
     1.00000   -3.58245  -10.31165    5.13546    1.00000    1.00000
     1.00000    2.90253    7.94761   -13.8383    1.00000    1.00000
     1.00000   -1.61548   -2.46243  -0.898903    1.00000    1.00000
     1.00000    3.71120    9.87738   -2.13611    1.00000    1.00000
     1.00000   -4.93361   -11.3203    14.5127    1.00000    1.00000
     1.00000    3.72366   10.30017   -13.4999    1.00000    1.00000
     1.00000    1.13985   -12.4569   -1.08553    1.00000    1.00000
     1.00000    2.58220    8.65468   0.107588    1.00000    1.00000
     1.00000  -0.289803   -7.84920    7.89138    1.00000    1.00000
     1.00000    4.82674    8.54295   -11.9552    1.00000    1.00000
     1.00000   -4.65165   -1.55514    5.46752    1.00000    1.00000
     1.00000   0.353600   10.02061   -4.38723    1.00000    1.00000
     1.00000   -2.17693   -20.0656    14.6317    1.00000    1.00000
     1.00000    1.56142    11.0875   -15.3397    1.00000    1.00000
     1.00000  -0.944408   -9.87068   0.613544    1.00000    1.00000
     1.00000   0.754585    1.15395    3.33756    1.00000    1.00000
     1.00000   -2.74640   -13.8793    8.03124    1.00000    1.00000
     1.00000   -3.61919    9.21910   -12.0742    1.00000    1.00000
     1.00000   -6.78513   0.614681    3.16553    1.00000    1.00000
     1.00000   -4.29688E-02    6.71087   -3.78644    1.00000    1.00000
     1.00000   -4.06535   -8.17096    15.1595    1.00000    1.00000
     1.00000    8.84018E-02    13.0488   -8.36691    1.00000    1.00000
     1.00000   -1.80836   -13.3803  -0.202377    1.00000    1.00000
     1.00000    1.70692   10.21758    2.11487    1.00000    1.00000
     1.00000  -0.879807   -9.14882   10.33392    1.00000    1.00000
     1.00000    7.09942    5.92101   -9.35553    1.00000    1.00000
     1.00000   -1.79239    2.89835    3.39762    1.00000    1.00000
     1.00000    1.15798    11.0565   -5.89715    1.00000    1.00000
     1.00000   -1.79677   -17.0015    16.8959    1.00000    1.00000
     1.00000   -1.50418    14.5450   -16.1908    1.00000    1.00000
     1.00000   0.269833   -9.52025    2.16365    1.00000    1.00000
     1.00000    3.46986    5.16210    2.06657    1.00000    1.00000
     1.00000   -1.34676   -13.4076    4.47234    1.00000    1.00000
     1.00000   0.298275    9.09974   -11.9842    1.00000    1.00000
     1.00000   -4.09726  -0.474789    1.50802    1.00000    1.00000
     1.00000    4.03474    8.07055   -1.34196    1.00000    1.00000
     1.00000   -3.87495   -14.6447    12.7404    1.00000    1.00000
     1.00000    7.13622    8.59129   -14.4310    1.00000    1.00000
     1.00000   0.402748   -10.5979   -1.06036    1.00000    1.00000
     1.00000    4.06335    9.97197    3.54191    1.00000    1.00000
     1.00000   0.555016   -6.51042    6.66912    1.00000    1.00000
     1.00000    4.98228    8.32663   -9.90796    1.00000    1.00000
     1.00000   -2.97571   -4.98573    4.29675    1.00000    1.00000
     1.00000    2.57814    8.44399   -3.37404    1.00000    1.00000
     1.00000   -2.39866   -18.2600    15.4628    1.00000    1.00000
     1.00000    5.03456    12.0021   -16.6078    1.00000    1.00000
     1.00000   -2.01392   -5.49775  -0.846298    1.00000    1.00000
     1.00000    1.38211   0.747253    5.19250    1.00000    1.00000
     1.00000   -2.33136   -12.1402    8.92750    1.00000    1.00000
     1.00000   -4.44542    8.24316   -13.6120    1.00000    1.00000
     1.00000   -9.82050    1.29366    1.80585    1.00000    1.00000
     1.00000    4.07761    7.14612   -3.11497    1.00000    1.00000
     1.00000   -3.65626   -11.3857    16.0503    1.00000    1.00000
     1.00000    2.40924    14.0043   -11.4690    1.00000    1.00000
     1.00000   -1.89049   -12.2590    2.92799    1.00000    1.00000
     1.00000   0.619034    9.88314   0.219362    1.00000    1.00000
     1.00000   0.207169  -10.05072    11.7499    1.00000    1.00000
     1.00000    8.62236    8.29045   -7.71656    1.00000    1.00000
     1.00000   -2.79504    1.20998    3.77719    1.00000    1.00000
     1.00000    1.50216    9.85099   -7.97742    1.00000    1.00000
     1.00000   -3.21085   -13.8357    17.0036    1.00000    1.00000
     1.00000   -4.45480E-02    11.1566   -16.5297    1.00000    1.00000
     1.00000    4.12180   -9.12535    3.02326    1.00000    1.00000
     1.00000    1.37917    4.85931    2.42809    1.00000    1.00000
     1.00000   -1.67805   -10.6620    5.63599    1.00000    1.00000
     1.00000    1.12301    7.58692   -12.9997    1.00000    1.00000
     1.00000   -2.60983   -3.89318   -1.88084    1.00000    1.00000
     1.00000    2.96747    11.5769   -1.38881    1.00000    1.00000
     1.00000   -4.19971   -13.0990    13.9673    1.00000    1.00000
     1.00000    2.59805    11.9171   -13.8440    1.00000    1.00000
     1.00000   0.268318   -13.4143   0.438908    1.00000    1.00000
     1.00000    3.50509    9.44998    1.69370    1.00000    1.00000
     1.00000  -0.893417   -9.68486    8.40714    1.00000    1.00000
     1.00000    4.01219    6.83451   -12.6015    1.00000    1.00000
     1.00000   -3.55270   -2.99370    4.61732    1.00000    1.00000
     1.00000   -1.09546    11.3933   -4.26082    1.00000    1.00000
     1.00000   -4.10284   -20.5453    14.3853    1.00000    1.00000
     1.00000    3.21197    12.1219   -15.7931    1.00000    1.00000
     1.00000   0.164097   -8.29828    6.69403E-02    1.00000    1.00000
     1.00000    1.36818    2.86042    2.49408    1.00000    1.00000
     1.00000   -3.58240   -13.5224    9.81275    1.00000    1.00000
     1.00000   -2.59648    9.18687   -13.7926    1.00000    1.00000
     1.00000   -4.87897   0.956467    2.66579    1.00000    1.00000
     1.00000   0.824192    4.92906   -3.51589    1.00000    1.00000
     1.00000   -3.72730   -9.47521    16.6376    1.00000    1.00000
     1.00000    1.19179    13.6536   -9.92148    1.00000    1.00000
     1.00000   -1.87075   -11.6359   0.773945    1.00000    1.00000
     1.00000    1.70729    8.21761    2.10356    1.00000    1.00000
