     1.00000   -1.70810   -12.9739    15.3988    1.00000    1.00000
     1.00000   10.07722    15.8264   -12.9401    1.00000    1.00000
     1.00000   -6.18699   -7.81188    8.44908    1.00000    1.00000
     1.00000   -8.49539  -0.107727    1.48780    1.00000    1.00000
     1.00000   -8.11726   -12.2110    16.3385    1.00000    1.00000
     1.00000    18.3847    7.14056   -20.8582    1.00000    1.00000
     1.00000   -3.87877   -13.7055    3.65574    1.00000    1.00000
     1.00000   -1.92779    6.94850   -8.21972    1.00000    1.00000
     1.00000    1.33302   -3.54282    11.5374    1.00000    1.00000
     1.00000    7.96826    13.8384  -10.11645    1.00000    1.00000
     1.00000  -0.380981   -8.57411    6.24964    1.00000    1.00000
     1.00000   -12.4215   -1.62586    3.52533    1.00000    1.00000
     1.00000   -2.08986   -12.0079    12.3448    1.00000    1.00000
     1.00000    15.8516    17.8120   -17.3564    1.00000    1.00000
     1.00000   -7.82905   -10.6224    7.99504    1.00000    1.00000
     1.00000   0.758442    6.19558  -10.05605    1.00000    1.00000
     1.00000   -1.17712   -7.40261    13.6582    1.00000    1.00000
     1.00000    9.12260    16.2748  -10.34798    1.00000    1.00000
     1.00000   -6.66865   -4.57086    5.32663    1.00000    1.00000
     1.00000   -8.60352    2.85769   -3.58156    1.00000    1.00000
     1.00000   -4.08307   -11.6837    15.6606    1.00000    1.00000
     1.00000    20.0568    9.79963   -20.2682    1.00000    1.00000
     1.00000   -4.74670   -13.5721    5.98117    1.00000    1.00000
     1.00000  -0.919376    3.43618   -6.14871    1.00000    1.00000
     1.00000  -0.760719   -1.09596    8.05882    1.00000    1.00000
     1.00000    4.59394    18.1486   -8.68806    1.00000    1.00000
     1.00000   -2.47155   -7.51063    5.04033    1.00000    1.00000
     1.00000   -9.90388  -0.597515    6.00642    1.00000    1.00000
     1.00000   -4.59343   -9.27236    16.1183    1.00000    1.00000
     1.00000    15.4556    16.2659   -18.5617    1.00000    1.00000
     1.00000   -4.16770   -9.70925    7.68798    1.00000    1.00000
     1.00000    2.61988    9.36263   -11.0696    1.00000    1.00000
     1.00000  -0.529041   -8.94823    12.5669    1.00000    1.00000
     1.00000    12.1702    17.5476   -16.7677    1.00000    1.00000
     1.00000   -4.83638   -6.76870    5.72319    1.00000    1.00000
     1.00000   -8.71483  -0.828377   -2.32656    1.00000    1.00000
     1.00000   -7.51913  -10.11636    13.9170    1.00000    1.00000
     1.00000    19.3802    8.51094   -17.4331    1.00000    1.00000
     1.00000   -2.81705   -15.0188    4.72725    1.00000    1.00000
     1.00000   -5.69093    4.30476   -6.21186    1.00000    1.00000
     1.00000    3.34993   -2.73479    9.13611    1.00000    1.00000
     1.00000    5.23892    14.8497   -9.11524    1.00000    1.00000
     1.00000   -2.85705   -9.30957    5.82467    1.00000    1.00000
     1.00000   -11.1090   -2.26442    1.37704    1.00000    1.00000
     1.00000   -2.36782   -14.5033    13.7370    1.00000    1.00000
     1.00000    17.4663    16.9718   -18.1851    1.00000    1.00000
     1.00000   -8.19604   -9.50995    9.61608    1.00000    1.00000
     1.00000  -0.499447    4.23136   -8.97577    1.00000    1.00000
     1.00000  -0.490238   -3.05417    12.1985    1.00000    1.00000
     1.00000    8.33110    16.7104   -12.5283    1.00000    1.00000
     1.00000   -8.62243   -2.38330    4.72271    1.00000    1.00000
     1.00000   -7.66731    4.02409   -6.33484    1.00000    1.00000
     1.00000   -5.41968   -11.5639    17.1436    1.00000    1.00000
     1.00000    16.9041   10.30637   -18.0271    1.00000    1.00000
     1.00000   -5.58965   -16.7363    5.51371    1.00000    1.00000
     1.00000   -2.21071    4.96883   -8.24933    1.00000    1.00000
     1.00000   -1.27181   -2.93710    5.89569    1.00000    1.00000
     1.00000    7.76968    17.2105   -8.34558    1.00000    1.00000
     1.00000   -1.47784   -4.89621    5.54987    1.00000    1.00000
     1.00000   -13.0624   0.907413    3.92734    1.00000    1.00000
     1.00000   -4.80490   -11.6689    13.7955    1.00000    1.00000
     1.00000    16.9831    12.2820   -17.7259    1.00000    1.00000
     1.00000   -6.25533   -11.6708    5.63772    1.00000    1.00000
     1.00000    2.12169    11.2370   -10.5812    1.00000    1.00000
     1.00000  -0.489391   -11.9589    14.1804    1.00000    1.00000
     1.00000   10.31067    14.8058   -14.6441    1.00000    1.00000
     1.00000   -4.88861   -6.48644    7.70249    1.00000    1.00000
     1.00000   -7.96592    1.16557    3.92246E-02    1.00000    1.00000
     1.00000   -9.77999   -11.3132    16.9937    1.00000    1.00000
     1.00000    20.2033    7.80710   -20.3597    1.00000    1.00000
     1.00000   -2.28048   -12.5140    3.81636    1.00000    1.00000
     1.00000   -3.69500    7.52887   -7.48477    1.00000    1.00000
     1.00000    2.25705   -2.00941    10.6459    1.00000    1.00000
     1.00000    7.11924    14.6090   -8.47774    1.00000    1.00000
     1.00000   -1.83420   -9.07871    7.52774    1.00000    1.00000
     1.00000   -13.0620   -2.38732    1.79042    1.00000    1.00000
     1.00000   -2.29260  -10.28812    11.3441    1.00000    1.00000
     1.00000    14.0559    18.1791   -16.5558    1.00000    1.00000
     1.00000   -6.49547   -9.96660    6.65656    1.00000    1.00000
     1.00000    2.02225    5.99943   -11.5937    1.00000    1.00000
     1.00000   -2.15789   -5.66009    13.6171    1.00000    1.00000
     1.00000    7.20572    16.4075   -10.9029    1.00000    1.00000
     1.00000   -8.14319   -4.19661    4.02829    1.00000    1.00000
     1.00000   -7.88619    2.99314   -1.71955    1.00000    1.00000
     1.00000   -4.47911   -13.3638    16.6708    1.00000    1.00000
     1.00000    19.3657    11.6716   -20.4031    1.00000    1.00000
     1.00000   -5.09916   -14.6151    7.65090    1.00000    1.00000
     1.00000   -2.59491    3.29088   -7.23106    1.00000    1.00000
     1.00000   0.511639  -0.557068    6.61290    1.00000    1.00000
     1.00000    3.32256    17.3851   -7.34617    1.00000    1.00000
     1.00000   -2.48005   -5.76979    4.05573    1.00000    1.00000
     1.00000   -11.7071  -0.699074    5.14729    1.00000    1.00000
     1.00000   -3.52348   -9.81724    14.5188    1.00000    1.00000
     1.00000    15.0863    14.3984   -17.9483    1.00000    1.00000
     1.00000   -3.23406   -11.4779    7.68194    1.00000    1.00000
     1.00000    1.48148    8.06028  -10.06568    1.00000    1.00000
     1.00000   0.362309   -10.7131    12.8679    1.00000    1.00000
     1.00000    11.3977    16.3006   -15.4081    1.00000    1.00000
     1.00000   -5.44493   -5.65671    4.17621    1.00000    1.00000
     1.00000   -8.54917    1.11248   -1.87311    1.00000    1.00000
     1.00000   -8.94889   -11.1444    14.8652    1.00000    1.00000
     1.00000    20.9890    8.38874   -18.6149    1.00000    1.00000
     1.00000   -3.95434   -15.6375    6.25161    1.00000    1.00000
     1.00000   -4.69375    5.92320   -6.83337    1.00000    1.00000
     1.00000    1.88981   -2.89178    7.77840    1.00000    1.00000
     1.00000    4.35322    13.3098  -10.03407    1.00000    1.00000
     1.00000   -3.66778   -7.90222    6.99175    1.00000    1.00000
     1.00000  -10.35185  -0.490040   0.849535    1.00000    1.00000
     1.00000   -3.06750   -12.6441    13.9694    1.00000    1.00000
     1.00000    17.1135    18.0705   -19.8186    1.00000    1.00000
     1.00000   -9.68066  -10.24757    10.7349    1.00000    1.00000
     1.00000    1.45909    4.48554   -9.29128    1.00000    1.00000
     1.00000  -0.408504   -4.79534    13.1791    1.00000    1.00000
     1.00000    8.41561    14.8586   -11.7775    1.00000    1.00000
     1.00000   -8.42281   -1.03680    3.25740    1.00000    1.00000
     1.00000   -7.96935    2.28714   -5.39051    1.00000    1.00000
     1.00000   -7.26120   -10.9851    17.6668    1.00000    1.00000
     1.00000    18.6564    9.78858   -18.8403    1.00000    1.00000
     1.00000   -5.00097   -15.0354    4.64170    1.00000    1.00000
     1.00000   -4.13617    5.26324   -8.70316    1.00000    1.00000
     1.00000   -9.21211E-02   -2.89931    7.51028    1.00000    1.00000
     1.00000    5.85991    16.6222   -8.42777    1.00000    1.00000
     1.00000   0.348606   -4.93258    6.36398    1.00000    1.00000
     1.00000   -11.0799   0.664173    3.82513    1.00000    1.00000
     1.00000   -5.51619   -9.88806    14.3637    1.00000    1.00000
     1.00000    16.2467    13.3846   -19.2232    1.00000    1.00000
     1.00000   -4.28672   -11.6257    5.98782    1.00000    1.00000
     1.00000    3.79090    11.4654   -9.50344    1.00000    1.00000
