     1.00000   -7.77198   -6.46345   -17.9759    1.00000    1.00000
     1.00000    9.66781   -1.81741    8.03629    1.00000    1.00000
     1.00000   -14.0660    5.35595    6.69090    1.00000    1.00000
     1.00000    1.21933   -5.32796    6.45593    1.00000    1.00000
     1.00000   -11.7186    1.44126   -6.07682    1.00000    1.00000
     1.00000    14.8583    2.31067  -0.231915    1.00000    1.00000
     1.00000   -2.03582    2.31554    7.81898E-02    1.00000    1.00000
     1.00000   -1.89580   -1.00727    5.03524    1.00000    1.00000
     1.00000   -6.40740   0.629471   -10.8509    1.00000    1.00000
     1.00000    14.1704   0.740471    3.03592    1.00000    1.00000
     1.00000   -9.29888    6.40885    6.48488    1.00000    1.00000
     1.00000    7.15906   -3.14370    8.86870    1.00000    1.00000
     1.00000   -5.58627    2.86873   -3.22729    1.00000    1.00000
     1.00000    17.5023   -1.72241   -4.97561    1.00000    1.00000
     1.00000   -4.76878   0.654850  -0.225307    1.00000    1.00000
     1.00000   -1.06245   -6.14376    4.30043    1.00000    1.00000
     1.00000   -9.48388   -3.63030   -19.1584    1.00000    1.00000
     1.00000    8.83648    1.83257    6.58795    1.00000    1.00000
     1.00000   -11.1793    2.58547   0.998020    1.00000    1.00000
     1.00000    1.13379   -4.99862    8.89231    1.00000    1.00000
     1.00000   -7.30958    1.47470   -9.27880    1.00000    1.00000
     1.00000    12.4551    8.71172   -3.03999    1.00000    1.00000
     1.00000  -0.265549    4.34894    4.19791    1.00000    1.00000
     1.00000   -1.55798   -2.66920    7.12674    1.00000    1.00000
     1.00000   -4.48438   -3.33742   -16.1606    1.00000    1.00000
     1.00000    13.2303    3.30731   0.365170    1.00000    1.00000
     1.00000   -7.79375    5.20349    1.26989    1.00000    1.00000
     1.00000    6.03530   -5.13742    9.31926    1.00000    1.00000
     1.00000   -8.44791    1.57369   -4.43337    1.00000    1.00000
     1.00000    17.3208    1.36563   -3.44616    1.00000    1.00000
     1.00000   -4.16113    1.89129    3.27135    1.00000    1.00000
     1.00000   0.377014   -8.73772    12.5952    1.00000    1.00000
     1.00000   -9.02964   -6.88295   -20.0180    1.00000    1.00000
     1.00000    11.4239   -1.24085    7.27234    1.00000    1.00000
     1.00000   -12.6618    6.42221    4.26284    1.00000    1.00000
     1.00000    2.33951   -4.88929    4.85819    1.00000    1.00000
     1.00000   -7.15701  -0.790396   -7.45593    1.00000    1.00000
     1.00000    14.1125    3.69637   -1.46627    1.00000    1.00000
     1.00000   -3.32646  -0.842510    1.89075    1.00000    1.00000
     1.00000   -2.81102   -2.22946    3.74349    1.00000    1.00000
     1.00000   -7.36762   -2.71028   -12.7351    1.00000    1.00000
     1.00000    11.9403    1.01495    7.13877    1.00000    1.00000
     1.00000   -8.39801    7.01175    1.87411    1.00000    1.00000
     1.00000    3.58606   -2.42325    8.89914    1.00000    1.00000
     1.00000   -4.23780    3.43512   -1.86316    1.00000    1.00000
     1.00000    17.2719   0.444576   -5.22078    1.00000    1.00000
     1.00000   -7.64214   0.415438   -1.73655    1.00000    1.00000
     1.00000  -0.591988   -6.89779    7.59908    1.00000    1.00000
     1.00000   -8.82901   -4.15432   -21.8886    1.00000    1.00000
     1.00000    6.92052    3.49261    5.45650    1.00000    1.00000
     1.00000   -12.1635    5.21393    2.74899    1.00000    1.00000
     1.00000    1.70301   -3.08509    8.77234    1.00000    1.00000
     1.00000   -4.15055    2.46799   -8.26056    1.00000    1.00000
     1.00000    16.1753    5.23299   -1.46758    1.00000    1.00000
     1.00000   -2.42759    4.10077   0.890282    1.00000    1.00000
     1.00000   -3.70755  -0.747559    7.21796    1.00000    1.00000
     1.00000   -7.50002   -3.02644   -15.9926    1.00000    1.00000
     1.00000    14.4200    4.43438    3.63152    1.00000    1.00000
     1.00000   -6.65532    4.48819    2.75053    1.00000    1.00000
     1.00000    3.26191   -4.01019    7.72587    1.00000    1.00000
     1.00000   -5.82203   -1.29646   -5.03136    1.00000    1.00000
     1.00000    16.0401   0.742672   -2.04194    1.00000    1.00000
     1.00000   -5.06441    1.58257    5.02884    1.00000    1.00000
     1.00000  -0.376579   -8.54822    8.70799    1.00000    1.00000
     1.00000   -6.13247   -5.94631   -16.9539    1.00000    1.00000
     1.00000    8.42343   -3.20996    7.32050    1.00000    1.00000
     1.00000   -14.3516    7.18751    5.94002    1.00000    1.00000
     1.00000   0.611282   -3.55955    7.16515    1.00000    1.00000
     1.00000  -10.23255   0.879696   -7.29182    1.00000    1.00000
     1.00000    13.5495    1.26694   -1.32637    1.00000    1.00000
     1.00000   -2.22688   0.692127    1.23058    1.00000    1.00000
     1.00000   -2.77216   0.464924    4.00342    1.00000    1.00000
     1.00000   -6.85956   -1.19610   -11.5313    1.00000    1.00000
     1.00000    14.8344   0.732063    4.92245    1.00000    1.00000
     1.00000   -8.32993    6.70943    4.76129    1.00000    1.00000
     1.00000    6.06017   -2.40248    7.37102    1.00000    1.00000
     1.00000   -7.37640    2.07494   -2.82072    1.00000    1.00000
     1.00000    15.8944   -1.29948   -3.86392    1.00000    1.00000
     1.00000   -3.59853    1.19942   -1.75304    1.00000    1.00000
     1.00000   0.155884   -6.68793    2.81063    1.00000    1.00000
     1.00000   -8.38606   -4.99250   -20.1276    1.00000    1.00000
     1.00000    8.75633   0.200003    5.43542    1.00000    1.00000
     1.00000   -10.6349    4.33068    1.80912    1.00000    1.00000
     1.00000    1.37240   -6.77719    8.00927    1.00000    1.00000
     1.00000   -7.41366    3.30886   -8.48822    1.00000    1.00000
     1.00000    13.7080    8.20799   -1.56464    1.00000    1.00000
     1.00000   -1.16848    4.40461    2.41420    1.00000    1.00000
     1.00000   -1.13718   -4.48679    7.84737    1.00000    1.00000
     1.00000   -6.09655   -4.41408   -15.6690    1.00000    1.00000
     1.00000    14.1448    2.37031    1.87706    1.00000    1.00000
     1.00000   -9.05936    5.04798    2.81068    1.00000    1.00000
     1.00000    5.53784   -6.30124    10.8678    1.00000    1.00000
     1.00000   -7.75627  -0.271429   -4.09106    1.00000    1.00000
     1.00000    17.9456    1.26215   -1.54908    1.00000    1.00000
     1.00000   -4.64149   0.659580    1.77063    1.00000    1.00000
     1.00000    3.32260E-02   -8.90737    10.6323    1.00000    1.00000
     1.00000   -9.66482   -7.08995   -18.1329    1.00000    1.00000
     1.00000   10.11752   0.227148    6.90049    1.00000    1.00000
     1.00000   -14.0966    7.79972    4.05318    1.00000    1.00000
     1.00000    1.31969   -4.97103    3.13968    1.00000    1.00000
     1.00000   -8.60249   0.305454   -8.29837    1.00000    1.00000
     1.00000    14.4958    5.33554  -0.386379    1.00000    1.00000
     1.00000   -4.25227  -0.836487    3.66355    1.00000    1.00000
     1.00000   -4.19096   -3.32095    4.69450    1.00000    1.00000
     1.00000   -5.93845   -3.42327   -13.9389    1.00000    1.00000
     1.00000    13.5732    1.64998    6.17410    1.00000    1.00000
     1.00000   -7.26188    7.68147    3.37766    1.00000    1.00000
     1.00000    5.39656   -2.69905    9.70290    1.00000    1.00000
     1.00000   -4.71791    5.01835   -2.98693    1.00000    1.00000
     1.00000    15.3708  -0.146591   -5.41206    1.00000    1.00000
     1.00000   -6.52399  -0.303755  -0.242386    1.00000    1.00000
     1.00000  -0.752121   -5.50698    6.17079    1.00000    1.00000
     1.00000   -8.38412   -2.40568   -22.7513    1.00000    1.00000
     1.00000    6.96707    2.33737    7.08845    1.00000    1.00000
     1.00000   -12.6297    4.43527   0.966778    1.00000    1.00000
     1.00000   0.387566   -3.00014   10.27647    1.00000    1.00000
     1.00000   -5.64591    1.14048   -8.22026    1.00000    1.00000
     1.00000    15.3172    7.02642   -1.68506    1.00000    1.00000
     1.00000   -3.66060    3.87306    2.44843    1.00000    1.00000
     1.00000   -1.72057  -0.679825    7.00045    1.00000    1.00000
     1.00000   -6.71850   -1.47176   -16.9786    1.00000    1.00000
     1.00000    13.6627    4.64049    1.79193    1.00000    1.00000
     1.00000   -6.41160    5.29580    4.56392    1.00000    1.00000
     1.00000    5.06998   -4.85436    7.59066    1.00000    1.00000
     1.00000   -7.70686   -1.49978   -5.66862    1.00000    1.00000
     1.00000    14.8762   -5.48286E-02  -0.624428    1.00000    1.00000
     1.00000   -5.56107    3.51471    4.88688    1.00000    1.00000
     1.00000    1.08660   -9.86871    9.04771    1.00000    1.00000
