     1.00000   -9.46474    3.03841   -9.20047    1.00000    1.00000
     1.00000    4.71855   -6.24257    2.71186    1.00000    1.00000
     1.00000   -6.91590   -5.27800    4.26505    1.00000    1.00000
     1.00000    9.45179    1.93336   -7.26657    1.00000    1.00000
     1.00000   -6.96688    3.94909   -1.92353    1.00000    1.00000
     1.00000    1.15232   -2.07452   -2.46074    1.00000    1.00000
     1.00000   -3.03868  -0.665779    3.04202    1.00000    1.00000
     1.00000    8.85177    6.57422    3.59616    1.00000    1.00000
     1.00000   -6.94995    3.46465   -9.84372    1.00000    1.00000
     1.00000    4.33857   -3.17057   0.256130    1.00000    1.00000
     1.00000    1.55076   -4.02323   10.35905    1.00000    1.00000
     1.00000    8.32946   -1.98471   -4.07914    1.00000    1.00000
     1.00000   -5.06000   -5.97992E-02  -0.216305    1.00000    1.00000
     1.00000    1.63800   -2.40695    2.58283    1.00000    1.00000
     1.00000   -3.77950   0.873802    8.65509    1.00000    1.00000
     1.00000   10.11912   -1.69651    3.67241E-02    1.00000    1.00000
     1.00000   -14.6321    2.04937   -15.6379    1.00000    1.00000
     1.00000    4.76410   -3.94985    2.04824    1.00000    1.00000
     1.00000   -3.33570   -5.65625    8.36700    1.00000    1.00000
     1.00000    11.2787    2.59167   -15.1224    1.00000    1.00000
     1.00000   -8.81609    6.42099   -3.16441    1.00000    1.00000
     1.00000  -0.663189   -3.12253   -5.85170    1.00000    1.00000
     1.00000   -1.72436   0.409676    5.52214    1.00000    1.00000
     1.00000    7.76582   -1.20520    7.77878    1.00000    1.00000
     1.00000   -4.87183    3.28148   -8.15536    1.00000    1.00000
     1.00000    4.65848    3.99626   -1.59417    1.00000    1.00000
     1.00000  -0.901844   -4.59412    13.3595    1.00000    1.00000
     1.00000    8.04104    2.45949   -5.95015    1.00000    1.00000
     1.00000   -7.38485    1.82447   -2.19688    1.00000    1.00000
     1.00000    3.33015   -1.66740E-02    6.98215    1.00000    1.00000
     1.00000   -2.52857   -1.59931    12.2985    1.00000    1.00000
     1.00000    7.91980    5.95476    1.93853    1.00000    1.00000
     1.00000   -10.8075    1.35720   -11.6541    1.00000    1.00000
     1.00000    3.10986   -8.09904    3.06503    1.00000    1.00000
     1.00000   -8.35717   -5.57373    6.69482    1.00000    1.00000
     1.00000    8.82838   -1.04139   -8.27201    1.00000    1.00000
     1.00000   -9.27498    3.54364   -4.42721    1.00000    1.00000
     1.00000    2.89931   -1.30354   -3.05541    1.00000    1.00000
     1.00000   -1.49536    2.55552    1.05000    1.00000    1.00000
     1.00000    7.67213    3.85007    6.53965    1.00000    1.00000
     1.00000   -7.96835   0.833965   -11.9763    1.00000    1.00000
     1.00000    5.93734   -2.02570   0.621204    1.00000    1.00000
     1.00000   0.976433   -3.23916    12.1070    1.00000    1.00000
     1.00000    7.53100   -1.84883   -2.25048    1.00000    1.00000
     1.00000   -7.15475    2.16619   0.756001    1.00000    1.00000
     1.00000  -0.614674    5.54276E-02  -0.232647    1.00000    1.00000
     1.00000   -2.27723   0.301949    9.84512    1.00000    1.00000
     1.00000    8.22490    1.84305   -7.22237E-02    1.00000    1.00000
     1.00000   -13.2898    2.32796   -11.8203    1.00000    1.00000
     1.00000    4.01387   -3.63607    5.33941    1.00000    1.00000
     1.00000   -2.21911   -3.17763    6.14230    1.00000    1.00000
     1.00000    11.1521   0.930269  -10.03408    1.00000    1.00000
     1.00000   -10.8970    5.31831   -3.47905    1.00000    1.00000
     1.00000   -2.78376   -3.82067   -8.41090    1.00000    1.00000
     1.00000   -4.43454    2.01283    3.16590    1.00000    1.00000
     1.00000    7.49128   0.482725    6.74170    1.00000    1.00000
     1.00000   -6.42967    4.27443   -7.38907    1.00000    1.00000
     1.00000    3.73813   0.582764   0.295490    1.00000    1.00000
     1.00000   -2.54449   -5.48970    10.7863    1.00000    1.00000
     1.00000    6.30416    1.47584   -6.07545    1.00000    1.00000
     1.00000   -6.93736   0.514858  -0.753048    1.00000    1.00000
     1.00000    2.78595   -1.30500    3.79440    1.00000    1.00000
     1.00000  -0.972172   -3.31605   10.34103    1.00000    1.00000
     1.00000   10.00288    3.40057    2.05649    1.00000    1.00000
     1.00000  -10.55934    1.43201   -9.67093    1.00000    1.00000
     1.00000    5.56237   -8.04494    2.91041    1.00000    1.00000
     1.00000   -5.99455   -3.79559    5.24156    1.00000    1.00000
     1.00000    10.5911   0.479391   -8.03328    1.00000    1.00000
     1.00000   -8.85925    3.38586   -2.24244    1.00000    1.00000
     1.00000  -0.525997   -1.37449   -1.62817    1.00000    1.00000
     1.00000   -3.63823  -0.343693    1.16138    1.00000    1.00000
     1.00000    6.93759    6.58804    4.17557    1.00000    1.00000
     1.00000   -5.25871    4.51926   -9.67794    1.00000    1.00000
     1.00000    3.83935   -1.31956  -0.313549    1.00000    1.00000
     1.00000    3.43308   -3.66888    9.78344    1.00000    1.00000
     1.00000    6.74913   -2.29174   -5.26586    1.00000    1.00000
     1.00000   -6.27198   -1.60412  -0.598652    1.00000    1.00000
     1.00000    2.72102   -1.27032    1.34381    1.00000    1.00000
     1.00000   -4.42660    2.55175    7.78002    1.00000    1.00000
     1.00000    8.21282   -1.32875  -0.443645    1.00000    1.00000
     1.00000   -14.3919    3.32373   -14.1153    1.00000    1.00000
     1.00000    3.85282   -4.70840    3.65888    1.00000    1.00000
     1.00000   -1.90064   -4.79925    7.26876    1.00000    1.00000
     1.00000    12.0972    2.54853   -13.2980    1.00000    1.00000
     1.00000  -10.46298    7.20365   -3.98613    1.00000    1.00000
     1.00000   0.389980   -2.62808   -4.22494    1.00000    1.00000
     1.00000   -3.27127   0.820381    6.72148    1.00000    1.00000
     1.00000    9.70729   -1.66817    7.65093    1.00000    1.00000
     1.00000   -3.37223    3.32623   -6.83278    1.00000    1.00000
     1.00000    6.29791    3.52203  -0.551399    1.00000    1.00000
     1.00000   -2.68033   -4.40889    12.4636    1.00000    1.00000
     1.00000    8.76531    4.31925   -6.07959    1.00000    1.00000
     1.00000   -7.52600    2.67104   -4.00338    1.00000    1.00000
     1.00000    1.50315  -0.273582    6.21011    1.00000    1.00000
     1.00000   -2.01906   -1.61209   10.36454    1.00000    1.00000
     1.00000    8.00474    5.45276    4.42123E-03    1.00000    1.00000
     1.00000   -11.4996    3.21137   -11.9422    1.00000    1.00000
     1.00000    4.43865   -8.24825    4.55233    1.00000    1.00000
     1.00000   -6.96218   -4.16393    6.95270    1.00000    1.00000
     1.00000    9.27739   0.438065   -9.54071    1.00000    1.00000
     1.00000   -7.89571    4.68443   -3.53491    1.00000    1.00000
     1.00000    1.62736   -3.26920E-03   -3.88694    1.00000    1.00000
     1.00000   -1.87563   0.599503    1.22136    1.00000    1.00000
     1.00000    7.02620    5.64428    5.93667    1.00000    1.00000
     1.00000   -8.21687    2.01300  -10.38001    1.00000    1.00000
     1.00000    7.81531   -2.42802    1.17918    1.00000    1.00000
     1.00000   0.142834   -2.97865    13.9063    1.00000    1.00000
     1.00000    6.12136  -0.757570   -3.15715    1.00000    1.00000
     1.00000   -5.23907    1.60470   0.877949    1.00000    1.00000
     1.00000    1.02224  -0.940132   0.341267    1.00000    1.00000
     1.00000   -3.34752    4.98543E-02    11.5157    1.00000    1.00000
     1.00000    7.41896   0.364864   -1.15178    1.00000    1.00000
     1.00000   -14.9544    1.89042   -12.8388    1.00000    1.00000
     1.00000    5.75336   -2.77677    5.82497    1.00000    1.00000
     1.00000   -4.01250   -3.79617    5.50895    1.00000    1.00000
     1.00000    11.3501    2.32198   -11.4567    1.00000    1.00000
     1.00000   -12.3494    4.30394   -2.55088    1.00000    1.00000
     1.00000  -0.984280   -4.08066   -7.57765    1.00000    1.00000
     1.00000   -3.22993   0.882545    4.29346    1.00000    1.00000
     1.00000    7.20935    2.24645    7.64157    1.00000    1.00000
     1.00000   -7.30638    3.75957   -5.66678    1.00000    1.00000
     1.00000    5.10347    1.95554  -0.205860    1.00000    1.00000
     1.00000   -2.12353   -6.86714    9.39869    1.00000    1.00000
     1.00000    5.42920   0.380491   -4.64904    1.00000    1.00000
     1.00000   -8.17641   -1.05152  -0.859005    1.00000    1.00000
     1.00000    1.45208   0.114281    4.24874    1.00000    1.00000
     1.00000   -2.38964   -4.08010    9.15486    1.00000    1.00000
     1.00000    8.78456    3.67753   0.494762    1.00000    1.00000
