     1.00000    2.68081    13.9184   -3.95929    1.00000    1.00000
     1.00000   -6.81582    3.02055   -6.50723    1.00000    1.00000
     1.00000   0.729649    1.41117   -1.24467    1.00000    1.00000
     1.00000    3.54908   -17.1114    6.41525    1.00000    1.00000
     1.00000   -2.79187    18.9336   -2.94578    1.00000    1.00000
     1.00000   -3.19743   -5.26173    6.94936    1.00000    1.00000
     1.00000   -2.13159    4.56427   -2.70205    1.00000    1.00000
     1.00000   10.07419   -23.3171    1.91966    1.00000    1.00000
     1.00000   0.355431    18.2032   -7.85071    1.00000    1.00000
     1.00000   -3.76736    4.14474  -0.433064    1.00000    1.00000
     1.00000   0.831520    5.73434   0.212746    1.00000    1.00000
     1.00000    5.09623   -15.2455    4.27544    1.00000    1.00000
     1.00000   -4.20100    19.3247    1.00172    1.00000    1.00000
     1.00000  -0.468796   -10.7220    2.64919    1.00000    1.00000
     1.00000   -3.90723    6.09844   -9.97466    1.00000    1.00000
     1.00000    8.35365   -17.3900    6.17019    1.00000    1.00000
     1.00000  -0.121349    13.1701   -5.76899    1.00000    1.00000
     1.00000   -6.48451  -0.309958   -2.96658    1.00000    1.00000
     1.00000    3.66449  -0.970881   -1.52254    1.00000    1.00000
     1.00000    5.42393   -16.4278    2.68044    1.00000    1.00000
     1.00000   -4.23296    17.5483   -3.01102    1.00000    1.00000
     1.00000   -7.11694   -6.00291    1.21676    1.00000    1.00000
     1.00000   -3.59340    8.59809    1.72601    1.00000    1.00000
     1.00000    14.1779   -22.8722    2.47486    1.00000    1.00000
     1.00000   -4.69990    14.5795   -5.68240    1.00000    1.00000
     1.00000   -3.64671   -2.05138    1.00146    1.00000    1.00000
     1.00000    3.68598    3.53930   -3.34125    1.00000    1.00000
     1.00000    4.19413   -9.66631   0.229343    1.00000    1.00000
     1.00000   -6.43298    16.5828    1.33337    1.00000    1.00000
     1.00000  -0.417477   -8.63087    5.98141    1.00000    1.00000
     1.00000   -2.64694    7.57759   -6.27663    1.00000    1.00000
     1.00000    8.09265   -21.2614    3.65969    1.00000    1.00000
     1.00000  -0.907925    16.0506   -3.79671    1.00000    1.00000
     1.00000   -6.91895    2.59308   -4.55617    1.00000    1.00000
     1.00000  -0.296898  -0.786934    9.20448E-02    1.00000    1.00000
     1.00000    2.68095   -18.0321    9.00328    1.00000    1.00000
     1.00000   -2.86446    19.0146  -0.948746    1.00000    1.00000
     1.00000   -3.40660   -4.48409    5.11864    1.00000    1.00000
     1.00000   -1.13611    5.45846   -1.59073E-02    1.00000    1.00000
     1.00000   10.27780   -26.2943    1.41619    1.00000    1.00000
     1.00000   0.768238    14.4929   -7.06522    1.00000    1.00000
     1.00000   -6.34881    2.03406    1.11026    1.00000    1.00000
     1.00000    4.47261    5.61854  -0.649799    1.00000    1.00000
     1.00000    3.43778   -14.6496    5.22116    1.00000    1.00000
     1.00000   -8.10402    16.5105    3.68789    1.00000    1.00000
     1.00000    1.36425   -10.8709    3.57105    1.00000    1.00000
     1.00000   -3.88272   10.08015   -6.57081    1.00000    1.00000
     1.00000    8.99583   -18.8117    4.91869    1.00000    1.00000
     1.00000   -3.22529    11.8221   -7.30111    1.00000    1.00000
     1.00000   -6.32669    1.53713  -0.826893    1.00000    1.00000
     1.00000    4.04385    1.63176   -3.82420    1.00000    1.00000
     1.00000    5.45216   -18.6474    6.22691    1.00000    1.00000
     1.00000   -3.79908    17.0172   -4.88974    1.00000    1.00000
     1.00000   -5.74006   -2.26482    4.19325    1.00000    1.00000
     1.00000   -3.62241    9.12123    3.70275    1.00000    1.00000
     1.00000    11.0463   -22.3882    4.71891    1.00000    1.00000
     1.00000   -7.43801    14.4990   -4.35760    1.00000    1.00000
     1.00000   -6.03475   0.515230    2.37302    1.00000    1.00000
     1.00000    5.71748    4.29729   -1.48920    1.00000    1.00000
     1.00000    4.13442   -12.2343    3.28679    1.00000    1.00000
     1.00000   -5.23960    18.5229  -0.507736    1.00000    1.00000
     1.00000   0.431068   -5.13905    6.70248    1.00000    1.00000
     1.00000   -3.07238    5.44502   -4.23149    1.00000    1.00000
     1.00000    6.25841   -20.3654    1.56322    1.00000    1.00000
     1.00000    1.56180    15.1207   -2.81818    1.00000    1.00000
     1.00000   -7.24280    4.24904   -8.02661    1.00000    1.00000
     1.00000    2.34598   0.332270  -0.771980    1.00000    1.00000
     1.00000    4.22527   -18.4003    7.78694    1.00000    1.00000
     1.00000   -1.10212    19.3892   -3.91389    1.00000    1.00000
     1.00000   -1.34616   -4.81611    7.56108    1.00000    1.00000
     1.00000  -0.746090    4.03137   -1.36175    1.00000    1.00000
     1.00000    11.6417   -24.4177    2.49549    1.00000    1.00000
     1.00000  -0.332958    16.3663   -7.46097    1.00000    1.00000
     1.00000   -2.68679    2.95071   0.752953    1.00000    1.00000
     1.00000    2.11184    4.21855   0.464069    1.00000    1.00000
     1.00000    4.28110   -14.2877    2.72041    1.00000    1.00000
     1.00000   -5.07309    18.7045    2.69135    1.00000    1.00000
     1.00000   -8.92105E-02   -9.73827    4.34866    1.00000    1.00000
     1.00000   -3.79158    8.01991   -9.43192    1.00000    1.00000
     1.00000    7.44292   -16.3159    4.75002    1.00000    1.00000
     1.00000  -0.482689    13.8697   -3.93048    1.00000    1.00000
     1.00000   -7.53276   0.702333   -4.33642    1.00000    1.00000
     1.00000    4.61551   -1.43593   -3.21939    1.00000    1.00000
     1.00000    5.94505   -18.1597    3.53412    1.00000    1.00000
     1.00000   -5.99527    16.7239   -3.47424    1.00000    1.00000
     1.00000   -7.04729   -4.00463    1.17163    1.00000    1.00000
     1.00000   -3.16678    6.70446    2.20782    1.00000    1.00000
     1.00000    12.5902   -23.1046    3.66864    1.00000    1.00000
     1.00000   -2.95704    14.9113   -6.60564    1.00000    1.00000
     1.00000   -4.84409   -1.08916    2.28224    1.00000    1.00000
     1.00000    3.15900    3.21645   -5.24337    1.00000    1.00000
     1.00000    4.17237   -10.8617    1.83267    1.00000    1.00000
     1.00000   -4.89561    15.6786   0.428364    1.00000    1.00000
     1.00000    1.55896   -8.58035    6.28331    1.00000    1.00000
     1.00000   -3.44939    6.14472   -7.41811    1.00000    1.00000
     1.00000   10.05627   -20.9104    3.80456    1.00000    1.00000
     1.00000   0.740196    15.2873   -4.63400    1.00000    1.00000
     1.00000   -7.33212    4.40773   -3.82383    1.00000    1.00000
     1.00000    1.07602   0.503057   0.763615    1.00000    1.00000
     1.00000   0.700607   -18.2131    8.78999    1.00000    1.00000
     1.00000   -1.79027    20.4521   -6.56471E-02    1.00000    1.00000
     1.00000   -4.57965   -2.95969    5.66654    1.00000    1.00000
     1.00000   -3.05585    5.80554   0.424671    1.00000    1.00000
     1.00000    8.89172   -24.8526    1.42548    1.00000    1.00000
     1.00000  -0.993156    14.9365   -6.22813    1.00000    1.00000
     1.00000   -5.60614    3.63127   0.162964    1.00000    1.00000
     1.00000    3.02974    4.39771   -1.30380    1.00000    1.00000
     1.00000    2.84351   -15.7135    3.63530    1.00000    1.00000
     1.00000   -6.90009    17.9774    3.05649    1.00000    1.00000
     1.00000    2.17570   -10.7865    1.74501    1.00000    1.00000
     1.00000   -2.94051    8.82590   -7.81141    1.00000    1.00000
     1.00000    9.23721   -18.2752    3.00716    1.00000    1.00000
     1.00000   -1.95203    13.1824   -6.57426    1.00000    1.00000
     1.00000   -7.39292    1.52525   -2.51894    1.00000    1.00000
     1.00000    5.48066   0.241652   -3.88063    1.00000    1.00000
     1.00000    5.59596   -16.9893    5.11784    1.00000    1.00000
     1.00000   -1.98899    16.5546   -5.60365    1.00000    1.00000
     1.00000   -5.90260   -2.78604    2.26921    1.00000    1.00000
     1.00000   -3.51866    7.16825    4.12122    1.00000    1.00000
     1.00000   10.08844   -23.2103    6.27027    1.00000    1.00000
     1.00000   -5.50339    14.5322   -3.85151    1.00000    1.00000
     1.00000   -7.37415  -0.933489    2.70047    1.00000    1.00000
     1.00000    5.03276    5.01341   -3.22654    1.00000    1.00000
     1.00000    2.87830   -12.7906    4.74029    1.00000    1.00000
     1.00000   -4.46804    16.8010   -1.17085    1.00000    1.00000
     1.00000  -0.605141   -6.84266    6.85727    1.00000    1.00000
     1.00000   -1.55510    6.50520   -4.98904    1.00000    1.00000
     1.00000    7.81015   -19.6071    2.57171    1.00000    1.00000
