     1.00000    6.34252   -7.02697    4.12588    1.00000    1.00000
     1.00000  -10.44881   10.23982   -12.1380    1.00000    1.00000
     1.00000   -4.37088   -10.6674   -2.90041    1.00000    1.00000
     1.00000    11.1579    3.08228    5.80749    1.00000    1.00000
     1.00000    6.36501E-02  -0.686066    8.87296    1.00000    1.00000
     1.00000    7.10735E-02    8.05156   -13.9659    1.00000    1.00000
     1.00000   -4.90228   -10.6116    3.80785    1.00000    1.00000
     1.00000   -3.14712    7.02781   -5.22129    1.00000    1.00000
     1.00000    6.23075   -3.41377E-02   10.30863    1.00000    1.00000
     1.00000   -12.4494    6.71766   -16.5858    1.00000    1.00000
     1.00000   -1.42343   -3.88797   -2.25727    1.00000    1.00000
     1.00000    3.10940    4.51368    9.53334    1.00000    1.00000
     1.00000    1.40185   -4.92060    4.66095    1.00000    1.00000
     1.00000   -4.81586E-02    10.6423  -10.29471    1.00000    1.00000
     1.00000   -2.18318   -8.21569   10.46865    1.00000    1.00000
     1.00000    5.10517    3.01648   0.170090    1.00000    1.00000
     1.00000    7.67536   -2.72287    6.18927    1.00000    1.00000
     1.00000   -11.8476    11.7087   -15.1435    1.00000    1.00000
     1.00000   -5.07062   -7.65120    2.77633    1.00000    1.00000
     1.00000    6.81452    3.42292    8.21967    1.00000    1.00000
     1.00000   0.605356   -4.67160    12.9856    1.00000    1.00000
     1.00000   -4.51649    6.20385   -14.5219    1.00000    1.00000
     1.00000   -3.77388   -7.40465    5.15639    1.00000    1.00000
     1.00000    1.91908    1.56240   -3.12591    1.00000    1.00000
     1.00000    7.31983  -0.128113    12.1330    1.00000    1.00000
     1.00000  -10.38284    8.27751   -15.9339    1.00000    1.00000
     1.00000  -0.863449   -9.86159   -5.00636    1.00000    1.00000
     1.00000    9.05182    2.09146    9.88963    1.00000    1.00000
     1.00000    4.54492   -4.63898    1.06401    1.00000    1.00000
     1.00000   -1.39598    7.37896   -7.41009    1.00000    1.00000
     1.00000   -3.34800   -9.04462    13.1693    1.00000    1.00000
     1.00000    3.41056    2.62593   -4.54990    1.00000    1.00000
     1.00000    6.49331   -6.36781    1.73137    1.00000    1.00000
     1.00000   -9.58501    12.4345   -12.1502    1.00000    1.00000
     1.00000   -4.48102   -9.70080  -0.233463    1.00000    1.00000
     1.00000    8.66078    3.79874    7.54879    1.00000    1.00000
     1.00000   0.269674   -4.73516    6.44983    1.00000    1.00000
     1.00000    2.67854    6.95770   -15.4021    1.00000    1.00000
     1.00000   -4.43653   -12.0454    6.06946    1.00000    1.00000
     1.00000   -2.57329    3.26801   -4.97761    1.00000    1.00000
     1.00000    7.78486   -1.26826   10.55698    1.00000    1.00000
     1.00000   -11.0848    7.66159   -17.7024    1.00000    1.00000
     1.00000  -0.237389   -7.06019   -3.07445    1.00000    1.00000
     1.00000    6.07609    1.12073    7.46238    1.00000    1.00000
     1.00000   -1.61577   -4.02932    6.21374    1.00000    1.00000
     1.00000    1.85676    6.92509   -11.6620    1.00000    1.00000
     1.00000   -1.76315   -4.69359    9.78048    1.00000    1.00000
     1.00000    5.84597    1.78199    1.55834    1.00000    1.00000
     1.00000    8.46848   -7.61063    6.82084    1.00000    1.00000
     1.00000   -13.5540    13.0377   -15.5722    1.00000    1.00000
     1.00000   -4.81941   -4.39414    3.63330    1.00000    1.00000
     1.00000    6.54110    4.15108    3.54397    1.00000    1.00000
     1.00000  -0.963827   -3.70995    12.0128    1.00000    1.00000
     1.00000   -1.82152    8.44598   -14.4783    1.00000    1.00000
     1.00000   -3.52385   -8.60359    6.73755    1.00000    1.00000
     1.00000    1.67437    1.79744   -5.09693    1.00000    1.00000
     1.00000    10.8304    1.01953    11.6646    1.00000    1.00000
     1.00000   -7.91826    7.49879   -15.0340    1.00000    1.00000
     1.00000   -2.44323   -10.7713   -3.42326    1.00000    1.00000
     1.00000    5.25277    2.72765    12.0371    1.00000    1.00000
     1.00000    1.82440   -3.55376    3.26338    1.00000    1.00000
     1.00000   -3.00989    9.01167   -8.67617    1.00000    1.00000
     1.00000   -3.42836   -7.52402    11.8726    1.00000    1.00000
     1.00000    3.92668    4.88986   -2.54929    1.00000    1.00000
     1.00000    6.74904   -6.73448    6.06216    1.00000    1.00000
     1.00000  -10.21822    11.4075   -13.7453    1.00000    1.00000
     1.00000   -3.12524   -9.65993   -1.70321    1.00000    1.00000
     1.00000    9.28709    2.48145    6.18040    1.00000    1.00000
     1.00000   0.486433   -2.30200    7.77295    1.00000    1.00000
     1.00000    1.70330    6.93808   -13.6561    1.00000    1.00000
     1.00000   -6.21640   -9.24575    3.16954    1.00000    1.00000
     1.00000   -2.77487    5.12200   -5.70016    1.00000    1.00000
     1.00000    5.96079  -0.631699    8.41917    1.00000    1.00000
     1.00000   -11.2128    5.51436   -17.5972    1.00000    1.00000
     1.00000   -1.96637   -5.50688   -3.29860    1.00000    1.00000
     1.00000    3.21193    3.49534    7.81507    1.00000    1.00000
     1.00000    2.99020   -6.06433    4.24983    1.00000    1.00000
     1.00000    1.13071    9.16024   -9.65147    1.00000    1.00000
     1.00000  -0.649294   -6.93514   10.38269    1.00000    1.00000
     1.00000    3.82265    4.32364  -0.633942    1.00000    1.00000
     1.00000    7.21313   -3.93794    7.70911    1.00000    1.00000
     1.00000   -10.8509    9.98099   -14.9963    1.00000    1.00000
     1.00000   -4.22680   -9.07018    1.64741    1.00000    1.00000
     1.00000    7.16047    2.48827    6.48567    1.00000    1.00000
     1.00000   0.924322   -3.08025    11.8169    1.00000    1.00000
     1.00000   -6.45724    6.47943   -14.1250    1.00000    1.00000
     1.00000   -3.47787   -5.50039    4.62145    1.00000    1.00000
     1.00000    1.99314    2.27787   -1.25974    1.00000    1.00000
     1.00000    9.12787    3.76282E-02    11.2942    1.00000    1.00000
     1.00000   -8.61375    8.02829   -16.8328    1.00000    1.00000
     1.00000  -0.947544   -8.92228   -3.24266    1.00000    1.00000
     1.00000    7.20807    1.88334    10.6361    1.00000    1.00000
     1.00000    5.17838   -6.34020   0.224625    1.00000    1.00000
     1.00000   0.410379    7.56976   -8.24714    1.00000    1.00000
     1.00000   -1.58911   -8.64915    14.0352    1.00000    1.00000
     1.00000    4.36652    1.05416   -3.76524    1.00000    1.00000
     1.00000    5.07469   -5.90361    3.06255    1.00000    1.00000
     1.00000   -11.2395    12.2802   -11.0372    1.00000    1.00000
     1.00000   -5.95465   -11.0025   0.132633    1.00000    1.00000
     1.00000    7.67234    5.53741    7.54530    1.00000    1.00000
     1.00000   -1.66454E-02   -4.15232    8.34147    1.00000    1.00000
     1.00000    4.16499    7.52719   -14.1912    1.00000    1.00000
     1.00000   -4.18754  -10.11521    5.60860    1.00000    1.00000
     1.00000   -1.26949    3.34629   -3.46302    1.00000    1.00000
     1.00000    7.77715   -2.75703    9.22151    1.00000    1.00000
     1.00000   -10.6603    6.53922   -19.3025    1.00000    1.00000
     1.00000  -0.504288   -5.58910   -1.74605    1.00000    1.00000
     1.00000    4.79681    2.38961    8.33035    1.00000    1.00000
     1.00000  -0.587963   -4.71977    4.64310    1.00000    1.00000
     1.00000   0.523855    7.34486  -10.23121    1.00000    1.00000
     1.00000   -2.66242   -6.47223    9.61386    1.00000    1.00000
     1.00000    6.50730    3.66895    1.60326    1.00000    1.00000
     1.00000    8.01321   -5.70453    7.22020    1.00000    1.00000
     1.00000   -12.5600    13.0446   -13.8367    1.00000    1.00000
     1.00000   -5.97160   -6.02443    3.51245    1.00000    1.00000
     1.00000    7.17372    4.19358    5.44081    1.00000    1.00000
     1.00000  -0.320978   -3.35859   10.15182    1.00000    1.00000
     1.00000   -2.79300    6.85830   -13.7465    1.00000    1.00000
     1.00000   -3.34048   -8.09604    8.66336    1.00000    1.00000
     1.00000   -7.80582E-02    1.88831   -4.13738    1.00000    1.00000
     1.00000    11.2720    1.21487    9.72373    1.00000    1.00000
     1.00000   -8.64614    6.04512   -16.1989    1.00000    1.00000
     1.00000  -0.694529   -11.5682   -3.97731    1.00000    1.00000
     1.00000    5.25288    1.90174   10.21555    1.00000    1.00000
     1.00000    3.07490   -3.44464    1.70635    1.00000    1.00000
     1.00000   -3.16776    8.14189   -6.88213    1.00000    1.00000
     1.00000   -2.65993   -6.41815    13.3513    1.00000    1.00000
     1.00000    3.83590    2.89296   -2.61398    1.00000    1.00000
