     1.00000   -5.01206    8.77768    10.7183    1.00000    1.00000
     1.00000    15.6124   -1.71516   -2.61513    1.00000    1.00000
     1.00000   -8.09873    4.24690   10.47579    1.00000    1.00000
     1.00000   -3.71137   -2.80325   -13.0848    1.00000    1.00000
     1.00000   -4.02340    7.96243    8.08615    1.00000    1.00000
     1.00000    7.62452   0.619850  -10.23644    1.00000    1.00000
     1.00000   -3.61293   -1.04656E-01    2.40086    1.00000    1.00000
     1.00000    1.39989    2.95700   -3.12120    1.00000    1.00000
     1.00000  -0.434437    8.93502    14.6367    1.00000    1.00000
     1.00000    13.4271  -10.44980   -5.81456    1.00000    1.00000
     1.00000   -8.85582   -4.44468    6.10496    1.00000    1.00000
     1.00000    2.64226   -1.76427   -15.2616    1.00000    1.00000
     1.00000   -5.05104    4.33932    5.76929    1.00000    1.00000
     1.00000    5.48998  -0.789032   -4.80781    1.00000    1.00000
     1.00000   -3.52078   -3.01516   0.535753    1.00000    1.00000
     1.00000   -3.01059   -4.44462   -7.93516    1.00000    1.00000
     1.00000   -4.51342    3.25520    13.7054    1.00000    1.00000
     1.00000    13.3827   -3.60067   -4.17629    1.00000    1.00000
     1.00000   -8.57555   0.914772   10.41315    1.00000    1.00000
     1.00000   0.884850   -3.46367   -10.5944    1.00000    1.00000
     1.00000   -5.68908    14.2124    6.09664    1.00000    1.00000
     1.00000    6.80415   -5.37737   -8.25240    1.00000    1.00000
     1.00000   -7.03354   -8.74519E-02    2.70159    1.00000    1.00000
     1.00000    2.38544  -0.812546   -7.02535    1.00000    1.00000
     1.00000   -2.88311    6.33960    17.2983    1.00000    1.00000
     1.00000    11.7767   -9.64966   -6.61204    1.00000    1.00000
     1.00000   -5.06929  -0.743366    5.44083    1.00000    1.00000
     1.00000   -1.03339   -2.58196   -13.5300    1.00000    1.00000
     1.00000   -2.88027    5.28602    8.75242    1.00000    1.00000
     1.00000    5.16394   -4.05969   -6.02040    1.00000    1.00000
     1.00000   -1.78841   -6.76632    2.67896    1.00000    1.00000
     1.00000   -2.69574   -1.61007   -5.27567    1.00000    1.00000
     1.00000   -4.67923    6.36573    11.5129    1.00000    1.00000
     1.00000    15.1682    1.92281   -4.04219    1.00000    1.00000
     1.00000   -9.59939    1.72925    12.6493    1.00000    1.00000
     1.00000   -2.51288   0.697075   -14.3616    1.00000    1.00000
     1.00000   -3.63678    7.04361    6.35228    1.00000    1.00000
     1.00000    9.02710   -2.05434   -9.27793    1.00000    1.00000
     1.00000   -4.70192   -1.77024    2.20097    1.00000    1.00000
     1.00000    2.10365    1.35896   -4.58336    1.00000    1.00000
     1.00000   -2.07367    9.27583    15.7306    1.00000    1.00000
     1.00000    13.9131   -11.1891   -4.02087    1.00000    1.00000
     1.00000   -7.37117   -2.59464    8.08156    1.00000    1.00000
     1.00000    1.65193   -1.04588   -12.3244    1.00000    1.00000
     1.00000   -3.58853    5.11773    6.88962    1.00000    1.00000
     1.00000    6.72538  -0.697388   -3.23766    1.00000    1.00000
     1.00000   -2.90307   -1.97304   -1.05560    1.00000    1.00000
     1.00000   -1.45838   -1.53201   -6.88632    1.00000    1.00000
     1.00000   -5.39838    2.86007    11.1289    1.00000    1.00000
     1.00000   10.36387   -3.49552   -5.73682    1.00000    1.00000
     1.00000   -8.09877  -0.584835    9.17870    1.00000    1.00000
     1.00000   -3.01632   -3.64446   -11.4087    1.00000    1.00000
     1.00000   -4.44870    10.8994    7.51209    1.00000    1.00000
     1.00000    7.47463   -2.43084   -6.87002    1.00000    1.00000
     1.00000   -5.32582   0.879696    2.08928    1.00000    1.00000
     1.00000    1.09364   -4.29456   -7.49568    1.00000    1.00000
     1.00000   -2.63171    4.53600    16.4714    1.00000    1.00000
     1.00000    11.1413   -6.62231   -6.17642    1.00000    1.00000
     1.00000   -8.41155   -1.37669    4.85131    1.00000    1.00000
     1.00000    2.37322   -4.33466   -13.8351    1.00000    1.00000
     1.00000  -0.492683    7.01574    8.90788    1.00000    1.00000
     1.00000    4.05146   -1.89104   -7.27264    1.00000    1.00000
     1.00000   -4.50767   -9.44200    1.76126    1.00000    1.00000
     1.00000   -1.79145    1.74129  -0.888987    1.00000    1.00000
     1.00000   -5.98710    7.42347    9.61581    1.00000    1.00000
     1.00000    14.9889   -2.42603   -4.37749    1.00000    1.00000
     1.00000   -7.36598    2.50147    11.1212    1.00000    1.00000
     1.00000   -2.38536   -3.97156   -14.0211    1.00000    1.00000
     1.00000   -5.45289    8.83069    6.98948    1.00000    1.00000
     1.00000    6.25406  -0.796585   -10.5764    1.00000    1.00000
     1.00000   -3.25593  -0.932644   0.615652    1.00000    1.00000
     1.00000    3.23726    2.16744   -3.14764    1.00000    1.00000
     1.00000    1.09419   10.14101    14.1796    1.00000    1.00000
     1.00000    13.8316   -9.00343   -7.13533    1.00000    1.00000
     1.00000   -8.39869   -5.93829    4.85590    1.00000    1.00000
     1.00000    2.39619   -2.58789   -17.0675    1.00000    1.00000
     1.00000   -5.16998    3.17988    7.39457    1.00000    1.00000
     1.00000    6.06962   -2.70237   -4.86393    1.00000    1.00000
     1.00000   -3.67805   -4.85533  -0.231730    1.00000    1.00000
     1.00000   -4.58448   -4.36777   -6.70351    1.00000    1.00000
     1.00000   -2.65495    3.14630    12.9745    1.00000    1.00000
     1.00000    12.0950   -4.45412   -5.44647    1.00000    1.00000
     1.00000   -6.60860   0.698193    10.7033    1.00000    1.00000
     1.00000   0.448303   -2.86505   -8.73668    1.00000    1.00000
     1.00000   -6.25226    12.2937    6.05819    1.00000    1.00000
     1.00000    8.09781   -3.85738   -8.12567    1.00000    1.00000
     1.00000   -8.79405  -0.152977    1.75487    1.00000    1.00000
     1.00000   0.504116   -1.31421   -6.56824    1.00000    1.00000
     1.00000   -1.14226    7.31000    17.4649    1.00000    1.00000
     1.00000   10.25480   -8.35248   -6.64619    1.00000    1.00000
     1.00000   -6.95303   -8.54073E-02    5.30440    1.00000    1.00000
     1.00000   0.919666   -2.96521   -13.7267    1.00000    1.00000
     1.00000   -1.25792    5.28088    9.92202    1.00000    1.00000
     1.00000    5.69855   -2.97348   -7.61236    1.00000    1.00000
     1.00000   -2.92703   -6.00766    1.22020    1.00000    1.00000
     1.00000   -2.18163    8.53004E-02   -4.34755    1.00000    1.00000
     1.00000   -3.84242    7.33487    9.97650    1.00000    1.00000
     1.00000    15.7523   0.146713   -3.33198    1.00000    1.00000
     1.00000   -9.50365    3.46941    11.6681    1.00000    1.00000
     1.00000   -2.89514   -1.00077   -13.3761    1.00000    1.00000
     1.00000   -5.01560    7.48214    4.97151    1.00000    1.00000
     1.00000    9.27549  -0.480797  -10.48717    1.00000    1.00000
     1.00000   -2.88180   -2.19976    2.90996    1.00000    1.00000
     1.00000    3.31118   0.637245   -6.00499    1.00000    1.00000
     1.00000   -1.01839    9.30585    17.4293    1.00000    1.00000
     1.00000    13.6325   -9.40821   -3.15491    1.00000    1.00000
     1.00000   -8.58608   -2.50183    6.49557    1.00000    1.00000
     1.00000    2.78136   -2.33844   -13.3509    1.00000    1.00000
     1.00000   -1.76397    4.33860    6.63671    1.00000    1.00000
     1.00000    7.39118    1.07106   -2.58245    1.00000    1.00000
     1.00000   -2.05317  -0.364761   -1.88693    1.00000    1.00000
     1.00000   -3.05031   -2.74269   -6.88547    1.00000    1.00000
     1.00000   -4.85545    4.48294    12.1641    1.00000    1.00000
     1.00000    9.38824   -1.75040   -5.68482    1.00000    1.00000
     1.00000   -8.12163   -2.43869    9.92885    1.00000    1.00000
     1.00000   -1.09402   -3.57853   -10.8606    1.00000    1.00000
     1.00000   -6.38401    10.5967    7.10837    1.00000    1.00000
     1.00000    8.85505   -1.13330   -7.51099    1.00000    1.00000
     1.00000   -5.98299    1.04625    3.97087    1.00000    1.00000
     1.00000    1.92951   -2.71691   -6.59437    1.00000    1.00000
     1.00000   -3.35966    4.61537    14.6103    1.00000    1.00000
     1.00000    11.8758   -6.13289   -4.38172    1.00000    1.00000
     1.00000  -10.36324   -1.21142    4.44680    1.00000    1.00000
     1.00000    1.29177   -4.69796   -12.1924    1.00000    1.00000
     1.00000   -2.24892    7.00624    7.95104    1.00000    1.00000
     1.00000    3.94146   -2.47005   -9.18383    1.00000    1.00000
     1.00000   -2.93098   -8.22180    1.91994    1.00000    1.00000
     1.00000   -1.85414    1.37461   -2.85409    1.00000    1.00000
