     1.00000   -7.19125    8.29340   -4.75832    1.00000    1.00000
     1.00000    5.16743   -14.5483    2.41560    1.00000    1.00000
     1.00000  -0.534107    11.7878   -5.23751    1.00000    1.00000
     1.00000   0.347729   -4.51825    2.86542    1.00000    1.00000
     1.00000   -9.28814   -9.17015E-02    3.67768    1.00000    1.00000
     1.00000   10.52169   -15.6255    7.21143    1.00000    1.00000
     1.00000    8.64380    6.11648   -5.34125    1.00000    1.00000
     1.00000   -8.10881   -1.03069    2.00662    1.00000    1.00000
     1.00000   -5.35626    7.50164  -0.286640    1.00000    1.00000
     1.00000    4.46938   -12.3871   -1.65855    1.00000    1.00000
     1.00000    4.18341    12.2227   -1.10454    1.00000    1.00000
     1.00000    2.67179    3.24278    1.01128E-02    1.00000    1.00000
     1.00000   -13.4287   -4.38847    3.00851    1.00000    1.00000
     1.00000    4.84279   -11.4054    4.34581    1.00000    1.00000
     1.00000    4.34597    14.4040   -3.24246    1.00000    1.00000
     1.00000   -3.08562   0.401737   0.398327    1.00000    1.00000
     1.00000   -7.21638    4.66735   -5.70078    1.00000    1.00000
     1.00000    6.39992   -17.7738   -3.44710    1.00000    1.00000
     1.00000    1.51165    12.8858   -7.79835    1.00000    1.00000
     1.00000    2.41073   -5.20127    5.37399    1.00000    1.00000
     1.00000   -9.32904    2.69777    2.59435    1.00000    1.00000
     1.00000    12.3240   -19.6136    9.23498    1.00000    1.00000
     1.00000    4.07154    12.4917   -4.22785    1.00000    1.00000
     1.00000   -7.37046   -1.49838   -3.77511    1.00000    1.00000
     1.00000   -7.38989    7.50143   -1.35324    1.00000    1.00000
     1.00000    5.15877   -8.77736   -1.06138    1.00000    1.00000
     1.00000  -0.273930    9.09485   -6.04481    1.00000    1.00000
     1.00000   -1.29642   -2.87021    2.27875    1.00000    1.00000
     1.00000   -11.0376   -2.08535    5.46669    1.00000    1.00000
     1.00000    9.07609   -12.3654    5.01360    1.00000    1.00000
     1.00000    2.46193    16.7567   -1.57385    1.00000    1.00000
     1.00000   -1.74822   0.604107    3.32856    1.00000    1.00000
     1.00000   -8.59533    8.16612   -6.17690    1.00000    1.00000
     1.00000    4.11930   -12.5243   0.305798    1.00000    1.00000
     1.00000   -2.42070    12.3962   -3.44306    1.00000    1.00000
     1.00000    1.71014   -8.16969    2.98222    1.00000    1.00000
     1.00000   -9.18984   0.929962   -4.76799E-02    1.00000    1.00000
     1.00000    9.95929   -13.7952    6.63366    1.00000    1.00000
     1.00000    7.10982    9.12687   -7.20361    1.00000    1.00000
     1.00000   -6.51252   -2.19813    2.30489    1.00000    1.00000
     1.00000   -2.76693   10.13990   -1.34903    1.00000    1.00000
     1.00000    3.27035   -9.64097   -3.69447    1.00000    1.00000
     1.00000    5.86743    9.28402   -2.68210    1.00000    1.00000
     1.00000   0.613621    6.42815E-02    3.31365    1.00000    1.00000
     1.00000   -13.8656   -1.36246    4.09476    1.00000    1.00000
     1.00000    4.90436   -11.9488    6.26958    1.00000    1.00000
     1.00000    5.29876    15.4122   -4.68325    1.00000    1.00000
     1.00000   -1.25789   -1.71983  -0.403637    1.00000    1.00000
     1.00000   -9.10796    4.41346   -6.29864    1.00000    1.00000
     1.00000    6.67740   -12.7378   -1.00431    1.00000    1.00000
     1.00000    2.19772    11.2217   -6.92649    1.00000    1.00000
     1.00000    3.73167   -4.86940    1.79814    1.00000    1.00000
     1.00000   -11.2710    2.98941    2.97327    1.00000    1.00000
     1.00000    12.6815   -16.6888    6.02186    1.00000    1.00000
     1.00000    7.67562    10.7698   -4.61665    1.00000    1.00000
     1.00000   -3.92078   -2.77221  -0.595463    1.00000    1.00000
     1.00000   -8.33259    5.83718    1.33469    1.00000    1.00000
     1.00000    3.33757   -6.55661   0.799156    1.00000    1.00000
     1.00000    2.52404    11.2277   -4.31501    1.00000    1.00000
     1.00000    1.00756   -3.99417    1.01888    1.00000    1.00000
     1.00000   -12.1892   -3.35228    4.43292    1.00000    1.00000
     1.00000    7.14312   -13.3445    4.47518    1.00000    1.00000
     1.00000    1.01064    15.4115   -1.86384    1.00000    1.00000
     1.00000  -0.570461    1.94530    4.23082    1.00000    1.00000
     1.00000   -6.55583    6.40923   -4.97307    1.00000    1.00000
     1.00000    6.31470   -15.0909    3.96136    1.00000    1.00000
     1.00000   -2.17736    12.9215   -5.35743    1.00000    1.00000
     1.00000   0.253567   -4.88261    4.82970    1.00000    1.00000
     1.00000   -9.53885   0.826988    1.91894    1.00000    1.00000
     1.00000    11.5050   -15.1457    5.53724    1.00000    1.00000
     1.00000    8.36134    7.79379   -6.39331    1.00000    1.00000
     1.00000   -7.57959  -0.216087   0.258381    1.00000    1.00000
     1.00000   -4.76359    8.67243    1.22266    1.00000    1.00000
     1.00000    5.41642   -10.7592  -0.985363    1.00000    1.00000
     1.00000    4.22023   10.54206   -2.10304E-02    1.00000    1.00000
     1.00000    3.16469    2.66156    1.85923    1.00000    1.00000
     1.00000   -12.2005   -3.88309    1.51313    1.00000    1.00000
     1.00000    3.34194   -12.1885    3.28083    1.00000    1.00000
     1.00000    2.81700    13.1820   -2.83156    1.00000    1.00000
     1.00000   -2.19004  -0.656391    1.83996    1.00000    1.00000
     1.00000   -5.85006    3.76385   -6.84833    1.00000    1.00000
     1.00000    5.89961   -16.4241   -2.05858    1.00000    1.00000
     1.00000  -0.250530    12.9314   -6.85357    1.00000    1.00000
     1.00000    1.02700   -6.64334    5.44960    1.00000    1.00000
     1.00000   -9.67130    4.62806    2.19833    1.00000    1.00000
     1.00000    12.9741   -18.3031    7.87124    1.00000    1.00000
     1.00000    5.46367    11.4081   -5.17011    1.00000    1.00000
     1.00000   -7.02983   -2.51754   -2.08832    1.00000    1.00000
     1.00000   -6.88705    6.48756   -3.00225    1.00000    1.00000
     1.00000    4.74529   -6.87962  -0.584316    1.00000    1.00000
     1.00000   0.847626   10.36459   -4.98185    1.00000    1.00000
     1.00000  -0.266693   -1.17608    2.01497    1.00000    1.00000
     1.00000   -11.0600   -1.01380    3.77811    1.00000    1.00000
     1.00000    8.32271   -12.4052    3.16134    1.00000    1.00000
     1.00000    3.81315    15.2830   -1.52676    1.00000    1.00000
     1.00000  -0.937443   -1.09519    4.00311    1.00000    1.00000
     1.00000  -10.51087    7.65174   -5.91977    1.00000    1.00000
     1.00000    5.49609   -13.9570   0.533501    1.00000    1.00000
     1.00000   -2.15156    12.0373   -1.49400    1.00000    1.00000
     1.00000    1.28942   -6.23571    3.26982    1.00000    1.00000
     1.00000   -9.15937   -9.83658E-02   -1.76279    1.00000    1.00000
     1.00000   10.06184   -11.7980    6.65870    1.00000    1.00000
     1.00000    7.51120    11.0133   -7.73298    1.00000    1.00000
     1.00000   -5.21871   -2.12468   0.781521    1.00000    1.00000
     1.00000   -3.02383    9.25305   0.425095    1.00000    1.00000
     1.00000    4.63901   -10.9365   -3.02497    1.00000    1.00000
     1.00000    5.66274    11.0418   -1.75025    1.00000    1.00000
     1.00000    1.61095    1.64581    2.60364    1.00000    1.00000
     1.00000   -12.8636   -2.47363    2.76762    1.00000    1.00000
     1.00000    6.56198   -10.9693    5.72832    1.00000    1.00000
     1.00000    3.85033    16.3399   -5.70372    1.00000    1.00000
     1.00000   -2.64611   -2.35530   0.888264    1.00000    1.00000
     1.00000   -8.71001    4.10125   -8.23362    1.00000    1.00000
     1.00000    6.31467   -14.7005   -1.13298    1.00000    1.00000
     1.00000    1.49867    9.74476   -8.07967    1.00000    1.00000
     1.00000    2.59638   -4.73129    3.43888    1.00000    1.00000
     1.00000   -13.0972    2.17392    2.97335    1.00000    1.00000
     1.00000    13.8018   -18.3453    6.05103    1.00000    1.00000
     1.00000    6.27961    9.60334   -5.44756    1.00000    1.00000
     1.00000   -5.06513   -2.14413   -2.11071    1.00000    1.00000
     1.00000   -7.12534    7.25977   0.614399    1.00000    1.00000
     1.00000    2.57533   -6.02693  -0.972404    1.00000    1.00000
     1.00000    3.60038    11.0763   -2.63614    1.00000    1.00000
     1.00000   0.984844   -2.65686    2.50585    1.00000    1.00000
     1.00000  -10.35355   -4.05814    4.06955    1.00000    1.00000
     1.00000    6.28465   -13.3961    6.28083    1.00000    1.00000
     1.00000    1.52143    13.6223   -1.13046    1.00000    1.00000
     1.00000  -0.538578    1.69672    6.21506    1.00000    1.00000
