     1.00000    16.2245   -8.54201   -2.03179    1.00000    1.00000
     1.00000   -20.5649   -3.05971   -3.62243    1.00000    1.00000
     1.00000    8.38267    4.17850    3.97549    1.00000    1.00000
     1.00000   0.897011   -2.38801   -2.74714    1.00000    1.00000
     1.00000    14.6493    2.65868   -3.74901    1.00000    1.00000
     1.00000   -24.1581   0.146770   -1.30844    1.00000    1.00000
     1.00000    14.1426    7.26790    1.48835    1.00000    1.00000
     1.00000   -8.65203   -6.12036    1.90116    1.00000    1.00000
     1.00000    11.8717   -6.10815   -1.18041    1.00000    1.00000
     1.00000   -15.4687   -6.81960   0.821819    1.00000    1.00000
     1.00000    1.07792    6.25539   0.863018    1.00000    1.00000
     1.00000   -2.69703   -3.09024   -2.94396    1.00000    1.00000
     1.00000    18.1291   -1.45497  -0.610916    1.00000    1.00000
     1.00000   -26.5759    3.00644  -0.641373    1.00000    1.00000
     1.00000    12.1748    3.32895    2.98787    1.00000    1.00000
     1.00000   -2.12301   0.673458   0.580112    1.00000    1.00000
     1.00000    15.6909   -10.9800   -2.28545    1.00000    1.00000
     1.00000   -17.3180   -2.94433    1.15370    1.00000    1.00000
     1.00000    6.96127    2.70010    3.48294    1.00000    1.00000
     1.00000    4.19179    2.76146E-02  -0.532089    1.00000    1.00000
     1.00000    15.6812    1.60503   -5.10000    1.00000    1.00000
     1.00000   -25.0334   -1.69230   -1.57216    1.00000    1.00000
     1.00000    16.2456    4.13655   0.327293    1.00000    1.00000
     1.00000   -12.3515   -3.74010   0.611351    1.00000    1.00000
     1.00000    16.3496   -4.33107   0.609650    1.00000    1.00000
     1.00000   -13.6573   -3.44974   -2.29733    1.00000    1.00000
     1.00000    5.18103    5.77565    2.91203    1.00000    1.00000
     1.00000   -5.84681   0.612835   -3.71311    1.00000    1.00000
     1.00000    13.7669   0.369652   -1.48961    1.00000    1.00000
     1.00000   -26.8608    4.32542   0.834816    1.00000    1.00000
     1.00000    13.7801    6.45359    7.60294    1.00000    1.00000
     1.00000   -3.00004   -3.56488    1.19760    1.00000    1.00000
     1.00000    17.3275   -6.80253   -1.45937    1.00000    1.00000
     1.00000   -17.8163   -2.73805  -0.772198    1.00000    1.00000
     1.00000    10.8262    6.30180    1.42507    1.00000    1.00000
     1.00000    1.80617    1.20327   -2.66541    1.00000    1.00000
     1.00000    11.8501    3.58967   -4.49831    1.00000    1.00000
     1.00000   -21.9123    1.01384   0.163601    1.00000    1.00000
     1.00000    13.0935    10.7201   -1.80030    1.00000    1.00000
     1.00000   -7.85558   -2.98650  -0.185638    1.00000    1.00000
     1.00000   10.21936   -3.46632  -0.868801    1.00000    1.00000
     1.00000   -12.8204   -6.06810   0.136200    1.00000    1.00000
     1.00000    3.40134    4.43797   0.425983    1.00000    1.00000
     1.00000  -0.214029   0.605469   -2.08324    1.00000    1.00000
     1.00000    15.4771  -0.661327   -1.37854    1.00000    1.00000
     1.00000   -25.3701    1.71465   -1.57803    1.00000    1.00000
     1.00000    13.8681    6.52549    3.32505    1.00000    1.00000
     1.00000  -0.779575   -3.04882    1.49379    1.00000    1.00000
     1.00000    12.6527   -9.56506   -4.24931    1.00000    1.00000
     1.00000   -17.3776   -4.69149    2.62137    1.00000    1.00000
     1.00000    9.67411    3.23952    5.17986    1.00000    1.00000
     1.00000    1.98434   0.560028  -0.456284    1.00000    1.00000
     1.00000    12.7010   -1.03164   -2.43836    1.00000    1.00000
     1.00000   -22.9728   -1.37518   -1.83644    1.00000    1.00000
     1.00000    14.7600    3.62438    1.65792    1.00000    1.00000
     1.00000   -9.66703  -0.991352  -0.903259    1.00000    1.00000
     1.00000    13.3365   -5.48879   0.296070    1.00000    1.00000
     1.00000   -14.0367   -4.03782  -0.423767    1.00000    1.00000
     1.00000    5.45486    3.98585    3.76151    1.00000    1.00000
     1.00000   -7.83739   -2.37011   -3.41477    1.00000    1.00000
     1.00000    13.2923    2.05640  -0.509315    1.00000    1.00000
     1.00000   -28.2544    4.34106    2.26928    1.00000    1.00000
     1.00000    13.0621    7.07653    5.84326    1.00000    1.00000
     1.00000   -5.08957  -0.776436   0.756378    1.00000    1.00000
     1.00000    14.6822   -8.94280  -0.823292    1.00000    1.00000
     1.00000   -19.1347   -3.12363   -2.22591    1.00000    1.00000
     1.00000    9.59478    5.76470    3.85398    1.00000    1.00000
     1.00000    1.36643  -0.613262   -1.95348    1.00000    1.00000
     1.00000    13.5138    1.39965   -4.80982    1.00000    1.00000
     1.00000   -23.3890    1.92914  -0.827141    1.00000    1.00000
     1.00000    14.2730    8.92152   0.370956    1.00000    1.00000
     1.00000   -7.96733   -4.85890   0.508354    1.00000    1.00000
     1.00000    12.0454   -4.21773  -0.551003    1.00000    1.00000
     1.00000   -13.7119   -6.78455    1.77695    1.00000    1.00000
     1.00000    2.39314    5.22585    1.96312    1.00000    1.00000
     1.00000   -3.34936   -1.27857   -2.40327    1.00000    1.00000
     1.00000    16.4668  -0.919132   0.363544    1.00000    1.00000
     1.00000   -28.3652    3.74381   -1.14597    1.00000    1.00000
     1.00000    12.3056    5.32466    2.98370    1.00000    1.00000
     1.00000   -3.13508  -0.752117  -0.391205    1.00000    1.00000
     1.00000    14.0211   -10.7922   -1.20081    1.00000    1.00000
     1.00000   -16.0383   -1.40858    1.21671    1.00000    1.00000
     1.00000    7.91216    2.29332    5.19476    1.00000    1.00000
     1.00000    4.07177    1.93238    6.57768E-02    1.00000    1.00000
     1.00000    14.7903  -0.171909   -5.32091    1.00000    1.00000
     1.00000   -24.2893  -0.998966   -3.29427    1.00000    1.00000
     1.00000    15.0879    5.53508    1.16626    1.00000    1.00000
     1.00000   -12.0203   -1.76949   0.527996    1.00000    1.00000
     1.00000    17.6187   -4.93186  -0.814545    1.00000    1.00000
     1.00000   -14.6063   -3.95226   -3.98464    1.00000    1.00000
     1.00000    3.88852    7.25716    3.27883    1.00000    1.00000
     1.00000   -4.90622   -1.15113   -3.65225    1.00000    1.00000
     1.00000    13.4795   0.333691   0.489300    1.00000    1.00000
     1.00000   -26.1832    5.78462  -0.353302    1.00000    1.00000
     1.00000    13.7291    4.46569    7.81659    1.00000    1.00000
     1.00000   -4.16542   -2.40656    5.73502E-02    1.00000    1.00000
     1.00000    15.5728   -7.16964  -0.572773    1.00000    1.00000
     1.00000   -18.6616   -1.12079    4.63257E-02    1.00000    1.00000
     1.00000   10.49938    4.63192    2.47611    1.00000    1.00000
     1.00000    1.12794    1.22164   -4.54680    1.00000    1.00000
     1.00000    13.6587    3.38499   -5.32731    1.00000    1.00000
     1.00000   -20.3721  -0.206814   0.534958    1.00000    1.00000
     1.00000    12.8929   10.35299   0.155449    1.00000    1.00000
     1.00000   -8.05006   -1.04938   0.272335    1.00000    1.00000
     1.00000    9.00348   -4.59819   -1.98257    1.00000    1.00000
     1.00000   -12.5513   -4.88958   -1.45712    1.00000    1.00000
     1.00000    3.35899    3.22181    2.01318    1.00000    1.00000
     1.00000   -2.16285   0.228874   -1.83775    1.00000    1.00000
     1.00000    15.4118   -2.42121  -0.430618    1.00000    1.00000
     1.00000   -26.9858   0.556591   -1.79811    1.00000    1.00000
     1.00000    14.4177    7.92594    4.64290    1.00000    1.00000
     1.00000   -2.05485   -1.56383    1.08332    1.00000    1.00000
     1.00000    12.8319   -9.57998   -2.25740    1.00000    1.00000
     1.00000   -16.1424   -3.12477    2.76163    1.00000    1.00000
     1.00000    9.19152    3.67046    7.07232    1.00000    1.00000
     1.00000    2.39038    1.71336    1.12642    1.00000    1.00000
     1.00000    14.3910  -0.893532   -3.49887    1.00000    1.00000
     1.00000   -22.3967   0.498688   -2.23238    1.00000    1.00000
     1.00000    14.7059    1.64613    1.36878    1.00000    1.00000
     1.00000  -10.11899   -1.37481    1.00689    1.00000    1.00000
     1.00000    14.7074   -4.29036  -0.531185    1.00000    1.00000
     1.00000   -15.7073   -3.01110   -3.01514E-02    1.00000    1.00000
     1.00000    3.48934    4.34267    3.66444    1.00000    1.00000
     1.00000   -5.91890   -2.87573   -3.66725    1.00000    1.00000
     1.00000    15.0375    2.85685   -1.06913    1.00000    1.00000
     1.00000   -30.0140    4.88504    3.04906    1.00000    1.00000
     1.00000    11.3869    6.87355    6.91690    1.00000    1.00000
     1.00000   -6.79057  -0.812241    1.80773    1.00000    1.00000
