     1.00000   -5.34446  -0.772087   0.801102    1.00000    1.00000
     1.00000    12.5618   -4.87440   -6.38245    1.00000    1.00000
     1.00000    4.79447    14.3961   10.00203    1.00000    1.00000
     1.00000   -6.44254  -0.762650  -0.870426    1.00000    1.00000
     1.00000   -8.62117   -7.04079E-02    7.17288    1.00000    1.00000
     1.00000    3.36681   -7.89153   -3.13824    1.00000    1.00000
     1.00000    5.49843    3.92261    9.09258    1.00000    1.00000
     1.00000   -6.44109   -5.09277   -9.16825    1.00000    1.00000
     1.00000    1.79214   0.351032    4.36287    1.00000    1.00000
     1.00000    14.7755   0.941830   -13.8197    1.00000    1.00000
     1.00000   0.224998    11.4162    7.57439    1.00000    1.00000
     1.00000    4.77219E-03   -4.10643   -6.25632    1.00000    1.00000
     1.00000   -7.76440    7.99105  -0.570633    1.00000    1.00000
     1.00000  -0.278893   -4.41642   -4.23423    1.00000    1.00000
     1.00000    4.11806    3.39089    2.29048    1.00000    1.00000
     1.00000   -12.1266   -5.17242   -7.55831    1.00000    1.00000
     1.00000   -3.93594   0.647198   0.759750    1.00000    1.00000
     1.00000    8.06232   -1.21375   -9.99919    1.00000    1.00000
     1.00000    3.38044    10.8816    14.5145    1.00000    1.00000
     1.00000   -4.85982   -3.64893   -4.85550    1.00000    1.00000
     1.00000   -8.58005  -0.731628    9.05996    1.00000    1.00000
     1.00000    5.76197   -8.51672   -6.28961    1.00000    1.00000
     1.00000    11.4907    3.85575    8.21172    1.00000    1.00000
     1.00000   -6.94399   -1.49372   -7.45866    1.00000    1.00000
     1.00000   -5.12677    2.28490    6.35551    1.00000    1.00000
     1.00000    11.9926   -2.93370   -8.35024    1.00000    1.00000
     1.00000    5.56120    4.49663    7.17776    1.00000    1.00000
     1.00000   -3.84390   -2.33986   -9.69285    1.00000    1.00000
     1.00000   -9.02022    9.61223   0.337933    1.00000    1.00000
     1.00000   0.317993   -7.37632   -1.33232    1.00000    1.00000
     1.00000    8.02558    3.97123    5.67931    1.00000    1.00000
     1.00000   -15.1672   -6.32228   -5.47907    1.00000    1.00000
     1.00000   -3.73095   -1.91035    3.91946    1.00000    1.00000
     1.00000    9.49409   -4.96227   -6.17044    1.00000    1.00000
     1.00000    2.32477    12.4112    13.7756    1.00000    1.00000
     1.00000   -5.33018   -3.26927  -0.564056    1.00000    1.00000
     1.00000   -7.01117    2.95495    6.35931    1.00000    1.00000
     1.00000    4.27695   -5.47807   -5.37022    1.00000    1.00000
     1.00000    8.52888    5.04298    9.57489    1.00000    1.00000
     1.00000   -8.34480   -4.26823   -7.83460    1.00000    1.00000
     1.00000  -0.827221   -1.18867    3.86774    1.00000    1.00000
     1.00000    14.5628   -1.05070   -11.9089    1.00000    1.00000
     1.00000    2.79807    9.01251    9.65747    1.00000    1.00000
     1.00000   -1.82663   -3.53304   -6.81953    1.00000    1.00000
     1.00000   -7.66689    5.08839    3.19832    1.00000    1.00000
     1.00000    1.72978   -5.06536   -4.51293    1.00000    1.00000
     1.00000    4.59750   0.786945    5.20465    1.00000    1.00000
     1.00000   -11.7411   -3.27545   -8.06120    1.00000    1.00000
     1.00000   -6.05173    1.99929    2.52963    1.00000    1.00000
     1.00000    8.65819   -3.11712  -10.14800    1.00000    1.00000
     1.00000    3.44894    8.57985    11.4984    1.00000    1.00000
     1.00000   -7.29672   -6.01590   -2.81908    1.00000    1.00000
     1.00000   -10.5926   -2.64942    10.7917    1.00000    1.00000
     1.00000    8.25864   -6.45997   -5.69027    1.00000    1.00000
     1.00000    9.21843    3.32848    11.6698    1.00000    1.00000
     1.00000   -9.45792   -2.18124  -10.30793    1.00000    1.00000
     1.00000   -2.85131    1.83632    4.83035    1.00000    1.00000
     1.00000    14.2361   -2.89821   -7.67973    1.00000    1.00000
     1.00000    3.24529    5.90189    7.31461    1.00000    1.00000
     1.00000   -4.78006   -2.43166   -6.44040    1.00000    1.00000
     1.00000   -8.11446    9.05166   -3.37749    1.00000    1.00000
     1.00000  -0.250019   -6.91925   0.530052    1.00000    1.00000
     1.00000    8.90509    3.79390    7.46677    1.00000    1.00000
     1.00000   -12.9046   -5.94785   -4.65950    1.00000    1.00000
     1.00000   -4.10446  -0.703697    2.36882    1.00000    1.00000
     1.00000    12.4482   -6.31389   -4.99864    1.00000    1.00000
     1.00000    3.44233    13.0751    10.6552    1.00000    1.00000
     1.00000   -5.06521   -1.79479   -1.88908    1.00000    1.00000
     1.00000   -8.11230    1.81968    7.58352    1.00000    1.00000
     1.00000    3.48153   -5.94810   -3.59642    1.00000    1.00000
     1.00000    5.22485    2.00638    8.58937    1.00000    1.00000
     1.00000   -5.04319   -6.02835  -10.25018    1.00000    1.00000
     1.00000    3.47908  -0.714405    4.50101    1.00000    1.00000
     1.00000    14.2247  -0.979931   -13.8789    1.00000    1.00000
     1.00000   0.903255    10.7320    9.32707    1.00000    1.00000
     1.00000   0.759060   -5.48980   -7.48812    1.00000    1.00000
     1.00000   -8.08163    6.20057   0.262161    1.00000    1.00000
     1.00000   0.836761   -2.89555   -4.89927    1.00000    1.00000
     1.00000    5.53420    2.00642    2.56939    1.00000    1.00000
     1.00000  -10.48679   -4.67369   -6.52764    1.00000    1.00000
     1.00000   -5.31526    2.09283   0.672523    1.00000    1.00000
     1.00000    6.19020  -0.511848  -10.04909    1.00000    1.00000
     1.00000    5.23484   10.21126    14.1801    1.00000    1.00000
     1.00000   -5.86629   -5.00706   -3.78662    1.00000    1.00000
     1.00000   -7.48291   -2.25571    9.74806    1.00000    1.00000
     1.00000    5.82196   -6.74803   -5.35787    1.00000    1.00000
     1.00000   10.13449    3.85529    9.68165    1.00000    1.00000
     1.00000   -7.91779   -2.58340   -8.82405    1.00000    1.00000
     1.00000   -4.18642   0.639507    5.71642    1.00000    1.00000
     1.00000    13.1830   -3.26462   -9.92292    1.00000    1.00000
     1.00000    5.16831    6.44592    7.39200    1.00000    1.00000
     1.00000   -3.30695   -2.59503   -7.78325    1.00000    1.00000
     1.00000   -10.7009    8.57934    8.65555E-03    1.00000    1.00000
     1.00000    1.47555   -7.26604   -2.95956    1.00000    1.00000
     1.00000    6.45664    2.77648    5.34609    1.00000    1.00000
     1.00000   -14.6115   -5.81853   -3.62505    1.00000    1.00000
     1.00000   -3.43359   -3.76489    3.23225    1.00000    1.00000
     1.00000    10.9328   -4.35052   -7.41777    1.00000    1.00000
     1.00000    3.69481    13.3061    12.6257    1.00000    1.00000
     1.00000   -4.86699   -4.34330   -2.18637    1.00000    1.00000
     1.00000   -6.86119    3.94590    4.62856    1.00000    1.00000
     1.00000    5.51633   -4.08825   -4.64060    1.00000    1.00000
     1.00000    7.38285    3.40488    9.51794    1.00000    1.00000
     1.00000   -7.78247   -6.16294   -8.14090    1.00000    1.00000
     1.00000    1.11992   -1.27971    3.42010    1.00000    1.00000
     1.00000    12.8395   -1.88224   -11.3269    1.00000    1.00000
     1.00000    2.12264   10.43961    10.8852    1.00000    1.00000
     1.00000   -2.45731   -5.41376   -6.56435    1.00000    1.00000
     1.00000   -8.13203    6.74870    2.18492    1.00000    1.00000
     1.00000   0.721748   -5.41865   -2.82205    1.00000    1.00000
     1.00000    4.75175    2.57413    4.32023    1.00000    1.00000
     1.00000   -13.5188   -3.90944   -8.72284    1.00000    1.00000
     1.00000   -4.28584    1.76397    3.43863    1.00000    1.00000
     1.00000    9.47882   -4.33572   -8.79097    1.00000    1.00000
     1.00000    4.39794   10.11158    12.3663    1.00000    1.00000
     1.00000   -7.81110   -6.44852   -4.70276    1.00000    1.00000
     1.00000   -8.77788   -1.93743    11.2386    1.00000    1.00000
     1.00000    7.63329   -8.35764   -5.60198    1.00000    1.00000
     1.00000    11.0633    4.06589    11.4403    1.00000    1.00000
     1.00000   -9.87302   -2.65132   -8.40880    1.00000    1.00000
     1.00000   -2.38916   -6.38046E-02    4.41091    1.00000    1.00000
     1.00000    15.0274   -2.62017   -9.49533    1.00000    1.00000
     1.00000    3.28239    7.30075    8.74353    1.00000    1.00000
     1.00000   -5.25973  -0.553047   -6.93103    1.00000    1.00000
     1.00000   -8.21671    9.70810   -1.49105    1.00000    1.00000
     1.00000  -0.630497   -8.87379   0.342903    1.00000    1.00000
     1.00000    8.81705    2.25085    8.73612    1.00000    1.00000
     1.00000   -10.9410   -5.60143   -4.81505    1.00000    1.00000
