     1.00000    2.38115    10.6499   -4.44129    1.00000    1.00000
     1.00000    2.33068   -10.5918   -3.45226    1.00000    1.00000
     1.00000    2.29988    8.61761  -0.186821    1.00000    1.00000
     1.00000  -0.304317   -6.26224    6.52991    1.00000    1.00000
     1.00000   -8.34214   -11.4214   -5.03139    1.00000    1.00000
     1.00000    7.10678E-03   -8.06518   -4.48426    1.00000    1.00000
     1.00000   0.819836    11.1545    1.15895    1.00000    1.00000
     1.00000   -1.18524   0.443321    11.7619    1.00000    1.00000
     1.00000   -2.28294    3.85556   -3.00565    1.00000    1.00000
     1.00000   -1.48085   -12.7404  -0.763718    1.00000    1.00000
     1.00000    5.13626    16.6647   -3.86661    1.00000    1.00000
     1.00000   -2.19336   -12.2996    1.05233    1.00000    1.00000
     1.00000   -5.23657   -1.82288  -0.497269    1.00000    1.00000
     1.00000    6.43121   -4.39937  -0.700073    1.00000    1.00000
     1.00000   -3.07134    7.94227    3.83519    1.00000    1.00000
     1.00000   -2.02875  -0.822948    6.06563    1.00000    1.00000
     1.00000   -1.14032    5.90663  -0.922653    1.00000    1.00000
     1.00000    5.38520   -9.03864  -0.314888    1.00000    1.00000
     1.00000    5.34114    11.7094  -0.180321    1.00000    1.00000
     1.00000    1.85187   -4.29081    4.34391    1.00000    1.00000
     1.00000   -7.02309   -9.42673   -5.15580    1.00000    1.00000
     1.00000    3.95673   -5.48792    8.03604E-02    1.00000    1.00000
     1.00000    2.95189    5.71721    4.78595    1.00000    1.00000
     1.00000    1.23218    4.96693    5.47860    1.00000    1.00000
     1.00000   -3.70114    1.93185   -2.56541    1.00000    1.00000
     1.00000   -1.13693   -7.77754   -1.26244    1.00000    1.00000
     1.00000    8.14031    15.6255   -2.57098    1.00000    1.00000
     1.00000   -3.09118   -5.34725    1.07641    1.00000    1.00000
     1.00000   -7.41128   -5.58038   -1.17334    1.00000    1.00000
     1.00000    6.58470  -0.660236   -1.16606    1.00000    1.00000
     1.00000   -3.53634    10.9896   -5.26379    1.00000    1.00000
     1.00000   -2.36289   -5.58018    4.92889    1.00000    1.00000
     1.00000    4.44160    11.1877   -7.22884    1.00000    1.00000
     1.00000    4.10617   -13.2735   0.681816    1.00000    1.00000
     1.00000    4.47466    7.13580   0.337170    1.00000    1.00000
     1.00000  -0.389935   -7.59330    4.81667    1.00000    1.00000
     1.00000  -10.12009   -10.7782   -5.68340    1.00000    1.00000
     1.00000    2.55210   -4.08630   -3.09707    1.00000    1.00000
     1.00000   0.511692    9.40275   0.244381    1.00000    1.00000
     1.00000   0.486820    1.11422    10.8935    1.00000    1.00000
     1.00000   -2.96357    6.42979   -2.40446    1.00000    1.00000
     1.00000    1.99968   -13.9316  -0.377602    1.00000    1.00000
     1.00000    3.87187    17.5859   -5.11265    1.00000    1.00000
     1.00000   -3.64118   -11.0132   0.553402    1.00000    1.00000
     1.00000   -3.08659  -0.538073  -0.510391    1.00000    1.00000
     1.00000    8.24997   -2.74415   0.119083    1.00000    1.00000
     1.00000   -2.75834    9.55838    2.69932    1.00000    1.00000
     1.00000   -1.40972   -1.57237    4.26534    1.00000    1.00000
     1.00000    7.02171E-02    8.92983   -2.25083    1.00000    1.00000
     1.00000    3.60657   -8.60850   -1.37455    1.00000    1.00000
     1.00000    5.45183    14.1972   -1.23924    1.00000    1.00000
     1.00000    2.22001   -1.14206    5.49533    1.00000    1.00000
     1.00000   -7.71546   -8.57826   -3.48227    1.00000    1.00000
     1.00000   0.545956   -4.54627  -0.163246    1.00000    1.00000
     1.00000   0.563831    8.28521    1.90220    1.00000    1.00000
     1.00000   -1.70069    1.70215    8.32196    1.00000    1.00000
     1.00000   -5.14443   -1.10184   -4.69427    1.00000    1.00000
     1.00000  -0.428104   -11.3375   -2.34286    1.00000    1.00000
     1.00000    5.56218    13.6274   -3.15317    1.00000    1.00000
     1.00000   -3.67944   -7.64936    1.21493    1.00000    1.00000
     1.00000   -6.64069   -2.46837   -1.76683    1.00000    1.00000
     1.00000    5.20758   0.614674   -1.85753    1.00000    1.00000
     1.00000   -3.40235    11.4775   -1.83870    1.00000    1.00000
     1.00000   -4.86467   -2.50132    2.96459    1.00000    1.00000
     1.00000    3.28739   10.00420   -6.10316    1.00000    1.00000
     1.00000    3.39729   -12.1482   -2.78910    1.00000    1.00000
     1.00000    3.42064    8.96956    1.43183    1.00000    1.00000
     1.00000   0.172787   -4.72828    5.33855    1.00000    1.00000
     1.00000   -6.90966   -11.0146   -6.36649    1.00000    1.00000
     1.00000    1.68956   -7.97383   -3.40676    1.00000    1.00000
     1.00000  -0.778381    12.0535   0.360462    1.00000    1.00000
     1.00000   -2.29515    1.41973    13.1090    1.00000    1.00000
     1.00000   -1.19534    4.84012   -4.36498    1.00000    1.00000
     1.00000   0.124111   -13.4940   0.161629    1.00000    1.00000
     1.00000    5.54471    14.8936   -4.70118    1.00000    1.00000
     1.00000   -2.18445   -10.7118    2.26835    1.00000    1.00000
     1.00000   -5.57893   -1.03590    1.30923    1.00000    1.00000
     1.00000    5.16115   -4.06705   0.808735    1.00000    1.00000
     1.00000   -3.13211    5.95458    4.04827    1.00000    1.00000
     1.00000   -2.48311    1.04977    6.60085    1.00000    1.00000
     1.00000   -1.38466    7.58348   -1.98494    1.00000    1.00000
     1.00000    4.23552   -7.46741   0.142792    1.00000    1.00000
     1.00000    4.79552   10.11568   -1.25840    1.00000    1.00000
     1.00000    2.52327   -3.95758    6.19815    1.00000    1.00000
     1.00000   -6.02429   -8.11988   -6.29357    1.00000    1.00000
     1.00000    2.72075   -5.81545   -1.45752    1.00000    1.00000
     1.00000    1.61959    5.67138    3.29501    1.00000    1.00000
     1.00000    6.24886E-02    3.76112    6.56389    1.00000    1.00000
     1.00000   -1.94415    2.36631   -1.71438    1.00000    1.00000
     1.00000  -0.831692   -9.38010   -2.41943    1.00000    1.00000
     1.00000    8.76947    13.8492   -3.24112    1.00000    1.00000
     1.00000   -2.29196   -6.07333    2.75988    1.00000    1.00000
     1.00000   -5.84544   -6.01424   -2.33949    1.00000    1.00000
     1.00000    8.02364  -0.211109   -2.48049    1.00000    1.00000
     1.00000   -4.46968    11.2703   -3.51735    1.00000    1.00000
     1.00000   -3.13641   -3.82809    4.35282    1.00000    1.00000
     1.00000    3.00678   10.22839   -8.23931    1.00000    1.00000
     1.00000    3.14970   -12.3549  -0.815273    1.00000    1.00000
     1.00000    5.12472    9.02656   0.386429    1.00000    1.00000
     1.00000  -0.666561   -5.83687    3.90101    1.00000    1.00000
     1.00000  -10.18469   -9.70081   -3.99963    1.00000    1.00000
     1.00000    2.13792   -6.02531   -3.35917    1.00000    1.00000
     1.00000   0.353283    7.66298  -0.729336    1.00000    1.00000
     1.00000  -0.969440   0.446510    9.69624    1.00000    1.00000
     1.00000   -4.02655    4.83479   -2.97549    1.00000    1.00000
     1.00000    2.14311   -15.6560   -1.38047    1.00000    1.00000
     1.00000    5.62330    18.5510   -5.07833    1.00000    1.00000
     1.00000   -3.25095   -9.14437   -4.25873E-02    1.00000    1.00000
     1.00000   -4.50211  -0.625097   -1.92061    1.00000    1.00000
     1.00000    6.31767   -2.44309  -0.299957    1.00000    1.00000
     1.00000   -1.91356    10.6891    1.28233    1.00000    1.00000
     1.00000   -2.08707   -2.78862    5.70129    1.00000    1.00000
     1.00000    1.86118    9.62886   -2.80203    1.00000    1.00000
     1.00000    3.97428  -10.55476   -1.09729    1.00000    1.00000
     1.00000    6.68887    12.6287   -1.33730    1.00000    1.00000
     1.00000    2.67559   -2.48658    4.08653    1.00000    1.00000
     1.00000   -7.96656   -7.34858   -1.92508    1.00000    1.00000
     1.00000    2.22316   -4.88260   0.873032    1.00000    1.00000
     1.00000   0.556057    6.29357    1.71965    1.00000    1.00000
     1.00000   -1.26789    3.63601    8.05198    1.00000    1.00000
     1.00000   -4.22577   0.336916   -3.65213    1.00000    1.00000
     1.00000   0.920574   -12.3763   -1.29312    1.00000    1.00000
     1.00000    7.20619    12.8443   -3.98026    1.00000    1.00000
     1.00000   -2.07547   -8.01908    2.35098    1.00000    1.00000
     1.00000   -7.86794   -3.67913  -0.752953    1.00000    1.00000
     1.00000    4.46395  -0.580315  -0.436607    1.00000    1.00000
     1.00000   -2.82581    11.9428    1.90239E-02    1.00000    1.00000
     1.00000   -4.95694   -4.35372    3.71299    1.00000    1.00000
