     1.00000   -7.50263    11.0243   0.741077    1.00000    1.00000
     1.00000    5.39887   -3.17593    2.57915    1.00000    1.00000
     1.00000   -5.26794   -5.87308    8.10116    1.00000    1.00000
     1.00000    3.75301   -2.26680    1.89766    1.00000    1.00000
     1.00000   -14.0916   -2.03245   -1.08130    1.00000    1.00000
     1.00000    20.3253    1.09668   -5.84295    1.00000    1.00000
     1.00000    3.31552   -2.77843    5.14841    1.00000    1.00000
     1.00000    1.58083    2.26294   -2.95557    1.00000    1.00000
     1.00000   -9.18621    3.49853   -3.53196    1.00000    1.00000
     1.00000    4.82459    2.52155    5.51116    1.00000    1.00000
     1.00000   -8.97938   -4.19432    1.98184    1.00000    1.00000
     1.00000   0.493620    1.06350   -6.01470    1.00000    1.00000
     1.00000   -8.02023  -0.377918   -3.18808    1.00000    1.00000
     1.00000    12.0741   -3.43721  -0.776213    1.00000    1.00000
     1.00000   0.618334   -3.76832    3.22177    1.00000    1.00000
     1.00000    1.48198    7.64538   -7.25162    1.00000    1.00000
     1.00000   -8.66290    7.06401   -2.08868    1.00000    1.00000
     1.00000   10.44376   -2.53522    1.65505    1.00000    1.00000
     1.00000   -5.57732   -2.01588    6.23269    1.00000    1.00000
     1.00000    5.58490   -1.45226   -1.46354    1.00000    1.00000
     1.00000   -12.8669   -4.53741   -3.75018    1.00000    1.00000
     1.00000    20.1113  -0.825416   -6.35259    1.00000    1.00000
     1.00000  -0.158430   -6.57677    2.68735    1.00000    1.00000
     1.00000   -1.53735    5.31967   -3.64025    1.00000    1.00000
     1.00000   -12.3522    3.60957   -2.29281    1.00000    1.00000
     1.00000    1.87612    2.94446    7.07436    1.00000    1.00000
     1.00000   -9.80732   -2.23974    1.05306    1.00000    1.00000
     1.00000    4.80922   -4.11724   -4.28303    1.00000    1.00000
     1.00000   -9.19433   -1.22965   -1.61200    1.00000    1.00000
     1.00000    16.3724  -0.351819   -2.49058    1.00000    1.00000
     1.00000   0.911970   -5.30096    11.5505    1.00000    1.00000
     1.00000    3.12229    6.96672   -1.50065    1.00000    1.00000
     1.00000   -6.58253    9.36866    9.89513E-02    1.00000    1.00000
     1.00000    5.57988   -1.19576    4.72140    1.00000    1.00000
     1.00000   -5.77701   -5.65855    6.17897    1.00000    1.00000
     1.00000    1.67759   -3.66391   -5.61333E-03    1.00000    1.00000
     1.00000   -10.8618   -1.58226  -0.565457    1.00000    1.00000
     1.00000    19.9785    1.72620   -7.70934    1.00000    1.00000
     1.00000    5.15063   -4.28092    4.60891    1.00000    1.00000
     1.00000  -0.331341    3.29719   -4.10596    1.00000    1.00000
     1.00000  -10.15052    6.82652   -3.40420    1.00000    1.00000
     1.00000    5.21763   0.565709    5.65329    1.00000    1.00000
     1.00000   -8.47258   -3.50355    4.58549    1.00000    1.00000
     1.00000    4.02470  -0.376527   -5.13279    1.00000    1.00000
     1.00000   -6.81337   -1.30184   -1.88814    1.00000    1.00000
     1.00000    12.9125   -3.35922    1.03789    1.00000    1.00000
     1.00000  -0.965235   -4.02424    6.46302    1.00000    1.00000
     1.00000    2.67902    8.05457   -8.80071    1.00000    1.00000
     1.00000   -6.98478    9.45121   -3.88639    1.00000    1.00000
     1.00000    9.64941   -2.42204    4.70359    1.00000    1.00000
     1.00000   -4.06602   -5.41285    5.17294    1.00000    1.00000
     1.00000    6.23551   -4.55170   -2.51050    1.00000    1.00000
     1.00000   -15.0351   -3.55046   -6.74619    1.00000    1.00000
     1.00000    16.4860   -3.68719E-02   -6.31136    1.00000    1.00000
     1.00000    1.71948   -5.63949    5.72704    1.00000    1.00000
     1.00000  -0.693544    7.21279   -6.77384    1.00000    1.00000
     1.00000   -15.3806    1.79647   -1.97900    1.00000    1.00000
     1.00000    2.78543    3.07838    9.82688    1.00000    1.00000
     1.00000   -11.5926   -1.43248    1.45452    1.00000    1.00000
     1.00000    2.53431   -2.98526   -3.56725    1.00000    1.00000
     1.00000   -8.15212    2.25365   -2.35683    1.00000    1.00000
     1.00000    13.3060   -1.06026  -0.909384    1.00000    1.00000
     1.00000  -0.126783   -5.16944    9.84645    1.00000    1.00000
     1.00000   0.589540    6.94057   -3.75494    1.00000    1.00000
     1.00000   -8.62956   10.28686  -0.737513    1.00000    1.00000
     1.00000    5.47980   -1.18753    2.37990    1.00000    1.00000
     1.00000   -5.33226   -4.18613    9.17357    1.00000    1.00000
     1.00000    4.03555   -2.05580   -7.10125E-02    1.00000    1.00000
     1.00000   -13.4220   -2.89160   -2.75865    1.00000    1.00000
     1.00000    22.2043   0.427598   -5.69562    1.00000    1.00000
     1.00000    3.75955   -3.87164    6.76325    1.00000    1.00000
     1.00000    3.44902    2.19646   -3.66652    1.00000    1.00000
     1.00000   -10.9699    2.61425   -3.34095    1.00000    1.00000
     1.00000    6.70465    3.20337    5.53312    1.00000    1.00000
     1.00000   -7.89154   -2.74522    2.82841    1.00000    1.00000
     1.00000   -1.14716    1.78183   -5.12484    1.00000    1.00000
     1.00000   -7.10459   0.943134   -4.37823    1.00000    1.00000
     1.00000    11.3972   -1.56453  -0.589426    1.00000    1.00000
     1.00000   0.596643   -4.07105    5.19860    1.00000    1.00000
     1.00000   0.840389    8.04883   -5.40079    1.00000    1.00000
     1.00000   -9.60485    8.61967   -1.25641    1.00000    1.00000
     1.00000    9.33986   -1.49501    2.95865    1.00000    1.00000
     1.00000   -4.53037   -3.47595    5.35400    1.00000    1.00000
     1.00000    3.63515   -1.33657   -1.89375    1.00000    1.00000
     1.00000   -13.8136   -3.25747   -4.96074    1.00000    1.00000
     1.00000    18.2258  -0.799760   -5.68599    1.00000    1.00000
     1.00000   -1.90313   -7.34561    3.29143    1.00000    1.00000
     1.00000   -2.29970    3.47768   -3.80103    1.00000    1.00000
     1.00000   -12.1653    5.59857   -2.38722    1.00000    1.00000
     1.00000    3.79502    2.40024    7.22150    1.00000    1.00000
     1.00000   -10.8469   -3.51092    2.19470    1.00000    1.00000
     1.00000    4.01931   -2.33756   -4.73997    1.00000    1.00000
     1.00000   -7.83499   -1.62675  -0.199733    1.00000    1.00000
     1.00000    17.9345  -0.561681   -3.72169    1.00000    1.00000
     1.00000    2.18060   -4.58135    12.9190    1.00000    1.00000
     1.00000    1.26492    7.54058   -1.97060    1.00000    1.00000
     1.00000   -5.32886    8.56262   -1.23469    1.00000    1.00000
     1.00000    6.99309   -1.88555    3.48567    1.00000    1.00000
     1.00000   -7.35604   -4.45338    5.94606    1.00000    1.00000
     1.00000    1.90656   -3.03507    1.87910    1.00000    1.00000
     1.00000   -12.0677   -1.54694   -2.16064    1.00000    1.00000
     1.00000    19.2407    2.24105   -9.49556    1.00000    1.00000
     1.00000    3.20733   -4.73410    4.74389    1.00000    1.00000
     1.00000    1.15681    4.20969   -3.12987    1.00000    1.00000
     1.00000   -8.73262    5.42508   -3.24445    1.00000    1.00000
     1.00000    5.92385  -0.997560    6.68161    1.00000    1.00000
     1.00000   -8.77050   -1.97559    5.84112    1.00000    1.00000
     1.00000    2.24352    1.01081E-01   -5.90692    1.00000    1.00000
     1.00000   -5.41416   -2.16854  -0.751898    1.00000    1.00000
     1.00000    12.1090   -2.70689    2.74929    1.00000    1.00000
     1.00000  -0.760218   -2.60771    5.06608    1.00000    1.00000
     1.00000    2.34440    6.10285   -9.08146    1.00000    1.00000
     1.00000   -6.97603    8.08385   -2.42684    1.00000    1.00000
     1.00000    7.90409   -3.37004    4.46869    1.00000    1.00000
     1.00000   -2.94522   -4.29920    6.39915    1.00000    1.00000
     1.00000    5.47349   -2.76101   -2.97178    1.00000    1.00000
     1.00000   -13.3607   -2.45663   -6.73656    1.00000    1.00000
     1.00000    16.2757    1.94602   -6.15683    1.00000    1.00000
     1.00000    1.34656   -6.58495    4.00453    1.00000    1.00000
     1.00000   -1.08397    6.84936   -4.84628    1.00000    1.00000
     1.00000   -14.2156    3.37838   -1.60417    1.00000    1.00000
     1.00000    2.39830    1.63731    8.49517    1.00000    1.00000
     1.00000   -12.2052   -2.85643   0.190736    1.00000    1.00000
     1.00000   0.926598   -2.48925   -4.64856    1.00000    1.00000
     1.00000   -8.22713   0.506357   -1.38661    1.00000    1.00000
     1.00000    15.3049  -0.997195  -0.927256    1.00000    1.00000
     1.00000  -0.743071   -5.34139    7.95156    1.00000    1.00000
     1.00000  -0.367092    8.69155   -3.61728    1.00000    1.00000
