     1.00000   -7.57985    2.35468    11.0332    1.00000    1.00000
     1.00000    6.96471    3.38377   -5.58361    1.00000    1.00000
     1.00000    3.29501    5.61010    1.70030    1.00000    1.00000
     1.00000    6.15224   -14.1735   -12.4142    1.00000    1.00000
     1.00000   -1.65810    2.64113    10.6590    1.00000    1.00000
     1.00000    2.92633  -0.403358   -7.53821    1.00000    1.00000
     1.00000   -2.57471    6.18303    2.39315    1.00000    1.00000
     1.00000   0.429260   -7.19617    1.81533    1.00000    1.00000
     1.00000   -9.49744  -0.510151    12.7998    1.00000    1.00000
     1.00000    7.04638    2.99797   -1.46492    1.00000    1.00000
     1.00000  -0.981276    11.6918    2.74863    1.00000    1.00000
     1.00000    2.78128   -11.8196   -10.6986    1.00000    1.00000
     1.00000   -2.61782    6.22227    12.9342    1.00000    1.00000
     1.00000  -0.934229   -8.32848   -10.8219    1.00000    1.00000
     1.00000  -10.11207    6.02087   -1.31670    1.00000    1.00000
     1.00000    4.40051  -10.24396   -7.34268    1.00000    1.00000
     1.00000   -3.21459    1.79605    11.5880    1.00000    1.00000
     1.00000    12.4307    3.38214   -7.34832    1.00000    1.00000
     1.00000    2.10431    11.2981    2.27541    1.00000    1.00000
     1.00000    5.16317   -16.5895  -10.43802    1.00000    1.00000
     1.00000   -5.31198    6.47446    9.69609    1.00000    1.00000
     1.00000    3.22944    4.37456   -4.98320    1.00000    1.00000
     1.00000   -4.18014    6.36083    3.57254    1.00000    1.00000
     1.00000    1.57052   -8.25720   0.561642    1.00000    1.00000
     1.00000   -8.49342  -0.183350    8.83437    1.00000    1.00000
     1.00000    7.02287    8.00614   -5.03717    1.00000    1.00000
     1.00000    2.13527    8.80019    6.60488    1.00000    1.00000
     1.00000    1.29908   -13.4192   -13.5874    1.00000    1.00000
     1.00000   -4.86920    4.70457    14.5655    1.00000    1.00000
     1.00000    2.51067   -1.69889   -6.07232    1.00000    1.00000
     1.00000   -9.19716    4.84202    2.15247    1.00000    1.00000
     1.00000    6.38234  -10.50674   -7.40007    1.00000    1.00000
     1.00000   -9.24039    1.46719    12.9550    1.00000    1.00000
     1.00000    5.82526    2.07311   -6.57548    1.00000    1.00000
     1.00000    2.42022    8.11323   -1.49946    1.00000    1.00000
     1.00000    5.67487   -15.0857   -14.1289    1.00000    1.00000
     1.00000   -4.84192    5.01283    10.9778    1.00000    1.00000
     1.00000    3.22628   0.654831   -5.86780    1.00000    1.00000
     1.00000  -0.457811    5.81276    1.67844    1.00000    1.00000
     1.00000    2.25580   -4.85880    1.89600    1.00000    1.00000
     1.00000   -12.3439   -2.85041    10.8336    1.00000    1.00000
     1.00000    5.25241    5.96288   -3.13822    1.00000    1.00000
     1.00000   0.525095    8.65769    3.49121    1.00000    1.00000
     1.00000    1.57822   -9.66978   -13.2148    1.00000    1.00000
     1.00000    6.65474E-03    9.34790    11.2246    1.00000    1.00000
     1.00000    2.23844   -7.08484   -8.60124    1.00000    1.00000
     1.00000   -10.6172    5.39160   0.513294    1.00000    1.00000
     1.00000    3.08778   -8.16499  -10.47846    1.00000    1.00000
     1.00000   -6.35246    3.20692    12.3626    1.00000    1.00000
     1.00000    9.04225    1.35474   -6.56805    1.00000    1.00000
     1.00000    1.66879    7.48697    1.98314    1.00000    1.00000
     1.00000    7.41266   -14.5428   -9.14225    1.00000    1.00000
     1.00000   -5.73503    7.41329    7.16974    1.00000    1.00000
     1.00000    1.47113    5.28736   -7.02176    1.00000    1.00000
     1.00000   -7.56599    5.04786    7.23041    1.00000    1.00000
     1.00000    4.30017   -10.7078   -3.46237    1.00000    1.00000
     1.00000   -7.88787   -1.98187    7.64178    1.00000    1.00000
     1.00000    3.66972    8.28237   -6.35717    1.00000    1.00000
     1.00000  -0.897236    6.33062    5.89539    1.00000    1.00000
     1.00000    2.74788   -13.5186   -11.7531    1.00000    1.00000
     1.00000   -5.23012    6.63064    14.9655    1.00000    1.00000
     1.00000    2.63102   -5.46844   -7.49077    1.00000    1.00000
     1.00000   -8.39004    3.18350    2.92569    1.00000    1.00000
     1.00000    5.27303  -10.06830   -5.08860    1.00000    1.00000
     1.00000   -7.17558    1.94245    9.11835    1.00000    1.00000
     1.00000    6.21661    4.92284   -4.54842    1.00000    1.00000
     1.00000    1.98701    6.34070   0.375404    1.00000    1.00000
     1.00000    5.99707   -12.8706   -13.9236    1.00000    1.00000
     1.00000   -1.39009    3.87794    12.2077    1.00000    1.00000
     1.00000    1.52441  -0.673321   -8.93883    1.00000    1.00000
     1.00000   -1.56749    7.39408    1.16072    1.00000    1.00000
     1.00000   0.709431   -5.57038    2.94595    1.00000    1.00000
     1.00000   -9.13199   -2.38878    12.2192    1.00000    1.00000
     1.00000    5.29912    3.82599  -0.953595    1.00000    1.00000
     1.00000   0.380625   10.28571    2.33853    1.00000    1.00000
     1.00000    2.07233   -12.7316   -9.06592    1.00000    1.00000
     1.00000   -1.49179    7.82201    13.3500    1.00000    1.00000
     1.00000   -9.71241E-02   -7.92621   -9.05061    1.00000    1.00000
     1.00000  -10.04695    7.91431   -1.95750    1.00000    1.00000
     1.00000    3.60390   -9.15550   -8.81939    1.00000    1.00000
     1.00000   -2.31797    2.60963E-02    11.8397    1.00000    1.00000
     1.00000    11.0160    3.23965   -5.94180    1.00000    1.00000
     1.00000    2.26638    9.31939    2.51714    1.00000    1.00000
     1.00000    5.04385   -17.1795   -8.53076    1.00000    1.00000
     1.00000   -3.34414    6.19985    9.46767    1.00000    1.00000
     1.00000    3.74755    2.57772   -5.69239    1.00000    1.00000
     1.00000   -5.15842    5.94329    5.26624    1.00000    1.00000
     1.00000    3.16006   -8.99924  -0.398956    1.00000    1.00000
     1.00000   -8.99934   -2.06079    9.30263    1.00000    1.00000
     1.00000    5.18710    7.46746   -4.45427    1.00000    1.00000
     1.00000    2.14356    8.41868    4.64162    1.00000    1.00000
     1.00000  -0.159035   -12.0507   -13.6207    1.00000    1.00000
     1.00000   -4.53666    5.66570    12.8434    1.00000    1.00000
     1.00000    3.19960   -3.55451   -6.35874    1.00000    1.00000
     1.00000   -10.8876    3.84900    1.75719    1.00000    1.00000
     1.00000    7.10779   -11.6752   -5.94807    1.00000    1.00000
     1.00000   -9.49111    1.76689    10.9935    1.00000    1.00000
     1.00000    7.24935   0.880440   -7.31676    1.00000    1.00000
     1.00000    3.68256    6.91122  -0.518806    1.00000    1.00000
     1.00000    3.84178   -14.5319   -14.7060    1.00000    1.00000
     1.00000   -3.26653    3.82956    10.6343    1.00000    1.00000
     1.00000    4.71733   0.527424   -7.19464    1.00000    1.00000
     1.00000  -0.724623    5.25108    3.57932    1.00000    1.00000
     1.00000    2.59903   -3.79556    3.55482    1.00000    1.00000
     1.00000  -10.36817   -2.59292    10.6603    1.00000    1.00000
     1.00000    4.12794    5.30323   -1.62150    1.00000    1.00000
     1.00000  -0.884356    7.24433    3.61714    1.00000    1.00000
     1.00000    1.33111   -10.7240   -11.5333    1.00000    1.00000
     1.00000   -1.70826    9.47544    12.2458    1.00000    1.00000
     1.00000    1.62529   -8.94221   -9.01861    1.00000    1.00000
     1.00000   -12.0215    4.48230  -0.582706    1.00000    1.00000
     1.00000    3.22806   -9.07072   -12.2561    1.00000    1.00000
     1.00000   -4.44573    2.79695    12.8056    1.00000    1.00000
     1.00000   10.54848    1.42078   -5.25394    1.00000    1.00000
     1.00000   0.823008    8.27618   0.351635    1.00000    1.00000
     1.00000    5.97103   -14.7614  -10.51117    1.00000    1.00000
     1.00000   -6.90229    6.45838    8.48339    1.00000    1.00000
     1.00000    2.08925    5.99489   -5.25616    1.00000    1.00000
     1.00000   -6.16774    4.36771    5.97252    1.00000    1.00000
     1.00000    4.45582   -9.85197   -1.66144    1.00000    1.00000
     1.00000   -9.10086   -3.54508    7.93339    1.00000    1.00000
     1.00000    5.58054    8.83458   -6.14774    1.00000    1.00000
     1.00000   0.608042    7.63968    6.03849    1.00000    1.00000
     1.00000    2.58661   -14.8978   -13.1925    1.00000    1.00000
     1.00000   -3.29526    6.15236    15.1314    1.00000    1.00000
     1.00000    1.82431   -4.87692   -5.75891    1.00000    1.00000
     1.00000   -7.40612    3.55984    4.62577    1.00000    1.00000
     1.00000    7.16534  -10.30976   -4.48788    1.00000    1.00000
