     1.00000    6.77305    4.02285    4.24239    1.00000    1.00000
     1.00000   -7.50270   -4.72540  -10.51182    1.00000    1.00000
     1.00000   -9.47676   10.03680   -9.68303    1.00000    1.00000
     1.00000   -3.21928   -8.57004   -4.61750    1.00000    1.00000
     1.00000    9.48152    9.26044    7.77259    1.00000    1.00000
     1.00000    4.90386   -8.25251   -1.96382    1.00000    1.00000
     1.00000   -6.58745    2.98519  -0.929230    1.00000    1.00000
     1.00000   -2.82427    2.62383    4.94240    1.00000    1.00000
     1.00000    4.85289   0.416119    6.35423    1.00000    1.00000
     1.00000   -1.95144   -5.95304   -6.26272    1.00000    1.00000
     1.00000  -10.07140    11.3306  -0.775814    1.00000    1.00000
     1.00000   -3.66815   -8.29080    5.11699    1.00000    1.00000
     1.00000    12.7323    7.48458    8.83078    1.00000    1.00000
     1.00000    4.54047   -6.97451   -7.04374    1.00000    1.00000
     1.00000   -1.88432   0.182093    1.30365    1.00000    1.00000
     1.00000    5.04785   -2.82798    2.91006    1.00000    1.00000
     1.00000    8.41385    2.66628    3.18281    1.00000    1.00000
     1.00000   -2.41186   -7.57997   -9.18418    1.00000    1.00000
     1.00000   -9.50051    9.07769   -4.62907    1.00000    1.00000
     1.00000   -2.83927   -8.22566  -0.380228    1.00000    1.00000
     1.00000    9.31799    7.02237    6.58870    1.00000    1.00000
     1.00000    8.50670   -7.66047   -2.25120    1.00000    1.00000
     1.00000   -9.88543    1.24199   -1.10872    1.00000    1.00000
     1.00000   -4.01858   -1.10423    5.33583    1.00000    1.00000
     1.00000    2.67152    2.18155    3.91274    1.00000    1.00000
     1.00000  -0.297958   -8.33048   -7.25250    1.00000    1.00000
     1.00000   -9.99451    9.35770  -0.456944    1.00000    1.00000
     1.00000  -0.932523   -6.85588   0.795015    1.00000    1.00000
     1.00000    13.4021    7.30887    12.9447    1.00000    1.00000
     1.00000    1.03433E-01   -8.75448   -9.16539    1.00000    1.00000
     1.00000   -5.29040  -0.625629    6.06651E-02    1.00000    1.00000
     1.00000   -1.15670   -1.34087    2.37677    1.00000    1.00000
     1.00000    3.85539    3.43104    4.93118    1.00000    1.00000
     1.00000   -4.26606   -6.51562  -10.14118    1.00000    1.00000
     1.00000   -10.8448    9.35328   -6.08404    1.00000    1.00000
     1.00000   -2.84098   -8.90721   -2.68276    1.00000    1.00000
     1.00000    11.4474    9.52896    8.02413    1.00000    1.00000
     1.00000    7.38423   -7.87891   -4.74920    1.00000    1.00000
     1.00000   -8.17746    4.27439   -2.39157    1.00000    1.00000
     1.00000   -1.26085    2.53891    6.36658    1.00000    1.00000
     1.00000    1.85527    1.89161    6.61837    1.00000    1.00000
     1.00000   -2.34493   -7.68196   -7.18790    1.00000    1.00000
     1.00000   -13.6515    11.4629  -0.436626    1.00000    1.00000
     1.00000   -4.44670E-02   -6.91911    3.48141    1.00000    1.00000
     1.00000    11.4052    9.83937    11.3621    1.00000    1.00000
     1.00000    4.92424   -7.80124   -5.26351    1.00000    1.00000
     1.00000  -0.472558   0.588945   -5.33371E-02    1.00000    1.00000
     1.00000    3.35091   -2.16542    3.73553    1.00000    1.00000
     1.00000    6.73666    3.97392    2.24332    1.00000    1.00000
     1.00000   -2.81674   -10.7327   -11.7930    1.00000    1.00000
     1.00000   -8.72140    8.26726   -2.29863    1.00000    1.00000
     1.00000   -2.60646   -4.99927   -1.88831    1.00000    1.00000
     1.00000    7.85632    7.30555    5.25328    1.00000    1.00000
     1.00000    7.40588   -7.38231   0.403515    1.00000    1.00000
     1.00000   -10.8202    4.25103   -1.92932    1.00000    1.00000
     1.00000   -3.10472   0.644749    5.01035    1.00000    1.00000
     1.00000  -0.859720    1.81974    1.82165    1.00000    1.00000
     1.00000   -1.37496   -9.02272   -5.24476    1.00000    1.00000
     1.00000   -8.51493    6.40066  -0.149414    1.00000    1.00000
     1.00000  -0.142835   -3.14434    3.39934    1.00000    1.00000
     1.00000    13.4964   10.27288   10.57290    1.00000    1.00000
     1.00000    2.62907   -8.74525   -9.78215    1.00000    1.00000
     1.00000   -4.53112   0.676855   -1.25349    1.00000    1.00000
     1.00000  -0.283074   -1.62310   0.599943    1.00000    1.00000
     1.00000    6.75819    5.64197    5.41638    1.00000    1.00000
     1.00000   -5.68179   -5.39357   -10.9995    1.00000    1.00000
     1.00000   -8.86109    11.8091  -10.37567    1.00000    1.00000
     1.00000   -4.82583   -7.72225   -3.78069    1.00000    1.00000
     1.00000    9.42231    9.09619    5.78023    1.00000    1.00000
     1.00000    6.62380   -7.84518   -2.89972    1.00000    1.00000
     1.00000   -7.90052    1.48222   -1.05939    1.00000    1.00000
     1.00000   -1.06265    1.77117    4.53047    1.00000    1.00000
     1.00000    2.90330   0.192574    6.74036    1.00000    1.00000
     1.00000   -2.48278   -4.24500   -5.36814    1.00000    1.00000
     1.00000   -8.12870    10.9635  -0.473938    1.00000    1.00000
     1.00000   -2.17350   -6.96650    5.22771    1.00000    1.00000
     1.00000    11.7030    5.81339    8.44647    1.00000    1.00000
     1.00000    2.98619   -7.83636   -7.96104    1.00000    1.00000
     1.00000   -3.65129   0.998358   0.843735    1.00000    1.00000
     1.00000    5.21129   -3.06091    4.88971    1.00000    1.00000
     1.00000    8.84981    3.50357    1.41961    1.00000    1.00000
     1.00000   -2.95148   -7.67213   -11.1078    1.00000    1.00000
     1.00000   -7.60758    8.78375   -4.05426    1.00000    1.00000
     1.00000   -4.02776   -9.51550   0.580919    1.00000    1.00000
     1.00000   10.15795    7.46845    8.34809    1.00000    1.00000
     1.00000    9.23565   -7.44043  -0.401819    1.00000    1.00000
     1.00000  -10.15918    6.04820E-02   0.481592    1.00000    1.00000
     1.00000   -3.50527   -7.18880E-02    6.97009    1.00000    1.00000
     1.00000    1.59796    1.97968    2.23742    1.00000    1.00000
     1.00000   -1.82634   -9.61165   -7.10201    1.00000    1.00000
     1.00000   -8.18822    8.50201  -0.385365    1.00000    1.00000
     1.00000   -5.92518E-03   -5.11869    1.14658    1.00000    1.00000
     1.00000    13.0938    9.12165    12.1580    1.00000    1.00000
     1.00000    1.44929   -7.27604   -9.11168    1.00000    1.00000
     1.00000   -6.68983   0.770527   0.364574    1.00000    1.00000
     1.00000   0.716880   -1.36773    3.07603    1.00000    1.00000
     1.00000    4.91018    4.93826    5.71584    1.00000    1.00000
     1.00000   -3.72505   -5.98916   -8.28911    1.00000    1.00000
     1.00000   -9.83754    9.90926   -7.71998    1.00000    1.00000
     1.00000   -2.18691   -7.09729   -2.13835    1.00000    1.00000
     1.00000    10.7186    10.9476    6.81731    1.00000    1.00000
     1.00000    9.28676   -8.37987   -4.38944    1.00000    1.00000
     1.00000   -7.59198    4.66540  -0.519587    1.00000    1.00000
     1.00000   -1.27188    3.05217    8.29956    1.00000    1.00000
     1.00000   0.914811    2.08239    4.86362    1.00000    1.00000
     1.00000   -4.20804   -7.48345   -6.48833    1.00000    1.00000
     1.00000   -11.9054    11.9451   -1.28447    1.00000    1.00000
     1.00000  -0.209638   -7.27853    5.44189    1.00000    1.00000
     1.00000    11.3790    8.59895    9.79343    1.00000    1.00000
     1.00000    5.22104   -6.64055   -3.66203    1.00000    1.00000
     1.00000   0.251862    1.06988   -1.85442    1.00000    1.00000
     1.00000    2.50165   -2.24744    1.92666    1.00000    1.00000
     1.00000    7.78236    5.14251    1.00198    1.00000    1.00000
     1.00000   -3.90216   -9.39927   -10.7713    1.00000    1.00000
     1.00000   -8.16700   10.14624   -2.70123    1.00000    1.00000
     1.00000   -2.46587   -6.26118  -0.343054    1.00000    1.00000
     1.00000    6.76217    8.44574    4.02739    1.00000    1.00000
     1.00000    6.93160   -9.16081  -0.378784    1.00000    1.00000
     1.00000   -11.2619    2.30736   -2.09376    1.00000    1.00000
     1.00000   -2.61119  -0.632687    3.55276    1.00000    1.00000
     1.00000   0.514346    2.85630   0.803080    1.00000    1.00000
     1.00000   0.594481   -9.18330   -5.55384    1.00000    1.00000
     1.00000  -10.24584    7.40224  -0.120777    1.00000    1.00000
     1.00000   0.463016   -5.02487    3.08856    1.00000    1.00000
     1.00000    15.4216   10.41006   10.04859    1.00000    1.00000
     1.00000    4.19459   -8.48019   -10.9982    1.00000    1.00000
     1.00000   -2.59108   0.949963  -0.851440    1.00000    1.00000
     1.00000    1.45202   -2.55508   0.252256    1.00000    1.00000
