     1.00000    8.16866   -6.22332    6.60134    1.00000    1.00000
     1.00000   -11.0760   10.15666   -1.20591    1.00000    1.00000
     1.00000    5.90287   -2.04831    1.41424    1.00000    1.00000
     1.00000   -7.16451   -3.12129    3.26539    1.00000    1.00000
     1.00000    3.93218   -10.5931    8.54766    1.00000    1.00000
     1.00000   -5.80880    2.03652   -9.10559    1.00000    1.00000
     1.00000    9.23686    3.05566    2.39354    1.00000    1.00000
     1.00000   -2.54217  -0.237631   -2.13034    1.00000    1.00000
     1.00000    6.06724  -10.54389    5.52300    1.00000    1.00000
     1.00000   -4.94663    10.7970   -5.57302    1.00000    1.00000
     1.00000    8.20460  -0.656338    3.52036    1.00000    1.00000
     1.00000   -6.70696    5.03768    2.57628    1.00000    1.00000
     1.00000    5.43339   -14.3452    3.86389    1.00000    1.00000
     1.00000  -0.334976    6.45731   -9.85626    1.00000    1.00000
     1.00000    7.78881    7.21206   -2.99620    1.00000    1.00000
     1.00000   -3.29861    3.89474   -5.01284    1.00000    1.00000
     1.00000    5.47499   -6.06527    7.98782    1.00000    1.00000
     1.00000   -13.3979    5.24359   -4.90978    1.00000    1.00000
     1.00000   0.745967    1.45311  -0.792711    1.00000    1.00000
     1.00000   -7.49411  -0.178562    4.54474    1.00000    1.00000
     1.00000    3.32397   -11.2693    3.82924    1.00000    1.00000
     1.00000   -12.1760    3.83919   -4.17853    1.00000    1.00000
     1.00000    7.99835    5.25975   -2.61598    1.00000    1.00000
     1.00000   -3.20061   0.248678    2.17487    1.00000    1.00000
     1.00000    9.74513   -11.9313    4.12961    1.00000    1.00000
     1.00000   -9.12651   10.50468   -3.01497    1.00000    1.00000
     1.00000    6.55456   -1.28736    8.68745    1.00000    1.00000
     1.00000   -7.58196    2.74803    1.97029    1.00000    1.00000
     1.00000    2.74422   -12.2284    9.84612E-02    1.00000    1.00000
     1.00000   -2.16204    2.88634   -13.2137    1.00000    1.00000
     1.00000    7.11685    9.57843    1.38366    1.00000    1.00000
     1.00000   -4.26348    2.82539   -6.40047    1.00000    1.00000
     1.00000    8.98955   -8.20655    4.88817    1.00000    1.00000
     1.00000   -9.19462    6.56450   -1.41328    1.00000    1.00000
     1.00000    2.80076    1.16768E-02   -1.05464    1.00000    1.00000
     1.00000  -10.45201   -5.22502    6.51918    1.00000    1.00000
     1.00000    4.15279   -12.9581    7.69364    1.00000    1.00000
     1.00000   -7.72253    2.56572   -9.34561    1.00000    1.00000
     1.00000    11.7496   0.533020    3.51599    1.00000    1.00000
     1.00000   -1.02175   0.155760   -3.36871    1.00000    1.00000
     1.00000    7.34822   -11.5212    4.33808    1.00000    1.00000
     1.00000   -8.56617    9.49872   -4.65023    1.00000    1.00000
     1.00000    9.24060   0.990952    3.98203    1.00000    1.00000
     1.00000   -6.04907    6.33551   -1.15661    1.00000    1.00000
     1.00000    5.03444   -15.9624    4.97085    1.00000    1.00000
     1.00000   -2.83818    5.10053   -12.1962    1.00000    1.00000
     1.00000    9.57852    9.04714  -0.191607    1.00000    1.00000
     1.00000   -4.54338    5.05184   -1.44831    1.00000    1.00000
     1.00000    7.49103   -3.08978    8.36936    1.00000    1.00000
     1.00000   -12.8064    8.29868   -3.36473    1.00000    1.00000
     1.00000    1.70891    1.03708    2.51113    1.00000    1.00000
     1.00000   -5.62916   -2.49088    4.38131    1.00000    1.00000
     1.00000    3.46513   -12.2670    2.10160    1.00000    1.00000
     1.00000   -8.99895    3.71167   -8.31726    1.00000    1.00000
     1.00000    9.63985    3.49493   -1.25839    1.00000    1.00000
     1.00000  -0.917370   -1.97959   -1.51670    1.00000    1.00000
     1.00000    9.83737   -9.66285    6.69248    1.00000    1.00000
     1.00000  -10.14664    13.5927   -1.27464    1.00000    1.00000
     1.00000    6.14694   -2.04746    6.36514    1.00000    1.00000
     1.00000   -7.95078    1.39108    3.39250    1.00000    1.00000
     1.00000    1.23099   -10.6819  -0.611324    1.00000    1.00000
     1.00000   -3.87046    1.71542   -8.73180    1.00000    1.00000
     1.00000    9.78444    7.09645    5.04527    1.00000    1.00000
     1.00000   -3.50084    1.04127   -6.88551    1.00000    1.00000
     1.00000    6.32197   -6.96892    6.41747    1.00000    1.00000
     1.00000   -10.6545    8.58384   -2.36719    1.00000    1.00000
     1.00000    4.40919   -1.03238   0.555880    1.00000    1.00000
     1.00000   -8.50250   -4.32983    4.13096    1.00000    1.00000
     1.00000    4.67880   -12.2033    9.46949    1.00000    1.00000
     1.00000   -6.77226    2.45949   -7.40475    1.00000    1.00000
     1.00000    9.07387    3.94056   0.607378    1.00000    1.00000
     1.00000   -2.99810   -8.27065E-02   -4.07151    1.00000    1.00000
     1.00000    5.43348   -8.72504    6.06163    1.00000    1.00000
     1.00000   -6.07793    12.4296   -5.33928    1.00000    1.00000
     1.00000    6.29126  -0.858582    2.97425    1.00000    1.00000
     1.00000   -8.27642    4.57932    1.42446    1.00000    1.00000
     1.00000    4.08558   -14.5252    2.39726    1.00000    1.00000
     1.00000   -2.15688    6.06577   -10.5825    1.00000    1.00000
     1.00000    9.67601    6.69734   -3.41279    1.00000    1.00000
     1.00000   -4.10957    4.21719   -3.21329    1.00000    1.00000
     1.00000    6.43191   -4.43477    7.33531    1.00000    1.00000
     1.00000   -12.4148    6.34738   -3.56245    1.00000    1.00000
     1.00000    1.26678    3.04390   -1.88730    1.00000    1.00000
     1.00000   -5.51097  -0.281454    4.78256    1.00000    1.00000
     1.00000    4.09417   -10.8538    5.62761    1.00000    1.00000
     1.00000   -10.8023    4.49131   -5.47763    1.00000    1.00000
     1.00000    8.32739    5.23034   -4.58851    1.00000    1.00000
     1.00000   -2.28625   -1.24444    1.20815    1.00000    1.00000
     1.00000    10.9474  -10.48875    4.81775    1.00000    1.00000
     1.00000  -10.36544    11.7907   -2.11427    1.00000    1.00000
     1.00000    7.87999   -1.50991    7.20633    1.00000    1.00000
     1.00000   -7.60898    3.29293    4.61445E-02    1.00000    1.00000
     1.00000    2.58789   -13.8525    1.25512    1.00000    1.00000
     1.00000   -1.80160    3.59766   -11.3796    1.00000    1.00000
     1.00000    8.69220    8.34858    1.45959    1.00000    1.00000
     1.00000   -4.36091    2.14186   -4.52343    1.00000    1.00000
     1.00000    9.55578   -6.30818    5.16304    1.00000    1.00000
     1.00000  -10.56348    6.64994   -2.86894    1.00000    1.00000
     1.00000    4.10873   0.906052   0.165731    1.00000    1.00000
     1.00000   -9.93380   -3.67581    5.36531    1.00000    1.00000
     1.00000    3.78768   -12.8275    5.73160    1.00000    1.00000
     1.00000   -7.70074    3.57456   -11.0724    1.00000    1.00000
     1.00000    10.9632    2.32104    3.08642    1.00000    1.00000
     1.00000   -9.56879E-02  -0.159351   -1.62426    1.00000    1.00000
     1.00000    8.57693   -10.8712    2.90008    1.00000    1.00000
     1.00000   -7.62094    11.1614   -5.23495    1.00000    1.00000
     1.00000   10.11203  -0.335419    2.76492    1.00000    1.00000
     1.00000   -7.54221    5.34066  -0.272982    1.00000    1.00000
     1.00000    6.06755   -16.1473    3.26836    1.00000    1.00000
     1.00000   -4.38657    5.85932   -13.2095    1.00000    1.00000
     1.00000    9.05701    7.63535   -1.50875    1.00000    1.00000
     1.00000   -4.62950    6.23317   -3.05984    1.00000    1.00000
     1.00000    7.16388   -3.57531   10.28174    1.00000    1.00000
     1.00000   -12.4340   10.21365   -2.92398    1.00000    1.00000
     1.00000    2.18610    1.26636   0.582472    1.00000    1.00000
     1.00000   -3.91924   -1.46176    4.51189    1.00000    1.00000
     1.00000    1.78312   -11.2903    1.63584    1.00000    1.00000
     1.00000   -9.57102    5.05427   -6.94971    1.00000    1.00000
     1.00000    9.34067    3.89488   -3.19502    1.00000    1.00000
     1.00000  -0.974506   -2.52403   0.406919    1.00000    1.00000
     1.00000    8.84137  -10.47464    5.15985    1.00000    1.00000
     1.00000   -8.27491    13.9409   -1.88736    1.00000    1.00000
     1.00000    5.43048   -1.80062    4.51427    1.00000    1.00000
     1.00000   -9.11131  -0.221449    3.16246    1.00000    1.00000
     1.00000   0.770768   -12.5337   -1.23844E-02    1.00000    1.00000
     1.00000   -2.94581    3.12418   -9.80903    1.00000    1.00000
     1.00000    9.38920    7.98813    3.29922    1.00000    1.00000
     1.00000   -4.07737  -0.470615   -5.71000    1.00000    1.00000
