     1.00000    11.0736    1.81956    10.7836    1.00000    1.00000
     1.00000   -4.84311   -2.84323   -4.23326    1.00000    1.00000
     1.00000    3.15066    4.14420    6.65661    1.00000    1.00000
     1.00000   -9.51288   -5.77929  -10.38860    1.00000    1.00000
     1.00000    11.6931   10.12607    6.53411    1.00000    1.00000
     1.00000    3.08677   -14.1912   -3.53376    1.00000    1.00000
     1.00000   -1.30486    8.66224    9.17892    1.00000    1.00000
     1.00000   -11.8086   -2.89660   -2.30212    1.00000    1.00000
     1.00000    7.14997   -2.88151    2.03636    1.00000    1.00000
     1.00000   0.418091   -4.64648   -4.45470    1.00000    1.00000
     1.00000   0.779375   0.711922    3.80222    1.00000    1.00000
     1.00000   -6.99297   0.273600   -9.58626    1.00000    1.00000
     1.00000    11.1146    5.58711   0.465551    1.00000    1.00000
     1.00000    4.36420   -6.11678   -3.98708    1.00000    1.00000
     1.00000   -6.45119   10.47102    9.34739    1.00000    1.00000
     1.00000   -14.3801   -4.68777   -5.93692    1.00000    1.00000
     1.00000    6.94579    8.98933E-02    6.61125    1.00000    1.00000
     1.00000   -3.32515   -2.55342   -5.50283    1.00000    1.00000
     1.00000   0.577902    9.31980    9.33008    1.00000    1.00000
     1.00000   -7.21310   -2.09440   -6.59247    1.00000    1.00000
     1.00000    11.3365    8.25001    1.26164    1.00000    1.00000
     1.00000    4.41790   -8.36779  -0.732523    1.00000    1.00000
     1.00000   -2.44012    5.30529    11.4176    1.00000    1.00000
     1.00000   -9.52032   -1.29123   -1.62884    1.00000    1.00000
     1.00000    9.99388   -4.66451   -2.61461    1.00000    1.00000
     1.00000    5.07807   -3.82616   -3.69090    1.00000    1.00000
     1.00000    4.20114    6.30455E-02    6.62575    1.00000    1.00000
     1.00000   -6.38226  -0.807198   -12.8354    1.00000    1.00000
     1.00000   10.46527    4.59683    4.58929    1.00000    1.00000
     1.00000   0.694557  -10.56859   -4.64269    1.00000    1.00000
     1.00000   -8.15812    8.06278    4.79845    1.00000    1.00000
     1.00000   -11.9513   0.196812   -6.40241    1.00000    1.00000
     1.00000    8.48059    1.07076    8.13816    1.00000    1.00000
     1.00000   -2.89484   -6.65262   -3.94485    1.00000    1.00000
     1.00000    4.33821    7.67154    9.55291    1.00000    1.00000
     1.00000   -7.55680   -6.60987  -10.40763    1.00000    1.00000
     1.00000    10.9414    11.9623    2.18649    1.00000    1.00000
     1.00000    3.86369   -13.6232   -1.78054    1.00000    1.00000
     1.00000   -5.18031    7.73276    9.32984    1.00000    1.00000
     1.00000   -9.32245   -4.57576   -5.99226    1.00000    1.00000
     1.00000    6.54949   -2.19080    4.39113    1.00000    1.00000
     1.00000    3.95522   -4.56012   -5.17432    1.00000    1.00000
     1.00000    2.55511   0.193642    3.04186    1.00000    1.00000
     1.00000   -6.85705    2.78473E-03   -6.98797    1.00000    1.00000
     1.00000    9.86278    5.02939    2.73190    1.00000    1.00000
     1.00000    3.76269   -7.91643   -6.90564    1.00000    1.00000
     1.00000   -5.44850    9.12553    10.7399    1.00000    1.00000
     1.00000   -12.0745   -2.32832   -8.14288    1.00000    1.00000
     1.00000    6.21688    3.60427    8.15851    1.00000    1.00000
     1.00000   -2.17856  -0.924759   -5.99814    1.00000    1.00000
     1.00000    2.38479   10.39649    9.31795    1.00000    1.00000
     1.00000   -7.20898   -5.86436   -6.74832    1.00000    1.00000
     1.00000    9.39389    10.6098   0.809275    1.00000    1.00000
     1.00000    4.24839   -11.6921   -2.13105    1.00000    1.00000
     1.00000   -4.97167    1.61852    11.8184    1.00000    1.00000
     1.00000   -12.3049    1.77843   -3.92832    1.00000    1.00000
     1.00000    7.22326   -5.76240   -1.97839    1.00000    1.00000
     1.00000    5.93053   -1.55796   -2.43209    1.00000    1.00000
     1.00000    4.27662    1.78205    4.05564    1.00000    1.00000
     1.00000   -5.73000    3.02733   -11.7045    1.00000    1.00000
     1.00000    7.16497    2.80647    4.87716    1.00000    1.00000
     1.00000    1.70888   -9.86810   -6.67228    1.00000    1.00000
     1.00000   -8.76932    9.58983    5.93624    1.00000    1.00000
     1.00000   -14.3344   -1.76450   -6.79341    1.00000    1.00000
     1.00000   10.25632    3.61646   10.46248    1.00000    1.00000
     1.00000   -3.74780   -4.24108   -3.31331    1.00000    1.00000
     1.00000    4.36865    4.36527    8.22747    1.00000    1.00000
     1.00000   -7.90523   -4.70051   -10.8903    1.00000    1.00000
     1.00000   10.17484    11.1043    5.67506    1.00000    1.00000
     1.00000    2.09050   -14.0013   -5.25753    1.00000    1.00000
     1.00000   -3.20766    8.06214    9.31757    1.00000    1.00000
     1.00000  -10.02988   -2.50973   -3.13071    1.00000    1.00000
     1.00000    8.14863   -4.51987    1.47205    1.00000    1.00000
     1.00000   -1.09216   -3.68253   -5.34349    1.00000    1.00000
     1.00000  -0.303865    2.05081    2.78537    1.00000    1.00000
     1.00000   -6.98332   -1.36588   -8.44083    1.00000    1.00000
     1.00000    9.85990    4.03865   0.632799    1.00000    1.00000
     1.00000    4.88444   -7.53904   -5.29342    1.00000    1.00000
     1.00000   -7.70727   10.55795    7.79346    1.00000    1.00000
     1.00000   -13.0402   -3.22013   -6.16199    1.00000    1.00000
     1.00000    5.63326  -0.665968    5.30513    1.00000    1.00000
     1.00000   -2.54392   -3.95993   -6.69087    1.00000    1.00000
     1.00000    1.14248   10.40911    7.75063    1.00000    1.00000
     1.00000   -7.74711   -3.96379   -7.06173    1.00000    1.00000
     1.00000    13.1959    7.53849    1.45209    1.00000    1.00000
     1.00000    4.26235   -7.45763   -2.50662    1.00000    1.00000
     1.00000   -3.85463    4.38048   10.34810    1.00000    1.00000
     1.00000   -11.0899  -0.434460   -2.52458    1.00000    1.00000
     1.00000   10.01040   -4.04404  -0.713366    1.00000    1.00000
     1.00000    6.67208   -5.03231   -3.75693    1.00000    1.00000
     1.00000    3.17468   0.363968    4.93584    1.00000    1.00000
     1.00000   -6.41153    1.06459   -12.1314    1.00000    1.00000
     1.00000    9.16503    4.65508    6.10784    1.00000    1.00000
     1.00000  -0.592445   -9.79949   -5.96636    1.00000    1.00000
     1.00000   -9.97513    7.52803    4.15619    1.00000    1.00000
     1.00000  -10.27851    1.22453   -6.02081    1.00000    1.00000
     1.00000    9.51796    2.59768    8.90784    1.00000    1.00000
     1.00000   -2.73782   -4.90596   -4.90638    1.00000    1.00000
     1.00000    4.43666    5.68195    9.73137    1.00000    1.00000
     1.00000   -5.70402   -6.50359   -11.1532    1.00000    1.00000
     1.00000   10.27693    10.8315    3.69638    1.00000    1.00000
     1.00000    3.26043   -15.1129  -0.590147    1.00000    1.00000
     1.00000   -4.61741    6.22191   10.51327    1.00000    1.00000
     1.00000   -8.92054   -3.78514   -4.19967    1.00000    1.00000
     1.00000    6.28204   -1.19708    2.67619    1.00000    1.00000
     1.00000    2.22601   -3.79406   -4.52396    1.00000    1.00000
     1.00000    3.68408  -0.941593    1.84325    1.00000    1.00000
     1.00000   -4.91920   0.309788   -6.60003    1.00000    1.00000
     1.00000    11.1017    6.51882    2.23522    1.00000    1.00000
     1.00000    3.70618   -9.88727   -6.57011    1.00000    1.00000
     1.00000   -7.39911    9.00042   10.31628    1.00000    1.00000
     1.00000   -11.6594   -1.77704   -6.26570    1.00000    1.00000
     1.00000    6.61089    1.68123    7.77550    1.00000    1.00000
     1.00000   -3.85975   -1.33889   -6.99919    1.00000    1.00000
     1.00000    3.29114    8.89109    8.36281    1.00000    1.00000
     1.00000   -8.06770   -6.32295   -8.49540    1.00000    1.00000
     1.00000   10.08631    9.43789    2.27458    1.00000    1.00000
     1.00000    3.84605  -10.28395  -0.769030    1.00000    1.00000
     1.00000   -4.83994    2.65590   10.11359    1.00000    1.00000
     1.00000   -10.9707   0.352230   -4.35950    1.00000    1.00000
     1.00000    8.29775   -5.04342  -0.452440    1.00000    1.00000
     1.00000    6.39388   -3.49219   -2.22219    1.00000    1.00000
     1.00000    3.16878    3.23003    4.87786    1.00000    1.00000
     1.00000   -5.66486    1.56270  -10.34414    1.00000    1.00000
     1.00000    7.37609    3.87894    6.55204    1.00000    1.00000
     1.00000    1.11872   -8.68665   -5.17032    1.00000    1.00000
     1.00000   -8.22459    8.63502    7.60706    1.00000    1.00000
     1.00000   -13.9080   0.189400   -6.81601    1.00000    1.00000
