     1.00000   -13.3365   -7.20523   -4.40396    1.00000    1.00000
     1.00000    9.72328E-02   -9.36012E-02    13.5785    1.00000    1.00000
     1.00000   -2.29660   -1.03209   0.772572    1.00000    1.00000
     1.00000    12.7117    1.87107    3.55532    1.00000    1.00000
     1.00000   -8.53386  -0.496391    2.98935    1.00000    1.00000
     1.00000    5.13956    2.63091   -5.51822    1.00000    1.00000
     1.00000   -8.28629    5.41187   -8.38509    1.00000    1.00000
     1.00000    1.98714    5.40613    6.93855    1.00000    1.00000
     1.00000   -14.4782   -5.26129   -1.14287    1.00000    1.00000
     1.00000    2.26084    1.12896    3.81445    1.00000    1.00000
     1.00000   0.571239  -0.541468   -7.87582    1.00000    1.00000
     1.00000    14.2043   -2.57434    2.84547    1.00000    1.00000
     1.00000   -4.11618   -3.89733    4.60387    1.00000    1.00000
     1.00000    8.28371    2.69432   0.611652    1.00000    1.00000
     1.00000  -0.402451    3.64265E-02   -10.7131    1.00000    1.00000
     1.00000    7.03114    3.14660    8.10025    1.00000    1.00000
     1.00000   -10.6639   -4.94729   -9.92905    1.00000    1.00000
     1.00000   0.364433   -2.39010   10.44061    1.00000    1.00000
     1.00000    1.47198  -0.447124   -4.20779    1.00000    1.00000
     1.00000   10.48724    4.65948    3.87230    1.00000    1.00000
     1.00000   -6.87008   -1.31652    3.73717    1.00000    1.00000
     1.00000    7.70230    3.64161   -4.32187    1.00000    1.00000
     1.00000   -4.33311    7.07362   -9.09171    1.00000    1.00000
     1.00000    1.13674    2.72519    4.24888    1.00000    1.00000
     1.00000   -15.0422   -1.58840   -3.80106    1.00000    1.00000
     1.00000    1.06944   -1.36682    7.96201    1.00000    1.00000
     1.00000   -3.52746   -1.52813   -11.0535    1.00000    1.00000
     1.00000    17.5371  -0.901379    4.17303    1.00000    1.00000
     1.00000   -3.01471   -6.44622    4.51644    1.00000    1.00000
     1.00000    1.44859   0.115765    8.69141E-02    1.00000    1.00000
     1.00000  -0.939316   0.811001   -17.0861    1.00000    1.00000
     1.00000    4.57204    7.26033    8.52139    1.00000    1.00000
     1.00000   -12.7437   -8.41954   -2.12216    1.00000    1.00000
     1.00000    2.21909   -4.32281E-02    12.5015    1.00000    1.00000
     1.00000   -1.05082   0.488033   -4.18656    1.00000    1.00000
     1.00000    13.5638    3.65337    3.16311    1.00000    1.00000
     1.00000   -10.7386   -2.85864    1.18986    1.00000    1.00000
     1.00000    6.59730    1.00216   -5.85591    1.00000    1.00000
     1.00000   -9.59310    2.79304   -7.01726    1.00000    1.00000
     1.00000    1.47216    5.91804    8.80207    1.00000    1.00000
     1.00000   -18.0005   -8.09906   -1.71542    1.00000    1.00000
     1.00000    3.89735  -0.139507    5.01020    1.00000    1.00000
     1.00000  -0.964676   -2.56100   -9.68921    1.00000    1.00000
     1.00000    16.6123   -2.94363    4.59362    1.00000    1.00000
     1.00000   -6.35689  -0.485191    5.48233    1.00000    1.00000
     1.00000    4.92586    1.27524  -0.390488    1.00000    1.00000
     1.00000   -2.17063  -0.173954   -11.6238    1.00000    1.00000
     1.00000    7.61641    5.49627    9.10632    1.00000    1.00000
     1.00000   -13.1665   -7.45852   -6.38055    1.00000    1.00000
     1.00000    2.21828   -4.20490    9.10921    1.00000    1.00000
     1.00000   0.532326   0.914207   -5.33199    1.00000    1.00000
     1.00000   10.01680    5.17149    5.74754    1.00000    1.00000
     1.00000   -4.33043  -0.451487    2.80557    1.00000    1.00000
     1.00000    5.40907    2.94833   -1.90841    1.00000    1.00000
     1.00000   -3.49388    2.74644   -9.37928    1.00000    1.00000
     1.00000   0.172401    3.35731    6.77660    1.00000    1.00000
     1.00000   -13.5994   -3.46625   -1.21781    1.00000    1.00000
     1.00000   -1.96421   -2.29234    7.29528    1.00000    1.00000
     1.00000   -4.13407   -4.49107  -10.39666    1.00000    1.00000
     1.00000    15.1577    1.07056    2.00058    1.00000    1.00000
     1.00000   -1.16121   -7.07363    4.92984    1.00000    1.00000
     1.00000    1.12076   -1.50949    4.13666    1.00000    1.00000
     1.00000   -1.14603    8.85277E-02   -15.2326    1.00000    1.00000
     1.00000    4.45160    8.50207    6.95819    1.00000    1.00000
     1.00000   -14.7336   -6.53404   -3.13993    1.00000    1.00000
     1.00000   0.584396   -1.00437    11.8659    1.00000    1.00000
     1.00000   -2.86543   -9.72366E-02  -0.901491    1.00000    1.00000
     1.00000    11.5065    3.09229    4.58295    1.00000    1.00000
     1.00000   -7.92885   0.439171    1.32841    1.00000    1.00000
     1.00000    5.45383    1.97515   -3.65510    1.00000    1.00000
     1.00000   -6.68018    5.21843   -9.56111    1.00000    1.00000
     1.00000   0.475533    6.71517    6.90070    1.00000    1.00000
     1.00000   -16.3608   -5.93131   -1.22690    1.00000    1.00000
     1.00000    2.83118  -0.749428    3.43183    1.00000    1.00000
     1.00000   0.755753   -2.35912   -8.68952    1.00000    1.00000
     1.00000    15.9516   -1.66874    3.20143    1.00000    1.00000
     1.00000   -3.12676   -2.53754    5.68646    1.00000    1.00000
     1.00000    6.62119    2.33514  -0.440487    1.00000    1.00000
     1.00000   0.226398    1.23247   -12.1876    1.00000    1.00000
     1.00000    8.21987    3.88581    6.67179    1.00000    1.00000
     1.00000   -12.3818   -5.74431   -9.28605    1.00000    1.00000
     1.00000    1.21350   -3.22313    12.0485    1.00000    1.00000
     1.00000    2.72366   0.233585   -5.61134    1.00000    1.00000
     1.00000    10.6616    5.99801    2.39651    1.00000    1.00000
     1.00000   -5.57917   -1.94414    2.34446    1.00000    1.00000
     1.00000    9.64101    3.26644   -4.00461    1.00000    1.00000
     1.00000   -4.78858    5.13401   -8.91714    1.00000    1.00000
     1.00000    1.24561    4.34916    5.41116    1.00000    1.00000
     1.00000   -13.5706   -1.92193   -2.48834    1.00000    1.00000
     1.00000    2.86949   -1.55799    7.11159    1.00000    1.00000
     1.00000   -2.94422   -2.84538   -9.66615    1.00000    1.00000
     1.00000    18.4716   0.753841    3.55099    1.00000    1.00000
     1.00000   -2.35088   -4.62813    4.01261    1.00000    1.00000
     1.00000   0.487785   -1.38306   0.998158    1.00000    1.00000
     1.00000   0.949131   0.342503   -17.5490    1.00000    1.00000
     1.00000    6.20561    7.21096    7.36855    1.00000    1.00000
     1.00000   -11.8464   -6.92333   -3.10009    1.00000    1.00000
     1.00000    2.11319    1.94952    12.3682    1.00000    1.00000
     1.00000   -1.41159   0.220860   -2.23759    1.00000    1.00000
     1.00000    13.5381    2.22065    1.76789    1.00000    1.00000
     1.00000   -9.22783   -1.57519    1.45488    1.00000    1.00000
     1.00000    5.31107    1.64127   -7.24773    1.00000    1.00000
     1.00000   -9.98305    4.64977   -7.65012    1.00000    1.00000
     1.00000  -0.355942    6.15533    9.57780    1.00000    1.00000
     1.00000   -16.6020   -7.15572   -2.78979    1.00000    1.00000
     1.00000    2.84685   0.383003    6.62989    1.00000    1.00000
     1.00000   -1.66534   -4.40532  -10.01717    1.00000    1.00000
     1.00000    17.8646   -3.01576    3.03594    1.00000    1.00000
     1.00000   -4.46792   -1.11051    5.28041    1.00000    1.00000
     1.00000    3.37255    1.68076E-02  -0.450283    1.00000    1.00000
     1.00000   -2.45334    1.33783  -10.34525    1.00000    1.00000
     1.00000    7.47837    5.68830    7.12035    1.00000    1.00000
     1.00000   -11.8321   -6.49226   -7.51449    1.00000    1.00000
     1.00000   0.254288   -4.14178    9.48170    1.00000    1.00000
     1.00000   0.168274    1.31717   -7.25685    1.00000    1.00000
     1.00000    9.38863    6.24920    7.31086    1.00000    1.00000
     1.00000   -2.46566   0.137424    2.38626    1.00000    1.00000
     1.00000    7.14303    3.81015   -2.40907    1.00000    1.00000
     1.00000   -4.69615    3.89848  -10.48714    1.00000    1.00000
     1.00000   -4.91333E-02    2.03813    8.26344    1.00000    1.00000
     1.00000   -12.2474   -2.52855   -8.08640E-02    1.00000    1.00000
     1.00000  -0.455482   -2.49712    8.59212    1.00000    1.00000
     1.00000   -4.86893   -2.95766   -11.4496    1.00000    1.00000
     1.00000    16.0238   0.284962    3.62313    1.00000    1.00000
     1.00000   0.473171   -7.29919    3.79938    1.00000    1.00000
     1.00000   0.477398   -2.59782    2.58694    1.00000    1.00000
     1.00000   -2.26517   0.227127   -13.5808    1.00000    1.00000
     1.00000    3.05053    7.08975    6.75239    1.00000    1.00000
