     1.00000    6.58492   -4.02308   -1.81164    1.00000    1.00000
     1.00000   -15.7239    17.6750   -2.52074    1.00000    1.00000
     1.00000    9.96733   -6.43597    4.98622    1.00000    1.00000
     1.00000   -6.18213    3.39447   -6.08971    1.00000    1.00000
     1.00000  -0.937239   -3.64204    5.51282    1.00000    1.00000
     1.00000   -16.9544    4.11604   -5.11856E-02    1.00000    1.00000
     1.00000    11.4319   -7.48092    4.11265    1.00000    1.00000
     1.00000   -6.22372   -2.33809   -4.68866    1.00000    1.00000
     1.00000    11.8989   -7.64657   -2.25722    1.00000    1.00000
     1.00000  -10.31724    11.0246   -6.48822    1.00000    1.00000
     1.00000    2.10764   -7.65017    3.50587    1.00000    1.00000
     1.00000   -6.23264E-02    1.11127  -0.671375    1.00000    1.00000
     1.00000    1.52157   -6.54177   -3.03632    1.00000    1.00000
     1.00000  -10.17260    1.32314  -0.657602    1.00000    1.00000
     1.00000    18.8913   -1.64525    7.38054    1.00000    1.00000
     1.00000   -3.18555  -0.541578   -3.24254    1.00000    1.00000
     1.00000    5.41218   -4.27841   -5.21524    1.00000    1.00000
     1.00000   -13.7287    13.4352   -4.51548    1.00000    1.00000
     1.00000    4.43785   -4.61081   0.504862    1.00000    1.00000
     1.00000  -0.581661    4.16466   -2.65241    1.00000    1.00000
     1.00000    2.42285   -3.67075    5.30424    1.00000    1.00000
     1.00000   -11.1544    5.17811    1.02573    1.00000    1.00000
     1.00000    13.1522   -4.52227    3.32380    1.00000    1.00000
     1.00000   -7.27814  -0.991335   -3.65213    1.00000    1.00000
     1.00000    9.95812   -7.24841   -1.98385    1.00000    1.00000
     1.00000   -12.3560    9.82666   -4.86737    1.00000    1.00000
     1.00000    4.24513  -10.31983    3.09995    1.00000    1.00000
     1.00000    1.60255    1.76445    5.56787    1.00000    1.00000
     1.00000  -0.704382   -2.23071   -1.45136    1.00000    1.00000
     1.00000   -10.8246    10.9118   0.108006    1.00000    1.00000
     1.00000    19.5617  -0.682968    5.76047    1.00000    1.00000
     1.00000   -4.92038   -2.81313    2.36608    1.00000    1.00000
     1.00000    4.65326   -1.91930   -2.35571    1.00000    1.00000
     1.00000   -13.6951    15.3356   -3.89326    1.00000    1.00000
     1.00000    6.62156   -5.23237    6.38592    1.00000    1.00000
     1.00000   -4.04400    2.67606   -3.00644    1.00000    1.00000
     1.00000  -0.337591   -1.32863   0.295553    1.00000    1.00000
     1.00000   -14.9881    3.90892   -1.76476    1.00000    1.00000
     1.00000    11.7590   -4.28880    5.69290    1.00000    1.00000
     1.00000   -4.07456   -5.11674   -4.59256    1.00000    1.00000
     1.00000    15.6507   -6.45276   -4.10274    1.00000    1.00000
     1.00000   -8.33447    10.9513   -6.23666    1.00000    1.00000
     1.00000    2.29577   -8.67223    5.21467    1.00000    1.00000
     1.00000    2.52122    1.10878    2.24954    1.00000    1.00000
     1.00000   0.818247   -4.03315   -2.48443    1.00000    1.00000
     1.00000   -9.89241    5.00583  -0.606634    1.00000    1.00000
     1.00000    20.5314   -2.46068    8.18384    1.00000    1.00000
     1.00000   -5.46645   0.938570  -0.739147    1.00000    1.00000
     1.00000    6.89107   -3.46465   -6.28794    1.00000    1.00000
     1.00000   -12.0622    12.7540   -3.64449    1.00000    1.00000
     1.00000    7.19541   -7.77017    3.37103    1.00000    1.00000
     1.00000   -2.24626    3.43357   -1.81898    1.00000    1.00000
     1.00000    1.41601   -2.18682    2.49920    1.00000    1.00000
     1.00000   -14.6157    4.45381   0.123199    1.00000    1.00000
     1.00000    16.1857   -4.54152    3.59514    1.00000    1.00000
     1.00000   -7.11707    1.95793   -2.01510    1.00000    1.00000
     1.00000    9.45760   -4.16348   -1.17787    1.00000    1.00000
     1.00000   -15.3572    7.85598   -5.86745    1.00000    1.00000
     1.00000    5.59261  -10.03593    4.55037    1.00000    1.00000
     1.00000   0.998631    2.19157    3.70969    1.00000    1.00000
     1.00000   -3.92990E-02   -4.18712  -0.684181    1.00000    1.00000
     1.00000   -12.6620   10.02399  -0.900526    1.00000    1.00000
     1.00000    22.5265   -1.25384    3.89416    1.00000    1.00000
     1.00000   -5.23263  -0.131418   0.934315    1.00000    1.00000
     1.00000    4.81054   -3.45513   -1.08430    1.00000    1.00000
     1.00000   -16.6350    15.9589   -2.04665    1.00000    1.00000
     1.00000    8.20731   -7.38359    5.05228    1.00000    1.00000
     1.00000   -4.70284    2.78049   -4.89192    1.00000    1.00000
     1.00000  -0.730589   -2.37778    3.97694    1.00000    1.00000
     1.00000   -16.4095    2.60326   -1.24056    1.00000    1.00000
     1.00000    12.7954   -7.35446    2.65501    1.00000    1.00000
     1.00000   -4.69214   -1.07524   -4.44477    1.00000    1.00000
     1.00000    13.8258   -8.14902   -2.07128    1.00000    1.00000
     1.00000  -10.22691    9.02782   -6.55721    1.00000    1.00000
     1.00000    3.56776   -6.36635    3.03699    1.00000    1.00000
     1.00000    1.51581    1.33879   0.535992    1.00000    1.00000
     1.00000  -0.297106   -6.55259   -2.20428    1.00000    1.00000
     1.00000   -9.79102    3.13603    9.59206E-02    1.00000    1.00000
     1.00000    17.6284   -1.78897    5.83638    1.00000    1.00000
     1.00000   -1.52648   0.177454   -2.38787    1.00000    1.00000
     1.00000    4.25594   -5.26078   -3.91214    1.00000    1.00000
     1.00000   -14.1172    11.4733   -4.52992    1.00000    1.00000
     1.00000    5.82044   -5.32737    1.75985    1.00000    1.00000
     1.00000   0.152037    3.03520   -1.17389    1.00000    1.00000
     1.00000    4.32540   -4.20375    5.61442    1.00000    1.00000
     1.00000   -11.6807    3.82499  -0.349791    1.00000    1.00000
     1.00000    14.7267   -5.60689    2.73694    1.00000    1.00000
     1.00000   -8.22549   0.671858   -3.07218    1.00000    1.00000
     1.00000    8.82017   -6.03466  -0.873945    1.00000    1.00000
     1.00000   -11.7956    11.6928   -5.31861    1.00000    1.00000
     1.00000    4.52936   -9.77753    1.19598    1.00000    1.00000
     1.00000   0.629950    3.14103    6.64448    1.00000    1.00000
     1.00000   -1.95872   -2.10295   -3.00388    1.00000    1.00000
     1.00000   -11.0655    10.7392   -1.86992    1.00000    1.00000
     1.00000    20.5372   -1.21303    4.09693    1.00000    1.00000
     1.00000   -6.25877   -1.81337    3.46571    1.00000    1.00000
     1.00000    5.46428   -3.40963   -3.41455    1.00000    1.00000
     1.00000   -14.5635    16.0691   -2.24768    1.00000    1.00000
     1.00000    8.15224   -5.38512    5.10776    1.00000    1.00000
     1.00000   -2.37080    3.41539   -3.81501    1.00000    1.00000
     1.00000  -0.389505   -1.35118    2.29475    1.00000    1.00000
     1.00000   -16.0479    3.03325   -3.21737    1.00000    1.00000
     1.00000    12.4532   -5.84711    4.64900    1.00000    1.00000
     1.00000   -5.46174   -3.93884   -3.76293    1.00000    1.00000
     1.00000    13.7889   -7.10756   -3.77833    1.00000    1.00000
     1.00000   -7.48721    11.9016   -7.77909    1.00000    1.00000
     1.00000    3.44247   -7.43212    6.28576    1.00000    1.00000
     1.00000    2.55132   0.658484    4.19795    1.00000    1.00000
     1.00000    2.59665   -4.86366   -2.86852    1.00000    1.00000
     1.00000   -10.9443    6.67578  -0.283001    1.00000    1.00000
     1.00000    20.0957   -3.25682    6.40161    1.00000    1.00000
     1.00000   -4.01519   0.886293   -2.11432    1.00000    1.00000
     1.00000    8.72724   -4.24903   -6.40299    1.00000    1.00000
     1.00000   -11.3260    12.7204   -1.78521    1.00000    1.00000
     1.00000    5.44437   -7.00747    2.77759    1.00000    1.00000
     1.00000   -2.16493    3.19845   0.165487    1.00000    1.00000
     1.00000    2.57511   -3.59996    3.31130    1.00000    1.00000
     1.00000   -12.8753    5.41105  -0.110336    1.00000    1.00000
     1.00000    17.1297   -2.90618    4.25426    1.00000    1.00000
     1.00000   -7.87877    2.96618  -0.464863    1.00000    1.00000
     1.00000    7.73371   -4.01702  -0.174498    1.00000    1.00000
     1.00000   -13.4362    8.26102   -5.48540    1.00000    1.00000
     1.00000    4.12263   -9.32281    5.70389    1.00000    1.00000
     1.00000  -0.600199    1.76370    4.83249    1.00000    1.00000
     1.00000   -1.91783   -3.52028  -0.521563    1.00000    1.00000
     1.00000   -11.6923    8.29772   -1.18292    1.00000    1.00000
     1.00000    21.8096   -1.79892    5.67993    1.00000    1.00000
     1.00000   -5.78795    2.99587E-02    2.84888    1.00000    1.00000
