   1    11.6846    76.9039
   2    13.3437    76.1157
   3    12.6836    75.7520
   4    14.5130    81.6170
   5    12.8589    79.6057
   6    13.2782    81.9507
   7    13.5560    84.1750
   8    13.1588    81.8815
   9    14.3561    79.5751
   10    12.2535    82.3252
   11    15.1785    83.6002
   12    14.6081    78.1968
   13    15.9550    84.7025
   14    13.3307    79.3010
   15    16.3149    81.2038
   16    20.2082    85.6235
   17    14.7225    79.6171
   18    11.9368    78.5686
   19    17.0778    83.5815
   20    14.8368    83.7069
   21    13.9867    80.9689
   22    14.3313    79.7897
   23    17.5324    74.0997
   24    13.8079    84.9020
   25    11.9291    78.4440
