     1.00000    18.3015    15.4216    2.30023    1.00000    1.00000
     1.00000    44.4161    21.1740    23.3488    1.00000    1.00000
     1.00000   -15.3936    1.28150   -36.3158    1.00000    1.00000
     1.00000   0.580688   -9.15071    22.6870    1.00000    1.00000
     1.00000   -5.37074   -23.3313   -13.0624    1.00000    1.00000
     1.00000  -0.497307    5.03777    20.8754    1.00000    1.00000
     1.00000   -12.4109   -7.30576   -44.9172    1.00000    1.00000
     1.00000  -10.43018   -8.26368    9.53146    1.00000    1.00000
     1.00000   -5.12318   -9.01386   -8.13617    1.00000    1.00000
     1.00000    14.9063    6.77519    6.04791    1.00000    1.00000
     1.00000    3.34314    20.7449   -2.71953    1.00000    1.00000
     1.00000   -10.8658   -3.49475    49.7587    1.00000    1.00000
     1.00000   -17.6485   -26.6444   -20.1615    1.00000    1.00000
     1.00000   -1.15547    34.2138    8.91843    1.00000    1.00000
     1.00000   -8.89614   -9.62560   -48.4466    1.00000    1.00000
     1.00000   0.781281   -5.88631    28.1364    1.00000    1.00000
     1.00000    6.78157    1.73030  -0.331551    1.00000    1.00000
     1.00000    24.5404    14.3325    18.7156    1.00000    1.00000
     1.00000    3.84993   -7.66444   -24.2395    1.00000    1.00000
     1.00000   -21.7715    2.93077    8.41534    1.00000    1.00000
     1.00000   -12.6623   -4.40081   -17.9446    1.00000    1.00000
     1.00000   -2.98975    15.1779    17.6390    1.00000    1.00000
     1.00000   -16.9274   -15.8690   -39.5714    1.00000    1.00000
     1.00000   -2.69106   -11.6142    12.7945    1.00000    1.00000
     1.00000   -2.31184    3.57516  -10.33393    1.00000    1.00000
     1.00000    22.5723    9.87716    12.8344    1.00000    1.00000
     1.00000    2.10718    14.1130  -10.10503    1.00000    1.00000
     1.00000   -4.32909   -7.01225    39.1473    1.00000    1.00000
     1.00000   -18.9369   -11.0805   -14.6398    1.00000    1.00000
     1.00000    3.04201    4.92208    14.1435    1.00000    1.00000
     1.00000   -2.48165   -14.8285   -34.0490    1.00000    1.00000
     1.00000    3.64056  -0.856735    14.1390    1.00000    1.00000
     1.00000    20.7134    4.93594   -2.99702    1.00000    1.00000
     1.00000    37.8791    15.1568    19.1747    1.00000    1.00000
     1.00000   -6.59049    4.97621   -26.6756    1.00000    1.00000
     1.00000   -7.96066   -3.46549    15.7005    1.00000    1.00000
     1.00000   -6.10607   -18.3127   -12.1990    1.00000    1.00000
     1.00000   -5.19779    9.93864    16.1195    1.00000    1.00000
     1.00000   -19.5345   -9.03685   -44.0401    1.00000    1.00000
     1.00000   0.988762   -1.43798    6.31920    1.00000    1.00000
     1.00000   -5.51752   -5.99900   -8.98762    1.00000    1.00000
     1.00000    14.2001    9.23846    14.5051    1.00000    1.00000
     1.00000   -5.53383    23.9383    9.26582    1.00000    1.00000
     1.00000   -5.68671    6.63106    48.9084    1.00000    1.00000
     1.00000   -9.08672   -33.4014   -14.4078    1.00000    1.00000
     1.00000    1.75060    27.5843    13.9402    1.00000    1.00000
     1.00000   -4.32883   -10.8100   -38.8381    1.00000    1.00000
     1.00000    10.6044    7.61575    30.1434    1.00000    1.00000
     1.00000    4.81441   -1.53427E-02    2.41956    1.00000    1.00000
     1.00000    30.1869    20.1581    21.7005    1.00000    1.00000
     1.00000   0.727112    2.02465   -13.5171    1.00000    1.00000
     1.00000   -14.8760   -3.37869    13.2816    1.00000    1.00000
     1.00000   -2.84563   -14.4858  -10.19877    1.00000    1.00000
     1.00000   -5.18914    16.0532    18.6581    1.00000    1.00000
     1.00000   -19.3933   -21.1493   -41.0718    1.00000    1.00000
     1.00000    7.55612   -18.9529    6.65430    1.00000    1.00000
     1.00000   -1.96583    6.11485   -8.78472    1.00000    1.00000
     1.00000    21.5387    9.00435    20.4780    1.00000    1.00000
     1.00000    4.06380    17.6099   -16.2329    1.00000    1.00000
     1.00000    1.18854  -10.20600    24.2734    1.00000    1.00000
     1.00000   -19.8416   -23.5907   -22.3315    1.00000    1.00000
     1.00000   0.722099    16.4790    11.6837    1.00000    1.00000
     1.00000    1.89175   -22.7130   -31.5911    1.00000    1.00000
     1.00000    4.01431   -2.96562    13.9852    1.00000    1.00000
     1.00000    14.3458    8.69174   0.193146    1.00000    1.00000
     1.00000    36.6203    34.0093    20.2942    1.00000    1.00000
     1.00000   -11.3606    7.21130   -35.8681    1.00000    1.00000
     1.00000   -1.74360   -5.17088    20.1407    1.00000    1.00000
     1.00000   -4.23959   -21.1878   -16.1588    1.00000    1.00000
     1.00000   -3.44706    3.35464    19.4196    1.00000    1.00000
     1.00000   -16.0205   0.525566   -39.0567    1.00000    1.00000
     1.00000   -7.27753   -13.7399    7.58365    1.00000    1.00000
     1.00000   -3.85880   -14.3156   -7.30404    1.00000    1.00000
     1.00000    11.3166    5.39501    14.1347    1.00000    1.00000
     1.00000   -5.02895    20.8583   -8.60974    1.00000    1.00000
     1.00000   -8.63007  -0.865639    40.7083    1.00000    1.00000
     1.00000   -9.86780   -27.2513   -21.5926    1.00000    1.00000
     1.00000  -0.691002    33.8030    20.3757    1.00000    1.00000
     1.00000   -9.04528   -11.4924   -42.2611    1.00000    1.00000
     1.00000    6.94853    2.40871    31.1484    1.00000    1.00000
     1.00000    13.2704    7.84475   -2.62894    1.00000    1.00000
     1.00000    22.3565    18.6934    19.6030    1.00000    1.00000
     1.00000    3.45374   -1.68130   -25.3291    1.00000    1.00000
     1.00000   -19.2314    1.90850    12.6961    1.00000    1.00000
     1.00000   -8.17026   -7.73202   -16.7282    1.00000    1.00000
     1.00000   -4.18610    17.5466    17.3167    1.00000    1.00000
     1.00000   -14.3166   -11.9452   -44.1056    1.00000    1.00000
     1.00000   -5.86523   -7.70096    9.10515    1.00000    1.00000
     1.00000   -4.00803    6.60352   -5.79529    1.00000    1.00000
     1.00000    13.8636    4.13946    8.53722    1.00000    1.00000
     1.00000    7.09390    12.7561   -9.90169    1.00000    1.00000
     1.00000   -3.69688   -11.6115    34.7785    1.00000    1.00000
     1.00000   -14.0624   -14.4005   -19.3131    1.00000    1.00000
     1.00000    9.24275    12.3056    19.8253    1.00000    1.00000
     1.00000   -3.73934   -22.9427   -32.9988    1.00000    1.00000
     1.00000    8.50873   0.414513    17.2742    1.00000    1.00000
     1.00000    17.8840    7.28672   -5.15963    1.00000    1.00000
     1.00000    40.4327    21.1313    24.4012    1.00000    1.00000
     1.00000    1.21880    4.14386   -25.4220    1.00000    1.00000
     1.00000   -7.86478    1.35278    16.9709    1.00000    1.00000
     1.00000    5.19183   -18.2589   -14.5349    1.00000    1.00000
     1.00000   -2.97881    8.54606    15.5739    1.00000    1.00000
     1.00000   -13.9806   -7.83216   -37.9140    1.00000    1.00000
     1.00000   -5.34255   -4.32820    4.26825    1.00000    1.00000
     1.00000   -6.87368   -4.03178   -10.9867    1.00000    1.00000
     1.00000    16.9682    14.3573    20.0356    1.00000    1.00000
     1.00000   -4.78714    19.6557    4.30183    1.00000    1.00000
     1.00000   -6.40244    8.65372    53.4564    1.00000    1.00000
     1.00000   -16.0195   -27.8969   -13.6148    1.00000    1.00000
     1.00000   -2.95152    24.1523    15.8631    1.00000    1.00000
     1.00000   -6.82526   -11.5926   -39.8160    1.00000    1.00000
     1.00000    7.70052    5.84377    22.8341    1.00000    1.00000
     1.00000    5.54926   0.266533   0.250519    1.00000    1.00000
     1.00000    26.9606    23.2848    22.4409    1.00000    1.00000
     1.00000    3.87965   -3.89076   -16.2904    1.00000    1.00000
     1.00000   -18.2684   -3.28065    5.75937    1.00000    1.00000
     1.00000   -7.13493   -13.8688   -12.2594    1.00000    1.00000
     1.00000   -9.15070E-02    19.6912    26.4973    1.00000    1.00000
     1.00000   -18.6062   -25.9960   -42.2461    1.00000    1.00000
     1.00000    5.68685   -17.3690    9.95041    1.00000    1.00000
     1.00000    3.02668    6.24935   -4.50280    1.00000    1.00000
     1.00000    20.0389    13.3378    17.3114    1.00000    1.00000
     1.00000    2.43544    4.61561   -11.2349    1.00000    1.00000
     1.00000  -0.863594   -7.96025    25.4040    1.00000    1.00000
     1.00000   -22.1493   -16.6645   -20.8146    1.00000    1.00000
     1.00000    2.59844    20.5571    15.1846    1.00000    1.00000
     1.00000  -0.610588   -25.1082   -22.0217    1.00000    1.00000
     1.00000  -0.227287   -4.30922    12.2170    1.00000    1.00000
     1.00000    16.2813    14.9948   -2.85246    1.00000    1.00000
     1.00000    41.1317    23.5136    18.6409    1.00000    1.00000
     1.00000   -13.2358    2.56716   -32.5633    1.00000    1.00000
     1.00000   -6.60706E-03   -11.3521    18.1512    1.00000    1.00000
     1.00000   -7.18026   -23.7895   -12.3443    1.00000    1.00000
     1.00000    1.33807    4.73525    21.6102    1.00000    1.00000
     1.00000   -12.4183   -1.94035   -40.0538    1.00000    1.00000
     1.00000   -7.48422   -7.49443    6.60329    1.00000    1.00000
     1.00000   -8.05490   -12.2726   -8.55853    1.00000    1.00000
     1.00000    13.8797    7.64697    1.83374    1.00000    1.00000
     1.00000   -1.74895    16.7556   -3.53713    1.00000    1.00000
     1.00000   -10.9757  -0.952263    50.8638    1.00000    1.00000
     1.00000   -14.5660   -22.9266   -20.9365    1.00000    1.00000
     1.00000    1.37171    32.5957    15.3476    1.00000    1.00000
     1.00000   -11.5512   -13.3037   -49.8519    1.00000    1.00000
     1.00000    1.30198   -1.80459    30.6873    1.00000    1.00000
     1.00000    8.81827    4.21170    1.03513    1.00000    1.00000
     1.00000    20.5493    15.6107    19.3510    1.00000    1.00000
     1.00000    3.94316   -7.10871   -20.6650    1.00000    1.00000
     1.00000   -16.4801    1.27788    9.93665    1.00000    1.00000
     1.00000   -11.1023   -2.97521   -19.1626    1.00000    1.00000
     1.00000   -1.81078    13.5631    17.6906    1.00000    1.00000
     1.00000   -16.0301   -14.3575   -41.5621    1.00000    1.00000
     1.00000    3.00933   -15.8257    12.5543    1.00000    1.00000
     1.00000   -7.58028   -1.08036   -12.1672    1.00000    1.00000
     1.00000    21.5467    11.9799    7.64525    1.00000    1.00000
     1.00000   -2.66194    14.1778   -7.31963    1.00000    1.00000
     1.00000   -5.53188   -6.80340    43.7492    1.00000    1.00000
     1.00000   -16.6326   -15.8420   -15.0381    1.00000    1.00000
     1.00000    3.11634    4.77802    17.3463    1.00000    1.00000
     1.00000   -3.04995   -18.9914   -33.5177    1.00000    1.00000
     1.00000    6.55536    1.83097    13.3010    1.00000    1.00000
     1.00000    17.9894    5.12725   -1.27599    1.00000    1.00000
     1.00000    36.0671    12.7724    16.3391    1.00000    1.00000
     1.00000   -4.67534    7.75996   -27.7018    1.00000    1.00000
     1.00000   -10.6980   -1.41881    16.9414    1.00000    1.00000
     1.00000   -3.13593   -17.6851   -12.8874    1.00000    1.00000
     1.00000   -9.29845    13.7232    15.1078    1.00000    1.00000
     1.00000   -13.9465   -8.55813   -42.3272    1.00000    1.00000
     1.00000   -1.51698   -7.65206    4.67053    1.00000    1.00000
     1.00000   -1.59184   0.446609   -5.40080    1.00000    1.00000
     1.00000   10.42667    11.8842    12.4324    1.00000    1.00000
     1.00000   -4.27904    23.1036    4.23241    1.00000    1.00000
     1.00000   -4.49510    6.36122    45.9062    1.00000    1.00000
     1.00000   -16.8532   -32.1885   -12.0960    1.00000    1.00000
     1.00000  -0.312416    25.7088    17.0548    1.00000    1.00000
     1.00000   -3.14948   -11.0343   -36.2659    1.00000    1.00000
     1.00000    8.03395    4.86963    27.5267    1.00000    1.00000
     1.00000  -0.313194   -1.55393    3.90282    1.00000    1.00000
     1.00000    34.0674    14.2128    23.3544    1.00000    1.00000
     1.00000    3.35558  -0.858177   -13.4314    1.00000    1.00000
     1.00000   -18.0647   -1.76968    11.0449    1.00000    1.00000
     1.00000   -4.24931   -15.0077   -11.8288    1.00000    1.00000
     1.00000   -4.87057    13.6875    19.2869    1.00000    1.00000
     1.00000   -13.4735   -17.0916   -41.5166    1.00000    1.00000
     1.00000    4.86338   -20.8617    5.58302    1.00000    1.00000
     1.00000    4.29532    3.43708   -4.92808    1.00000    1.00000
     1.00000    18.9808   10.50129    22.8823    1.00000    1.00000
     1.00000    2.27515    12.7606   -12.7807    1.00000    1.00000
     1.00000    3.66258  -10.56727    27.3768    1.00000    1.00000
     1.00000   -22.7260   -24.6274   -23.1673    1.00000    1.00000
     1.00000    7.69698    13.3895    14.8163    1.00000    1.00000
     1.00000    2.34821   -23.8700   -33.1573    1.00000    1.00000
     1.00000    4.24702   -7.44128    13.8657    1.00000    1.00000
     1.00000    12.5881   10.43510   -3.19063    1.00000    1.00000
     1.00000    37.4935    29.6418    18.3623    1.00000    1.00000
     1.00000   -9.66590    3.75355   -28.2874    1.00000    1.00000
     1.00000   -4.86795   -6.88882    19.1198    1.00000    1.00000
     1.00000   -8.12572   -21.7078   -19.7435    1.00000    1.00000
     1.00000   -3.70234    3.47107    16.5280    1.00000    1.00000
     1.00000   -12.7744    1.27714   -42.2493    1.00000    1.00000
     1.00000   -11.9092   -12.9387    7.25568    1.00000    1.00000
     1.00000   -3.49359   -8.53757   -7.07902    1.00000    1.00000
     1.00000    14.2698    7.38833    13.4148    1.00000    1.00000
     1.00000   0.348267    17.3966   -7.84248    1.00000    1.00000
     1.00000   -8.15817   -1.93385    44.7015    1.00000    1.00000
     1.00000   -9.31153   -23.0610   -22.6262    1.00000    1.00000
     1.00000    3.38029    34.9058    18.3360    1.00000    1.00000
     1.00000   -11.2354   -13.2382   -45.3085    1.00000    1.00000
     1.00000    5.56271   -2.92726    30.4015    1.00000    1.00000
     1.00000    9.80495    3.82658   -2.61156    1.00000    1.00000
     1.00000    20.0025    22.6900    19.0919    1.00000    1.00000
     1.00000    2.94855    2.63865   -24.0899    1.00000    1.00000
     1.00000   -19.0219    6.46793    11.8852    1.00000    1.00000
     1.00000   -4.58453   -8.96827   -20.0225    1.00000    1.00000
     1.00000   -5.58636    17.9558    14.3774    1.00000    1.00000
     1.00000   -18.5957   -11.0668   -48.2151    1.00000    1.00000
     1.00000   -2.37550   -10.8641    7.29091    1.00000    1.00000
     1.00000   -5.39060    3.07645   -5.38117    1.00000    1.00000
     1.00000    18.3836    8.66176    9.21014    1.00000    1.00000
     1.00000    3.50169    13.3344   -11.3088    1.00000    1.00000
     1.00000   -2.66706  -10.24629    35.8156    1.00000    1.00000
     1.00000   -16.1120   -16.7002   -18.9394    1.00000    1.00000
     1.00000    8.46233    11.4907    13.1067    1.00000    1.00000
     1.00000   -1.08584   -22.6991   -28.4501    1.00000    1.00000
     1.00000    8.14044    4.18644    18.7985    1.00000    1.00000
     1.00000    19.0527    12.2043   -4.65430    1.00000    1.00000
     1.00000    39.8373    18.7430    22.7197    1.00000    1.00000
     1.00000   -5.17249    3.54519   -23.7357    1.00000    1.00000
     1.00000   -13.6320   -1.81685    12.8879    1.00000    1.00000
     1.00000   0.932861   -20.3665   -11.5221    1.00000    1.00000
     1.00000   -6.25156    7.36964    17.9333    1.00000    1.00000
     1.00000   -10.7119   -5.16544   -38.0510    1.00000    1.00000
     1.00000   -2.90699   -6.12299    5.45525    1.00000    1.00000
     1.00000   -4.73431   -1.02570   -13.3949    1.00000    1.00000
     1.00000    14.0432    13.6064    16.6584    1.00000    1.00000
     1.00000   -1.21603    17.9170    1.50829    1.00000    1.00000
     1.00000   -8.55109    3.97105    51.8831    1.00000    1.00000
     1.00000   -17.5889   -26.6875   -13.8874    1.00000    1.00000
     1.00000   -1.97160    23.2641    12.5500    1.00000    1.00000
     1.00000   -7.01507   -9.27573   -45.0850    1.00000    1.00000
     1.00000   10.10524    4.06094    21.6081    1.00000    1.00000
     1.00000  -0.114113  -0.574799   -2.60642    1.00000    1.00000
     1.00000    23.9683    20.4784    21.3719    1.00000    1.00000
     1.00000    3.19211   -6.15495   -12.0210    1.00000    1.00000
     1.00000   -18.6019   -6.87877    5.16348    1.00000    1.00000
     1.00000   -5.70995   -12.5817   -11.7002    1.00000    1.00000
     1.00000   -4.69649    16.6114    22.7326    1.00000    1.00000
     1.00000   -20.0217   -22.9511   -40.4729    1.00000    1.00000
     1.00000    7.93776   -20.0428    12.1194    1.00000    1.00000
     1.00000   0.761772    5.85020  -0.675529    1.00000    1.00000
     1.00000    21.7806    6.82308    14.8499    1.00000    1.00000
     1.00000   -1.56937    6.89310   -13.5235    1.00000    1.00000
     1.00000   -2.55506   -11.3504    28.8710    1.00000    1.00000
     1.00000   -18.8616   -22.4978   -19.8551    1.00000    1.00000
     1.00000   -1.80466    17.9877    13.2930    1.00000    1.00000
     1.00000    2.96243   -23.3296   -27.8426    1.00000    1.00000
     1.00000   -2.23009   -5.85394    13.2666    1.00000    1.00000
     1.00000    16.3567    13.0073  -0.129135    1.00000    1.00000
     1.00000    42.1789    21.3546    21.2630    1.00000    1.00000
     1.00000   -14.4250    2.14966   -37.8796    1.00000    1.00000
     1.00000    1.06923  -10.31028    21.1324    1.00000    1.00000
     1.00000   -4.53386   -19.9594   -14.6081    1.00000    1.00000
     1.00000  -0.516907    6.14909    17.1626    1.00000    1.00000
     1.00000   -11.4199   -3.06919   -42.3605    1.00000    1.00000
     1.00000   -5.94438   -5.76279    8.61795    1.00000    1.00000
     1.00000   -4.41057   -9.17618   -9.99786    1.00000    1.00000
     1.00000    14.0508    7.12559    9.14223    1.00000    1.00000
     1.00000  -0.283211    19.9469   -2.35776    1.00000    1.00000
     1.00000  -10.22847   -3.68449    47.6595    1.00000    1.00000
     1.00000   -17.0641   -23.2113   -19.3449    1.00000    1.00000
     1.00000   -1.96674    32.2726    12.0702    1.00000    1.00000
     1.00000   -9.41641   -11.2044   -49.5587    1.00000    1.00000
     1.00000    2.13426   -4.17414    27.4999    1.00000    1.00000
     1.00000    8.51619   0.866631    2.65791    1.00000    1.00000
     1.00000    21.7624    16.2857    20.7906    1.00000    1.00000
     1.00000    4.36087   -5.05981   -22.5740    1.00000    1.00000
     1.00000   -19.9147    1.68329    10.8300    1.00000    1.00000
     1.00000   -9.96283   -8.51683   -17.1414    1.00000    1.00000
     1.00000   -1.64410    15.5791    19.0632    1.00000    1.00000
     1.00000   -19.3695   -15.9685   -39.8673    1.00000    1.00000
     1.00000  -0.127235   -12.5986    12.9129    1.00000    1.00000
     1.00000   -3.44685    2.39011   -11.4774    1.00000    1.00000
     1.00000    20.2252    7.95518    10.6733    1.00000    1.00000
     1.00000   0.251617    15.4630   -8.34429    1.00000    1.00000
     1.00000   -3.70695   -8.84972    39.6337    1.00000    1.00000
     1.00000   -20.8735   -11.5592   -14.7832    1.00000    1.00000
     1.00000    6.21152    6.75993    14.3314    1.00000    1.00000
     1.00000   -6.40488E-02   -14.4731   -34.9636    1.00000    1.00000
     1.00000    2.03082    2.37956    14.3712    1.00000    1.00000
     1.00000    20.9262    7.44346   -3.06197    1.00000    1.00000
     1.00000    36.4536    14.7630    21.6892    1.00000    1.00000
     1.00000   -7.11092    8.14196   -27.2158    1.00000    1.00000
     1.00000   -8.41990   -6.01178    18.4097    1.00000    1.00000
     1.00000   -4.77097   -18.0790   -13.9697    1.00000    1.00000
     1.00000   -5.91542    8.18890    13.2037    1.00000    1.00000
     1.00000   -17.1413   -8.54851   -42.2009    1.00000    1.00000
     1.00000  -0.227898   -4.74010    6.84949    1.00000    1.00000
     1.00000   -5.63006   -2.89176   -7.88528    1.00000    1.00000
     1.00000    14.1035    6.68435    17.6584    1.00000    1.00000
     1.00000   -3.69035    22.4845    9.01501    1.00000    1.00000
     1.00000   -5.16608    5.63515    50.5629    1.00000    1.00000
     1.00000   -13.2353   -32.5232   -15.0924    1.00000    1.00000
     1.00000    1.89790    30.9735    16.6764    1.00000    1.00000
     1.00000   -5.82101   -15.1521   -40.9511    1.00000    1.00000
     1.00000    8.27724    2.83060    28.6102    1.00000    1.00000
     1.00000    2.02480    1.22948   0.128693    1.00000    1.00000
     1.00000    31.2982    15.7408    22.1844    1.00000    1.00000
     1.00000  -0.584618    3.05733   -11.1996    1.00000    1.00000
     1.00000   -15.5720   -1.50381    13.2600    1.00000    1.00000
     1.00000  -0.792007   -12.5145   -9.04890    1.00000    1.00000
     1.00000   -1.71071    17.7808    19.8449    1.00000    1.00000
     1.00000   -16.5530   -21.5083   -43.4120    1.00000    1.00000
     1.00000    8.71968   -18.5835    5.07010    1.00000    1.00000
     1.00000   0.296631    4.61113   -6.61013    1.00000    1.00000
     1.00000    19.8175    11.5087    18.7918    1.00000    1.00000
     1.00000    4.66205    14.2603   -16.1437    1.00000    1.00000
     1.00000   0.444977   -11.0057    25.9490    1.00000    1.00000
     1.00000   -21.7907   -23.3290   -21.9676    1.00000    1.00000
     1.00000    3.60176    15.1173    13.3264    1.00000    1.00000
     1.00000    5.32558   -21.9849   -27.0518    1.00000    1.00000
     1.00000    1.50771   -2.61206    11.5131    1.00000    1.00000
     1.00000    14.5111    10.6729   -3.68594    1.00000    1.00000
     1.00000    36.3916    32.0559    19.9311    1.00000    1.00000
     1.00000   -11.0882    4.16340   -32.2828    1.00000    1.00000
     1.00000   -2.68424   -6.57986    19.0777    1.00000    1.00000
     1.00000   -6.07764   -21.6309   -19.1609    1.00000    1.00000
     1.00000   -4.28009    1.10791    18.0058    1.00000    1.00000
     1.00000   -14.3742  -0.494270   -38.5569    1.00000    1.00000
     1.00000   -8.77184   -17.4472    4.44220    1.00000    1.00000
     1.00000   -3.28153   -11.5836   -5.74706    1.00000    1.00000
     1.00000   10.02599    6.22548    15.8834    1.00000    1.00000
     1.00000   -1.77367    20.9413   -8.19248    1.00000    1.00000
     1.00000   -8.66088   -5.29856    44.3484    1.00000    1.00000
     1.00000   -11.1747   -23.7800   -22.7342    1.00000    1.00000
     1.00000    1.00739    32.3922    20.0148    1.00000    1.00000
     1.00000   -9.64280   -11.7413   -44.4899    1.00000    1.00000
     1.00000    6.64980    1.58136    27.5901    1.00000    1.00000
     1.00000    11.3796    6.04188   -5.57666    1.00000    1.00000
     1.00000    24.2791    19.1539    19.9059    1.00000    1.00000
     1.00000    5.23454   -2.82130   -25.0781    1.00000    1.00000
     1.00000   -18.7551    4.52735    12.2889    1.00000    1.00000
     1.00000   -8.24941   -9.54708   -17.5644    1.00000    1.00000
     1.00000   -2.39856    20.3225    17.5572    1.00000    1.00000
     1.00000   -17.8009   -11.7131   -45.2527    1.00000    1.00000
     1.00000   -3.22701   -8.67011   10.25729    1.00000    1.00000
     1.00000   -4.24236   10.01519   -4.93751    1.00000    1.00000
     1.00000    17.4833    7.12387    8.30222    1.00000    1.00000
     1.00000    7.01947    13.4708   -8.03527    1.00000    1.00000
     1.00000   -3.54365   -11.3205    31.6190    1.00000    1.00000
     1.00000   -12.7550   -13.9644   -20.7625    1.00000    1.00000
     1.00000    9.11604    11.9848    14.9311    1.00000    1.00000
     1.00000   -1.69225   -21.4053   -32.8548    1.00000    1.00000
     1.00000   10.09270  -0.279236    15.5790    1.00000    1.00000
     1.00000    16.0144   10.18563   -4.91184    1.00000    1.00000
     1.00000    43.1361    24.9413    25.6905    1.00000    1.00000
     1.00000    1.68881    2.24989   -25.8601    1.00000    1.00000
     1.00000   -9.51080    1.71936    13.5745    1.00000    1.00000
     1.00000    6.18724   -21.6160   -14.0365    1.00000    1.00000
     1.00000   -5.76621    6.56420    14.9250    1.00000    1.00000
     1.00000   -11.6297   -9.71746   -36.2058    1.00000    1.00000
     1.00000   -5.03037   -1.58200    6.09137    1.00000    1.00000
     1.00000   -3.76516   -2.95727   -10.9413    1.00000    1.00000
     1.00000    13.8014    15.1436    17.9149    1.00000    1.00000
     1.00000   -2.01859    19.7068    1.89885    1.00000    1.00000
     1.00000   -3.93188    5.16562    52.8470    1.00000    1.00000
     1.00000   -16.6490   -28.0171   -11.5930    1.00000    1.00000
     1.00000   -2.42290    26.7684    12.5736    1.00000    1.00000
     1.00000   -7.33620  -10.56833   -41.4560    1.00000    1.00000
     1.00000    9.99614    7.71199    21.8574    1.00000    1.00000
     1.00000    3.19452   -2.62206  -0.298920    1.00000    1.00000
     1.00000    26.5072    21.3437    22.6038    1.00000    1.00000
     1.00000    3.39067   -4.39593   -14.1614    1.00000    1.00000
     1.00000   -15.6116   -5.06805    4.74826    1.00000    1.00000
     1.00000  -10.14090   -15.6878   -11.8426    1.00000    1.00000
     1.00000   -3.79915    18.0404    23.8063    1.00000    1.00000
     1.00000   -19.7506   -26.9424   -43.5857    1.00000    1.00000
     1.00000    6.02464   -20.3445    10.6517    1.00000    1.00000
     1.00000    3.33605    6.63308   -1.70616    1.00000    1.00000
     1.00000    21.7830    9.76409    16.9761    1.00000    1.00000
     1.00000  -0.595406    4.01408   -13.5218    1.00000    1.00000
     1.00000  -0.798615   -6.48400    26.7518    1.00000    1.00000
     1.00000   -22.5367   -14.7093   -20.6502    1.00000    1.00000
     1.00000    1.61722    22.7843    13.1880    1.00000    1.00000
     1.00000  -0.494667   -23.4032   -23.0607    1.00000    1.00000
     1.00000   -2.16050   -7.04825    10.7390    1.00000    1.00000
     1.00000    17.6488    15.8508   0.326447    1.00000    1.00000
     1.00000    40.0595    24.8694    19.6469    1.00000    1.00000
     1.00000   -16.0875    2.82449   -35.2493    1.00000    1.00000
     1.00000   0.384560   -8.11710    19.0064    1.00000    1.00000
     1.00000   -9.50202   -24.4933   -11.3352    1.00000    1.00000
     1.00000    2.87279    5.78328    20.8711    1.00000    1.00000
     1.00000   -13.9738   -4.41116   -42.7091    1.00000    1.00000
     1.00000   -6.79877   -11.8031    7.72360    1.00000    1.00000
     1.00000   -7.22610   -10.6325   -7.76920    1.00000    1.00000
     1.00000    14.8426    4.68202   -2.46735E-02    1.00000    1.00000
     1.00000  -0.683174    20.3485   -5.22467    1.00000    1.00000
     1.00000  -10.52296  -0.842606    48.9188    1.00000    1.00000
     1.00000   -14.4349   -21.4300   -17.9003    1.00000    1.00000
     1.00000    1.52207    32.0498    13.4294    1.00000    1.00000
     1.00000   -12.6337   -16.1574   -50.7972    1.00000    1.00000
     1.00000    4.18250   0.604416    30.7298    1.00000    1.00000
     1.00000    9.23921    6.08906    1.58132    1.00000    1.00000
     1.00000    16.8524    16.3531    20.0945    1.00000    1.00000
     1.00000    3.18700   -5.79362   -18.6731    1.00000    1.00000
     1.00000   -15.7595   0.459969    11.6734    1.00000    1.00000
     1.00000  -10.42822   -5.58624   -17.9757    1.00000    1.00000
     1.00000   -1.27620   10.39732    17.6315    1.00000    1.00000
     1.00000   -12.8094   -12.2100   -42.4834    1.00000    1.00000
     1.00000    1.23418   -15.1980    13.2287    1.00000    1.00000
     1.00000   -5.15640    1.91412   -12.7853    1.00000    1.00000
     1.00000    23.0620    11.5813    11.2874    1.00000    1.00000
     1.00000   -1.49469    11.7645   -3.30763    1.00000    1.00000
     1.00000   -4.05359   -7.08904    45.0657    1.00000    1.00000
     1.00000   -17.0434   -13.9278   -15.4471    1.00000    1.00000
     1.00000    5.30822    6.35532    17.6907    1.00000    1.00000
     1.00000  -0.843163   -18.0667   -32.9535    1.00000    1.00000
     1.00000    7.24504  -0.179726    13.5575    1.00000    1.00000
     1.00000    18.4387    8.42953   -2.10099    1.00000    1.00000
     1.00000    34.7188    15.9402    17.6628    1.00000    1.00000
     1.00000   -5.08407    5.80217   -27.6995    1.00000    1.00000
     1.00000   -6.25995   0.753639    15.0881    1.00000    1.00000
     1.00000  -0.231094   -17.1378   -13.0198    1.00000    1.00000
     1.00000   -5.73165    11.0465    17.6967    1.00000    1.00000
     1.00000   -14.2144   -9.23521   -40.4645    1.00000    1.00000
     1.00000   -1.07168   -6.42876    6.18883    1.00000    1.00000
     1.00000  -0.786255   -1.38392   -5.38668    1.00000    1.00000
     1.00000    11.4049    10.5986    13.6115    1.00000    1.00000
     1.00000   -6.19115    22.7024    4.65993    1.00000    1.00000
     1.00000   -4.81978    8.27453    45.4227    1.00000    1.00000
     1.00000   -13.7941   -30.0414   -13.4141    1.00000    1.00000
     1.00000    1.69790    25.6095    14.2524    1.00000    1.00000
     1.00000   -1.84556   -11.5006   -37.7090    1.00000    1.00000
     1.00000    9.23021    7.55936    28.1999    1.00000    1.00000
     1.00000  -0.298462  -0.613060    2.13802    1.00000    1.00000
     1.00000    35.3569    13.0924    21.7706    1.00000    1.00000
     1.00000    1.78374   0.190086   -12.7753    1.00000    1.00000
     1.00000   -17.8484   -2.14935    9.09323    1.00000    1.00000
     1.00000   -6.56066   -15.4489   -11.1757    1.00000    1.00000
     1.00000   -3.87003    14.9777    20.4420    1.00000    1.00000
     1.00000   -16.0694   -20.1571   -42.0190    1.00000    1.00000
     1.00000    2.94727   -20.0746    5.52298    1.00000    1.00000
     1.00000    2.70015    4.45580   -5.57431    1.00000    1.00000
     1.00000    19.8159    9.57146    21.3209    1.00000    1.00000
     1.00000    1.56967    13.2412   -16.4656    1.00000    1.00000
     1.00000    2.46288   -11.7482    28.6441    1.00000    1.00000
     1.00000   -25.2292   -24.3442   -20.6054    1.00000    1.00000
     1.00000    3.32119    11.6694    15.2649    1.00000    1.00000
     1.00000    2.39930   -21.8955   -35.5975    1.00000    1.00000
     1.00000    4.50146   -4.71729    13.1519    1.00000    1.00000
     1.00000    13.7534    12.6417   -2.80815    1.00000    1.00000
     1.00000    38.9362    28.2577    18.3067    1.00000    1.00000
     1.00000  -10.56506    2.46303   -31.3690    1.00000    1.00000
     1.00000   -3.89982   -3.34218    18.5484    1.00000    1.00000
     1.00000   -7.23596   -24.2365   -20.6576    1.00000    1.00000
     1.00000   -3.80493    4.96519    14.2781    1.00000    1.00000
     1.00000   -13.5495    2.30325   -40.7175    1.00000    1.00000
     1.00000   -10.8077   -14.7458    7.15691    1.00000    1.00000
     1.00000   -3.79126   -7.16888   -9.86317    1.00000    1.00000
     1.00000    13.5542    7.25474    11.0753    1.00000    1.00000
     1.00000   0.147598    20.7323   -7.67764    1.00000    1.00000
     1.00000   -7.18637   -4.37300    45.4135    1.00000    1.00000
     1.00000   -11.7740   -22.0644   -17.8713    1.00000    1.00000
     1.00000    2.54297    33.3144    17.1003    1.00000    1.00000
     1.00000   -9.17707   -11.9916   -47.7358    1.00000    1.00000
     1.00000    4.86961  -0.789780    29.4712    1.00000    1.00000
     1.00000    11.7596    3.30267   -2.74708    1.00000    1.00000
     1.00000    21.0319    19.8853    18.6949    1.00000    1.00000
     1.00000    3.14815  -0.922707   -23.5039    1.00000    1.00000
     1.00000   -19.0171    7.38805    13.6610    1.00000    1.00000
     1.00000   -2.78642   -9.21048   -19.1810    1.00000    1.00000
     1.00000   -4.48410    15.0450    16.3164    1.00000    1.00000
     1.00000   -19.4819   -10.7526   -45.7545    1.00000    1.00000
     1.00000  -0.168541   -8.57146    10.9321    1.00000    1.00000
     1.00000   -3.57126    3.44366   -7.29111    1.00000    1.00000
     1.00000    17.7523    11.1540    9.21385    1.00000    1.00000
     1.00000    6.46294    12.1433   -12.4402    1.00000    1.00000
     1.00000   -3.01919   -6.76987    36.3096    1.00000    1.00000
     1.00000   -17.5703   -13.5793   -17.3447    1.00000    1.00000
     1.00000    8.51520    8.10650    16.4066    1.00000    1.00000
     1.00000   -2.73978   -21.8872   -27.6263    1.00000    1.00000
     1.00000    9.51311   -1.47063    19.3814    1.00000    1.00000
     1.00000    20.1741    10.6700   -4.03096    1.00000    1.00000
     1.00000    38.8356    20.2346    23.5981    1.00000    1.00000
     1.00000  -0.260849    3.66329   -26.6788    1.00000    1.00000
     1.00000   -12.4726   0.256454    11.7842    1.00000    1.00000
     1.00000  -0.267952   -19.1190   -12.6743    1.00000    1.00000
     1.00000   -7.26917    9.52901    19.2590    1.00000    1.00000
     1.00000   -8.32034   -6.18493   -36.0597    1.00000    1.00000
     1.00000   -5.63564   -5.13912    6.07283    1.00000    1.00000
     1.00000   -6.35263   -3.90119   -16.0062    1.00000    1.00000
     1.00000    11.7736    12.3107    14.5772    1.00000    1.00000
     1.00000   0.884247    18.8018   -1.20638    1.00000    1.00000
     1.00000   -10.9939    4.39503    51.5943    1.00000    1.00000
     1.00000   -15.8951   -26.1909   -14.8280    1.00000    1.00000
     1.00000  -0.595192    21.8746    12.1319    1.00000    1.00000
     1.00000   -6.94001   -5.92490   -45.1374    1.00000    1.00000
     1.00000   10.41380    4.28340    24.8689    1.00000    1.00000
     1.00000   -1.32257   -2.66105   -2.79694    1.00000    1.00000
     1.00000    25.3828    22.3319    20.0159    1.00000    1.00000
     1.00000    1.42505   -5.79713   -12.8867    1.00000    1.00000
     1.00000   -20.1181   -5.59328    5.38365    1.00000    1.00000
     1.00000   -5.89936   -10.7318   -13.6769    1.00000    1.00000
     1.00000   -4.71055    12.9266    23.8857    1.00000    1.00000
     1.00000   -18.9440   -22.2818   -38.9267    1.00000    1.00000
     1.00000    7.24886   -24.2858    9.39577    1.00000    1.00000
     1.00000    2.90710    6.91759   0.226471    1.00000    1.00000
     1.00000    20.0894    2.37628    13.8017    1.00000    1.00000
     1.00000   0.560715    7.76093   -12.1570    1.00000    1.00000
     1.00000   -1.68244   -8.64378    27.4553    1.00000    1.00000
     1.00000   -18.0199   -17.2985   -18.9830    1.00000    1.00000
     1.00000    1.08185    20.2707    13.9126    1.00000    1.00000
     1.00000    4.21524E-02   -23.7587   -25.8756    1.00000    1.00000
     1.00000   -6.28536   -8.32114    12.5005    1.00000    1.00000
     1.00000    18.4243    16.1109    4.17367    1.00000    1.00000
     1.00000    42.4261    21.0218    23.2195    1.00000    1.00000
     1.00000   -14.1589   0.747429   -34.8358    1.00000    1.00000
     1.00000   0.128494   -7.29099    22.1065    1.00000    1.00000
     1.00000   -3.68616   -22.3137   -13.4183    1.00000    1.00000
     1.00000   -1.68456    4.29960    19.4452    1.00000    1.00000
     1.00000   -11.0117   -6.01752   -44.2987    1.00000    1.00000
     1.00000   -9.66111   -6.53761    8.87630    1.00000    1.00000
     1.00000   -6.79552   -8.09210   -7.54151    1.00000    1.00000
     1.00000    13.3529    6.81718    4.78896    1.00000    1.00000
     1.00000    2.77053    22.3839   -1.72675    1.00000    1.00000
     1.00000   -9.34663   -2.45924    48.9714    1.00000    1.00000
     1.00000   -16.7190   -26.5045   -18.3961    1.00000    1.00000
     1.00000  -0.935692    33.1784    10.6154    1.00000    1.00000
     1.00000   -7.96644   -8.04484   -47.6486    1.00000    1.00000
     1.00000   0.635826   -5.51541    30.0963    1.00000    1.00000
     1.00000    7.00171    1.70499    1.65614    1.00000    1.00000
     1.00000    25.9224    12.9315    18.3584    1.00000    1.00000
     1.00000    4.67116   -7.03909   -22.5265    1.00000    1.00000
     1.00000   -23.2453    1.61008    8.12611    1.00000    1.00000
     1.00000   -13.1753   -6.20591   -17.2529    1.00000    1.00000
     1.00000   -1.41191    16.0349    16.7582    1.00000    1.00000
     1.00000   -15.6482   -14.3318   -39.5991    1.00000    1.00000
     1.00000   -1.13351  -10.56946    12.0998    1.00000    1.00000
     1.00000   -1.98456    3.03228   -8.43705    1.00000    1.00000
     1.00000    22.8596    8.27387    13.9950    1.00000    1.00000
     1.00000    1.49162    15.9945   -9.82072    1.00000    1.00000
     1.00000   -2.77792   -6.17381    38.2034    1.00000    1.00000
     1.00000   -18.7887   -13.0295   -15.0634    1.00000    1.00000
     1.00000    5.01676    5.15620    14.3569    1.00000    1.00000
     1.00000   -1.82285   -13.7882   -35.6250    1.00000    1.00000
     1.00000    5.54470   -1.22839    13.6531    1.00000    1.00000
     1.00000    19.8036    6.12712   -1.67292    1.00000    1.00000
     1.00000    36.5718    16.3754    18.2769    1.00000    1.00000
     1.00000   -6.97614    3.22615   -27.5636    1.00000    1.00000
     1.00000   -7.65238   -2.91393    17.5980    1.00000    1.00000
     1.00000   -6.73036   -17.6785   -13.9901    1.00000    1.00000
     1.00000   -7.04243   10.48925    15.5771    1.00000    1.00000
     1.00000   -17.5388   -9.16616   -44.0611    1.00000    1.00000
     1.00000   0.172607  -0.758987    8.01414    1.00000    1.00000
     1.00000   -6.61452   -4.33124   -8.86444    1.00000    1.00000
     1.00000    14.4798    7.47285    15.4019    1.00000    1.00000
     1.00000   -6.14519    23.4149    7.43489    1.00000    1.00000
     1.00000   -4.36293    5.65318    47.7721    1.00000    1.00000
     1.00000   -11.0467   -33.0548   -14.2122    1.00000    1.00000
     1.00000    1.23793    29.3737    13.2086    1.00000    1.00000
     1.00000   -5.05582   -12.6661   -39.0000    1.00000    1.00000
     1.00000    9.88216    5.75531    30.2746    1.00000    1.00000
     1.00000    2.97186   0.761955    2.44875    1.00000    1.00000
     1.00000    30.7344    18.2617    22.0230    1.00000    1.00000
     1.00000   0.194763    1.29436   -11.7330    1.00000    1.00000
     1.00000   -15.9817   -2.97253    11.6653    1.00000    1.00000
     1.00000   -3.51467   -12.6800   -10.7389    1.00000    1.00000
     1.00000   -5.20798    17.5854    19.9434    1.00000    1.00000
     1.00000   -18.0516   -20.5989   -42.4491    1.00000    1.00000
     1.00000    6.79301   -17.1158    6.44719    1.00000    1.00000
     1.00000  -0.747856    4.59942   -8.31567    1.00000    1.00000
     1.00000    21.5116    10.7878    19.5733    1.00000    1.00000
     1.00000    5.30409    16.0915   -16.6278    1.00000    1.00000
     1.00000    2.72472   -11.1807    25.1040    1.00000    1.00000
     1.00000   -20.1059   -21.8971   -21.3010    1.00000    1.00000
     1.00000    1.75409    15.0117    12.5681    1.00000    1.00000
     1.00000    3.16128   -21.9107   -30.2703    1.00000    1.00000
     1.00000    2.39049   -3.91814    13.3100    1.00000    1.00000
     1.00000    14.4120    10.6076  -0.377121    1.00000    1.00000
     1.00000    36.5943    33.9627    22.2934    1.00000    1.00000
     1.00000  -10.15538    5.97787   -34.8550    1.00000    1.00000
     1.00000  -0.462151   -4.42187    18.8003    1.00000    1.00000
     1.00000   -3.72527   -21.7457   -18.0092    1.00000    1.00000
     1.00000   -2.55263    2.10717    18.1375    1.00000    1.00000
     1.00000   -17.0438   0.896767   -37.3789    1.00000    1.00000
     1.00000   -8.30392   -14.3501    5.97923    1.00000    1.00000
     1.00000   -3.79224   -12.6434   -8.39909    1.00000    1.00000
     1.00000    12.4234    7.06065    14.1101    1.00000    1.00000
     1.00000   -3.54847    21.2433   -7.32135    1.00000    1.00000
     1.00000   -9.01334   -2.46468    41.8468    1.00000    1.00000
     1.00000   -11.5642   -27.1294   -22.6450    1.00000    1.00000
     1.00000   0.446861    34.4736    21.8776    1.00000    1.00000
     1.00000   -10.8834   -11.9093   -42.9301    1.00000    1.00000
     1.00000    6.64943    1.23177    29.5593    1.00000    1.00000
     1.00000    12.1520    6.74780   -3.87224    1.00000    1.00000
     1.00000    23.4305    17.3818    20.6642    1.00000    1.00000
     1.00000    5.25763  -0.825798   -25.2102    1.00000    1.00000
     1.00000   -18.5558    3.35697    13.8984    1.00000    1.00000
     1.00000   -6.85034   -7.80523   -18.2290    1.00000    1.00000
     1.00000   -2.62677    18.4404    18.1940    1.00000    1.00000
     1.00000   -14.2010   -10.7736   -42.4888    1.00000    1.00000
     1.00000   -4.25627   -8.69643    8.45688    1.00000    1.00000
     1.00000   -5.77290    7.52631   -5.61174    1.00000    1.00000
     1.00000    15.3593    4.54234    7.27208    1.00000    1.00000
     1.00000    8.40457    11.4787   -9.09519    1.00000    1.00000
     1.00000   -2.52380   -11.9905    33.2036    1.00000    1.00000
     1.00000   -15.2454   -15.6126   -20.3768    1.00000    1.00000
     1.00000   10.01375    11.8286    18.0427    1.00000    1.00000
     1.00000   -2.59457   -22.4759   -31.4266    1.00000    1.00000
     1.00000    9.33745    2.22377    17.0746    1.00000    1.00000
     1.00000    16.6895    6.15880   -4.01899    1.00000    1.00000
     1.00000    42.2161    21.7344    25.0764    1.00000    1.00000
     1.00000    1.61318    3.99107   -23.4672    1.00000    1.00000
     1.00000   -9.21845    1.26874    15.5010    1.00000    1.00000
     1.00000    3.49770   -18.7549   -13.5948    1.00000    1.00000
     1.00000   -1.40222    7.32100    15.4572    1.00000    1.00000
     1.00000   -12.9576   -9.23351   -38.9088    1.00000    1.00000
     1.00000   -4.13294   -3.24474    5.43571    1.00000    1.00000
     1.00000   -7.06879   -4.96992   -12.7422    1.00000    1.00000
     1.00000    15.1481    14.8404    19.3621    1.00000    1.00000
     1.00000   -5.62233    20.5438    2.71635    1.00000    1.00000
     1.00000   -5.62603    6.82544    53.6900    1.00000    1.00000
     1.00000   -15.0163   -28.9648   -12.2534    1.00000    1.00000
     1.00000   -3.35408    25.9894    15.1828    1.00000    1.00000
     1.00000   -7.13822   -11.4645   -37.8448    1.00000    1.00000
     1.00000    9.13136    7.05222    23.5358    1.00000    1.00000
     1.00000    4.71053  -0.469193   -1.40937    1.00000    1.00000
     1.00000    25.8507    23.0119    24.0821    1.00000    1.00000
     1.00000    5.55128   -4.50774   -17.1987    1.00000    1.00000
     1.00000   -16.5787   -3.31837    4.69012    1.00000    1.00000
     1.00000   -8.20143   -15.5599   -12.3139    1.00000    1.00000
     1.00000  -0.796997    19.6321    24.6268    1.00000    1.00000
     1.00000   -17.1069   -26.6295   -41.0839    1.00000    1.00000
     1.00000    5.72871   -16.6642    8.07915    1.00000    1.00000
     1.00000    3.56860    4.88364   -3.14590    1.00000    1.00000
     1.00000    20.8134    11.5114    17.0573    1.00000    1.00000
     1.00000    2.77688    5.00562   -13.1665    1.00000    1.00000
     1.00000    1.06472   -7.55684    25.7488    1.00000    1.00000
     1.00000   -20.7309   -17.2954   -19.5536    1.00000    1.00000
     1.00000    3.66515    20.7626    13.5053    1.00000    1.00000
     1.00000    1.25565   -25.7644   -22.3159    1.00000    1.00000
     1.00000    1.64396   -4.69118    11.6232    1.00000    1.00000
     1.00000    15.6774    13.1041   -3.09858    1.00000    1.00000
     1.00000    42.8418    23.0189    19.5524    1.00000    1.00000
     1.00000   -11.3774    2.14283   -33.1683    1.00000    1.00000
     1.00000    1.04388   -13.0349    17.8970    1.00000    1.00000
     1.00000   -8.92004   -22.8083   -12.2419    1.00000    1.00000
     1.00000    1.94518    3.17098    20.5219    1.00000    1.00000
     1.00000   -11.8201   -3.83157   -40.3096    1.00000    1.00000
     1.00000   -7.83869   -8.75439    8.11552    1.00000    1.00000
     1.00000   -7.01500   -12.7619  -10.19537    1.00000    1.00000
     1.00000    14.8207    7.45162    3.58771    1.00000    1.00000
     1.00000  -0.492584    17.1059   -5.05331    1.00000    1.00000
     1.00000   -10.6401    1.00686    50.6420    1.00000    1.00000
     1.00000   -12.8339   -23.5370   -20.1444    1.00000    1.00000
     1.00000  -0.343925    33.5956    15.5858    1.00000    1.00000
     1.00000   -11.9601   -14.4000   -51.4739    1.00000    1.00000
     1.00000   0.394066   -3.53804    30.2740    1.00000    1.00000
     1.00000    8.56012    2.35574   0.336006    1.00000    1.00000
     1.00000    19.4869    16.4174    20.8412    1.00000    1.00000
     1.00000    2.81126   -5.46078   -20.6091    1.00000    1.00000
     1.00000   -18.0205    1.16415    11.2072    1.00000    1.00000
     1.00000   -12.0155   -3.82687   -20.7249    1.00000    1.00000
     1.00000   -3.52119    12.8570    16.9318    1.00000    1.00000
     1.00000   -14.2748   -15.2662   -41.8674    1.00000    1.00000
     1.00000    3.47783   -17.3375    11.3316    1.00000    1.00000
     1.00000   -5.68224   -1.50343   -11.6999    1.00000    1.00000
     1.00000    22.5083    11.9347    9.39832    1.00000    1.00000
     1.00000   -1.75639    12.6370   -6.42200    1.00000    1.00000
     1.00000   -5.32802   -7.22955    41.8058    1.00000    1.00000
     1.00000   -18.1535   -16.4094   -13.8697    1.00000    1.00000
     1.00000    2.65542    3.73301    15.7045    1.00000    1.00000
     1.00000   -1.60490   -18.4074   -34.7711    1.00000    1.00000
     1.00000    6.11177   0.373505    12.0052    1.00000    1.00000
     1.00000    18.8521    6.05163   0.273651    1.00000    1.00000
     1.00000    36.8183    13.8107    17.8745    1.00000    1.00000
     1.00000   -5.83852    7.88272   -29.3241    1.00000    1.00000
     1.00000   -8.72704   -1.53751    16.6231    1.00000    1.00000
     1.00000   -1.56234   -18.2979   -13.9589    1.00000    1.00000
     1.00000   -7.91494    12.2864    15.2548    1.00000    1.00000
     1.00000   -14.1715   -7.45470   -43.9801    1.00000    1.00000
     1.00000   -1.07178   -8.40936    2.87378    1.00000    1.00000
     1.00000   -2.68102   -1.10731   -6.03250    1.00000    1.00000
     1.00000   10.32896   10.21014    11.3426    1.00000    1.00000
     1.00000   -5.06313    22.4530    2.51139    1.00000    1.00000
     1.00000   -2.63789    6.54341    46.6257    1.00000    1.00000
     1.00000   -14.8987   -31.8081   -12.2833    1.00000    1.00000
     1.00000  -0.863022    24.8597    18.7798    1.00000    1.00000
     1.00000   -3.81818   -12.5117   -37.4365    1.00000    1.00000
     1.00000    8.93724    3.77414    26.1181    1.00000    1.00000
     1.00000   -1.09865   0.284157    3.83582    1.00000    1.00000
     1.00000    32.9697    15.8827    23.2734    1.00000    1.00000
     1.00000    3.80748   -1.60939   -15.2290    1.00000    1.00000
     1.00000   -18.8850   -3.58942    10.9198    1.00000    1.00000
     1.00000   -4.74831   -15.0203   -9.89204    1.00000    1.00000
     1.00000   -5.21298    11.7290    19.5037    1.00000    1.00000
     1.00000   -14.7094   -16.8091   -43.0635    1.00000    1.00000
     1.00000    6.37122   -20.5510    6.85968    1.00000    1.00000
     1.00000    3.65540    1.57578   -4.57297    1.00000    1.00000
     1.00000    20.2896    11.5334    21.7770    1.00000    1.00000
     1.00000   0.763885    11.4644   -12.9707    1.00000    1.00000
     1.00000    4.00777   -12.5202    27.6355    1.00000    1.00000
     1.00000   -24.3489   -25.2316   -22.1667    1.00000    1.00000
     1.00000    6.18446    12.9697    13.5769    1.00000    1.00000
     1.00000    1.82807   -24.9504   -34.7580    1.00000    1.00000
     1.00000    3.24669   -7.23537    15.5853    1.00000    1.00000
     1.00000    11.1767    11.8521   -3.18237    1.00000    1.00000
     1.00000    36.9975    29.7651    16.4287    1.00000    1.00000
     1.00000   -7.87530    4.28318   -29.0038    1.00000    1.00000
     1.00000   -3.99308   -5.31696    18.2458    1.00000    1.00000
     1.00000   -8.62756   -23.6068   -19.3666    1.00000    1.00000
     1.00000   -2.53314    2.21032    15.5064    1.00000    1.00000
     1.00000   -10.9469   0.671516   -42.7911    1.00000    1.00000
     1.00000   -11.8075   -14.2032    8.80188    1.00000    1.00000
     1.00000   -4.81266   -9.65349   -6.07165    1.00000    1.00000
     1.00000    15.3199    7.87251    11.7829    1.00000    1.00000
     1.00000  -0.551361    18.5270   -6.45942    1.00000    1.00000
     1.00000   -8.72939   -3.28036    46.0655    1.00000    1.00000
     1.00000   -9.70540   -22.1671   -20.8810    1.00000    1.00000
     1.00000    1.54633    34.9910    17.5427    1.00000    1.00000
     1.00000   -11.6543   -11.4081   -45.9977    1.00000    1.00000
     1.00000    5.33701   -1.29523    31.5353    1.00000    1.00000
     1.00000    9.99245    3.30116  -0.690948    1.00000    1.00000
     1.00000    18.6523    22.8694    17.6274    1.00000    1.00000
     1.00000    4.64665    2.43584   -23.0529    1.00000    1.00000
     1.00000   -18.6572    5.59562   10.12279    1.00000    1.00000
     1.00000   -5.49178   -7.24071   -19.5838    1.00000    1.00000
     1.00000   -5.44874    16.7639    15.9776    1.00000    1.00000
     1.00000   -19.1520   -12.4030   -46.8349    1.00000    1.00000
     1.00000   -2.19548   -11.3900    9.21211    1.00000    1.00000
     1.00000   -3.39148    3.10362   -5.32845    1.00000    1.00000
     1.00000    18.8259    6.80901    9.81978    1.00000    1.00000
     1.00000    4.48008    12.2529   -12.6775    1.00000    1.00000
     1.00000   -2.27602   -11.3754    37.4194    1.00000    1.00000
     1.00000   -17.2977   -15.4869   -17.8801    1.00000    1.00000
     1.00000    8.37042    9.90368    14.3203    1.00000    1.00000
     1.00000   -1.74305   -23.3344   -26.6712    1.00000    1.00000
     1.00000    9.11424    2.45747    19.0483    1.00000    1.00000
     1.00000    17.3768    11.3310   -3.99972    1.00000    1.00000
     1.00000    39.0596    16.9996    22.1233    1.00000    1.00000
     1.00000   -3.60990    3.14845   -24.9193    1.00000    1.00000
     1.00000   -12.9779   -1.03371E-01    13.6856    1.00000    1.00000
     1.00000    1.66548   -19.3916   -13.1073    1.00000    1.00000
     1.00000   -4.68201    7.61493    16.7182    1.00000    1.00000
     1.00000  -10.20814   -7.08791   -38.2752    1.00000    1.00000
     1.00000   -4.65323   -6.88121    6.06824    1.00000    1.00000
     1.00000   -4.31627   -2.90785   -12.8632    1.00000    1.00000
     1.00000    14.5225    12.0288    15.5264    1.00000    1.00000
     1.00000   -2.25548    17.5408  -0.158463    1.00000    1.00000
     1.00000   -7.83691    5.19013    53.2986    1.00000    1.00000
     1.00000   -18.1662   -25.3984   -12.4714    1.00000    1.00000
     1.00000   -2.71397    24.9549    11.7820    1.00000    1.00000
     1.00000   -7.48837  -10.29675   -43.4316    1.00000    1.00000
     1.00000   10.26538    2.29865    20.6761    1.00000    1.00000
     1.00000    1.70329   -1.16845   -2.01939    1.00000    1.00000
     1.00000    24.5790    21.8703    22.6718    1.00000    1.00000
     1.00000    2.84654   -4.47458   -10.9930    1.00000    1.00000
     1.00000   -18.4860   -8.43896    3.91754    1.00000    1.00000
     1.00000   -7.25937   -11.5952   -12.4916    1.00000    1.00000
     1.00000   -4.60487    14.9220    23.7991    1.00000    1.00000
     1.00000   -19.5545   -24.8452   -40.9132    1.00000    1.00000
     1.00000    7.95988   -20.5104   10.17490    1.00000    1.00000
     1.00000   0.347580    5.11429   -2.48851    1.00000    1.00000
     1.00000    20.7055    5.17252    15.1961    1.00000    1.00000
     1.00000   0.370232    7.00426   -13.9985    1.00000    1.00000
     1.00000   -4.14687   -12.0520    29.8580    1.00000    1.00000
     1.00000   -19.3679   -20.6856   -19.1771    1.00000    1.00000
     1.00000  -0.292007    18.1739    11.9979    1.00000    1.00000
     1.00000    2.99487   -21.3351   -27.6979    1.00000    1.00000
     1.00000   -2.92350   -7.57148    12.5122    1.00000    1.00000
     1.00000    17.6033    13.9989    1.08028    1.00000    1.00000
     1.00000    40.5151    22.2457    21.9245    1.00000    1.00000
     1.00000   -13.7109    2.32107   -36.0193    1.00000    1.00000
     1.00000    2.41913   -11.1916    19.9487    1.00000    1.00000
     1.00000   -2.80898   -20.9717   -14.6140    1.00000    1.00000
     1.00000   -2.16125    5.83637    18.2573    1.00000    1.00000
     1.00000   -12.0518   -4.82811   -43.0725    1.00000    1.00000
     1.00000   -7.82169   -6.26133    8.14133    1.00000    1.00000
     1.00000   -3.59351   -8.33919   -11.6202    1.00000    1.00000
     1.00000    13.4332    7.38140    7.25723    1.00000    1.00000
     1.00000    1.61219    19.7755   -2.97263    1.00000    1.00000
     1.00000  -10.49317   -4.16376    45.7359    1.00000    1.00000
     1.00000   -15.9897   -24.6431   -18.4529    1.00000    1.00000
     1.00000   -2.92798    33.5537    10.8724    1.00000    1.00000
     1.00000   -11.3226   -11.4957   -49.0279    1.00000    1.00000
     1.00000   0.209496   -3.97429    28.0052    1.00000    1.00000
     1.00000    9.61008    1.87354    3.99564    1.00000    1.00000
     1.00000    23.0076    15.2072    19.6564    1.00000    1.00000
     1.00000    5.94278   -5.84881   -23.5094    1.00000    1.00000
     1.00000   -20.1099    1.90685    8.85214    1.00000    1.00000
     1.00000   -11.4515   -7.20815   -17.4081    1.00000    1.00000
     1.00000   0.273247    15.4208    18.5166    1.00000    1.00000
     1.00000   -18.2527   -14.3841   -39.3746    1.00000    1.00000
     1.00000   0.810081   -10.8963    12.4398    1.00000    1.00000
     1.00000   -4.94547    3.66394   -11.8400    1.00000    1.00000
     1.00000    21.8750    8.95375    11.2031    1.00000    1.00000
     1.00000   -1.71987    15.7358   -8.14736    1.00000    1.00000
     1.00000   -5.53666   -8.65354    40.4171    1.00000    1.00000
     1.00000   -20.7301   -13.5046   -14.3421    1.00000    1.00000
     1.00000    5.58685    7.66973    15.9993    1.00000    1.00000
     1.00000   -3.65677E-02   -16.0361   -36.2112    1.00000    1.00000
     1.00000    2.27861   0.527069    13.6592    1.00000    1.00000
     1.00000    22.0962    6.10427   -2.14673    1.00000    1.00000
     1.00000    38.2288    15.4843    21.1164    1.00000    1.00000
     1.00000   -6.72153    6.77422   -25.8095    1.00000    1.00000
     1.00000   -7.43974   -4.35896    18.9643    1.00000    1.00000
     1.00000   -4.91792   -16.2060   -13.2838    1.00000    1.00000
     1.00000   -7.36676    9.32018    13.9871    1.00000    1.00000
     1.00000   -16.0841   -8.32517   -40.5179    1.00000    1.00000
     1.00000   0.968384   -3.40566    5.96169    1.00000    1.00000
     1.00000   -3.90662   -2.07669   -7.28077    1.00000    1.00000
     1.00000    13.5494    5.79157    15.9567    1.00000    1.00000
     1.00000   -5.16410    22.3019   10.35468    1.00000    1.00000
     1.00000   -3.22160    5.60535    51.0299    1.00000    1.00000
     1.00000   -12.6537   -34.2446   -14.2565    1.00000    1.00000
     1.00000    1.35458    30.5931    14.7896    1.00000    1.00000
     1.00000   -5.97858   -13.1742   -40.7001    1.00000    1.00000
     1.00000    9.01363    3.96381    30.0845    1.00000    1.00000
     1.00000    3.59796   0.115860   0.662537    1.00000    1.00000
     1.00000    32.0722    17.1678    21.0164    1.00000    1.00000
     1.00000  -0.496078    5.03120   -11.5094    1.00000    1.00000
     1.00000   -17.2077  -0.663414    12.4738    1.00000    1.00000
     1.00000   -1.06908   -14.4816   -9.28017    1.00000    1.00000
     1.00000   -3.40022    16.9213    20.4827    1.00000    1.00000
     1.00000   -16.5629   -23.5065   -43.3281    1.00000    1.00000
     1.00000    8.23085   -16.6510    4.90710    1.00000    1.00000
     1.00000  -0.219902    4.00175   -4.77660    1.00000    1.00000
     1.00000    19.2995    13.3582    19.3495    1.00000    1.00000
     1.00000    2.76281    14.8436   -16.3730    1.00000    1.00000
     1.00000    6.40945E-02   -11.9777    27.6549    1.00000    1.00000
     1.00000   -23.7189   -22.9916   -22.3780    1.00000    1.00000
     1.00000    3.67500    13.3057    14.1706    1.00000    1.00000
     1.00000    4.57573   -21.6642   -28.8779    1.00000    1.00000
     1.00000    2.19768   -1.92805    13.2613    1.00000    1.00000
     1.00000    14.0669    9.59016   -2.06407    1.00000    1.00000
     1.00000    38.0709    31.4320    19.0418    1.00000    1.00000
     1.00000   -11.6156    4.84782   -34.0865    1.00000    1.00000
     1.00000   -1.59769   -8.22967    18.7654    1.00000    1.00000
     1.00000   -5.93208   -21.1548   -17.2238    1.00000    1.00000
     1.00000   -4.48454    1.68069    16.1005    1.00000    1.00000
     1.00000   -14.3537   -1.49432   -40.2888    1.00000    1.00000
     1.00000   -9.44164   -15.9462    5.58162    1.00000    1.00000
     1.00000   -4.65044   -11.3107   -7.17942    1.00000    1.00000
     1.00000    10.9575    7.86201    15.2096    1.00000    1.00000
     1.00000   -2.51318    19.6575   -9.53598    1.00000    1.00000
     1.00000   -8.57204   -3.48532    43.5092    1.00000    1.00000
     1.00000  -10.08633   -25.4136   -22.3511    1.00000    1.00000
     1.00000   0.444489    33.8172    18.7293    1.00000    1.00000
     1.00000   -8.44401   -12.4406   -45.9299    1.00000    1.00000
     1.00000    6.70653    3.48157    26.9688    1.00000    1.00000
     1.00000    9.96404    5.30495   -4.37115    1.00000    1.00000
     1.00000    25.9596    18.8417    18.8676    1.00000    1.00000
     1.00000    3.83534   -3.76926   -24.0087    1.00000    1.00000
     1.00000   -17.2407    3.54221    11.4310    1.00000    1.00000
     1.00000   -8.49453   -11.1934   -16.4555    1.00000    1.00000
     1.00000  -0.892715    21.5658    17.9893    1.00000    1.00000
     1.00000   -16.2844   -11.6229   -43.9518    1.00000    1.00000
     1.00000   -2.72610   -7.44437    8.75841    1.00000    1.00000
     1.00000   -4.15375    8.07726   -4.45110    1.00000    1.00000
     1.00000    15.6593    6.42780    7.86792    1.00000    1.00000
     1.00000    7.24577    15.3101   -7.28291    1.00000    1.00000
     1.00000   -2.41702   -9.88400    30.8022    1.00000    1.00000
     1.00000   -13.3406   -15.7406   -21.4714    1.00000    1.00000
     1.00000   10.48520    12.5935    16.2559    1.00000    1.00000
     1.00000   -1.43034   -20.3883   -34.5569    1.00000    1.00000
     1.00000    8.78087   -1.43150    16.5544    1.00000    1.00000
     1.00000    16.9509    8.82288   -6.03690    1.00000    1.00000
     1.00000    41.7472    23.5126    25.8629    1.00000    1.00000
     1.00000    2.23879   0.448868   -26.5338    1.00000    1.00000
     1.00000   -11.3475   0.983047    13.2838    1.00000    1.00000
     1.00000    5.01781   -20.0546   -13.5954    1.00000    1.00000
     1.00000   -3.78854    6.76919    15.1414    1.00000    1.00000
     1.00000   -11.3031   -8.72099   -37.9088    1.00000    1.00000
     1.00000   -6.96314   -1.44289    6.58640    1.00000    1.00000
     1.00000   -5.48262   -3.06640   -9.92224    1.00000    1.00000
     1.00000    11.8464    14.7294    17.9956    1.00000    1.00000
     1.00000   -4.01216    19.5910    2.00952    1.00000    1.00000
     1.00000   -5.92649    5.10658    52.7127    1.00000    1.00000
     1.00000   -16.8794   -27.1323   -9.81421    1.00000    1.00000
     1.00000   -1.58362    26.0914    14.2581    1.00000    1.00000
     1.00000   -6.58747   -8.72367   -41.6475    1.00000    1.00000
     1.00000    8.44241    7.21310    20.7011    1.00000    1.00000
     1.00000    3.55053   -1.92560   -2.13963    1.00000    1.00000
     1.00000    28.4310    20.8562    22.3559    1.00000    1.00000
     1.00000    4.89896   -3.20379   -14.7127    1.00000    1.00000
     1.00000   -16.9352   -6.04305    5.88727    1.00000    1.00000
     1.00000   -11.9441   -14.8444   -12.0353    1.00000    1.00000
     1.00000   -2.71143    19.7006    24.0521    1.00000    1.00000
     1.00000   -21.4390   -27.8606   -43.0323    1.00000    1.00000
     1.00000    4.78778   -18.8126    11.0028    1.00000    1.00000
     1.00000    2.45964    4.84937   -1.48186    1.00000    1.00000
     1.00000    21.6730    7.80500    16.5890    1.00000    1.00000
     1.00000   0.811584    5.33313   -12.9922    1.00000    1.00000
     1.00000  -0.398712   -7.47163    28.4443    1.00000    1.00000
     1.00000   -22.2862   -13.1382   -19.4383    1.00000    1.00000
     1.00000    3.29475    22.2607    12.2332    1.00000    1.00000
     1.00000  -0.521690   -22.2476   -24.6929    1.00000    1.00000
     1.00000  -0.513840   -6.02404    11.2284    1.00000    1.00000
     1.00000    17.4429    16.0907   -1.64842    1.00000    1.00000
     1.00000    39.5104    23.8493    21.2772    1.00000    1.00000
     1.00000   -14.4763    2.98533   -34.0753    1.00000    1.00000
     1.00000    1.15152   -9.96420    19.0070    1.00000    1.00000
     1.00000  -10.45720   -25.2463   -9.74751    1.00000    1.00000
     1.00000    3.95308    5.72811    19.1889    1.00000    1.00000
     1.00000   -13.3253   -2.92268   -41.5412    1.00000    1.00000
     1.00000   -6.33651   -9.88019    7.42558    1.00000    1.00000
     1.00000   -6.90878   -9.51533   -6.14095    1.00000    1.00000
     1.00000    14.1904    6.56125   0.183090    1.00000    1.00000
     1.00000  -0.438019    18.7969   -3.98676    1.00000    1.00000
     1.00000   -12.4920   -1.11659    48.7003    1.00000    1.00000
     1.00000   -14.8718   -23.0657   -18.9649    1.00000    1.00000
     1.00000  -0.314713    32.7625    13.0855    1.00000    1.00000
     1.00000   -11.1633   -17.2739   -50.0282    1.00000    1.00000
     1.00000    3.13975   -1.08057    31.0010    1.00000    1.00000
     1.00000   10.19342    7.48737    2.64632    1.00000    1.00000
     1.00000    18.5429    15.7609    19.2047    1.00000    1.00000
     1.00000    2.63691   -5.37376   -16.7966    1.00000    1.00000
     1.00000   -16.5672  -0.694832   10.25417    1.00000    1.00000
     1.00000   -11.6269   -5.41063   -19.5670    1.00000    1.00000
     1.00000   -1.02766    12.0473    18.7341    1.00000    1.00000
     1.00000   -12.6521   -14.0973   -41.8404    1.00000    1.00000
     1.00000   0.229202   -14.2224    11.8010    1.00000    1.00000
     1.00000   -6.17669   0.420540   -11.9319    1.00000    1.00000
     1.00000    24.0892    11.1751    12.9547    1.00000    1.00000
     1.00000   -1.37505    13.3060   -4.57622    1.00000    1.00000
     1.00000   -4.96338   -5.94841    46.4337    1.00000    1.00000
     1.00000   -15.8932   -12.3666   -14.9578    1.00000    1.00000
     1.00000    4.95299    4.42069    18.0527    1.00000    1.00000
     1.00000   -1.51815   -16.1841   -32.9381    1.00000    1.00000
     1.00000    7.74248   -7.02744E-02    15.4916    1.00000    1.00000
     1.00000    18.1281    6.54156   -2.68330    1.00000    1.00000
     1.00000    35.8697    14.8439    16.4489    1.00000    1.00000
     1.00000   -3.34650    4.91055   -27.2684    1.00000    1.00000
     1.00000   -7.96597  -0.273697    15.2727    1.00000    1.00000
     1.00000    1.76153   -17.3010   -12.9667    1.00000    1.00000
     1.00000   -7.42662    11.9670    17.1678    1.00000    1.00000
     1.00000   -15.7498  -10.06958   -41.4373    1.00000    1.00000
     1.00000   -1.43948   -5.88905    8.07918    1.00000    1.00000
     1.00000  -0.978310   -3.24453   -4.67870    1.00000    1.00000
     1.00000    13.0407    9.66897    12.9333    1.00000    1.00000
     1.00000   -5.22369    22.0599    6.28821    1.00000    1.00000
     1.00000   -4.93340   10.26651    45.2845    1.00000    1.00000
     1.00000   -13.1200   -31.9112   -13.1919    1.00000    1.00000
     1.00000   0.138344    26.3919    15.2299    1.00000    1.00000
     1.00000  -0.704002   -13.0242   -37.0962    1.00000    1.00000
     1.00000    9.72417    5.62318    28.2852    1.00000    1.00000
     1.00000    1.52554  -0.211472    1.42268    1.00000    1.00000
     1.00000    35.0718    12.5110    23.6628    1.00000    1.00000
     1.00000    9.90982E-02  -0.665565   -12.1197    1.00000    1.00000
     1.00000   -17.8138   -3.56956    7.68547    1.00000    1.00000
     1.00000   -5.23592   -16.8291   -10.5925    1.00000    1.00000
     1.00000   -3.50045    14.2562    22.2704    1.00000    1.00000
     1.00000   -15.1243   -18.3972   -41.9208    1.00000    1.00000
     1.00000    4.04208   -20.0100    7.19547    1.00000    1.00000
     1.00000    1.24758    5.33579   -4.51805    1.00000    1.00000
     1.00000    19.1777    7.67770    21.4008    1.00000    1.00000
     1.00000    2.38768    12.5700   -14.7684    1.00000    1.00000
     1.00000    1.04487  -10.37234    28.3339    1.00000    1.00000
     1.00000   -26.7647   -23.1474   -20.1471    1.00000    1.00000
     1.00000    4.79445    11.5721    13.9158    1.00000    1.00000
     1.00000    3.00584   -23.7812   -35.8741    1.00000    1.00000
     1.00000    5.50816   -5.96553    14.3471    1.00000    1.00000
     1.00000    12.7085    12.1355   -4.43665    1.00000    1.00000
     1.00000    39.1567    26.2864    18.5619    1.00000    1.00000
     1.00000   -9.15345    3.12082   -30.1141    1.00000    1.00000
     1.00000   -5.70068   -3.47647    19.4080    1.00000    1.00000
     1.00000   -5.97160   -22.6987   -20.8486    1.00000    1.00000
     1.00000   -4.63162    5.18598    16.0858    1.00000    1.00000
     1.00000   -14.5193   0.587616   -40.3768    1.00000    1.00000
     1.00000   -10.7252   -14.4664    5.17825    1.00000    1.00000
     1.00000   -4.03455   -6.80176   -7.91228    1.00000    1.00000
     1.00000    12.7314    5.43314    11.0063    1.00000    1.00000
     1.00000   0.912613    19.1473   -8.62768    1.00000    1.00000
     1.00000   -5.19762   -4.38990    45.2023    1.00000    1.00000
     1.00000   -11.4102   -22.1668   -19.8353    1.00000    1.00000
     1.00000    2.91161    33.8648    15.2132    1.00000    1.00000
     1.00000  -10.19398  -10.44862   -46.9708    1.00000    1.00000
     1.00000    6.71266  -0.649551    30.2351    1.00000    1.00000
     1.00000    10.6242    3.41713   -4.38954    1.00000    1.00000
     1.00000    19.6403    21.1020    17.9312    1.00000    1.00000
     1.00000    4.25894   0.512726   -22.6639    1.00000    1.00000
     1.00000   -17.3018    6.38692    13.8965    1.00000    1.00000
     1.00000   -1.27139  -10.13533   -20.1026    1.00000    1.00000
     1.00000   -6.41318    15.0124    15.7895    1.00000    1.00000
     1.00000   -17.9170   -9.63190   -46.2979    1.00000    1.00000
     1.00000   -1.59432   -9.82439   10.30185    1.00000    1.00000
     1.00000   -3.94865    5.40496   -7.39527    1.00000    1.00000
     1.00000    19.5521   10.28394    9.15543    1.00000    1.00000
     1.00000    7.76097    13.4471   -11.6560    1.00000    1.00000
     1.00000   -2.37682   -8.57668    36.8777    1.00000    1.00000
     1.00000   -19.3139   -12.6473   -17.6470    1.00000    1.00000
     1.00000    7.74925    8.01791    14.5612    1.00000    1.00000
     1.00000   -3.08369   -22.5316   -29.4882    1.00000    1.00000
     1.00000    9.08623   0.483231    19.3670    1.00000    1.00000
     1.00000    20.6550    11.2988   -2.19427    1.00000    1.00000
     1.00000    38.3040    22.1599    23.7002    1.00000    1.00000
     1.00000   -2.13270    3.92194   -26.0236    1.00000    1.00000
     1.00000   -13.3330  -0.811844   10.32869    1.00000    1.00000
     1.00000   -1.62515   -20.5370   -12.2907    1.00000    1.00000
     1.00000   -5.51263    9.17606    18.3701    1.00000    1.00000
     1.00000   -9.66298   -4.74255   -36.4015    1.00000    1.00000
     1.00000   -7.36963   -4.70469    6.96979    1.00000    1.00000
     1.00000   -5.74387   -3.44656   -14.1562    1.00000    1.00000
     1.00000    12.1555    13.6635    16.0000    1.00000    1.00000
     1.00000  -0.942673    18.0737   -1.57008    1.00000    1.00000
     1.00000  -10.02380    2.64613    51.6079    1.00000    1.00000
     1.00000   -15.6868   -25.6170   -16.7326    1.00000    1.00000
     1.00000   -1.72607    20.8414    13.4178    1.00000    1.00000
     1.00000   -6.69361   -7.62317   -46.1646    1.00000    1.00000
     1.00000    9.67006    5.15096    23.2275    1.00000    1.00000
     1.00000   -2.08425  -0.812691   -2.85532    1.00000    1.00000
     1.00000    25.8732    20.5439    20.7659    1.00000    1.00000
     1.00000    1.58018   -3.89247   -13.4768    1.00000    1.00000
     1.00000   -20.9991   -4.11356    6.40065    1.00000    1.00000
     1.00000   -7.31746   -11.4901   -14.8660    1.00000    1.00000
     1.00000   -6.53182    13.7050    23.6079    1.00000    1.00000
     1.00000   -20.5294   -21.0789   -39.1251    1.00000    1.00000
     1.00000    7.49521   -22.3011    9.41508    1.00000    1.00000
     1.00000    1.01407    7.13961   0.832367    1.00000    1.00000
     1.00000    19.2793    3.79025    14.9611    1.00000    1.00000
     1.00000    1.28457    9.59784   -12.4761    1.00000    1.00000
     1.00000  -0.952744  -10.32969    28.2460    1.00000    1.00000
     1.00000   -19.3235   -18.7161   -19.5223    1.00000    1.00000
     1.00000  -0.665352    19.3465    14.2180    1.00000    1.00000
     1.00000    2.02517   -23.6301   -26.1016    1.00000    1.00000
     1.00000   -4.74057   -7.32347    11.7142    1.00000    1.00000
