     1.00000   -7.50410   -28.4662   -6.01675    1.00000    1.00000
     1.00000    22.6688   -2.49471   -1.64259    1.00000    1.00000
     1.00000   -18.5101   -26.3974    33.6786    1.00000    1.00000
     1.00000    37.8012    31.4815   -38.2138    1.00000    1.00000
     1.00000   -13.5229   -18.1396    4.95889    1.00000    1.00000
     1.00000   -5.59164    7.06033    7.96037    1.00000    1.00000
     1.00000   -37.3211   -23.5403    38.9479    1.00000    1.00000
     1.00000    30.5988    23.8032   -31.4271    1.00000    1.00000
     1.00000   -4.20554   -8.15355    2.63056    1.00000    1.00000
     1.00000   -1.06615   -6.68677    7.12106    1.00000    1.00000
     1.00000   -19.3935   -19.3269    34.2245    1.00000    1.00000
     1.00000    57.8595    33.7173   -30.7672    1.00000    1.00000
     1.00000   -37.0513   -40.1884   -9.84738    1.00000    1.00000
     1.00000    1.93492    9.57887  -0.143539    1.00000    1.00000
     1.00000   -34.0498   -4.28713    27.9177    1.00000    1.00000
     1.00000    22.1839    29.4557   -5.59758    1.00000    1.00000
     1.00000   -13.8916   -15.7517  -0.369522    1.00000    1.00000
     1.00000    24.1755   -7.67871  -0.608795    1.00000    1.00000
     1.00000   -8.78680   -16.3124    24.8896    1.00000    1.00000
     1.00000    48.0856    37.0043   -47.9520    1.00000    1.00000
     1.00000   -27.4179   -22.4305   -5.66704    1.00000    1.00000
     1.00000   -3.70096    7.94655   -5.73740    1.00000    1.00000
     1.00000   -44.3299   -5.90947    28.8948    1.00000    1.00000
     1.00000    29.8398    19.1028   -15.2282    1.00000    1.00000
     1.00000   -8.21362   -8.28288   10.17809    1.00000    1.00000
     1.00000    13.4324  -0.284729   -10.7807    1.00000    1.00000
     1.00000   -20.5911   -12.5047    40.9125    1.00000    1.00000
     1.00000    36.3529    37.0197   -31.3091    1.00000    1.00000
     1.00000   -21.4416   -31.5161   -5.98618    1.00000    1.00000
     1.00000    13.2612    23.1877   -6.89645    1.00000    1.00000
     1.00000   -42.7006   -12.5461    21.4714    1.00000    1.00000
     1.00000    32.1810    30.5551   -14.8802    1.00000    1.00000
     1.00000   -8.76559   -23.5168   -15.3857    1.00000    1.00000
     1.00000    20.0380    1.19324   -9.74082    1.00000    1.00000
     1.00000   -13.7778   -24.8793    27.2857    1.00000    1.00000
     1.00000    46.1853    32.7297   -43.6209    1.00000    1.00000
     1.00000   -16.0998   -18.6068    7.99570    1.00000    1.00000
     1.00000  -0.533752    12.8300    6.79978    1.00000    1.00000
     1.00000   -41.1613   -26.4871    38.8249    1.00000    1.00000
     1.00000    25.7930    22.5323   -25.2122    1.00000    1.00000
     1.00000   -6.05011E-02   -8.82487  -0.595963    1.00000    1.00000
     1.00000    5.43570    1.17212   -2.05830    1.00000    1.00000
     1.00000   -29.5763  -10.02871    32.5292    1.00000    1.00000
     1.00000    49.1960    40.8333   -24.5013    1.00000    1.00000
     1.00000   -34.2586   -38.5637   -13.7688    1.00000    1.00000
     1.00000    3.93959    15.8747   -1.02894    1.00000    1.00000
     1.00000   -34.4903   -6.95074    29.7774    1.00000    1.00000
     1.00000    32.0738    22.4321   -5.47554    1.00000    1.00000
     1.00000   -13.7804   -17.4620   -13.2031    1.00000    1.00000
     1.00000    24.6133   -12.0536  -0.184135    1.00000    1.00000
     1.00000   -13.9913   -15.9558    32.6448    1.00000    1.00000
     1.00000    46.4971    44.0097   -47.6049    1.00000    1.00000
     1.00000   -23.7280   -27.2026   -5.02577    1.00000    1.00000
     1.00000   -8.49872    10.6542   -3.56109    1.00000    1.00000
     1.00000   -37.2700   -12.7221    33.9680    1.00000    1.00000
     1.00000    23.6246    21.9254   -22.1545    1.00000    1.00000
     1.00000   -9.44327   -6.74503    14.2468    1.00000    1.00000
     1.00000    14.8621   -6.10268   -7.34340    1.00000    1.00000
     1.00000   -12.0835   -16.7056    43.1874    1.00000    1.00000
     1.00000    45.4264    34.7415   -28.8583    1.00000    1.00000
     1.00000   -37.7483   -33.4866   -8.38684    1.00000    1.00000
     1.00000    8.20718    30.1031   -6.04234    1.00000    1.00000
     1.00000   -37.8718   -12.6451    10.8544    1.00000    1.00000
     1.00000    31.4337    21.8697   -9.74727    1.00000    1.00000
     1.00000   -9.30981   -22.1071   -14.0327    1.00000    1.00000
     1.00000    25.1421   -5.49298   -4.34195    1.00000    1.00000
     1.00000   -12.6022   -23.9642    31.2467    1.00000    1.00000
     1.00000    32.1598    28.6167   -33.0730    1.00000    1.00000
     1.00000   -16.8597   -21.3036    4.04510    1.00000    1.00000
     1.00000   -11.4122    5.68771    6.05256    1.00000    1.00000
     1.00000   -37.7891   -14.4122    37.7667    1.00000    1.00000
     1.00000    27.7412    29.6413   -30.1686    1.00000    1.00000
     1.00000   -13.6849   -5.30489    3.47343    1.00000    1.00000
     1.00000   0.586426  -0.962234    2.53407    1.00000    1.00000
     1.00000   -17.7287   -22.4134    38.5131    1.00000    1.00000
     1.00000    53.7064    37.6605   -32.7460    1.00000    1.00000
     1.00000   -41.0479   -36.5525   -9.58990    1.00000    1.00000
     1.00000   -2.32039    3.05516  -0.577011    1.00000    1.00000
     1.00000   -33.6051  -0.878067    28.4311    1.00000    1.00000
     1.00000    20.1072    24.8135  -10.52046    1.00000    1.00000
     1.00000   -16.6858   -7.88037    2.65820    1.00000    1.00000
     1.00000    18.0391   -4.11310    5.21801    1.00000    1.00000
     1.00000   -5.06738   -18.1788    25.3883    1.00000    1.00000
     1.00000    49.2752    30.4086   -46.9049    1.00000    1.00000
     1.00000   -28.4369   -21.5957   -1.91112    1.00000    1.00000
     1.00000   -4.69193    15.8296   -3.93069    1.00000    1.00000
     1.00000   -41.7274   -14.2079    30.9754    1.00000    1.00000
     1.00000    20.8279    12.6568   -18.4450    1.00000    1.00000
     1.00000   -4.81380   -15.8654    13.6484    1.00000    1.00000
     1.00000    9.66287    1.88399   -6.53088    1.00000    1.00000
     1.00000   -16.1283   -15.3972    40.4238    1.00000    1.00000
     1.00000    42.3260    39.3525   -34.9597    1.00000    1.00000
     1.00000   -17.3162   -27.6064   -5.75277    1.00000    1.00000
     1.00000   10.31607    19.1976   0.520752    1.00000    1.00000
     1.00000   -37.3088   -5.18819    25.1926    1.00000    1.00000
     1.00000    30.3047    33.4894   -11.0453    1.00000    1.00000
     1.00000   -14.6452   -18.3604   -14.7668    1.00000    1.00000
     1.00000    18.6040    7.70229   -7.04803    1.00000    1.00000
     1.00000   -11.2140   -25.4383    23.3657    1.00000    1.00000
     1.00000    45.8107    40.7934   -42.0482    1.00000    1.00000
     1.00000   -15.6919   -17.8511    11.7422    1.00000    1.00000
     1.00000   -11.6943    9.11075    7.88396    1.00000    1.00000
     1.00000   -43.9771   -30.9437    41.9668    1.00000    1.00000
     1.00000    24.1137    25.3983   -28.8645    1.00000    1.00000
     1.00000   -7.07109   -7.14844   0.811470    1.00000    1.00000
     1.00000    3.16701   -3.68201   -5.02171    1.00000    1.00000
     1.00000   -24.8321   -15.4804    31.3015    1.00000    1.00000
     1.00000    47.6499    39.9287   -30.6041    1.00000    1.00000
     1.00000   -30.4844   -37.5853   -14.6292    1.00000    1.00000
     1.00000    2.79787    9.75342    1.65226    1.00000    1.00000
     1.00000   -36.6817   -11.3248    30.4948    1.00000    1.00000
     1.00000    23.8217    24.0848   -8.60602    1.00000    1.00000
     1.00000   -11.4673   -17.7089   -3.86867    1.00000    1.00000
     1.00000    14.8803   -13.5858   0.285652    1.00000    1.00000
     1.00000   -10.6729   -16.1600    30.5434    1.00000    1.00000
     1.00000    42.3250    41.3307   -48.2523    1.00000    1.00000
     1.00000   -18.5332   -21.6493   -2.45268    1.00000    1.00000
     1.00000   -7.29817    16.5880    1.05903    1.00000    1.00000
     1.00000   -29.9116   -4.03388    32.5968    1.00000    1.00000
     1.00000    25.8860    21.3449   -13.0927    1.00000    1.00000
     1.00000   -7.29805   -7.09656    8.85360    1.00000    1.00000
     1.00000    18.3253   -1.49945   -8.98462    1.00000    1.00000
     1.00000   -5.45779   -14.4831    41.0778    1.00000    1.00000
     1.00000    44.6690    33.9071   -33.8979    1.00000    1.00000
     1.00000   -29.6370   -35.4914   -8.98598    1.00000    1.00000
     1.00000    11.8544    24.8049   -4.78615    1.00000    1.00000
     1.00000   -40.2677  -10.01360    18.8551    1.00000    1.00000
     1.00000    29.8983    25.8898  -10.12753    1.00000    1.00000
     1.00000   -8.38753   -24.8500  -10.01372    1.00000    1.00000
     1.00000    24.9026  -0.751556   -5.12379    1.00000    1.00000
     1.00000   -21.3614   -22.7876    30.0727    1.00000    1.00000
     1.00000    37.1812    33.3540   -38.5447    1.00000    1.00000
     1.00000   -8.95055   -16.6371    10.6488    1.00000    1.00000
     1.00000   -2.10461    9.76028    3.35438    1.00000    1.00000
     1.00000   -35.3912   -18.5868    39.4108    1.00000    1.00000
     1.00000    33.3205    28.5685   -30.3511    1.00000    1.00000
     1.00000   -7.46489   -6.32092    5.19775    1.00000    1.00000
     1.00000   -3.25949   -1.25424    5.11195    1.00000    1.00000
     1.00000   -22.9920   -17.8625    29.1185    1.00000    1.00000
     1.00000    59.9564    38.2619   -31.9937    1.00000    1.00000
     1.00000   -34.9561   -40.8706   -8.93077    1.00000    1.00000
     1.00000  -0.936829    5.44592   -2.43230    1.00000    1.00000
     1.00000   -33.1219   -3.66544    25.8466    1.00000    1.00000
     1.00000    22.8111    31.6078   -7.57557    1.00000    1.00000
     1.00000   -11.9674   -18.9970    1.90712    1.00000    1.00000
     1.00000    26.4462   -5.41496    5.30842    1.00000    1.00000
     1.00000   -9.11504   -19.1021    18.3878    1.00000    1.00000
     1.00000    47.3751    33.5811   -47.8513    1.00000    1.00000
     1.00000   -21.1701   -21.4174   -7.32609    1.00000    1.00000
     1.00000   -1.89838    13.5590  -10.33110    1.00000    1.00000
     1.00000   -42.6758   -5.70273    31.8925    1.00000    1.00000
     1.00000    26.7288    20.3137   -16.5942    1.00000    1.00000
     1.00000   -6.39868   -13.5890   10.14085    1.00000    1.00000
     1.00000    12.6671    3.27885   -8.41102    1.00000    1.00000
     1.00000   -21.7565   -10.6551    42.0873    1.00000    1.00000
     1.00000    31.5914    33.6931   -27.1050    1.00000    1.00000
     1.00000   -23.7974   -33.0443  -10.43474    1.00000    1.00000
     1.00000    9.65102    19.3192   -7.63488    1.00000    1.00000
     1.00000   -42.7709   -8.88273    20.2502    1.00000    1.00000
     1.00000    31.1288    30.3915   -20.0864    1.00000    1.00000
     1.00000   -12.4916   -19.5594   -16.7702    1.00000    1.00000
     1.00000    20.7673    1.18443   -6.63026    1.00000    1.00000
     1.00000   -14.2792   -22.3679    26.6177    1.00000    1.00000
     1.00000    41.8657    34.9502   -42.3336    1.00000    1.00000
     1.00000   -12.7894   -22.2125    7.50096    1.00000    1.00000
     1.00000   -4.29587    13.5371    3.00594    1.00000    1.00000
     1.00000   -39.5426   -25.3141    38.7647    1.00000    1.00000
     1.00000    26.3542    22.1359   -30.0068    1.00000    1.00000
     1.00000    4.40575   -8.30824   -1.94044    1.00000    1.00000
     1.00000    6.74771    1.31499   -4.82657    1.00000    1.00000
     1.00000   -24.2204   -9.55582    32.6364    1.00000    1.00000
     1.00000    49.4518    37.2541   -26.1418    1.00000    1.00000
     1.00000   -34.8882   -38.3103   -18.0228    1.00000    1.00000
     1.00000    5.05208    12.6824    1.11587    1.00000    1.00000
     1.00000   -33.4697   -8.08239    26.8696    1.00000    1.00000
     1.00000    31.4164    26.5057   -4.40075    1.00000    1.00000
     1.00000   -15.2856   -17.7319   -11.9141    1.00000    1.00000
     1.00000    27.1796   -8.70326    2.10323    1.00000    1.00000
     1.00000   -14.9836   -18.5086    29.8403    1.00000    1.00000
     1.00000    47.9151    46.0914   -45.6117    1.00000    1.00000
     1.00000   -21.8321   -26.5685   -4.96571    1.00000    1.00000
     1.00000   -9.02097    16.9046   -4.13698    1.00000    1.00000
     1.00000   -34.6679   -16.3532    35.2822    1.00000    1.00000
     1.00000    23.5517    23.6457   -21.1370    1.00000    1.00000
     1.00000  -10.35951   -9.70207    15.8414    1.00000    1.00000
     1.00000    16.5540   -6.92393   -14.5217    1.00000    1.00000
     1.00000   -14.1913   -14.9218    39.3142    1.00000    1.00000
     1.00000    41.9615    33.9662   -27.3188    1.00000    1.00000
     1.00000   -36.5293   -38.1644   -8.04570    1.00000    1.00000
     1.00000    9.79845    28.6211   -3.27596    1.00000    1.00000
     1.00000   -38.5753   -9.81202    15.9770    1.00000    1.00000
     1.00000    33.6624    21.0912   -8.63835    1.00000    1.00000
     1.00000   -7.66766   -24.2330   -11.7747    1.00000    1.00000
     1.00000    24.3957   -5.02507   -2.36314    1.00000    1.00000
     1.00000   -11.5963   -27.3752    36.5420    1.00000    1.00000
     1.00000    36.8990    29.8735   -38.9884    1.00000    1.00000
     1.00000   -18.5859   -21.3233    3.03519    1.00000    1.00000
     1.00000   -6.80132    5.97543    9.12642    1.00000    1.00000
     1.00000   -40.5028   -16.8423    36.1546    1.00000    1.00000
     1.00000    30.0993    29.3903   -24.5906    1.00000    1.00000
     1.00000   -11.8232   -5.68235   -2.35454    1.00000    1.00000
     1.00000  -0.944656   -2.16835    5.28439    1.00000    1.00000
     1.00000   -19.3381   -18.3216    35.9526    1.00000    1.00000
     1.00000    52.4502    37.6567   -29.6519    1.00000    1.00000
     1.00000   -33.9597   -34.8590   -11.1142    1.00000    1.00000
     1.00000   -1.20770  -0.324127  -0.839249    1.00000    1.00000
     1.00000   -32.4517   -2.75208    31.8396    1.00000    1.00000
     1.00000    22.6129    23.3507  -10.51395    1.00000    1.00000
     1.00000   -16.9631   -11.6397   0.605019    1.00000    1.00000
     1.00000    23.0303   -5.25655    4.58787    1.00000    1.00000
     1.00000   -4.15669   -20.5633    26.6771    1.00000    1.00000
     1.00000    46.9090    27.4488   -42.6320    1.00000    1.00000
     1.00000   -31.0069   -24.0323    3.87886    1.00000    1.00000
     1.00000   -2.43683    12.3627   -1.54646    1.00000    1.00000
     1.00000   -41.8119   -12.0353    31.9926    1.00000    1.00000
     1.00000    21.6021    17.5973   -17.9307    1.00000    1.00000
     1.00000   -5.74071   -13.9700    11.9907    1.00000    1.00000
     1.00000    11.1989    2.60638   -1.14581    1.00000    1.00000
     1.00000   -17.5154   -15.8402    34.5264    1.00000    1.00000
     1.00000    42.2669    37.3475   -31.5221    1.00000    1.00000
     1.00000   -21.2752   -30.1927   -10.7310    1.00000    1.00000
     1.00000    7.26776    19.0154   -3.21868    1.00000    1.00000
     1.00000   -38.3407   -6.06984    21.5960    1.00000    1.00000
     1.00000    29.4810    34.6270   -9.62149    1.00000    1.00000
     1.00000   -13.7698   -15.5799   -18.3792    1.00000    1.00000
     1.00000    22.6983    4.20399   -8.53503    1.00000    1.00000
     1.00000   -12.0691   -24.2426    28.1072    1.00000    1.00000
     1.00000    43.4640    34.1621   -45.2975    1.00000    1.00000
     1.00000   -13.4752   -18.5649    14.3449    1.00000    1.00000
     1.00000   -6.53314    12.0780    6.06651    1.00000    1.00000
     1.00000   -40.5580   -30.6515    39.2768    1.00000    1.00000
     1.00000    26.6260    27.8978   -31.3304    1.00000    1.00000
     1.00000   -3.04610   -6.01379   -1.96571    1.00000    1.00000
     1.00000  -0.517792   -4.23557  -0.733772    1.00000    1.00000
     1.00000   -25.6662   -12.1973    31.1059    1.00000    1.00000
     1.00000    47.2313    36.8592   -27.1071    1.00000    1.00000
     1.00000   -26.9534   -36.3165   -14.6513    1.00000    1.00000
     1.00000    1.89258    12.2086    6.12867    1.00000    1.00000
     1.00000   -30.9984  -10.23002    29.4491    1.00000    1.00000
     1.00000    28.9720    22.8746   -6.83337    1.00000    1.00000
     1.00000   -12.7648   -16.0477   -9.65798    1.00000    1.00000
     1.00000    20.0369   -11.6611    2.63022    1.00000    1.00000
     1.00000   -12.9853   -16.0664    28.5347    1.00000    1.00000
     1.00000    41.4201    36.5654   -50.5835    1.00000    1.00000
     1.00000   -22.3307   -23.6178   -2.32483    1.00000    1.00000
     1.00000   -7.98036    14.8840   0.264595    1.00000    1.00000
     1.00000   -31.1120   -8.49506    33.3637    1.00000    1.00000
     1.00000    23.6718    25.1993   -11.9814    1.00000    1.00000
     1.00000   -8.00525   -4.61088    14.6209    1.00000    1.00000
     1.00000    15.4407  -0.876892   -7.18890    1.00000    1.00000
     1.00000   -9.13481   -14.3814    40.2359    1.00000    1.00000
     1.00000    42.1047    35.5544   -34.7505    1.00000    1.00000
     1.00000   -26.4512   -36.8218   -12.7825    1.00000    1.00000
     1.00000    14.1283    28.2636   -1.46922    1.00000    1.00000
     1.00000   -36.9986   -9.76158    18.0348    1.00000    1.00000
     1.00000    29.7882    30.2331   -11.2194    1.00000    1.00000
     1.00000   -5.11188   -30.7960   -6.58187    1.00000    1.00000
     1.00000    24.5267   -2.72888   -2.34492    1.00000    1.00000
     1.00000   -14.5028   -27.9552    33.7239    1.00000    1.00000
     1.00000    41.3154    31.9415   -41.5471    1.00000    1.00000
     1.00000   -11.2762   -19.3177    9.96852    1.00000    1.00000
     1.00000   -4.84216    8.57645    5.49868    1.00000    1.00000
     1.00000   -34.0771   -25.0567    39.8452    1.00000    1.00000
     1.00000    31.6608    26.1552   -30.1370    1.00000    1.00000
     1.00000   -3.59352   -9.03661    4.31747    1.00000    1.00000
     1.00000   -7.84912E-02   -7.25995    5.47911    1.00000    1.00000
     1.00000   -21.7244   -19.4081    34.5465    1.00000    1.00000
     1.00000    55.5562    36.2664   -30.4827    1.00000    1.00000
     1.00000   -36.4469   -40.5798   -11.7132    1.00000    1.00000
     1.00000    3.68890    8.64742    9.29184E-02    1.00000    1.00000
     1.00000   -32.3787   -5.09946    27.1777    1.00000    1.00000
     1.00000    22.7743    27.1266   -7.67096    1.00000    1.00000
     1.00000   -15.8476   -13.2795   0.863571    1.00000    1.00000
     1.00000    25.2722   -8.37802   0.910545    1.00000    1.00000
     1.00000   -8.54086   -17.5569    21.9759    1.00000    1.00000
     1.00000    44.8731    40.5681   -45.9940    1.00000    1.00000
     1.00000   -24.7321   -24.0003   -3.97381    1.00000    1.00000
     1.00000   -4.13443    10.6190   -6.40473    1.00000    1.00000
     1.00000   -44.6945   -7.54556    26.1165    1.00000    1.00000
     1.00000    28.6828    17.6147   -15.8967    1.00000    1.00000
     1.00000   -8.31935   -9.51433    8.05358    1.00000    1.00000
     1.00000    10.9014   0.627258   -5.58923    1.00000    1.00000
     1.00000   -19.8657   -14.3380    40.5764    1.00000    1.00000
     1.00000    34.0876    36.7602   -31.1831    1.00000    1.00000
     1.00000   -23.2956   -36.6192   -7.56268    1.00000    1.00000
     1.00000    13.4664    23.1817   -9.09703    1.00000    1.00000
     1.00000   -40.9356   -13.4268    21.8018    1.00000    1.00000
     1.00000    32.4723    32.4610   -15.4117    1.00000    1.00000
     1.00000   -8.93407   -27.3560   -14.4306    1.00000    1.00000
     1.00000    22.1326  -0.421478   -9.97797    1.00000    1.00000
     1.00000   -15.8460   -20.7100    28.6486    1.00000    1.00000
     1.00000    43.1472    31.5694   -42.2586    1.00000    1.00000
     1.00000   -14.8466   -19.3709    9.35416    1.00000    1.00000
     1.00000   -2.33316    11.7728    3.90675    1.00000    1.00000
     1.00000   -40.2733   -25.5234    36.5302    1.00000    1.00000
     1.00000    25.3545    23.8069   -29.5505    1.00000    1.00000
     1.00000   -2.07808   -8.27554   0.708000    1.00000    1.00000
     1.00000    3.97556    1.36732   -5.60323    1.00000    1.00000
     1.00000   -26.6274   -8.96605    31.1247    1.00000    1.00000
     1.00000    46.3034    38.3970   -27.9870    1.00000    1.00000
     1.00000   -34.4433   -38.6188   -15.7595    1.00000    1.00000
     1.00000    5.46249    17.1430   -1.29761    1.00000    1.00000
     1.00000   -34.0407   -5.39513    32.2488    1.00000    1.00000
     1.00000    32.8712    21.1220   -2.53453    1.00000    1.00000
     1.00000   -14.3516   -17.2647   -9.68799    1.00000    1.00000
     1.00000    25.1317   -14.5834    2.34525    1.00000    1.00000
     1.00000   -12.9081   -17.4550    36.2241    1.00000    1.00000
     1.00000    45.9184    42.2429   -48.3420    1.00000    1.00000
     1.00000   -23.0205   -24.9736   -3.62328    1.00000    1.00000
     1.00000   -8.01633    14.1765   -4.22025    1.00000    1.00000
     1.00000   -39.0365   -12.0039    34.5710    1.00000    1.00000
     1.00000    26.7008    19.9708   -22.4966    1.00000    1.00000
     1.00000   -7.58038   -7.16180    14.8434    1.00000    1.00000
     1.00000    16.0767   -6.31479   -9.24220    1.00000    1.00000
     1.00000   -12.8104   -14.1223    40.5199    1.00000    1.00000
     1.00000    41.3343    35.2332   -31.4768    1.00000    1.00000
     1.00000   -37.4297   -36.1918   -6.44445    1.00000    1.00000
     1.00000    7.17683    28.5901   -4.61150    1.00000    1.00000
     1.00000   -35.1087   -14.6259    9.43427    1.00000    1.00000
     1.00000    30.0372    23.2923   -9.90866    1.00000    1.00000
     1.00000   -4.99355   -21.4071  -10.56869    1.00000    1.00000
     1.00000    26.5688   -4.13136   -6.63963    1.00000    1.00000
     1.00000   -12.0439   -26.9927    33.0379    1.00000    1.00000
     1.00000    30.7193    29.0771   -35.1700    1.00000    1.00000
     1.00000   -13.7462   -20.5961    5.84969    1.00000    1.00000
     1.00000   -12.1980    4.22369    7.16579    1.00000    1.00000
     1.00000   -36.8437   -17.2825    39.8456    1.00000    1.00000
     1.00000    29.1501    32.3256   -27.9119    1.00000    1.00000
     1.00000   -13.3334   -6.16856   0.849785    1.00000    1.00000
     1.00000    3.78113E-02   -2.67427    1.65774    1.00000    1.00000
     1.00000   -17.8231   -18.0605    38.6574    1.00000    1.00000
     1.00000    56.0353    38.8239   -31.5640    1.00000    1.00000
     1.00000   -43.2035   -33.5456   -8.44608    1.00000    1.00000
     1.00000  -0.993179    4.11275   0.481277    1.00000    1.00000
     1.00000   -32.7251   0.895973    28.7110    1.00000    1.00000
     1.00000    18.6310    23.3697  -10.16199    1.00000    1.00000
     1.00000   -14.8372   -9.01822    1.55379    1.00000    1.00000
     1.00000    14.6855   -6.23073    4.71046    1.00000    1.00000
     1.00000   -4.69194   -20.5691    22.6955    1.00000    1.00000
     1.00000    49.2734    32.5604   -47.9564    1.00000    1.00000
     1.00000   -26.7246   -20.8298   -2.60480    1.00000    1.00000
     1.00000   -2.63008    12.9929   -4.04789    1.00000    1.00000
     1.00000   -40.1912   -13.1794    31.7384    1.00000    1.00000
     1.00000    22.2365    13.8797   -17.7236    1.00000    1.00000
     1.00000   -3.99457   -18.9810    13.2414    1.00000    1.00000
     1.00000    9.87308    1.98080   -3.92224    1.00000    1.00000
     1.00000   -14.7392   -18.1994    36.5285    1.00000    1.00000
     1.00000    43.6206    39.6533   -33.4619    1.00000    1.00000
     1.00000   -18.2300   -30.2844   -5.17696    1.00000    1.00000
     1.00000    10.8584    17.5232  -0.429131    1.00000    1.00000
     1.00000   -37.5735   -6.44438    23.6590    1.00000    1.00000
     1.00000    30.9140    32.5357   -14.1602    1.00000    1.00000
     1.00000   -12.5758   -15.1982   -15.6451    1.00000    1.00000
     1.00000    19.8828    3.16336   -8.90290    1.00000    1.00000
     1.00000   -9.35529   -23.3484    25.9873    1.00000    1.00000
     1.00000    42.6757    38.0159   -42.9964    1.00000    1.00000
     1.00000   -15.5470   -17.8924    14.7016    1.00000    1.00000
     1.00000   -11.2944    7.42296    8.87967    1.00000    1.00000
     1.00000   -43.8719   -29.6024    40.4870    1.00000    1.00000
     1.00000    26.0278    25.8704   -29.2010    1.00000    1.00000
     1.00000   -4.88651   -6.75787    1.30988    1.00000    1.00000
     1.00000    2.80031   -1.73706   -5.30927    1.00000    1.00000
     1.00000   -22.9727   -13.6061    30.0791    1.00000    1.00000
     1.00000    47.9007    36.1662   -31.4709    1.00000    1.00000
     1.00000   -32.6789   -39.2515   -15.0619    1.00000    1.00000
     1.00000    2.25787    8.58162    4.92771    1.00000    1.00000
     1.00000   -36.5977   -8.26801    31.9266    1.00000    1.00000
     1.00000    24.3931    25.6744   -9.67688    1.00000    1.00000
     1.00000   -12.3361   -20.0848   -4.62601    1.00000    1.00000
     1.00000    16.5559   -10.8804   0.901428    1.00000    1.00000
     1.00000   -9.22195   -16.9464    27.9567    1.00000    1.00000
     1.00000    42.9979    38.9791   -48.9550    1.00000    1.00000
     1.00000   -18.9362   -21.0168  -0.598625    1.00000    1.00000
     1.00000   -5.92346    15.4277   0.184982    1.00000    1.00000
     1.00000   -28.8191   -5.70663    32.6884    1.00000    1.00000
     1.00000    23.5606    23.2234   -12.2705    1.00000    1.00000
     1.00000   -9.34888   -4.05216    12.6555    1.00000    1.00000
     1.00000    18.5594    1.03691   -8.40319    1.00000    1.00000
     1.00000   -7.73758   -15.8093    40.1426    1.00000    1.00000
     1.00000    42.7434    35.5711   -32.8553    1.00000    1.00000
     1.00000   -27.7524   -34.8316   -9.10023    1.00000    1.00000
     1.00000    11.0184    27.0286   -6.07767    1.00000    1.00000
     1.00000   -38.5936   -11.0612    19.8694    1.00000    1.00000
     1.00000    29.9984    26.8208   -11.8948    1.00000    1.00000
     1.00000   -7.76257   -26.9337   -7.27560    1.00000    1.00000
     1.00000    27.2308    2.32300   -4.72069    1.00000    1.00000
     1.00000   -19.4020   -24.0039    32.2139    1.00000    1.00000
     1.00000    40.1377    35.1335   -39.5573    1.00000    1.00000
     1.00000   -9.53784   -17.9860    9.29401    1.00000    1.00000
     1.00000  -0.782990    8.97461    4.63347    1.00000    1.00000
     1.00000   -34.6103   -17.1588    38.2484    1.00000    1.00000
     1.00000    31.7509    27.7765   -31.3046    1.00000    1.00000
     1.00000   -11.0053   -5.43954    3.86257    1.00000    1.00000
     1.00000   -2.10211   -3.95265    6.39171    1.00000    1.00000
     1.00000   -25.9101   -16.0721    28.8501    1.00000    1.00000
     1.00000    58.6603    36.3118   -33.5938    1.00000    1.00000
     1.00000   -34.0849   -44.5833   -8.01538    1.00000    1.00000
     1.00000   0.255249    7.71359  -0.715843    1.00000    1.00000
     1.00000   -35.1158   -2.67818    24.7362    1.00000    1.00000
     1.00000    21.5145    31.5305   -6.05473    1.00000    1.00000
     1.00000   -12.7389   -17.7184   0.576805    1.00000    1.00000
     1.00000    24.1805   -9.07533    3.92339    1.00000    1.00000
     1.00000   -8.25623   -18.7262    20.1545    1.00000    1.00000
     1.00000    47.5451    35.3591   -46.9515    1.00000    1.00000
     1.00000   -22.1371   -22.5309   -4.36946    1.00000    1.00000
     1.00000   -3.09654    9.79196  -10.06824    1.00000    1.00000
     1.00000   -40.7258   -6.97215    28.6912    1.00000    1.00000
     1.00000    27.5191    19.9048   -18.3854    1.00000    1.00000
     1.00000   -5.10211   -8.94932    7.57791    1.00000    1.00000
     1.00000    12.8929    3.42648  -10.40182    1.00000    1.00000
     1.00000   -24.8538   -8.80811    38.3495    1.00000    1.00000
     1.00000    34.0964    36.2060   -27.3702    1.00000    1.00000
     1.00000   -23.7676   -36.8007   -9.91862    1.00000    1.00000
     1.00000    12.2238    21.7234   -8.52319    1.00000    1.00000
     1.00000   -40.2203   -6.75089    21.6530    1.00000    1.00000
     1.00000    29.0804    29.3538   -17.5523    1.00000    1.00000
     1.00000   -11.2292   -21.0965   -16.9798    1.00000    1.00000
     1.00000    24.2780   0.829025   -6.17811    1.00000    1.00000
     1.00000   -15.2384   -18.9048    25.5562    1.00000    1.00000
     1.00000    40.6356    33.9174   -43.9331    1.00000    1.00000
     1.00000   -14.9660   -21.0464    8.26855    1.00000    1.00000
     1.00000   -7.36502   10.26208    3.75474    1.00000    1.00000
     1.00000   -40.1342   -26.1422    42.2925    1.00000    1.00000
     1.00000    24.4045    19.5875   -28.7324    1.00000    1.00000
     1.00000    1.34660   -10.8545   -3.48798    1.00000    1.00000
     1.00000    7.14648   0.323227   -6.51695    1.00000    1.00000
     1.00000   -24.0556   -7.19817    32.7933    1.00000    1.00000
     1.00000    51.3566    37.1409   -22.8589    1.00000    1.00000
     1.00000   -35.8597   -35.6624   -19.4641    1.00000    1.00000
     1.00000    4.40503    13.0511   -1.43707    1.00000    1.00000
     1.00000   -34.4949   -6.49603    27.5271    1.00000    1.00000
     1.00000    31.1684    24.7455   -5.58662    1.00000    1.00000
     1.00000   -16.5731   -16.4871   -11.0238    1.00000    1.00000
     1.00000    27.1711  -10.48204    1.18896    1.00000    1.00000
     1.00000   -13.3786   -20.4002    29.1501    1.00000    1.00000
     1.00000    48.0432    45.8550   -42.4851    1.00000    1.00000
     1.00000   -18.5043   -26.7878   -7.13771    1.00000    1.00000
     1.00000   -6.55307    15.0909   -2.54774    1.00000    1.00000
     1.00000   -33.9481   -14.5633    34.7546    1.00000    1.00000
     1.00000    22.5370    22.3391   -20.0130    1.00000    1.00000
     1.00000   -14.0040   -8.45213    12.4582    1.00000    1.00000
     1.00000    16.8725   -6.78951   -11.0146    1.00000    1.00000
     1.00000   -14.0390   -13.0106    38.7449    1.00000    1.00000
     1.00000    42.5690    36.5842   -26.5424    1.00000    1.00000
     1.00000   -34.9892   -37.0399   -9.04505    1.00000    1.00000
     1.00000    11.9978    27.6953   -2.63840    1.00000    1.00000
     1.00000   -36.8702   -11.2611    11.8943    1.00000    1.00000
     1.00000    38.3681    22.3714   -8.41338    1.00000    1.00000
     1.00000   -6.01778   -23.2087   -10.6855    1.00000    1.00000
     1.00000    24.3880   -4.16115    1.13927    1.00000    1.00000
     1.00000   -14.4193   -26.1031    34.4740    1.00000    1.00000
     1.00000    33.5651    29.8161   -36.9563    1.00000    1.00000
     1.00000   -18.8527   -20.3759    1.29409    1.00000    1.00000
     1.00000   -12.1135    5.42912    8.75948    1.00000    1.00000
     1.00000   -39.1131   -15.5555    36.7972    1.00000    1.00000
     1.00000    30.1105    28.4585   -26.3602    1.00000    1.00000
     1.00000   -14.9458   -5.41830   -3.90849    1.00000    1.00000
     1.00000   -2.87849   -2.73349    2.22798    1.00000    1.00000
     1.00000   -19.6927   -16.2090    36.6381    1.00000    1.00000
     1.00000    52.0588    37.6216   -31.6130    1.00000    1.00000
     1.00000   -37.3884   -37.1433   -9.92497    1.00000    1.00000
     1.00000  -0.358734    2.22644  -0.543617    1.00000    1.00000
     1.00000   -32.9265   0.937775    31.4668    1.00000    1.00000
     1.00000    20.2069    24.6812   -7.03738    1.00000    1.00000
     1.00000   -17.1640   -12.9481  -0.894264    1.00000    1.00000
     1.00000    21.9573   -4.55080    3.05469    1.00000    1.00000
     1.00000   -3.06184   -18.9988    23.0002    1.00000    1.00000
     1.00000    45.4951    31.5682   -46.3018    1.00000    1.00000
     1.00000   -31.9611   -21.5494    1.29352    1.00000    1.00000
     1.00000   -3.64313    10.6094    1.39505    1.00000    1.00000
     1.00000   -43.2349   -9.62132    32.3615    1.00000    1.00000
     1.00000    23.5472    20.4898   -16.9425    1.00000    1.00000
     1.00000   -7.43080   -16.0945    16.9327    1.00000    1.00000
     1.00000    8.46872    3.65668   -1.89371    1.00000    1.00000
     1.00000   -16.5441   -15.4445    36.2292    1.00000    1.00000
     1.00000    38.4555    36.2222   -31.4009    1.00000    1.00000
     1.00000   -18.7987   -29.1267   -9.80494    1.00000    1.00000
     1.00000    8.90834    19.9595   -3.86446    1.00000    1.00000
     1.00000   -38.4684   -2.33385    19.8627    1.00000    1.00000
     1.00000    29.8337    37.4514  -10.26352    1.00000    1.00000
     1.00000   -11.9719   -18.1959   -20.0910    1.00000    1.00000
     1.00000    22.6007    1.52267  -10.01314    1.00000    1.00000
     1.00000   -13.3245   -25.0399    24.9460    1.00000    1.00000
     1.00000    43.8506    36.4816   -43.5118    1.00000    1.00000
     1.00000   -13.6536   -16.8582    15.3722    1.00000    1.00000
     1.00000  -10.20680   10.02487    8.85951    1.00000    1.00000
     1.00000   -40.9926   -27.9966    37.5237    1.00000    1.00000
     1.00000    25.8821    32.8043   -29.0119    1.00000    1.00000
     1.00000   -2.47981   -5.65916   -3.85079    1.00000    1.00000
     1.00000   0.276367   -3.90857   -2.53998    1.00000    1.00000
     1.00000   -23.7837   -12.3339    34.5928    1.00000    1.00000
     1.00000    47.1698    36.4839   -29.0706    1.00000    1.00000
     1.00000   -24.7039   -37.5632   -15.0702    1.00000    1.00000
     1.00000    2.07315    11.1622    3.12497    1.00000    1.00000
     1.00000   -33.9750   -11.5763    29.5518    1.00000    1.00000
     1.00000    26.5029    25.1693   -8.10283    1.00000    1.00000
     1.00000   -11.6010   -17.6091   -9.20205    1.00000    1.00000
     1.00000    22.7904   -12.3180    2.75584    1.00000    1.00000
     1.00000   -12.9005   -12.1987    28.5164    1.00000    1.00000
     1.00000    42.8329    41.2801   -50.2122    1.00000    1.00000
     1.00000   -20.5462   -19.9307   -2.68587    1.00000    1.00000
     1.00000   -7.62000    12.6964    3.24420    1.00000    1.00000
     1.00000   -34.0508   -13.3563    33.1633    1.00000    1.00000
     1.00000    22.9923    24.0805   -17.3366    1.00000    1.00000
     1.00000   -7.82451   -3.01446    13.4298    1.00000    1.00000
     1.00000    15.3786   -2.77019   -6.54737    1.00000    1.00000
     1.00000   -11.6898   -15.5512    39.6818    1.00000    1.00000
     1.00000    42.3183    35.9109   -37.3354    1.00000    1.00000
     1.00000   -27.4369   -34.3506   -11.6601    1.00000    1.00000
     1.00000    14.7795    26.1657   -6.77843    1.00000    1.00000
     1.00000   -36.8924   -7.37529    16.2584    1.00000    1.00000
     1.00000    28.7483    30.6191   -9.55520    1.00000    1.00000
     1.00000   -6.44226   -29.5144   -7.34856    1.00000    1.00000
     1.00000    23.2462  -0.798096  -0.754845    1.00000    1.00000
     1.00000   -18.1349   -28.0773    34.6970    1.00000    1.00000
     1.00000    38.2522    31.2278   -40.1457    1.00000    1.00000
     1.00000   -12.6256   -18.3063    6.73854    1.00000    1.00000
     1.00000   -5.32037    7.28342    9.92929    1.00000    1.00000
     1.00000   -36.5005   -21.7170    38.8988    1.00000    1.00000
     1.00000    29.3402    25.3095   -31.0439    1.00000    1.00000
     1.00000   -5.90947   -9.06131    3.15263    1.00000    1.00000
     1.00000   -2.73477   -5.87643    6.37334    1.00000    1.00000
     1.00000   -20.3376   -20.1220    35.7982    1.00000    1.00000
     1.00000    59.2309    35.1665   -30.6296    1.00000    1.00000
     1.00000   -38.2470   -38.7600   -9.11941    1.00000    1.00000
     1.00000   0.107925    9.22289   0.588127    1.00000    1.00000
     1.00000   -33.0426   -2.59423    27.5719    1.00000    1.00000
     1.00000    22.9471    29.1023   -7.41217    1.00000    1.00000
     1.00000   -12.5431   -14.3869   0.195099    1.00000    1.00000
     1.00000    24.1069   -6.05275   0.553757    1.00000    1.00000
     1.00000   -9.45300   -16.1115    23.0146    1.00000    1.00000
     1.00000    47.2303    38.8117   -47.9064    1.00000    1.00000
     1.00000   -28.5069   -23.9809   -5.02634    1.00000    1.00000
     1.00000   -5.05551    9.28546   -5.12707    1.00000    1.00000
     1.00000   -42.5275   -6.31206    28.1272    1.00000    1.00000
     1.00000    28.6671    19.5248   -16.7924    1.00000    1.00000
     1.00000   -7.66971  -10.17501    9.82599    1.00000    1.00000
     1.00000    12.4205  -0.186554   -9.05840    1.00000    1.00000
     1.00000   -22.5901   -12.5401    40.8591    1.00000    1.00000
     1.00000    36.8242    35.0776   -31.2306    1.00000    1.00000
     1.00000   -21.8993   -33.4239   -6.37433    1.00000    1.00000
     1.00000    14.6204    21.7575   -6.56891    1.00000    1.00000
     1.00000   -42.4737   -10.8521    20.4326    1.00000    1.00000
     1.00000    32.1018    29.9682   -16.7905    1.00000    1.00000
     1.00000   -8.59418   -25.4178   -14.7882    1.00000    1.00000
     1.00000    21.1776   0.286880   -8.36980    1.00000    1.00000
     1.00000   -14.6559   -24.0095    28.8581    1.00000    1.00000
     1.00000    44.3951    33.0409   -42.7853    1.00000    1.00000
     1.00000   -17.8413   -17.6311    8.11989    1.00000    1.00000
     1.00000   -2.08371    12.9029    5.53790    1.00000    1.00000
     1.00000   -42.1097   -26.0546    37.1180    1.00000    1.00000
     1.00000    26.2935    22.0746   -27.0936    1.00000    1.00000
     1.00000   0.126526   -9.73341   -2.36784    1.00000    1.00000
     1.00000    4.59212  -0.464218   -2.83981    1.00000    1.00000
     1.00000   -28.3014   -8.53957    32.1326    1.00000    1.00000
     1.00000    47.6149    39.6935   -24.9496    1.00000    1.00000
     1.00000   -35.1154   -39.1263   -12.0514    1.00000    1.00000
     1.00000    4.84409    14.3992   -2.64511E-02    1.00000    1.00000
     1.00000   -35.0348   -5.03890    29.9975    1.00000    1.00000
     1.00000    33.5559    21.8289   -4.27570    1.00000    1.00000
     1.00000   -13.5144   -19.2146   -12.2770    1.00000    1.00000
     1.00000    24.2568   -12.9654    1.55988    1.00000    1.00000
     1.00000   -13.8920   -17.7324    33.5579    1.00000    1.00000
     1.00000    48.2728    44.6118   -46.9090    1.00000    1.00000
     1.00000   -24.6635   -26.1139   -3.63306    1.00000    1.00000
     1.00000   -8.04118    8.81587   -4.20231    1.00000    1.00000
     1.00000   -36.9118   -14.4343    32.9984    1.00000    1.00000
     1.00000    25.1442    21.8388   -23.4520    1.00000    1.00000
     1.00000   -10.7192   -6.86861    12.7116    1.00000    1.00000
     1.00000    15.5249   -7.83630   -6.59827    1.00000    1.00000
     1.00000   -13.0191   -15.6958    41.7366    1.00000    1.00000
     1.00000    43.5998    35.0535   -29.6107    1.00000    1.00000
     1.00000   -39.1513   -32.1490   -8.87909    1.00000    1.00000
     1.00000    8.92004    28.5635   -7.10145    1.00000    1.00000
     1.00000   -37.1321   -11.6175    9.30618    1.00000    1.00000
     1.00000    31.8062    21.1964   -7.90121    1.00000    1.00000
     1.00000   -7.37216   -21.8035   -13.6411    1.00000    1.00000
     1.00000    26.7847   -4.37405   -4.56544    1.00000    1.00000
     1.00000   -12.8970   -25.2008    32.7906    1.00000    1.00000
     1.00000    32.6857    30.0383   -34.3777    1.00000    1.00000
     1.00000   -15.9736   -19.8406    5.08160    1.00000    1.00000
     1.00000   -13.1047    6.58148    5.47237    1.00000    1.00000
     1.00000   -36.4375   -15.2296    36.5399    1.00000    1.00000
     1.00000    27.9396    30.9055   -28.6316    1.00000    1.00000
     1.00000   -12.2220   -6.26955    2.50948    1.00000    1.00000
     1.00000  -0.152603   0.401733    3.79637    1.00000    1.00000
     1.00000   -16.5100   -20.8334    38.3771    1.00000    1.00000
     1.00000    52.9347    35.8551   -32.3649    1.00000    1.00000
     1.00000   -39.2874   -36.8633  -10.48657    1.00000    1.00000
     1.00000   -4.31720    3.14769  -0.512535    1.00000    1.00000
     1.00000   -31.8378  -0.656227    27.5216    1.00000    1.00000
     1.00000    20.5059    22.8569   -10.6330    1.00000    1.00000
     1.00000   -16.1845   -6.42529    1.38092    1.00000    1.00000
     1.00000    19.5386   -5.38313    5.59008    1.00000    1.00000
     1.00000   -5.03801   -18.7600    23.4748    1.00000    1.00000
     1.00000    47.6570    30.1351   -45.7618    1.00000    1.00000
     1.00000   -28.2016   -21.6845    7.29980E-02    1.00000    1.00000
     1.00000   -5.81775    15.1002   -5.41409    1.00000    1.00000
     1.00000   -41.4255   -12.5825    29.8498    1.00000    1.00000
     1.00000    19.9251    11.0143   -17.7472    1.00000    1.00000
     1.00000   -3.59995   -17.3215    14.2857    1.00000    1.00000
     1.00000    8.68234   0.887985   -5.10031    1.00000    1.00000
     1.00000   -16.8323   -16.2366    38.7506    1.00000    1.00000
     1.00000    42.5308    41.2965   -34.5368    1.00000    1.00000
     1.00000   -18.7747   -28.7880   -6.44311    1.00000    1.00000
     1.00000    11.0942    20.6650    1.63485    1.00000    1.00000
     1.00000   -35.3355   -5.26477    25.5088    1.00000    1.00000
     1.00000    31.6762    32.8069   -12.3311    1.00000    1.00000
     1.00000   -14.0153   -16.5568   -15.3590    1.00000    1.00000
     1.00000    19.4471    6.87239   -8.66064    1.00000    1.00000
     1.00000   -11.4831   -27.0350    22.1918    1.00000    1.00000
     1.00000    45.7070    39.5546   -43.6149    1.00000    1.00000
     1.00000   -16.7583   -19.2005    12.7629    1.00000    1.00000
     1.00000   -12.4086    8.31139    6.19553    1.00000    1.00000
     1.00000   -43.6524   -32.5074    40.7629    1.00000    1.00000
     1.00000    24.1346    24.8114   -30.7763    1.00000    1.00000
     1.00000   -6.23955   -5.33366   0.934494    1.00000    1.00000
     1.00000    4.32065   -4.35464   -3.53287    1.00000    1.00000
     1.00000   -24.9470   -13.9243    30.0504    1.00000    1.00000
     1.00000    48.2774    38.0939   -31.0938    1.00000    1.00000
     1.00000   -31.4808   -36.6330   -16.0784    1.00000    1.00000
     1.00000    3.50687    11.6171    1.80682    1.00000    1.00000
     1.00000   -35.4448  -10.23301    29.3643    1.00000    1.00000
     1.00000    23.0629    24.0771   -6.75560    1.00000    1.00000
     1.00000   -12.7880   -18.5122   -2.59960    1.00000    1.00000
     1.00000    14.8282   -11.8291    1.24030    1.00000    1.00000
     1.00000   -11.0756   -16.6499    28.6466    1.00000    1.00000
     1.00000    42.2558    39.6233   -47.2131    1.00000    1.00000
     1.00000   -17.6881   -20.8157   -4.06236    1.00000    1.00000
     1.00000   -8.89503    17.7236   0.658379    1.00000    1.00000
     1.00000   -31.7510   -3.84724    33.3594    1.00000    1.00000
     1.00000    24.5891    19.8874   -13.5330    1.00000    1.00000
     1.00000   -7.90216   -6.18955   10.53061    1.00000    1.00000
     1.00000    18.0308   -3.30434   -8.17493    1.00000    1.00000
     1.00000   -5.29654   -16.4601    41.3337    1.00000    1.00000
     1.00000    45.7934    35.0153   -32.6699    1.00000    1.00000
     1.00000   -31.5676   -35.0498   -9.26455    1.00000    1.00000
     1.00000    13.5247    24.8916   -5.88283    1.00000    1.00000
     1.00000   -41.9649   -10.6175    17.9863    1.00000    1.00000
     1.00000    29.1226    24.4406   -11.2669    1.00000    1.00000
     1.00000   -9.29004   -23.3949   -8.98018    1.00000    1.00000
     1.00000    25.7693   0.965500   -4.57550    1.00000    1.00000
     1.00000   -20.5111   -22.3828    31.8371    1.00000    1.00000
     1.00000    38.1655    34.9220   -39.3013    1.00000    1.00000
     1.00000   -8.77307   -14.6869    11.0554    1.00000    1.00000
     1.00000   -3.96075    9.16562    3.80281    1.00000    1.00000
     1.00000   -36.8444   -19.9258    39.7193    1.00000    1.00000
     1.00000    31.6832    29.3227   -29.4847    1.00000    1.00000
     1.00000   -7.17400   -7.61059    3.69704    1.00000    1.00000
     1.00000   -3.79103   -2.93536    6.05602    1.00000    1.00000
     1.00000   -22.7160   -18.6257    30.9464    1.00000    1.00000
     1.00000    60.0024    36.2659   -32.1116    1.00000    1.00000
     1.00000   -36.6965   -40.7309   -7.95535    1.00000    1.00000
     1.00000   0.748230    5.92746   -1.46864    1.00000    1.00000
     1.00000   -34.1059   -4.33092    24.2376    1.00000    1.00000
     1.00000    23.2579    30.2773   -9.00044    1.00000    1.00000
     1.00000   -12.0440   -18.9783    3.90556    1.00000    1.00000
     1.00000    24.6421   -6.27113    5.19841    1.00000    1.00000
     1.00000   -8.22273   -17.3141    18.3059    1.00000    1.00000
     1.00000    48.3434    33.2785   -49.5749    1.00000    1.00000
     1.00000   -20.8923   -21.3094   -5.34843    1.00000    1.00000
     1.00000   -2.76057    11.7584  -10.21122    1.00000    1.00000
     1.00000   -43.1578   -3.91277    31.1416    1.00000    1.00000
     1.00000    25.2382    19.9953   -17.8891    1.00000    1.00000
     1.00000   -6.43916   -11.7087    9.46053    1.00000    1.00000
     1.00000    12.6866    5.19353   -7.83342    1.00000    1.00000
     1.00000   -23.6334   -10.9427    41.4591    1.00000    1.00000
     1.00000    32.9081    34.9817   -26.3267    1.00000    1.00000
     1.00000   -23.1722   -34.9425  -10.35777    1.00000    1.00000
     1.00000    11.5286    19.9771   -7.83992    1.00000    1.00000
     1.00000   -43.6408   -9.78414    18.6912    1.00000    1.00000
     1.00000    31.1180    31.0112   -18.1849    1.00000    1.00000
     1.00000   -11.3205   -18.4631   -17.9647    1.00000    1.00000
     1.00000    21.7045    2.89838   -7.05930    1.00000    1.00000
     1.00000   -15.3013   -20.6511    26.5292    1.00000    1.00000
     1.00000    42.2998    33.1632   -43.1198    1.00000    1.00000
     1.00000   -11.8938   -21.3451    5.93716    1.00000    1.00000
     1.00000   -4.44699    11.5429    3.03159    1.00000    1.00000
     1.00000   -38.5806   -24.3850    40.2518    1.00000    1.00000
     1.00000    26.9911    20.3449   -30.6286    1.00000    1.00000
     1.00000    2.53706   -8.97820   -2.18372    1.00000    1.00000
     1.00000    6.28510    2.50323   -3.28577    1.00000    1.00000
     1.00000   -26.0887   -8.97474    33.0507    1.00000    1.00000
     1.00000    49.5254    38.9474   -25.0802    1.00000    1.00000
     1.00000   -33.0246   -39.0352   -18.0631    1.00000    1.00000
     1.00000    5.91046    14.3002    1.91962    1.00000    1.00000
     1.00000   -33.4080   -7.11999    25.1174    1.00000    1.00000
     1.00000    30.5093    26.5372   -6.18297    1.00000    1.00000
     1.00000   -16.4041   -19.1477   -12.7768    1.00000    1.00000
     1.00000    25.8489   -9.95682    2.91433    1.00000    1.00000
     1.00000   -14.2507   -17.0419    30.9856    1.00000    1.00000
     1.00000    46.9187    45.3302   -44.0536    1.00000    1.00000
     1.00000   -22.1520   -24.7929   -5.82874    1.00000    1.00000
     1.00000   -7.63626    15.8957   -5.16880    1.00000    1.00000
     1.00000   -36.3497   -15.5414    34.5664    1.00000    1.00000
     1.00000    24.8528    23.4999   -19.6251    1.00000    1.00000
     1.00000   -10.9715   -8.11544    14.7887    1.00000    1.00000
     1.00000    15.7718   -6.81511   -12.6842    1.00000    1.00000
     1.00000   -13.5686   -16.6731    38.5758    1.00000    1.00000
     1.00000    40.7808    32.7662   -26.2389    1.00000    1.00000
     1.00000   -36.6219   -36.1797   -8.27402    1.00000    1.00000
     1.00000    8.57503    29.3989   -1.89817    1.00000    1.00000
     1.00000   -37.0665   -8.92636    15.0078    1.00000    1.00000
     1.00000    34.8003    22.3761   -9.66505    1.00000    1.00000
     1.00000   -5.73512   -24.7040   -11.9833    1.00000    1.00000
     1.00000    23.5912   -6.44789   -3.51567    1.00000    1.00000
     1.00000   -12.7214   -27.0621    34.9184    1.00000    1.00000
     1.00000    36.5261    29.9368   -37.0245    1.00000    1.00000
     1.00000   -18.5891   -23.2969    2.71133    1.00000    1.00000
     1.00000   -8.41718    4.89630    8.65266    1.00000    1.00000
     1.00000   -41.2402   -15.2116    37.0475    1.00000    1.00000
     1.00000    31.5502    29.3719   -23.2141    1.00000    1.00000
     1.00000   -13.6960   -6.36919   -2.49937    1.00000    1.00000
     1.00000   -1.52240  -0.263184    5.09311    1.00000    1.00000
     1.00000   -20.2134   -18.7244    37.7052    1.00000    1.00000
     1.00000    51.5524    36.1511   -28.6891    1.00000    1.00000
     1.00000   -34.9768   -36.5807   -11.1492    1.00000    1.00000
     1.00000   -2.76091   0.932587  -0.929840    1.00000    1.00000
     1.00000   -30.6401   -2.48128    31.0366    1.00000    1.00000
     1.00000    21.9897    25.1632   -9.94254    1.00000    1.00000
     1.00000   -16.5809   -9.69089   0.841751    1.00000    1.00000
     1.00000    21.4550   -5.95505    5.60312    1.00000    1.00000
     1.00000   -3.87250   -19.7044    24.8934    1.00000    1.00000
     1.00000    46.2166    28.2558   -44.3259    1.00000    1.00000
     1.00000   -31.1071   -23.1821    2.07135    1.00000    1.00000
     1.00000   -3.72105    11.7316   -2.94379    1.00000    1.00000
     1.00000   -41.8150   -10.5945    33.3797    1.00000    1.00000
     1.00000    22.2906    19.4661   -18.1142    1.00000    1.00000
     1.00000   -6.20686   -14.4485    13.8758    1.00000    1.00000
     1.00000    11.6540    4.39523   -1.91580    1.00000    1.00000
     1.00000   -17.1456   -17.3713    33.2939    1.00000    1.00000
     1.00000    43.3732    38.0644   -30.0180    1.00000    1.00000
     1.00000   -19.5593   -29.6238   -11.5866    1.00000    1.00000
     1.00000    8.90131    18.2857   -2.32470    1.00000    1.00000
     1.00000   -38.6278   -4.50736    20.3810    1.00000    1.00000
     1.00000    28.9513    36.3821   -8.82206    1.00000    1.00000
     1.00000   -13.9156   -14.3138   -16.8379    1.00000    1.00000
     1.00000    21.3883    3.87566  -10.01019    1.00000    1.00000
     1.00000   -12.2667   -22.9068    29.5825    1.00000    1.00000
     1.00000    44.5205    32.5639   -44.7236    1.00000    1.00000
     1.00000   -12.3019   -18.5907    12.7255    1.00000    1.00000
     1.00000   -7.37271   10.45238    6.87425    1.00000    1.00000
     1.00000   -42.5502   -30.6878    39.4502    1.00000    1.00000
     1.00000    26.3925    29.8616   -31.6289    1.00000    1.00000
     1.00000   -3.75919   -6.92389  -0.333763    1.00000    1.00000
     1.00000   -1.07352   -2.31932  -0.872406    1.00000    1.00000
     1.00000   -23.9641   -13.0465    31.7235    1.00000    1.00000
     1.00000    45.8394    36.6021   -25.6941    1.00000    1.00000
     1.00000   -28.7998   -36.7145   -13.9937    1.00000    1.00000
     1.00000    1.95793    10.5872    7.29784    1.00000    1.00000
     1.00000   -32.0498   -11.6753    28.5514    1.00000    1.00000
     1.00000    27.5149    23.4444   -8.07921    1.00000    1.00000
     1.00000   -12.4700   -14.1361  -10.16676    1.00000    1.00000
     1.00000    18.1703   -11.3302    1.99296    1.00000    1.00000
     1.00000   -14.7970   -16.9042    28.6608    1.00000    1.00000
     1.00000    41.8755    38.5125   -50.5432    1.00000    1.00000
     1.00000   -22.3625   -21.6219   -2.20009    1.00000    1.00000
     1.00000   -8.32414    14.7144   -1.69832    1.00000    1.00000
     1.00000   -32.2802  -10.05241    33.8220    1.00000    1.00000
     1.00000    24.2118    24.6870   -13.8377    1.00000    1.00000
     1.00000   -9.05048   -3.80663    16.1245    1.00000    1.00000
     1.00000    13.7761   -1.36800   -8.18281    1.00000    1.00000
     1.00000   -9.78703   -16.1618    39.5998    1.00000    1.00000
     1.00000    41.2597    36.9047   -35.9600    1.00000    1.00000
     1.00000   -26.2181   -35.8211   -11.0666    1.00000    1.00000
     1.00000    14.5518    28.2208   -3.42339    1.00000    1.00000
     1.00000   -35.6106   -8.59377    17.1924    1.00000    1.00000
     1.00000    30.4922    29.0230   -12.6477    1.00000    1.00000
     1.00000   -3.52554   -31.6215   -7.47739    1.00000    1.00000
     1.00000    24.3536   -2.50069   -4.32431    1.00000    1.00000
     1.00000   -16.4936   -27.8267    33.5820    1.00000    1.00000
     1.00000    39.8420    30.6334   -41.2037    1.00000    1.00000
     1.00000   -12.0069   -19.6040    8.12892    1.00000    1.00000
     1.00000   -4.23698    6.95015    6.49313    1.00000    1.00000
     1.00000   -35.5034   -23.6564    39.7740    1.00000    1.00000
     1.00000    31.5369    24.2058   -29.7073    1.00000    1.00000
     1.00000   -5.13287   -9.15530    5.58880    1.00000    1.00000
     1.00000   -1.08646   -7.54665    3.77564    1.00000    1.00000
     1.00000   -22.5619   -19.5110    32.7332    1.00000    1.00000
     1.00000    56.5039    34.7015   -29.6746    1.00000    1.00000
     1.00000   -37.8277   -42.0192   -11.5674    1.00000    1.00000
     1.00000    4.85905    7.47784   -1.03086    1.00000    1.00000
     1.00000   -31.1585   -3.88814    26.1560    1.00000    1.00000
     1.00000    20.8832    26.4811   -7.58789    1.00000    1.00000
     1.00000   -14.1901   -13.3448  -0.253723    1.00000    1.00000
     1.00000    23.7383   -9.09796    1.97302    1.00000    1.00000
     1.00000   -9.83301   -17.5317    20.4495    1.00000    1.00000
     1.00000    45.7580    40.1549   -47.7394    1.00000    1.00000
     1.00000   -26.2176   -23.9906   -5.31290    1.00000    1.00000
     1.00000   -3.57632   10.47121   -4.48988    1.00000    1.00000
     1.00000   -43.6687   -7.91995    27.7920    1.00000    1.00000
     1.00000    30.6658    17.5045   -16.1330    1.00000    1.00000
     1.00000   -9.68803   -8.05988    7.94730    1.00000    1.00000
     1.00000    12.1166   0.321243   -7.14796    1.00000    1.00000
     1.00000   -18.1177   -15.3093    40.6098    1.00000    1.00000
     1.00000    35.2245    35.5117   -30.1114    1.00000    1.00000
     1.00000   -23.2717   -34.8589   -6.61360    1.00000    1.00000
     1.00000    15.2037    22.6499   -8.26108    1.00000    1.00000
     1.00000   -39.4920   -13.6467    20.4352    1.00000    1.00000
     1.00000    33.1100    32.2390   -17.2943    1.00000    1.00000
     1.00000   -8.47028   -28.7130   -15.8246    1.00000    1.00000
     1.00000    20.9336   -1.08708   -11.4338    1.00000    1.00000
     1.00000   -14.3619   -22.0494    28.5904    1.00000    1.00000
     1.00000    43.4393    30.2145   -40.8167    1.00000    1.00000
     1.00000   -14.5655   -17.5442   10.11836    1.00000    1.00000
     1.00000   -3.99109    11.4460    4.97652    1.00000    1.00000
     1.00000   -40.6837   -23.6696    35.9016    1.00000    1.00000
     1.00000    26.2686    23.9538   -27.7777    1.00000    1.00000
     1.00000  -0.499390   -7.10730   0.329956    1.00000    1.00000
     1.00000    4.24591  -0.448441   -4.80956    1.00000    1.00000
     1.00000   -27.3199   -8.30326    29.3693    1.00000    1.00000
     1.00000    47.3008    39.7659   -26.9234    1.00000    1.00000
     1.00000   -33.3459   -37.4214   -16.9264    1.00000    1.00000
     1.00000    5.82278    19.0351   -1.83606    1.00000    1.00000
     1.00000   -33.1212   -4.86722    30.5530    1.00000    1.00000
     1.00000    34.0701    21.6011   -1.00708    1.00000    1.00000
     1.00000   -14.5614   -19.0415   -10.5818    1.00000    1.00000
     1.00000    24.4648   -15.7081    3.85860    1.00000    1.00000
     1.00000   -13.8627   -16.2722    34.9242    1.00000    1.00000
     1.00000    44.0791    42.0242   -47.5874    1.00000    1.00000
     1.00000   -21.4797   -26.0790   -2.98759    1.00000    1.00000
     1.00000   -8.55592    12.6021   -3.11108    1.00000    1.00000
     1.00000   -39.4383   -10.5978    35.9354    1.00000    1.00000
     1.00000    25.5919    21.3501   -21.5650    1.00000    1.00000
     1.00000   -7.51906   -6.54799    12.9409    1.00000    1.00000
     1.00000    14.1009   -6.60172   -9.12430    1.00000    1.00000
     1.00000   -13.1184   -12.6952    41.8869    1.00000    1.00000
     1.00000    41.6029    35.0111   -29.5074    1.00000    1.00000
     1.00000   -37.5335   -34.1963   -6.52936    1.00000    1.00000
     1.00000    9.09187    28.3242   -5.12328    1.00000    1.00000
     1.00000   -35.5925   -12.7438    9.90707    1.00000    1.00000
     1.00000    31.5750    23.7693   -8.72224    1.00000    1.00000
     1.00000   -6.40335   -21.2561   -11.9792    1.00000    1.00000
     1.00000    26.4104   -2.58612   -5.37982    1.00000    1.00000
     1.00000   -12.7836   -26.5875    31.2245    1.00000    1.00000
     1.00000    31.8367    30.4163   -36.1487    1.00000    1.00000
     1.00000   -14.2393   -19.7907    4.08672    1.00000    1.00000
     1.00000   -12.1799    2.22429    7.21120    1.00000    1.00000
     1.00000   -37.1581   -15.3552    39.4137    1.00000    1.00000
     1.00000    30.0426    31.1414   -26.5699    1.00000    1.00000
     1.00000   -12.6188   -6.85753  -0.886520    1.00000    1.00000
     1.00000   0.314636   -1.34587   0.188477    1.00000    1.00000
     1.00000   -17.9476   -19.9075    39.4144    1.00000    1.00000
     1.00000    55.5604    37.0376   -32.3280    1.00000    1.00000
     1.00000   -42.5330   -35.3404   -9.01964    1.00000    1.00000
     1.00000   0.414413    4.02852  -0.937027    1.00000    1.00000
     1.00000   -31.7801    1.91371    30.1502    1.00000    1.00000
     1.00000    17.0029    22.9135   -9.09368    1.00000    1.00000
     1.00000   -14.4882   -7.14424    2.15913    1.00000    1.00000
     1.00000    16.3453   -5.13618    4.92762    1.00000    1.00000
     1.00000   -4.45766   -19.4428    21.0595    1.00000    1.00000
     1.00000    47.6915    31.5917   -47.2084    1.00000    1.00000
     1.00000   -25.8017   -22.5082   -3.18022    1.00000    1.00000
     1.00000   -3.36487    14.6628   -4.86738    1.00000    1.00000
     1.00000   -39.1358   -11.7121    32.5949    1.00000    1.00000
     1.00000    21.2897    15.6225   -17.9814    1.00000    1.00000
     1.00000   -2.17383   -19.6068    13.7830    1.00000    1.00000
     1.00000    10.7223    3.77454   -3.67449    1.00000    1.00000
     1.00000   -15.9020   -17.8936    38.1268    1.00000    1.00000
     1.00000    42.2750    38.1785   -33.3413    1.00000    1.00000
     1.00000   -19.7633   -30.5266   -6.43803    1.00000    1.00000
     1.00000    10.8592    17.8837   -2.39638    1.00000    1.00000
     1.00000   -38.2171   -7.88396    22.4288    1.00000    1.00000
     1.00000    30.0210    31.6638   -12.5975    1.00000    1.00000
     1.00000   -10.6821   -15.1460   -16.2863    1.00000    1.00000
     1.00000    19.6979    4.97575   -8.07766    1.00000    1.00000
     1.00000  -10.26308   -24.8470    25.0228    1.00000    1.00000
     1.00000    43.7128    39.5433   -43.7656    1.00000    1.00000
     1.00000   -15.0864   -19.6077    13.7822    1.00000    1.00000
     1.00000   -12.7836    8.31310    9.87459    1.00000    1.00000
     1.00000   -44.6487   -28.1081    41.5658    1.00000    1.00000
     1.00000    25.2257    26.5335   -30.9089    1.00000    1.00000
     1.00000   -2.94830   -6.84081    1.79621    1.00000    1.00000
     1.00000    3.02905   -1.14030   -7.20441    1.00000    1.00000
     1.00000   -22.7608   -15.5935    30.0038    1.00000    1.00000
     1.00000    48.5484    34.4539   -32.2762    1.00000    1.00000
     1.00000   -31.1899   -38.6059   -16.2307    1.00000    1.00000
     1.00000    2.59659    8.27225    2.98103    1.00000    1.00000
     1.00000   -35.8253   -8.40742    30.0871    1.00000    1.00000
     1.00000    24.0978    27.6290   -9.37304    1.00000    1.00000
     1.00000   -12.3282   -18.3201   -5.56727    1.00000    1.00000
     1.00000    16.7190   -9.63344  -0.653770    1.00000    1.00000
     1.00000   -7.97913   -17.2997    26.4300    1.00000    1.00000
     1.00000    44.9877    38.9731   -49.1571    1.00000    1.00000
     1.00000   -20.9036   -21.0525  -0.956146    1.00000    1.00000
     1.00000   -4.55121    16.7748  -0.365013    1.00000    1.00000
     1.00000   -29.8958   -7.34032    32.2740    1.00000    1.00000
     1.00000    25.5579    23.1237   -12.2393    1.00000    1.00000
     1.00000   -9.54523   -5.72038    11.5700    1.00000    1.00000
     1.00000    17.2997  -0.351990   -7.70741    1.00000    1.00000
     1.00000   -5.84102   -15.6790    39.5212    1.00000    1.00000
     1.00000    44.1312    34.9418   -31.5600    1.00000    1.00000
     1.00000   -25.9190   -35.6307   -9.09827    1.00000    1.00000
     1.00000   10.46716    26.1790   -4.35307    1.00000    1.00000
     1.00000   -38.4925   -9.17027    19.2258    1.00000    1.00000
     1.00000    31.8045    27.6772   -11.9647    1.00000    1.00000
     1.00000   -8.94264   -25.6641   -8.27328    1.00000    1.00000
     1.00000    28.0212    1.01649   -3.42904    1.00000    1.00000
     1.00000   -18.3354   -25.6518    31.8310    1.00000    1.00000
     1.00000    40.3984    35.4137   -37.5942    1.00000    1.00000
     1.00000   -9.35504   -19.6167   10.43745    1.00000    1.00000
     1.00000   0.878540    9.13533    3.53188    1.00000    1.00000
     1.00000   -34.9605   -15.6070    39.4604    1.00000    1.00000
     1.00000    29.8210    28.2534   -31.0857    1.00000    1.00000
     1.00000   -9.05746   -5.83134    4.09142    1.00000    1.00000
     1.00000   -2.70612   -4.80374    4.68559    1.00000    1.00000
     1.00000   -23.9435   -16.2105    28.5137    1.00000    1.00000
     1.00000    56.9002    36.3833   -34.5408    1.00000    1.00000
     1.00000   -34.8230   -42.8518   -8.69134    1.00000    1.00000
     1.00000   -9.70306E-02    9.28481   -1.90208    1.00000    1.00000
     1.00000   -36.8164   -2.07539    23.8733    1.00000    1.00000
     1.00000    22.0252    31.5912   -4.12199    1.00000    1.00000
     1.00000   -13.7842   -17.6008   -1.12421    1.00000    1.00000
     1.00000    24.2979   -7.14059    3.43047    1.00000    1.00000
     1.00000   -6.30939   -18.8454    20.5967    1.00000    1.00000
     1.00000    45.7271    36.1750   -46.7808    1.00000    1.00000
     1.00000   -23.7510   -23.0462   -5.43227    1.00000    1.00000
     1.00000   -3.83905   10.57042   -8.38220    1.00000    1.00000
     1.00000   -41.8679   -6.57491    30.2842    1.00000    1.00000
     1.00000    28.3121    18.2274   -19.1319    1.00000    1.00000
     1.00000   -4.96460   -10.6509    8.61989    1.00000    1.00000
     1.00000    12.2116    1.72980   -9.59123    1.00000    1.00000
     1.00000   -23.9978   -9.88573    39.8007    1.00000    1.00000
     1.00000    34.6790    34.6033   -28.4152    1.00000    1.00000
     1.00000   -24.9917   -37.2618   -8.40567    1.00000    1.00000
     1.00000    12.2909    20.3944  -10.01627    1.00000    1.00000
     1.00000   -42.0987   -7.23866    21.1696    1.00000    1.00000
     1.00000    29.2913    30.7594   -18.9593    1.00000    1.00000
     1.00000   -9.65825   -21.8295   -15.9825    1.00000    1.00000
     1.00000    23.5734    2.26311   -7.38102    1.00000    1.00000
     1.00000   -13.5094   -19.6362    24.8666    1.00000    1.00000
     1.00000    39.2831    35.3097   -44.4150    1.00000    1.00000
     1.00000   -13.4354   -21.7613    9.33917    1.00000    1.00000
     1.00000   -6.09708    11.7599    4.14072    1.00000    1.00000
     1.00000   -39.9837   -24.2474    41.6704    1.00000    1.00000
     1.00000    26.1157    20.6227   -28.7210    1.00000    1.00000
     1.00000    1.62442   -8.93159   -3.96274    1.00000    1.00000
     1.00000    7.38327   0.724777   -8.46187    1.00000    1.00000
     1.00000   -24.2292   -8.26377    31.1098    1.00000    1.00000
     1.00000    50.1059    36.6661   -24.3456    1.00000    1.00000
     1.00000   -36.4397   -37.0548   -18.1508    1.00000    1.00000
     1.00000    6.01401    12.2303  -0.578308    1.00000    1.00000
     1.00000   -32.9498   -6.18387    28.7581    1.00000    1.00000
     1.00000    30.9345    23.2544   -6.89888    1.00000    1.00000
     1.00000   -17.9353   -17.8426   -11.5776    1.00000    1.00000
     1.00000    25.3962  -10.27545   0.290565    1.00000    1.00000
     1.00000   -14.5835   -19.2617    28.0312    1.00000    1.00000
     1.00000    46.4024    46.1976   -41.3940    1.00000    1.00000
     1.00000   -20.1069   -26.5037   -5.97534    1.00000    1.00000
     1.00000   -7.67497    16.7423   -2.66662    1.00000    1.00000
     1.00000   -32.7263   -16.0816    34.3052    1.00000    1.00000
     1.00000    21.9971    22.5206   -18.0958    1.00000    1.00000
     1.00000   -12.3602   -7.79147    13.3864    1.00000    1.00000
     1.00000    18.0976   -7.07587   -12.5693    1.00000    1.00000
     1.00000   -14.7896   -12.2676    37.0465    1.00000    1.00000
     1.00000    41.1659    35.7600   -27.7052    1.00000    1.00000
     1.00000   -33.3024   -35.9754   -8.89880    1.00000    1.00000
     1.00000    11.3405    28.1694   -4.46684    1.00000    1.00000
     1.00000   -36.8778  -10.44504    13.7202    1.00000    1.00000
     1.00000    36.5416    23.0132   -8.91525    1.00000    1.00000
     1.00000   -4.95384   -22.7230   -9.06307    1.00000    1.00000
     1.00000    24.9004   -3.91454  -0.778198    1.00000    1.00000
     1.00000   -14.7223   -27.4085    35.9586    1.00000    1.00000
     1.00000    35.0603    30.2458   -35.6994    1.00000    1.00000
     1.00000   -19.3957   -18.5274    1.83078    1.00000    1.00000
     1.00000  -10.27948    5.20740    7.99309    1.00000    1.00000
     1.00000   -38.0430   -16.9366    35.8238    1.00000    1.00000
     1.00000    30.6082    29.7057   -27.8423    1.00000    1.00000
     1.00000   -15.6880   -6.52988   -2.42068    1.00000    1.00000
     1.00000   -1.60500   -1.77689    3.43758    1.00000    1.00000
     1.00000   -19.5139   -17.0103    38.4619    1.00000    1.00000
     1.00000    50.2107    37.6442   -30.8488    1.00000    1.00000
     1.00000   -36.8098   -36.9951   -11.8337    1.00000    1.00000
     1.00000   -1.44228    1.01794   0.624916    1.00000    1.00000
     1.00000   -33.3935  -0.993896    31.6917    1.00000    1.00000
     1.00000    21.7199    24.1565   -8.23552    1.00000    1.00000
     1.00000   -17.4310   -14.9272   -1.00297    1.00000    1.00000
     1.00000    22.0557   -6.54738    3.11753    1.00000    1.00000
     1.00000   -1.98038   -20.0273    24.3316    1.00000    1.00000
     1.00000    45.7100    29.7047   -45.6082    1.00000    1.00000
     1.00000   -30.0725   -21.9098   0.742889    1.00000    1.00000
     1.00000   -3.21394    10.8140  -0.547607    1.00000    1.00000
     1.00000   -42.2586   -8.29523    31.2265    1.00000    1.00000
     1.00000    24.3808    19.4264   -15.4680    1.00000    1.00000
     1.00000   -7.52913   -15.3391    15.0835    1.00000    1.00000
     1.00000    9.82397    5.03476   -2.40765    1.00000    1.00000
     1.00000   -15.1762   -16.1329    37.5158    1.00000    1.00000
     1.00000    40.3092    36.9461   -31.6001    1.00000    1.00000
     1.00000   -18.7732   -30.2562   -8.15460    1.00000    1.00000
     1.00000    9.10733    19.2217   -5.71268    1.00000    1.00000
     1.00000   -39.4200   -3.03360    21.4766    1.00000    1.00000
     1.00000    30.1046    38.0132   -8.36327    1.00000    1.00000
     1.00000   -12.9049   -17.3775   -18.5226    1.00000    1.00000
     1.00000    23.5236    3.29417  -10.11338    1.00000    1.00000
     1.00000   -11.8596   -24.3522    26.1212    1.00000    1.00000
     1.00000    44.7533    35.6789   -45.1058    1.00000    1.00000
     1.00000   -12.5565   -15.2641    15.8775    1.00000    1.00000
     1.00000   -8.32959    10.6708    8.61686    1.00000    1.00000
     1.00000   -40.0321   -29.7502    37.5706    1.00000    1.00000
     1.00000    26.3600    31.2976   -30.2372    1.00000    1.00000
     1.00000  -0.762375   -4.65922   -4.07557    1.00000    1.00000
     1.00000    2.10637   -3.72951   -3.32678    1.00000    1.00000
     1.00000   -24.4848   -11.5199    32.9059    1.00000    1.00000
     1.00000    46.7586    34.9856   -30.3300    1.00000    1.00000
     1.00000   -26.5435   -37.9255   -15.7662    1.00000    1.00000
     1.00000   0.877228    11.2058    4.72742    1.00000    1.00000
     1.00000   -33.5192   -12.9887    28.2112    1.00000    1.00000
     1.00000    26.3035    26.2592   -9.76790    1.00000    1.00000
     1.00000   -12.4983   -17.5739   -7.41501    1.00000    1.00000
     1.00000    21.2689   -12.8138    1.55617    1.00000    1.00000
     1.00000   -12.9794   -14.1342    28.0186    1.00000    1.00000
     1.00000    43.2924    39.6854   -51.3283    1.00000    1.00000
     1.00000   -22.3627   -19.6446   -1.89950    1.00000    1.00000
     1.00000   -7.06340    13.8807    1.73170    1.00000    1.00000
     1.00000   -33.5550   -11.4194    33.1105    1.00000    1.00000
     1.00000    22.9891    24.6524   -15.4201    1.00000    1.00000
     1.00000   -6.26906   -4.27089    13.3856    1.00000    1.00000
     1.00000    15.1926   -4.21548   -7.91723    1.00000    1.00000
     1.00000   -11.2855   -17.5093    39.7311    1.00000    1.00000
     1.00000    44.1513    36.7106   -37.3112    1.00000    1.00000
     1.00000   -27.4018   -33.8712   -13.6015    1.00000    1.00000
     1.00000    14.8857    26.9767   -4.95336    1.00000    1.00000
     1.00000   -36.4202   -5.87021    17.4879    1.00000    1.00000
     1.00000    27.0410    29.7991  -10.19769    1.00000    1.00000
