     1.00000   -21.7576   -33.7516   -17.3713    1.00000    1.00000
     1.00000    1.17703    8.80742    18.5360    1.00000    1.00000
     1.00000    21.1779   -7.40359   -20.0858    1.00000    1.00000
     1.00000    29.7366    27.7578    41.9528    1.00000    1.00000
     1.00000   -10.5989   -6.31549   -23.9911    1.00000    1.00000
     1.00000    7.70052    27.0835    33.8059    1.00000    1.00000
     1.00000   -6.63364    2.16362   -34.9964    1.00000    1.00000
     1.00000   -6.57709   -1.25680    20.2267    1.00000    1.00000
     1.00000   -25.4179   -33.4400   -24.8973    1.00000    1.00000
     1.00000  -0.921249    7.62890   -1.71712    1.00000    1.00000
     1.00000    17.1841    8.80371   -22.1610    1.00000    1.00000
     1.00000    6.34686    2.08187    37.5484    1.00000    1.00000
     1.00000   -24.2481   -15.3473   -7.98163    1.00000    1.00000
     1.00000    1.12720    28.5952    31.5360    1.00000    1.00000
     1.00000    17.4860    4.44602   -16.1623    1.00000    1.00000
     1.00000   -22.9370   -3.05238    35.3662    1.00000    1.00000
     1.00000   -22.9156   -28.9985   -11.7152    1.00000    1.00000
     1.00000   -3.71570    7.69492    5.49634    1.00000    1.00000
     1.00000    37.6994   -1.89362E-02   -27.6160    1.00000    1.00000
     1.00000    20.6208    22.1915    27.1732    1.00000    1.00000
     1.00000   -5.04048   -20.5707   -15.5316    1.00000    1.00000
     1.00000    9.41783    16.9191    1.31866    1.00000    1.00000
     1.00000    17.9439   -12.9550   -38.2691    1.00000    1.00000
     1.00000    6.97363    6.09360E-02    31.7096    1.00000    1.00000
     1.00000   -13.1995   -33.1548   -28.0403    1.00000    1.00000
     1.00000    3.96759    5.60371   -14.3019    1.00000    1.00000
     1.00000    26.9245    3.78131   -19.0687    1.00000    1.00000
     1.00000    13.6132    11.7652    34.7634    1.00000    1.00000
     1.00000   -14.5886   -20.7238   -1.08253    1.00000    1.00000
     1.00000   -12.5452    20.0971    21.9960    1.00000    1.00000
     1.00000   -4.30565   -4.84677   -24.8416    1.00000    1.00000
     1.00000   -15.6441   -11.5579    39.5824    1.00000    1.00000
     1.00000   -22.3367   -29.0613   -20.5005    1.00000    1.00000
     1.00000   -1.15530    13.6043    5.82106    1.00000    1.00000
     1.00000    29.3095   -5.11483   -26.7331    1.00000    1.00000
     1.00000    23.0905    22.5161    39.0742    1.00000    1.00000
     1.00000   -12.1024   -6.07654   -16.7822    1.00000    1.00000
     1.00000    9.40182    25.9615    17.9413    1.00000    1.00000
     1.00000   -5.42921   -13.6459   -43.9043    1.00000    1.00000
     1.00000    1.52921   -1.73203    23.9949    1.00000    1.00000
     1.00000   -24.0704   -35.5857   -34.6000    1.00000    1.00000
     1.00000    2.18176    16.8625   -5.63542    1.00000    1.00000
     1.00000    24.2502   -1.29547   -19.1389    1.00000    1.00000
     1.00000    4.08832    6.68000    27.2100    1.00000    1.00000
     1.00000   -17.4997   -14.3108   -3.88550    1.00000    1.00000
     1.00000   -6.47339    24.5406    31.1114    1.00000    1.00000
     1.00000    2.88634   0.987549   -28.0178    1.00000    1.00000
     1.00000   -14.8551   -3.77567    32.6285    1.00000    1.00000
     1.00000   -27.5943   -24.6584   -16.4522    1.00000    1.00000
     1.00000   -11.0042  -0.322899    6.45181    1.00000    1.00000
     1.00000    34.2806   -9.47940   -25.1369    1.00000    1.00000
     1.00000    32.4124    29.8078    22.0001    1.00000    1.00000
     1.00000   -14.8051   -20.3066   -17.0438    1.00000    1.00000
     1.00000    8.87868    25.4355    12.5670    1.00000    1.00000
     1.00000    9.47826   -1.75323E-02   -33.3975    1.00000    1.00000
     1.00000    5.54575   -1.84946    22.2559    1.00000    1.00000
     1.00000   -17.3505   -31.1054   -33.6428    1.00000    1.00000
     1.00000   -7.45337    1.49246   -15.4564    1.00000    1.00000
     1.00000    39.3811    9.92963   -12.7369    1.00000    1.00000
     1.00000    6.61136    22.4906    30.0991    1.00000    1.00000
     1.00000   -18.8633   -17.6895   -1.37476    1.00000    1.00000
     1.00000   -5.48682    17.7610    25.8679    1.00000    1.00000
     1.00000  -0.728287    9.02405E-02   -28.6906    1.00000    1.00000
     1.00000   -34.7998   -3.46555    40.9934    1.00000    1.00000
     1.00000   -32.6279   -33.9940   -14.3388    1.00000    1.00000
     1.00000   -2.47603    12.4732    18.9314    1.00000    1.00000
     1.00000    18.6606   -9.73506   -26.6685    1.00000    1.00000
     1.00000    21.8905    28.6930    39.1481    1.00000    1.00000
     1.00000   -12.5139   -6.89111   -18.5618    1.00000    1.00000
     1.00000    8.02980    29.1882    31.8447    1.00000    1.00000
     1.00000   -1.75351   -5.04167   -35.8870    1.00000    1.00000
     1.00000   -12.7427   -3.14910    23.7571    1.00000    1.00000
     1.00000   -28.7728   -37.3566   -25.8381    1.00000    1.00000
     1.00000   -3.14255    12.8841   -6.19019    1.00000    1.00000
     1.00000    18.9990   0.396194   -20.8208    1.00000    1.00000
     1.00000    6.20454    5.26073    31.8877    1.00000    1.00000
     1.00000   -20.3239   -14.8748   -9.84718    1.00000    1.00000
     1.00000   -6.68750    24.8484    33.0759    1.00000    1.00000
     1.00000    18.1731    4.93576   -20.3742    1.00000    1.00000
     1.00000   -21.1986   -2.00449    31.8271    1.00000    1.00000
     1.00000   -26.5139   -22.2239   -12.8590    1.00000    1.00000
     1.00000  -0.663574    5.67809    7.43048    1.00000    1.00000
     1.00000    35.6028   -6.02986   -28.1291    1.00000    1.00000
     1.00000    21.3104    21.3689    32.0136    1.00000    1.00000
     1.00000   -7.60693   -9.79838   -16.8086    1.00000    1.00000
     1.00000    12.2172    20.2019    8.72485    1.00000    1.00000
     1.00000    16.2859   -12.1683   -37.4741    1.00000    1.00000
     1.00000    6.02090   -2.50153    27.1895    1.00000    1.00000
     1.00000   -9.05688   -28.6645   -26.3882    1.00000    1.00000
     1.00000   -4.77406    8.94964   -9.75990    1.00000    1.00000
     1.00000    25.9759    7.42790   -13.1628    1.00000    1.00000
     1.00000    11.0961    14.7496    30.3768    1.00000    1.00000
     1.00000   -7.73068   -19.9316   -7.89665    1.00000    1.00000
     1.00000   -6.32397    15.5238    24.4575    1.00000    1.00000
     1.00000   -2.18620  -0.908943   -19.3463    1.00000    1.00000
     1.00000   -23.6447  -10.37041    39.4538    1.00000    1.00000
     1.00000   -25.3262   -36.1020   -20.4276    1.00000    1.00000
     1.00000   -1.23027    14.1797    9.19075    1.00000    1.00000
     1.00000    30.1121   -1.81685   -32.2852    1.00000    1.00000
     1.00000    20.6048    17.1002    35.0942    1.00000    1.00000
     1.00000   -2.60535   -7.29846   -24.3440    1.00000    1.00000
     1.00000    9.96034    32.4357    29.5378    1.00000    1.00000
     1.00000    1.46085   -4.65257   -36.7660    1.00000    1.00000
     1.00000   -4.02551    4.08041    22.3909    1.00000    1.00000
     1.00000   -22.2855   -30.9009   -32.7906    1.00000    1.00000
     1.00000    3.35089    13.1953   -5.59929    1.00000    1.00000
     1.00000    20.8044   -4.02520   -20.6734    1.00000    1.00000
     1.00000    5.94797    6.52771    30.3616    1.00000    1.00000
     1.00000   -23.3766   -7.68861   -3.64914    1.00000    1.00000
     1.00000  -10.07875    33.7038    31.9837    1.00000    1.00000
     1.00000    8.02992    2.99019   -26.0642    1.00000    1.00000
     1.00000   -18.8842    1.20484    27.1612    1.00000    1.00000
     1.00000   -29.8805   -21.3913   -18.3888    1.00000    1.00000
     1.00000   -6.67816    7.01220    3.88382    1.00000    1.00000
     1.00000    34.8524   -14.2829   -19.0225    1.00000    1.00000
     1.00000    28.3394    21.6082    28.8862    1.00000    1.00000
     1.00000   -20.2327   -18.8342   -12.9605    1.00000    1.00000
     1.00000    8.99649    20.9908    12.0357    1.00000    1.00000
     1.00000    7.78230   -9.39353   -38.2315    1.00000    1.00000
     1.00000    2.29953   -4.40614    31.5821    1.00000    1.00000
     1.00000   -16.6079   -25.3735   -27.3246    1.00000    1.00000
     1.00000   -1.61255    5.16518   -17.1549    1.00000    1.00000
     1.00000    33.3658    11.2193   -16.1693    1.00000    1.00000
     1.00000   10.13942    20.8867    29.5367    1.00000    1.00000
     1.00000   -14.7338   -12.5412  -0.118973    1.00000    1.00000
     1.00000   -6.00757    16.3251    28.9372    1.00000    1.00000
     1.00000    3.34137   -2.19270   -28.4694    1.00000    1.00000
     1.00000   -26.5259   -4.03071    36.5316    1.00000    1.00000
     1.00000   -23.4494   -31.2696   -14.8024    1.00000    1.00000
     1.00000  -0.866516    14.9860    18.0056    1.00000    1.00000
     1.00000    21.6150  -10.08007   -22.9965    1.00000    1.00000
     1.00000    24.7782    23.8026    37.4817    1.00000    1.00000
     1.00000   -8.44150   -10.6555   -25.4634    1.00000    1.00000
     1.00000    7.98123    25.9410    36.3703    1.00000    1.00000
     1.00000   -3.16092  -0.313736   -34.9247    1.00000    1.00000
     1.00000   -9.75378   0.959145    20.5708    1.00000    1.00000
     1.00000   -21.3700   -29.5563   -25.7209    1.00000    1.00000
     1.00000    2.73325    8.75294   -1.56523    1.00000    1.00000
     1.00000    15.2238    8.22537   -23.8702    1.00000    1.00000
     1.00000    7.47121    4.32259    33.1187    1.00000    1.00000
     1.00000   -22.8323   -18.2499   -9.43665    1.00000    1.00000
     1.00000    2.01224    29.3266    34.5300    1.00000    1.00000
     1.00000    20.2658    2.26044   -15.7962    1.00000    1.00000
     1.00000   -23.7461   -8.93462    31.5348    1.00000    1.00000
     1.00000   -21.5151   -27.8507   -8.18474    1.00000    1.00000
     1.00000   -5.90456   10.25301    5.03664    1.00000    1.00000
     1.00000    34.7681   0.876266   -25.1291    1.00000    1.00000
     1.00000    24.3076    20.0369    25.8262    1.00000    1.00000
     1.00000   -7.93486   -17.3401   -17.2414    1.00000    1.00000
     1.00000   10.42581    17.4378    7.17833    1.00000    1.00000
     1.00000    21.9036  -10.55993   -41.4728    1.00000    1.00000
     1.00000    7.50626  -0.273094    34.6731    1.00000    1.00000
     1.00000   -9.97659   -30.4179   -27.5514    1.00000    1.00000
     1.00000    1.00874    6.00105  -10.14229    1.00000    1.00000
     1.00000    34.0053    1.68762E-02   -19.6396    1.00000    1.00000
     1.00000    16.3721    11.2689    32.7840    1.00000    1.00000
     1.00000   -8.18446   -18.4454    1.48824    1.00000    1.00000
     1.00000  -10.44569    23.2762    25.7852    1.00000    1.00000
     1.00000   -2.12514   -4.03253   -24.0364    1.00000    1.00000
     1.00000   -19.8880   -11.5992    38.7046    1.00000    1.00000
     1.00000   -23.8466   -34.8676   -21.8172    1.00000    1.00000
     1.00000    2.25024    18.2776    9.49187    1.00000    1.00000
     1.00000    26.8231   -2.88689   -25.4941    1.00000    1.00000
     1.00000    23.9630    20.0293    36.7043    1.00000    1.00000
     1.00000   -5.13312   -6.68060   -16.4554    1.00000    1.00000
     1.00000    12.4225    28.1957    21.8028    1.00000    1.00000
     1.00000   -3.09627   -8.38454   -43.2728    1.00000    1.00000
     1.00000   -1.59125    1.32477    22.7605    1.00000    1.00000
     1.00000   -23.6574   -36.6770   -31.3008    1.00000    1.00000
     1.00000    3.23514    18.5626   -5.63266    1.00000    1.00000
     1.00000    19.9289   -2.60335   -16.3456    1.00000    1.00000
     1.00000    2.23773   10.52061    29.1044    1.00000    1.00000
     1.00000   -19.1190   -16.0988   -7.88687    1.00000    1.00000
     1.00000   -11.2352    25.5185    31.1849    1.00000    1.00000
     1.00000    6.15547    2.94667   -25.3681    1.00000    1.00000
     1.00000   -17.4111    1.43564    29.2443    1.00000    1.00000
     1.00000   -26.9525   -26.3509   -14.8021    1.00000    1.00000
     1.00000   -12.9962    3.91730    7.48865    1.00000    1.00000
     1.00000    31.3898   -3.95938   -25.3081    1.00000    1.00000
     1.00000    31.4767    28.6794    23.6887    1.00000    1.00000
     1.00000   -13.2594   -19.1927   -17.6522    1.00000    1.00000
     1.00000    6.92693    26.1226    17.8751    1.00000    1.00000
     1.00000    7.71312   -4.00562   -35.3669    1.00000    1.00000
     1.00000    2.38147  -0.898979    26.9603    1.00000    1.00000
     1.00000   -8.40416   -31.1835   -35.1657    1.00000    1.00000
     1.00000   -3.98662    4.70592   -12.1224    1.00000    1.00000
     1.00000    34.7930    8.95155   -14.3403    1.00000    1.00000
     1.00000    4.80161    22.7496    32.5288    1.00000    1.00000
     1.00000   -17.9051   -20.5348  -0.915985    1.00000    1.00000
     1.00000   -9.61166    11.5818    26.7063    1.00000    1.00000
     1.00000   -2.99011   -2.25746   -23.7188    1.00000    1.00000
     1.00000   -38.0639   -5.52506    42.4387    1.00000    1.00000
     1.00000   -27.7352   -31.4530   -14.6998    1.00000    1.00000
     1.00000   -4.86612    13.7428    20.8745    1.00000    1.00000
     1.00000    24.0661   -8.38277   -22.9263    1.00000    1.00000
     1.00000    24.8319    27.0466    37.4732    1.00000    1.00000
     1.00000   -14.4036   -6.33750   -18.9118    1.00000    1.00000
     1.00000    5.87091    28.9327    29.3788    1.00000    1.00000
     1.00000    1.08934   -5.41739   -31.6550    1.00000    1.00000
     1.00000   -15.1188    2.89819    22.9832    1.00000    1.00000
     1.00000   -28.2675   -34.9383   -27.2878    1.00000    1.00000
     1.00000   -4.12552    12.0380  -10.56271    1.00000    1.00000
     1.00000    19.8996    6.10702   -21.3503    1.00000    1.00000
     1.00000    5.82317    5.41690    35.4997    1.00000    1.00000
     1.00000   -20.2323   -21.7004   -7.78798    1.00000    1.00000
     1.00000   -3.76671    27.2095    34.7247    1.00000    1.00000
     1.00000    11.9988    2.95644   -21.1945    1.00000    1.00000
     1.00000   -26.9924    2.46928    32.1939    1.00000    1.00000
     1.00000   -23.1694   -23.7127   -13.8020    1.00000    1.00000
     1.00000   -1.34549    7.39569    9.30687    1.00000    1.00000
     1.00000    33.8769  -0.698029   -27.0752    1.00000    1.00000
     1.00000    16.8213    21.2975    27.9365    1.00000    1.00000
     1.00000   -10.8775   -14.8643   -16.3001    1.00000    1.00000
     1.00000   10.02602    19.3743    5.12077    1.00000    1.00000
     1.00000    12.1613  -10.05836   -39.0390    1.00000    1.00000
     1.00000    6.18451    3.46909E-02    28.1792    1.00000    1.00000
     1.00000   -8.63887   -26.9352   -24.6683    1.00000    1.00000
     1.00000   -6.78847    3.60773   -11.9007    1.00000    1.00000
     1.00000    25.6293    2.28938   -18.7577    1.00000    1.00000
     1.00000    12.9576    13.1228    29.8796    1.00000    1.00000
     1.00000   -12.2121   -19.5518   -1.55023    1.00000    1.00000
     1.00000   -8.23878    15.3212    23.9167    1.00000    1.00000
     1.00000   0.249573   0.372780   -17.0048    1.00000    1.00000
     1.00000   -24.9503   -7.17445    36.5083    1.00000    1.00000
     1.00000   -27.1974   -35.3420   -18.4970    1.00000    1.00000
     1.00000    1.74527    8.00035    11.5994    1.00000    1.00000
     1.00000    28.3303  -0.932419   -32.4932    1.00000    1.00000
     1.00000    20.0661    19.4881    33.8669    1.00000    1.00000
     1.00000   -5.42073   -5.32771   -20.3190    1.00000    1.00000
     1.00000   10.01450    27.5251    28.2216    1.00000    1.00000
     1.00000   -1.12271   -5.85978   -41.3502    1.00000    1.00000
     1.00000   -4.97423    5.82085    17.5894    1.00000    1.00000
     1.00000   -18.3191   -29.4606   -33.0457    1.00000    1.00000
     1.00000    3.51697    13.1519   -3.60667    1.00000    1.00000
     1.00000    22.5972   -2.33685   -24.6732    1.00000    1.00000
     1.00000    6.47128    9.89471    32.1340    1.00000    1.00000
     1.00000   -18.1563   -12.4246   -8.14026    1.00000    1.00000
     1.00000   -12.8862    33.9034    30.2958    1.00000    1.00000
     1.00000    16.5190    3.26835   -24.8839    1.00000    1.00000
     1.00000   -20.1921    4.92752    24.2063    1.00000    1.00000
     1.00000   -28.0069   -19.6657   -18.7281    1.00000    1.00000
     1.00000  -10.35568    4.89182    8.06677    1.00000    1.00000
     1.00000    33.4960  -10.23712   -21.6918    1.00000    1.00000
     1.00000    27.6756    22.4998    26.6184    1.00000    1.00000
     1.00000   -16.5342   -19.0194   -13.0180    1.00000    1.00000
     1.00000    8.72983    24.0027    10.9063    1.00000    1.00000
     1.00000   10.03905   -6.65527   -37.2534    1.00000    1.00000
     1.00000    2.60104   -3.29340    28.8312    1.00000    1.00000
     1.00000   -16.5740   -30.0303   -30.6970    1.00000    1.00000
     1.00000   -3.44864    2.17673   -14.7358    1.00000    1.00000
     1.00000    29.8912    13.8721   -15.0783    1.00000    1.00000
     1.00000   10.36963    19.0332    28.4928    1.00000    1.00000
     1.00000   -20.1897   -14.7800  -0.861526    1.00000    1.00000
     1.00000   -7.43314    26.2302    27.6868    1.00000    1.00000
     1.00000    1.40900   -2.15969   -27.9548    1.00000    1.00000
     1.00000   -29.7404   -6.33343    39.4088    1.00000    1.00000
     1.00000   -20.9813   -31.9239   -17.1334    1.00000    1.00000
     1.00000  -0.717651    11.6244    18.1264    1.00000    1.00000
     1.00000    19.7038  -10.02877   -22.4092    1.00000    1.00000
     1.00000    27.1559    26.4698    40.1409    1.00000    1.00000
     1.00000   -9.00201   -9.31443   -24.0896    1.00000    1.00000
     1.00000    3.79094    29.3454    35.4441    1.00000    1.00000
     1.00000   -5.15634  -0.289635   -34.7917    1.00000    1.00000
     1.00000   -4.71609    1.44016    18.1749    1.00000    1.00000
     1.00000   -24.5106   -34.7610   -23.7007    1.00000    1.00000
     1.00000   -1.31772    9.16451   -2.93560    1.00000    1.00000
     1.00000    17.3680   10.47618   -21.0798    1.00000    1.00000
     1.00000    9.06030    3.11427    38.6201    1.00000    1.00000
     1.00000   -23.8666   -15.5171   -9.93755    1.00000    1.00000
     1.00000  -0.934387    26.5093    35.4839    1.00000    1.00000
     1.00000    18.0763    6.71391   -14.6696    1.00000    1.00000
     1.00000   -23.9093   -3.31008    33.6376    1.00000    1.00000
     1.00000   -21.1898   -31.4400   -13.5162    1.00000    1.00000
     1.00000   -2.74570    7.09184    1.75641    1.00000    1.00000
     1.00000    35.7850   -9.95560E-02   -27.0429    1.00000    1.00000
     1.00000    19.8869    25.5945    26.2194    1.00000    1.00000
     1.00000   -4.46912   -17.6420   -16.3181    1.00000    1.00000
     1.00000    9.42705    13.9128   0.722351    1.00000    1.00000
     1.00000    20.5624   -11.2657   -39.0953    1.00000    1.00000
     1.00000    9.84694    1.78729    32.5760    1.00000    1.00000
     1.00000   -11.2514   -32.2273   -29.4569    1.00000    1.00000
     1.00000    1.93916    2.68906   -13.0341    1.00000    1.00000
     1.00000    31.5602    1.03047   -19.4209    1.00000    1.00000
     1.00000    12.4119    8.29729    35.5576    1.00000    1.00000
     1.00000   -14.8132   -24.5371   -1.07304    1.00000    1.00000
     1.00000   -14.0354    18.5983    21.5100    1.00000    1.00000
     1.00000   -2.68687   -8.53511   -26.4671    1.00000    1.00000
     1.00000   -16.7755   -12.8346    40.6263    1.00000    1.00000
     1.00000   -23.7658   -29.5302   -21.9396    1.00000    1.00000
     1.00000    1.48386    14.4693    8.36140    1.00000    1.00000
     1.00000    28.8951   -3.45757   -27.7731    1.00000    1.00000
     1.00000    21.7021    23.5620    42.9217    1.00000    1.00000
     1.00000   -9.26547   -7.40816   -14.3631    1.00000    1.00000
     1.00000    11.6984    27.5373    20.0586    1.00000    1.00000
     1.00000   -3.48981  -10.18356   -44.0530    1.00000    1.00000
     1.00000  -0.890320  -0.498924    22.3329    1.00000    1.00000
     1.00000   -25.5639   -32.8205   -31.0664    1.00000    1.00000
     1.00000    5.46417E-02    19.0681   -3.11510    1.00000    1.00000
     1.00000    20.7451   -2.11591   -19.9479    1.00000    1.00000
     1.00000    2.88345    5.77975    25.5250    1.00000    1.00000
     1.00000   -19.8764   -16.6959   -4.45975    1.00000    1.00000
     1.00000   -8.42569    24.9742    31.1339    1.00000    1.00000
     1.00000    4.79207   0.495712   -27.4235    1.00000    1.00000
     1.00000   -15.1693   -2.23014    31.3986    1.00000    1.00000
     1.00000   -27.8092   -25.8918   -12.9370    1.00000    1.00000
     1.00000   -9.19507   0.144943    5.73900    1.00000    1.00000
     1.00000    34.1822   -7.49086   -24.9472    1.00000    1.00000
     1.00000    31.0024    32.9193    24.9885    1.00000    1.00000
     1.00000   -15.3522   -22.9976   -14.4198    1.00000    1.00000
     1.00000    7.36835    26.9476    15.9128    1.00000    1.00000
     1.00000    6.23067   -1.25266   -35.8187    1.00000    1.00000
     1.00000    6.35504  -0.940315    23.8429    1.00000    1.00000
     1.00000   -15.0480   -31.2704   -31.0620    1.00000    1.00000
     1.00000   -5.49017    4.06767   -14.0593    1.00000    1.00000
     1.00000    37.3688    11.1336   -11.5556    1.00000    1.00000
     1.00000    6.72339    23.8292    27.3088    1.00000    1.00000
     1.00000   -16.4351   -17.6812   -2.71745    1.00000    1.00000
     1.00000   -7.61197    16.6360    25.5084    1.00000    1.00000
     1.00000    5.08881E-02   -3.22910   -30.7608    1.00000    1.00000
     1.00000   -33.0334   -3.44280    40.0556    1.00000    1.00000
     1.00000   -29.6665   -31.4719   -13.4421    1.00000    1.00000
     1.00000   -5.23604    15.2306    18.6293    1.00000    1.00000
     1.00000    20.9226   -8.37805   -26.0483    1.00000    1.00000
     1.00000    22.1261    26.5165    42.0811    1.00000    1.00000
     1.00000   -10.8446   -6.78250   -21.8442    1.00000    1.00000
     1.00000    5.58356    29.1537    31.3457    1.00000    1.00000
     1.00000  -0.694656   -3.27990   -34.1941    1.00000    1.00000
     1.00000   -14.2857   -1.96894    24.2327    1.00000    1.00000
     1.00000   -27.0750   -37.5014   -24.7910    1.00000    1.00000
     1.00000   -4.37033    11.2225   -4.42410    1.00000    1.00000
     1.00000    18.8589   -1.48043   -20.1435    1.00000    1.00000
     1.00000    3.55623    3.84307    28.8588    1.00000    1.00000
     1.00000   -19.4535   -16.6737   -10.9982    1.00000    1.00000
     1.00000   -6.46790    26.7250    34.5677    1.00000    1.00000
     1.00000    16.3955    3.55078   -19.3171    1.00000    1.00000
     1.00000   -21.6223   -3.44105    29.7652    1.00000    1.00000
     1.00000   -23.7820   -22.5293   -15.2934    1.00000    1.00000
     1.00000   -3.00917    8.76928    7.21629    1.00000    1.00000
     1.00000    36.9997   -3.24904   -31.6263    1.00000    1.00000
     1.00000    18.6711    23.8112    32.1047    1.00000    1.00000
     1.00000   -11.4715   -11.3822   -16.6352    1.00000    1.00000
     1.00000    13.8694    19.2684    8.09303    1.00000    1.00000
     1.00000    13.5488  -10.02515   -37.5991    1.00000    1.00000
     1.00000    7.98582   -3.83181    27.4627    1.00000    1.00000
     1.00000   -14.0115   -30.2973   -26.7955    1.00000    1.00000
     1.00000   -4.06741    7.75109   -7.47337    1.00000    1.00000
     1.00000    25.1665    6.43793   -15.7257    1.00000    1.00000
     1.00000    8.12343    13.4446    32.4924    1.00000    1.00000
     1.00000   -9.94887   -20.0905   -6.61572    1.00000    1.00000
     1.00000   -5.36292    16.7867    22.2146    1.00000    1.00000
     1.00000   -1.39166   -2.17970   -20.6707    1.00000    1.00000
     1.00000   -20.8732   -10.8292    41.8027    1.00000    1.00000
     1.00000   -22.9221   -37.6262   -18.8778    1.00000    1.00000
     1.00000  -0.716919    10.6685    12.2706    1.00000    1.00000
     1.00000    31.1387   -1.60685   -30.5817    1.00000    1.00000
     1.00000    21.8909    18.6170    34.8819    1.00000    1.00000
     1.00000   -4.90182   -8.19270   -22.7532    1.00000    1.00000
     1.00000    9.59065    29.6774    30.6939    1.00000    1.00000
     1.00000    1.91962   -5.27238   -39.7669    1.00000    1.00000
     1.00000   -2.09644    7.03300    23.5635    1.00000    1.00000
     1.00000   -22.2442   -32.8179   -33.3594    1.00000    1.00000
     1.00000    3.26711    15.1871   -5.75931    1.00000    1.00000
     1.00000    23.8815  -0.391922   -21.8449    1.00000    1.00000
     1.00000   10.50610    6.99928    30.9468    1.00000    1.00000
     1.00000   -19.1803  -10.09763   -6.13385    1.00000    1.00000
     1.00000   -9.98825    31.5285    31.0644    1.00000    1.00000
     1.00000   10.06046    2.17860   -23.3520    1.00000    1.00000
     1.00000   -21.3453    1.32720    29.2255    1.00000    1.00000
     1.00000   -29.6873   -23.3659   -15.5329    1.00000    1.00000
     1.00000   -6.04584    5.96378    1.06248    1.00000    1.00000
     1.00000    31.4762  -10.11990   -18.9584    1.00000    1.00000
     1.00000    31.4372    25.2259    26.4227    1.00000    1.00000
     1.00000   -20.7529   -21.3462   -11.0074    1.00000    1.00000
     1.00000    9.19809    22.3279    9.91855    1.00000    1.00000
     1.00000    6.45679  -10.47977   -41.4129    1.00000    1.00000
     1.00000    3.00214   -1.87589    34.4911    1.00000    1.00000
     1.00000   -13.3194   -28.2036   -27.3671    1.00000    1.00000
     1.00000    1.12949    4.04626   -16.8867    1.00000    1.00000
     1.00000    31.2880    12.6519   -15.8265    1.00000    1.00000
     1.00000    12.5281    23.2862    28.1077    1.00000    1.00000
     1.00000   -15.6028   -15.0750   0.169464    1.00000    1.00000
     1.00000   -6.24921    19.5806    29.6333    1.00000    1.00000
     1.00000    3.72844   -1.59935   -31.6166    1.00000    1.00000
     1.00000   -29.4934   -4.97828    37.9588    1.00000    1.00000
     1.00000   -25.4958   -29.6795   -15.6518    1.00000    1.00000
     1.00000  -0.987045    13.0369    15.4210    1.00000    1.00000
     1.00000    22.2618   -11.7339   -22.0765    1.00000    1.00000
     1.00000    27.3412    25.8077    37.4207    1.00000    1.00000
     1.00000   -9.78206  -10.09014   -27.0593    1.00000    1.00000
     1.00000    9.34398    24.5060    36.6594    1.00000    1.00000
     1.00000   -2.97157   -2.68945   -32.5968    1.00000    1.00000
     1.00000   -11.5247  -0.862953    21.2032    1.00000    1.00000
     1.00000   -24.0602   -34.0031   -27.0432    1.00000    1.00000
     1.00000    3.54178   10.04735   -3.23482    1.00000    1.00000
     1.00000    15.4148    7.45174   -27.9525    1.00000    1.00000
     1.00000    6.82339    2.98054    35.8264    1.00000    1.00000
     1.00000   -26.2024   -19.0647   -8.62141    1.00000    1.00000
     1.00000   0.847565    28.7775    36.0603    1.00000    1.00000
     1.00000    19.4950    5.24188   -18.0701    1.00000    1.00000
     1.00000   -24.2052   -5.15054    32.9129    1.00000    1.00000
     1.00000   -20.6690   -26.6715   -9.56081    1.00000    1.00000
     1.00000   -3.05496    11.7131    5.63681    1.00000    1.00000
     1.00000    31.7809   0.941628   -22.7120    1.00000    1.00000
     1.00000    20.6931    20.1993    27.3338    1.00000    1.00000
     1.00000   -5.90979   -17.4918   -14.8839    1.00000    1.00000
     1.00000    10.8760    16.5979    5.41991    1.00000    1.00000
     1.00000    21.7060   -8.61288   -37.6435    1.00000    1.00000
     1.00000    8.23746   -2.34205    36.6507    1.00000    1.00000
     1.00000   -9.10010   -32.1360   -30.8684    1.00000    1.00000
     1.00000   -1.02283    8.34440   -8.69901    1.00000    1.00000
     1.00000    32.3919    1.85619   -21.0415    1.00000    1.00000
     1.00000    13.2670    11.4882    30.9897    1.00000    1.00000
     1.00000   -11.9093   -19.7237   0.419205    1.00000    1.00000
     1.00000   -13.3950    22.9208    24.2611    1.00000    1.00000
     1.00000   -7.22383   -3.88063   -23.6280    1.00000    1.00000
     1.00000   -18.5824  -10.33387    37.8712    1.00000    1.00000
     1.00000   -22.5340   -30.9142   -19.7741    1.00000    1.00000
     1.00000    3.66965    14.4548    6.22250    1.00000    1.00000
     1.00000    25.9282   -4.25549   -26.9063    1.00000    1.00000
     1.00000    25.3918    21.8120    36.4736    1.00000    1.00000
     1.00000   -3.84203   -7.32073   -18.5622    1.00000    1.00000
     1.00000    13.1781    29.5227    25.7983    1.00000    1.00000
     1.00000   -1.41013   -7.45723   -43.8179    1.00000    1.00000
     1.00000   -3.23038    1.75282    23.9894    1.00000    1.00000
     1.00000   -22.2101   -34.0894   -31.8160    1.00000    1.00000
     1.00000    5.21609    19.3418   -6.65910    1.00000    1.00000
     1.00000    22.5231   -3.84328   -15.6342    1.00000    1.00000
     1.00000    1.64905    8.12788    28.4884    1.00000    1.00000
     1.00000   -16.7289   -16.0718   -8.11836    1.00000    1.00000
     1.00000   -11.6875    28.1185    30.8497    1.00000    1.00000
     1.00000    4.77327    1.69806   -24.6398    1.00000    1.00000
     1.00000   -15.5173   0.870750    29.5520    1.00000    1.00000
     1.00000   -23.9790   -24.8249   -16.4051    1.00000    1.00000
     1.00000   -11.5189    3.40964    8.73763    1.00000    1.00000
     1.00000    32.5029   -8.71272   -26.5779    1.00000    1.00000
     1.00000    29.7022    28.3948    24.7070    1.00000    1.00000
     1.00000   -11.0838   -16.3165   -17.7611    1.00000    1.00000
     1.00000    4.69215    25.6738    15.5525    1.00000    1.00000
     1.00000    4.78506   -2.66757   -39.2684    1.00000    1.00000
     1.00000    4.26831   -1.53982    27.1311    1.00000    1.00000
     1.00000   -13.7272   -31.6900   -34.6418    1.00000    1.00000
     1.00000   -6.17310    2.17303   -13.7136    1.00000    1.00000
     1.00000    32.9079    8.55029   -13.8061    1.00000    1.00000
     1.00000    4.68150    22.7867    30.5327    1.00000    1.00000
     1.00000   -20.1113   -20.2718   0.801010    1.00000    1.00000
     1.00000   -8.06409    12.8366    26.8809    1.00000    1.00000
     1.00000   -1.59970   -1.17853   -24.6689    1.00000    1.00000
     1.00000   -37.8550   -6.43719    44.2063    1.00000    1.00000
     1.00000   -28.2774   -30.2452   -16.1989    1.00000    1.00000
     1.00000   -4.11891    15.5618    21.2390    1.00000    1.00000
     1.00000    24.1199   -7.69830   -26.8559    1.00000    1.00000
     1.00000    23.4165    27.7047    39.9813    1.00000    1.00000
     1.00000   -15.7858   -9.26652   -21.0930    1.00000    1.00000
     1.00000    5.21413    24.7051    30.7258    1.00000    1.00000
     1.00000    2.37801   -3.91835   -33.1498    1.00000    1.00000
     1.00000   -16.0064   -1.15960    24.8524    1.00000    1.00000
     1.00000   -24.8959   -35.5158   -28.0499    1.00000    1.00000
     1.00000   -3.91263    10.6458   -9.14272    1.00000    1.00000
     1.00000    19.7007    3.14911   -19.8697    1.00000    1.00000
     1.00000    2.61069    3.50546    35.3083    1.00000    1.00000
     1.00000   -20.8983   -18.7311   -9.26924    1.00000    1.00000
     1.00000   -2.54362    28.4151    33.6997    1.00000    1.00000
     1.00000    12.9459    3.78056   -19.6376    1.00000    1.00000
     1.00000   -22.6811   0.776527    30.6084    1.00000    1.00000
     1.00000   -22.2457   -25.3333   -13.0805    1.00000    1.00000
     1.00000   0.604691    9.84648    7.42738    1.00000    1.00000
     1.00000    34.4388   -2.45045   -27.8583    1.00000    1.00000
     1.00000    17.5629    23.4917    29.3381    1.00000    1.00000
     1.00000   -8.92798   -13.3049   -15.7883    1.00000    1.00000
     1.00000    9.29813    19.0750    6.95941    1.00000    1.00000
     1.00000    10.6170   -11.3881   -40.7744    1.00000    1.00000
     1.00000    9.08521   -1.28840    29.3069    1.00000    1.00000
     1.00000  -10.55153   -26.5280   -23.9940    1.00000    1.00000
     1.00000   -8.06049    6.26068   -8.13474    1.00000    1.00000
     1.00000    26.1131    4.97786   -16.7117    1.00000    1.00000
     1.00000    13.5975    11.4509    28.9879    1.00000    1.00000
     1.00000   -9.72406   -18.9297   -3.17064    1.00000    1.00000
     1.00000   -10.6950    19.5014    26.2688    1.00000    1.00000
     1.00000   -3.24301   -6.27441E-02   -16.9123    1.00000    1.00000
     1.00000   -24.2420   -8.03852    40.1514    1.00000    1.00000
     1.00000   -25.8775   -33.7352   -19.3992    1.00000    1.00000
     1.00000    4.45670    7.82312    10.9506    1.00000    1.00000
     1.00000    29.0871   -1.03904   -27.1317    1.00000    1.00000
     1.00000    18.4307    21.8451    32.9597    1.00000    1.00000
     1.00000   -2.53867   -5.33239   -18.2770    1.00000    1.00000
     1.00000    9.67281    29.3139    27.3950    1.00000    1.00000
     1.00000   -2.21831   -5.91930   -44.8086    1.00000    1.00000
     1.00000   -4.78790    3.92656    20.5483    1.00000    1.00000
     1.00000   -19.3616   -29.8176   -31.3484    1.00000    1.00000
     1.00000   0.633179    10.8971   -4.41611    1.00000    1.00000
     1.00000    21.5871   0.893402   -24.5732    1.00000    1.00000
     1.00000    9.13829    10.7179    32.2212    1.00000    1.00000
     1.00000   -16.7675   -11.2195   -5.73270    1.00000    1.00000
     1.00000   -14.3346    31.2335    29.3054    1.00000    1.00000
     1.00000    11.1241    3.18337   -26.3013    1.00000    1.00000
     1.00000   -22.4867    4.12671    27.1322    1.00000    1.00000
     1.00000   -24.9702   -18.7857   -19.7634    1.00000    1.00000
     1.00000   -9.27679    6.31264    5.91637    1.00000    1.00000
     1.00000    32.6719   -12.0078   -22.7762    1.00000    1.00000
     1.00000    26.3939    18.9556    27.6835    1.00000    1.00000
     1.00000   -14.2436   -21.7226   -13.3495    1.00000    1.00000
     1.00000    9.03082    22.4708    14.3633    1.00000    1.00000
     1.00000    9.29625   -3.81351   -37.4971    1.00000    1.00000
     1.00000   -1.97214   -5.70545    30.5225    1.00000    1.00000
     1.00000   -18.3038   -26.3036   -26.8160    1.00000    1.00000
     1.00000   -1.61571    4.61759   -15.0935    1.00000    1.00000
     1.00000    26.5226    11.1181   -11.9054    1.00000    1.00000
     1.00000    13.0615    16.1319    28.1450    1.00000    1.00000
     1.00000   -18.8294   -13.8562   -2.00011    1.00000    1.00000
     1.00000   -5.75351    22.3060    30.0589    1.00000    1.00000
     1.00000    1.92906  -0.171486   -24.5446    1.00000    1.00000
     1.00000   -27.8908   -7.07552    39.5773    1.00000    1.00000
     1.00000   -23.5949   -34.4560   -17.0130    1.00000    1.00000
     1.00000   0.174164    9.99114    19.7982    1.00000    1.00000
     1.00000    20.5889   -6.88751   -18.2455    1.00000    1.00000
     1.00000    30.4728    27.9473    40.1030    1.00000    1.00000
     1.00000  -10.38141   -8.15101   -23.2272    1.00000    1.00000
     1.00000    5.75632    26.9229    34.2467    1.00000    1.00000
     1.00000   -5.36752    3.20422   -36.1427    1.00000    1.00000
     1.00000   -7.93806   0.130501    20.6991    1.00000    1.00000
     1.00000   -24.7968   -32.4350   -23.2836    1.00000    1.00000
     1.00000  -0.587769    5.69740   -1.31950    1.00000    1.00000
     1.00000    16.9118    9.41716   -24.0450    1.00000    1.00000
     1.00000    8.02151    1.41735    38.4167    1.00000    1.00000
     1.00000   -25.4803   -13.7881   -8.20638    1.00000    1.00000
     1.00000  -0.542053    27.5925    31.9925    1.00000    1.00000
     1.00000    17.0600    2.49951   -16.3344    1.00000    1.00000
     1.00000   -24.6158   -3.45858    36.3745    1.00000    1.00000
     1.00000   -21.4977   -27.7799   -11.0046    1.00000    1.00000
     1.00000   -3.57919    7.59471    3.50352    1.00000    1.00000
     1.00000    39.2168   -1.01808   -28.4523    1.00000    1.00000
     1.00000    19.4352    23.7857    26.9433    1.00000    1.00000
     1.00000   -6.75496   -19.8423   -14.8036    1.00000    1.00000
     1.00000    8.25076    15.3098    1.53773    1.00000    1.00000
     1.00000    19.5168   -12.9210   -39.5038    1.00000    1.00000
     1.00000    6.94922   0.811714    29.8560    1.00000    1.00000
     1.00000   -12.5537   -31.2764   -28.2737    1.00000    1.00000
     1.00000    3.49567    3.90023   -13.3662    1.00000    1.00000
     1.00000    27.8889    2.03520   -19.2137    1.00000    1.00000
     1.00000    15.4833    11.0842    34.5661    1.00000    1.00000
     1.00000   -13.8800   -19.9866   0.636322    1.00000    1.00000
     1.00000   -11.9029    21.9774    22.2236    1.00000    1.00000
     1.00000   -4.33072   -6.36601   -26.1421    1.00000    1.00000
     1.00000   -16.2792  -10.22413    40.9306    1.00000    1.00000
     1.00000   -24.2810   -28.7108   -20.1895    1.00000    1.00000
     1.00000  -0.776337    15.5289    6.21176    1.00000    1.00000
     1.00000    30.0727   -6.95488   -26.9114    1.00000    1.00000
     1.00000    21.4790    22.9948    40.1575    1.00000    1.00000
     1.00000  -10.55872   -6.87520   -15.7926    1.00000    1.00000
     1.00000    9.04726    27.5686    16.8048    1.00000    1.00000
     1.00000   -6.42735   -13.0900   -45.5459    1.00000    1.00000
     1.00000    3.32492   -2.20301    24.7389    1.00000    1.00000
     1.00000   -25.9567   -35.3447   -33.9803    1.00000    1.00000
     1.00000    1.98404    17.0041   -7.62057    1.00000    1.00000
     1.00000    23.3200   -2.14561   -17.5858    1.00000    1.00000
     1.00000    5.67471    6.36670    28.3869    1.00000    1.00000
     1.00000   -17.3822   -15.9197   -5.06766    1.00000    1.00000
     1.00000   -7.58899    23.0141    31.7635    1.00000    1.00000
     1.00000   0.959213   0.544518   -27.7180    1.00000    1.00000
     1.00000   -16.5532   -4.83080    32.6831    1.00000    1.00000
     1.00000   -29.2781   -24.0726   -17.3586    1.00000    1.00000
     1.00000   -12.2110    1.04655    5.63440    1.00000    1.00000
     1.00000    34.9022   -10.6074   -26.6670    1.00000    1.00000
     1.00000    33.3793    31.2847    22.9403    1.00000    1.00000
     1.00000   -15.5267   -21.3023   -15.4665    1.00000    1.00000
     1.00000   10.52432    26.3811    13.1977    1.00000    1.00000
     1.00000    7.53984  -0.436798   -33.1391    1.00000    1.00000
     1.00000    4.58777  -0.439629    21.2097    1.00000    1.00000
     1.00000   -15.7376   -31.1849   -34.8227    1.00000    1.00000
     1.00000   -6.74646    3.14148   -16.3402    1.00000    1.00000
     1.00000    39.3341    7.93340   -12.6237    1.00000    1.00000
     1.00000    8.55089    22.0488    29.8919    1.00000    1.00000
     1.00000   -18.2046   -16.8087   -3.04521    1.00000    1.00000
     1.00000   -5.45914    19.0738    24.3593    1.00000    1.00000
     1.00000  -0.269470   -1.28316   -27.3110    1.00000    1.00000
     1.00000   -36.4625   -4.05125    40.0488    1.00000    1.00000
     1.00000   -31.7881   -35.1427   -15.7442    1.00000    1.00000
     1.00000   -3.72870    13.9371    18.3950    1.00000    1.00000
     1.00000    17.5060   -9.92622   -25.0467    1.00000    1.00000
     1.00000    20.9760    29.6385    37.6415    1.00000    1.00000
     1.00000   -11.2812   -7.94783   -17.3940    1.00000    1.00000
     1.00000    9.22844    30.6512    32.4949    1.00000    1.00000
     1.00000   -1.51443   -6.59831   -34.6542    1.00000    1.00000
     1.00000   -11.3690   -2.05123    22.8044    1.00000    1.00000
     1.00000   -29.3759   -39.0118   -26.7850    1.00000    1.00000
     1.00000   -2.32544    12.1764   -7.87287    1.00000    1.00000
     1.00000    19.7547    1.26965   -19.1880    1.00000    1.00000
     1.00000    5.14230    3.59267    31.5891    1.00000    1.00000
     1.00000   -19.6566   -14.1309   -8.11472    1.00000    1.00000
     1.00000   -7.79010    26.5170    33.0816    1.00000    1.00000
     1.00000    17.5590    4.94012   -18.4708    1.00000    1.00000
     1.00000   -21.9112   -1.03059    30.2322    1.00000    1.00000
     1.00000   -25.8902   -23.8123   -11.8159    1.00000    1.00000
     1.00000   -2.04527    6.96343    6.76808    1.00000    1.00000
     1.00000    35.0220   -5.61127   -29.9966    1.00000    1.00000
     1.00000    19.6044    22.1979    31.3793    1.00000    1.00000
     1.00000   -8.67665   -11.4655   -16.5321    1.00000    1.00000
     1.00000    11.0215    21.6253    7.98718    1.00000    1.00000
     1.00000    15.4649   -13.6412   -38.5494    1.00000    1.00000
     1.00000    7.42670   -2.85259    25.8109    1.00000    1.00000
     1.00000   -10.7547   -28.7858   -25.3382    1.00000    1.00000
     1.00000   -2.99103    8.62811   -8.91290    1.00000    1.00000
     1.00000    26.5976    9.24089   -12.5914    1.00000    1.00000
     1.00000    12.2908    16.3043    29.9825    1.00000    1.00000
     1.00000   -9.60117   -19.6036   -8.52414    1.00000    1.00000
     1.00000   -4.87369    16.8667    24.1522    1.00000    1.00000
     1.00000   -3.30482   0.273354   -20.5086    1.00000    1.00000
     1.00000   -22.0316   -10.8580    38.3768    1.00000    1.00000
     1.00000   -24.3849   -36.2780   -18.6718    1.00000    1.00000
     1.00000  -0.677490    12.8058   10.53496    1.00000    1.00000
     1.00000    30.5290  -0.276855   -33.4913    1.00000    1.00000
     1.00000    19.2616    17.6627    33.7233    1.00000    1.00000
     1.00000   -3.33334   -6.51334   -22.6547    1.00000    1.00000
     1.00000    9.34673    30.6688    28.8296    1.00000    1.00000
     1.00000   0.491379   -4.64502   -38.5153    1.00000    1.00000
     1.00000   -3.21318    5.88473    22.1001    1.00000    1.00000
     1.00000   -21.5433   -29.1475   -32.1786    1.00000    1.00000
     1.00000    3.56992    11.9144   -7.11960    1.00000    1.00000
     1.00000    22.7760   -3.73962   -20.4959    1.00000    1.00000
     1.00000    7.78505    7.13586    29.8564    1.00000    1.00000
     1.00000   -21.4398   -7.67829   -4.14772    1.00000    1.00000
     1.00000   -11.6199    32.6725    31.2346    1.00000    1.00000
     1.00000    7.46164    3.27962   -27.9597    1.00000    1.00000
     1.00000   -19.7563    2.39536    28.5110    1.00000    1.00000
     1.00000   -29.2184   -22.7879   -19.6581    1.00000    1.00000
     1.00000   -5.47141    7.65751    2.42528    1.00000    1.00000
     1.00000    34.3313   -12.5963   -19.9628    1.00000    1.00000
     1.00000    28.9077    23.5165    28.6985    1.00000    1.00000
     1.00000   -20.9428   -19.3616   -11.1667    1.00000    1.00000
     1.00000   10.21965    19.7441    11.0613    1.00000    1.00000
     1.00000    9.27281   -9.78987   -39.5048    1.00000    1.00000
     1.00000    3.89359   -3.44634    32.3155    1.00000    1.00000
     1.00000   -15.7591   -26.7762   -26.1792    1.00000    1.00000
     1.00000   -1.21460E-02    5.41686   -15.9822    1.00000    1.00000
     1.00000    34.2612    9.43135   -16.2076    1.00000    1.00000
     1.00000    11.7327    20.4935    28.3934    1.00000    1.00000
     1.00000   -14.2364   -13.9989    1.15683    1.00000    1.00000
     1.00000   -5.95840    17.7372    30.3527    1.00000    1.00000
     1.00000    2.37106   -1.71758   -30.1525    1.00000    1.00000
     1.00000   -27.4940   -5.02558    37.9714    1.00000    1.00000
     1.00000   -25.2849   -31.0278   -14.0458    1.00000    1.00000
     1.00000   -1.57233    13.2439    17.3222    1.00000    1.00000
     1.00000    22.8275   -9.52438   -24.4868    1.00000    1.00000
     1.00000    26.2067    24.6521    38.5943    1.00000    1.00000
     1.00000   -9.28754   -11.9920   -26.6874    1.00000    1.00000
     1.00000    6.76854    27.5198    36.1783    1.00000    1.00000
     1.00000   -1.91328   -1.87685   -34.9332    1.00000    1.00000
     1.00000   -8.90564    2.39155    19.4622    1.00000    1.00000
     1.00000   -21.2703   -31.5484   -25.8682    1.00000    1.00000
     1.00000   0.750000    8.72251   -1.82176    1.00000    1.00000
     1.00000    16.7697    7.67250   -25.0125    1.00000    1.00000
     1.00000    9.34113    3.71415    32.7538    1.00000    1.00000
     1.00000   -22.7218   -18.9881   -7.58113    1.00000    1.00000
     1.00000    2.19377    30.4670    32.8970    1.00000    1.00000
     1.00000    19.5986    3.22052   -17.4189    1.00000    1.00000
     1.00000   -25.6229   -8.33439    31.1925    1.00000    1.00000
     1.00000   -23.0492   -26.7686   -7.49498    1.00000    1.00000
     1.00000   -4.71519    9.23799    6.28368    1.00000    1.00000
     1.00000    32.9658    1.15696   -24.3088    1.00000    1.00000
     1.00000    24.4918    21.7173    26.8949    1.00000    1.00000
     1.00000   -8.27415   -17.9472   -19.1166    1.00000    1.00000
     1.00000    11.5296    15.7732    7.28258    1.00000    1.00000
     1.00000    22.7509   -9.50764   -39.9980    1.00000    1.00000
     1.00000    6.85580   -2.08102    35.2284    1.00000    1.00000
     1.00000   -8.79427   -30.5978   -25.9484    1.00000    1.00000
     1.00000  -0.232224    4.45570  -10.41034    1.00000    1.00000
     1.00000    33.4551  -0.663635   -21.4380    1.00000    1.00000
     1.00000    14.9271    12.2473    31.8070    1.00000    1.00000
     1.00000   -8.89041   -17.4121   -7.19147E-02    1.00000    1.00000
     1.00000   -10.7930    21.3321    25.4694    1.00000    1.00000
     1.00000   -3.71542   -4.57250   -22.9504    1.00000    1.00000
     1.00000   -21.0822   -12.1727    37.2063    1.00000    1.00000
     1.00000   -24.4498   -33.3005   -20.7307    1.00000    1.00000
     1.00000    2.49272    17.6430    7.61078    1.00000    1.00000
     1.00000    26.2540   -4.73753   -24.9928    1.00000    1.00000
     1.00000    24.4139    21.3340    38.1515    1.00000    1.00000
     1.00000   -6.35936   -8.23744   -16.7248    1.00000    1.00000
     1.00000    13.2336    27.1910    23.3302    1.00000    1.00000
     1.00000   -3.44803   -9.91693   -42.0367    1.00000    1.00000
     1.00000   -3.12708    2.34128    21.9808    1.00000    1.00000
     1.00000   -23.0636   -36.6117   -33.2095    1.00000    1.00000
     1.00000    4.38364    17.5409   -6.91219    1.00000    1.00000
     1.00000    21.6157   -3.14462   -17.2739    1.00000    1.00000
     1.00000    3.11047    9.22115    30.3493    1.00000    1.00000
     1.00000   -18.0699   -16.4527   -9.55248    1.00000    1.00000
     1.00000  -10.01669    27.0292    30.7022    1.00000    1.00000
     1.00000    4.88582    4.43143   -25.7965    1.00000    1.00000
     1.00000   -17.0165   0.567513    27.4862    1.00000    1.00000
     1.00000   -25.2551   -25.3024   -14.9410    1.00000    1.00000
     1.00000   -13.5258    2.39890    6.29958    1.00000    1.00000
     1.00000    31.0117   -5.91544   -25.4838    1.00000    1.00000
     1.00000    30.3309    30.2300    24.2205    1.00000    1.00000
     1.00000   -12.2794   -19.5382   -15.9433    1.00000    1.00000
     1.00000    7.85950    25.8363    19.6211    1.00000    1.00000
     1.00000    6.54445   -3.03584   -36.6683    1.00000    1.00000
     1.00000    2.85110   0.637444    25.7692    1.00000    1.00000
     1.00000  -10.31126   -31.7535   -34.9704    1.00000    1.00000
     1.00000   -2.65570    3.70377   -13.2290    1.00000    1.00000
     1.00000    36.2313    8.98579   -12.9510    1.00000    1.00000
     1.00000    3.13884    23.8610    32.5244    1.00000    1.00000
     1.00000   -16.3296   -21.5805   -1.56738    1.00000    1.00000
     1.00000   -8.45834    10.7148    28.0912    1.00000    1.00000
     1.00000   -4.54376   -1.44577   -24.6817    1.00000    1.00000
     1.00000   -37.1710   -5.81445    40.6727    1.00000    1.00000
     1.00000   -26.5369   -32.4766   -13.4684    1.00000    1.00000
     1.00000   -6.50674    14.1314    19.7987    1.00000    1.00000
     1.00000    24.2046   -8.13591   -24.9062    1.00000    1.00000
     1.00000    23.8515    25.4386    36.8001    1.00000    1.00000
     1.00000   -15.2737   -8.13046   -19.0800    1.00000    1.00000
     1.00000    6.23505    27.1735    30.2580    1.00000    1.00000
     1.00000   0.950012   -5.86163   -33.6000    1.00000    1.00000
     1.00000   -16.3462    1.86668    24.1787    1.00000    1.00000
     1.00000   -26.8447   -35.7925   -28.4040    1.00000    1.00000
     1.00000   -3.29823    11.3400   -12.2445    1.00000    1.00000
     1.00000    18.7974    7.75457   -21.6163    1.00000    1.00000
     1.00000    5.19373    5.46062    33.6018    1.00000    1.00000
     1.00000   -21.4299   -20.8447   -6.43399    1.00000    1.00000
     1.00000   -5.19687    27.5226    36.0873    1.00000    1.00000
     1.00000    11.2585    1.29137   -22.0188    1.00000    1.00000
     1.00000   -25.9391   0.776878    32.3563    1.00000    1.00000
     1.00000   -21.4387   -22.7878   -14.1884    1.00000    1.00000
     1.00000   0.145416    7.53799    7.98135    1.00000    1.00000
     1.00000    31.9371  -0.821701   -27.5464    1.00000    1.00000
     1.00000    14.8864    21.6052    28.3384    1.00000    1.00000
     1.00000   -9.30103   -15.9085   -16.9517    1.00000    1.00000
     1.00000    8.68747    20.4632    4.10945    1.00000    1.00000
     1.00000    11.0180   -11.6870   -38.8380    1.00000    1.00000
     1.00000    7.63271   0.857841    27.0724    1.00000    1.00000
     1.00000   -8.02098   -26.9634   -26.5703    1.00000    1.00000
     1.00000   -6.28555    5.11019   -10.6802    1.00000    1.00000
     1.00000    24.4516   0.677681   -18.8819    1.00000    1.00000
     1.00000    10.9799    12.8288    29.8320    1.00000    1.00000
     1.00000   -10.8654   -20.4989   -2.68577    1.00000    1.00000
     1.00000   -9.47388    16.8913    23.8200    1.00000    1.00000
     1.00000   -1.41736  -0.601868   -17.5257    1.00000    1.00000
     1.00000   -23.3726   -7.35630    37.7239    1.00000    1.00000
     1.00000   -27.5951   -37.2174   -19.0669    1.00000    1.00000
     1.00000    9.86938E-02    9.10318    11.3300    1.00000    1.00000
     1.00000    29.0862    1.82114E-02   -30.9042    1.00000    1.00000
     1.00000    19.4010    20.2900    32.1597    1.00000    1.00000
     1.00000   -3.54123   -5.88158   -19.9181    1.00000    1.00000
     1.00000    11.6457    26.6550    28.9847    1.00000    1.00000
     1.00000  -0.221497   -6.17207   -39.5923    1.00000    1.00000
     1.00000   -4.68799    5.66387    19.5625    1.00000    1.00000
     1.00000   -19.2061   -31.2296   -32.7562    1.00000    1.00000
     1.00000    2.52061    11.5190   -4.19047    1.00000    1.00000
     1.00000    22.5073   -1.06330   -23.1337    1.00000    1.00000
     1.00000    7.66702    8.54169    31.2740    1.00000    1.00000
     1.00000   -16.3561   -12.4320   -7.26907    1.00000    1.00000
     1.00000   -14.5604    34.9470    30.6243    1.00000    1.00000
     1.00000    14.6844    3.47105   -25.6541    1.00000    1.00000
     1.00000   -21.8348    6.03606    24.4760    1.00000    1.00000
     1.00000   -27.9408   -21.4902   -17.9114    1.00000    1.00000
     1.00000  -10.08340    4.49451    6.12564    1.00000    1.00000
     1.00000    33.1962  -10.29630   -23.6683    1.00000    1.00000
     1.00000    27.3450    20.6937    27.4114    1.00000    1.00000
     1.00000   -18.3999   -19.0224   -13.7385    1.00000    1.00000
     1.00000   10.56998    24.6577   10.47624    1.00000    1.00000
     1.00000    9.64893   -8.01145   -38.6707    1.00000    1.00000
     1.00000    1.75694   -4.87632    29.7154    1.00000    1.00000
     1.00000   -17.7402   -28.6198   -29.8903    1.00000    1.00000
     1.00000   -1.52782    2.69800   -14.5390    1.00000    1.00000
     1.00000    28.1604    13.5646   -14.1243    1.00000    1.00000
     1.00000    9.97206    17.2227    27.7418    1.00000    1.00000
     1.00000   -20.4181   -12.8427   -1.30276    1.00000    1.00000
     1.00000   -7.34566    25.6909    29.6107    1.00000    1.00000
     1.00000    1.72801   -1.32719   -26.1645    1.00000    1.00000
     1.00000   -31.1585   -6.83439    38.0905    1.00000    1.00000
     1.00000   -22.2364   -30.6346   -16.2603    1.00000    1.00000
     1.00000   0.402802    11.9773    19.7451    1.00000    1.00000
     1.00000    19.9275   -8.73515   -20.9004    1.00000    1.00000
     1.00000    27.7620    27.5909    41.6822    1.00000    1.00000
     1.00000   -10.8783   -9.98705   -23.9246    1.00000    1.00000
     1.00000    4.80283    27.6662    35.8400    1.00000    1.00000
     1.00000   -6.42870   0.721420   -33.6259    1.00000    1.00000
     1.00000   -5.31393   0.155434    19.5864    1.00000    1.00000
     1.00000   -22.9763   -34.0021   -24.7353    1.00000    1.00000
     1.00000   -2.69810   10.29173   -3.84330    1.00000    1.00000
     1.00000    18.6950    11.8673   -21.6310    1.00000    1.00000
     1.00000    9.87996    1.75611    39.8382    1.00000    1.00000
     1.00000   -24.1852   -17.3705   -10.6183    1.00000    1.00000
     1.00000  -0.446213    26.3434    33.5515    1.00000    1.00000
     1.00000    18.9361    5.82126   -16.2393    1.00000    1.00000
     1.00000   -21.9622   -2.89509    33.4469    1.00000    1.00000
     1.00000   -22.6851   -30.1219   -13.3538    1.00000    1.00000
     1.00000   -2.03839    7.53622   -6.08063E-02    1.00000    1.00000
     1.00000    36.0331  -0.672821   -25.1429    1.00000    1.00000
     1.00000    20.6809    27.2780    26.9511    1.00000    1.00000
     1.00000   -4.08339   -18.9501   -14.8552    1.00000    1.00000
     1.00000   10.31793    14.1658    2.49501    1.00000    1.00000
     1.00000    21.9628   -12.4371   -38.2787    1.00000    1.00000
     1.00000    8.22275   0.750221    33.1112    1.00000    1.00000
     1.00000   -12.8225   -31.8462   -30.6344    1.00000    1.00000
     1.00000   0.410370    3.54897   -12.0731    1.00000    1.00000
     1.00000    29.8448    1.87179   -18.8295    1.00000    1.00000
     1.00000    12.3834   10.19719    34.9334    1.00000    1.00000
     1.00000   -14.4671   -22.6428  -0.532669    1.00000    1.00000
     1.00000   -13.2254    18.7717    23.3304    1.00000    1.00000
     1.00000   -3.62918   -7.32506   -27.7508    1.00000    1.00000
     1.00000   -18.0621   -12.2338    39.2178    1.00000    1.00000
     1.00000   -21.9368   -30.0665   -22.5455    1.00000    1.00000
     1.00000  -0.176270    13.6906    7.56291    1.00000    1.00000
     1.00000    27.4476   -2.17762   -27.2567    1.00000    1.00000
     1.00000    20.4220    24.0701    41.4715    1.00000    1.00000
     1.00000   -7.94231   -7.37112   -15.8623    1.00000    1.00000
     1.00000    11.2611    26.5622    18.3681    1.00000    1.00000
     1.00000   -4.25081   -12.0316   -43.9773    1.00000    1.00000
     1.00000   0.645370   -3.44086E-03    23.5145    1.00000    1.00000
     1.00000   -25.8873   -33.7120   -32.8273    1.00000    1.00000
     1.00000    1.33270    18.0507   -4.26893    1.00000    1.00000
     1.00000    22.1315   -1.16719   -18.8626    1.00000    1.00000
     1.00000    2.15720    7.07194    26.8677    1.00000    1.00000
     1.00000   -18.7619   -16.9311   -6.10368    1.00000    1.00000
     1.00000  -10.01526    24.3948    30.0673    1.00000    1.00000
     1.00000    3.61520    1.62792   -26.2689    1.00000    1.00000
     1.00000   -16.1136  -0.507622    31.0229    1.00000    1.00000
     1.00000   -27.8920   -24.6159   -14.4749    1.00000    1.00000
     1.00000   -9.07108    1.88224    4.75592    1.00000    1.00000
     1.00000    34.3543   -6.39152   -26.6090    1.00000    1.00000
     1.00000    31.5002    31.6826    23.4975    1.00000    1.00000
     1.00000   -16.8530   -24.3150   -14.3112    1.00000    1.00000
     1.00000    8.34128    26.1707    14.3476    1.00000    1.00000
     1.00000    7.99144   -1.32539   -34.8731    1.00000    1.00000
     1.00000    5.06412   -1.39187    25.3022    1.00000    1.00000
     1.00000   -14.8183   -31.1755   -33.0465    1.00000    1.00000
     1.00000   -7.37790    3.56741   -14.4909    1.00000    1.00000
     1.00000    37.8109    9.19196   -11.7417    1.00000    1.00000
     1.00000    5.65463    22.4918    28.3428    1.00000    1.00000
     1.00000   -14.6590   -16.7617   -2.70245    1.00000    1.00000
     1.00000   -6.27838    16.2814    26.9561    1.00000    1.00000
     1.00000  -0.456177   -1.63649   -29.6624    1.00000    1.00000
     1.00000   -32.1101   -3.43661    38.2814    1.00000    1.00000
     1.00000   -31.0864   -32.7660   -13.9982    1.00000    1.00000
     1.00000   -4.15938    16.6393    19.5546    1.00000    1.00000
     1.00000    20.5777   -9.99277   -27.1769    1.00000    1.00000
     1.00000    21.7181    28.1981    41.0782    1.00000    1.00000
     1.00000   -12.3719   -6.88006   -20.5567    1.00000    1.00000
     1.00000    6.70392    27.7331    32.1982    1.00000    1.00000
     1.00000   0.128250   -4.74583   -35.2775    1.00000    1.00000
     1.00000   -13.9603  -0.384407    23.0565    1.00000    1.00000
     1.00000   -27.4362   -35.7324   -25.6512    1.00000    1.00000
     1.00000   -4.39252    11.3400   -6.42052    1.00000    1.00000
     1.00000    17.2017  -0.567314   -19.4954    1.00000    1.00000
     1.00000    5.36803    3.44648    29.6072    1.00000    1.00000
     1.00000   -20.4417   -16.7839   -9.26283    1.00000    1.00000
     1.00000   -5.04567    27.0377    33.1967    1.00000    1.00000
     1.00000    14.6911    2.97556   -20.1911    1.00000    1.00000
     1.00000   -21.1398   -1.88953    28.5990    1.00000    1.00000
     1.00000   -24.8433   -21.6902   -13.8205    1.00000    1.00000
     1.00000   -3.13190    7.18618    8.43231    1.00000    1.00000
     1.00000    36.2554   -4.03766   -29.9457    1.00000    1.00000
     1.00000    19.3309    23.8112    30.2167    1.00000    1.00000
     1.00000  -10.01543   -11.2027   -17.9945    1.00000    1.00000
     1.00000    13.9794    21.2549    7.88882    1.00000    1.00000
     1.00000    14.8649   -11.2208   -38.5147    1.00000    1.00000
     1.00000    9.98053   -3.81347    27.3184    1.00000    1.00000
     1.00000   -12.2994   -29.9624   -25.8174    1.00000    1.00000
     1.00000   -5.12537    6.54222   -8.66474    1.00000    1.00000
     1.00000    25.1848    8.22087   -14.8198    1.00000    1.00000
     1.00000    9.91306    14.0346    31.8222    1.00000    1.00000
     1.00000   -10.6165   -19.7499   -4.76149    1.00000    1.00000
     1.00000   -6.68381    16.4718    20.7462    1.00000    1.00000
     1.00000   -1.43130   -2.91417   -22.5305    1.00000    1.00000
     1.00000   -22.0251   -11.4458    40.2885    1.00000    1.00000
     1.00000   -22.0120   -35.8953   -19.2969    1.00000    1.00000
     1.00000  -0.364563    10.8434   10.30965    1.00000    1.00000
     1.00000    30.0782   -2.30016   -29.0343    1.00000    1.00000
     1.00000    23.7990    19.2162    34.8844    1.00000    1.00000
     1.00000   -4.18701   -7.38401   -21.0694    1.00000    1.00000
     1.00000    11.1479    30.1635    29.5369    1.00000    1.00000
     1.00000    3.23639   -3.77179   -39.8867    1.00000    1.00000
     1.00000   -2.02289    5.03677    23.4655    1.00000    1.00000
     1.00000   -22.4405   -33.2445   -35.3035    1.00000    1.00000
     1.00000    5.25568    15.1728   -5.54623    1.00000    1.00000
     1.00000    23.0376   -1.76352   -20.6589    1.00000    1.00000
     1.00000    9.60483    7.78997    29.3460    1.00000    1.00000
     1.00000   -20.6798   -8.93100   -5.50903    1.00000    1.00000
     1.00000  -10.04285    30.9288    32.9716    1.00000    1.00000
     1.00000    9.65742    3.31467   -24.9479    1.00000    1.00000
     1.00000   -21.5191    2.43115    27.5669    1.00000    1.00000
     1.00000   -30.7139   -22.1360   -16.7302    1.00000    1.00000
     1.00000   -4.47803    7.16810   0.759842    1.00000    1.00000
     1.00000    32.8808   -11.2233   -19.8583    1.00000    1.00000
     1.00000    30.5459    23.8885    27.6130    1.00000    1.00000
     1.00000   -20.3882   -21.6146   -12.9555    1.00000    1.00000
     1.00000    10.8921    21.2652    9.95024    1.00000    1.00000
     1.00000    8.44547  -10.44707   -41.2029    1.00000    1.00000
     1.00000    2.40918   -2.13630    32.5989    1.00000    1.00000
     1.00000   -14.9725   -28.6098   -26.3174    1.00000    1.00000
     1.00000   0.532257    2.26752   -17.5791    1.00000    1.00000
     1.00000    31.4629    10.8393   -16.6536    1.00000    1.00000
     1.00000    13.1273    21.5179    27.3907    1.00000    1.00000
     1.00000   -16.1553   -16.4774   -1.14497    1.00000    1.00000
     1.00000   -4.87009    20.6120    30.6503    1.00000    1.00000
     1.00000    3.50636  -0.113861   -32.9372    1.00000    1.00000
     1.00000   -30.2726   -3.18638    37.5323    1.00000    1.00000
     1.00000   -24.8886   -29.0779   -13.8436    1.00000    1.00000
     1.00000   -1.16425    11.8480    13.8225    1.00000    1.00000
     1.00000    21.8500   -11.2976   -20.1687    1.00000    1.00000
     1.00000    28.6262    25.8157    38.9532    1.00000    1.00000
     1.00000  -10.24757   -11.3851   -28.5106    1.00000    1.00000
     1.00000   10.04713    25.8897    35.3981    1.00000    1.00000
     1.00000   -3.69695   -2.64807   -34.4602    1.00000    1.00000
     1.00000   -9.75037  -0.424202    22.0152    1.00000    1.00000
     1.00000   -22.9495   -32.5957   -26.1569    1.00000    1.00000
     1.00000    1.64104    9.46404   -3.45153    1.00000    1.00000
     1.00000    16.9736    6.88010   -26.8374    1.00000    1.00000
     1.00000    7.76575    4.57904    35.0802    1.00000    1.00000
     1.00000   -24.5544   -18.2339   -7.85075    1.00000    1.00000
     1.00000    1.03416    26.8606    35.5213    1.00000    1.00000
     1.00000    21.2014    4.41673   -17.4318    1.00000    1.00000
     1.00000   -25.0354   -6.48472    31.6757    1.00000    1.00000
     1.00000   -19.9441   -26.5186   -7.70309    1.00000    1.00000
     1.00000   -4.84924    11.9326    4.78104    1.00000    1.00000
     1.00000    30.3768   0.445580   -24.0471    1.00000    1.00000
     1.00000    22.4571    20.4874    26.4366    1.00000    1.00000
     1.00000   -6.15585   -16.6267   -16.6703    1.00000    1.00000
     1.00000   10.17441    15.6903    3.78168    1.00000    1.00000
     1.00000    22.2023  -10.43164   -38.3112    1.00000    1.00000
     1.00000    8.95784   -2.84180    38.4483    1.00000    1.00000
     1.00000   -9.79283   -30.8595   -29.4934    1.00000    1.00000
     1.00000  -0.817673    6.53541   -9.52693    1.00000    1.00000
     1.00000    33.9544    2.00957   -19.8026    1.00000    1.00000
     1.00000    13.2167    9.84293    32.1257    1.00000    1.00000
     1.00000   -10.7367   -18.1130   0.244278    1.00000    1.00000
     1.00000   -11.4303    22.6036    24.0633    1.00000    1.00000
     1.00000   -5.49287   -3.70949   -22.6408    1.00000    1.00000
     1.00000   -16.7221   -9.78620    37.3820    1.00000    1.00000
     1.00000   -24.3331   -31.7391   -19.4864    1.00000    1.00000
     1.00000    2.37796    15.7181    7.08031    1.00000    1.00000
     1.00000    24.9848   -5.94947   -26.4160    1.00000    1.00000
     1.00000    23.7972    22.9145    35.9821    1.00000    1.00000
     1.00000   -4.61037   -5.55456   -18.0234    1.00000    1.00000
     1.00000    12.1844    28.5423    24.3660    1.00000    1.00000
     1.00000   0.145523   -6.54264   -44.6801    1.00000    1.00000
     1.00000   -1.99872   0.226662    24.3816    1.00000    1.00000
     1.00000   -23.8352   -34.7373   -30.8470    1.00000    1.00000
     1.00000    6.07608    18.7554   -4.95132    1.00000    1.00000
     1.00000    21.8741   -1.96995   -15.3708    1.00000    1.00000
     1.00000   0.711411    9.82915    28.0126    1.00000    1.00000
     1.00000   -17.6897   -14.3431   -7.82114    1.00000    1.00000
     1.00000   -10.5847    29.6346    31.5464    1.00000    1.00000
     1.00000    5.81052   0.899139   -23.1279    1.00000    1.00000
     1.00000   -14.9731   -1.05215    29.4728    1.00000    1.00000
     1.00000   -22.3538   -23.9729   -15.6096    1.00000    1.00000
     1.00000   -10.8258    2.22524    7.28271    1.00000    1.00000
     1.00000    32.3834   -6.71984   -26.6968    1.00000    1.00000
     1.00000    30.5833    26.8300    25.5874    1.00000    1.00000
     1.00000   -11.2649   -18.1297   -16.9368    1.00000    1.00000
     1.00000    6.52130    25.1546    16.1727    1.00000    1.00000
     1.00000    5.41666   -4.05193   -37.9705    1.00000    1.00000
     1.00000    3.55698   -3.40830    27.0782    1.00000    1.00000
     1.00000   -11.9391   -30.9617   -34.1200    1.00000    1.00000
     1.00000   -4.92923    2.95781   -12.3582    1.00000    1.00000
     1.00000    32.0090    9.98969   -14.8644    1.00000    1.00000
     1.00000    3.66826    21.1892    29.8835    1.00000    1.00000
     1.00000   -19.6151   -19.4994  -0.975800    1.00000    1.00000
     1.00000   -6.80341    14.3630    27.1655    1.00000    1.00000
     1.00000   -2.01636   -1.83775   -26.5105    1.00000    1.00000
     1.00000   -39.8543   -6.39674    44.1757    1.00000    1.00000
     1.00000   -29.9789   -30.5683   -15.1987    1.00000    1.00000
     1.00000   -3.82455    14.9251    23.1120    1.00000    1.00000
     1.00000    22.7126   -9.09283   -26.5820    1.00000    1.00000
     1.00000    23.1278    26.5336    38.3859    1.00000    1.00000
     1.00000   -16.2711   -9.85619   -19.2446    1.00000    1.00000
     1.00000    4.36401    26.4952    30.4559    1.00000    1.00000
     1.00000   0.448746   -3.79697   -32.6367    1.00000    1.00000
     1.00000   -16.9535   0.482979    25.4889    1.00000    1.00000
     1.00000   -23.5317   -36.1053   -29.3884    1.00000    1.00000
     1.00000   -2.88673   10.30150   -7.46074    1.00000    1.00000
     1.00000    20.4768    4.99084   -19.7944    1.00000    1.00000
     1.00000    3.85776    5.05009    35.5511    1.00000    1.00000
     1.00000   -20.4007   -19.4918   -7.48775    1.00000    1.00000
     1.00000   -2.42950    27.0015    32.2895    1.00000    1.00000
     1.00000    12.9220    4.43416   -17.7476    1.00000    1.00000
     1.00000   -23.9797   0.469795    32.0982    1.00000    1.00000
     1.00000   -21.4752   -27.1710   -12.9095    1.00000    1.00000
     1.00000    1.55515    8.71425    8.77449    1.00000    1.00000
     1.00000    34.3442   -4.27518   -28.6716    1.00000    1.00000
     1.00000    18.5176    22.3552    27.9977    1.00000    1.00000
     1.00000   -8.09625   -15.1105   -15.5690    1.00000    1.00000
     1.00000    9.46271    21.0660    6.86580    1.00000    1.00000
     1.00000    8.84612   -12.1780   -40.2846    1.00000    1.00000
     1.00000    7.33122   -1.58974    28.3943    1.00000    1.00000
     1.00000  -10.16763   -26.7490   -25.9444    1.00000    1.00000
     1.00000   -6.85164    6.73250   -9.65661    1.00000    1.00000
     1.00000    25.8255    3.00777   -16.9015    1.00000    1.00000
     1.00000    13.4772    11.5664    26.9949    1.00000    1.00000
     1.00000   -9.42723   -17.2053   -2.20192    1.00000    1.00000
     1.00000   -9.81894    18.6650    24.6773    1.00000    1.00000
     1.00000   -2.24286    1.45240   -17.7514    1.00000    1.00000
     1.00000   -22.6786   -8.66164    39.0709    1.00000    1.00000
     1.00000   -25.4082   -34.8098   -17.7790    1.00000    1.00000
     1.00000    2.91451    8.87490   10.23265    1.00000    1.00000
     1.00000    28.7658  -0.275482   -28.9520    1.00000    1.00000
     1.00000    16.7110    21.9591    31.9450    1.00000    1.00000
     1.00000  -0.553284   -5.57141   -18.3112    1.00000    1.00000
     1.00000    11.5737    29.7653    26.9676    1.00000    1.00000
     1.00000   -2.47055   -5.81798   -42.8272    1.00000    1.00000
     1.00000   -3.76083    2.52631    19.5561    1.00000    1.00000
     1.00000   -19.8734   -28.0481   -32.1274    1.00000    1.00000
     1.00000   0.766281    11.2973   -6.37115    1.00000    1.00000
     1.00000    22.7517  -0.490623   -25.4266    1.00000    1.00000
     1.00000    7.39270    11.5904    32.6591    1.00000    1.00000
     1.00000   -18.6056   -11.9953   -5.87221    1.00000    1.00000
     1.00000   -12.8822    32.5285    28.8433    1.00000    1.00000
     1.00000    13.0314    3.55191   -26.7771    1.00000    1.00000
     1.00000   -22.1136    5.97138    26.4554    1.00000    1.00000
     1.00000   -26.8448   -18.1865   -19.4073    1.00000    1.00000
     1.00000   -8.56770    6.37748    4.04742    1.00000    1.00000
     1.00000    34.4588   -12.0353   -21.8782    1.00000    1.00000
     1.00000    24.4101    18.8670    27.4450    1.00000    1.00000
     1.00000   -16.0771   -20.9648   -13.0967    1.00000    1.00000
     1.00000    8.34178    23.5242    12.8090    1.00000    1.00000
     1.00000    8.90103   -5.33968   -36.2664    1.00000    1.00000
     1.00000  -0.198578   -5.29528    29.6941    1.00000    1.00000
     1.00000   -18.2394   -27.8086   -28.1316    1.00000    1.00000
     1.00000   -6.37512E-02    4.22770   -13.8937    1.00000    1.00000
     1.00000    27.7891    11.7781   -13.3055    1.00000    1.00000
     1.00000    11.7860    17.6219    28.5363    1.00000    1.00000
     1.00000   -17.3872   -15.2369   -2.11643    1.00000    1.00000
     1.00000   -6.52541    23.9215    29.1675    1.00000    1.00000
     1.00000   0.577652   0.802864   -23.4381    1.00000    1.00000
     1.00000   -26.0657   -7.24900    40.3766    1.00000    1.00000
