     1.00000   -25.4023   -5.38506   -18.7473    1.00000    1.00000
     1.00000    18.4210   -9.06261    2.59235    1.00000    1.00000
     1.00000   -13.7299   -6.97525   -3.58572    1.00000    1.00000
     1.00000    8.38641    1.07894    27.3223    1.00000    1.00000
     1.00000   -5.54370   -18.9332   -31.9270    1.00000    1.00000
     1.00000    22.7188    18.1228    17.4691    1.00000    1.00000
     1.00000   -28.3790   -26.4820    18.8314    1.00000    1.00000
     1.00000    14.4937    14.6584   -10.9705    1.00000    1.00000
     1.00000   -29.7388   -4.59299   -5.92278    1.00000    1.00000
     1.00000    16.9640   -6.33718    16.7322    1.00000    1.00000
     1.00000    4.42203   -13.0540    7.02490    1.00000    1.00000
     1.00000    26.9376    22.2757    6.34554    1.00000    1.00000
     1.00000   -21.1146   -21.6940   -15.6169    1.00000    1.00000
     1.00000    20.7804    19.1752    20.3662    1.00000    1.00000
     1.00000   -23.2786   -11.5243    26.1466    1.00000    1.00000
     1.00000   -3.12090    29.8864   -31.2527    1.00000    1.00000
     1.00000   -29.5734   -15.8363   -17.7220    1.00000    1.00000
     1.00000    15.8300   -36.6883    7.00140    1.00000    1.00000
     1.00000   -3.27682   -6.59236    2.70773    1.00000    1.00000
     1.00000   10.38399    13.5789    5.36798    1.00000    1.00000
     1.00000    2.98729   -22.2862   -33.1847    1.00000    1.00000
     1.00000    21.4242    8.35943    13.5019    1.00000    1.00000
     1.00000   -24.5557   -15.4488    14.9910    1.00000    1.00000
     1.00000    28.1142    35.6750   -5.06228    1.00000    1.00000
     1.00000   -27.4514    6.92370   -16.2641    1.00000    1.00000
     1.00000    15.4717   -18.8485    16.1072    1.00000    1.00000
     1.00000   -8.03185   -4.82779    2.33557    1.00000    1.00000
     1.00000    12.9294    23.5574    1.84203    1.00000    1.00000
     1.00000   -10.8747   -14.7699   -25.8309    1.00000    1.00000
     1.00000    23.8401    30.9453    21.5398    1.00000    1.00000
     1.00000   -13.1647   -4.64124    18.2273    1.00000    1.00000
     1.00000    6.95842    18.3631   -22.4523    1.00000    1.00000
     1.00000   -24.1384   -9.62865   -20.3191    1.00000    1.00000
     1.00000    14.2513   -8.09364    2.57169    1.00000    1.00000
     1.00000   -5.69220   -3.63797   -3.08687    1.00000    1.00000
     1.00000    7.29037  -0.607689    32.8340    1.00000    1.00000
     1.00000   -2.08655   -16.7136   -38.9387    1.00000    1.00000
     1.00000    26.3162    23.6656    12.0514    1.00000    1.00000
     1.00000   -39.1546   -26.3250    26.9255    1.00000    1.00000
     1.00000    17.9386    25.6906   -5.25343    1.00000    1.00000
     1.00000   -17.8377    13.6677   -8.70794    1.00000    1.00000
     1.00000    15.7508   -4.48209    13.7787    1.00000    1.00000
     1.00000   -4.54942   -9.91379    6.23328    1.00000    1.00000
     1.00000    25.1981    29.9902    7.64005    1.00000    1.00000
     1.00000   -10.7082   -21.1367   -15.7182    1.00000    1.00000
     1.00000    28.9190    29.6922    27.8999    1.00000    1.00000
     1.00000   -22.2211   -2.04758    17.9988    1.00000    1.00000
     1.00000    3.61661    34.9425   -28.5054    1.00000    1.00000
     1.00000   -21.1009   -13.9740   -18.5777    1.00000    1.00000
     1.00000    16.6306   -24.7938    8.04623    1.00000    1.00000
     1.00000   -18.9881   -9.40604   -10.7365    1.00000    1.00000
     1.00000    9.36871   0.419525    20.7836    1.00000    1.00000
     1.00000   -5.67816   -25.6898   -42.8661    1.00000    1.00000
     1.00000    23.4495    11.9735    16.5103    1.00000    1.00000
     1.00000   -21.2379   -16.1190    14.2085    1.00000    1.00000
     1.00000    24.8401    20.8940   -7.94887    1.00000    1.00000
     1.00000   -30.8542   -2.00522   -12.7087    1.00000    1.00000
     1.00000    13.5640   -13.8698    17.4439    1.00000    1.00000
     1.00000   -4.70557   -17.9302   0.997223    1.00000    1.00000
     1.00000    14.0946    27.0651    1.85983    1.00000    1.00000
     1.00000   -12.5335   -22.2083   -22.4572    1.00000    1.00000
     1.00000    15.4180    31.0538    19.8710    1.00000    1.00000
     1.00000   -20.0249   -7.40312    17.1924    1.00000    1.00000
     1.00000    9.76022    21.0353   -15.2810    1.00000    1.00000
     1.00000   -21.5628   -1.38638   -20.4025    1.00000    1.00000
     1.00000    18.4228   -12.7405   -2.46916    1.00000    1.00000
     1.00000   -9.62607   -9.77708  -0.271210    1.00000    1.00000
     1.00000    8.76297  -0.634483    31.1152    1.00000    1.00000
     1.00000  -10.25494   -12.8689   -25.8743    1.00000    1.00000
     1.00000    21.4939    14.4379    14.2342    1.00000    1.00000
     1.00000   -26.1417   -22.7593    27.7501    1.00000    1.00000
     1.00000    13.8673    16.2371   -9.75353    1.00000    1.00000
     1.00000   -23.3221    3.72188  -10.38780    1.00000    1.00000
     1.00000    15.0512   -7.24186    13.1845    1.00000    1.00000
     1.00000   -1.37270   -14.8736    2.65930    1.00000    1.00000
     1.00000    31.3038    33.7512   0.658966    1.00000    1.00000
     1.00000   -20.0929   -19.7643   -11.1352    1.00000    1.00000
     1.00000    25.6909    25.2663    22.6689    1.00000    1.00000
     1.00000   -25.4317   -8.12605    19.1755    1.00000    1.00000
     1.00000    4.52576    25.7026   -29.4028    1.00000    1.00000
     1.00000   -32.7461   -21.6444   -20.2598    1.00000    1.00000
     1.00000    20.9180   -29.8148    3.78210    1.00000    1.00000
     1.00000   -9.30498   -11.7579   -6.51929    1.00000    1.00000
     1.00000    9.03564    3.87288    7.42291    1.00000    1.00000
     1.00000   -1.51205   -25.8159   -31.8604    1.00000    1.00000
     1.00000    20.3560    2.53574    9.42087    1.00000    1.00000
     1.00000   -33.5547   -22.7532    17.1696    1.00000    1.00000
     1.00000    28.8174    28.0938   -6.26358    1.00000    1.00000
     1.00000   -27.8117    1.90590   -17.0656    1.00000    1.00000
     1.00000    17.2774   -13.8154    9.02734    1.00000    1.00000
     1.00000   -8.82059  -10.02812    3.01173    1.00000    1.00000
     1.00000    13.9502    19.0702    3.46776    1.00000    1.00000
     1.00000   -8.07774   -20.8696   -23.7799    1.00000    1.00000
     1.00000    15.3839    36.5503    21.3001    1.00000    1.00000
     1.00000   -2.00121   -5.42828    18.6492    1.00000    1.00000
     1.00000    3.05457    24.1685   -24.7418    1.00000    1.00000
     1.00000   -26.8404   -4.50054   -27.2631    1.00000    1.00000
     1.00000    20.2004   -19.4096    7.02365    1.00000    1.00000
     1.00000   -3.41081   -5.85816   -12.2077    1.00000    1.00000
     1.00000    2.72949   -1.83894    29.9874    1.00000    1.00000
     1.00000   -4.61780   -15.6235   -34.5222    1.00000    1.00000
     1.00000    23.9518    20.4970    20.8934    1.00000    1.00000
     1.00000   -37.4157   -31.3693    26.1469    1.00000    1.00000
     1.00000    17.8189    25.6271   -7.24883    1.00000    1.00000
     1.00000   -23.6665   10.24389  -10.43808    1.00000    1.00000
     1.00000    11.3922  -0.793633    11.6943    1.00000    1.00000
     1.00000   -1.11752   -9.41837    16.9670    1.00000    1.00000
     1.00000    19.3284    31.2202    2.58774    1.00000    1.00000
     1.00000   -16.9402   -11.6789   -17.7355    1.00000    1.00000
     1.00000    26.7377    29.2933    22.0547    1.00000    1.00000
     1.00000   -27.3575   -1.06477    16.0728    1.00000    1.00000
     1.00000   -3.18994    34.0959   -31.0062    1.00000    1.00000
     1.00000   -24.5193   -8.45104   -23.9149    1.00000    1.00000
     1.00000    15.9106   -16.3741   0.297546    1.00000    1.00000
     1.00000   -8.33835   -14.6423   -8.02106    1.00000    1.00000
     1.00000   10.21747    3.15188    12.9819    1.00000    1.00000
     1.00000   -4.12570   -25.0945   -32.7513    1.00000    1.00000
     1.00000    17.9755    9.81343    15.1947    1.00000    1.00000
     1.00000   -21.0614   -12.6455    15.6377    1.00000    1.00000
     1.00000    34.9114    24.0190   -4.56593    1.00000    1.00000
     1.00000   -30.8601   -3.99065   -10.6420    1.00000    1.00000
     1.00000    13.3383   -12.4943    13.5111    1.00000    1.00000
     1.00000  -10.40070   -16.1829    1.51785    1.00000    1.00000
     1.00000    12.6178    24.3024   -2.67635    1.00000    1.00000
     1.00000   -18.9229   -20.7475   -19.5663    1.00000    1.00000
     1.00000    8.67267    35.3415    16.7602    1.00000    1.00000
     1.00000   -18.2225   -7.88918    21.0612    1.00000    1.00000
     1.00000    10.7376    24.9578   -18.1342    1.00000    1.00000
     1.00000   -26.4952   -3.61292   -19.4754    1.00000    1.00000
     1.00000    14.4651   -5.00571    3.59850    1.00000    1.00000
     1.00000   -13.5524   -8.35168   -7.46404    1.00000    1.00000
     1.00000   10.16620    4.75330    31.9165    1.00000    1.00000
     1.00000   -3.99710   -20.0431   -32.5403    1.00000    1.00000
     1.00000    22.2988    19.7757    14.5269    1.00000    1.00000
     1.00000   -25.6559   -23.3680    25.9079    1.00000    1.00000
     1.00000    12.4015    17.6890   -14.9377    1.00000    1.00000
     1.00000   -22.9064   -1.82635   -7.80683    1.00000    1.00000
     1.00000    16.4362   -6.45699    14.3953    1.00000    1.00000
     1.00000    9.17491   -12.9930    8.17859    1.00000    1.00000
     1.00000    29.7748    28.7402    3.68764    1.00000    1.00000
     1.00000   -17.6745   -20.7966   -14.9319    1.00000    1.00000
     1.00000    19.3403    23.6039    22.0321    1.00000    1.00000
     1.00000   -21.9932   -11.1415    24.6629    1.00000    1.00000
     1.00000   -2.53049    26.6994   -32.4698    1.00000    1.00000
     1.00000   -25.8698   -11.1785   -20.6618    1.00000    1.00000
     1.00000    16.1898   -35.5160    5.42139    1.00000    1.00000
     1.00000   -5.86900  -10.51368   -2.06924    1.00000    1.00000
     1.00000    9.62636    11.9083    4.57098    1.00000    1.00000
     1.00000    3.99452   -23.8859   -25.3859    1.00000    1.00000
     1.00000    23.8643    6.62636    10.7248    1.00000    1.00000
     1.00000   -26.6449   -19.5232    15.3499    1.00000    1.00000
     1.00000    32.6532    34.3264   -5.42092    1.00000    1.00000
     1.00000   -27.8317    3.25973   -15.5936    1.00000    1.00000
     1.00000    12.6117   -15.5104    14.5681    1.00000    1.00000
     1.00000   -7.24973   -8.97435    6.76648    1.00000    1.00000
     1.00000    15.0998    21.3002    3.58099    1.00000    1.00000
     1.00000   -9.68793   -14.2970   -22.6951    1.00000    1.00000
     1.00000    22.2498    32.1306    21.7969    1.00000    1.00000
     1.00000   -9.52542   -4.50418    18.2680    1.00000    1.00000
     1.00000    6.80817    19.1589   -18.3023    1.00000    1.00000
     1.00000   -21.3240   -2.77002   -22.7214    1.00000    1.00000
     1.00000    18.5726   -15.2057    6.69730    1.00000    1.00000
     1.00000   -8.75229   -8.28056   -2.61351    1.00000    1.00000
     1.00000    8.10013    1.02586    32.0118    1.00000    1.00000
     1.00000   -1.30814   -13.3862   -40.7855    1.00000    1.00000
     1.00000    25.4399    23.0277    18.3877    1.00000    1.00000
     1.00000   -41.6425   -30.5805    30.9231    1.00000    1.00000
     1.00000    16.1815    24.9169   -5.81390    1.00000    1.00000
     1.00000   -19.3343   10.06464   -6.72041    1.00000    1.00000
     1.00000    16.8173  -0.403397    14.2325    1.00000    1.00000
     1.00000   -3.41345   -9.71056    2.09845    1.00000    1.00000
     1.00000    28.5125    36.3519    2.13055    1.00000    1.00000
     1.00000   -18.1102   -13.1719   -15.8558    1.00000    1.00000
     1.00000    25.9271    27.8818    24.9699    1.00000    1.00000
     1.00000   -19.0974   -2.22292    19.1736    1.00000    1.00000
     1.00000   -1.19424    31.0865   -32.7511    1.00000    1.00000
     1.00000   -23.0492   -13.9176   -18.1293    1.00000    1.00000
     1.00000    17.7038   -17.3516    4.04147    1.00000    1.00000
     1.00000   -19.8306   -9.29111   -12.5468    1.00000    1.00000
     1.00000    5.66672    3.30812    16.7083    1.00000    1.00000
     1.00000   -1.07257   -23.4397   -42.2948    1.00000    1.00000
     1.00000    26.0601    4.82967    16.8989    1.00000    1.00000
     1.00000   -18.7553   -14.6209    13.6564    1.00000    1.00000
     1.00000    29.4120    21.8347   -7.01479    1.00000    1.00000
     1.00000   -30.9481    1.88934   -12.3726    1.00000    1.00000
     1.00000    15.6095   -8.65974    19.3671    1.00000    1.00000
     1.00000   -2.82703   -18.5299    1.33107    1.00000    1.00000
     1.00000    15.2885    33.3874   -1.74152    1.00000    1.00000
     1.00000   -15.1297   -25.2693   -20.1315    1.00000    1.00000
     1.00000    16.6645    30.0180    18.6991    1.00000    1.00000
     1.00000   -20.0137   -2.81306    14.0564    1.00000    1.00000
     1.00000    10.7009    20.8032   -17.5746    1.00000    1.00000
     1.00000   -20.6918   -3.20483   -16.8007    1.00000    1.00000
     1.00000    18.4043   -13.3820  -0.406525    1.00000    1.00000
     1.00000   -14.7016   -7.98052   0.395752    1.00000    1.00000
     1.00000    8.63126    1.78521    23.3826    1.00000    1.00000
     1.00000   -9.40346   -13.3000   -27.6319    1.00000    1.00000
     1.00000    22.0428    17.1317    15.8690    1.00000    1.00000
     1.00000   -30.7956   -25.7943    28.8279    1.00000    1.00000
     1.00000    16.0346    20.1162   -11.9582    1.00000    1.00000
     1.00000   -23.8739   0.677879   -8.24294    1.00000    1.00000
     1.00000    18.3826   -6.65184    11.3463    1.00000    1.00000
     1.00000   0.260452  -10.14787    3.17587    1.00000    1.00000
     1.00000    27.4182    28.5129    6.89676    1.00000    1.00000
     1.00000   -17.8976   -17.2839   -12.3782    1.00000    1.00000
     1.00000    31.2008    23.8058    26.5113    1.00000    1.00000
     1.00000   -22.3845   -9.53056    21.8457    1.00000    1.00000
     1.00000    1.22163    26.5052   -25.6718    1.00000    1.00000
     1.00000   -30.8461   -22.3700   -16.8835    1.00000    1.00000
     1.00000    17.5541   -31.1872    5.35818    1.00000    1.00000
     1.00000  -10.48453   -12.0764   -1.46585    1.00000    1.00000
     1.00000   10.41321    8.60882    3.80127    1.00000    1.00000
     1.00000   0.307388   -26.7855   -29.4403    1.00000    1.00000
     1.00000    22.4760   -1.78164    11.1642    1.00000    1.00000
     1.00000   -29.4664   -20.4180    18.7318    1.00000    1.00000
     1.00000    27.4911    30.8456   -6.44357    1.00000    1.00000
     1.00000   -23.9415   -2.98036   -15.6955    1.00000    1.00000
     1.00000    13.8562   -18.0799    9.95880    1.00000    1.00000
     1.00000   -7.64267   -8.16840    3.60374    1.00000    1.00000
     1.00000    13.2817    14.6170    1.91443    1.00000    1.00000
     1.00000   -9.09935   -18.9724   -21.5459    1.00000    1.00000
     1.00000    16.3625    35.2438    22.4557    1.00000    1.00000
     1.00000   -4.87659   -4.82211    17.1151    1.00000    1.00000
     1.00000    6.59390    20.6885   -25.3824    1.00000    1.00000
     1.00000   -25.5742   -2.01948   -21.5553    1.00000    1.00000
     1.00000    16.4530   -15.4498    6.09903    1.00000    1.00000
     1.00000   -6.71420   -5.22152   -9.13000    1.00000    1.00000
     1.00000    2.85400   -3.75646    29.4328    1.00000    1.00000
     1.00000   -7.41068   -17.9004   -34.9331    1.00000    1.00000
     1.00000    27.2397    21.7236    20.8294    1.00000    1.00000
     1.00000   -35.6676   -27.5781    28.5017    1.00000    1.00000
     1.00000    19.6051    27.2615   -6.64253    1.00000    1.00000
     1.00000   -18.9345    5.93676  -10.11877    1.00000    1.00000
     1.00000    13.6490    3.42122    16.0613    1.00000    1.00000
     1.00000   0.431778   -7.45721    6.12737    1.00000    1.00000
     1.00000    26.1893    30.2008    5.51434    1.00000    1.00000
     1.00000   -17.4518   -12.2179   -19.5924    1.00000    1.00000
     1.00000    23.5257    27.9198    22.6577    1.00000    1.00000
     1.00000   -24.0827   -3.33930    14.8427    1.00000    1.00000
     1.00000   -1.11092    36.9137   -31.7556    1.00000    1.00000
     1.00000   -26.3436   -9.68839   -25.0257    1.00000    1.00000
     1.00000    16.2708   -20.2997    1.76443    1.00000    1.00000
     1.00000   -14.2366  -10.16605   -7.95375    1.00000    1.00000
     1.00000    8.93887    2.57506   10.51614    1.00000    1.00000
     1.00000   -5.18324   -25.6839   -35.9833    1.00000    1.00000
     1.00000    22.1776    9.19321    15.5224    1.00000    1.00000
     1.00000   -22.7343   -13.5867    22.0513    1.00000    1.00000
     1.00000    30.8154    22.9482   -3.76911    1.00000    1.00000
     1.00000   -32.0671   -5.72151  -10.30098    1.00000    1.00000
     1.00000    9.57324   -12.0176    11.8922    1.00000    1.00000
     1.00000   -6.61905   -11.0476    8.73108E-02    1.00000    1.00000
     1.00000    14.8492    30.1467   -3.29745    1.00000    1.00000
     1.00000   -18.8111   -27.6645   -19.8468    1.00000    1.00000
     1.00000    10.7703    35.4257    21.4936    1.00000    1.00000
     1.00000   -16.4304   -6.66121    18.4084    1.00000    1.00000
     1.00000   10.34682    27.6262   -24.1900    1.00000    1.00000
     1.00000   -24.5771   -3.97994   -19.9070    1.00000    1.00000
     1.00000    16.3573   -7.71174    1.04356    1.00000    1.00000
     1.00000   -13.5151   -6.86549   -1.60033    1.00000    1.00000
     1.00000    9.82570    3.46241    27.6632    1.00000    1.00000
     1.00000   -7.13367   -17.1435   -31.7345    1.00000    1.00000
     1.00000    23.5005    18.1629    19.7072    1.00000    1.00000
     1.00000   -26.6431   -22.4827    22.3058    1.00000    1.00000
     1.00000    11.8568    16.0830   -15.9980    1.00000    1.00000
     1.00000   -26.8622   -3.77335   -5.96165    1.00000    1.00000
     1.00000    17.6331   -2.47686    18.0851    1.00000    1.00000
     1.00000    1.58900   -12.0367    5.85211    1.00000    1.00000
     1.00000    26.8724    25.3736    6.57007    1.00000    1.00000
     1.00000   -21.5503   -23.7983   -15.4275    1.00000    1.00000
     1.00000    19.8089    23.0520    19.8118    1.00000    1.00000
     1.00000   -23.5953   -14.9818    26.0913    1.00000    1.00000
     1.00000   -7.70569E-03    28.7653   -27.0929    1.00000    1.00000
     1.00000   -27.5734   -17.0844   -20.2043    1.00000    1.00000
     1.00000    18.2204   -37.8285    9.19675    1.00000    1.00000
     1.00000   -4.95941   -9.07741   -1.01581    1.00000    1.00000
     1.00000   10.43478    11.5034    7.29791    1.00000    1.00000
     1.00000    2.32689   -22.2698   -30.1628    1.00000    1.00000
     1.00000    21.6472    8.49642    11.5191    1.00000    1.00000
     1.00000   -22.5203   -15.9261    15.7310    1.00000    1.00000
     1.00000    29.7307    37.4074   -6.82888    1.00000    1.00000
     1.00000   -27.3737    4.81018   -14.4162    1.00000    1.00000
     1.00000    17.0603   -17.7410    15.6073    1.00000    1.00000
     1.00000   -7.73759   -6.49210    6.40375    1.00000    1.00000
     1.00000    11.8988    21.9831    2.56966    1.00000    1.00000
     1.00000   -11.4253   -13.4097   -23.1357    1.00000    1.00000
     1.00000    22.8890    30.5832    25.0291    1.00000    1.00000
     1.00000   -13.3065   -3.45869    19.8340    1.00000    1.00000
     1.00000    6.13348    18.3476   -20.6304    1.00000    1.00000
     1.00000   -22.5240   -6.67667   -20.4318    1.00000    1.00000
     1.00000    16.4502   -11.1159    2.61937    1.00000    1.00000
     1.00000   -6.74393   -5.23338   -2.49649    1.00000    1.00000
     1.00000    9.30811   -2.20184    32.8179    1.00000    1.00000
     1.00000   -1.63953   -12.0324   -39.3511    1.00000    1.00000
     1.00000    25.9280    24.8587    13.6089    1.00000    1.00000
     1.00000   -38.2329   -26.2697    30.5376    1.00000    1.00000
     1.00000    16.8495    25.7102   -1.30902    1.00000    1.00000
     1.00000   -17.2275    12.2135   -9.93797    1.00000    1.00000
     1.00000    14.5012   -3.56043    15.0709    1.00000    1.00000
     1.00000   -1.17465   -12.8235    6.15137    1.00000    1.00000
     1.00000    25.9547    31.6667    6.85452    1.00000    1.00000
     1.00000   -13.9899   -20.2927   -16.4086    1.00000    1.00000
     1.00000    30.2133    28.6449    25.6829    1.00000    1.00000
     1.00000   -20.3248   -1.44364    17.8003    1.00000    1.00000
     1.00000    4.03152    32.9960   -30.0950    1.00000    1.00000
     1.00000   -20.8432   -15.5821   -17.4168    1.00000    1.00000
     1.00000    14.2594   -23.0520    5.48642    1.00000    1.00000
     1.00000   -19.0329   -14.0013  -10.22783    1.00000    1.00000
     1.00000    8.99725    2.32981    18.7541    1.00000    1.00000
     1.00000   -3.84940   -25.6990   -42.0565    1.00000    1.00000
     1.00000    25.6113    10.9972    16.4836    1.00000    1.00000
     1.00000   -22.6834   -13.2731    11.2887    1.00000    1.00000
     1.00000    26.9653    21.5841   -9.55229    1.00000    1.00000
     1.00000   -33.0850   -1.11857   -13.1963    1.00000    1.00000
     1.00000   10.35023   -11.3089    16.2246    1.00000    1.00000
     1.00000   -6.62555   -17.4544   0.701782    1.00000    1.00000
     1.00000    17.2582    28.0112  -0.382233    1.00000    1.00000
     1.00000   -11.4412   -23.9917   -21.1206    1.00000    1.00000
     1.00000    15.5372    33.0411    20.0619    1.00000    1.00000
     1.00000   -21.4965   -5.76866    16.3013    1.00000    1.00000
     1.00000    8.90887    21.6890   -17.5112    1.00000    1.00000
     1.00000   -21.5555    1.74162   -19.2953    1.00000    1.00000
     1.00000    20.1300   -10.6033   -5.09013    1.00000    1.00000
     1.00000   -13.7680   -9.47057  -0.557220    1.00000    1.00000
     1.00000    6.04135   -1.26960    27.0199    1.00000    1.00000
     1.00000   -9.46939  -10.48207   -24.4646    1.00000    1.00000
     1.00000    21.4199    15.2412    16.0643    1.00000    1.00000
     1.00000   -28.9264   -22.3830    29.3194    1.00000    1.00000
     1.00000    14.1912    19.7787   -9.47098    1.00000    1.00000
     1.00000   -24.5160    4.09417   -8.63343    1.00000    1.00000
     1.00000    14.9386   -6.48482    9.75571    1.00000    1.00000
     1.00000    1.48956   -14.0793    4.38226    1.00000    1.00000
     1.00000    31.5046    32.3270    2.04865    1.00000    1.00000
     1.00000   -19.1191   -20.2943   -13.5829    1.00000    1.00000
     1.00000    27.6565    25.2295    23.0366    1.00000    1.00000
     1.00000   -22.3375   -4.73851    20.7481    1.00000    1.00000
     1.00000    2.68484    23.4500   -26.6318    1.00000    1.00000
     1.00000   -33.1278   -19.1727   -19.2463    1.00000    1.00000
     1.00000    19.2001   -29.3010    4.66801    1.00000    1.00000
     1.00000   -7.40877  -10.26207   -5.79018    1.00000    1.00000
     1.00000   10.18813    4.42303    5.88373    1.00000    1.00000
     1.00000   -3.69524   -23.6063   -30.9171    1.00000    1.00000
     1.00000    21.7297    5.31264    10.6879    1.00000    1.00000
     1.00000   -30.3889   -20.7287    16.7523    1.00000    1.00000
     1.00000    29.5332    27.0818   -7.83305    1.00000    1.00000
     1.00000   -27.3413   -3.85236   -15.9348    1.00000    1.00000
     1.00000    15.3688   -17.2815    10.9953    1.00000    1.00000
     1.00000   -11.4355   -12.1116    3.99115    1.00000    1.00000
     1.00000    12.1744    15.5300    3.30737    1.00000    1.00000
     1.00000   -9.35051   -23.8167   -22.7989    1.00000    1.00000
     1.00000    16.3986    36.5876    17.7761    1.00000    1.00000
     1.00000   -3.87767   -8.04430    17.0060    1.00000    1.00000
     1.00000    6.30429    24.0442   -26.5689    1.00000    1.00000
     1.00000   -24.9677   -1.91793   -26.1541    1.00000    1.00000
     1.00000    17.7941   -18.2556    6.52147    1.00000    1.00000
     1.00000   -4.04312   -7.84047   -12.8226    1.00000    1.00000
     1.00000    1.37352   -1.31813    34.3929    1.00000    1.00000
     1.00000   -4.33636   -17.7151   -36.7943    1.00000    1.00000
     1.00000    23.8561    21.9570    18.9752    1.00000    1.00000
     1.00000   -35.7199   -28.2163    26.6069    1.00000    1.00000
     1.00000    20.9933    23.8821   -7.87196    1.00000    1.00000
     1.00000   -21.4606    8.54082   -11.3517    1.00000    1.00000
     1.00000    13.2419   -1.55027    11.7707    1.00000    1.00000
     1.00000   -1.99040   -8.36168    13.9074    1.00000    1.00000
     1.00000    17.6857    32.6319    4.14944    1.00000    1.00000
     1.00000   -17.7950   -10.7173   -15.0707    1.00000    1.00000
     1.00000    28.7197    29.0882    21.8825    1.00000    1.00000
     1.00000   -29.3515   -1.21512    16.0393    1.00000    1.00000
     1.00000   -2.21396    32.6400   -31.9693    1.00000    1.00000
     1.00000   -24.8750   -10.6629   -23.2729    1.00000    1.00000
     1.00000    14.4487   -13.7855   -1.46286    1.00000    1.00000
     1.00000   -11.0568   -12.2202   -7.36636    1.00000    1.00000
     1.00000    7.03760    2.41595    14.6590    1.00000    1.00000
     1.00000   -1.55739   -28.7672   -34.5817    1.00000    1.00000
     1.00000    20.4967    8.14157    15.2604    1.00000    1.00000
     1.00000   -21.6232   -10.7592    15.2825    1.00000    1.00000
     1.00000    35.7002    24.4067   -6.36243    1.00000    1.00000
     1.00000   -31.1142   -4.77432   -8.81952    1.00000    1.00000
     1.00000    11.1137   -12.6187    13.0172    1.00000    1.00000
     1.00000   -7.26706   -14.3960    1.32312    1.00000    1.00000
     1.00000    14.4177    26.4822   -2.58484E-02    1.00000    1.00000
     1.00000   -17.9189   -22.2291   -21.6469    1.00000    1.00000
     1.00000   10.01642    33.8646    18.4667    1.00000    1.00000
     1.00000   -19.5137   -6.57068    18.9375    1.00000    1.00000
     1.00000    12.0948    25.1531   -19.5902    1.00000    1.00000
     1.00000   -29.3479   -3.96066   -19.1583    1.00000    1.00000
     1.00000    15.9817   -7.18761    3.64719    1.00000    1.00000
     1.00000   -15.2043   -8.19005   -6.34819    1.00000    1.00000
     1.00000    9.43648    3.08584    29.5885    1.00000    1.00000
     1.00000   -1.13815   -20.4605   -30.8238    1.00000    1.00000
     1.00000    24.7046    18.8333    14.7447    1.00000    1.00000
     1.00000   -24.8764   -23.7959    20.5084    1.00000    1.00000
     1.00000    8.19666    17.7008   -15.5447    1.00000    1.00000
     1.00000   -25.8475   -3.01897   -9.49587    1.00000    1.00000
     1.00000    17.7356   -4.72842    13.7843    1.00000    1.00000
     1.00000    6.21362   -13.9399    6.95142    1.00000    1.00000
     1.00000    28.1037    26.1078    7.96469    1.00000    1.00000
     1.00000   -19.9084   -24.2607   -18.5107    1.00000    1.00000
     1.00000    22.0074    25.5050    21.0684    1.00000    1.00000
     1.00000   -20.1621   -11.5579    23.9748    1.00000    1.00000
     1.00000   -3.60707    28.1275   -29.7177    1.00000    1.00000
     1.00000   -26.3955   -14.0602   -22.2723    1.00000    1.00000
     1.00000    18.9761   -37.8910    4.12875    1.00000    1.00000
     1.00000   -6.03693   -9.19897   -3.68564    1.00000    1.00000
     1.00000    8.43723    9.64758    4.96710    1.00000    1.00000
     1.00000    2.98810   -24.7243   -27.4244    1.00000    1.00000
     1.00000    25.5030    4.12050   10.18625    1.00000    1.00000
     1.00000   -28.1410   -17.9666    16.0273    1.00000    1.00000
     1.00000    29.1961    34.1279   -4.40180    1.00000    1.00000
     1.00000   -30.7629    1.64880   -16.9343    1.00000    1.00000
     1.00000    12.5504   -17.4528    15.0406    1.00000    1.00000
     1.00000   -5.83313   -6.63450    6.99765    1.00000    1.00000
     1.00000    12.7698    18.9356   -8.14362E-02    1.00000    1.00000
     1.00000   -9.00151   -16.1259   -23.1239    1.00000    1.00000
     1.00000    20.3215    33.6586    22.6075    1.00000    1.00000
     1.00000   -8.73308   -3.98955    16.0616    1.00000    1.00000
     1.00000    4.42928    19.1855   -19.8581    1.00000    1.00000
     1.00000   -21.2707   -6.11761   -21.8866    1.00000    1.00000
     1.00000    16.3381   -13.0553    2.14384    1.00000    1.00000
     1.00000   -10.8616   -6.66154   0.480881    1.00000    1.00000
     1.00000    3.42879    1.62943    33.1797    1.00000    1.00000
     1.00000   0.552704   -13.3375   -40.0541    1.00000    1.00000
     1.00000    24.2856    25.0862    16.3565    1.00000    1.00000
     1.00000   -39.2466   -27.9619    30.2075    1.00000    1.00000
     1.00000    13.1467    21.0647   -8.35064    1.00000    1.00000
     1.00000   -17.6089    9.75649   -7.68372    1.00000    1.00000
     1.00000    14.9388  -0.713104    14.8450    1.00000    1.00000
     1.00000   0.338913   -8.75076    4.60484    1.00000    1.00000
     1.00000    26.9191    34.0643    2.43993    1.00000    1.00000
     1.00000   -15.1583   -15.0875   -14.0984    1.00000    1.00000
     1.00000    28.3729    29.4257    25.6261    1.00000    1.00000
     1.00000   -21.9820   -3.82026    19.0073    1.00000    1.00000
     1.00000   0.671356    31.6259   -31.3916    1.00000    1.00000
     1.00000   -23.5072   -13.6323   -21.0477    1.00000    1.00000
     1.00000    14.9598   -21.3510    6.27136    1.00000    1.00000
     1.00000   -20.8948   -11.6207   -13.3160    1.00000    1.00000
     1.00000    6.39143   0.796761    18.2583    1.00000    1.00000
     1.00000   -2.88216   -22.8977   -39.7293    1.00000    1.00000
     1.00000    24.7111    6.88329    14.5399    1.00000    1.00000
     1.00000   -18.8370   -14.4698    11.6638    1.00000    1.00000
     1.00000    29.6191    21.9580   -5.02937    1.00000    1.00000
     1.00000   -31.1459    1.96514   -14.3614    1.00000    1.00000
     1.00000    15.5683  -10.28157    18.1975    1.00000    1.00000
     1.00000  -0.680786   -21.3811    2.08118    1.00000    1.00000
     1.00000    17.1668    32.7039    2.21927    1.00000    1.00000
     1.00000   -14.2346   -24.8258   -18.3989    1.00000    1.00000
     1.00000    19.0935    30.7969    20.5770    1.00000    1.00000
     1.00000   -18.7507   -2.08531    11.8047    1.00000    1.00000
     1.00000    13.0725    20.6949   -15.9604    1.00000    1.00000
     1.00000   -22.6936   -3.74685   -18.5908    1.00000    1.00000
     1.00000    17.9234   -9.97256   0.882248    1.00000    1.00000
     1.00000   -18.1997   -8.91470    1.30658    1.00000    1.00000
     1.00000    8.28290   -1.00571    24.1707    1.00000    1.00000
     1.00000   -8.40787   -15.6741   -28.2160    1.00000    1.00000
     1.00000    25.3096    13.6393    13.0795    1.00000    1.00000
     1.00000   -28.3043   -27.7674    30.5581    1.00000    1.00000
     1.00000    16.4781    20.3532   -8.69737    1.00000    1.00000
     1.00000   -26.1027    2.00467   -8.95369    1.00000    1.00000
     1.00000    21.2389   -3.09255    12.0307    1.00000    1.00000
     1.00000    1.81160   -11.1763    2.44354    1.00000    1.00000
     1.00000    30.5853    28.9451    6.59810    1.00000    1.00000
     1.00000   -14.4895   -15.9849   -12.4410    1.00000    1.00000
     1.00000    28.6274    23.4252    27.5158    1.00000    1.00000
     1.00000   -25.3477  -10.01779    19.8191    1.00000    1.00000
     1.00000    1.54451    27.6316   -27.6455    1.00000    1.00000
     1.00000   -31.6122   -18.5690   -17.5107    1.00000    1.00000
     1.00000    17.3484   -29.3687    6.16486    1.00000    1.00000
     1.00000   -7.27844   -13.0067   -3.84013    1.00000    1.00000
     1.00000    10.5788    8.54043    5.79321    1.00000    1.00000
     1.00000    1.97063   -25.6769   -29.5084    1.00000    1.00000
     1.00000    21.3613   0.898315    10.8227    1.00000    1.00000
     1.00000   -29.0828   -22.9639    19.6062    1.00000    1.00000
     1.00000    25.8704    28.4501   -9.01330    1.00000    1.00000
     1.00000   -27.1030   -4.62288   -13.9461    1.00000    1.00000
     1.00000    13.0676   -17.9059    12.7937    1.00000    1.00000
     1.00000   -8.95923   -9.78222    5.18677    1.00000    1.00000
     1.00000    11.0163    17.9796    2.54517E-02    1.00000    1.00000
     1.00000   -11.3568   -20.6435   -22.0490    1.00000    1.00000
     1.00000    18.2050    34.6435    25.7931    1.00000    1.00000
     1.00000   -6.74568   -4.23041    16.7197    1.00000    1.00000
     1.00000    6.53799    22.0743   -26.8234    1.00000    1.00000
     1.00000   -24.4300   -2.81728   -24.4506    1.00000    1.00000
     1.00000    17.5421   -16.5737    8.67627    1.00000    1.00000
     1.00000   -6.32025   -4.16371   -7.47898    1.00000    1.00000
     1.00000    7.82863   -4.13848    31.8470    1.00000    1.00000
     1.00000   -8.49965   -14.2334   -34.7875    1.00000    1.00000
     1.00000    29.2056    22.0900    20.7991    1.00000    1.00000
     1.00000   -31.9197   -27.1593    29.7624    1.00000    1.00000
     1.00000    19.7294    27.0167   -4.66147    1.00000    1.00000
     1.00000   -20.6838    5.99512   -8.14326    1.00000    1.00000
     1.00000    11.9572   0.495056    14.2602    1.00000    1.00000
     1.00000   -2.05649   -9.25786   10.06836    1.00000    1.00000
     1.00000    24.6638    30.1870    4.22092    1.00000    1.00000
     1.00000   -12.9879   -11.1220   -22.0324    1.00000    1.00000
     1.00000    21.4534    28.8897    22.6980    1.00000    1.00000
     1.00000   -24.7204   -5.21939    15.0848    1.00000    1.00000
     1.00000   -1.75235    35.6624   -34.0888    1.00000    1.00000
     1.00000   -26.0458   -9.18732   -20.7278    1.00000    1.00000
     1.00000    19.0550   -22.0030  -0.442566    1.00000    1.00000
     1.00000   -18.8562   -8.82990   -8.68325    1.00000    1.00000
     1.00000    7.95883    3.56281    9.07950    1.00000    1.00000
     1.00000   -3.79172   -26.5457   -39.6583    1.00000    1.00000
     1.00000    24.1207    4.28971    16.4270    1.00000    1.00000
     1.00000   -20.2011   -13.3009    17.3201    1.00000    1.00000
     1.00000    30.1509    22.5058   -1.93536    1.00000    1.00000
     1.00000   -30.3654   -6.16689   -12.1415    1.00000    1.00000
     1.00000    8.87991   -13.3237    13.2388    1.00000    1.00000
     1.00000   -5.51447   -14.6175   0.385406    1.00000    1.00000
     1.00000    13.5233    27.1578   -1.68222    1.00000    1.00000
     1.00000   -18.5851   -26.1569   -21.4875    1.00000    1.00000
     1.00000    13.6542    33.2478    19.4203    1.00000    1.00000
     1.00000   -18.1940   -5.17071    19.4840    1.00000    1.00000
     1.00000   10.25629    25.4675   -22.8541    1.00000    1.00000
     1.00000   -23.9211   -6.70490   -19.0009    1.00000    1.00000
     1.00000    17.9656   -7.43999    3.66925    1.00000    1.00000
     1.00000   -15.1037   -5.66154   -4.20766    1.00000    1.00000
     1.00000    6.45001   0.621765    27.5256    1.00000    1.00000
     1.00000   -6.42223   -18.2823   -30.2523    1.00000    1.00000
     1.00000    24.4403    17.2064    17.0257    1.00000    1.00000
     1.00000   -27.2868   -25.1626    19.8640    1.00000    1.00000
     1.00000    13.8310    15.4743   -12.6720    1.00000    1.00000
     1.00000   -28.5571   -3.32914   -6.92596    1.00000    1.00000
     1.00000    17.3211   -4.40385    17.0992    1.00000    1.00000
     1.00000    2.77805   -13.5553    8.04765    1.00000    1.00000
     1.00000    25.2878    21.1826    6.63382    1.00000    1.00000
     1.00000   -19.8273   -22.9935   -14.8082    1.00000    1.00000
     1.00000    20.3693    20.6452    21.6585    1.00000    1.00000
     1.00000   -23.6667   -13.2474    27.0847    1.00000    1.00000
     1.00000   -2.23476    29.5643   -29.4889    1.00000    1.00000
     1.00000   -29.7886   -17.8206   -17.8488    1.00000    1.00000
     1.00000    14.7703   -36.4529    8.68114    1.00000    1.00000
     1.00000   -3.60611   -7.42500   0.919342    1.00000    1.00000
     1.00000    9.76349    13.3870    7.25958    1.00000    1.00000
     1.00000    2.98477   -23.5005   -31.5955    1.00000    1.00000
     1.00000    22.1484    6.69099    12.6701    1.00000    1.00000
     1.00000   -26.2479   -14.5057    15.4878    1.00000    1.00000
     1.00000    26.5310    34.5250   -4.64884    1.00000    1.00000
     1.00000   -29.1628    6.48833   -15.3250    1.00000    1.00000
     1.00000    16.4132   -19.6961    14.5596    1.00000    1.00000
     1.00000   -9.10693   -4.04530    3.82953    1.00000    1.00000
     1.00000    14.5659    23.8733   0.736420    1.00000    1.00000
     1.00000   -11.6330   -14.4918   -27.6605    1.00000    1.00000
     1.00000    22.3142    29.7338    21.0883    1.00000    1.00000
     1.00000   -15.0833   -5.20272    18.1671    1.00000    1.00000
     1.00000    5.80319    19.3736   -23.7346    1.00000    1.00000
     1.00000   -22.1402   -9.59499   -20.3955    1.00000    1.00000
     1.00000    13.1905   -7.05489    3.91170    1.00000    1.00000
     1.00000   -5.39825   -2.38597   -4.61856    1.00000    1.00000
     1.00000    7.35913   -2.59673    33.0314    1.00000    1.00000
     1.00000   -1.98875   -14.8378   -38.2517    1.00000    1.00000
     1.00000    27.2312    22.3921    10.8101    1.00000    1.00000
     1.00000   -39.6834   -28.2537    26.9491    1.00000    1.00000
     1.00000    17.8763    24.0732   -4.07870    1.00000    1.00000
     1.00000   -17.8346    15.4512   -7.80291    1.00000    1.00000
     1.00000    15.0132   -2.84869    12.8911    1.00000    1.00000
     1.00000   -3.64209   -10.9061    4.75272    1.00000    1.00000
     1.00000    25.3292    28.5320    9.00253    1.00000    1.00000
     1.00000   -12.6660   -21.4624   -15.4711    1.00000    1.00000
     1.00000    29.6838    27.8972    27.4607    1.00000    1.00000
     1.00000   -23.5460   -2.75720    16.6793    1.00000    1.00000
     1.00000    5.24698    33.8485   -28.1245    1.00000    1.00000
     1.00000   -19.3532   -13.0891   -18.1746    1.00000    1.00000
     1.00000    15.9902   -26.6840    8.17633    1.00000    1.00000
     1.00000   -20.0533  -10.30717   -9.30356    1.00000    1.00000
     1.00000    11.3109   0.348557    20.3114    1.00000    1.00000
     1.00000   -4.30048   -26.7981   -43.8007    1.00000    1.00000
     1.00000    23.9060   10.11855    15.9180    1.00000    1.00000
     1.00000   -20.8590   -14.1602    14.3475    1.00000    1.00000
     1.00000    24.1447    22.3358   -9.14782    1.00000    1.00000
     1.00000   -31.3955  -0.816315   -14.2231    1.00000    1.00000
     1.00000    12.5288   -12.2287    16.9590    1.00000    1.00000
     1.00000   -5.84146   -19.5732    1.09888    1.00000    1.00000
     1.00000    15.2487    28.4609    1.01144    1.00000    1.00000
     1.00000   -13.5373   -23.7505   -23.2409    1.00000    1.00000
     1.00000    14.3117    29.4024    19.6498    1.00000    1.00000
     1.00000   -21.8764   -7.78854    17.8431    1.00000    1.00000
     1.00000    11.5352    21.4960   -14.4828    1.00000    1.00000
     1.00000   -22.2355   -1.80019   -18.5650    1.00000    1.00000
     1.00000    19.1130   -10.8649   -2.54520    1.00000    1.00000
     1.00000   -11.1996   -8.58498    4.94690E-02    1.00000    1.00000
     1.00000    7.50302   -8.53195E-02    29.6623    1.00000    1.00000
     1.00000   -11.0299   -11.7323   -24.4225    1.00000    1.00000
     1.00000    22.7323    13.0640    14.9949    1.00000    1.00000
     1.00000   -27.4310   -22.0315    26.4053    1.00000    1.00000
     1.00000    12.5847    14.8474  -10.40470    1.00000    1.00000
     1.00000   -23.5092    5.67771  -10.01397    1.00000    1.00000
     1.00000    15.3529   -5.95937    11.6798    1.00000    1.00000
     1.00000   0.388382   -14.2621    1.93500    1.00000    1.00000
     1.00000    31.1566    35.4730  -0.347855    1.00000    1.00000
     1.00000   -19.2903   -21.5859   -11.3289    1.00000    1.00000
     1.00000    23.9631    26.0692    23.2773    1.00000    1.00000
     1.00000   -23.6236   -8.03474    20.0254    1.00000    1.00000
     1.00000    3.40613    26.4080   -27.9032    1.00000    1.00000
     1.00000   -31.4759   -20.2019   -19.7066    1.00000    1.00000
     1.00000    22.8591   -29.8475    4.26302    1.00000    1.00000
     1.00000   -8.41823   -11.6259   -4.73148    1.00000    1.00000
     1.00000    7.15088    4.35802    6.96217    1.00000    1.00000
     1.00000   -1.46045   -27.7630   -32.3140    1.00000    1.00000
     1.00000    20.2919    2.47965    11.4191    1.00000    1.00000
     1.00000   -32.1049   -21.4189    17.5131    1.00000    1.00000
     1.00000    28.1988    28.6573   -8.08013    1.00000    1.00000
     1.00000   -27.4484   -5.82047E-02   -16.9641    1.00000    1.00000
     1.00000    15.4443   -14.2959    9.66681    1.00000    1.00000
     1.00000   -9.57124   -11.4272    4.22791    1.00000    1.00000
     1.00000    12.8540    17.4104    3.25943    1.00000    1.00000
     1.00000   -9.08244   -22.5197   -24.2975    1.00000    1.00000
     1.00000    13.8107    36.2444    20.1037    1.00000    1.00000
     1.00000   -3.62646   -6.22551    17.7990    1.00000    1.00000
     1.00000    1.21542    24.0660   -23.9627    1.00000    1.00000
     1.00000   -27.1107   -6.27242   -28.1505    1.00000    1.00000
     1.00000    18.3685   -20.1592    6.73685    1.00000    1.00000
     1.00000   -5.19879   -6.62108   -11.7375    1.00000    1.00000
     1.00000    2.63580   -2.95183    31.6465    1.00000    1.00000
     1.00000   -5.60603   -17.1493   -35.3563    1.00000    1.00000
     1.00000    24.9040    20.2625    19.1503    1.00000    1.00000
     1.00000   -37.8645   -30.9381    28.0476    1.00000    1.00000
     1.00000    19.8032    25.4095   -7.37118    1.00000    1.00000
     1.00000   -21.8788    9.66624   -9.75214    1.00000    1.00000
     1.00000    12.3582   0.837708    12.3310    1.00000    1.00000
     1.00000   -2.22762   -9.74201    15.3351    1.00000    1.00000
     1.00000    20.8658    30.0578    3.12173    1.00000    1.00000
     1.00000   -18.6499   -11.4522   -16.7227    1.00000    1.00000
     1.00000    25.2362    28.0427    21.6287    1.00000    1.00000
     1.00000   -25.4326   -1.60703    16.1063    1.00000    1.00000
     1.00000   -4.08841    35.8485   -31.3546    1.00000    1.00000
     1.00000   -23.1738   -9.63910   -23.0326    1.00000    1.00000
     1.00000    16.2397   -17.3071    2.03568    1.00000    1.00000
     1.00000  -10.17418   -14.0057   -7.54710    1.00000    1.00000
     1.00000   10.36746    1.17659    13.2571    1.00000    1.00000
     1.00000   -4.37579   -26.3573   -34.2820    1.00000    1.00000
     1.00000    19.4731    9.28574    13.9786    1.00000    1.00000
     1.00000   -22.8742   -12.4291    14.8212    1.00000    1.00000
     1.00000    34.0745    24.7601   -2.90749    1.00000    1.00000
     1.00000   -31.2126   -2.02446   -10.7412    1.00000    1.00000
     1.00000    13.5394   -14.3819    12.8814    1.00000    1.00000
     1.00000   -8.43921   -16.5449    1.66460    1.00000    1.00000
     1.00000    13.8785    23.3328   -1.46365    1.00000    1.00000
     1.00000   -19.4128   -22.5213   -20.3496    1.00000    1.00000
     1.00000    10.6040    35.3629    17.2792    1.00000    1.00000
     1.00000   -20.0726   -7.94870    20.3040    1.00000    1.00000
     1.00000    9.99954    23.3398   -17.2192    1.00000    1.00000
     1.00000   -27.8910   -2.62588   -20.5134    1.00000    1.00000
     1.00000    15.0168   -5.28233    5.50090    1.00000    1.00000
     1.00000   -13.0584   -9.79021   -6.16538    1.00000    1.00000
     1.00000    9.75085    5.02206    29.9786    1.00000    1.00000
     1.00000   -2.81625   -19.3985   -31.0604    1.00000    1.00000
     1.00000    22.3359    19.8441    16.5254    1.00000    1.00000
     1.00000   -26.4053   -23.9337    24.1421    1.00000    1.00000
     1.00000   10.53114    18.3664   -15.1448    1.00000    1.00000
     1.00000   -24.8086   -1.69833   -8.41114    1.00000    1.00000
     1.00000    18.2207   -6.05247    15.2026    1.00000    1.00000
     1.00000    10.6685   -11.7319    8.60144    1.00000    1.00000
     1.00000    30.2305    27.5392    5.22058    1.00000    1.00000
     1.00000   -18.1789   -21.9524   -16.4842    1.00000    1.00000
     1.00000    20.2599    25.3799    22.0332    1.00000    1.00000
     1.00000   -23.4597   -12.3793    24.0996    1.00000    1.00000
     1.00000   -4.14172    27.3571   -31.4842    1.00000    1.00000
     1.00000   -25.6821   -13.1694   -20.6300    1.00000    1.00000
     1.00000    15.7954   -33.7696    6.31265    1.00000    1.00000
     1.00000   -5.12082   -12.3087   -1.60220    1.00000    1.00000
     1.00000    7.72830    11.5152    5.06378    1.00000    1.00000
     1.00000    2.25072   -23.3314   -26.1931    1.00000    1.00000
     1.00000    24.8569    7.96309    11.8329    1.00000    1.00000
     1.00000   -28.3319   -19.0751    14.3736    1.00000    1.00000
     1.00000    30.7415    33.7735   -5.62082    1.00000    1.00000
     1.00000   -28.2864    4.15261   -17.3245    1.00000    1.00000
     1.00000    14.0349   -16.2552    13.3766    1.00000    1.00000
     1.00000   -9.23788   -8.94514    6.98169    1.00000    1.00000
     1.00000    15.6454    20.2524    1.96715    1.00000    1.00000
     1.00000   -8.63092   -13.0631   -23.8615    1.00000    1.00000
     1.00000    20.2746    31.8178    21.8270    1.00000    1.00000
     1.00000   -11.3189   -5.07019    17.5876    1.00000    1.00000
     1.00000    7.77361    20.8051   -18.9005    1.00000    1.00000
     1.00000   -21.9154   -2.29536   -24.5721    1.00000    1.00000
     1.00000    17.8020   -14.4478    5.01451    1.00000    1.00000
     1.00000   -8.42195   -6.31833   -2.41220    1.00000    1.00000
     1.00000    6.98062    1.28453    33.6488    1.00000    1.00000
     1.00000   -1.13312   -14.5239   -42.4210    1.00000    1.00000
     1.00000    26.5383    24.5364    17.6686    1.00000    1.00000
     1.00000   -40.3088   -29.6058    29.7957    1.00000    1.00000
     1.00000    15.6624    23.0172   -6.16236    1.00000    1.00000
     1.00000   -20.7229    9.73466   -8.12148    1.00000    1.00000
     1.00000    18.3386  -0.553062    12.9429    1.00000    1.00000
     1.00000   -2.96970   -9.18938    3.97766    1.00000    1.00000
     1.00000    28.7145    34.4247    1.63568    1.00000    1.00000
     1.00000   -16.6362   -14.3769   -15.2434    1.00000    1.00000
     1.00000    24.3527    28.9420    25.6000    1.00000    1.00000
     1.00000   -17.2004   -1.73578    19.5787    1.00000    1.00000
     1.00000  -0.203629    32.8238   -32.7331    1.00000    1.00000
     1.00000   -23.7269   -12.5261   -19.3959    1.00000    1.00000
     1.00000    16.3713   -18.3803    5.12143    1.00000    1.00000
     1.00000   -20.0980   -11.0225   -11.5819    1.00000    1.00000
     1.00000    6.73367    1.63278    16.4740    1.00000    1.00000
     1.00000   -4.89502E-02   -24.0629   -40.6936    1.00000    1.00000
     1.00000    26.6078    6.03311    15.3983    1.00000    1.00000
     1.00000   -18.2002   -13.7937    15.3906    1.00000    1.00000
     1.00000    27.6680    22.3534   -7.84516    1.00000    1.00000
     1.00000   -30.9835   -9.54437E-02   -12.1290    1.00000    1.00000
     1.00000    15.6754   -7.46760    17.7626    1.00000    1.00000
     1.00000   -1.62773   -19.7221   0.263184    1.00000    1.00000
     1.00000    16.0205    32.7287   -7.32422E-04    1.00000    1.00000
     1.00000   -17.1242   -25.2178   -19.9923    1.00000    1.00000
     1.00000    18.2814    31.1914    18.7924    1.00000    1.00000
     1.00000   -20.7815   -4.23640    15.2331    1.00000    1.00000
     1.00000    11.6138    19.4195   -16.4558    1.00000    1.00000
     1.00000   -20.6244   -5.09975   -17.4368    1.00000    1.00000
     1.00000    17.4608   -11.6426  -0.116272    1.00000    1.00000
     1.00000   -16.5471   -8.72501   0.196198    1.00000    1.00000
     1.00000    8.35284    3.15857E-02    22.4622    1.00000    1.00000
     1.00000   -7.64780   -13.8361   -28.4257    1.00000    1.00000
     1.00000    23.6823    16.7568    14.7866    1.00000    1.00000
     1.00000   -29.9694   -23.9768    28.7095    1.00000    1.00000
     1.00000    15.7508    21.2461  -10.33253    1.00000    1.00000
     1.00000   -22.5110   0.322868   -6.82289    1.00000    1.00000
     1.00000    20.0270   -5.60447    11.7925    1.00000    1.00000
     1.00000   -1.60815   -10.8571    3.10342    1.00000    1.00000
     1.00000    28.9529    29.6281    7.53018    1.00000    1.00000
     1.00000   -18.5376   -18.4078   -13.9038    1.00000    1.00000
     1.00000    29.3649    23.9403    25.7296    1.00000    1.00000
     1.00000   -23.6509   -10.5854    20.7128    1.00000    1.00000
     1.00000   0.570419    26.3491   -23.7873    1.00000    1.00000
     1.00000   -30.4867   -21.6209   -18.7028    1.00000    1.00000
     1.00000    15.9675   -31.7800    6.42178    1.00000    1.00000
     1.00000   -9.16824   -11.4425   -2.83176    1.00000    1.00000
     1.00000    9.33875    6.92625    3.68086    1.00000    1.00000
     1.00000  -0.706635   -28.1443   -30.5012    1.00000    1.00000
     1.00000    22.9922   -2.10593    9.25940    1.00000    1.00000
     1.00000   -31.0748   -21.2372    19.5932    1.00000    1.00000
     1.00000    27.8331    31.4971   -4.58389    1.00000    1.00000
     1.00000   -23.4830   -4.07645   -14.0867    1.00000    1.00000
     1.00000    12.8394   -19.4166    8.87280    1.00000    1.00000
     1.00000   -8.86386   -6.62620    3.96471    1.00000    1.00000
     1.00000    12.8988    16.0878   0.614441    1.00000    1.00000
     1.00000   -8.68262   -18.9837   -23.5020    1.00000    1.00000
     1.00000    17.6699    34.6964    23.8667    1.00000    1.00000
     1.00000   -4.33597   -3.53279    15.6850    1.00000    1.00000
     1.00000    4.77505    20.8714   -24.5710    1.00000    1.00000
     1.00000   -25.0332   -3.78729   -22.3183    1.00000    1.00000
     1.00000    16.1597   -15.2623    8.06848    1.00000    1.00000
     1.00000   -5.57080   -4.92560   -10.7440    1.00000    1.00000
     1.00000    4.66344   -3.77681    30.2846    1.00000    1.00000
     1.00000   -8.45091   -16.2243   -34.6035    1.00000    1.00000
     1.00000    25.3393    21.8281    21.4440    1.00000    1.00000
     1.00000   -35.4267   -25.6772    29.0749    1.00000    1.00000
     1.00000    20.9997    28.2967   -7.63412    1.00000    1.00000
     1.00000   -20.1850    7.37204   -9.50533    1.00000    1.00000
     1.00000    14.0503    1.46563    16.1826    1.00000    1.00000
     1.00000   -2.82288E-02   -7.46592    8.07373    1.00000    1.00000
     1.00000    26.1244    28.2050    5.40308    1.00000    1.00000
     1.00000   -15.8942   -11.7296   -20.7480    1.00000    1.00000
     1.00000    22.5478    27.7546    20.9210    1.00000    1.00000
     1.00000   -26.0639   -3.20309    15.0797    1.00000    1.00000
     1.00000   -1.94113    35.1413   -32.1671    1.00000    1.00000
     1.00000   -26.3575   -8.82553   -23.2215    1.00000    1.00000
     1.00000    17.1058   -18.8858    2.90619    1.00000    1.00000
     1.00000   -15.8404   -9.40214   -8.87247    1.00000    1.00000
     1.00000   10.53677    1.69122    11.3319    1.00000    1.00000
     1.00000   -5.97768   -25.2144   -37.7577    1.00000    1.00000
     1.00000    22.7870    7.29116    15.4184    1.00000    1.00000
     1.00000   -22.5960   -12.8516    20.1964    1.00000    1.00000
     1.00000    32.4217    24.1374   -3.84570    1.00000    1.00000
     1.00000   -32.3449   -5.91341   -12.2723    1.00000    1.00000
     1.00000    9.10486   -12.0629    9.94827    1.00000    1.00000
     1.00000   -8.22606   -10.7205    1.23209    1.00000    1.00000
     1.00000    16.3875    30.8643   -4.35509    1.00000    1.00000
     1.00000   -19.0255   -25.6924   -19.5927    1.00000    1.00000
     1.00000    11.0764    33.6652    20.5953    1.00000    1.00000
     1.00000   -17.3139   -6.21085    16.6715    1.00000    1.00000
     1.00000    8.77734    26.7227   -23.3412    1.00000    1.00000
     1.00000   -23.4398   -2.34258   -20.0668    1.00000    1.00000
     1.00000    18.1628   -7.15524    1.69946    1.00000    1.00000
     1.00000   -15.5023   -6.92375   -1.38184    1.00000    1.00000
     1.00000    7.88528    3.00724    27.4970    1.00000    1.00000
     1.00000   -6.10930   -16.9067   -33.4359    1.00000    1.00000
     1.00000    23.0566    19.7527    18.5779    1.00000    1.00000
     1.00000   -27.4505   -23.3508    20.6951    1.00000    1.00000
     1.00000    12.6706    15.4096   -14.2997    1.00000    1.00000
     1.00000   -25.9449   -2.01083   -5.73342    1.00000    1.00000
     1.00000    19.1301   -3.59619    17.3737    1.00000    1.00000
     1.00000    2.50697   -13.7988    6.08112    1.00000    1.00000
     1.00000    27.5292    23.9168    5.36740    1.00000    1.00000
     1.00000   -22.9089   -24.7394   -16.5537    1.00000    1.00000
     1.00000    20.9182    22.5508    21.3987    1.00000    1.00000
     1.00000   -24.5900   -14.6772    24.3831    1.00000    1.00000
     1.00000   -1.55176    28.1775   -28.2200    1.00000    1.00000
     1.00000   -28.9397   -18.3978   -19.5652    1.00000    1.00000
     1.00000    16.4297   -37.0479    9.62579    1.00000    1.00000
     1.00000   -3.34572   -9.25369   0.152496    1.00000    1.00000
     1.00000    8.61633    11.8862    8.03732    1.00000    1.00000
     1.00000   0.542374   -21.5366   -30.6899    1.00000    1.00000
     1.00000    22.4492    7.73748    9.85150    1.00000    1.00000
     1.00000   -23.5706   -17.1253    14.5233    1.00000    1.00000
     1.00000    28.3284    37.6309   -5.42049    1.00000    1.00000
     1.00000   -27.8900    6.63798   -13.7896    1.00000    1.00000
     1.00000    17.1486   -17.4329    13.6331    1.00000    1.00000
     1.00000   -8.54623   -4.86660    5.56476    1.00000    1.00000
     1.00000    13.5776    22.5927    3.46964    1.00000    1.00000
     1.00000   -12.3863   -13.9615   -24.8006    1.00000    1.00000
     1.00000    23.9216    30.1486    23.3724    1.00000    1.00000
     1.00000   -14.5745   -1.94957    20.1724    1.00000    1.00000
     1.00000    4.39450    18.2217   -21.6103    1.00000    1.00000
     1.00000   -21.0179   -7.95956   -20.1388    1.00000    1.00000
     1.00000    15.8154   -9.27341    2.16940    1.00000    1.00000
     1.00000   -5.32704   -6.54522   -1.97545    1.00000    1.00000
     1.00000   10.39052   -3.63148    33.7036    1.00000    1.00000
     1.00000   -2.63986   -12.9795   -37.9011    1.00000    1.00000
     1.00000    25.5097    23.8981    15.3125    1.00000    1.00000
     1.00000   -37.9970   -26.3898    28.5552    1.00000    1.00000
     1.00000    17.9503    24.2323   -2.08640    1.00000    1.00000
     1.00000   -16.8509    10.8013   -11.3032    1.00000    1.00000
     1.00000    13.6403   -2.03896    14.0993    1.00000    1.00000
     1.00000   -3.06717   -12.1776    6.18550    1.00000    1.00000
     1.00000    25.7453    33.1488    5.52805    1.00000    1.00000
     1.00000   -14.7461   -18.4987   -15.9505    1.00000    1.00000
     1.00000    31.6602    28.9006    24.3260    1.00000    1.00000
     1.00000   -18.7014   -1.70683    16.6622    1.00000    1.00000
     1.00000    5.05740    34.7041   -29.9223    1.00000    1.00000
     1.00000   -19.2832   -14.5331   -16.7341    1.00000    1.00000
     1.00000    15.0961   -24.0169    7.02548    1.00000    1.00000
     1.00000   -19.3603   -12.1748   -9.48180    1.00000    1.00000
     1.00000    8.13217   0.588005    19.2207    1.00000    1.00000
     1.00000   -3.38182   -24.7237   -40.3741    1.00000    1.00000
     1.00000    25.8587    9.16472    17.2457    1.00000    1.00000
     1.00000   -21.0827   -13.5590    12.4531    1.00000    1.00000
     1.00000    25.4032    22.1090   -10.6856    1.00000    1.00000
     1.00000   -34.7395  -0.169029   -13.7972    1.00000    1.00000
     1.00000    12.1555  -10.45534    16.1129    1.00000    1.00000
     1.00000   -5.30602   -16.4414  -0.408417    1.00000    1.00000
     1.00000    17.0235    29.3820    1.05505    1.00000    1.00000
     1.00000   -11.7534   -24.6202   -22.9935    1.00000    1.00000
     1.00000    15.6991    33.1491    22.0524    1.00000    1.00000
     1.00000   -22.2338   -7.58086    15.8863    1.00000    1.00000
     1.00000    7.92885    20.7598   -16.0361    1.00000    1.00000
     1.00000   -22.6729   0.207848   -19.9270    1.00000    1.00000
     1.00000    20.4320   -11.9205   -3.61576    1.00000    1.00000
     1.00000   -12.3544   -8.49409   -1.58096    1.00000    1.00000
     1.00000    7.15756   -1.74969    28.6085    1.00000    1.00000
     1.00000   -7.72177   -11.2477   -25.0643    1.00000    1.00000
     1.00000    20.7881    13.4447    16.6754    1.00000    1.00000
     1.00000   -28.0320   -23.4049    27.8512    1.00000    1.00000
     1.00000    13.1423    18.1010   -9.76302    1.00000    1.00000
     1.00000   -25.2603    3.24031  -10.28173    1.00000    1.00000
     1.00000    16.8024   -6.00849   10.30267    1.00000    1.00000
     1.00000   0.729156   -12.7054    3.14362    1.00000    1.00000
     1.00000    31.6384    31.6860    3.93845    1.00000    1.00000
     1.00000   -18.9334   -22.2451   -13.1832    1.00000    1.00000
     1.00000    27.5384    24.7486    24.9743    1.00000    1.00000
     1.00000   -22.8351   -6.25965    19.5487    1.00000    1.00000
     1.00000    2.78473    25.4165   -26.2812    1.00000    1.00000
     1.00000   -33.2938   -19.7977   -17.3537    1.00000    1.00000
     1.00000    19.2282   -28.8582    6.61819    1.00000    1.00000
     1.00000   -8.45956  -10.04415   -7.47789    1.00000    1.00000
     1.00000    8.77576    5.50824    4.97403    1.00000    1.00000
     1.00000   -3.29662   -25.5647   -30.9930    1.00000    1.00000
     1.00000    20.0162    4.45415    11.2597    1.00000    1.00000
     1.00000   -29.2694   -20.6876    15.0955    1.00000    1.00000
     1.00000    29.5932    25.2933   -6.93977    1.00000    1.00000
     1.00000   -27.0568   -1.91033   -16.3190    1.00000    1.00000
     1.00000    16.4599   -15.6207    10.7686    1.00000    1.00000
     1.00000   -12.6510   -12.5034    2.45193    1.00000    1.00000
     1.00000    10.6238    14.2834    3.51160    1.00000    1.00000
     1.00000   -8.13635   -24.8851   -21.6223    1.00000    1.00000
     1.00000    16.6301    36.3514    19.7485    1.00000    1.00000
     1.00000   -3.04144   -9.83338    17.3221    1.00000    1.00000
     1.00000    4.95808    23.6945   -25.1317    1.00000    1.00000
     1.00000   -26.3904   -2.55708   -27.4061    1.00000    1.00000
     1.00000    17.1021   -18.5023    8.38165    1.00000    1.00000
     1.00000   -2.87312   -9.46239   -12.8003    1.00000    1.00000
     1.00000    1.45464   -1.52744    32.4055    1.00000    1.00000
     1.00000   -3.97607   -17.3330   -38.7241    1.00000    1.00000
     1.00000    22.1874    22.6220    19.8545    1.00000    1.00000
     1.00000   -37.1757   -29.1022    27.6537    1.00000    1.00000
     1.00000    22.2130    22.5059   -8.65832    1.00000    1.00000
     1.00000   -22.0199    6.99856  -10.20774    1.00000    1.00000
     1.00000    14.0855  -0.299835    13.0840    1.00000    1.00000
     1.00000   -1.94110   -9.12833    12.0608    1.00000    1.00000
     1.00000    19.1922    33.1816    2.95438    1.00000    1.00000
     1.00000   -18.8520   -9.13135   -15.6769    1.00000    1.00000
     1.00000    30.5291    28.7888    22.6803    1.00000    1.00000
     1.00000   -31.2051  -0.679192    16.5658    1.00000    1.00000
     1.00000   -3.19260    31.1202   -32.8252    1.00000    1.00000
     1.00000   -26.3666   -11.9952   -23.2850    1.00000    1.00000
     1.00000    14.8751   -14.6631   0.283020    1.00000    1.00000
     1.00000   -12.9503   -11.5765   -7.35683    1.00000    1.00000
     1.00000    9.01952    2.39198    14.3917    1.00000    1.00000
     1.00000   -3.37398   -27.9836   -34.8749    1.00000    1.00000
     1.00000    19.2494    6.81599    16.0893    1.00000    1.00000
     1.00000   -22.6944   -9.15782    14.7457    1.00000    1.00000
     1.00000    34.5198    23.5398   -7.72445    1.00000    1.00000
     1.00000   -30.2240   -3.17175   -8.01989    1.00000    1.00000
     1.00000    11.9194   -11.3568    14.3433    1.00000    1.00000
     1.00000   -9.20441   -14.6010    1.77556    1.00000    1.00000
     1.00000    15.0906    24.8341  -0.937378    1.00000    1.00000
     1.00000   -18.2575   -24.1856   -21.4072    1.00000    1.00000
     1.00000    9.27748    32.9541    20.0869    1.00000    1.00000
     1.00000   -20.9650   -6.15962    20.2508    1.00000    1.00000
     1.00000    11.1285    24.6297   -21.2612    1.00000    1.00000
     1.00000   -28.9454   -4.22092   -21.1000    1.00000    1.00000
     1.00000    15.4207   -5.99255    2.14485    1.00000    1.00000
     1.00000   -14.0942   -6.71785   -5.57336    1.00000    1.00000
     1.00000    7.84222    3.76493    30.5871    1.00000    1.00000
     1.00000   -1.67439   -19.5201   -29.1421    1.00000    1.00000
     1.00000    24.0431    20.5125    13.8829    1.00000    1.00000
     1.00000   -25.3678   -24.0179    22.4344    1.00000    1.00000
     1.00000    9.78299    17.3915   -16.7228    1.00000    1.00000
     1.00000   -26.7796   -2.85098   -7.73433    1.00000    1.00000
     1.00000    17.4801   -3.57692    12.1691    1.00000    1.00000
     1.00000    7.22299   -13.2470    8.53287    1.00000    1.00000
     1.00000    29.4032    27.3038    7.02615    1.00000    1.00000
     1.00000   -19.5361   -23.3981   -16.7451    1.00000    1.00000
     1.00000    23.9859    25.4989    21.3605    1.00000    1.00000
     1.00000   -21.0365   -10.9411    22.2851    1.00000    1.00000
     1.00000   -3.54938    27.6965   -27.7655    1.00000    1.00000
     1.00000   -27.0121   -15.2575   -20.7938    1.00000    1.00000
     1.00000    17.3310   -37.0831    4.92932    1.00000    1.00000
     1.00000   -7.41527   -10.6050   -3.33444    1.00000    1.00000
     1.00000    8.69376    8.28957    6.41278    1.00000    1.00000
     1.00000    2.00694   -23.7763   -28.8868    1.00000    1.00000
     1.00000    23.6125    4.64830   10.57034    1.00000    1.00000
     1.00000   -27.1297   -16.2434    15.9381    1.00000    1.00000
     1.00000    27.6478    33.1960   -3.54494    1.00000    1.00000
     1.00000   -29.7605    2.73087   -15.5837    1.00000    1.00000
     1.00000    14.5503   -17.4286    15.0419    1.00000    1.00000
     1.00000   -5.40633   -8.54399    7.41199    1.00000    1.00000
     1.00000    14.1042    19.1119    1.39780    1.00000    1.00000
     1.00000   -9.75694   -17.5207   -24.3420    1.00000    1.00000
     1.00000    19.0452    35.1949    22.5030    1.00000    1.00000
     1.00000   -10.7021   -3.70335    16.2642    1.00000    1.00000
     1.00000    5.95172    20.4661   -19.6526    1.00000    1.00000
     1.00000   -22.3028   -4.48569   -22.4078    1.00000    1.00000
     1.00000    16.3434   -14.3732    3.64818    1.00000    1.00000
     1.00000   -9.92929   -5.96557   -1.14592    1.00000    1.00000
     1.00000    5.23836   0.895782    32.7469    1.00000    1.00000
     1.00000    1.52548   -15.0340   -40.4729    1.00000    1.00000
     1.00000    24.2319    24.6193    18.3005    1.00000    1.00000
     1.00000   -37.5938   -28.9101    29.6000    1.00000    1.00000
     1.00000    14.5653    22.3013   -7.67365    1.00000    1.00000
     1.00000   -16.8420    9.88309   -9.52652    1.00000    1.00000
     1.00000    16.1748  -0.122948    16.3024    1.00000    1.00000
     1.00000   -1.54907   -8.22377    5.00208    1.00000    1.00000
     1.00000    26.9670    34.2868    4.42694    1.00000    1.00000
     1.00000   -14.5362   -16.8143   -14.8928    1.00000    1.00000
     1.00000    26.3987    29.7365    25.5512    1.00000    1.00000
     1.00000   -20.4492   -3.29868    20.1813    1.00000    1.00000
     1.00000    2.27737    32.7605   -31.0264    1.00000    1.00000
     1.00000   -24.4549   -12.2885   -22.1861    1.00000    1.00000
     1.00000    15.0315   -19.8548    4.94620    1.00000    1.00000
     1.00000   -19.0315   -10.9211   -13.5121    1.00000    1.00000
     1.00000    7.88199    1.93329E-02    17.1749    1.00000    1.00000
     1.00000  -0.906372   -22.6050   -39.6263    1.00000    1.00000
     1.00000    25.5053    7.44529    16.2873    1.00000    1.00000
     1.00000   -20.6692   -15.2458    11.4613    1.00000    1.00000
     1.00000    29.0628    23.6744   -5.89208    1.00000    1.00000
     1.00000   -31.7219    3.66384   -13.4767    1.00000    1.00000
     1.00000    13.7324   -11.0610    18.0489    1.00000    1.00000
     1.00000   -1.28636   -19.4800    2.21890    1.00000    1.00000
     1.00000    17.2528    31.3458   0.753601    1.00000    1.00000
     1.00000   -12.9382   -24.3232   -19.8364    1.00000    1.00000
     1.00000    17.4323    29.7881    21.0490    1.00000    1.00000
     1.00000   -18.1435   -3.10860    13.4123    1.00000    1.00000
     1.00000    14.2789    20.4852   -14.3790    1.00000    1.00000
     1.00000   -22.5071   -4.02429   -16.6189    1.00000    1.00000
     1.00000    19.0949  -10.00761  -0.738358    1.00000    1.00000
     1.00000   -19.9182   -8.11660    1.94666    1.00000    1.00000
     1.00000    6.78528   -1.79147    25.2383    1.00000    1.00000
     1.00000   -7.80946   -17.3222   -29.1782    1.00000    1.00000
     1.00000    24.1110    15.0326    13.8682    1.00000    1.00000
     1.00000   -29.5946   -27.3733    29.0817    1.00000    1.00000
     1.00000    15.9390    19.0535  -10.11864    1.00000    1.00000
     1.00000   -25.6880    5.35583E-02   -8.80804    1.00000    1.00000
     1.00000    21.9206   -4.96662    11.8787    1.00000    1.00000
     1.00000   0.901840   -11.8193   0.782562    1.00000    1.00000
     1.00000    31.3210    30.3929    5.43082    1.00000    1.00000
     1.00000   -16.1655   -16.6684   -11.5903    1.00000    1.00000
     1.00000    27.4472    24.9422    26.9629    1.00000    1.00000
     1.00000   -26.7685   -11.4240    19.7551    1.00000    1.00000
     1.00000    2.73096    27.7645   -26.0409    1.00000    1.00000
     1.00000   -30.1074   -19.8247   -17.9092    1.00000    1.00000
     1.00000    17.3973   -27.5929    7.08374    1.00000    1.00000
     1.00000   -9.11421   -13.4148   -3.15938    1.00000    1.00000
     1.00000    11.9885    7.16920    6.15701    1.00000    1.00000
     1.00000   0.282074   -24.9823   -30.3247    1.00000    1.00000
     1.00000    23.1704    4.84543E-02    10.7537    1.00000    1.00000
     1.00000   -30.1396   -22.1902    18.0947    1.00000    1.00000
     1.00000    26.7212    30.0052   -8.08707    1.00000    1.00000
     1.00000   -25.6590   -3.60363   -14.8821    1.00000    1.00000
     1.00000    13.0144   -19.2678    11.3300    1.00000    1.00000
     1.00000   -9.97418   -8.15309    4.62485    1.00000    1.00000
     1.00000    11.0306    15.9831   -9.17969E-02    1.00000    1.00000
     1.00000   -11.0338   -18.6720   -21.9552    1.00000    1.00000
     1.00000    19.0741    36.0730    26.8891    1.00000    1.00000
     1.00000   -7.96797   -5.79283    16.4650    1.00000    1.00000
     1.00000    4.64313    21.9448   -27.4501    1.00000    1.00000
     1.00000   -23.8231   -4.57085   -23.7045    1.00000    1.00000
     1.00000    18.2634   -16.7774   10.53052    1.00000    1.00000
     1.00000   -6.80025   -3.13264   -5.83384    1.00000    1.00000
     1.00000    6.65463   -3.59319    30.3225    1.00000    1.00000
     1.00000   -9.89543   -13.4290   -35.9727    1.00000    1.00000
     1.00000    29.7482    21.2973    19.0449    1.00000    1.00000
     1.00000   -33.8568   -27.2110    29.2674    1.00000    1.00000
     1.00000    21.2153    26.1065   -3.67971    1.00000    1.00000
     1.00000   -20.5261    4.72096   -6.60976    1.00000    1.00000
     1.00000    13.6344    1.58412    14.2299    1.00000    1.00000
     1.00000  -0.236877   -8.47705    9.78664    1.00000    1.00000
     1.00000    22.7474    30.4167    3.69714    1.00000    1.00000
     1.00000   -14.6352   -12.2413   -22.2154    1.00000    1.00000
     1.00000    20.7329    27.3434    21.6540    1.00000    1.00000
     1.00000   -25.4005   -7.02962    14.5743    1.00000    1.00000
     1.00000   -1.98376    37.5748   -34.6263    1.00000    1.00000
     1.00000   -27.5203   -8.24874   -21.6999    1.00000    1.00000
     1.00000    17.8791   -21.1463   0.929749    1.00000    1.00000
     1.00000   -17.2415   -8.24527   -9.70834    1.00000    1.00000
     1.00000    7.80095    5.39115    9.87463    1.00000    1.00000
     1.00000   -5.74005   -26.5716   -39.2074    1.00000    1.00000
     1.00000    22.8859    5.30314    15.2235    1.00000    1.00000
     1.00000   -21.0103   -13.4627    19.1419    1.00000    1.00000
     1.00000    29.6659    24.4365   -2.12839    1.00000    1.00000
     1.00000   -28.9402   -5.02505   -11.3260    1.00000    1.00000
     1.00000    9.17545   -14.2746    11.5043    1.00000    1.00000
     1.00000   -6.11087   -12.7882   0.931183    1.00000    1.00000
     1.00000    13.8036    29.1219   -1.93489    1.00000    1.00000
     1.00000   -17.1497   -27.5437   -21.3593    1.00000    1.00000
     1.00000    12.3275    34.7437    19.4677    1.00000    1.00000
     1.00000   -16.4114   -5.74484    20.1860    1.00000    1.00000
     1.00000    8.74495    24.1702   -22.6726    1.00000    1.00000
