     1.00000   -28.5451   -7.22799    21.0462    1.00000    1.00000
     1.00000   -18.8803    6.04906   -23.4750    1.00000    1.00000
     1.00000    15.4822    16.2801    6.63847    1.00000    1.00000
     1.00000    25.4649  -0.575432   -11.2668    1.00000    1.00000
     1.00000   -32.7807   -4.79334    35.4409    1.00000    1.00000
     1.00000   -3.70700    5.18571   -16.5444    1.00000    1.00000
     1.00000    14.2388   -4.03475    9.66594    1.00000    1.00000
     1.00000    20.2244   -5.22663   -6.07627    1.00000    1.00000
     1.00000   -1.76187    12.4832    19.0111    1.00000    1.00000
     1.00000   -13.6394    28.6697   -30.2545    1.00000    1.00000
     1.00000    16.9861    18.8092   0.119766    1.00000    1.00000
     1.00000    1.18671   -13.6901   -21.2838    1.00000    1.00000
     1.00000   -30.0611   -3.22291    30.0193    1.00000    1.00000
     1.00000    5.47836   -21.8856   -9.98440    1.00000    1.00000
     1.00000    28.9849  -0.483223    12.0697    1.00000    1.00000
     1.00000    15.8775   -11.1610    6.26231    1.00000    1.00000
     1.00000   -19.1500   -5.12436    26.3401    1.00000    1.00000
     1.00000   -16.4901    10.9159   -17.0530    1.00000    1.00000
     1.00000   0.331787    15.8388    13.5464    1.00000    1.00000
     1.00000    14.9943   -7.57707   -23.4819    1.00000    1.00000
     1.00000   -42.8964    3.62334    45.8753    1.00000    1.00000
     1.00000   -6.07326    16.9984   -9.27223    1.00000    1.00000
     1.00000    13.0258   -11.9453   -3.90253    1.00000    1.00000
     1.00000    20.3367   -13.3765   -8.56881    1.00000    1.00000
     1.00000   -8.37524   -4.12800    12.0142    1.00000    1.00000
     1.00000    1.93153    39.0919   -37.8138    1.00000    1.00000
     1.00000    19.6304    21.0670    2.72314    1.00000    1.00000
     1.00000   0.952271   -16.1528   -30.4377    1.00000    1.00000
     1.00000   -34.7860    8.52341    32.2223    1.00000    1.00000
     1.00000   -5.54391   -12.5476   -10.9230    1.00000    1.00000
     1.00000    31.2210    1.67446   -4.86280    1.00000    1.00000
     1.00000    25.9039   -31.5864    2.69123    1.00000    1.00000
     1.00000   -21.2774   -2.24726    16.4720    1.00000    1.00000
     1.00000   -13.0871   -1.10876   -25.8535    1.00000    1.00000
     1.00000    13.6318    8.66742    15.7013    1.00000    1.00000
     1.00000    20.9019   -7.42117   -14.4700    1.00000    1.00000
     1.00000   -35.0659   -15.3393    42.2807    1.00000    1.00000
     1.00000   -12.6544    4.11281   -15.5824    1.00000    1.00000
     1.00000    11.6024   -7.09383    2.86929    1.00000    1.00000
     1.00000    27.8875   -3.86137   -4.98515    1.00000    1.00000
     1.00000   -4.14412    1.95205    19.0258    1.00000    1.00000
     1.00000   -14.4474    30.8741   -25.2771    1.00000    1.00000
     1.00000    8.36104    12.1568  -0.611305    1.00000    1.00000
     1.00000    1.82230   -11.6625   -25.9416    1.00000    1.00000
     1.00000   -26.7607   -3.88154    31.5959    1.00000    1.00000
     1.00000   -1.15308   -11.8670   -15.1251    1.00000    1.00000
     1.00000    30.0221  -0.726387    8.73499    1.00000    1.00000
     1.00000    23.3292   -12.8829   -5.63873    1.00000    1.00000
     1.00000   -17.6967  -10.00829    28.5275    1.00000    1.00000
     1.00000   -21.3575    14.7471   -27.6941    1.00000    1.00000
     1.00000    10.7529    14.0442    15.1380    1.00000    1.00000
     1.00000    17.0780   -3.61736   -16.0063    1.00000    1.00000
     1.00000   -44.3080   -1.17172    43.5965    1.00000    1.00000
     1.00000   -11.4793    15.4463   -14.5988    1.00000    1.00000
     1.00000    6.02486   -12.4231   -4.71494    1.00000    1.00000
     1.00000    24.9799   -11.4795   -15.4592    1.00000    1.00000
     1.00000   -15.1777   -8.93407    18.8577    1.00000    1.00000
     1.00000   -4.91312    31.7951   -28.9151    1.00000    1.00000
     1.00000    25.9155    18.8363    1.11989    1.00000    1.00000
     1.00000    7.45419   -23.4782   -37.3146    1.00000    1.00000
     1.00000   -34.3827    3.54725    34.7356    1.00000    1.00000
     1.00000   -5.25676   0.532219   -13.5024    1.00000    1.00000
     1.00000    16.0397    8.78926    3.92451    1.00000    1.00000
     1.00000    22.9853   -23.0847   -1.40641    1.00000    1.00000
     1.00000   -22.0533   -4.49689    26.4181    1.00000    1.00000
     1.00000   -21.0441    1.36196   -18.1892    1.00000    1.00000
     1.00000    16.9707    16.6354    9.59597    1.00000    1.00000
     1.00000    23.3279   -2.16155   -8.91383    1.00000    1.00000
     1.00000   -35.6489   -8.86627    41.5170    1.00000    1.00000
     1.00000   -13.7932   10.19283   -14.6620    1.00000    1.00000
     1.00000    21.0269   -3.80677    6.84373    1.00000    1.00000
     1.00000    18.0400   -8.35816   -6.36586    1.00000    1.00000
     1.00000   -4.65869    6.93283    13.3051    1.00000    1.00000
     1.00000   -7.15288    28.0226   -27.3189    1.00000    1.00000
     1.00000    13.3293    16.9982   -7.93272    1.00000    1.00000
     1.00000    4.80412   -14.3980   -16.6580    1.00000    1.00000
     1.00000   -30.4320   -12.0076    22.5507    1.00000    1.00000
     1.00000    1.41214   -26.3243   -13.9869    1.00000    1.00000
     1.00000    32.8192    8.74551    6.67112    1.00000    1.00000
     1.00000    16.0714   -12.6448    3.49216    1.00000    1.00000
     1.00000   -19.9852  -0.505310    32.8864    1.00000    1.00000
     1.00000   -17.4866    15.5462   -25.9566    1.00000    1.00000
     1.00000    2.01082    12.8836    15.3821    1.00000    1.00000
     1.00000    10.5982  -10.21297   -23.8002    1.00000    1.00000
     1.00000   -42.8636   0.553413    51.0716    1.00000    1.00000
     1.00000   -6.60211    15.0738   -9.40014    1.00000    1.00000
     1.00000    12.3978   -11.6768   -8.58053    1.00000    1.00000
     1.00000    18.5123   -9.26088   -4.64479    1.00000    1.00000
     1.00000   -5.38435   -5.02400    15.6620    1.00000    1.00000
     1.00000   -2.73996    35.5370   -31.6082    1.00000    1.00000
     1.00000    21.4828    19.8983    4.23418    1.00000    1.00000
     1.00000    6.91716   -12.8375   -32.0138    1.00000    1.00000
     1.00000   -32.4481    5.47962    35.6638    1.00000    1.00000
     1.00000   -4.69771   -9.54991   -14.3565    1.00000    1.00000
     1.00000    26.1601    4.13126  -0.178612    1.00000    1.00000
     1.00000    22.3495   -27.5468   -2.43368    1.00000    1.00000
     1.00000   -24.9828   -4.53210    18.7405    1.00000    1.00000
     1.00000   -19.2831    1.73131   -21.3799    1.00000    1.00000
     1.00000    12.7261    5.76694    20.1313    1.00000    1.00000
     1.00000    19.7627   -11.9315   -25.1241    1.00000    1.00000
     1.00000   -38.5313   -16.6190    45.6325    1.00000    1.00000
     1.00000   -14.1120  -0.982330   -13.8921    1.00000    1.00000
     1.00000    11.8645   -5.28442    6.05627    1.00000    1.00000
     1.00000    29.0729   -5.48342   -7.58706    1.00000    1.00000
     1.00000   -8.41824    3.48779    15.4279    1.00000    1.00000
     1.00000   -13.1505    18.7555   -24.8987    1.00000    1.00000
     1.00000    5.93211    18.6467   -4.23788    1.00000    1.00000
     1.00000    3.67279E-02  -10.55019   -30.2809    1.00000    1.00000
     1.00000   -32.1300   -3.30283    32.9780    1.00000    1.00000
     1.00000    5.60184   -14.7182   -12.0808    1.00000    1.00000
     1.00000    26.9609   -3.47530    3.08501    1.00000    1.00000
     1.00000    20.8232   -14.1940    5.52357    1.00000    1.00000
     1.00000   -20.4655   -12.1346    31.0756    1.00000    1.00000
     1.00000   -13.0296    16.7201   -25.2961    1.00000    1.00000
     1.00000    13.3274    22.9136    20.9027    1.00000    1.00000
     1.00000    16.2860   -7.33012   -16.6494    1.00000    1.00000
     1.00000   -43.9979   -2.49360    37.7840    1.00000    1.00000
     1.00000   -7.98792    12.5083   -17.5059    1.00000    1.00000
     1.00000    12.3371   -8.09248   -1.91526    1.00000    1.00000
     1.00000    25.3580   -14.6647   -13.4352    1.00000    1.00000
     1.00000   -13.2037   -8.24770    11.6869    1.00000    1.00000
     1.00000   -8.57387    32.6106   -34.4283    1.00000    1.00000
     1.00000    22.8294    14.9842    1.47189    1.00000    1.00000
     1.00000    12.6354   -28.6927   -34.5573    1.00000    1.00000
     1.00000   -34.9472    4.41484    25.3182    1.00000    1.00000
     1.00000   -7.70004   -6.71301   -12.3329    1.00000    1.00000
     1.00000    18.4353  -0.523094    3.08185    1.00000    1.00000
     1.00000    27.2857   -17.4312  -0.821671    1.00000    1.00000
     1.00000   -26.5080   -3.94217    21.8702    1.00000    1.00000
     1.00000   -22.2065    6.61839   -22.0312    1.00000    1.00000
     1.00000    14.4310    12.0543    3.05546    1.00000    1.00000
     1.00000    23.3643  -0.414162   -15.3407    1.00000    1.00000
     1.00000   -36.3192   -5.56039    38.2240    1.00000    1.00000
     1.00000   -6.26373    7.03513   -13.9874    1.00000    1.00000
     1.00000    17.2858   -7.30276   10.34561    1.00000    1.00000
     1.00000    21.9605   -8.14275   -7.35245    1.00000    1.00000
     1.00000  -0.322388    13.4914    18.0563    1.00000    1.00000
     1.00000   -15.4606    26.1264   -27.4249    1.00000    1.00000
     1.00000    13.2433    20.7468   -4.56678    1.00000    1.00000
     1.00000    3.73599   -12.1886   -22.6369    1.00000    1.00000
     1.00000   -32.0502   -4.05907    26.3047    1.00000    1.00000
     1.00000    5.68753   -20.4943   -13.7108    1.00000    1.00000
     1.00000    29.0425    4.18687    9.95358    1.00000    1.00000
     1.00000    19.8550   -14.9031    3.92365    1.00000    1.00000
     1.00000   -17.2133   -9.19724E-02    23.7837    1.00000    1.00000
     1.00000   -18.5712    10.9666   -24.5578    1.00000    1.00000
     1.00000   -1.25272    12.4687    11.4107    1.00000    1.00000
     1.00000    12.7376  -10.56097   -29.5592    1.00000    1.00000
     1.00000   -42.8309    2.87149    41.8562    1.00000    1.00000
     1.00000   -6.74329    16.8218   -13.8571    1.00000    1.00000
     1.00000    14.6691   -13.0141   -5.99192    1.00000    1.00000
     1.00000    22.7394   -13.6713   -9.14741    1.00000    1.00000
     1.00000   -6.84708   -3.46027    10.9102    1.00000    1.00000
     1.00000   0.753067    37.2477   -34.8910    1.00000    1.00000
     1.00000    17.0674    18.8431    3.96285    1.00000    1.00000
     1.00000    3.35336   -13.4302   -33.0413    1.00000    1.00000
     1.00000   -36.3088    6.12542    30.9217    1.00000    1.00000
     1.00000   -3.88126   -9.32210   -7.69578    1.00000    1.00000
     1.00000    28.5380  -0.212242   0.547859    1.00000    1.00000
     1.00000    24.9962   -31.4924    4.47090    1.00000    1.00000
     1.00000   -17.6361    1.23824    13.3403    1.00000    1.00000
     1.00000   -12.2135   -4.36906   -22.1356    1.00000    1.00000
     1.00000    13.3689    9.88189    12.1205    1.00000    1.00000
     1.00000    22.0844   -5.37238   -18.1391    1.00000    1.00000
     1.00000   -33.9196   -10.9578    41.4313    1.00000    1.00000
     1.00000   -17.0780  -0.179794   -14.8656    1.00000    1.00000
     1.00000    10.8965   -9.00323    6.09425    1.00000    1.00000
     1.00000    19.4230   0.720482   -3.83933    1.00000    1.00000
     1.00000   -2.83366    2.24747    17.0381    1.00000    1.00000
     1.00000   -12.2319    27.1988   -23.8471    1.00000    1.00000
     1.00000    15.3986    11.6369  -0.115791    1.00000    1.00000
     1.00000   0.483154   -8.52412   -26.8500    1.00000    1.00000
     1.00000   -26.2347   -4.93712    33.2111    1.00000    1.00000
     1.00000    3.61166   -12.2769   -12.9006    1.00000    1.00000
     1.00000    26.2649   0.946251    4.57349    1.00000    1.00000
     1.00000    25.4313   -9.52233   -4.69511    1.00000    1.00000
     1.00000   -17.2087   -8.14989    29.0826    1.00000    1.00000
     1.00000   -16.0356    16.9662   -22.6754    1.00000    1.00000
     1.00000    12.2807    11.6090    21.6142    1.00000    1.00000
     1.00000    20.5357   -1.57212   -13.9947    1.00000    1.00000
     1.00000   -42.8813   -3.74435    47.5227    1.00000    1.00000
     1.00000   -8.00116    18.3700   -17.4334    1.00000    1.00000
     1.00000    9.62196   -13.1644   -3.92068    1.00000    1.00000
     1.00000    26.7351   -12.4343   -15.3721    1.00000    1.00000
     1.00000   -16.7994   -3.29382    14.7363    1.00000    1.00000
     1.00000   -7.27298    31.1015   -29.9062    1.00000    1.00000
     1.00000    26.5591    21.3400    1.13607    1.00000    1.00000
     1.00000    6.83194   -17.4685   -35.1043    1.00000    1.00000
     1.00000   -36.4982    2.09361    31.4318    1.00000    1.00000
     1.00000   -7.14787   0.126709   -14.0115    1.00000    1.00000
     1.00000    16.8627    5.23382    5.21406    1.00000    1.00000
     1.00000    21.7012   -21.8775    1.51351    1.00000    1.00000
     1.00000   -24.5282   -2.23833    22.9710    1.00000    1.00000
     1.00000   -19.1046    6.91541   -20.0297    1.00000    1.00000
     1.00000    14.0036    15.4961    9.94890    1.00000    1.00000
     1.00000    25.4650   -5.70020   -10.9965    1.00000    1.00000
     1.00000   -34.4900   -8.92826    44.1468    1.00000    1.00000
     1.00000   -11.0834    8.33250   -14.5522    1.00000    1.00000
     1.00000    20.8369   -4.10772   10.34725    1.00000    1.00000
     1.00000    18.8877   -2.48714   -5.81046    1.00000    1.00000
     1.00000   -3.06490    6.01411    16.3389    1.00000    1.00000
     1.00000   -11.6994    30.2635   -28.7646    1.00000    1.00000
     1.00000    10.8709    17.3160   -1.69402    1.00000    1.00000
     1.00000    6.43927   -16.2340   -18.0178    1.00000    1.00000
     1.00000   -29.0500  -10.23970    24.8329    1.00000    1.00000
     1.00000    2.71849   -26.4508   -12.4778    1.00000    1.00000
     1.00000    31.0273    5.10209    7.56272    1.00000    1.00000
     1.00000    11.7684   -16.7333    3.22865    1.00000    1.00000
     1.00000   -21.6887   -1.32773    32.2369    1.00000    1.00000
     1.00000   -15.6840    11.2417   -24.4433    1.00000    1.00000
     1.00000    5.95190    13.9470    19.0677    1.00000    1.00000
     1.00000    9.82748   -7.45568   -27.4992    1.00000    1.00000
     1.00000   -42.0320    4.09926    47.6149    1.00000    1.00000
     1.00000  -10.48151    12.3132   -6.99967    1.00000    1.00000
     1.00000    11.4913   -9.18623   -9.39527    1.00000    1.00000
     1.00000    16.7840   -13.0300   -4.39259    1.00000    1.00000
     1.00000   -4.43857   -2.34661    16.0832    1.00000    1.00000
     1.00000   0.834351    32.9304   -33.8651    1.00000    1.00000
     1.00000    23.8983    23.3837    4.92208    1.00000    1.00000
     1.00000    9.34978   -10.6284   -30.1635    1.00000    1.00000
     1.00000   -37.9529    7.40079    37.3276    1.00000    1.00000
     1.00000  -0.148193   -7.67868   -12.9513    1.00000    1.00000
     1.00000    21.3287    2.45298    1.45738    1.00000    1.00000
     1.00000    23.7013   -28.0020   -1.03179    1.00000    1.00000
     1.00000   -19.7851   -4.13725    19.5562    1.00000    1.00000
     1.00000   -14.5772   0.654144   -19.8367    1.00000    1.00000
     1.00000    12.2576    6.61242    15.8067    1.00000    1.00000
     1.00000    18.8137   -10.6774   -23.8886    1.00000    1.00000
     1.00000   -37.7796   -17.3643    40.5827    1.00000    1.00000
     1.00000   -11.9646   -2.86258   -17.3104    1.00000    1.00000
     1.00000    14.5287   -5.21069    7.74975    1.00000    1.00000
     1.00000    28.7960   -6.71998   -4.60674    1.00000    1.00000
     1.00000   -4.93269    3.85807    16.0839    1.00000    1.00000
     1.00000   -11.8772    23.9357   -23.6787    1.00000    1.00000
     1.00000    7.80606    14.1193   -1.57013    1.00000    1.00000
     1.00000   -3.27856   -12.1325   -38.7869    1.00000    1.00000
     1.00000   -32.3854  -0.163376    34.2904    1.00000    1.00000
     1.00000    2.39127   -15.6977   -11.4457    1.00000    1.00000
     1.00000    25.0484   -6.35659    6.83346    1.00000    1.00000
     1.00000    24.1390   -15.3060    1.08337    1.00000    1.00000
     1.00000   -20.5351   -16.0289    30.3841    1.00000    1.00000
     1.00000   -10.7935    12.3736   -27.2549    1.00000    1.00000
     1.00000    12.4516    14.4700    21.7838    1.00000    1.00000
     1.00000    17.8149   -8.71427   -20.7086    1.00000    1.00000
     1.00000   -38.9297   -1.65977    38.2282    1.00000    1.00000
     1.00000  -10.29213    14.0963   -13.7224    1.00000    1.00000
     1.00000    10.8927   -9.87359   -4.56339    1.00000    1.00000
     1.00000    23.1475   -20.1161   -9.85185    1.00000    1.00000
     1.00000   -15.3486   -5.58732    15.6137    1.00000    1.00000
     1.00000   -3.41922    29.2522   -33.3505    1.00000    1.00000
     1.00000    23.6903    16.2000   -3.80305    1.00000    1.00000
     1.00000    8.86353   -25.3423   -37.6960    1.00000    1.00000
     1.00000   -34.0609   0.222656    33.2688    1.00000    1.00000
     1.00000   -9.58829   -5.36968   -13.6970    1.00000    1.00000
     1.00000    17.6763  -0.987923    1.29082    1.00000    1.00000
     1.00000    21.3055   -17.9512   -2.32220    1.00000    1.00000
     1.00000   -26.3846   -7.60364    23.6000    1.00000    1.00000
     1.00000   -17.8146    7.70675   -23.8162    1.00000    1.00000
     1.00000    17.5662    13.9110    5.14382    1.00000    1.00000
     1.00000    23.7675   -3.42416   -12.8992    1.00000    1.00000
     1.00000   -35.2142   -5.32027    36.5744    1.00000    1.00000
     1.00000   -5.68835    5.14890   -16.8144    1.00000    1.00000
     1.00000    15.0789   -3.17701    11.2655    1.00000    1.00000
     1.00000    18.4864   -4.44531   -7.45654    1.00000    1.00000
     1.00000   -3.04158    11.1948    17.7658    1.00000    1.00000
     1.00000   -14.7146    27.0018   -29.0611    1.00000    1.00000
     1.00000    13.5770    18.9408   -1.72321    1.00000    1.00000
     1.00000    1.89478   -13.3800   -16.4174    1.00000    1.00000
     1.00000   -28.3871   -4.48457    27.2921    1.00000    1.00000
     1.00000    4.77887   -21.6609   -7.31759    1.00000    1.00000
     1.00000    28.6804    2.91496    11.9894    1.00000    1.00000
     1.00000    17.6421   -8.10664    8.54930    1.00000    1.00000
     1.00000   -17.2004   -5.02699    26.7754    1.00000    1.00000
     1.00000   -17.8303    10.6352   -20.6329    1.00000    1.00000
     1.00000   -1.34354    12.5957    9.41682    1.00000    1.00000
     1.00000    15.0700   -7.07553   -25.4165    1.00000    1.00000
     1.00000   -40.9542    3.53486    44.7047    1.00000    1.00000
     1.00000   -8.03197    16.9945   -9.81747    1.00000    1.00000
     1.00000    13.5820   -12.4316   0.464027    1.00000    1.00000
     1.00000    21.0793  -10.08378   -6.99577    1.00000    1.00000
     1.00000  -10.24236   -8.14452    13.4904    1.00000    1.00000
     1.00000  -0.886414    37.9645   -35.9737    1.00000    1.00000
     1.00000    19.6936    22.1957    5.33038    1.00000    1.00000
     1.00000    2.25891   -16.1561   -31.9518    1.00000    1.00000
     1.00000   -30.7088    8.25613    31.9211    1.00000    1.00000
     1.00000   -4.38576   -9.49113   -11.0409    1.00000    1.00000
     1.00000    32.8055    4.14658E-02  -0.762848    1.00000    1.00000
     1.00000    25.7957   -32.6616   0.595924    1.00000    1.00000
     1.00000   -19.9538   -1.04053    15.5822    1.00000    1.00000
     1.00000   -13.0007   0.820107   -26.3751    1.00000    1.00000
     1.00000    11.2000    10.9020    17.6544    1.00000    1.00000
     1.00000    21.8044   -7.14326   -16.3926    1.00000    1.00000
     1.00000   -32.9049   -15.6549    39.9056    1.00000    1.00000
     1.00000   -13.1485    6.16134   -16.8061    1.00000    1.00000
     1.00000    8.64526   -8.33738    5.71920    1.00000    1.00000
     1.00000    23.8820   -1.18692   -7.17905    1.00000    1.00000
     1.00000   -1.74176    3.20700    19.6007    1.00000    1.00000
     1.00000   -12.3761    32.0444   -25.8247    1.00000    1.00000
     1.00000   10.22218    12.8745  -0.756332    1.00000    1.00000
     1.00000   0.138123   -10.7845   -25.3150    1.00000    1.00000
     1.00000   -31.2876   -6.64903    31.3820    1.00000    1.00000
     1.00000    1.43112  -10.54433   -13.6282    1.00000    1.00000
     1.00000    31.4184  -0.829140    7.30672    1.00000    1.00000
     1.00000    24.5806   -12.0626   -2.37391    1.00000    1.00000
     1.00000   -19.0491   -11.1597    27.6081    1.00000    1.00000
     1.00000   -18.1152    16.9282   -24.2427    1.00000    1.00000
     1.00000    9.09930    13.3556    19.7166    1.00000    1.00000
     1.00000    16.2660   -2.00683   -16.8705    1.00000    1.00000
     1.00000   -45.8427   -1.42851    40.8008    1.00000    1.00000
     1.00000   -6.01984    16.2661   -15.6370    1.00000    1.00000
     1.00000    8.02777   -12.2841   -6.92336    1.00000    1.00000
     1.00000    23.0061   -11.7800   -15.3419    1.00000    1.00000
     1.00000   -15.2097   -10.9066    19.1867    1.00000    1.00000
     1.00000   -4.18079    30.5546   -30.3025    1.00000    1.00000
     1.00000    26.6097    18.5984    2.98038    1.00000    1.00000
     1.00000    6.02090   -22.0909   -37.1694    1.00000    1.00000
     1.00000   -38.9561    4.06797    31.7353    1.00000    1.00000
     1.00000   -3.07977    1.72353   -9.45934    1.00000    1.00000
     1.00000    19.6924    9.38795    3.92133    1.00000    1.00000
     1.00000    21.4462   -21.9279   -1.94748    1.00000    1.00000
     1.00000   -20.9400   -2.84686    23.8765    1.00000    1.00000
     1.00000   -17.7854    3.00898   -17.3814    1.00000    1.00000
     1.00000    19.4222    15.8237    9.83102    1.00000    1.00000
     1.00000    24.4876   -3.72011   -9.38930    1.00000    1.00000
     1.00000   -38.0943   -7.07180    40.4892    1.00000    1.00000
     1.00000   -12.4561    9.00726   -15.8408    1.00000    1.00000
     1.00000    23.2495   -5.64521    7.34122    1.00000    1.00000
     1.00000    16.3792   -8.90779   -5.39657    1.00000    1.00000
     1.00000   -2.56425    6.05651    14.4030    1.00000    1.00000
     1.00000   -9.94370    31.4312   -27.8005    1.00000    1.00000
     1.00000    12.8925    14.3626   -8.87601    1.00000    1.00000
     1.00000    4.02063   -11.3364   -16.2735    1.00000    1.00000
     1.00000   -29.6228   -12.1010    24.3773    1.00000    1.00000
     1.00000   0.610199   -27.7198   -12.5721    1.00000    1.00000
     1.00000    32.6930    6.15284    7.91081    1.00000    1.00000
     1.00000    14.8051   -14.0376    4.16784    1.00000    1.00000
     1.00000   -17.5876    2.94437    32.9894    1.00000    1.00000
     1.00000   -17.2135    12.2925   -25.1892    1.00000    1.00000
     1.00000    5.08514    13.3191    16.3339    1.00000    1.00000
     1.00000    8.99527   -10.8816   -24.7920    1.00000    1.00000
     1.00000   -42.2417    1.22899    52.8483    1.00000    1.00000
     1.00000   -7.55902   10.57329   -9.83378    1.00000    1.00000
     1.00000    10.8493  -10.08396   -7.72736    1.00000    1.00000
     1.00000    18.1019   -12.8817   -5.88964    1.00000    1.00000
     1.00000   -5.78381   -5.75636    17.4798    1.00000    1.00000
     1.00000   -3.67789    33.9167   -32.3115    1.00000    1.00000
     1.00000    20.3614    20.6358    7.98751    1.00000    1.00000
     1.00000    9.42349   -14.9086   -31.0748    1.00000    1.00000
     1.00000   -34.9926    5.96954    36.7734    1.00000    1.00000
     1.00000   -3.70616  -10.32177   -16.4095    1.00000    1.00000
     1.00000    24.6968   0.724312   0.337715    1.00000    1.00000
     1.00000    19.3456   -24.9755   -3.93748    1.00000    1.00000
     1.00000   -23.1920   -2.32417    17.0450    1.00000    1.00000
     1.00000   -18.3942    3.44775   -20.8665    1.00000    1.00000
     1.00000    14.5154    5.82364    21.9580    1.00000    1.00000
     1.00000    22.8819   -10.6434   -25.8746    1.00000    1.00000
     1.00000   -39.6877   -15.8123    43.6403    1.00000    1.00000
     1.00000  -10.28519   -8.82339E-02   -16.4026    1.00000    1.00000
     1.00000    14.7319   -8.79906    7.54694    1.00000    1.00000
     1.00000    26.7974   -7.75612   -8.10757    1.00000    1.00000
     1.00000   -7.76080    6.83557    14.5306    1.00000    1.00000
     1.00000   -13.5997    19.3359   -26.7592    1.00000    1.00000
     1.00000    8.99631    17.6843   -2.28596    1.00000    1.00000
     1.00000  -0.608215   -13.3390   -35.4401    1.00000    1.00000
     1.00000   -29.9140   -3.58020    33.6926    1.00000    1.00000
     1.00000    2.87811   -13.8459   -13.9007    1.00000    1.00000
     1.00000    29.1023   -2.63313    5.91749    1.00000    1.00000
     1.00000    24.0110   -13.3266    1.33936    1.00000    1.00000
     1.00000   -18.4200   -13.7144    30.9188    1.00000    1.00000
     1.00000   -11.9685    15.2992   -24.3712    1.00000    1.00000
     1.00000    15.0063    18.4988    22.4404    1.00000    1.00000
     1.00000    17.3779   -9.97950   -17.6007    1.00000    1.00000
     1.00000   -43.9188   -2.08163    40.6589    1.00000    1.00000
     1.00000   -12.0302    12.0365   -18.2344    1.00000    1.00000
     1.00000    13.3183   -8.63020  -0.257561    1.00000    1.00000
     1.00000    26.9957   -16.5458   -13.0547    1.00000    1.00000
     1.00000   -14.2217   -7.36455   10.20921    1.00000    1.00000
     1.00000   -5.88007    31.8030   -35.0012    1.00000    1.00000
     1.00000    21.7857    15.9831   -1.39698    1.00000    1.00000
     1.00000    12.2977   -25.9712   -34.7957    1.00000    1.00000
     1.00000   -33.5912    1.24701    27.0707    1.00000    1.00000
     1.00000   -8.85216   -5.15105   -11.8503    1.00000    1.00000
     1.00000    18.4429    2.44964    3.28129    1.00000    1.00000
     1.00000    23.1090   -17.5305   -1.56679    1.00000    1.00000
     1.00000   -28.1598   -6.68496    23.5301    1.00000    1.00000
     1.00000   -21.3499    8.38403   -22.4168    1.00000    1.00000
     1.00000    17.4066    10.9205    3.29324    1.00000    1.00000
     1.00000    22.5896   -2.25276   -15.4796    1.00000    1.00000
     1.00000   -34.6430   -5.00069    41.0567    1.00000    1.00000
     1.00000   -6.00436    8.66207   -10.8770    1.00000    1.00000
     1.00000    18.8787   -7.13065    11.5426    1.00000    1.00000
     1.00000    25.1220   -6.25656   -7.15283    1.00000    1.00000
     1.00000    2.91019    14.4252    16.8843    1.00000    1.00000
     1.00000   -15.1340    29.1410   -28.6206    1.00000    1.00000
     1.00000    11.5823    19.3749   -4.74428    1.00000    1.00000
     1.00000    3.40158   -13.4903   -19.3707    1.00000    1.00000
     1.00000   -31.6992   -5.33723    27.8024    1.00000    1.00000
     1.00000    3.72261   -20.5308   -14.0820    1.00000    1.00000
     1.00000    31.1960    5.33377   10.34821    1.00000    1.00000
     1.00000    17.8526   -13.0672    8.16440    1.00000    1.00000
     1.00000   -18.0700   -2.40938    26.6235    1.00000    1.00000
     1.00000   -18.4028    12.3752   -21.4359    1.00000    1.00000
     1.00000   0.268265    13.0349    14.4123    1.00000    1.00000
     1.00000    13.2314   -9.93546   -26.4400    1.00000    1.00000
     1.00000   -41.2834    1.62331    40.3181    1.00000    1.00000
     1.00000   -8.26138    15.8622   -11.4500    1.00000    1.00000
     1.00000    12.7041   -12.8508   -5.65656    1.00000    1.00000
     1.00000    21.1622   -14.7019   -9.81849    1.00000    1.00000
     1.00000   -4.44341   -2.33214    13.0265    1.00000    1.00000
     1.00000   0.427277    40.9201   -34.8440    1.00000    1.00000
     1.00000    16.9566    20.7713    6.25345    1.00000    1.00000
     1.00000    3.23230   -12.4364   -28.5122    1.00000    1.00000
     1.00000   -37.6647    7.91975    33.9407    1.00000    1.00000
     1.00000   -3.08450   -9.49451   -9.52210    1.00000    1.00000
     1.00000    28.9460    2.13512   0.399940    1.00000    1.00000
     1.00000    26.6775   -32.0519    5.39840    1.00000    1.00000
     1.00000   -15.9755  -0.365288    12.8610    1.00000    1.00000
     1.00000   -13.5578   -2.51868   -24.3385    1.00000    1.00000
     1.00000    14.8931    11.4704    14.2248    1.00000    1.00000
     1.00000    20.6896   -7.30549   -20.7933    1.00000    1.00000
     1.00000   -36.1529   -11.3803    41.6214    1.00000    1.00000
     1.00000   -13.8030    2.81527   -14.5838    1.00000    1.00000
     1.00000   10.54968   -11.9678    9.67673    1.00000    1.00000
     1.00000    21.6442   0.354042   -7.34972    1.00000    1.00000
     1.00000   -4.21753  -0.360474    16.1633    1.00000    1.00000
     1.00000   -13.9456    30.5038   -23.3768    1.00000    1.00000
     1.00000    13.6338    12.2230    1.22900    1.00000    1.00000
     1.00000    1.52475   -9.53328   -29.4139    1.00000    1.00000
     1.00000   -25.2967   -3.17171    33.1524    1.00000    1.00000
     1.00000    6.37953  -10.42493   -11.9494    1.00000    1.00000
     1.00000    27.9197   0.995674    7.97355    1.00000    1.00000
     1.00000    26.4958   -8.26110   -1.99068    1.00000    1.00000
     1.00000   -18.1391   -5.82777    29.6828    1.00000    1.00000
     1.00000   -15.0167    19.2563   -23.8675    1.00000    1.00000
     1.00000    9.77461    11.7108    18.8008    1.00000    1.00000
     1.00000    18.2253   -1.69961   -14.9520    1.00000    1.00000
     1.00000   -42.7960   -4.09330    45.5552    1.00000    1.00000
     1.00000   -9.55028    17.8359   -16.2867    1.00000    1.00000
     1.00000    12.0037   -14.0646   -1.24084    1.00000    1.00000
     1.00000    26.7391   -14.3651   -14.8505    1.00000    1.00000
     1.00000   -18.4550   -6.62852    15.0135    1.00000    1.00000
     1.00000   -9.88721    30.2808   -29.7869    1.00000    1.00000
     1.00000    22.9357    20.6904    8.91495E-02    1.00000    1.00000
     1.00000    6.63872   -15.4700   -32.0202    1.00000    1.00000
     1.00000   -34.6821    4.88383    33.1931    1.00000    1.00000
     1.00000   -9.78622   -2.04643   -12.4403    1.00000    1.00000
     1.00000    20.8017    2.03765    5.55833    1.00000    1.00000
     1.00000    23.3708   -22.1067    2.59047    1.00000    1.00000
     1.00000   -25.8899  -0.813919    23.3125    1.00000    1.00000
     1.00000   -19.7768    4.68702   -18.2326    1.00000    1.00000
     1.00000    15.3193    15.9177    11.3950    1.00000    1.00000
     1.00000    25.3617   -8.47140   -10.6073    1.00000    1.00000
     1.00000   -33.3724   -9.20836    39.9387    1.00000    1.00000
     1.00000   -9.26021    7.62239   -14.1378    1.00000    1.00000
     1.00000    19.1750   -5.22868    10.9998    1.00000    1.00000
     1.00000    16.6478   -5.06025   -6.96519    1.00000    1.00000
     1.00000   -1.81161    4.45910    16.2328    1.00000    1.00000
     1.00000   -11.1068    30.1481   -25.9081    1.00000    1.00000
     1.00000    13.2738    15.5758   -4.87578    1.00000    1.00000
     1.00000    8.67444   -13.4109   -19.0191    1.00000    1.00000
     1.00000   -30.0390   -6.66199    24.2149    1.00000    1.00000
     1.00000    3.49051   -22.4407  -10.41698    1.00000    1.00000
     1.00000    30.0595    3.14672    7.55857    1.00000    1.00000
     1.00000    13.3582   -15.5218    3.29627    1.00000    1.00000
     1.00000   -19.9680   -3.50953    29.5086    1.00000    1.00000
     1.00000   -13.4682    8.80627   -25.7135    1.00000    1.00000
     1.00000    4.53992    12.7573    18.2991    1.00000    1.00000
     1.00000    8.77544   -6.43031   -26.1421    1.00000    1.00000
     1.00000   -41.0891    1.96365    51.3882    1.00000    1.00000
     1.00000   -8.90080    8.73003   -6.59383    1.00000    1.00000
     1.00000    11.3531   -10.6677   -13.4357    1.00000    1.00000
     1.00000    15.7651   -11.9080  -0.978378    1.00000    1.00000
     1.00000   -5.15413  -0.459007    18.8556    1.00000    1.00000
     1.00000   0.425751    35.6012   -33.8038    1.00000    1.00000
     1.00000    24.2099    21.5134    2.13797    1.00000    1.00000
     1.00000    8.22272   -9.47063   -28.9848    1.00000    1.00000
     1.00000   -34.8310    7.32664    35.3132    1.00000    1.00000
     1.00000   -2.79555   -10.6322   -12.3090    1.00000    1.00000
     1.00000    22.2525   0.109657    2.38459    1.00000    1.00000
     1.00000    28.0804   -30.0152    2.21252E-04    1.00000    1.00000
     1.00000   -24.5733   -2.64265    19.2527    1.00000    1.00000
     1.00000   -15.0281    1.01803   -22.0691    1.00000    1.00000
     1.00000    12.5993    5.27831    17.2570    1.00000    1.00000
     1.00000    19.3686   -10.6353   -21.9676    1.00000    1.00000
     1.00000   -37.2841   -19.2424    39.9027    1.00000    1.00000
     1.00000   -12.2303   0.854767   -18.0467    1.00000    1.00000
     1.00000    13.5218   -3.89820    6.62565    1.00000    1.00000
     1.00000    27.4206   -6.92114   -6.04474    1.00000    1.00000
     1.00000   -5.35612    6.81079    15.1756    1.00000    1.00000
     1.00000   -11.3704    25.5946   -24.6743    1.00000    1.00000
     1.00000    6.04083    14.6597  -0.595146    1.00000    1.00000
     1.00000   -2.38599   -12.7379   -36.1316    1.00000    1.00000
     1.00000   -35.3278   -1.39891    36.2467    1.00000    1.00000
     1.00000    4.29843   -17.7073   -11.8846    1.00000    1.00000
     1.00000    26.6370   -5.03948    4.28853    1.00000    1.00000
     1.00000    24.5964   -12.5650  -0.438095    1.00000    1.00000
     1.00000   -19.9749   -12.8128    28.2486    1.00000    1.00000
     1.00000   -11.2036    13.5174   -25.6664    1.00000    1.00000
     1.00000    13.5134    16.0315    21.1251    1.00000    1.00000
     1.00000    18.5471   -6.15266   -22.3400    1.00000    1.00000
     1.00000   -41.4383   -1.93559    38.5600    1.00000    1.00000
     1.00000   -6.88016    13.0534   -15.9325    1.00000    1.00000
     1.00000    8.80095   -7.47489   -1.98115    1.00000    1.00000
     1.00000    25.6360   -17.4885   -10.6316    1.00000    1.00000
     1.00000   -13.3695   -5.61728    15.3271    1.00000    1.00000
     1.00000   -4.51631    32.6812   -33.6422    1.00000    1.00000
     1.00000    25.6411    16.4759   -1.90610    1.00000    1.00000
     1.00000    10.9838   -25.1241   -40.0334    1.00000    1.00000
     1.00000   -33.1190    2.68140    31.5797    1.00000    1.00000
     1.00000   -10.6263   -2.41503   -14.4352    1.00000    1.00000
     1.00000    18.8237   0.649178    1.34917    1.00000    1.00000
     1.00000    19.4382   -18.1830   -1.64460    1.00000    1.00000
     1.00000   -28.0467   -7.06417    19.1162    1.00000    1.00000
     1.00000   -18.2135    6.95225   -21.8198    1.00000    1.00000
     1.00000    17.1840    15.7912    5.70861    1.00000    1.00000
     1.00000    24.1907   -1.48307   -12.5128    1.00000    1.00000
     1.00000   -34.6006   -5.12524    34.6809    1.00000    1.00000
     1.00000   -2.58420    5.76207   -14.9929    1.00000    1.00000
     1.00000    13.4195   -5.82169    9.29778    1.00000    1.00000
     1.00000    20.1810   -4.08015   -4.43807    1.00000    1.00000
     1.00000   -1.79666    12.5673    17.0131    1.00000    1.00000
     1.00000   -12.8746    26.8702   -29.8338    1.00000    1.00000
     1.00000    16.4756    18.8697    2.05258    1.00000    1.00000
     1.00000   0.476913   -13.5109   -19.4226    1.00000    1.00000
     1.00000   -30.0241   -4.45029    28.4407    1.00000    1.00000
     1.00000    3.92458   -20.7483   -9.44360    1.00000    1.00000
     1.00000    29.8680    1.30647    11.9382    1.00000    1.00000
     1.00000    17.4510   -11.2257    7.49520    1.00000    1.00000
     1.00000   -20.2499   -5.97860    27.7756    1.00000    1.00000
     1.00000   -16.7930   10.14543   -18.8736    1.00000    1.00000
     1.00000  -0.877014    15.2600    12.0619    1.00000    1.00000
     1.00000    16.5552   -6.34003   -23.6646    1.00000    1.00000
     1.00000   -43.7082    1.95418    45.1304    1.00000    1.00000
     1.00000   -5.73227    17.4723   -7.35934    1.00000    1.00000
     1.00000    13.7052   -12.0380   -2.02375    1.00000    1.00000
     1.00000    20.2103   -11.4126   -8.21188    1.00000    1.00000
     1.00000   -9.07204   -5.58283    13.1965    1.00000    1.00000
     1.00000    1.30322    40.8790   -37.1724    1.00000    1.00000
     1.00000    20.4306    22.7066    3.54267    1.00000    1.00000
     1.00000    2.64261   -16.5259   -29.4359    1.00000    1.00000
     1.00000   -33.0037    9.38290    31.9314    1.00000    1.00000
     1.00000   -5.53839   -10.7648  -10.01655    1.00000    1.00000
     1.00000    30.9730    2.12566   -2.93021    1.00000    1.00000
     1.00000    26.0586   -30.7030   0.903587    1.00000    1.00000
     1.00000   -19.8442   -3.29185    17.3966    1.00000    1.00000
     1.00000   -14.3279   -2.64294   -26.1801    1.00000    1.00000
     1.00000    11.9112    8.37852    16.6790    1.00000    1.00000
     1.00000    21.8490   -5.73350   -14.9746    1.00000    1.00000
     1.00000   -34.5152   -13.7808    41.1549    1.00000    1.00000
     1.00000   -14.3356    5.19439   -15.5192    1.00000    1.00000
     1.00000    11.5014   -8.96778    3.56075    1.00000    1.00000
     1.00000    26.5390   -2.51891   -5.60114    1.00000    1.00000
     1.00000   -2.41554    1.04856    18.5834    1.00000    1.00000
     1.00000   -16.0243    32.0722   -25.5558    1.00000    1.00000
     1.00000    8.95920    12.6328    1.23683    1.00000    1.00000
     1.00000    2.88387   -11.4026   -24.2666    1.00000    1.00000
     1.00000   -28.3467   -4.17455    30.4132    1.00000    1.00000
     1.00000   0.759689   -12.1498   -14.6139    1.00000    1.00000
     1.00000    28.0255  -0.821754    8.80166    1.00000    1.00000
     1.00000    23.9371   -14.7642   -5.33701    1.00000    1.00000
     1.00000   -17.9438   -11.8917    29.1535    1.00000    1.00000
     1.00000   -20.5159    16.2417   -26.6656    1.00000    1.00000
     1.00000    11.6584    14.3836    16.8886    1.00000    1.00000
     1.00000    15.1174   -3.98066   -15.8502    1.00000    1.00000
     1.00000   -43.8623  -0.434334    41.7916    1.00000    1.00000
     1.00000   -9.66710    15.8711   -15.3305    1.00000    1.00000
     1.00000    5.38371   -12.3381   -6.60748    1.00000    1.00000
     1.00000    24.6943   -10.6768   -13.6498    1.00000    1.00000
     1.00000   -16.6394   -7.92818    17.9347    1.00000    1.00000
     1.00000   -6.72348    32.6255   -28.7334    1.00000    1.00000
     1.00000    27.4242    18.7267  -0.188507    1.00000    1.00000
     1.00000    8.83755   -24.1930   -36.0594    1.00000    1.00000
     1.00000   -36.2102    2.96561    34.1680    1.00000    1.00000
     1.00000   -4.47665   0.388855   -11.6664    1.00000    1.00000
     1.00000    16.3561    6.82325    4.11087    1.00000    1.00000
     1.00000    22.3894   -24.2446   -2.92279    1.00000    1.00000
     1.00000   -23.2640   -4.29140    27.9967    1.00000    1.00000
     1.00000   -19.5582    2.69912   -18.2539    1.00000    1.00000
     1.00000    18.3343    16.8604    8.15028    1.00000    1.00000
     1.00000    23.3975   -1.24845   -10.6919    1.00000    1.00000
     1.00000   -36.2120   -7.60345    40.0720    1.00000    1.00000
     1.00000   -14.6060    10.7533   -16.4013    1.00000    1.00000
     1.00000    21.5668   -5.09736    8.27303    1.00000    1.00000
     1.00000    17.9758   -9.61335   -7.92162    1.00000    1.00000
     1.00000   -5.11963    8.55782    12.2342    1.00000    1.00000
     1.00000   -6.86848    29.6632   -28.4269    1.00000    1.00000
     1.00000    14.1534    16.8766   -6.11446    1.00000    1.00000
     1.00000    6.59546   -14.3747   -15.7688    1.00000    1.00000
     1.00000   -28.4750   -12.0215    22.1385    1.00000    1.00000
     1.00000   0.624664   -27.7732   -15.1185    1.00000    1.00000
     1.00000    34.1757    7.47575    7.41116    1.00000    1.00000
     1.00000    16.2962   -10.8439    4.33251    1.00000    1.00000
     1.00000   -18.6182   0.537239    33.9083    1.00000    1.00000
     1.00000   -17.9872    14.0712   -24.7020    1.00000    1.00000
     1.00000    2.86856    14.3950    14.3921    1.00000    1.00000
     1.00000    11.5396  -10.50781   -25.5400    1.00000    1.00000
     1.00000   -44.2462   0.134430    52.4547    1.00000    1.00000
     1.00000   -5.45268    13.5256   -9.93111    1.00000    1.00000
     1.00000    13.5507  -10.40586   -7.55309    1.00000    1.00000
     1.00000    18.7754   -11.2054   -5.03149    1.00000    1.00000
     1.00000   -6.36037   -3.28693    15.4889    1.00000    1.00000
     1.00000   -1.32544    35.1279   -32.9616    1.00000    1.00000
     1.00000    20.8870    20.1056    6.13210    1.00000    1.00000
     1.00000    5.30899   -13.9977   -32.2738    1.00000    1.00000
     1.00000   -32.1358    6.12025    37.5326    1.00000    1.00000
     1.00000   -3.65717   -11.2384   -14.0989    1.00000    1.00000
     1.00000    27.7003    3.05584  -0.865097    1.00000    1.00000
     1.00000    20.3761   -27.2282   -2.50021    1.00000    1.00000
     1.00000   -25.8611   -3.17899    17.5582    1.00000    1.00000
     1.00000   -17.6770   0.548042   -21.5216    1.00000    1.00000
     1.00000    14.0052    4.67564    19.0483    1.00000    1.00000
     1.00000    21.3195   -11.7887   -26.3716    1.00000    1.00000
     1.00000   -38.3062   -17.2544    43.7495    1.00000    1.00000
     1.00000   -13.7849   0.818619   -14.6981    1.00000    1.00000
     1.00000    11.9083   -7.28225    5.97446    1.00000    1.00000
     1.00000    30.5672   -4.36167   -8.30050    1.00000    1.00000
     1.00000   -7.16548    4.97563    14.9621    1.00000    1.00000
     1.00000   -13.3025    20.2429   -23.5704    1.00000    1.00000
     1.00000    7.65988    17.7534   -3.77229    1.00000    1.00000
     1.00000  -0.299393   -11.7775   -31.8238    1.00000    1.00000
     1.00000   -32.3007   -5.15518    32.2434    1.00000    1.00000
     1.00000    7.05890   -15.0098   -10.7421    1.00000    1.00000
     1.00000    27.8687   -2.25974    4.38821    1.00000    1.00000
     1.00000    22.3256   -13.5441    4.37450    1.00000    1.00000
     1.00000   -21.1509   -11.8295    32.9296    1.00000    1.00000
     1.00000   -14.8683    16.2518   -25.9283    1.00000    1.00000
     1.00000    14.4818    22.0867    22.3112    1.00000    1.00000
     1.00000    17.1341   -5.61571   -16.0650    1.00000    1.00000
     1.00000   -44.5822  -0.883286    38.8162    1.00000    1.00000
     1.00000   -9.48524    12.8151   -16.2160    1.00000    1.00000
     1.00000    12.4419  -10.07575   -2.15121    1.00000    1.00000
     1.00000    25.4376   -15.9835   -11.9338    1.00000    1.00000
     1.00000   -12.4059   -6.42476    11.8883    1.00000    1.00000
     1.00000   -7.36612    33.5524   -35.7145    1.00000    1.00000
     1.00000    24.5567    14.5064   0.584099    1.00000    1.00000
     1.00000    14.5194   -28.8452   -33.9036    1.00000    1.00000
     1.00000   -34.3011    3.06855    26.6486    1.00000    1.00000
     1.00000   -5.79056   -6.28659   -12.7478    1.00000    1.00000
     1.00000    17.1951  -0.807594    4.62485    1.00000    1.00000
     1.00000    26.5457   -15.9777   -1.97906    1.00000    1.00000
     1.00000   -25.2460   -2.57584    21.1350    1.00000    1.00000
     1.00000   -20.7687    6.70529   -23.4187    1.00000    1.00000
     1.00000    13.4028    13.6696    3.63313    1.00000    1.00000
     1.00000    25.0190   -1.25531   -16.0854    1.00000    1.00000
     1.00000   -36.7076   -3.74484    38.9676    1.00000    1.00000
     1.00000   -4.61984    6.31915   -13.1013    1.00000    1.00000
     1.00000    16.1690   -5.95771    9.37418    1.00000    1.00000
     1.00000    20.3510   -7.05576   -6.87516    1.00000    1.00000
     1.00000    1.52068    13.0811    17.3969    1.00000    1.00000
     1.00000   -15.5577    28.0069   -26.7507    1.00000    1.00000
     1.00000    13.8697    20.6788   -2.66862    1.00000    1.00000
     1.00000    3.90768   -12.0386   -20.6499    1.00000    1.00000
     1.00000   -33.5939   -3.99848    25.0345    1.00000    1.00000
     1.00000    5.46545   -21.0558   -11.8041    1.00000    1.00000
     1.00000    30.3173    2.92652    10.8403    1.00000    1.00000
     1.00000    18.6982   -14.2856    5.43382    1.00000    1.00000
     1.00000   -18.4888    1.05308    24.8142    1.00000    1.00000
     1.00000   -19.1745    10.9867   -22.6511    1.00000    1.00000
     1.00000    6.65588E-02    13.5221    12.4830    1.00000    1.00000
     1.00000    11.3503   -10.6508   -28.1214    1.00000    1.00000
     1.00000   -41.1956    1.81210    42.3073    1.00000    1.00000
     1.00000   -7.13754    18.7675   -13.6150    1.00000    1.00000
     1.00000    14.4651   -12.1683   -7.79280    1.00000    1.00000
     1.00000    24.0535   -14.4004  -10.46706    1.00000    1.00000
     1.00000   -5.23703   -2.30747    11.1909    1.00000    1.00000
     1.00000  -0.478088    37.9361   -33.4731    1.00000    1.00000
     1.00000    17.7191    17.3218    2.84003    1.00000    1.00000
     1.00000    1.64969   -13.3788   -31.9949    1.00000    1.00000
     1.00000   -38.1962    5.90834    31.5466    1.00000    1.00000
     1.00000   -3.20206   -10.9213   -6.70522    1.00000    1.00000
     1.00000    28.5962   0.149437    2.51402    1.00000    1.00000
     1.00000    26.4607   -30.1588    4.19359    1.00000    1.00000
     1.00000   -17.8558    2.30299    11.6616    1.00000    1.00000
     1.00000   -11.5086   -5.63046   -23.5184    1.00000    1.00000
     1.00000    13.9398    9.72292    14.0306    1.00000    1.00000
     1.00000    21.3475   -5.59872   -19.9845    1.00000    1.00000
     1.00000   -34.7157   -12.3900    42.5781    1.00000    1.00000
     1.00000   -16.9312    1.45296   -16.0112    1.00000    1.00000
     1.00000    9.62077   -9.03547    7.63424    1.00000    1.00000
     1.00000    21.2142   0.380730   -4.66175    1.00000    1.00000
     1.00000   -3.88922    2.32209    15.3410    1.00000    1.00000
     1.00000   -12.4776    29.1495   -23.4807    1.00000    1.00000
     1.00000    17.0087    12.6685   0.470238    1.00000    1.00000
     1.00000    1.62224   -7.84452   -28.3469    1.00000    1.00000
     1.00000   -28.0932   -5.09395    32.4892    1.00000    1.00000
     1.00000    3.11942   -11.1749   -14.4954    1.00000    1.00000
     1.00000    27.8389  -0.261177    4.31899    1.00000    1.00000
     1.00000    24.3714  -10.23350   -3.15538    1.00000    1.00000
     1.00000   -18.9064   -7.28484    28.4748    1.00000    1.00000
     1.00000   -16.2729    16.1955   -24.5056    1.00000    1.00000
     1.00000    12.3019    13.1256    20.3106    1.00000    1.00000
     1.00000    18.8907  -0.583916   -13.4313    1.00000    1.00000
     1.00000   -41.1454   -4.69010    47.2192    1.00000    1.00000
     1.00000   -9.35701    19.8352   -17.5552    1.00000    1.00000
     1.00000    11.0742   -11.8516   -4.33007    1.00000    1.00000
     1.00000    27.1214   -10.5955   -14.6869    1.00000    1.00000
     1.00000   -17.0432   -5.27412    14.5986    1.00000    1.00000
     1.00000   -7.15318    29.1697   -30.4100    1.00000    1.00000
     1.00000    24.8599    20.4458   0.576668    1.00000    1.00000
     1.00000    5.70041   -19.0613   -35.5316    1.00000    1.00000
     1.00000   -35.0481   0.725761    31.5939    1.00000    1.00000
     1.00000   -8.60953  -0.252068   -15.3231    1.00000    1.00000
     1.00000    18.2545    4.52068    3.96735    1.00000    1.00000
     1.00000    20.6060   -21.6851  -0.148834    1.00000    1.00000
     1.00000   -22.5618   -2.52942    22.7500    1.00000    1.00000
     1.00000   -18.4493    5.05814   -19.6817    1.00000    1.00000
     1.00000    15.4285    15.8526    8.59151    1.00000    1.00000
     1.00000    26.7994   -7.18380   -11.1318    1.00000    1.00000
     1.00000   -33.8197   -9.14733    42.2752    1.00000    1.00000
     1.00000  -10.07298    9.98667   -14.0595    1.00000    1.00000
     1.00000    21.0729   -3.45020    12.2213    1.00000    1.00000
     1.00000    17.2558   -3.63774   -5.69759    1.00000    1.00000
     1.00000   -2.73289    7.94939    15.9587    1.00000    1.00000
     1.00000   -11.8259    28.2700   -28.8638    1.00000    1.00000
     1.00000    12.7542    17.2334   -2.36198    1.00000    1.00000
     1.00000    4.65683   -15.4028   -18.3810    1.00000    1.00000
     1.00000   -29.4736   -8.31706    25.1850    1.00000    1.00000
     1.00000    3.96269   -24.9644   -11.9852    1.00000    1.00000
     1.00000    30.5018    4.14854    5.88503    1.00000    1.00000
     1.00000    10.9295   -18.4716    3.75263    1.00000    1.00000
     1.00000   -20.7228   -2.73109    31.1892    1.00000    1.00000
     1.00000   -16.6956    10.9532   -22.7423    1.00000    1.00000
     1.00000    7.71170    13.4188    18.2777    1.00000    1.00000
     1.00000    8.33362   -8.61605   -26.8496    1.00000    1.00000
     1.00000   -40.8820    4.43047    49.2174    1.00000    1.00000
     1.00000   -9.82053   10.50164   -6.46935    1.00000    1.00000
     1.00000    12.5681   -8.22477   -10.7796    1.00000    1.00000
     1.00000    16.6636   -11.0337   -4.40669    1.00000    1.00000
     1.00000   -5.06165   -2.25549    17.9815    1.00000    1.00000
     1.00000    1.71393    34.4542   -34.8161    1.00000    1.00000
     1.00000    22.6047    22.1633    5.83690    1.00000    1.00000
     1.00000   10.24527   -12.3818   -30.5153    1.00000    1.00000
     1.00000   -37.4662    6.10541    35.8836    1.00000    1.00000
     1.00000   -1.48573   -8.97874   -12.2296    1.00000    1.00000
     1.00000    23.0687    1.50060    1.20171    1.00000    1.00000
     1.00000    24.4627   -29.1097   0.449196    1.00000    1.00000
     1.00000   -21.6783   -4.11553    20.2008    1.00000    1.00000
     1.00000   -15.9755  -0.300514   -20.9012    1.00000    1.00000
     1.00000    12.0808    6.30903    13.8378    1.00000    1.00000
     1.00000    17.9009   -9.23682   -24.9333    1.00000    1.00000
     1.00000   -36.8433   -16.1641    41.8801    1.00000    1.00000
     1.00000   -12.9334   -3.56711   -15.7089    1.00000    1.00000
     1.00000    14.9544   -6.00198    5.96294    1.00000    1.00000
     1.00000    29.3215   -5.09125   -5.64170    1.00000    1.00000
     1.00000   -4.78386    4.84722    17.8158    1.00000    1.00000
     1.00000   -12.5259    22.0727   -23.3493    1.00000    1.00000
     1.00000    6.48320    12.7452  -0.968376    1.00000    1.00000
     1.00000   -2.86594   -11.0778   -37.1385    1.00000    1.00000
     1.00000   -31.8477   -1.53794    35.6400    1.00000    1.00000
     1.00000    2.62584   -17.1329   -12.8187    1.00000    1.00000
     1.00000    25.4044   -4.66979    5.81953    1.00000    1.00000
     1.00000    23.4627   -15.0355    2.94600    1.00000    1.00000
     1.00000   -20.0388   -14.6597    29.0132    1.00000    1.00000
     1.00000   -10.9133   10.43858   -27.7463    1.00000    1.00000
     1.00000    14.1622    13.8182    22.5894    1.00000    1.00000
     1.00000    18.4433   -9.98011   -19.2934    1.00000    1.00000
     1.00000   -37.1779   -2.37876    37.5847    1.00000    1.00000
     1.00000   -8.45255    13.3950   -14.0747    1.00000    1.00000
     1.00000    10.7377   -8.70176   -2.95008    1.00000    1.00000
     1.00000    23.8808   -18.2686  -10.07397    1.00000    1.00000
     1.00000   -15.7038   -7.30867    14.6593    1.00000    1.00000
     1.00000   -3.03485    28.1423   -31.7318    1.00000    1.00000
     1.00000    23.7352    15.8745   -1.83022    1.00000    1.00000
     1.00000   10.25169   -26.5579   -36.9245    1.00000    1.00000
     1.00000   -33.5950    2.15910    33.4507    1.00000    1.00000
     1.00000   -9.29340   -6.52817   -15.3005    1.00000    1.00000
     1.00000    15.7237   -1.41846    1.33505    1.00000    1.00000
     1.00000    21.1859   -16.3249   -3.48026    1.00000    1.00000
     1.00000   -26.7595   -6.76923    21.8215    1.00000    1.00000
     1.00000   -17.5860    9.28822   -25.0190    1.00000    1.00000
     1.00000    17.8301    11.9368    4.96291    1.00000    1.00000
     1.00000    25.6026   -2.88558   -12.3142    1.00000    1.00000
     1.00000   -35.4687   -3.49063    37.3410    1.00000    1.00000
     1.00000   -6.71671    6.58993   -15.8838    1.00000    1.00000
     1.00000    16.3201   -4.05282    9.96458    1.00000    1.00000
     1.00000    20.4428   -4.34992   -7.86057    1.00000    1.00000
     1.00000   -2.30305    9.82261    16.5122    1.00000    1.00000
     1.00000   -14.4762    25.8328   -30.6663    1.00000    1.00000
     1.00000    15.0832    18.5890  -0.455353    1.00000    1.00000
     1.00000    1.91403   -12.6948   -18.2963    1.00000    1.00000
     1.00000   -28.4092   -3.92478    25.3721    1.00000    1.00000
     1.00000    5.67598   -23.0858   -8.39684    1.00000    1.00000
     1.00000    27.0134    2.46969    13.0007    1.00000    1.00000
     1.00000    18.4372   -9.93815    8.66553    1.00000    1.00000
     1.00000   -17.5228   -3.76450    25.2581    1.00000    1.00000
     1.00000   -17.5732    8.73650   -20.0594    1.00000    1.00000
     1.00000  -0.704163    14.2474   10.34586    1.00000    1.00000
     1.00000    13.4252   -8.21301   -25.4422    1.00000    1.00000
     1.00000   -42.7049    3.10497    43.8385    1.00000    1.00000
     1.00000   -7.37689    18.2313   -8.38882    1.00000    1.00000
     1.00000    14.1715   -13.6807  -0.982452    1.00000    1.00000
     1.00000    22.4111   -11.1305   -5.93239    1.00000    1.00000
     1.00000  -10.44037   -6.63825    12.1897    1.00000    1.00000
     1.00000   0.526123    39.3740   -36.1088    1.00000    1.00000
     1.00000    18.8304    21.1795    6.82111    1.00000    1.00000
     1.00000    3.59807   -14.7288   -31.5401    1.00000    1.00000
     1.00000   -31.1793   10.19729    32.0236    1.00000    1.00000
     1.00000   -4.80875   -7.95713   -12.2525    1.00000    1.00000
     1.00000    31.2657   0.383537   -1.99249    1.00000    1.00000
     1.00000    27.5900   -33.5303   0.435562    1.00000    1.00000
     1.00000   -18.4598   -2.19454    14.9216    1.00000    1.00000
     1.00000   -12.6608    1.52757   -24.5355    1.00000    1.00000
     1.00000    11.5951   10.16515    15.8376    1.00000    1.00000
     1.00000    20.3961   -6.18937   -17.4446    1.00000    1.00000
     1.00000   -33.4720   -13.7922    39.4485    1.00000    1.00000
     1.00000   -13.7783    8.05001   -16.9964    1.00000    1.00000
     1.00000   10.23373   -7.83399    4.61314    1.00000    1.00000
     1.00000    25.8488   -1.09730   -6.82695    1.00000    1.00000
     1.00000   -3.64738    3.81303    19.5643    1.00000    1.00000
     1.00000   -13.2734    30.5960   -26.8722    1.00000    1.00000
     1.00000    12.1796    12.7034  -0.383339    1.00000    1.00000
     1.00000    1.70200   -9.59161   -25.6774    1.00000    1.00000
     1.00000   -29.6606   -5.62186    30.8363    1.00000    1.00000
     1.00000    1.46452   -8.81524   -12.6236    1.00000    1.00000
     1.00000    30.9957   -1.04386    5.36372    1.00000    1.00000
     1.00000    24.7628   -12.3707   -4.34161    1.00000    1.00000
     1.00000   -20.2740   -9.59930    27.3536    1.00000    1.00000
     1.00000   -19.4550    17.5523   -25.5900    1.00000    1.00000
     1.00000   10.55841    14.0137    18.5175    1.00000    1.00000
     1.00000    17.1813  -0.649529   -18.0194    1.00000    1.00000
     1.00000   -45.5312   -2.35480    42.5458    1.00000    1.00000
     1.00000   -7.94066    16.8224   -15.6687    1.00000    1.00000
     1.00000    8.00430   -12.5901   -4.94705    1.00000    1.00000
     1.00000    21.2272   -12.3560   -16.0516    1.00000    1.00000
     1.00000   -13.7605   -11.9728    20.0600    1.00000    1.00000
     1.00000   -4.25298    28.5585   -30.2011    1.00000    1.00000
     1.00000    28.5887    18.3317    2.86779    1.00000    1.00000
     1.00000    4.87033   -20.5903   -36.5181    1.00000    1.00000
     1.00000   -37.4732    4.06797    33.0773    1.00000    1.00000
     1.00000   -4.96536    1.25002   -9.92870    1.00000    1.00000
     1.00000    17.9010    8.87204    3.19715    1.00000    1.00000
     1.00000    21.3333   -19.9474   -2.20203    1.00000    1.00000
     1.00000   -20.7749   -4.56802    24.8817    1.00000    1.00000
     1.00000   -16.2442    3.35588   -18.6079    1.00000    1.00000
     1.00000    18.8521    17.7403    9.87005    1.00000    1.00000
     1.00000    26.3403   -4.28188   -9.89099    1.00000    1.00000
     1.00000   -39.3422   -8.63418    40.5318    1.00000    1.00000
     1.00000   -12.6284    10.9683   -16.1938    1.00000    1.00000
     1.00000    22.4845   -7.05068    6.14146    1.00000    1.00000
     1.00000    14.5876   -9.75231   -5.67384    1.00000    1.00000
     1.00000   -3.59953    5.29259    12.8718    1.00000    1.00000
     1.00000   -8.81017    29.7917   -27.9650    1.00000    1.00000
     1.00000    14.5019    15.5117   -8.57687    1.00000    1.00000
     1.00000    4.11945   -12.7949   -17.6384    1.00000    1.00000
     1.00000   -30.7272   -11.9233    26.0352    1.00000    1.00000
     1.00000    1.50542   -29.0070   -13.8139    1.00000    1.00000
     1.00000    33.8855    6.93298    9.31411    1.00000    1.00000
     1.00000    15.1837   -15.1309    2.53649    1.00000    1.00000
     1.00000   -18.9947    1.69122    32.3188    1.00000    1.00000
     1.00000   -16.7456    13.6556   -26.5759    1.00000    1.00000
     1.00000    3.39078    12.3288    16.7193    1.00000    1.00000
     1.00000    9.67224   -9.11893   -25.4514    1.00000    1.00000
     1.00000   -41.2548  -0.434097    53.3583    1.00000    1.00000
     1.00000   -5.85631    11.5955   -9.59724    1.00000    1.00000
     1.00000    12.1692   -9.75661   -6.26082    1.00000    1.00000
     1.00000    18.3647   -11.7571   -7.52245    1.00000    1.00000
     1.00000   -4.58632   -4.19172    17.8231    1.00000    1.00000
     1.00000   -2.44478    32.3829   -31.9549    1.00000    1.00000
     1.00000    22.1273    21.5191    7.66914    1.00000    1.00000
     1.00000    8.43610   -13.1974   -30.7636    1.00000    1.00000
     1.00000   -33.7267    4.99119    37.9735    1.00000    1.00000
     1.00000   -3.23575   -8.66387   -15.3946    1.00000    1.00000
     1.00000    26.0768    2.15481   0.115837    1.00000    1.00000
     1.00000    21.1628   -25.7037   -3.52831    1.00000    1.00000
     1.00000   -24.4742   -3.59009    16.1770    1.00000    1.00000
     1.00000   -19.5270    4.16347   -22.3512    1.00000    1.00000
     1.00000    15.2305    4.51919    20.6212    1.00000    1.00000
     1.00000    23.0703   -8.65347   -25.9434    1.00000    1.00000
     1.00000   -38.6754   -15.3674    41.9738    1.00000    1.00000
     1.00000   -12.0258   0.439255   -15.5708    1.00000    1.00000
     1.00000    13.2170   -7.49538    7.47174    1.00000    1.00000
     1.00000    28.7271   -7.45111   -7.67970    1.00000    1.00000
     1.00000   -8.84395    7.52959    16.0620    1.00000    1.00000
     1.00000   -13.2605    20.6255   -28.2498    1.00000    1.00000
     1.00000    8.00905    16.1088   -1.54890    1.00000    1.00000
     1.00000  -0.667236   -12.3437   -33.7064    1.00000    1.00000
     1.00000   -31.5089   -3.35594    34.8783    1.00000    1.00000
     1.00000    3.64827   -14.2907   -12.1094    1.00000    1.00000
     1.00000    30.7242   -3.39637    5.03040    1.00000    1.00000
     1.00000    22.3079   -13.4879    2.37537    1.00000    1.00000
     1.00000   -20.1901   -13.9731    31.8130    1.00000    1.00000
     1.00000   -12.7422    13.8751   -23.1994    1.00000    1.00000
     1.00000    14.6545    20.2495    21.5398    1.00000    1.00000
     1.00000    16.1221   -9.27496   -16.2127    1.00000    1.00000
     1.00000   -42.7467  -0.846474    39.6097    1.00000    1.00000
     1.00000   -11.4634    12.5814   -16.3954    1.00000    1.00000
     1.00000    12.4390   -8.29612    1.50742    1.00000    1.00000
     1.00000    27.9489   -16.4033   -14.8071    1.00000    1.00000
     1.00000   -12.9158   -7.64320    8.72025    1.00000    1.00000
     1.00000   -6.10330    32.5068   -36.8599    1.00000    1.00000
     1.00000    22.7946    14.5235  -0.474030    1.00000    1.00000
     1.00000    11.3534   -27.5494   -35.5816    1.00000    1.00000
     1.00000   -33.2952    1.13543    29.0455    1.00000    1.00000
     1.00000   -9.80005   -5.77917  -10.20505    1.00000    1.00000
     1.00000    17.1482    1.05022    3.88572    1.00000    1.00000
     1.00000    24.5669   -16.1760   -1.76641    1.00000    1.00000
     1.00000   -27.5499   -4.78848    23.3528    1.00000    1.00000
     1.00000   -22.8042    8.95699   -23.6644    1.00000    1.00000
     1.00000    15.5288   10.39547    2.84792    1.00000    1.00000
     1.00000    22.6323   -3.96869   -14.4531    1.00000    1.00000
     1.00000   -36.3543   -5.61423    40.2230    1.00000    1.00000
     1.00000   -5.63942    8.54987   -12.8402    1.00000    1.00000
     1.00000    18.4913   -8.47576    12.9711    1.00000    1.00000
     1.00000    23.5425   -7.12011   -8.02436    1.00000    1.00000
     1.00000    1.70209    15.6344    15.8459    1.00000    1.00000
     1.00000   -15.3575    29.9954   -26.8262    1.00000    1.00000
     1.00000    11.7832    20.9858   -5.91244    1.00000    1.00000
     1.00000    3.03488   -15.0600   -20.5545    1.00000    1.00000
     1.00000   -32.3472   -3.53821    28.3886    1.00000    1.00000
     1.00000    2.02080   -19.5345   -14.4153    1.00000    1.00000
     1.00000    31.8324    3.95278    11.6474    1.00000    1.00000
     1.00000    19.4864   -13.4939    7.09274    1.00000    1.00000
     1.00000   -17.4789   -1.78266    24.8186    1.00000    1.00000
     1.00000   -19.7165    13.8620   -21.1841    1.00000    1.00000
     1.00000   -1.40613    13.6028    15.3471    1.00000    1.00000
     1.00000    14.1479  -10.43175   -28.1469    1.00000    1.00000
     1.00000   -41.5795   0.494682    38.6938    1.00000    1.00000
     1.00000   -7.13681    17.4250   -11.9913    1.00000    1.00000
     1.00000    11.0558   -12.9286   -6.78652    1.00000    1.00000
     1.00000    21.0857   -13.2677   -11.2103    1.00000    1.00000
     1.00000   -4.46696   -3.85277    14.3254    1.00000    1.00000
     1.00000   0.768494    39.5001   -33.4776    1.00000    1.00000
     1.00000    17.2107    18.8097    5.95743    1.00000    1.00000
     1.00000    2.16757   -12.7083   -30.1832    1.00000    1.00000
     1.00000   -36.4567    7.44194    32.4200    1.00000    1.00000
     1.00000   -3.86272   -7.72811   -8.99846    1.00000    1.00000
     1.00000    30.0182   0.680916  -0.457756    1.00000    1.00000
     1.00000    28.1380   -33.0965    4.51778    1.00000    1.00000
     1.00000   -17.5752  -0.638062    14.0300    1.00000    1.00000
     1.00000   -13.0409   -4.41248   -23.9559    1.00000    1.00000
     1.00000    15.5420    13.1618    13.3774    1.00000    1.00000
     1.00000    19.5419   -8.65881   -21.7159    1.00000    1.00000
     1.00000   -37.4253   -10.8217    43.0598    1.00000    1.00000
     1.00000   -15.0647    2.17118   -15.9956    1.00000    1.00000
     1.00000   10.17851   -10.9179    8.01540    1.00000    1.00000
     1.00000    22.6313  -0.446342   -5.80534    1.00000    1.00000
     1.00000   -5.32875    1.29838    16.2790    1.00000    1.00000
     1.00000   -15.4241    31.8503   -23.3452    1.00000    1.00000
     1.00000    14.1292    13.1393  -0.478294    1.00000    1.00000
     1.00000    3.13483   -10.7145   -29.5249    1.00000    1.00000
     1.00000   -24.6820   -2.14548    31.5495    1.00000    1.00000
     1.00000    5.50856   -11.7189   -13.2013    1.00000    1.00000
     1.00000    28.3761   0.238350    6.17962    1.00000    1.00000
     1.00000    24.7865   -9.17991   -1.50687    1.00000    1.00000
     1.00000   -17.5709   -7.33239    30.8717    1.00000    1.00000
     1.00000   -14.1916    17.5862   -23.1396    1.00000    1.00000
     1.00000    11.0923    10.9983    20.1260    1.00000    1.00000
     1.00000    16.6946  -0.562462   -15.5552    1.00000    1.00000
     1.00000   -44.0556   -2.91656    44.5409    1.00000    1.00000
     1.00000   -11.3255    18.0911   -15.4016    1.00000    1.00000
     1.00000   10.43008   -13.1698   -2.09122    1.00000    1.00000
     1.00000    28.1940   -14.5507   -13.4909    1.00000    1.00000
     1.00000   -18.1433   -7.77009    16.6258    1.00000    1.00000
     1.00000   -8.98294    32.0323   -29.4484    1.00000    1.00000
     1.00000    22.6126    22.4816  -0.739815    1.00000    1.00000
     1.00000    6.20302   -16.9666   -33.2733    1.00000    1.00000
     1.00000   -35.1091    3.05663    32.5009    1.00000    1.00000
     1.00000   -9.91223  -0.639023   -13.8557    1.00000    1.00000
     1.00000    19.1980    3.10188    5.01463    1.00000    1.00000
     1.00000    23.8389   -22.5125   0.688850    1.00000    1.00000
     1.00000   -25.4010   0.961189    24.0935    1.00000    1.00000
     1.00000   -20.4668    5.66282   -16.6289    1.00000    1.00000
     1.00000    15.0271    13.9513    11.6135    1.00000    1.00000
     1.00000    25.4949   -6.90852   -9.36645    1.00000    1.00000
     1.00000   -32.2788   -8.28526    41.3358    1.00000    1.00000
     1.00000   -7.53995    8.55070   -13.7148    1.00000    1.00000
     1.00000    20.5235   -5.98435    9.73075    1.00000    1.00000
     1.00000    18.0524   -6.35825   -6.38026    1.00000    1.00000
     1.00000   -1.64748    2.64916    15.3978    1.00000    1.00000
     1.00000   -10.5933    29.0256   -27.4818    1.00000    1.00000
     1.00000    12.5111    17.3465   -4.34393    1.00000    1.00000
     1.00000    7.56671   -14.5912   -17.8444    1.00000    1.00000
     1.00000   -30.7105   -5.34478    25.5617    1.00000    1.00000
     1.00000    4.43591   -24.1901  -10.20293    1.00000    1.00000
     1.00000    28.8510    2.44512    8.98940    1.00000    1.00000
     1.00000    13.5844   -15.1895    5.25547    1.00000    1.00000
     1.00000   -21.4080   -4.61420    28.6684    1.00000    1.00000
     1.00000   -14.9033   10.17950   -25.9474    1.00000    1.00000
     1.00000    5.73367    11.1621    18.1246    1.00000    1.00000
     1.00000    7.13664   -7.29043   -25.3841    1.00000    1.00000
     1.00000   -42.0734    3.03780    50.0180    1.00000    1.00000
     1.00000   -8.29192    9.42971   -8.36576    1.00000    1.00000
     1.00000    12.0870   -9.03504   -12.5437    1.00000    1.00000
     1.00000    16.9300   -12.6179   -2.44095    1.00000    1.00000
     1.00000   -6.64331  -0.223579    17.5415    1.00000    1.00000
     1.00000  -0.239349    35.4279   -35.6820    1.00000    1.00000
     1.00000    23.4513    21.6763    3.98135    1.00000    1.00000
     1.00000    6.74059   -8.50313   -28.0536    1.00000    1.00000
     1.00000   -36.6964    7.94122    35.6905    1.00000    1.00000
     1.00000   -3.26553   -8.87275   -13.1357    1.00000    1.00000
     1.00000    20.7919   0.443443    1.05976    1.00000    1.00000
     1.00000    26.4238   -28.9008   0.117073    1.00000    1.00000
     1.00000   -22.6437   -2.42772    19.7325    1.00000    1.00000
     1.00000   -13.5896   0.299980   -23.2586    1.00000    1.00000
     1.00000    11.3560    5.92670    18.6831    1.00000    1.00000
     1.00000    20.7815   -11.9682   -21.4908    1.00000    1.00000
     1.00000   -38.8589   -18.2604    39.1573    1.00000    1.00000
     1.00000   -11.4755  -0.972549   -17.7447    1.00000    1.00000
     1.00000    12.0730   -3.43365    5.32746    1.00000    1.00000
     1.00000    25.5492   -7.50679   -5.65134    1.00000    1.00000
     1.00000   -6.14574    5.60595    16.5630    1.00000    1.00000
     1.00000   -11.6139    24.6796   -26.4360    1.00000    1.00000
     1.00000    4.47821    14.1395   -1.72988    1.00000    1.00000
     1.00000   -1.70276   -13.4672   -37.8641    1.00000    1.00000
     1.00000   -33.6274  -0.429665    35.8352    1.00000    1.00000
     1.00000    3.73059   -19.2811   -10.7888    1.00000    1.00000
     1.00000    26.6601   -5.72030    2.40812    1.00000    1.00000
     1.00000    24.8130   -14.5431  -0.638153    1.00000    1.00000
     1.00000   -20.9161   -11.3801    29.2790    1.00000    1.00000
     1.00000  -10.05099    14.8454   -24.7135    1.00000    1.00000
     1.00000    13.1944    17.6864    22.2019    1.00000    1.00000
     1.00000    17.0988   -7.51764   -22.1422    1.00000    1.00000
     1.00000   -40.2826   -2.52964    37.0396    1.00000    1.00000
     1.00000   -6.69554    14.3004   -14.3798    1.00000    1.00000
     1.00000    10.6378   -6.78881   -2.37504    1.00000    1.00000
     1.00000    24.9905   -15.9219   -9.56880    1.00000    1.00000
     1.00000   -13.6274   -5.82751    13.3550    1.00000    1.00000
     1.00000   -4.72647    30.6984   -33.7975    1.00000    1.00000
     1.00000    26.5294    18.2678   -1.91732    1.00000    1.00000
     1.00000    9.70850   -26.3992   -39.1687    1.00000    1.00000
     1.00000   -33.0801    3.04120    29.6127    1.00000    1.00000
     1.00000   -8.99179   -3.56020   -14.3053    1.00000    1.00000
     1.00000    18.9149    1.94241  -0.173729    1.00000    1.00000
     1.00000    20.6466   -19.1369  -0.367950    1.00000    1.00000
