     1.00000   -3.13353    47.4766   -22.6311    1.00000    1.00000
     1.00000   -1.95293  -10.42815    11.1720    1.00000    1.00000
     1.00000   -7.67776    1.90074    39.1923    1.00000    1.00000
     1.00000   -19.3965   -39.7144   -19.3109    1.00000    1.00000
     1.00000    13.7867    31.1025    10.5776    1.00000    1.00000
     1.00000   -11.1953   -4.03299    28.5286    1.00000    1.00000
     1.00000    15.7420    10.6014  -0.673447    1.00000    1.00000
     1.00000   -18.0063   -44.0097  -0.504623    1.00000    1.00000
     1.00000    14.9968    29.7164   -32.3164    1.00000    1.00000
     1.00000    2.33949   -36.3094    9.40149    1.00000    1.00000
     1.00000    11.2058    2.72522    7.19987    1.00000    1.00000
     1.00000   -7.56377   -27.0055   -31.2288    1.00000    1.00000
     1.00000    14.8203    51.9435    6.78322    1.00000    1.00000
     1.00000    3.15994    1.86377    12.4429    1.00000    1.00000
     1.00000    6.27327    18.0273   -24.4334    1.00000    1.00000
     1.00000    1.23096   -28.7525    2.31245    1.00000    1.00000
     1.00000   10.06215    54.6581  -10.55890    1.00000    1.00000
     1.00000   -11.9025   -25.5044    25.8183    1.00000    1.00000
     1.00000    7.30536    5.30689    25.7362    1.00000    1.00000
     1.00000   -9.76607   -50.2091   -23.7239    1.00000    1.00000
     1.00000    14.0283    42.3884    12.7670    1.00000    1.00000
     1.00000   -22.5117    6.34516    23.4613    1.00000    1.00000
     1.00000    18.8820    18.0094   -13.1051    1.00000    1.00000
     1.00000   -24.4907   -39.8840   -6.12503    1.00000    1.00000
     1.00000    1.80457    36.1303   -25.7690    1.00000    1.00000
     1.00000   -7.03561   -32.1736    19.7984    1.00000    1.00000
     1.00000    12.7935    4.13299    17.8173    1.00000    1.00000
     1.00000    4.28697   -34.9649   -27.1681    1.00000    1.00000
     1.00000    10.8528    44.9754   -1.31589    1.00000    1.00000
     1.00000   -8.47231  -0.585045    20.8142    1.00000    1.00000
     1.00000   10.43169    11.4008   -24.2475    1.00000    1.00000
     1.00000   -12.5785   -38.9763   -9.25741    1.00000    1.00000
     1.00000   -4.16795    43.6082   -18.9354    1.00000    1.00000
     1.00000   -9.02905   -8.29790    15.5126    1.00000    1.00000
     1.00000   -3.63464E-02    2.55491    27.0116    1.00000    1.00000
     1.00000   -11.9433   -35.4055   -17.1750    1.00000    1.00000
     1.00000    18.0535    31.7913    13.8673    1.00000    1.00000
     1.00000   -17.2595  -10.24188    28.0708    1.00000    1.00000
     1.00000    13.4573    12.6340   -3.03807    1.00000    1.00000
     1.00000   -14.4242   -40.8352   0.399200    1.00000    1.00000
     1.00000    8.68256    31.6571   -24.8009    1.00000    1.00000
     1.00000   -5.43695   -36.6885    12.3725    1.00000    1.00000
     1.00000    2.45111    1.02455    15.8748    1.00000    1.00000
     1.00000   -14.3846   -26.1159   -20.5677    1.00000    1.00000
     1.00000    10.7816    47.1380    11.5917    1.00000    1.00000
     1.00000   0.894791   -4.01920    18.1070    1.00000    1.00000
     1.00000    12.9793    26.0538   -18.9510    1.00000    1.00000
     1.00000   -5.67361   -29.7615    3.20679    1.00000    1.00000
     1.00000    3.16730    52.5495   -25.7618    1.00000    1.00000
     1.00000   -4.06111   -28.8656    18.2877    1.00000    1.00000
     1.00000   0.362503    7.15672    23.7119    1.00000    1.00000
     1.00000   -3.99408   -45.5127   -26.7952    1.00000    1.00000
     1.00000    5.57487    43.6516    12.3168    1.00000    1.00000
     1.00000   -19.5666   -1.15508    24.4321    1.00000    1.00000
     1.00000    16.9489    17.4609   -8.99928    1.00000    1.00000
     1.00000   -26.2909   -46.7169   -1.76241    1.00000    1.00000
     1.00000    1.83481    37.2529   -24.0690    1.00000    1.00000
     1.00000   -2.70743   -38.1923    14.7163    1.00000    1.00000
     1.00000    22.9353    8.89323    13.6585    1.00000    1.00000
     1.00000   -3.56566   -38.9862   -25.1606    1.00000    1.00000
     1.00000    8.18494    48.9784   -4.38692    1.00000    1.00000
     1.00000   -18.2634    4.27795    16.9032    1.00000    1.00000
     1.00000    19.2642    15.7503   -23.3656    1.00000    1.00000
     1.00000   -13.5466   -31.5064   -8.70081    1.00000    1.00000
     1.00000    2.23309    47.5711   -15.7689    1.00000    1.00000
     1.00000    5.20171   -15.0923    9.90730    1.00000    1.00000
     1.00000   -4.40173   -4.12165    36.8650    1.00000    1.00000
     1.00000   -12.5378   -39.8451   -20.8792    1.00000    1.00000
     1.00000    11.0321    32.8993    4.50011    1.00000    1.00000
     1.00000   -7.36205   -6.26836    33.1246    1.00000    1.00000
     1.00000    15.5072    12.5378    6.27840    1.00000    1.00000
     1.00000   -18.3881   -44.3883    4.73576    1.00000    1.00000
     1.00000    14.5277    28.0648   -33.3421    1.00000    1.00000
     1.00000   -2.61855   -34.8522    8.17464    1.00000    1.00000
     1.00000    16.4523    4.45064    6.01846    1.00000    1.00000
     1.00000   -5.22908   -31.7865   -28.1584    1.00000    1.00000
     1.00000    10.7033    52.1234   -2.68195    1.00000    1.00000
     1.00000    3.47218   -3.48438    20.1069    1.00000    1.00000
     1.00000    3.82530    18.8658   -25.0641    1.00000    1.00000
     1.00000  -0.524841   -29.1075   -4.15343    1.00000    1.00000
     1.00000    8.60501    53.6134   -17.6064    1.00000    1.00000
     1.00000   -19.7385   -29.5157    28.9838    1.00000    1.00000
     1.00000    13.7672    3.72618    23.9102    1.00000    1.00000
     1.00000   -5.05402   -51.5365   -22.8423    1.00000    1.00000
     1.00000    13.3008    40.1851   10.02350    1.00000    1.00000
     1.00000   -20.3157    2.22323    25.7269    1.00000    1.00000
     1.00000    15.8249    20.3540   -15.9171    1.00000    1.00000
     1.00000   -23.2148   -43.6061   -3.33699    1.00000    1.00000
     1.00000   -4.89154    40.8654   -22.1734    1.00000    1.00000
     1.00000   -7.74838   -34.6713    17.4693    1.00000    1.00000
     1.00000    15.3593    9.62138    13.0348    1.00000    1.00000
     1.00000   -4.57175   -32.8584   -24.4563    1.00000    1.00000
     1.00000    13.4975    45.9399    1.65996    1.00000    1.00000
     1.00000   -10.5777   -3.66087    16.7489    1.00000    1.00000
     1.00000    12.6442    16.8332   -19.8605    1.00000    1.00000
     1.00000   -12.4981   -36.7105   -7.87173    1.00000    1.00000
     1.00000   -2.89220    45.7556   -17.7764    1.00000    1.00000
     1.00000   -6.88614   -8.59342   10.31067    1.00000    1.00000
     1.00000   -9.28192E-02   -2.59156    31.4512    1.00000    1.00000
     1.00000   -13.8823   -33.3736   -14.6211    1.00000    1.00000
     1.00000    18.2261    31.0083   10.38844    1.00000    1.00000
     1.00000   -12.6341   -8.64269    28.3576    1.00000    1.00000
     1.00000    15.9648    6.63868   -2.67873    1.00000    1.00000
     1.00000   -21.9013   -40.3826    8.25291    1.00000    1.00000
     1.00000    4.80321    28.5594   -30.1613    1.00000    1.00000
     1.00000   -9.11963   -41.9982    11.3622    1.00000    1.00000
     1.00000    11.8092  -0.429691    14.5031    1.00000    1.00000
     1.00000   -10.9961   -24.9861   -26.6232    1.00000    1.00000
     1.00000    20.7827    42.5517    10.6669    1.00000    1.00000
     1.00000   0.611084   0.417896   10.16615    1.00000    1.00000
     1.00000    9.41652    20.1193   -27.4698    1.00000    1.00000
     1.00000   -4.85141   -34.9141    2.36520    1.00000    1.00000
     1.00000    5.04604    50.8094   -21.7235    1.00000    1.00000
     1.00000    1.01129   -22.3679    14.0446    1.00000    1.00000
     1.00000    2.83916    1.64048    25.2506    1.00000    1.00000
     1.00000   -11.2969   -44.6135   -26.5487    1.00000    1.00000
     1.00000    6.34181    41.5939    9.98132    1.00000    1.00000
     1.00000   -9.17842   -2.96104    27.1920    1.00000    1.00000
     1.00000    20.4069    11.3462   -6.60434    1.00000    1.00000
     1.00000   -24.8703   -50.2441   -2.44165    1.00000    1.00000
     1.00000    6.20102    37.7682   -22.5907    1.00000    1.00000
     1.00000   -5.12126   -31.8155    23.7054    1.00000    1.00000
     1.00000    20.5898    11.1025    16.9856    1.00000    1.00000
     1.00000   -6.83775   -42.8326   -23.9935    1.00000    1.00000
     1.00000    11.1801    48.6958   -6.02863    1.00000    1.00000
     1.00000   -19.6323    5.27577    15.8400    1.00000    1.00000
     1.00000    11.9659    25.5515   -31.7073    1.00000    1.00000
     1.00000   -12.6226   -33.1665   -4.51941    1.00000    1.00000
     1.00000   -4.71997    49.9716   -22.6316    1.00000    1.00000
     1.00000  -0.563141   -13.6604    11.0507    1.00000    1.00000
     1.00000   -5.64505   -1.01110    39.0424    1.00000    1.00000
     1.00000   -20.0818   -37.5753   -22.3055    1.00000    1.00000
     1.00000    13.7134    34.4876    8.06242    1.00000    1.00000
     1.00000   -8.94016   -9.38538    32.8349    1.00000    1.00000
     1.00000    14.6874    9.20028   0.846130    1.00000    1.00000
     1.00000   -20.5841   -42.9692   0.106293    1.00000    1.00000
     1.00000    7.05167    28.5386   -33.6250    1.00000    1.00000
     1.00000    2.02655   -32.4823   10.55704    1.00000    1.00000
     1.00000    13.6265    3.82088    8.80898    1.00000    1.00000
     1.00000  -10.21524   -27.3238   -29.2225    1.00000    1.00000
     1.00000    18.5453    52.0230   10.48647    1.00000    1.00000
     1.00000    2.73962   -3.57797    12.4549    1.00000    1.00000
     1.00000    5.76230    23.0639   -25.2763    1.00000    1.00000
     1.00000   0.812988   -29.1315  -0.450272    1.00000    1.00000
     1.00000    7.87372    53.7182   -11.9427    1.00000    1.00000
     1.00000   -7.28847   -27.2702    20.0083    1.00000    1.00000
     1.00000    4.07506    7.31603    24.6698    1.00000    1.00000
     1.00000   -6.17645   -54.6330   -22.7921    1.00000    1.00000
     1.00000    16.5588    45.5680    11.2027    1.00000    1.00000
     1.00000   -25.3761    9.69562    24.6971    1.00000    1.00000
     1.00000    18.0702    14.7321   -13.6796    1.00000    1.00000
     1.00000   -28.6335   -40.6847   -4.97609    1.00000    1.00000
     1.00000   -4.64090    33.5492   -24.8315    1.00000    1.00000
     1.00000   -8.03876   -31.4502    16.8149    1.00000    1.00000
     1.00000    15.8107    7.84962    16.2196    1.00000    1.00000
     1.00000  -0.341919   -35.3125   -28.1038    1.00000    1.00000
     1.00000    16.3691    47.9566    1.13812    1.00000    1.00000
     1.00000   -2.45511   -1.43878    21.4089    1.00000    1.00000
     1.00000    15.0888    11.2252   -26.5427    1.00000    1.00000
     1.00000   -14.9288   -38.8121  -0.867981    1.00000    1.00000
     1.00000   -8.15477    44.9962   -21.1964    1.00000    1.00000
     1.00000  -10.49922   -11.5307    16.9713    1.00000    1.00000
     1.00000   -1.64612   -2.04345    28.1536    1.00000    1.00000
     1.00000  -10.47516   -39.6200   -16.3524    1.00000    1.00000
     1.00000    15.3040    33.3097    14.8529    1.00000    1.00000
     1.00000   -15.7176   -9.26499    27.2534    1.00000    1.00000
     1.00000    11.6560    8.40730   -4.39006    1.00000    1.00000
     1.00000   -18.0558   -40.0258    2.20393    1.00000    1.00000
     1.00000    7.81610    30.2417   -26.3237    1.00000    1.00000
     1.00000   -2.50058   -40.1044    10.9073    1.00000    1.00000
     1.00000    8.64995  -0.838459    15.2347    1.00000    1.00000
     1.00000   -11.2626   -29.0955   -23.8534    1.00000    1.00000
     1.00000    14.0249    50.2742    13.5447    1.00000    1.00000
     1.00000   0.238220   -1.17389    18.4301    1.00000    1.00000
     1.00000   10.24097    25.9050   -22.3801    1.00000    1.00000
     1.00000   -7.07271   -30.7499    2.17450    1.00000    1.00000
     1.00000    5.91524    55.8721   -22.0711    1.00000    1.00000
     1.00000   -3.69690   -24.3550    14.1611    1.00000    1.00000
     1.00000    2.38464    6.03168    20.4535    1.00000    1.00000
     1.00000   -6.43784   -45.2461   -21.1703    1.00000    1.00000
     1.00000    5.28389    45.6047    12.6339    1.00000    1.00000
     1.00000   -15.4598   -3.28837    21.9682    1.00000    1.00000
     1.00000    19.3116    16.5036   -3.44295    1.00000    1.00000
     1.00000   -26.8955   -43.5640   -3.09818    1.00000    1.00000
     1.00000    3.57318    29.2635   -27.4626    1.00000    1.00000
     1.00000   -1.99110   -33.6516    19.5638    1.00000    1.00000
     1.00000    23.9418    10.6230    11.9819    1.00000    1.00000
     1.00000   -1.81671   -39.9556   -25.1217    1.00000    1.00000
     1.00000    8.33217    45.9362   -6.68182    1.00000    1.00000
     1.00000   -13.7984    5.90121    16.7972    1.00000    1.00000
     1.00000    16.3189    15.5625   -21.8715    1.00000    1.00000
     1.00000   -12.3264   -32.3020   -6.29842    1.00000    1.00000
     1.00000    3.31493    47.8584   -21.5140    1.00000    1.00000
     1.00000    2.33223   -16.8453    14.6290    1.00000    1.00000
     1.00000   -3.13481   -2.66925    33.5237    1.00000    1.00000
     1.00000   -10.9266   -42.8499   -20.3588    1.00000    1.00000
     1.00000    13.1294    33.7147    6.31268    1.00000    1.00000
     1.00000   -7.06830   -5.58771    29.6192    1.00000    1.00000
     1.00000    16.4711   10.37083    2.84259    1.00000    1.00000
     1.00000   -15.0110   -51.2511    5.94667    1.00000    1.00000
     1.00000    14.2706    27.5024   -35.2441    1.00000    1.00000
     1.00000  -0.406372   -36.8378    7.94855    1.00000    1.00000
     1.00000    17.5654   10.39718    8.62021    1.00000    1.00000
     1.00000   -7.47906   -28.6830   -30.1430    1.00000    1.00000
     1.00000    13.2509    51.8067    1.44185    1.00000    1.00000
     1.00000    5.34674   -5.90071    17.5201    1.00000    1.00000
     1.00000    1.32596    17.1436   -26.9437    1.00000    1.00000
     1.00000  -0.176666   -28.0194   -8.95184    1.00000    1.00000
     1.00000    3.41721    54.8340   -18.0410    1.00000    1.00000
     1.00000   -13.9172   -26.6966    25.8900    1.00000    1.00000
     1.00000    10.8868   0.257641    17.7186    1.00000    1.00000
     1.00000  -0.995667   -45.4233   -23.4916    1.00000    1.00000
     1.00000    14.3132    37.6863    7.70381    1.00000    1.00000
     1.00000   -21.5046    4.95477    24.4871    1.00000    1.00000
     1.00000    13.4712    26.2969   -15.2616    1.00000    1.00000
     1.00000   -20.5007   -40.6663   -3.37750    1.00000    1.00000
     1.00000   -2.65353    36.9381   -24.5412    1.00000    1.00000
     1.00000   -5.87506   -37.8159    16.0666    1.00000    1.00000
     1.00000    16.5804    8.40995    14.4607    1.00000    1.00000
     1.00000   -2.41656   -31.7488   -30.6831    1.00000    1.00000
     1.00000    14.3910    47.6658    1.18776    1.00000    1.00000
     1.00000   -9.93320   -2.56526    19.4126    1.00000    1.00000
     1.00000    13.7276    16.1009   -22.4150    1.00000    1.00000
     1.00000   -16.4736   -35.8576   -9.15636    1.00000    1.00000
     1.00000   -5.18585    45.0885   -15.4335    1.00000    1.00000
     1.00000   -4.11343   -9.87540    12.8479    1.00000    1.00000
     1.00000   -1.61833   -7.05814    32.8853    1.00000    1.00000
     1.00000   -17.5781   -35.6881   -12.9560    1.00000    1.00000
     1.00000    21.1659    31.2557    12.2483    1.00000    1.00000
     1.00000   -14.4004   -7.81757    31.8174    1.00000    1.00000
     1.00000    18.7927    3.63966    1.80829    1.00000    1.00000
     1.00000   -19.2817   -39.9897    6.17529    1.00000    1.00000
     1.00000    4.04483    30.0527   -31.2544    1.00000    1.00000
     1.00000   -8.87959   -39.2242    13.0421    1.00000    1.00000
     1.00000    6.56216   -2.03554    8.94238    1.00000    1.00000
     1.00000   -8.12532   -21.1702   -23.4027    1.00000    1.00000
     1.00000    14.0604    45.1782   10.26904    1.00000    1.00000
     1.00000   -3.32300   -1.29736    8.85010    1.00000    1.00000
     1.00000   10.24425    23.4469   -24.8108    1.00000    1.00000
     1.00000   -5.63908   -35.6026    4.06978    1.00000    1.00000
     1.00000    1.26924    55.0627   -20.4953    1.00000    1.00000
     1.00000    1.05289   -20.1381    9.99101    1.00000    1.00000
     1.00000   0.850403    1.65348    25.4621    1.00000    1.00000
     1.00000   -10.9095   -46.0914   -23.5033    1.00000    1.00000
     1.00000    8.63489    40.5528    13.9381    1.00000    1.00000
     1.00000   -5.04614    2.16911    23.6784    1.00000    1.00000
     1.00000    19.0547    14.7319   -2.55118    1.00000    1.00000
     1.00000   -26.2761   -47.4450   0.542450    1.00000    1.00000
     1.00000    2.69510    38.1439   -18.5166    1.00000    1.00000
     1.00000   -1.49237   -35.2437    25.0856    1.00000    1.00000
     1.00000    19.2300    12.1521    13.5478    1.00000    1.00000
     1.00000   -8.29173   -40.4575   -27.5996    1.00000    1.00000
     1.00000    10.6738    51.6784   -7.80147    1.00000    1.00000
     1.00000   -21.8849    6.99853    11.0714    1.00000    1.00000
     1.00000    14.8907    19.3596   -26.8625    1.00000    1.00000
     1.00000   -16.0704   -31.8482   -4.17123    1.00000    1.00000
     1.00000   0.219452    46.5844   -23.2260    1.00000    1.00000
     1.00000  -0.410599   -11.1250    7.67473    1.00000    1.00000
     1.00000   -5.80008    3.42115    36.4378    1.00000    1.00000
     1.00000   -15.8436   -40.8578   -19.6122    1.00000    1.00000
     1.00000    17.0220    33.4562    9.35942    1.00000    1.00000
     1.00000   -11.0694   -3.36070    30.4081    1.00000    1.00000
     1.00000    18.8757   10.39268   -2.94125    1.00000    1.00000
     1.00000   -17.8037   -45.2575    2.98160    1.00000    1.00000
     1.00000    13.1450    33.4140   -29.7620    1.00000    1.00000
     1.00000   0.879242   -37.4505   10.15355    1.00000    1.00000
     1.00000    12.2916    2.33176    8.83275    1.00000    1.00000
     1.00000   -8.01868   -27.3933   -33.1374    1.00000    1.00000
     1.00000    12.2190    51.3771    3.10039    1.00000    1.00000
     1.00000    1.89359    1.83753    10.7491    1.00000    1.00000
     1.00000    7.96999    19.9897   -26.0948    1.00000    1.00000
     1.00000   -2.92001   -29.7978   0.524399    1.00000    1.00000
     1.00000    7.33832    53.2632   -9.11159    1.00000    1.00000
     1.00000  -10.28726   -27.5105    23.1405    1.00000    1.00000
     1.00000    8.57031    4.01542    24.8807    1.00000    1.00000
     1.00000   -9.38335   -55.2214   -24.0628    1.00000    1.00000
     1.00000    13.1774    42.3972    10.9571    1.00000    1.00000
     1.00000   -22.9329    5.40321    21.0472    1.00000    1.00000
     1.00000    17.7785    19.1670   -16.6028    1.00000    1.00000
     1.00000   -26.8935   -38.8276   -8.71478    1.00000    1.00000
     1.00000  -0.698013    34.1917   -23.9036    1.00000    1.00000
     1.00000   -9.25131   -30.1717    22.3216    1.00000    1.00000
     1.00000    11.2634    2.98542    15.6061    1.00000    1.00000
     1.00000    1.62540   -36.1811   -25.3719    1.00000    1.00000
     1.00000    13.7745    48.2973   -3.52029    1.00000    1.00000
     1.00000   -5.31749    1.95234    20.9045    1.00000    1.00000
     1.00000    12.9896    9.64748   -26.0873    1.00000    1.00000
     1.00000   -13.4301   -37.0735   -6.13979    1.00000    1.00000
     1.00000   -3.35641    44.2791   -20.6358    1.00000    1.00000
     1.00000  -10.16177   -9.91218    15.8459    1.00000    1.00000
     1.00000   -1.49286    3.06858    28.2823    1.00000    1.00000
     1.00000   -12.6375   -37.4329   -18.1722    1.00000    1.00000
     1.00000    16.0620    31.8641    13.6971    1.00000    1.00000
     1.00000   -20.7153   -13.0670    28.3751    1.00000    1.00000
     1.00000    14.4078    10.7602   -4.52892    1.00000    1.00000
     1.00000   -16.7567   -39.1656   -1.59868    1.00000    1.00000
     1.00000    7.08879    31.7320   -28.1337    1.00000    1.00000
     1.00000   -9.25398   -36.4762    13.4270    1.00000    1.00000
     1.00000    5.79253    2.11396    16.2699    1.00000    1.00000
     1.00000   -15.7343   -26.4842   -24.4140    1.00000    1.00000
     1.00000    12.1233    45.7198    12.0261    1.00000    1.00000
     1.00000  -0.996353   -2.07949    20.1999    1.00000    1.00000
     1.00000    15.8860    26.6539   -19.5397    1.00000    1.00000
     1.00000   -2.47652   -29.5972    2.99731    1.00000    1.00000
     1.00000    2.50447    53.4734   -22.1527    1.00000    1.00000
     1.00000   -3.87041   -27.0365    15.6452    1.00000    1.00000
     1.00000   0.759354    6.30555    25.4777    1.00000    1.00000
     1.00000   -6.35155   -49.2474   -24.0297    1.00000    1.00000
     1.00000    5.10458    41.7606    11.8663    1.00000    1.00000
     1.00000   -18.5898   -2.67904    27.6242    1.00000    1.00000
     1.00000    18.2486    16.9791   -11.5122    1.00000    1.00000
     1.00000   -25.2882   -44.7536   -4.35558    1.00000    1.00000
     1.00000    3.55721    34.0732   -23.0671    1.00000    1.00000
     1.00000   -1.91208   -36.1842    16.2867    1.00000    1.00000
     1.00000    23.4673    9.12440    18.1208    1.00000    1.00000
     1.00000   -3.79276   -36.8139   -24.6104    1.00000    1.00000
     1.00000    8.80093    51.7018   -7.10025    1.00000    1.00000
     1.00000   -15.5491    5.78115    17.7567    1.00000    1.00000
     1.00000    17.4295    16.5462   -23.3718    1.00000    1.00000
     1.00000   -14.5520   -28.9824   -7.39915    1.00000    1.00000
     1.00000    2.42047    49.0743   -19.2718    1.00000    1.00000
     1.00000    4.45380   -13.4759    10.8172    1.00000    1.00000
     1.00000   -3.39661   -5.62546    34.6933    1.00000    1.00000
     1.00000   -15.4826   -39.5452   -16.0013    1.00000    1.00000
     1.00000    12.7132    31.8767    4.14224    1.00000    1.00000
     1.00000   -7.21080   -3.67154    30.1741    1.00000    1.00000
     1.00000    16.2224    12.9587    8.09810    1.00000    1.00000
     1.00000   -17.1711   -45.9754    4.73782    1.00000    1.00000
     1.00000    14.4072    27.0257   -31.6374    1.00000    1.00000
     1.00000  -0.293915   -35.0782    6.14447    1.00000    1.00000
     1.00000    17.5452    6.98959    7.97887    1.00000    1.00000
     1.00000   -3.57355   -29.4649   -26.8473    1.00000    1.00000
     1.00000    7.37897    49.4073   -2.60750    1.00000    1.00000
     1.00000    5.55185   -5.07729    19.5239    1.00000    1.00000
     1.00000    1.00140    20.0246   -27.5774    1.00000    1.00000
     1.00000   0.703186   -26.0814   -6.47897    1.00000    1.00000
     1.00000   10.35107    54.5705   -17.4190    1.00000    1.00000
     1.00000   -17.0363   -28.7147    26.1536    1.00000    1.00000
     1.00000    15.2357    3.79147    22.2498    1.00000    1.00000
     1.00000   -5.62274   -49.7201   -22.2282    1.00000    1.00000
     1.00000    11.7681    38.9542   10.39189    1.00000    1.00000
     1.00000   -20.9503    4.48223    28.0289    1.00000    1.00000
     1.00000    15.0055    18.8371   -16.9308    1.00000    1.00000
     1.00000   -21.6893   -43.3367   -7.04126    1.00000    1.00000
     1.00000   -3.62201    43.1063   -23.8831    1.00000    1.00000
     1.00000   -7.27800   -36.4998    18.1292    1.00000    1.00000
     1.00000    13.9444    10.8745    13.6887    1.00000    1.00000
     1.00000   -1.54523   -33.9746   -27.2309    1.00000    1.00000
     1.00000    9.78474    44.6376    4.75847    1.00000    1.00000
     1.00000   -9.12988   -4.69514    15.6493    1.00000    1.00000
     1.00000    14.3174    19.4590   -20.7023    1.00000    1.00000
     1.00000   -11.3505   -35.1967  -10.21323    1.00000    1.00000
     1.00000   0.256683    47.5333   -16.0727    1.00000    1.00000
     1.00000   -7.24132   -8.25078    14.6172    1.00000    1.00000
     1.00000   -3.42073   -4.75853    32.0336    1.00000    1.00000
     1.00000   -15.7257   -31.8545   -12.4955    1.00000    1.00000
     1.00000    19.0221    30.7368    12.2607    1.00000    1.00000
     1.00000   -13.7761   -9.72799    27.1256    1.00000    1.00000
     1.00000    16.0925    4.68741   -1.90277    1.00000    1.00000
     1.00000   -23.3387   -36.9373    8.01855    1.00000    1.00000
     1.00000    7.51976    30.0102   -29.0554    1.00000    1.00000
     1.00000   -11.0911   -43.3506    9.99629    1.00000    1.00000
     1.00000    10.6804    2.23893    11.8989    1.00000    1.00000
     1.00000   -12.5651   -26.6647   -25.6300    1.00000    1.00000
     1.00000    17.2588    41.4289   10.23808    1.00000    1.00000
     1.00000   0.311188   -2.37916    11.2847    1.00000    1.00000
     1.00000    11.9637    22.7040   -28.3213    1.00000    1.00000
     1.00000   -3.04192   -32.5251    2.41530    1.00000    1.00000
     1.00000    5.94530    49.2601   -17.5550    1.00000    1.00000
     1.00000    3.78842   -22.3032    14.6422    1.00000    1.00000
     1.00000    1.83980   -1.89830    26.4173    1.00000    1.00000
     1.00000   -12.7933   -42.8032   -25.2233    1.00000    1.00000
     1.00000    6.75958    43.8005   10.27414    1.00000    1.00000
     1.00000  -10.30704   -2.50514    23.5692    1.00000    1.00000
     1.00000    21.0317   10.24162   -4.40472    1.00000    1.00000
     1.00000   -27.4559   -49.4280   -2.70641    1.00000    1.00000
     1.00000    3.62909    38.0954   -23.8030    1.00000    1.00000
     1.00000   -5.77859   -31.3175    21.0972    1.00000    1.00000
     1.00000    18.8689    9.33582    15.1484    1.00000    1.00000
     1.00000   -5.11809   -41.0298   -24.1882    1.00000    1.00000
     1.00000    12.7110    48.1610   -7.19922    1.00000    1.00000
     1.00000   -21.0658    5.78182    12.4311    1.00000    1.00000
     1.00000    13.3296    23.8094   -29.5489    1.00000    1.00000
     1.00000  -10.48807   -33.1071   -1.72849    1.00000    1.00000
     1.00000   -2.24773    49.2580   -22.4265    1.00000    1.00000
     1.00000   -2.24570   -13.7195    7.83363    1.00000    1.00000
     1.00000   -7.24677    1.58206    41.1191    1.00000    1.00000
     1.00000   -18.4382   -38.0371   -24.2449    1.00000    1.00000
     1.00000    14.3927    34.4867    11.4991    1.00000    1.00000
     1.00000   -11.0292   -7.77110    29.1728    1.00000    1.00000
     1.00000    12.8296    9.89504   -4.22668E-02    1.00000    1.00000
     1.00000   -21.5031   -43.9495   -2.36124    1.00000    1.00000
     1.00000    9.74812    30.6920   -31.6461    1.00000    1.00000
     1.00000   0.208038   -33.3665    8.51830    1.00000    1.00000
     1.00000    14.7125    4.55729    7.29953    1.00000    1.00000
     1.00000   -9.16844   -27.9641   -27.6432    1.00000    1.00000
     1.00000    15.2288    51.3674    8.65436    1.00000    1.00000
     1.00000    3.67934   -2.66478    10.9439    1.00000    1.00000
     1.00000    4.98563    24.0394   -28.6721    1.00000    1.00000
     1.00000  -0.453018   -28.8170   -2.17595    1.00000    1.00000
     1.00000    8.35283    55.4811   -16.9369    1.00000    1.00000
     1.00000   -8.33241   -27.5809    21.6857    1.00000    1.00000
     1.00000    4.81828    6.66673    26.6268    1.00000    1.00000
     1.00000   -8.10696   -55.0847   -22.5291    1.00000    1.00000
     1.00000    14.9505    43.7085    13.9531    1.00000    1.00000
     1.00000   -22.7297    9.08220    22.3894    1.00000    1.00000
     1.00000    15.5884    17.8450   -14.5074    1.00000    1.00000
     1.00000   -26.7352   -38.6821   -4.41638    1.00000    1.00000
     1.00000   -2.82603    34.0264   -25.5233    1.00000    1.00000
     1.00000   -5.68510   -33.5603    14.5699    1.00000    1.00000
     1.00000    13.9591    5.56305    15.9872    1.00000    1.00000
     1.00000    9.88770E-02   -37.7429   -28.3916    1.00000    1.00000
     1.00000    15.4419    49.3994   -3.44894    1.00000    1.00000
     1.00000   -3.99600   0.560501    20.3419    1.00000    1.00000
     1.00000    13.7715    11.7663   -23.9062    1.00000    1.00000
     1.00000   -16.3069   -37.1209   -3.18661    1.00000    1.00000
     1.00000   -4.30302    43.0351   -22.0040    1.00000    1.00000
     1.00000   -11.5385   -11.3087    15.2770    1.00000    1.00000
     1.00000   -1.26517    9.26704E-02    31.0642    1.00000    1.00000
     1.00000   -10.8072   -36.8237   -18.9728    1.00000    1.00000
     1.00000    12.5052    34.0840    16.6957    1.00000    1.00000
     1.00000   -13.7749   -6.08790    25.4809    1.00000    1.00000
     1.00000    12.8358    7.48449   -7.16818    1.00000    1.00000
     1.00000   -15.2096   -38.2197    2.37866    1.00000    1.00000
     1.00000    5.05319    30.7985   -24.6330    1.00000    1.00000
     1.00000   -5.50519   -39.2050    12.6149    1.00000    1.00000
     1.00000    7.39044    1.05970    15.6910    1.00000    1.00000
     1.00000  -10.56372   -27.4929   -22.8822    1.00000    1.00000
     1.00000    12.8596    47.5697    12.6802    1.00000    1.00000
     1.00000  -0.131104   -1.24384    14.5048    1.00000    1.00000
     1.00000    12.2942    23.5608   -21.4086    1.00000    1.00000
     1.00000   -8.78581   -33.2314  -0.685959    1.00000    1.00000
     1.00000    5.58057    53.1554   -24.8040    1.00000    1.00000
     1.00000  -0.939667   -22.6882    14.3465    1.00000    1.00000
     1.00000    3.36652    4.59038    19.1838    1.00000    1.00000
     1.00000   -7.45683   -46.8724   -21.7329    1.00000    1.00000
     1.00000    2.35732    44.1708    14.8198    1.00000    1.00000
     1.00000   -13.4908   -3.03442    21.7266    1.00000    1.00000
     1.00000    16.7888    18.0624   -6.02269    1.00000    1.00000
     1.00000   -28.9713   -46.0858   -2.14110    1.00000    1.00000
     1.00000    2.53297    32.0867   -24.9112    1.00000    1.00000
     1.00000   -3.26538E-03   -33.8514    19.4711    1.00000    1.00000
     1.00000    21.6691   10.05058    9.70146    1.00000    1.00000
     1.00000   0.553497   -41.7624   -26.1132    1.00000    1.00000
     1.00000    6.26483    44.8489   -7.19908    1.00000    1.00000
     1.00000   -11.2373    3.73304    17.9043    1.00000    1.00000
     1.00000    15.6136    14.9088   -25.2702    1.00000    1.00000
     1.00000   -8.82907   -33.2877   -5.41277    1.00000    1.00000
     1.00000    1.67097    49.3099   -22.8327    1.00000    1.00000
     1.00000    4.98984   -16.4243    11.3840    1.00000    1.00000
     1.00000   0.615540   -1.92998    33.2007    1.00000    1.00000
     1.00000   -12.1308   -41.7044   -21.4937    1.00000    1.00000
     1.00000    11.6256    35.7905    3.45503    1.00000    1.00000
     1.00000   -8.79002   -8.92468    30.0084    1.00000    1.00000
     1.00000    15.6738   10.33474    5.24644    1.00000    1.00000
     1.00000   -16.8910   -50.6503    5.62285    1.00000    1.00000
     1.00000    14.6368    32.1120   -38.2994    1.00000    1.00000
     1.00000   -1.71216   -39.9738    9.07396    1.00000    1.00000
     1.00000    17.5071    9.19735    6.57961    1.00000    1.00000
     1.00000   -3.90869   -31.9639   -31.9973    1.00000    1.00000
     1.00000   10.01779    50.0592   -1.14723    1.00000    1.00000
     1.00000    4.58884   -5.36766    15.0213    1.00000    1.00000
     1.00000    2.27016    17.9781   -23.4910    1.00000    1.00000
     1.00000  -0.957886   -26.2232   -9.35634    1.00000    1.00000
     1.00000    7.33968    53.0598   -16.1599    1.00000    1.00000
     1.00000   -12.0566   -29.4042    24.3188    1.00000    1.00000
     1.00000    11.9926    2.36184    20.8522    1.00000    1.00000
     1.00000   -2.41527   -47.6347   -21.9195    1.00000    1.00000
     1.00000    11.8103    39.0816    8.39641    1.00000    1.00000
     1.00000   -23.4061    2.09131    26.2247    1.00000    1.00000
     1.00000    13.0772    24.5253   -14.4211    1.00000    1.00000
     1.00000   -22.8876   -41.6625   -3.67654    1.00000    1.00000
     1.00000   -3.48595    39.4494   -22.0348    1.00000    1.00000
     1.00000   -6.35988   -38.2745    18.2149    1.00000    1.00000
     1.00000    17.1752    8.89639    12.6142    1.00000    1.00000
     1.00000   -1.23703   -32.5296   -28.5789    1.00000    1.00000
     1.00000    17.4012    44.8006   -1.55923    1.00000    1.00000
     1.00000   -9.99307   0.183056    18.3354    1.00000    1.00000
     1.00000    11.2449    16.5566   -22.8146    1.00000    1.00000
     1.00000   -14.6478   -36.2381  -10.53622    1.00000    1.00000
     1.00000   -3.37473    42.9656   -16.7034    1.00000    1.00000
     1.00000   -4.30856   -9.87312    15.4160    1.00000    1.00000
     1.00000   -1.39050   -6.39521    29.7493    1.00000    1.00000
     1.00000   -16.8745   -34.1533   -14.0280    1.00000    1.00000
     1.00000    22.1147    31.8025    13.9219    1.00000    1.00000
     1.00000   -13.0471   -5.67493    29.5828    1.00000    1.00000
     1.00000    16.7911    2.94780   -2.59969    1.00000    1.00000
     1.00000   -18.7607   -38.1964   0.627136    1.00000    1.00000
     1.00000    2.76457    31.5406   -31.9215    1.00000    1.00000
     1.00000   -12.1419   -40.8774    12.7688    1.00000    1.00000
     1.00000    8.92293    1.44135    11.3743    1.00000    1.00000
     1.00000   -9.53317   -22.0198   -25.0568    1.00000    1.00000
     1.00000    13.4307    48.1075    9.99937    1.00000    1.00000
     1.00000   -2.61795   -2.15503   10.51363    1.00000    1.00000
     1.00000    7.59897    25.3321   -24.9758    1.00000    1.00000
     1.00000   -1.22467   -35.8022    3.18996    1.00000    1.00000
     1.00000    5.81488    52.3192   -19.8817    1.00000    1.00000
     1.00000    3.48067   -19.4969    11.6151    1.00000    1.00000
     1.00000   -1.58435   -1.12918    24.2078    1.00000    1.00000
     1.00000  -10.53687   -44.2323   -22.8669    1.00000    1.00000
     1.00000    9.31320    42.6698    11.1933    1.00000    1.00000
     1.00000   -9.35899   -1.07773    22.5379    1.00000    1.00000
     1.00000    18.8916    13.3652   -5.07263    1.00000    1.00000
     1.00000   -24.2030   -43.8477  -0.350006    1.00000    1.00000
     1.00000    2.37083    37.0037   -16.9057    1.00000    1.00000
     1.00000   -3.88748   -33.7351    20.5893    1.00000    1.00000
     1.00000    21.5150    13.6331    12.3179    1.00000    1.00000
     1.00000  -10.32445   -42.1171   -25.4317    1.00000    1.00000
     1.00000    10.8539    53.2933   -6.63550    1.00000    1.00000
     1.00000   -21.7356    10.9534    10.7246    1.00000    1.00000
     1.00000    14.1799    18.1870   -28.3185    1.00000    1.00000
     1.00000   -13.3926   -29.6473   -5.56979    1.00000    1.00000
     1.00000   -1.33141    47.0896   -21.8548    1.00000    1.00000
     1.00000  -0.540344   -9.14967    11.7803    1.00000    1.00000
     1.00000   -8.93707    2.92281    40.3625    1.00000    1.00000
     1.00000   -20.4319   -38.7129   -20.6982    1.00000    1.00000
     1.00000    14.4369    32.9579   10.21039    1.00000    1.00000
     1.00000  -10.50122   -5.85053    28.9921    1.00000    1.00000
     1.00000    14.9568    12.4106   -1.00537    1.00000    1.00000
     1.00000   -17.1528   -42.3371   0.183899    1.00000    1.00000
     1.00000    13.5714    30.5835   -31.2135    1.00000    1.00000
     1.00000    3.96582   -35.4074    8.66568    1.00000    1.00000
     1.00000   10.44901    1.51904    8.60426    1.00000    1.00000
     1.00000   -9.04532   -26.0759   -30.2588    1.00000    1.00000
     1.00000    13.8506    51.4413    5.10767    1.00000    1.00000
     1.00000    3.45441   0.158722    11.4398    1.00000    1.00000
     1.00000    6.34616    18.8342   -26.2619    1.00000    1.00000
     1.00000  -0.306458   -29.8439    1.64513    1.00000    1.00000
     1.00000    9.80931    53.9243   -12.4021    1.00000    1.00000
     1.00000  -10.49849   -26.0691    24.5107    1.00000    1.00000
     1.00000    6.97786    5.06986    23.7775    1.00000    1.00000
     1.00000   -9.57970   -51.7616   -24.9708    1.00000    1.00000
     1.00000    12.8008    41.4754    14.0554    1.00000    1.00000
     1.00000   -22.6154    4.46577    22.7851    1.00000    1.00000
     1.00000    17.8508    18.3273   -14.7890    1.00000    1.00000
     1.00000   -23.9499   -39.1356   -4.35089    1.00000    1.00000
     1.00000   0.533356    34.6266   -25.4184    1.00000    1.00000
     1.00000   -7.72382   -30.6955    18.6401    1.00000    1.00000
     1.00000    14.4809    3.40648    17.0267    1.00000    1.00000
     1.00000    2.42636   -35.6979   -27.1396    1.00000    1.00000
     1.00000    12.7342    45.1492   -1.97171    1.00000    1.00000
     1.00000   -8.47803    1.41430    20.7636    1.00000    1.00000
     1.00000    10.9592    11.7110   -26.1515    1.00000    1.00000
     1.00000   -13.2327   -38.6115   -7.40295    1.00000    1.00000
     1.00000   -5.78310    42.4316   -18.8516    1.00000    1.00000
     1.00000   -8.67468   -6.51421    16.3450    1.00000    1.00000
     1.00000   -1.76486    1.64448    26.5834    1.00000    1.00000
     1.00000   -12.1057   -37.1771   -16.2612    1.00000    1.00000
     1.00000    18.5630    32.8853    12.2724    1.00000    1.00000
     1.00000   -18.5932  -10.31129    26.5820    1.00000    1.00000
     1.00000    12.6889    12.6410   -4.88457    1.00000    1.00000
     1.00000   -13.5273   -42.1970    1.55728    1.00000    1.00000
     1.00000    8.48726    32.0777   -26.7464    1.00000    1.00000
     1.00000   -6.11105   -37.1283    14.2034    1.00000    1.00000
     1.00000    1.61560  -0.634739    16.6156    1.00000    1.00000
     1.00000   -13.2695   -26.1388   -22.2279    1.00000    1.00000
     1.00000    9.06079    46.7229    10.6609    1.00000    1.00000
     1.00000    1.83115   -5.67796    17.4973    1.00000    1.00000
     1.00000    14.6462    26.5680   -17.9727    1.00000    1.00000
     1.00000   -4.02641   -30.8589    2.91982    1.00000    1.00000
     1.00000    2.34332    52.5901   -23.9399    1.00000    1.00000
     1.00000   -4.93861   -27.3611    17.3046    1.00000    1.00000
     1.00000    1.84598    6.31877    22.6645    1.00000    1.00000
     1.00000   -4.05978   -47.4474   -26.2928    1.00000    1.00000
     1.00000    4.22409    44.2439    10.9660    1.00000    1.00000
     1.00000   -18.0837   -1.77756    23.2432    1.00000    1.00000
     1.00000    16.0999    18.7794   -7.75802    1.00000    1.00000
     1.00000   -26.5896   -46.0926   -3.63885    1.00000    1.00000
     1.00000    2.30240    35.3091   -24.0147    1.00000    1.00000
     1.00000   -1.11655   -37.9801    15.9097    1.00000    1.00000
     1.00000    22.0496   10.20480    14.8813    1.00000    1.00000
     1.00000   -3.84821   -39.4520   -23.2362    1.00000    1.00000
     1.00000    7.65872    47.4012   -5.49847    1.00000    1.00000
     1.00000   -17.8079    4.58462    18.8263    1.00000    1.00000
     1.00000    19.5221    16.9867   -21.8149    1.00000    1.00000
     1.00000   -14.2032   -31.8859   -6.85017    1.00000    1.00000
     1.00000    2.65553    47.8566   -17.7028    1.00000    1.00000
     1.00000    5.92459   -14.3232    8.20850    1.00000    1.00000
     1.00000   -6.02823   -2.96254    36.9699    1.00000    1.00000
     1.00000   -13.9109   -40.3523   -19.5163    1.00000    1.00000
     1.00000   10.41318    33.8710    2.86525    1.00000    1.00000
     1.00000   -6.32007   -5.84183    31.4716    1.00000    1.00000
     1.00000    17.1283    11.3742    6.14304    1.00000    1.00000
     1.00000   -17.8411   -45.0145    6.55472    1.00000    1.00000
     1.00000    16.3955    28.0586   -34.0572    1.00000    1.00000
     1.00000   -2.72699   -35.2573   10.13017    1.00000    1.00000
     1.00000    16.8579    4.61344    4.06680    1.00000    1.00000
     1.00000   -6.60811   -30.4111   -28.6130    1.00000    1.00000
     1.00000    9.14145    50.8876   -2.86407    1.00000    1.00000
     1.00000    5.06699   -3.23109    18.9269    1.00000    1.00000
     1.00000    4.77286    20.6004   -24.7584    1.00000    1.00000
     1.00000   0.683472   -28.5664   -5.65248    1.00000    1.00000
     1.00000    7.14357    53.5017   -18.9672    1.00000    1.00000
     1.00000   -18.3148   -29.0909    27.6448    1.00000    1.00000
     1.00000    12.2986    4.10937    25.2127    1.00000    1.00000
     1.00000   -6.84285   -52.1381   -22.1802    1.00000    1.00000
     1.00000    14.7387    41.1492    11.0249    1.00000    1.00000
     1.00000   -19.3266   0.810310    24.7143    1.00000    1.00000
     1.00000    14.7915    21.8391   -16.7694    1.00000    1.00000
     1.00000   -22.4959   -44.7407   -4.81885    1.00000    1.00000
     1.00000   -5.46220    41.8645   -23.8093    1.00000    1.00000
     1.00000   -6.11986   -34.1560    16.4290    1.00000    1.00000
     1.00000    15.9661    10.9435    14.4074    1.00000    1.00000
     1.00000   -2.61603   -33.2410   -24.2865    1.00000    1.00000
     1.00000    12.2279    44.4062    1.84958    1.00000    1.00000
     1.00000   -11.5539   -3.21299    18.4360    1.00000    1.00000
     1.00000    11.1383    17.5313   -18.7448    1.00000    1.00000
     1.00000   -11.2152   -37.0084   -9.37695    1.00000    1.00000
     1.00000   -1.49969    47.0547   -18.3875    1.00000    1.00000
     1.00000   -7.13489   -7.41725    11.9090    1.00000    1.00000
     1.00000   0.524307   -4.41214    32.0032    1.00000    1.00000
     1.00000   -13.0091   -34.9105   -15.5567    1.00000    1.00000
     1.00000    16.5273    30.0320    9.98711    1.00000    1.00000
     1.00000   -14.1771   -7.93033    29.4120    1.00000    1.00000
     1.00000    14.6799    8.16364   -2.83165    1.00000    1.00000
     1.00000   -21.0279   -40.8982    6.52911    1.00000    1.00000
     1.00000    6.10130    30.0503   -30.4647    1.00000    1.00000
     1.00000   -8.96599   -41.5649    13.3086    1.00000    1.00000
     1.00000    11.2891   0.995617    15.8061    1.00000    1.00000
     1.00000  -10.55588   -23.7372   -25.1244    1.00000    1.00000
     1.00000    19.2449    41.2949   10.43102    1.00000    1.00000
     1.00000   0.248138   0.177292    12.1182    1.00000    1.00000
     1.00000    9.96173    22.0278   -27.7156    1.00000    1.00000
     1.00000   -4.08778   -34.3183   0.615402    1.00000    1.00000
     1.00000    5.34160    50.3780   -19.7931    1.00000    1.00000
     1.00000    1.84372   -22.1138    12.2440    1.00000    1.00000
     1.00000    4.65515    1.51126    24.4227    1.00000    1.00000
     1.00000   -10.7764   -43.8556   -28.3248    1.00000    1.00000
     1.00000    6.72781    40.6075    11.6777    1.00000    1.00000
     1.00000   -9.94711   -2.51652    28.9840    1.00000    1.00000
     1.00000    19.2009    9.86749   -6.00514    1.00000    1.00000
     1.00000   -25.7096   -48.4538   -2.74258    1.00000    1.00000
     1.00000    4.40144    38.3941   -21.9825    1.00000    1.00000
     1.00000   -4.40752   -33.1925    22.4427    1.00000    1.00000
     1.00000    19.3393    10.6621    18.4830    1.00000    1.00000
     1.00000   -5.05377   -42.8996   -24.8951    1.00000    1.00000
     1.00000    11.0056    50.6870   -6.09644    1.00000    1.00000
     1.00000   -20.8864    6.80060    16.1597    1.00000    1.00000
     1.00000    12.2988    23.6323   -31.2536    1.00000    1.00000
     1.00000   -12.2412   -33.7797   -2.65434    1.00000    1.00000
     1.00000   -3.04703    50.9666   -23.0911    1.00000    1.00000
     1.00000    1.36179   -13.6250    11.5924    1.00000    1.00000
     1.00000   -4.49228   -1.88373    37.6605    1.00000    1.00000
     1.00000   -18.3627   -38.3168   -21.6020    1.00000    1.00000
     1.00000    15.1424    35.8811    7.93561    1.00000    1.00000
     1.00000   -9.02203   -7.40455    32.5710    1.00000    1.00000
     1.00000    16.5994    9.78022   0.936081    1.00000    1.00000
     1.00000   -19.4776   -43.1483   -1.55013    1.00000    1.00000
     1.00000    8.33058    29.5355   -32.4543    1.00000    1.00000
     1.00000   0.440781   -33.6884    10.7323    1.00000    1.00000
     1.00000    15.2307    4.68059    9.63823    1.00000    1.00000
     1.00000   -10.6228   -25.4958   -28.5208    1.00000    1.00000
     1.00000    16.7999    52.5793    11.2890    1.00000    1.00000
     1.00000    4.38019   -4.16685    13.4356    1.00000    1.00000
     1.00000    6.54385    21.2304   -25.4415    1.00000    1.00000
     1.00000    2.30768   -28.4059   0.663055    1.00000    1.00000
     1.00000    7.12206    54.7633   -13.4733    1.00000    1.00000
     1.00000   -6.27969   -26.4599    18.4833    1.00000    1.00000
     1.00000    2.73016    6.37365    25.8113    1.00000    1.00000
     1.00000   -6.15701   -52.9510   -23.8740    1.00000    1.00000
     1.00000    17.6469    44.9666    9.63605    1.00000    1.00000
     1.00000   -24.3571    11.2987    25.3229    1.00000    1.00000
     1.00000    17.9229    15.9584   -15.2527    1.00000    1.00000
     1.00000   -28.3395   -40.5152   -6.94708    1.00000    1.00000
     1.00000   -5.34567    32.3780   -23.3715    1.00000    1.00000
     1.00000   -7.09140   -32.3351    15.2919    1.00000    1.00000
     1.00000    15.9037    5.92333    15.6897    1.00000    1.00000
     1.00000   0.836395   -34.3192   -26.8291    1.00000    1.00000
     1.00000    15.4626    47.8571  -0.641876    1.00000    1.00000
     1.00000   -2.60101   -3.41331    21.1262    1.00000    1.00000
     1.00000    14.5126   10.20921   -24.9191    1.00000    1.00000
     1.00000   -14.8231   -37.0710   -1.84647    1.00000    1.00000
     1.00000   -6.73845    44.0235   -22.2200    1.00000    1.00000
     1.00000   -9.12981   -12.9560    17.2765    1.00000    1.00000
     1.00000   -1.00729  -0.233189    27.5925    1.00000    1.00000
     1.00000  -10.17877   -37.9927   -17.4767    1.00000    1.00000
     1.00000    14.1419    34.6884    15.7180    1.00000    1.00000
     1.00000   -15.2364   -8.07081    25.7229    1.00000    1.00000
     1.00000    13.5775    8.95510   -4.30077    1.00000    1.00000
     1.00000   -16.1946   -39.7395    1.53014    1.00000    1.00000
     1.00000    6.19942    29.4048   -25.4954    1.00000    1.00000
     1.00000   -3.58978   -38.9329    12.1079    1.00000    1.00000
     1.00000    9.12659  -0.528690    17.1522    1.00000    1.00000
     1.00000   -12.8522   -30.0097   -24.6519    1.00000    1.00000
     1.00000    14.8195    49.7512    11.7854    1.00000    1.00000
     1.00000  -0.269531   -1.29438    16.4994    1.00000    1.00000
     1.00000   10.52571    24.4281   -21.0618    1.00000    1.00000
     1.00000   -6.01001   -31.4499   0.631561    1.00000    1.00000
     1.00000    4.42303    54.5405   -22.0847    1.00000    1.00000
     1.00000   -1.70735   -24.5330    14.2611    1.00000    1.00000
     1.00000   0.612930    5.58913    21.2691    1.00000    1.00000
     1.00000   -8.33234   -44.9140   -20.6220    1.00000    1.00000
     1.00000    6.61263    45.6225    14.1286    1.00000    1.00000
     1.00000   -16.4087   -2.78923    23.6566    1.00000    1.00000
     1.00000    17.6473    16.6243   -2.34045    1.00000    1.00000
     1.00000   -27.5307   -44.6489   -4.65373    1.00000    1.00000
     1.00000    2.75345    30.5381   -26.1575    1.00000    1.00000
     1.00000   -2.25549   -31.7011    19.9180    1.00000    1.00000
     1.00000    24.2298    8.65128    12.1533    1.00000    1.00000
     1.00000   -1.27698   -38.0856   -25.5820    1.00000    1.00000
     1.00000    8.10202    44.0860   -7.40547    1.00000    1.00000
     1.00000   -12.0930    4.89429    16.5189    1.00000    1.00000
     1.00000    15.3469    15.9409   -23.5780    1.00000    1.00000
     1.00000  -10.53761   -32.2481   -5.40555    1.00000    1.00000
     1.00000    3.29942    49.8380   -21.7986    1.00000    1.00000
     1.00000    4.25308   -17.2702    14.2688    1.00000    1.00000
     1.00000   -2.93283   -3.74625    35.1968    1.00000    1.00000
     1.00000   -12.1367   -41.5068   -19.5035    1.00000    1.00000
     1.00000    12.2003    32.9487    7.90956    1.00000    1.00000
     1.00000   -7.01125   -7.45769    30.3263    1.00000    1.00000
     1.00000    16.6759    8.93859    4.22345    1.00000    1.00000
     1.00000   -14.0296   -52.6355    7.00520    1.00000    1.00000
     1.00000    13.8914    28.6501   -36.8375    1.00000    1.00000
     1.00000   -2.09424   -37.9104    7.97392    1.00000    1.00000
     1.00000    16.9411    8.55163    9.07207    1.00000    1.00000
     1.00000   -5.62120   -29.4162   -30.0399    1.00000    1.00000
     1.00000    12.5827    50.2169   0.428864    1.00000    1.00000
     1.00000    7.02351   -5.02590    18.1706    1.00000    1.00000
     1.00000   0.521881    15.3854   -26.4317    1.00000    1.00000
     1.00000   0.261932   -29.2882   -7.46940    1.00000    1.00000
     1.00000    4.89876    53.7998   -17.1835    1.00000    1.00000
     1.00000   -15.7576   -27.3458    25.4527    1.00000    1.00000
     1.00000    11.1818    1.55594    19.2110    1.00000    1.00000
     1.00000   -2.79204   -46.2915   -23.3527    1.00000    1.00000
     1.00000    12.3736    37.2326    7.88251    1.00000    1.00000
     1.00000   -21.9860    3.30016    25.5022    1.00000    1.00000
     1.00000    13.3700    25.3556   -17.0233    1.00000    1.00000
     1.00000   -20.4478   -38.8823   -4.28003    1.00000    1.00000
     1.00000   -1.28169    36.0367   -23.3985    1.00000    1.00000
     1.00000   -4.63712   -37.4672    17.5982    1.00000    1.00000
     1.00000    17.0367    6.53074    13.9505    1.00000    1.00000
     1.00000  -0.728607   -31.9831   -31.7299    1.00000    1.00000
     1.00000    15.3221    45.9977   0.595673    1.00000    1.00000
     1.00000  -10.32971  -0.724174    20.0857    1.00000    1.00000
     1.00000    12.4543    15.2200   -23.6810    1.00000    1.00000
     1.00000   -15.2421   -37.4294   -9.04375    1.00000    1.00000
     1.00000   -3.49402    45.9377   -14.7880    1.00000    1.00000
     1.00000   -2.14224   -9.55717    12.9624    1.00000    1.00000
     1.00000   -3.56419   -6.64913    32.6701    1.00000    1.00000
     1.00000   -16.7570   -35.7580   -11.1337    1.00000    1.00000
     1.00000    22.2558    32.4278    11.0490    1.00000    1.00000
     1.00000   -12.7540   -6.92283    31.1180    1.00000    1.00000
     1.00000    17.7805    3.07804   0.177338    1.00000    1.00000
     1.00000   -19.3862   -39.1182    4.37817    1.00000    1.00000
     1.00000    2.16890    29.6347   -31.8078    1.00000    1.00000
     1.00000   -10.8430   -39.4663    13.3360    1.00000    1.00000
     1.00000    7.45219   -1.91927    10.7296    1.00000    1.00000
     1.00000   -9.72382   -20.2402   -24.1642    1.00000    1.00000
     1.00000    15.7037    44.8402    9.18033    1.00000    1.00000
     1.00000   -5.10628  -0.990803    7.99808    1.00000    1.00000
     1.00000    9.31927    24.3943   -23.3119    1.00000    1.00000
     1.00000   -3.94528   -34.6389    4.51965    1.00000    1.00000
     1.00000    3.26457    54.9912   -20.3789    1.00000    1.00000
     1.00000    1.59563   -18.8558    11.4266    1.00000    1.00000
     1.00000    2.58636E-02    3.30641    24.6953    1.00000    1.00000
     1.00000   -12.3645   -47.0108   -24.5219    1.00000    1.00000
     1.00000    8.67656    40.9434    11.9770    1.00000    1.00000
     1.00000   -6.91994    1.51762    23.9322    1.00000    1.00000
     1.00000    20.3149    14.3304   -4.05144    1.00000    1.00000
     1.00000   -24.5246   -46.7427    1.20479    1.00000    1.00000
     1.00000    3.38242    38.7417   -20.2971    1.00000    1.00000
     1.00000   -2.36304   -36.0429    23.4721    1.00000    1.00000
     1.00000    18.7893    14.1018    13.4792    1.00000    1.00000
     1.00000   -9.97556   -41.4944   -27.3000    1.00000    1.00000
     1.00000   10.15741    50.8262   -9.53560    1.00000    1.00000
     1.00000   -23.2583    7.14358    12.5180    1.00000    1.00000
     1.00000    15.3416    18.1345   -25.3473    1.00000    1.00000
     1.00000   -14.0813   -31.9120   -3.97310    1.00000    1.00000
     1.00000   0.604553    47.2331   -21.3737    1.00000    1.00000
     1.00000   -1.10289   -11.2287    9.54823    1.00000    1.00000
     1.00000   -7.34035    2.49160    37.3116    1.00000    1.00000
     1.00000   -17.5251   -39.8480   -20.0036    1.00000    1.00000
     1.00000    16.1629    31.9606   10.37189    1.00000    1.00000
     1.00000   -9.52557   -4.61785    30.5980    1.00000    1.00000
     1.00000    17.4480   10.07789   -1.57660    1.00000    1.00000
     1.00000   -17.3858   -45.1325    1.02975    1.00000    1.00000
     1.00000    13.9983    31.6170   -29.5553    1.00000    1.00000
     1.00000   0.317612   -39.1629    11.0209    1.00000    1.00000
     1.00000    11.9405    1.42118    10.5785    1.00000    1.00000
     1.00000   -8.76849   -29.2383   -32.9531    1.00000    1.00000
     1.00000    12.2564    52.5779    4.69930    1.00000    1.00000
     1.00000    1.98605    3.41427    11.9760    1.00000    1.00000
     1.00000    8.01953    21.5497   -27.3454    1.00000    1.00000
     1.00000   -1.51068   -28.4301   0.902832    1.00000    1.00000
     1.00000    9.32619    53.4831   -9.11745    1.00000    1.00000
     1.00000   -12.2546   -27.5946    23.4906    1.00000    1.00000
     1.00000   10.49017    4.24549    24.3696    1.00000    1.00000
     1.00000   -8.83350   -53.6116   -25.1146    1.00000    1.00000
     1.00000    11.9557    42.7449    9.41222    1.00000    1.00000
     1.00000   -22.7038    7.36439    21.3655    1.00000    1.00000
     1.00000    16.5210    19.2956   -18.1527    1.00000    1.00000
     1.00000   -26.2683   -39.6858   -7.01994    1.00000    1.00000
     1.00000  -0.125763    33.2238   -22.2496    1.00000    1.00000
     1.00000   -7.80081   -31.0879    21.2937    1.00000    1.00000
     1.00000    13.0921    3.79432    15.6407    1.00000    1.00000
     1.00000    2.22986   -34.2748   -25.3952    1.00000    1.00000
     1.00000    13.2066    46.3801   -3.47557    1.00000    1.00000
     1.00000   -6.97580    2.39240    19.8767    1.00000    1.00000
     1.00000    12.8459    11.5160   -26.7859    1.00000    1.00000
     1.00000   -15.3791   -36.6290   -6.20161    1.00000    1.00000
     1.00000   -1.71727    43.9446   -19.5397    1.00000    1.00000
     1.00000   -10.8382   -8.25395    16.7363    1.00000    1.00000
     1.00000   -1.87552    1.15877    28.7364    1.00000    1.00000
     1.00000   -11.8883   -38.2748   -19.8245    1.00000    1.00000
     1.00000    16.2578    33.6057    12.7335    1.00000    1.00000
     1.00000   -19.6280   -11.4778    27.8344    1.00000    1.00000
     1.00000    14.8968    11.2965   -2.66524    1.00000    1.00000
     1.00000   -16.2908   -40.5921  -0.276505    1.00000    1.00000
     1.00000    5.85333    33.2474   -28.5550    1.00000    1.00000
     1.00000   -7.66672   -37.6339    13.0526    1.00000    1.00000
     1.00000    3.94678    1.78232    16.9651    1.00000    1.00000
     1.00000   -13.7906   -26.0887   -24.1581    1.00000    1.00000
     1.00000    14.0816    46.1261    12.0300    1.00000    1.00000
     1.00000  -0.746475   -2.91442    18.3998    1.00000    1.00000
     1.00000    17.4374    27.2303   -18.4169    1.00000    1.00000
     1.00000   -1.72818   -27.7561    2.77324    1.00000    1.00000
     1.00000    4.27602    52.5589   -22.3120    1.00000    1.00000
     1.00000   -2.82124   -25.3352    15.7157    1.00000    1.00000
     1.00000    1.15834    4.39865    25.9300    1.00000    1.00000
     1.00000   -5.19914   -47.7462   -24.6764    1.00000    1.00000
     1.00000    3.24481    41.0796    12.1447    1.00000    1.00000
     1.00000   -19.8444   -1.97055    26.2371    1.00000    1.00000
     1.00000    18.8184    17.0770   -9.59757    1.00000    1.00000
     1.00000   -23.8267   -46.1132   -4.23135    1.00000    1.00000
     1.00000    5.08476    33.4374   -21.9435    1.00000    1.00000
     1.00000  -0.787155   -35.1063    17.5406    1.00000    1.00000
     1.00000    22.0823    9.77966    16.8353    1.00000    1.00000
     1.00000   -3.92944   -37.5156   -22.7425    1.00000    1.00000
     1.00000    8.77034    50.5644   -5.45551    1.00000    1.00000
     1.00000   -17.5088    6.16054    17.6317    1.00000    1.00000
     1.00000    17.8269    18.4906   -23.1240    1.00000    1.00000
     1.00000   -14.7298   -29.9544   -9.13800    1.00000    1.00000
     1.00000    4.25829    48.6594   -19.9428    1.00000    1.00000
     1.00000    2.73621   -14.3921   10.35844    1.00000    1.00000
     1.00000   -3.30734   -5.78593    36.6849    1.00000    1.00000
     1.00000   -14.8883   -40.2551   -17.7741    1.00000    1.00000
     1.00000    13.9565    31.9984    5.70412    1.00000    1.00000
     1.00000   -5.55803   -4.00607    31.2496    1.00000    1.00000
     1.00000    15.7554    12.1945    9.88632    1.00000    1.00000
     1.00000   -16.7020   -47.4863    3.51427    1.00000    1.00000
     1.00000    14.0344    25.3478   -30.6150    1.00000    1.00000
     1.00000   -1.87622   -36.1073    6.80580    1.00000    1.00000
     1.00000    16.0014    6.07311    7.09750    1.00000    1.00000
     1.00000   -5.50955   -29.3370   -27.3326    1.00000    1.00000
     1.00000    8.09608    50.6123   -1.18138    1.00000    1.00000
     1.00000    6.33592   -4.32799    21.2044    1.00000    1.00000
     1.00000    2.58380    19.6811   -26.4035    1.00000    1.00000
     1.00000    1.84674   -27.0237   -5.13571    1.00000    1.00000
     1.00000    11.7399    54.0573   -16.0745    1.00000    1.00000
     1.00000   -18.3789   -27.7954    24.9907    1.00000    1.00000
     1.00000    13.3028    3.34047    22.0034    1.00000    1.00000
     1.00000   -7.56622   -50.1621   -22.0621    1.00000    1.00000
     1.00000    12.6843    37.1765   10.37267    1.00000    1.00000
     1.00000   -19.8073    2.91807    27.5320    1.00000    1.00000
     1.00000    13.9544    17.9134   -18.3597    1.00000    1.00000
     1.00000   -21.3901   -45.2130   -6.41696    1.00000    1.00000
     1.00000   -3.64966    41.1393   -24.2437    1.00000    1.00000
     1.00000   -7.89684   -37.0571    16.3109    1.00000    1.00000
     1.00000    12.3577    9.66787    13.8519    1.00000    1.00000
     1.00000   -1.07104   -34.0214   -25.2885    1.00000    1.00000
     1.00000    11.2343    45.0744    3.45155    1.00000    1.00000
     1.00000   -8.64587   -3.62015    17.2649    1.00000    1.00000
     1.00000    12.7358    18.3323   -21.1812    1.00000    1.00000
     1.00000  -10.40916   -35.1288   -8.44991    1.00000    1.00000
     1.00000  -0.380356    48.5501   -17.6728    1.00000    1.00000
     1.00000   -7.65810   -9.09989    12.8551    1.00000    1.00000
     1.00000   -1.44638   -4.63066    31.7411    1.00000    1.00000
     1.00000   -13.8386   -32.0398   -13.1314    1.00000    1.00000
     1.00000    19.8338    32.0406    10.9796    1.00000    1.00000
     1.00000   -11.9269  -10.44332    27.3880    1.00000    1.00000
     1.00000    15.8384    5.02768   -3.85716    1.00000    1.00000
     1.00000   -22.7236   -38.6555    8.83675    1.00000    1.00000
     1.00000    9.21475    29.6214   -30.0432    1.00000    1.00000
     1.00000   -11.1142   -42.0375    11.5046    1.00000    1.00000
     1.00000    11.2997    1.23066    13.5112    1.00000    1.00000
     1.00000   -12.6892   -24.6687   -25.6070    1.00000    1.00000
     1.00000    16.0672    42.9474    9.71416    1.00000    1.00000
     1.00000    1.38612   -1.38101    12.6442    1.00000    1.00000
     1.00000    11.0798    23.2722   -26.6195    1.00000    1.00000
     1.00000   -5.00192   -32.9216    2.44981    1.00000    1.00000
     1.00000    4.29001    50.2430   -18.0972    1.00000    1.00000
     1.00000    2.57144   -23.5646    13.6790    1.00000    1.00000
     1.00000    2.51918  -0.329563    25.3793    1.00000    1.00000
     1.00000   -11.1346   -43.8043   -24.7269    1.00000    1.00000
     1.00000    6.49387    42.9245    8.49591    1.00000    1.00000
     1.00000   -9.18831   -2.81942    25.1970    1.00000    1.00000
     1.00000    19.4822    8.98911   -4.23051    1.00000    1.00000
     1.00000   -27.0311   -48.4242   -1.02953    1.00000    1.00000
     1.00000    5.29091    38.6700   -24.7560    1.00000    1.00000
     1.00000   -3.83450   -31.7849    21.1426    1.00000    1.00000
     1.00000    19.8206    11.0948    15.1395    1.00000    1.00000
     1.00000   -4.90207   -40.2139   -26.0014    1.00000    1.00000
     1.00000    13.1999    48.8010   -5.36856    1.00000    1.00000
     1.00000   -21.4442    6.11039    14.3673    1.00000    1.00000
     1.00000    13.8056    22.0449   -28.7368    1.00000    1.00000
     1.00000   -11.4926   -34.6940   -1.04074    1.00000    1.00000
     1.00000   -1.00290    50.8232   -22.4529    1.00000    1.00000
     1.00000   -1.89850   -13.0583    9.68896    1.00000    1.00000
     1.00000   -5.78140   0.388775    40.4643    1.00000    1.00000
     1.00000   -19.1859   -36.3097   -23.5687    1.00000    1.00000
     1.00000    14.9014    35.5696    9.89644    1.00000    1.00000
     1.00000   -9.86105   -7.40987    30.7556    1.00000    1.00000
     1.00000    13.3972   10.38451    1.81200    1.00000    1.00000
     1.00000   -21.4264   -42.1422   -1.50815    1.00000    1.00000
     1.00000    11.5973    30.5781   -30.8927    1.00000    1.00000
     1.00000    1.69083   -34.4182    9.35211    1.00000    1.00000
     1.00000    14.3853    3.64019    5.55257    1.00000    1.00000
     1.00000   -8.55571   -27.3789   -25.8315    1.00000    1.00000
     1.00000    15.4286    51.2751    10.6422    1.00000    1.00000
     1.00000    4.33426   -1.39400    12.3425    1.00000    1.00000
     1.00000    5.15614    24.3302   -26.7008    1.00000    1.00000
     1.00000  -0.869705   -30.1670  -0.760376    1.00000    1.00000
     1.00000    8.27904    54.6867   -15.1029    1.00000    1.00000
     1.00000  -10.06013   -28.5614    21.4540    1.00000    1.00000
     1.00000    5.81317    6.35864    24.9194    1.00000    1.00000
     1.00000   -7.82053   -53.6139   -21.2044    1.00000    1.00000
     1.00000    15.8774    43.9745    12.2009    1.00000    1.00000
     1.00000   -24.6605    9.24821    22.8838    1.00000    1.00000
     1.00000    16.7062    17.3139   -16.0785    1.00000    1.00000
     1.00000   -27.8008   -38.7825   -6.10591    1.00000    1.00000
     1.00000   -1.18005    34.6861   -26.4483    1.00000    1.00000
     1.00000   -7.10985   -34.9437    14.8072    1.00000    1.00000
     1.00000    13.7895    7.37644    16.8135    1.00000    1.00000
     1.00000   -1.19524   -36.8519   -27.1541    1.00000    1.00000
     1.00000    15.4404    49.6782   -1.46848    1.00000    1.00000
     1.00000   -2.02573   0.342659    20.6076    1.00000    1.00000
     1.00000    13.0331    13.5117   -24.5452    1.00000    1.00000
     1.00000   -15.2051   -37.8967   -4.66449    1.00000    1.00000
     1.00000   -5.88756    42.9144   -20.7896    1.00000    1.00000
     1.00000   -11.6734   -12.5084    13.6825    1.00000    1.00000
     1.00000   -1.02396   -1.58181    29.9975    1.00000    1.00000
     1.00000   -9.80585   -38.4946   -19.4258    1.00000    1.00000
     1.00000    11.0746    33.8006    18.0643    1.00000    1.00000
     1.00000   -13.3041   -8.01274    25.2100    1.00000    1.00000
     1.00000    11.4164    7.04102   -5.83084    1.00000    1.00000
     1.00000   -14.9119   -37.5229    4.22955    1.00000    1.00000
     1.00000    4.07716    30.2858   -22.9643    1.00000    1.00000
     1.00000   -6.60191   -39.0656    14.2816    1.00000    1.00000
     1.00000    9.35292    1.03255    15.3064    1.00000    1.00000
     1.00000   -12.4971   -27.5732   -23.3880    1.00000    1.00000
     1.00000    12.3959    49.5152    12.6672    1.00000    1.00000
     1.00000    1.36435    1.35689E-02    14.0776    1.00000    1.00000
     1.00000    12.4191    24.2217   -19.5251    1.00000    1.00000
     1.00000   -7.68604   -32.5235   0.827087    1.00000    1.00000
     1.00000    5.69545    54.8764   -23.7916    1.00000    1.00000
     1.00000  -0.657135   -20.7536    13.9255    1.00000    1.00000
     1.00000    4.34337    5.64575    20.5737    1.00000    1.00000
     1.00000   -6.73337   -47.0681   -23.5872    1.00000    1.00000
     1.00000    3.91971    45.1262    14.0159    1.00000    1.00000
     1.00000   -11.5174   -2.93223    22.0354    1.00000    1.00000
     1.00000    18.3308    17.3521   -4.96544    1.00000    1.00000
     1.00000   -28.5428   -44.1324   -2.11668    1.00000    1.00000
     1.00000    4.32469    32.6080   -24.1915    1.00000    1.00000
     1.00000   0.925293   -34.0880    17.7156    1.00000    1.00000
     1.00000    22.0905    9.94129    11.6535    1.00000    1.00000
     1.00000  -0.315430   -39.9914   -26.4426    1.00000    1.00000
     1.00000    5.54532    45.8224   -5.60704    1.00000    1.00000
     1.00000   -9.63495    4.92893    17.8559    1.00000    1.00000
     1.00000    16.6432    16.6223   -25.2092    1.00000    1.00000
     1.00000   -9.31470   -33.9931   -7.22014    1.00000    1.00000
     1.00000    2.03940    47.4075   -23.3277    1.00000    1.00000
     1.00000    3.77109   -17.6673    12.3688    1.00000    1.00000
     1.00000   -1.15512   -2.63582    33.8061    1.00000    1.00000
     1.00000   -13.5302   -41.7996   -22.9193    1.00000    1.00000
     1.00000    12.8889    34.8137    4.65913    1.00000    1.00000
     1.00000   -8.21329   -7.50031    28.7284    1.00000    1.00000
     1.00000    14.4556   10.05494    6.80782    1.00000    1.00000
     1.00000   -17.3952   -48.9706    4.66145    1.00000    1.00000
     1.00000    14.0919    30.1995   -38.0862    1.00000    1.00000
     1.00000  -0.848892   -38.2226    9.50743    1.00000    1.00000
     1.00000    18.7694    10.6763    7.04781    1.00000    1.00000
     1.00000   -5.13141   -31.2817   -30.5692    1.00000    1.00000
     1.00000    11.8202    50.9154   -1.28310    1.00000    1.00000
     1.00000    5.48206   -4.24136    16.4118    1.00000    1.00000
     1.00000    2.54526    17.3605   -25.3732    1.00000    1.00000
     1.00000   -1.13803   -24.7945   -10.7443    1.00000    1.00000
     1.00000    5.65514    53.7513   -15.3327    1.00000    1.00000
     1.00000   -12.9636   -28.4535    25.8266    1.00000    1.00000
     1.00000    13.2190    3.31431    19.5918    1.00000    1.00000
     1.00000   -4.29202   -48.3052   -21.7516    1.00000    1.00000
     1.00000    9.96373    38.8370    7.66815    1.00000    1.00000
     1.00000   -24.2664    3.75792    25.5301    1.00000    1.00000
     1.00000    14.0598    23.0619   -15.3661    1.00000    1.00000
     1.00000   -22.2875   -39.7697   -3.43738    1.00000    1.00000
     1.00000   -2.78241    37.6978   -22.6956    1.00000    1.00000
     1.00000   -5.91995   -40.1954    17.8732    1.00000    1.00000
     1.00000    18.0305    10.6770    12.9274    1.00000    1.00000
     1.00000   -2.94992   -33.1742   -29.3855    1.00000    1.00000
     1.00000    16.3292    44.3521    6.86188E-02    1.00000    1.00000
     1.00000   -11.2141    1.73703    18.0284    1.00000    1.00000
     1.00000    10.9798    17.1499   -20.9231    1.00000    1.00000
     1.00000   -13.7936   -35.5531   -8.86255    1.00000    1.00000
     1.00000   -4.41917    44.5933   -17.2131    1.00000    1.00000
     1.00000   -5.56721   -9.17301    14.0283    1.00000    1.00000
     1.00000   -2.59032   -7.31823    31.0564    1.00000    1.00000
     1.00000   -15.2676   -34.7478   -15.0597    1.00000    1.00000
     1.00000    22.5156    33.2168    15.2780    1.00000    1.00000
     1.00000   -12.4678   -6.68974    27.9597    1.00000    1.00000
     1.00000    17.5715    1.69390   -1.25111    1.00000    1.00000
     1.00000   -19.4831   -38.6445    2.43748    1.00000    1.00000
     1.00000    4.40437    31.1743   -33.0063    1.00000    1.00000
     1.00000   -13.1391   -40.4675    11.0843    1.00000    1.00000
     1.00000    8.26169  -0.406803    11.7578    1.00000    1.00000
     1.00000   -9.66945   -21.6335   -27.0144    1.00000    1.00000
     1.00000    14.3721    46.6708    8.97485    1.00000    1.00000
     1.00000  -0.848511   -1.37725    9.99965    1.00000    1.00000
     1.00000    8.24564    23.4547   -24.7368    1.00000    1.00000
     1.00000   -2.23732   -35.6061    4.90347    1.00000    1.00000
     1.00000    4.02269    53.2069   -19.8873    1.00000    1.00000
     1.00000    2.72475   -21.1299    10.7421    1.00000    1.00000
     1.00000   -6.69861E-02   -3.98369E-02    24.9226    1.00000    1.00000
     1.00000   -9.36212   -43.4216   -21.4659    1.00000    1.00000
     1.00000    11.2896    42.9473    11.3227    1.00000    1.00000
     1.00000   -8.53191   0.369652    23.6429    1.00000    1.00000
     1.00000    20.3822    12.1248   -4.58324    1.00000    1.00000
     1.00000   -25.3465   -44.9514   0.864151    1.00000    1.00000
     1.00000   0.685135    35.9444   -17.0966    1.00000    1.00000
     1.00000   -3.04623   -34.9088    21.9731    1.00000    1.00000
     1.00000    20.7212    11.7982    12.2629    1.00000    1.00000
     1.00000   -8.53374   -42.9218   -25.0497    1.00000    1.00000
     1.00000    10.6895    54.5845   -8.15399    1.00000    1.00000
     1.00000   -22.0373    8.98880    10.9465    1.00000    1.00000
     1.00000    13.5472    20.0722   -28.5320    1.00000    1.00000
     1.00000   -15.1638   -30.1848   -4.81244    1.00000    1.00000
