     1.00000    7.46994   -4.86752   -22.5284    1.00000    1.00000
     1.00000   -6.62561    12.5892    29.3909    1.00000    1.00000
     1.00000    12.4478   -32.8062   -19.6565    1.00000    1.00000
     1.00000   -33.1028    4.48620    23.3725    1.00000    1.00000
     1.00000   -5.34705   -9.72617   -36.4358    1.00000    1.00000
     1.00000    20.6982    17.3731    29.7483    1.00000    1.00000
     1.00000    1.93163    16.6381   -11.9426    1.00000    1.00000
     1.00000   -21.3478    7.06759    21.4508    1.00000    1.00000
     1.00000    14.8530  -0.575020   -43.3185    1.00000    1.00000
     1.00000    26.4615  -0.918678    20.2855    1.00000    1.00000
     1.00000    21.1373   -28.1957   -25.5480    1.00000    1.00000
     1.00000   -35.5860    8.47581    23.5903    1.00000    1.00000
     1.00000    3.26115   -15.1037   -30.3906    1.00000    1.00000
     1.00000   -1.91875    21.3421    19.9747    1.00000    1.00000
     1.00000    5.98219   -19.9816   -3.70808    1.00000    1.00000
     1.00000   -18.5503    18.2299    14.0034    1.00000    1.00000
     1.00000    4.32234   -2.03769   -30.7651    1.00000    1.00000
     1.00000    1.02495    9.30579    26.0233    1.00000    1.00000
     1.00000    9.40674   -16.8735   -12.6127    1.00000    1.00000
     1.00000   -33.7014    5.08286    11.8708    1.00000    1.00000
     1.00000   -4.27501   -29.7002   -16.5347    1.00000    1.00000
     1.00000    6.33745    19.9381    25.9621    1.00000    1.00000
     1.00000   -3.05379   -3.48923   -3.86360    1.00000    1.00000
     1.00000   -17.0704    13.3860   10.18077    1.00000    1.00000
     1.00000    17.6800   -12.3497   -47.1151    1.00000    1.00000
     1.00000    19.7563    2.10677    21.7873    1.00000    1.00000
     1.00000    26.2408   -19.7095   -15.7606    1.00000    1.00000
     1.00000   -26.1288    23.5618    13.1980    1.00000    1.00000
     1.00000    4.16789   -17.5783   -27.5976    1.00000    1.00000
     1.00000    6.90547    23.7080    23.1691    1.00000    1.00000
     1.00000    13.4705   -2.03748   -3.99614    1.00000    1.00000
     1.00000   -11.7948    24.0700    15.8102    1.00000    1.00000
     1.00000    22.9676   -3.13110   -15.1662    1.00000    1.00000
     1.00000   -14.8382    7.05665    37.0342    1.00000    1.00000
     1.00000    17.6857   -14.9503   -19.5164    1.00000    1.00000
     1.00000   -36.9740   -4.45199    19.5542    1.00000    1.00000
     1.00000   -4.37476   -22.6826   -30.6192    1.00000    1.00000
     1.00000    13.5653    15.9337    36.7658    1.00000    1.00000
     1.00000   -1.69240    14.3492   -5.23076    1.00000    1.00000
     1.00000   -24.9628    9.47035    26.4942    1.00000    1.00000
     1.00000    13.2043   -9.30245   -36.2308    1.00000    1.00000
     1.00000    14.6024  -0.589394    16.8515    1.00000    1.00000
     1.00000    25.2710   -25.3358   -22.6745    1.00000    1.00000
     1.00000   -37.8587    6.84632    21.1309    1.00000    1.00000
     1.00000  -0.220169   -12.0317   -23.2688    1.00000    1.00000
     1.00000   -11.4738    21.8761    19.2216    1.00000    1.00000
     1.00000    12.8288   -6.77156   -1.34201    1.00000    1.00000
     1.00000   -26.1639    25.0008    11.3340    1.00000    1.00000
     1.00000    7.05273   -8.20745   -32.4586    1.00000    1.00000
     1.00000    1.69965   10.45465    23.3707    1.00000    1.00000
     1.00000    26.0356   -19.6559   -11.6025    1.00000    1.00000
     1.00000   -33.5452    3.60680    5.20760    1.00000    1.00000
     1.00000   -5.41668   -30.2575   -29.1168    1.00000    1.00000
     1.00000    15.5480    19.4305    22.8331    1.00000    1.00000
     1.00000    1.64362    5.91174   -8.52251    1.00000    1.00000
     1.00000   -8.33308    13.9600    11.8283    1.00000    1.00000
     1.00000    13.6176   -24.3278   -42.2260    1.00000    1.00000
     1.00000    14.5117    6.15722    24.6488    1.00000    1.00000
     1.00000    35.3604   -24.1736   -22.7064    1.00000    1.00000
     1.00000   -30.4347    19.3485    18.6220    1.00000    1.00000
     1.00000    8.43356   -27.7938   -26.0848    1.00000    1.00000
     1.00000    1.51108    21.2024    26.4597    1.00000    1.00000
     1.00000    5.16528   -3.42894   -5.60513    1.00000    1.00000
     1.00000   -17.7925    21.9339    18.1716    1.00000    1.00000
     1.00000    3.94110   -7.37760   -28.1054    1.00000    1.00000
     1.00000   -12.6607    8.50202    32.9871    1.00000    1.00000
     1.00000    16.4777   -21.5231   -14.2682    1.00000    1.00000
     1.00000   -29.5498   -2.61254    22.3963    1.00000    1.00000
     1.00000  -0.413818   -5.90553   -37.8599    1.00000    1.00000
     1.00000    21.1443    15.7107    31.2541    1.00000    1.00000
     1.00000  -0.136826    17.6225   -5.68590    1.00000    1.00000
     1.00000   -14.0906    8.92246    23.9389    1.00000    1.00000
     1.00000    15.6900   -3.07610   -40.8609    1.00000    1.00000
     1.00000    19.1456    2.32128    14.3952    1.00000    1.00000
     1.00000    24.0079   -27.2886   -28.5996    1.00000    1.00000
     1.00000   -29.4695    12.9690    26.2422    1.00000    1.00000
     1.00000    1.62097   -9.70111   -28.4185    1.00000    1.00000
     1.00000   -8.90055    16.1639    25.7572    1.00000    1.00000
     1.00000   10.31445   -14.2298   -7.69992    1.00000    1.00000
     1.00000   -25.5275    20.7265    19.7392    1.00000    1.00000
     1.00000    6.27655   0.770409   -29.9369    1.00000    1.00000
     1.00000   -5.03642   10.16344    27.8822    1.00000    1.00000
     1.00000    16.6061   -21.5568   -9.17946    1.00000    1.00000
     1.00000   -24.6242    6.20881    7.92943    1.00000    1.00000
     1.00000   0.598572   -32.3884   -20.6528    1.00000    1.00000
     1.00000    14.5360    17.0436    26.7343    1.00000    1.00000
     1.00000   0.710678   0.279671   -6.18831    1.00000    1.00000
     1.00000   -11.8657   10.05032    21.3073    1.00000    1.00000
     1.00000    15.5015   -4.58770   -50.5672    1.00000    1.00000
     1.00000    16.6654   0.756866    21.5764    1.00000    1.00000
     1.00000    27.3616   -16.4697   -21.6293    1.00000    1.00000
     1.00000   -31.6750    21.9829    18.0617    1.00000    1.00000
     1.00000    3.66481   -22.5794   -28.2597    1.00000    1.00000
     1.00000   0.130188    25.9598    24.8132    1.00000    1.00000
     1.00000    14.1034   -7.07895   -4.26135    1.00000    1.00000
     1.00000   -9.47643    24.3429    10.9808    1.00000    1.00000
     1.00000    16.2373   -7.49472   -20.6454    1.00000    1.00000
     1.00000   -18.3237    16.3412    37.4581    1.00000    1.00000
     1.00000    19.4794   -10.7993   -18.6987    1.00000    1.00000
     1.00000   -33.0715    2.08288    20.9407    1.00000    1.00000
     1.00000   -10.9364   -10.8710   -34.7463    1.00000    1.00000
     1.00000    19.3635    12.3027    32.9414    1.00000    1.00000
     1.00000   -3.34689    8.99342   -9.50129    1.00000    1.00000
     1.00000   -25.3468    8.22087    28.0079    1.00000    1.00000
     1.00000    15.2531   -5.87737   -44.2854    1.00000    1.00000
     1.00000    12.1054   -4.54594    5.66969    1.00000    1.00000
     1.00000    28.4949   -25.4485   -24.8730    1.00000    1.00000
     1.00000   -40.0550    4.58298    25.4936    1.00000    1.00000
     1.00000   0.389938   -10.7910   -19.9039    1.00000    1.00000
     1.00000   -11.6540    20.4675    30.4522    1.00000    1.00000
     1.00000    11.8054   -5.30105    3.84229    1.00000    1.00000
     1.00000   -20.6615    20.8672    11.2578    1.00000    1.00000
     1.00000    9.28279   -9.91632   -38.5015    1.00000    1.00000
     1.00000    8.73767    10.8720    27.4588    1.00000    1.00000
     1.00000    21.1917   -24.5137   -14.7550    1.00000    1.00000
     1.00000   -37.0905    6.27747   -7.49817E-02    1.00000    1.00000
     1.00000   -4.38916   -30.7364   -25.1192    1.00000    1.00000
     1.00000    12.6185    22.4793    36.8462    1.00000    1.00000
     1.00000   -4.08606    6.23447  -0.510422    1.00000    1.00000
     1.00000   -5.71616    12.9868    11.0449    1.00000    1.00000
     1.00000    16.7927   -18.0023   -42.6923    1.00000    1.00000
     1.00000    13.5198    1.88209    23.2848    1.00000    1.00000
     1.00000    34.0519   -21.7294   -23.4057    1.00000    1.00000
     1.00000   -30.6452    15.8718    24.0853    1.00000    1.00000
     1.00000   0.180984   -31.6022   -29.2793    1.00000    1.00000
     1.00000   -8.07337    24.2446    33.3240    1.00000    1.00000
     1.00000    4.88116   -5.36836  -10.46572    1.00000    1.00000
     1.00000   -12.4486    20.7983    15.8474    1.00000    1.00000
     1.00000    12.0492   -6.36648   -21.3756    1.00000    1.00000
     1.00000   -13.5952    11.7814    33.7924    1.00000    1.00000
     1.00000    12.5018   -30.0976   -15.2421    1.00000    1.00000
     1.00000   -36.0713    4.96052    21.9753    1.00000    1.00000
     1.00000   -9.54918   -13.2909   -35.2664    1.00000    1.00000
     1.00000    17.9254    19.9845    29.9879    1.00000    1.00000
     1.00000   0.121674    16.8220   -12.7734    1.00000    1.00000
     1.00000   -20.6947    12.1592    22.7185    1.00000    1.00000
     1.00000    13.8470   -1.02768E-01   -38.8695    1.00000    1.00000
     1.00000    22.1180    1.73418    14.2760    1.00000    1.00000
     1.00000    21.0567   -32.3350   -25.9802    1.00000    1.00000
     1.00000   -37.6512    12.3935    26.0521    1.00000    1.00000
     1.00000    5.01222   -9.86617   -30.7154    1.00000    1.00000
     1.00000   -1.54701    18.9067    23.0314    1.00000    1.00000
     1.00000    9.52306   -15.6491   -3.65504    1.00000    1.00000
     1.00000   -21.8628    23.0637    15.1823    1.00000    1.00000
     1.00000    4.44398   -5.26533   -34.3573    1.00000    1.00000
     1.00000   -2.34172    8.77003    22.6065    1.00000    1.00000
     1.00000    9.97345   -18.8426   -9.80280    1.00000    1.00000
     1.00000   -30.5722    7.51075    13.7457    1.00000    1.00000
     1.00000   -7.44288   -29.6833   -19.8602    1.00000    1.00000
     1.00000    6.10295    19.1908    22.7040    1.00000    1.00000
     1.00000   -3.11255   -4.23474   -5.71852    1.00000    1.00000
     1.00000   -13.8623    11.1809    14.6933    1.00000    1.00000
     1.00000    16.8281  -10.24317   -45.4651    1.00000    1.00000
     1.00000    22.4438    1.70954    25.0871    1.00000    1.00000
     1.00000    30.8678   -16.4313   -16.4688    1.00000    1.00000
     1.00000   -24.5290    17.9546    15.0263    1.00000    1.00000
     1.00000    3.03136   -20.5443   -25.9796    1.00000    1.00000
     1.00000    7.89522    20.9953    20.4415    1.00000    1.00000
     1.00000    10.9466   -1.81193   -3.24295    1.00000    1.00000
     1.00000   -9.74122    24.7339    14.2049    1.00000    1.00000
     1.00000    19.3622   -5.51698   -20.5628    1.00000    1.00000
     1.00000   -15.5135    8.96999    42.7051    1.00000    1.00000
     1.00000    16.6138   -20.1003   -16.4797    1.00000    1.00000
     1.00000   -35.0711  -0.563286    16.6609    1.00000    1.00000
     1.00000   -8.05405   -21.9306   -30.1196    1.00000    1.00000
     1.00000    16.5808    13.9931    33.9001    1.00000    1.00000
     1.00000   -1.71420    12.0809   -6.08980    1.00000    1.00000
     1.00000   -19.2316    4.00948    23.6650    1.00000    1.00000
     1.00000    11.0757   -8.60412   -31.7760    1.00000    1.00000
     1.00000    15.4851   0.125877    10.6196    1.00000    1.00000
     1.00000    24.5275   -28.5927   -21.5517    1.00000    1.00000
     1.00000   -36.5977   -1.18034    21.5198    1.00000    1.00000
     1.00000   -1.03369   -5.55872   -23.8266    1.00000    1.00000
     1.00000   -12.1052    22.7102    21.1683    1.00000    1.00000
     1.00000    14.2593   -10.7883   -1.74480    1.00000    1.00000
     1.00000   -26.6552    21.6889    8.85320    1.00000    1.00000
     1.00000    7.96761   -9.95632   -30.0635    1.00000    1.00000
     1.00000    3.10725    9.06010    23.6424    1.00000    1.00000
     1.00000    25.6284   -21.5517   -15.0520    1.00000    1.00000
     1.00000   -32.0792    7.75733   10.27016    1.00000    1.00000
     1.00000   -1.29070   -23.2025   -29.3945    1.00000    1.00000
     1.00000    14.6452    19.2047    28.7313    1.00000    1.00000
     1.00000    1.19098    5.06906   -6.22609    1.00000    1.00000
     1.00000   -9.94559    16.6033    9.71823    1.00000    1.00000
     1.00000    16.5398   -22.7115   -42.1154    1.00000    1.00000
     1.00000    9.93390    6.46148    26.2906    1.00000    1.00000
     1.00000    37.4801   -18.6047   -21.4849    1.00000    1.00000
     1.00000   -28.4218    18.2297    15.4847    1.00000    1.00000
     1.00000    7.48523   -31.1103   -26.6939    1.00000    1.00000
     1.00000   -2.61443    21.7063    30.1824    1.00000    1.00000
     1.00000    7.16524  -0.926292   -3.80614    1.00000    1.00000
     1.00000   -19.1983    18.5180    17.4666    1.00000    1.00000
     1.00000    8.48935   -4.99493   -27.9238    1.00000    1.00000
     1.00000   -11.3095    11.8835    33.9384    1.00000    1.00000
     1.00000    14.4184   -24.1927   -17.9844    1.00000    1.00000
     1.00000   -28.8726  -0.979935    23.3323    1.00000    1.00000
     1.00000    2.17320   -5.94990   -38.1520    1.00000    1.00000
     1.00000    23.9114    14.2635    31.2859    1.00000    1.00000
     1.00000   -3.16113    16.0504   -6.66829    1.00000    1.00000
     1.00000   -16.7795    9.69097    25.4218    1.00000    1.00000
     1.00000    17.3620   -7.29675   -41.0378    1.00000    1.00000
     1.00000    15.6779    4.75996    13.7853    1.00000    1.00000
     1.00000    24.9923   -28.9655   -24.6721    1.00000    1.00000
     1.00000   -27.8397    13.6542    25.3073    1.00000    1.00000
     1.00000   0.975845   -13.1472   -24.4200    1.00000    1.00000
     1.00000   -8.32634    18.9860    26.8098    1.00000    1.00000
     1.00000    7.93198   -14.7763   -5.40608    1.00000    1.00000
     1.00000   -22.4235    17.2767    16.6699    1.00000    1.00000
     1.00000    7.72095E-03  -0.749397   -26.8440    1.00000    1.00000
     1.00000   -8.04067    8.67437    24.3777    1.00000    1.00000
     1.00000    17.4806   -25.6859   -9.31586    1.00000    1.00000
     1.00000   -28.4292    5.73174    12.9699    1.00000    1.00000
     1.00000   -5.52800   -30.6894   -19.7898    1.00000    1.00000
     1.00000    12.1233    18.9604    22.0874    1.00000    1.00000
     1.00000   -4.69574    3.03093   -3.85327    1.00000    1.00000
     1.00000   -9.92144    8.39779    19.6250    1.00000    1.00000
     1.00000    19.9921   -6.36233   -49.5696    1.00000    1.00000
     1.00000    13.4460   -4.17444    19.8512    1.00000    1.00000
     1.00000    30.7276   -21.5085   -19.3797    1.00000    1.00000
     1.00000   -28.8511    22.5438    16.9832    1.00000    1.00000
     1.00000    3.71909   -28.1116   -31.3546    1.00000    1.00000
     1.00000    1.77602    22.4294    24.9028    1.00000    1.00000
     1.00000    15.2770   -8.49571   -7.28058    1.00000    1.00000
     1.00000   -9.85620    25.0668    7.21417    1.00000    1.00000
     1.00000    15.2837   -4.92670   -19.9563    1.00000    1.00000
     1.00000   -15.1862    10.8959    39.9046    1.00000    1.00000
     1.00000    18.1857   -6.46326   -17.8908    1.00000    1.00000
     1.00000   -30.7964   0.949638    18.1492    1.00000    1.00000
     1.00000   -8.19291   -15.0460   -31.5626    1.00000    1.00000
     1.00000    15.1647    12.5442    32.7351    1.00000    1.00000
     1.00000    1.65143    10.9038   -7.30370    1.00000    1.00000
     1.00000   -25.8678    8.55488    30.2601    1.00000    1.00000
     1.00000    13.5747   -6.16856   -37.2595    1.00000    1.00000
     1.00000    11.1797   -1.62456    9.19708    1.00000    1.00000
     1.00000    32.3244   -21.8069   -27.7530    1.00000    1.00000
     1.00000   -38.4704  -0.811470    22.1173    1.00000    1.00000
     1.00000    2.22681   -15.3025   -18.5940    1.00000    1.00000
     1.00000   -10.6885    23.1486    28.2936    1.00000    1.00000
     1.00000    13.7673  -10.15176    4.07472    1.00000    1.00000
     1.00000   -22.2859    17.4776    9.58070    1.00000    1.00000
     1.00000    8.81551   -7.01865   -32.4113    1.00000    1.00000
     1.00000    9.15430    11.2575    24.6956    1.00000    1.00000
     1.00000    18.7773   -23.9648   -12.2060    1.00000    1.00000
     1.00000   -37.7646    4.55849    1.48317    1.00000    1.00000
     1.00000   -3.21805   -33.7936   -25.3600    1.00000    1.00000
     1.00000    14.2837    22.0634    33.2656    1.00000    1.00000
     1.00000  -0.696136    3.91674   -5.58488    1.00000    1.00000
     1.00000   -11.8179    13.1952   10.22327    1.00000    1.00000
     1.00000    16.1304   -14.9896   -45.7824    1.00000    1.00000
     1.00000    10.7464    5.61489    24.5574    1.00000    1.00000
     1.00000    31.6759   -20.1460   -20.5606    1.00000    1.00000
     1.00000   -26.5485    20.4044    23.8274    1.00000    1.00000
     1.00000    3.23689   -31.4811   -28.6029    1.00000    1.00000
     1.00000   -4.90685    26.1887    33.8905    1.00000    1.00000
     1.00000    2.95081   -4.84575  -10.49058    1.00000    1.00000
     1.00000   -14.2806    21.7936    16.4395    1.00000    1.00000
     1.00000    7.65089   -6.61367   -25.3696    1.00000    1.00000
     1.00000   -9.83791    15.7017    31.2493    1.00000    1.00000
     1.00000    12.5737   -30.6765   -17.1552    1.00000    1.00000
     1.00000   -33.7554    3.84515    21.5940    1.00000    1.00000
     1.00000   -5.48941   -8.04027   -37.5023    1.00000    1.00000
     1.00000    19.8277    18.8036    27.1770    1.00000    1.00000
     1.00000    2.54160    18.1905   -14.3590    1.00000    1.00000
     1.00000   -19.7022    8.16273    21.7549    1.00000    1.00000
     1.00000    14.0601   -2.61575   -42.2736    1.00000    1.00000
     1.00000    24.8384    2.54560    17.7388    1.00000    1.00000
     1.00000    22.2442   -31.0851   -28.7861    1.00000    1.00000
     1.00000   -36.8485    10.8784    22.4009    1.00000    1.00000
     1.00000    4.80608   -15.5115   -29.1878    1.00000    1.00000
     1.00000   0.894928    22.1981    19.5732    1.00000    1.00000
     1.00000    8.18828   -17.9831   -6.46507    1.00000    1.00000
     1.00000   -21.2902    20.1595    15.2937    1.00000    1.00000
     1.00000    7.56694   -4.73269   -29.6789    1.00000    1.00000
     1.00000   -3.55370    11.2741    27.1286    1.00000    1.00000
     1.00000    11.5761   -17.6511   -9.69291    1.00000    1.00000
     1.00000   -33.2494    3.58761    15.0929    1.00000    1.00000
     1.00000   -4.36632   -26.5400   -16.5957    1.00000    1.00000
     1.00000    9.31303    18.5167    24.7628    1.00000    1.00000
     1.00000  -0.736908   -1.81543   -3.32692    1.00000    1.00000
     1.00000   -14.0397    11.0075    10.9812    1.00000    1.00000
     1.00000    16.1235   -13.5800   -47.3678    1.00000    1.00000
     1.00000    19.2631    1.14067    19.1426    1.00000    1.00000
     1.00000    28.9371   -18.6785   -14.7585    1.00000    1.00000
     1.00000   -26.4320    20.8430    17.0511    1.00000    1.00000
     1.00000    2.93123   -16.1261   -26.9963    1.00000    1.00000
     1.00000    9.78374    24.5226    23.7556    1.00000    1.00000
     1.00000    15.9791   -2.65665   -5.11012    1.00000    1.00000
     1.00000   -7.76945    23.1652    14.5943    1.00000    1.00000
     1.00000    21.3229  -0.364761   -18.5074    1.00000    1.00000
     1.00000   -14.5216    9.19376    39.0916    1.00000    1.00000
     1.00000    18.9609   -16.0281   -18.4155    1.00000    1.00000
     1.00000   -34.9729   -3.51125    19.0507    1.00000    1.00000
     1.00000  -0.817795   -21.5702   -30.4490    1.00000    1.00000
     1.00000    14.3298    14.2816    35.2722    1.00000    1.00000
     1.00000   -3.77362    13.4697   -1.97420    1.00000    1.00000
     1.00000   -21.5360    8.23804    23.0615    1.00000    1.00000
     1.00000    16.2697   -9.97852   -34.0655    1.00000    1.00000
     1.00000    15.9100   -1.08235    14.9403    1.00000    1.00000
     1.00000    23.5509   -24.7295   -23.4953    1.00000    1.00000
     1.00000   -36.1806    7.21797    22.1536    1.00000    1.00000
     1.00000   0.392822   -8.40816   -22.7586    1.00000    1.00000
     1.00000  -10.18906    22.6973    16.8974    1.00000    1.00000
     1.00000    14.8134   -10.7637    1.33450    1.00000    1.00000
     1.00000   -23.7205    23.1323    10.6181    1.00000    1.00000
     1.00000    6.84006   -8.53703   -34.4198    1.00000    1.00000
     1.00000  -0.153732    12.3575    22.2765    1.00000    1.00000
     1.00000    25.9738   -17.4740   -11.5362    1.00000    1.00000
     1.00000   -34.7871    6.55949    5.50142    1.00000    1.00000
     1.00000   -1.65489   -26.9389   -29.3175    1.00000    1.00000
     1.00000    15.2573    19.4428    26.8422    1.00000    1.00000
     1.00000    6.98853E-02    7.43506  -10.04536    1.00000    1.00000
     1.00000   -9.11209    16.6613    14.0272    1.00000    1.00000
     1.00000    12.4769   -26.6063   -39.7146    1.00000    1.00000
     1.00000    10.9223    7.89323    28.7220    1.00000    1.00000
     1.00000    37.2679   -22.7974   -20.8358    1.00000    1.00000
     1.00000   -30.3169    16.9106    20.0349    1.00000    1.00000
     1.00000    9.89265   -27.4704   -27.4139    1.00000    1.00000
     1.00000   -1.25604    20.8667    28.9783    1.00000    1.00000
     1.00000    1.65456  -0.856117   -4.54735    1.00000    1.00000
     1.00000   -17.6000    21.2852    20.0537    1.00000    1.00000
     1.00000    3.53212   -4.22639   -29.5144    1.00000    1.00000
     1.00000   -12.0384    4.29152    33.4243    1.00000    1.00000
     1.00000    15.9537   -24.2977   -16.7069    1.00000    1.00000
     1.00000   -29.9410   -2.62108    19.0026    1.00000    1.00000
     1.00000   -2.89107   -6.29980   -36.2879    1.00000    1.00000
     1.00000    24.3745    14.3636    27.6986    1.00000    1.00000
     1.00000   -1.70563    20.6341   -7.11678    1.00000    1.00000
     1.00000   -12.3959    8.76911    25.9841    1.00000    1.00000
     1.00000    15.8319   -3.25190   -42.9488    1.00000    1.00000
     1.00000    17.2726   0.189919    16.7402    1.00000    1.00000
     1.00000    22.4319   -27.5310   -29.8067    1.00000    1.00000
     1.00000   -33.8104    11.6501    22.3956    1.00000    1.00000
     1.00000  -0.393768   -6.28752   -27.8973    1.00000    1.00000
     1.00000   -8.92738    16.8181    29.4580    1.00000    1.00000
     1.00000   10.37665   -16.2188   -7.49984    1.00000    1.00000
     1.00000   -25.2610    19.3038    18.3591    1.00000    1.00000
     1.00000    3.68639   0.157280   -27.9459    1.00000    1.00000
     1.00000   -7.41688    12.4526    26.1945    1.00000    1.00000
     1.00000    14.2405   -21.9746   -10.9079    1.00000    1.00000
     1.00000   -26.1337    5.36724    9.27251    1.00000    1.00000
     1.00000  -0.786819   -31.4705   -21.7655    1.00000    1.00000
     1.00000    12.6021    17.0282    26.2246    1.00000    1.00000
     1.00000   -2.82259  -0.495209   -6.08211    1.00000    1.00000
     1.00000   -9.26736    9.49680    21.1626    1.00000    1.00000
     1.00000    18.3290   -5.45776   -50.2145    1.00000    1.00000
     1.00000    13.8114   -1.90453    23.7741    1.00000    1.00000
     1.00000    27.1439   -18.2605   -18.0784    1.00000    1.00000
     1.00000   -32.0826    19.5572    19.8380    1.00000    1.00000
     1.00000    1.49228   -26.2836   -27.0125    1.00000    1.00000
     1.00000  -0.282944    23.1508    25.2810    1.00000    1.00000
     1.00000    13.1121   -4.84264   -1.78802    1.00000    1.00000
     1.00000   -11.7166    22.1882    9.30582    1.00000    1.00000
     1.00000    14.6338   -8.41539   -18.0703    1.00000    1.00000
     1.00000   -18.8488    12.9337    39.3740    1.00000    1.00000
     1.00000    18.5472   -9.10276   -20.1499    1.00000    1.00000
     1.00000   -34.0533    1.71790    19.2370    1.00000    1.00000
     1.00000   -14.8196   -12.8941   -33.8083    1.00000    1.00000
     1.00000    16.2710    14.5755    32.0120    1.00000    1.00000
     1.00000  -0.763107    8.78297   -7.67947    1.00000    1.00000
     1.00000   -28.1621    7.12182    27.8063    1.00000    1.00000
     1.00000    12.7899   -4.68238   -42.9244    1.00000    1.00000
     1.00000    14.6666   -4.79929    7.03767    1.00000    1.00000
     1.00000    27.6710   -26.4868   -23.3753    1.00000    1.00000
     1.00000   -43.6778    5.36935    25.5905    1.00000    1.00000
     1.00000   0.460220   -12.8993   -21.3716    1.00000    1.00000
     1.00000   -12.6543    20.2863    32.1746    1.00000    1.00000
     1.00000    14.6781   -7.78934    3.26830    1.00000    1.00000
     1.00000   -19.7163    17.4773    12.5632    1.00000    1.00000
     1.00000    9.89174   -11.8151   -38.6561    1.00000    1.00000
     1.00000    9.88911    8.15430    25.1192    1.00000    1.00000
     1.00000    22.9912   -23.7701   -15.2120    1.00000    1.00000
     1.00000   -38.6302    7.15827  -0.998917    1.00000    1.00000
     1.00000   -4.33519   -28.6515   -26.8616    1.00000    1.00000
     1.00000    14.8676    24.9937    35.9710    1.00000    1.00000
     1.00000   -4.29504    7.08339   -4.63725    1.00000    1.00000
     1.00000   -7.55368    13.0016   10.25537    1.00000    1.00000
     1.00000    13.6026   -17.8478   -43.6723    1.00000    1.00000
     1.00000    14.1553   -1.50452E-02    18.7143    1.00000    1.00000
     1.00000    35.5185   -18.7066   -27.0408    1.00000    1.00000
     1.00000   -28.5419    19.1914    23.4101    1.00000    1.00000
     1.00000    2.94388   -30.4770   -30.3076    1.00000    1.00000
     1.00000   -7.21290    25.2689    34.8108    1.00000    1.00000
     1.00000    6.23801   -2.90152   -7.82431    1.00000    1.00000
     1.00000  -10.09879    20.4156    13.5919    1.00000    1.00000
     1.00000   10.54167   -2.62563   -18.7568    1.00000    1.00000
     1.00000   -9.04739    13.0767    30.4596    1.00000    1.00000
     1.00000    12.4918   -25.8889   -17.3946    1.00000    1.00000
     1.00000   -33.8405    7.70016    22.8229    1.00000    1.00000
     1.00000   -6.33054   -11.4446   -36.7180    1.00000    1.00000
     1.00000    18.7131    19.7591    31.8124    1.00000    1.00000
     1.00000   -1.45332    16.7036   -11.5465    1.00000    1.00000
     1.00000   -22.4155    15.3422    24.1436    1.00000    1.00000
     1.00000    15.5742  -0.773262   -39.6228    1.00000    1.00000
     1.00000    23.8938    1.58065    15.1832    1.00000    1.00000
     1.00000    23.8890   -34.5554   -26.8778    1.00000    1.00000
     1.00000   -38.2137    11.3473    24.4431    1.00000    1.00000
     1.00000    5.07181   -11.8485   -30.9740    1.00000    1.00000
     1.00000   -3.23917    18.7150    21.9827    1.00000    1.00000
     1.00000    11.3580   -16.8870   -3.00505    1.00000    1.00000
     1.00000   -20.5043    24.1640    12.4745    1.00000    1.00000
     1.00000    2.42526   -4.00248   -32.9222    1.00000    1.00000
     1.00000   0.324661    7.56496    26.7154    1.00000    1.00000
     1.00000    12.5310   -21.5191   -9.55413    1.00000    1.00000
     1.00000   -32.0484    6.10133    11.3912    1.00000    1.00000
     1.00000   -4.21959   -28.6796   -18.7380    1.00000    1.00000
     1.00000    8.32472    17.9169    22.1154    1.00000    1.00000
     1.00000   -5.21616   -6.70134   -6.28909    1.00000    1.00000
     1.00000   -14.8001    14.1600    13.5760    1.00000    1.00000
     1.00000    14.9387  -10.44410   -46.0894    1.00000    1.00000
     1.00000    19.8632  -0.345253    24.7893    1.00000    1.00000
     1.00000    31.3018   -17.8561   -15.1341    1.00000    1.00000
     1.00000   -24.2847    19.5714    12.4542    1.00000    1.00000
     1.00000    4.24400   -18.5185   -24.9543    1.00000    1.00000
     1.00000    6.34718    25.5474    22.6169    1.00000    1.00000
     1.00000    10.9778   0.185410   -3.14458    1.00000    1.00000
     1.00000   -11.0330    26.2192    14.5588    1.00000    1.00000
     1.00000    20.4881   -2.88798   -21.1889    1.00000    1.00000
     1.00000   -13.9007    8.39355    43.8741    1.00000    1.00000
     1.00000    18.4422   -19.3081   -16.3089    1.00000    1.00000
     1.00000   -33.7920    1.63511    17.0468    1.00000    1.00000
     1.00000   -7.78496   -18.8313   -31.0500    1.00000    1.00000
     1.00000    16.0793    18.6402    33.9045    1.00000    1.00000
     1.00000   -3.43782    12.4001   -5.12685    1.00000    1.00000
     1.00000   -19.5404    6.06847    25.5895    1.00000    1.00000
     1.00000    10.9356   -8.14720   -33.7181    1.00000    1.00000
     1.00000    14.9540   -1.16331    12.0534    1.00000    1.00000
     1.00000    21.5976   -28.4728   -23.6215    1.00000    1.00000
     1.00000   -38.1921    2.30242    22.4626    1.00000    1.00000
     1.00000   0.352951   -6.41079   -22.6642    1.00000    1.00000
     1.00000   -11.5420    22.6383    23.0860    1.00000    1.00000
     1.00000    11.2825   -13.1797   -1.62669    1.00000    1.00000
     1.00000   -28.2974    22.3320    6.32225    1.00000    1.00000
     1.00000    6.00764   -10.6791   -33.4131    1.00000    1.00000
     1.00000    4.62231    12.1903    23.4294    1.00000    1.00000
     1.00000    23.9562   -20.5969   -15.6764    1.00000    1.00000
     1.00000   -33.0923    7.14652    6.38628    1.00000    1.00000
     1.00000    1.18224   -22.7201   -31.2768    1.00000    1.00000
     1.00000    14.5470    20.6683    30.0908    1.00000    1.00000
     1.00000    2.80891    4.11318   -3.67549    1.00000    1.00000
     1.00000   -6.78674    15.7579    9.66608    1.00000    1.00000
     1.00000    15.8889   -19.3475   -41.5201    1.00000    1.00000
     1.00000    8.40919    5.69585    28.6089    1.00000    1.00000
     1.00000    36.8556   -20.1968   -23.6265    1.00000    1.00000
     1.00000   -30.5634    20.0315    13.5278    1.00000    1.00000
     1.00000    4.83969   -33.0066   -28.3582    1.00000    1.00000
     1.00000   -2.36615    17.8828    27.5886    1.00000    1.00000
     1.00000    5.24080   -1.44889   -3.95918    1.00000    1.00000
     1.00000   -17.0820    19.3995    19.6346    1.00000    1.00000
     1.00000    5.93813   -7.48659   -28.1125    1.00000    1.00000
     1.00000   -10.6189    11.2099    35.6903    1.00000    1.00000
     1.00000    10.9534   -22.6922   -17.0944    1.00000    1.00000
     1.00000   -31.8646    2.10249    25.1715    1.00000    1.00000
     1.00000    2.08415   -4.04439   -37.1943    1.00000    1.00000
     1.00000    22.1739    12.5778    31.7829    1.00000    1.00000
     1.00000   -2.29224    16.8428   -8.28602    1.00000    1.00000
     1.00000   -17.4110    11.2891    22.8260    1.00000    1.00000
     1.00000    17.3834   -7.18774   -43.0347    1.00000    1.00000
     1.00000    15.0836    6.36057    14.8269    1.00000    1.00000
     1.00000    26.3716   -28.3870   -25.9998    1.00000    1.00000
     1.00000   -26.2421    12.9301    22.8812    1.00000    1.00000
     1.00000    2.59235   -14.2920   -26.2744    1.00000    1.00000
     1.00000   -5.53848    19.7421    26.0424    1.00000    1.00000
     1.00000    8.42981   -13.8852   -7.12602    1.00000    1.00000
     1.00000   -20.6588    14.6013    14.9264    1.00000    1.00000
     1.00000   0.969833   0.326881   -28.2282    1.00000    1.00000
     1.00000   -6.53564    9.69551    23.5457    1.00000    1.00000
     1.00000    18.1135   -25.7943   -11.7455    1.00000    1.00000
     1.00000   -26.7136    7.13573    11.1445    1.00000    1.00000
     1.00000   -2.89342   -30.2039   -21.8556    1.00000    1.00000
     1.00000   10.50099    18.4810    23.1542    1.00000    1.00000
     1.00000   -7.23534    1.29165   -4.52394    1.00000    1.00000
     1.00000   -12.9742    9.06313    17.8958    1.00000    1.00000
     1.00000    18.5309   -8.28400   -47.0990    1.00000    1.00000
     1.00000    16.9830   -5.45356    19.8383    1.00000    1.00000
     1.00000    30.5449   -19.5491   -19.0229    1.00000    1.00000
     1.00000   -27.1778    23.3150    17.7611    1.00000    1.00000
     1.00000    3.78200   -27.0335   -29.6712    1.00000    1.00000
     1.00000    2.26204    22.0005    22.4721    1.00000    1.00000
     1.00000    13.2648   -11.8879   -7.45848    1.00000    1.00000
     1.00000   -8.18997    24.3546    8.88579    1.00000    1.00000
     1.00000    12.6780   -6.69898   -19.5064    1.00000    1.00000
     1.00000   -16.4699    12.2514    38.4272    1.00000    1.00000
     1.00000    16.2611   -9.81629   -16.9414    1.00000    1.00000
     1.00000   -31.0729    1.96701    16.4496    1.00000    1.00000
     1.00000   -8.57082   -13.7132   -33.0051    1.00000    1.00000
     1.00000    16.4073    10.7920    30.9173    1.00000    1.00000
     1.00000    1.13280    9.60623   -5.87288    1.00000    1.00000
     1.00000   -26.6242    9.27705    33.7523    1.00000    1.00000
     1.00000    14.2815   -4.49541   -40.8209    1.00000    1.00000
     1.00000    11.1795   -2.66399    10.9058    1.00000    1.00000
     1.00000    31.3295   -21.9390   -25.2515    1.00000    1.00000
     1.00000   -41.9294    2.34870    23.9785    1.00000    1.00000
     1.00000    2.74744   -17.0444   -19.4275    1.00000    1.00000
     1.00000   -10.8555    20.9303    28.6779    1.00000    1.00000
     1.00000    13.7323   -12.0457    4.71645    1.00000    1.00000
     1.00000   -21.5566    14.7346    9.81944    1.00000    1.00000
     1.00000    9.42909   -8.69006   -35.8396    1.00000    1.00000
     1.00000    7.03059    11.8417    24.1087    1.00000    1.00000
     1.00000    18.9900   -20.1770   -12.0292    1.00000    1.00000
     1.00000   -37.3764    3.26405    4.39967    1.00000    1.00000
     1.00000   -4.09622   -32.4627   -24.1527    1.00000    1.00000
     1.00000    15.3568    20.4464    36.2113    1.00000    1.00000
     1.00000   -1.78487    6.36710   -3.05019    1.00000    1.00000
     1.00000  -10.08370    13.6083    9.31667    1.00000    1.00000
     1.00000    17.6903   -15.0588   -44.5325    1.00000    1.00000
     1.00000    14.5283    3.11929    24.5037    1.00000    1.00000
     1.00000    31.8739   -19.9854   -22.5443    1.00000    1.00000
     1.00000   -26.7509    18.8466    22.5896    1.00000    1.00000
     1.00000    5.00003   -29.9450   -27.9270    1.00000    1.00000
     1.00000   -3.94559    23.8604    31.4250    1.00000    1.00000
     1.00000    1.67940   -6.19048   -9.73213    1.00000    1.00000
     1.00000   -15.6431    19.8653    17.6834    1.00000    1.00000
     1.00000    9.19376   -4.75923   -21.5201    1.00000    1.00000
     1.00000   -8.18118    13.4933    28.5175    1.00000    1.00000
     1.00000    11.2988   -33.7370   -18.3099    1.00000    1.00000
     1.00000   -31.6909    4.04263    24.7179    1.00000    1.00000
     1.00000   -7.18369   -8.95940   -36.2388    1.00000    1.00000
     1.00000    19.2823    17.2702    28.3395    1.00000    1.00000
     1.00000    2.23674    15.6265   -13.6407    1.00000    1.00000
     1.00000   -23.3301    7.29180    21.3085    1.00000    1.00000
     1.00000    15.1172   -1.57928E-02   -41.4165    1.00000    1.00000
     1.00000    27.2547   0.738525    19.4953    1.00000    1.00000
     1.00000    21.0354   -30.1837   -25.3537    1.00000    1.00000
     1.00000   -35.1051   10.38689    23.2489    1.00000    1.00000
     1.00000    2.08374   -13.5960   -29.8070    1.00000    1.00000
     1.00000  -0.885880    23.0525    19.8871    1.00000    1.00000
     1.00000    7.78294   -19.2980   -3.16960    1.00000    1.00000
     1.00000   -20.4257    18.4731    14.6545    1.00000    1.00000
     1.00000    5.44780   -3.31041   -31.8204    1.00000    1.00000
     1.00000  -0.683731   10.27589    26.3966    1.00000    1.00000
     1.00000    9.49034   -15.5972   -11.0752    1.00000    1.00000
     1.00000   -32.8853    4.96891    13.6932    1.00000    1.00000
     1.00000   -3.28407   -28.0776   -15.9141    1.00000    1.00000
     1.00000    7.31734    18.5684    24.8834    1.00000    1.00000
     1.00000   -1.23476   -4.21490   -4.26920    1.00000    1.00000
     1.00000   -15.3663    12.3478   10.31511    1.00000    1.00000
     1.00000    17.3505  -10.39625   -47.3895    1.00000    1.00000
     1.00000    19.3622   0.716942    23.1704    1.00000    1.00000
     1.00000    28.0058   -19.1121   -16.4872    1.00000    1.00000
     1.00000   -26.0116    21.9001    14.3049    1.00000    1.00000
     1.00000    5.57964   -17.6804   -26.1846    1.00000    1.00000
     1.00000    4.93326    24.0399    23.1833    1.00000    1.00000
     1.00000    11.8080   -1.65872   -5.04141    1.00000    1.00000
     1.00000   -11.2097    22.2451    15.2380    1.00000    1.00000
     1.00000    21.8514   -3.49972   -16.7842    1.00000    1.00000
     1.00000   -13.6930    5.46163    36.6542    1.00000    1.00000
     1.00000    18.0040   -13.2864   -20.5794    1.00000    1.00000
     1.00000   -36.1627   -2.91474    20.5435    1.00000    1.00000
     1.00000   -5.66470   -22.0548   -29.2257    1.00000    1.00000
     1.00000    15.4380    16.4786    36.3228    1.00000    1.00000
     1.00000   -2.29843    16.0964   -4.46931    1.00000    1.00000
     1.00000   -23.1937   10.23335    25.9575    1.00000    1.00000
     1.00000    11.3250   -8.66356   -36.4759    1.00000    1.00000
     1.00000    15.6234   0.726448    15.7441    1.00000    1.00000
     1.00000    24.1522   -26.8639   -23.3172    1.00000    1.00000
     1.00000   -39.3198    5.67257    21.8291    1.00000    1.00000
     1.00000   0.392654   -10.7064   -21.9021    1.00000    1.00000
     1.00000   -9.55878    21.9784    18.6541    1.00000    1.00000
     1.00000    14.1907   -7.57738  -0.119019    1.00000    1.00000
     1.00000   -25.1859    24.2057    9.78114    1.00000    1.00000
     1.00000    6.00279   -6.82426   -31.4664    1.00000    1.00000
     1.00000    1.08702    11.1082    25.1588    1.00000    1.00000
     1.00000    26.0827   -20.4869   -13.4211    1.00000    1.00000
     1.00000   -33.6176    5.34425    4.21964    1.00000    1.00000
     1.00000   -4.22496   -28.6632   -29.3122    1.00000    1.00000
     1.00000    15.9051    21.0857    23.8975    1.00000    1.00000
     1.00000    1.99672    6.92505  -10.21027    1.00000    1.00000
     1.00000   -9.64265    15.3582    11.2538    1.00000    1.00000
     1.00000    13.7365   -25.2371   -40.4486    1.00000    1.00000
     1.00000    13.8038    7.31390    26.1188    1.00000    1.00000
     1.00000    35.3125   -23.1986   -20.9608    1.00000    1.00000
     1.00000   -30.3633    17.4188    18.1011    1.00000    1.00000
     1.00000    7.84717   -29.2478   -27.3265    1.00000    1.00000
     1.00000  -0.257462    20.7089    27.2526    1.00000    1.00000
     1.00000    3.40129   -2.64567   -5.08089    1.00000    1.00000
     1.00000   -16.5617    23.1016    19.2307    1.00000    1.00000
     1.00000    2.72296   -6.30922   -26.9330    1.00000    1.00000
     1.00000   -13.4975    6.91729    33.8750    1.00000    1.00000
     1.00000    16.2183   -22.4347   -16.0294    1.00000    1.00000
     1.00000   -30.1703   -4.47623    22.0199    1.00000    1.00000
     1.00000   -2.35393   -6.23863   -38.2135    1.00000    1.00000
     1.00000    22.4773    16.4902    29.9831    1.00000    1.00000
     1.00000   -1.21716    18.5702   -7.07686    1.00000    1.00000
     1.00000   -15.2882    8.35833    25.4381    1.00000    1.00000
     1.00000    16.2392   -4.99715   -40.9503    1.00000    1.00000
     1.00000    17.3707    1.43432    14.1442    1.00000    1.00000
     1.00000    25.7594   -27.4269   -27.6440    1.00000    1.00000
     1.00000   -30.8649    12.2614    24.9964    1.00000    1.00000
     1.00000    2.21759   -11.6095   -28.3723    1.00000    1.00000
     1.00000   -8.59695    18.0208    25.0792    1.00000    1.00000
     1.00000    11.2322   -13.5690   -9.34945    1.00000    1.00000
     1.00000   -24.8774    21.5779    21.4281    1.00000    1.00000
     1.00000    4.51028  -0.141525   -30.1575    1.00000    1.00000
     1.00000   -6.49479    8.93406    27.2807    1.00000    1.00000
     1.00000    15.2452   -21.4878   -7.71554    1.00000    1.00000
     1.00000   -25.5683    7.95602    7.69278    1.00000    1.00000
     1.00000    1.19984   -33.3009   -22.3279    1.00000    1.00000
     1.00000    13.3074    17.4066    28.2701    1.00000    1.00000
     1.00000   -5.94177E-02   0.154854   -4.34673    1.00000    1.00000
     1.00000   -13.6127    9.44215    22.0676    1.00000    1.00000
     1.00000    13.7819   -5.01076   -51.4966    1.00000    1.00000
     1.00000    15.3341  -0.517822    22.3528    1.00000    1.00000
     1.00000    27.4871   -18.1419   -20.5393    1.00000    1.00000
     1.00000   -31.2320    22.1166    20.0074    1.00000    1.00000
     1.00000    2.20039   -23.9363   -28.3783    1.00000    1.00000
     1.00000  -0.848907    27.6574    25.2125    1.00000    1.00000
     1.00000    14.3331   -7.06637   -6.24808    1.00000    1.00000
     1.00000  -10.15113    24.0416    9.12230    1.00000    1.00000
     1.00000    17.7602   -6.47503   -19.8447    1.00000    1.00000
     1.00000   -18.9155    15.1966    38.9877    1.00000    1.00000
     1.00000    20.4249   -12.5533   -18.5267    1.00000    1.00000
     1.00000   -32.0133    3.64914    20.2873    1.00000    1.00000
     1.00000   -11.8868   -12.5154   -34.1199    1.00000    1.00000
     1.00000    19.0908    13.7540    31.5926    1.00000    1.00000
     1.00000   -4.26529    7.57211   -8.43526    1.00000    1.00000
     1.00000   -26.6527    7.64974    26.6050    1.00000    1.00000
     1.00000    14.4869   -5.63081   -42.4546    1.00000    1.00000
     1.00000    11.3696   -4.14241    7.48514    1.00000    1.00000
     1.00000    28.8481   -24.3470   -26.5045    1.00000    1.00000
     1.00000   -41.1843    5.61109    24.2022    1.00000    1.00000
     1.00000  -0.343414   -12.6200   -19.5616    1.00000    1.00000
     1.00000   -11.4466    18.6262    31.2050    1.00000    1.00000
     1.00000    9.81509   -5.36357    4.02898    1.00000    1.00000
     1.00000   -20.7107    18.8901    11.5556    1.00000    1.00000
     1.00000    8.34924   -8.45408   -37.5064    1.00000    1.00000
     1.00000   10.30586    10.6935    26.2305    1.00000    1.00000
     1.00000    19.3371   -24.6138   -14.0130    1.00000    1.00000
     1.00000   -37.6477    6.52474    1.82985    1.00000    1.00000
     1.00000   -4.09717   -32.0903   -26.5620    1.00000    1.00000
     1.00000    13.4342    24.2769    37.1675    1.00000    1.00000
     1.00000   -3.78030    5.46321   -2.33025    1.00000    1.00000
     1.00000   -4.43156    13.8297    9.76451    1.00000    1.00000
     1.00000    15.5243   -17.7573   -44.2190    1.00000    1.00000
     1.00000    13.0038    1.14803    21.4974    1.00000    1.00000
     1.00000    35.0842   -20.4324   -24.5246    1.00000    1.00000
     1.00000   -29.1435    15.6406    22.7847    1.00000    1.00000
     1.00000    1.12813   -29.8931   -29.7057    1.00000    1.00000
     1.00000   -9.14416    23.0023    34.4687    1.00000    1.00000
     1.00000    5.96727   -4.02694   -9.45530    1.00000    1.00000
     1.00000   -12.0632    20.3001    13.9492    1.00000    1.00000
     1.00000    11.6673   -4.69170   -20.3513    1.00000    1.00000
     1.00000   -12.4084    12.7701    32.5219    1.00000    1.00000
     1.00000    11.8339   -28.2866   -14.7185    1.00000    1.00000
     1.00000   -37.4896    4.52267    20.6349    1.00000    1.00000
     1.00000   -9.88438   -14.8235   -34.0259    1.00000    1.00000
     1.00000    16.1983    19.9953    30.9964    1.00000    1.00000
     1.00000  -0.982132    16.9071   -14.4391    1.00000    1.00000
     1.00000   -19.1352    11.2948    21.8126    1.00000    1.00000
     1.00000    13.3811    1.83528   -39.0335    1.00000    1.00000
     1.00000    20.6225    1.52686    15.5877    1.00000    1.00000
     1.00000    22.8954   -32.8456   -26.5790    1.00000    1.00000
     1.00000   -35.9734    11.4328    25.5406    1.00000    1.00000
     1.00000    5.14764   -8.81474   -32.4113    1.00000    1.00000
     1.00000   -1.89922    20.3840    21.7301    1.00000    1.00000
     1.00000    9.38313   -17.3344   -2.58730    1.00000    1.00000
     1.00000   -22.1738    21.5400    16.4398    1.00000    1.00000
     1.00000    4.21249   -4.75754   -32.4367    1.00000    1.00000
     1.00000   -1.25369    7.40881    23.5879    1.00000    1.00000
     1.00000    11.2649   -20.2379  -10.42340    1.00000    1.00000
     1.00000   -31.2098    9.12164    14.7449    1.00000    1.00000
     1.00000   -7.66675   -28.6509   -18.1619    1.00000    1.00000
     1.00000    6.80861    17.4249    23.3234    1.00000    1.00000
     1.00000   -3.40105   -6.21071   -5.60747    1.00000    1.00000
     1.00000   -14.4670   10.57380    12.8862    1.00000    1.00000
     1.00000    18.7752   -9.85522   -45.7070    1.00000    1.00000
     1.00000    21.6278    1.55015    23.2681    1.00000    1.00000
     1.00000    29.0754   -17.2657   -16.1674    1.00000    1.00000
     1.00000   -26.3091    18.8266    15.2923    1.00000    1.00000
     1.00000    2.65630   -20.8872   -27.9140    1.00000    1.00000
     1.00000    7.44255    22.8181    21.1288    1.00000    1.00000
     1.00000    9.92497   -2.76351   -4.67503    1.00000    1.00000
     1.00000   -8.70040    23.8350    12.7527    1.00000    1.00000
     1.00000    18.7825   -3.60732   -20.4317    1.00000    1.00000
     1.00000   -14.3895    9.30108    41.0844    1.00000    1.00000
     1.00000    17.1912   -21.6573   -17.5943    1.00000    1.00000
     1.00000   -35.8578  -0.117943    14.8768    1.00000    1.00000
     1.00000   -7.14983   -20.8095   -28.7320    1.00000    1.00000
     1.00000    17.1823    15.8971    33.7854    1.00000    1.00000
     1.00000   -1.94417    12.0335   -8.07597    1.00000    1.00000
     1.00000   -18.3564    4.46731    25.4040    1.00000    1.00000
     1.00000    12.8295   -9.25546   -31.0690    1.00000    1.00000
     1.00000    13.5176    4.10309E-02    10.9685    1.00000    1.00000
     1.00000    25.8151   -27.1087   -21.9257    1.00000    1.00000
     1.00000   -37.0962   0.703163    21.9714    1.00000    1.00000
     1.00000   -1.28362   -6.04657   -25.7500    1.00000    1.00000
     1.00000   -11.7488    23.8297    19.5498    1.00000    1.00000
     1.00000    12.4278   -11.5693   -1.93425    1.00000    1.00000
     1.00000   -26.8706    23.6773    8.84177    1.00000    1.00000
     1.00000    8.75665   -8.36674   -29.1412    1.00000    1.00000
     1.00000    5.08780    9.33602    23.6788    1.00000    1.00000
     1.00000    24.2531   -22.5213   -16.1329    1.00000    1.00000
     1.00000   -30.8029    8.45962    8.89977    1.00000    1.00000
     1.00000   -1.17268   -25.1127   -29.9753    1.00000    1.00000
     1.00000    14.4591    18.2080    30.4553    1.00000    1.00000
     1.00000    2.81430    4.78259   -7.35867    1.00000    1.00000
     1.00000   -8.64024    15.1883    9.17610    1.00000    1.00000
     1.00000    14.6008   -22.6263   -42.5979    1.00000    1.00000
     1.00000    11.0823    4.87189    26.6834    1.00000    1.00000
     1.00000    38.4268   -20.1152   -22.3916    1.00000    1.00000
     1.00000   -28.6860    17.0483    17.0767    1.00000    1.00000
     1.00000    6.27087   -31.4563   -28.2449    1.00000    1.00000
     1.00000   -3.41927    19.9867    29.5538    1.00000    1.00000
     1.00000    7.98045   -2.70723   -4.21074    1.00000    1.00000
     1.00000   -17.8557    19.9437    17.8724    1.00000    1.00000
     1.00000    7.35042   -4.37212   -26.4023    1.00000    1.00000
     1.00000   -11.7293   10.26579    32.8399    1.00000    1.00000
     1.00000    12.5009   -23.8918   -17.5020    1.00000    1.00000
     1.00000   -29.3560   0.935127    23.0178    1.00000    1.00000
     1.00000    1.05176   -5.62269   -36.5287    1.00000    1.00000
     1.00000    22.2524    14.4848    32.3807    1.00000    1.00000
     1.00000   -2.37709    17.6389   -5.73997    1.00000    1.00000
     1.00000   -18.4579    8.86033    24.7197    1.00000    1.00000
     1.00000    16.7983   -6.20644   -39.4587    1.00000    1.00000
     1.00000    16.2122    3.00481    14.5816    1.00000    1.00000
     1.00000    24.4304   -30.8542   -25.0144    1.00000    1.00000
     1.00000   -27.9773    12.3791    23.7726    1.00000    1.00000
     1.00000    1.57869   -11.8894   -25.8534    1.00000    1.00000
     1.00000   -6.89571    17.7406    26.1756    1.00000    1.00000
     1.00000    8.96527   -16.4885   -5.38692    1.00000    1.00000
     1.00000   -21.5984    15.4592    16.7969    1.00000    1.00000
     1.00000   -1.83604  -0.123055   -26.3877    1.00000    1.00000
     1.00000   -9.60227    7.57607    24.9736    1.00000    1.00000
     1.00000    17.3582   -23.6917   -9.40714    1.00000    1.00000
     1.00000   -26.4897    5.65557    12.4877    1.00000    1.00000
     1.00000   -4.67039   -29.5608   -21.2008    1.00000    1.00000
     1.00000    13.9861    18.2801    22.3464    1.00000    1.00000
     1.00000   -3.21465    1.69273   -3.97820    1.00000    1.00000
     1.00000   -11.6723    7.85992    18.8218    1.00000    1.00000
     1.00000    19.3802   -8.14649   -48.9045    1.00000    1.00000
     1.00000    14.6204   -3.72073    21.4052    1.00000    1.00000
     1.00000    29.4889   -22.4931   -20.6029    1.00000    1.00000
     1.00000   -29.8478    21.1701    18.0413    1.00000    1.00000
     1.00000    4.30113   -28.7097   -33.1721    1.00000    1.00000
     1.00000    3.37431    22.9645    23.8262    1.00000    1.00000
     1.00000    15.8555  -10.05797   -8.38727    1.00000    1.00000
     1.00000   -8.49343    25.7741    5.93254    1.00000    1.00000
     1.00000    14.6727   -6.79961   -19.6115    1.00000    1.00000
     1.00000   -17.0229    11.6129    40.2401    1.00000    1.00000
     1.00000    17.3906   -8.23888   -17.4272    1.00000    1.00000
     1.00000   -31.5240    2.76661    18.5606    1.00000    1.00000
     1.00000   -7.47736   -16.9133   -31.5261    1.00000    1.00000
     1.00000    13.7803    11.1150    32.9378    1.00000    1.00000
     1.00000    2.93159    11.1004   -8.82769    1.00000    1.00000
     1.00000   -25.6186   10.51164    29.9299    1.00000    1.00000
     1.00000    11.6923   -6.74557   -36.9075    1.00000    1.00000
     1.00000    12.9868   -1.65630   10.05339    1.00000    1.00000
     1.00000    31.4894   -23.6159   -27.5791    1.00000    1.00000
     1.00000   -39.8765   0.589645    21.8732    1.00000    1.00000
     1.00000    1.19231   -13.5964   -18.7320    1.00000    1.00000
     1.00000  -10.55659    22.1104    26.5893    1.00000    1.00000
     1.00000    15.3196   -9.65088    2.91734    1.00000    1.00000
     1.00000   -21.2673    19.1803    9.32947    1.00000    1.00000
     1.00000    9.17790   -5.10305   -31.9650    1.00000    1.00000
     1.00000    8.52159    11.5163    22.8160    1.00000    1.00000
     1.00000    17.3613   -22.8068   -13.0147    1.00000    1.00000
     1.00000   -38.1595    5.01014    3.39107    1.00000    1.00000
     1.00000   -3.20976   -35.7686   -25.0446    1.00000    1.00000
     1.00000    13.8949    21.0755    34.9605    1.00000    1.00000
     1.00000   -1.61307    2.87943   -4.14154    1.00000    1.00000
     1.00000   -13.6853    13.0799    9.51639    1.00000    1.00000
     1.00000    14.6726   -16.1829   -45.1110    1.00000    1.00000
     1.00000    12.4969    4.96324    25.2725    1.00000    1.00000
     1.00000    32.4524   -18.5155   -19.7011    1.00000    1.00000
     1.00000   -24.9972    21.6330    24.1171    1.00000    1.00000
     1.00000    2.08185   -31.4349   -26.9708    1.00000    1.00000
     1.00000   -5.17570    24.4891    32.8712    1.00000    1.00000
     1.00000    2.11588   -3.06542  -10.12543    1.00000    1.00000
     1.00000   -14.0808    19.8036    16.4362    1.00000    1.00000
     1.00000    7.78848   -4.81678   -24.5022    1.00000    1.00000
     1.00000   -9.23956    14.8445    29.5442    1.00000    1.00000
     1.00000    13.1601   -32.4699   -17.8182    1.00000    1.00000
     1.00000   -35.4007    2.71111    21.5106    1.00000    1.00000
     1.00000   -4.62875   -6.24906   -37.2768    1.00000    1.00000
     1.00000    19.2264    20.1935    28.4834    1.00000    1.00000
     1.00000    1.99806    16.5655   -15.3904    1.00000    1.00000
     1.00000   -19.2053    9.66819    22.9742    1.00000    1.00000
     1.00000    13.0060  -0.959328   -42.6545    1.00000    1.00000
     1.00000    25.7025    1.99915    19.4577    1.00000    1.00000
     1.00000    22.2126   -30.9198   -26.7932    1.00000    1.00000
     1.00000   -38.0575    12.4326    22.7512    1.00000    1.00000
     1.00000    5.39461   -13.9797   -28.0445    1.00000    1.00000
     1.00000   0.814240    21.1497    17.8719    1.00000    1.00000
     1.00000    8.85049   -18.8928   -4.81160    1.00000    1.00000
     1.00000   -20.9931    18.6727    16.5980    1.00000    1.00000
     1.00000    5.90668   -4.95097   -30.7725    1.00000    1.00000
     1.00000   -2.60982    9.94039    25.9751    1.00000    1.00000
     1.00000    11.3223   -15.7590  -10.28927    1.00000    1.00000
     1.00000   -32.7119    3.31777    17.0004    1.00000    1.00000
     1.00000   -3.84106   -24.8273   -15.7065    1.00000    1.00000
     1.00000    9.65131    17.7288    26.5696    1.00000    1.00000
     1.00000   -2.71788   -1.56397   -3.43871    1.00000    1.00000
     1.00000   -12.1366   10.48399    10.6582    1.00000    1.00000
     1.00000    17.4299   -15.0928   -47.2992    1.00000    1.00000
     1.00000    18.1332    1.76797    20.6690    1.00000    1.00000
     1.00000    27.7261   -20.2548   -14.5372    1.00000    1.00000
     1.00000   -25.2265    20.4962    15.4934    1.00000    1.00000
     1.00000    1.75978   -17.7132   -26.6664    1.00000    1.00000
     1.00000    8.76967    23.1876    22.6651    1.00000    1.00000
     1.00000    14.6236   -3.67088   -4.04518    1.00000    1.00000
     1.00000   -9.63554    22.6644    14.0776    1.00000    1.00000
     1.00000    21.9821   -1.51698   -17.0114    1.00000    1.00000
     1.00000   -15.3923    8.95898    37.3065    1.00000    1.00000
     1.00000    19.5537   -14.2529   -19.1205    1.00000    1.00000
     1.00000   -34.7240   -2.38090    17.4197    1.00000    1.00000
     1.00000   -2.46883   -22.4362   -31.1730    1.00000    1.00000
     1.00000    16.0201    14.5654    36.3028    1.00000    1.00000
     1.00000   -3.42293    14.8971   -3.33046    1.00000    1.00000
     1.00000   -21.9565    9.45322    24.5934    1.00000    1.00000
     1.00000    14.8027   -9.04754   -35.0561    1.00000    1.00000
     1.00000    13.9794  -0.595184    14.7524    1.00000    1.00000
     1.00000    24.1947   -22.8445   -23.6754    1.00000    1.00000
     1.00000   -35.6029    6.39273    23.8814    1.00000    1.00000
     1.00000   0.858704  -10.08453   -23.7449    1.00000    1.00000
     1.00000   -11.1387    21.0173    17.4227    1.00000    1.00000
     1.00000    14.2009   -9.57705  -0.154343    1.00000    1.00000
     1.00000   -22.0303    22.0773   10.44418    1.00000    1.00000
     1.00000    7.50630  -10.40064   -34.7079    1.00000    1.00000
     1.00000  -0.284225   10.55782    23.1391    1.00000    1.00000
     1.00000    26.3031   -18.5064   -13.2172    1.00000    1.00000
     1.00000   -35.6050    5.47217    4.03555    1.00000    1.00000
     1.00000   -2.83356   -27.9558   -28.0618    1.00000    1.00000
     1.00000    14.6928    19.9249    24.9851    1.00000    1.00000
     1.00000   -1.64835    7.61102   -9.03701    1.00000    1.00000
     1.00000   -9.27483    17.1367    12.0914    1.00000    1.00000
     1.00000    10.7605   -27.5344   -40.1532    1.00000    1.00000
     1.00000    12.3943    7.24033    27.5358    1.00000    1.00000
     1.00000    38.8927   -21.8559   -21.5240    1.00000    1.00000
     1.00000   -28.5689    17.6919    19.4569    1.00000    1.00000
     1.00000    11.7058   -27.4492   -26.5701    1.00000    1.00000
     1.00000   0.561844    20.3238    29.6112    1.00000    1.00000
     1.00000    2.86250   -1.87046   -3.31773    1.00000    1.00000
     1.00000   -16.7089    21.9760    21.7055    1.00000    1.00000
     1.00000    2.81001   -6.03681   -29.0661    1.00000    1.00000
     1.00000   -13.3212    5.11325    34.7202    1.00000    1.00000
     1.00000    16.9180   -25.8112   -17.5898    1.00000    1.00000
     1.00000   -29.1021   -1.80267    20.6233    1.00000    1.00000
     1.00000   -3.33739   -5.90175   -34.3795    1.00000    1.00000
     1.00000    22.7813    14.9335    28.7648    1.00000    1.00000
     1.00000   -1.18732    19.6993   -5.42635    1.00000    1.00000
     1.00000   -14.0850    9.83863    26.0389    1.00000    1.00000
     1.00000    17.1205   -2.13976   -41.8987    1.00000    1.00000
     1.00000    18.7023    1.45411    16.1421    1.00000    1.00000
     1.00000    22.2585   -29.0964   -28.5741    1.00000    1.00000
     1.00000   -32.4804    12.0285    23.8406    1.00000    1.00000
     1.00000   0.609528   -7.98695   -28.2219    1.00000    1.00000
     1.00000   -9.44518    16.0649    27.6791    1.00000    1.00000
     1.00000    12.2361   -16.6804   -8.07368    1.00000    1.00000
     1.00000   -23.7077    18.1098    17.9571    1.00000    1.00000
     1.00000    5.14139    1.44025   -28.4327    1.00000    1.00000
     1.00000   -6.49380    11.5216    27.7049    1.00000    1.00000
     1.00000    16.0314   -22.8175   -10.6218    1.00000    1.00000
     1.00000   -24.8046    6.74679    9.84724    1.00000    1.00000
     1.00000   -2.57567   -32.0065   -21.0495    1.00000    1.00000
     1.00000    11.8172    18.1777    24.7884    1.00000    1.00000
     1.00000   -2.05859    9.95255E-02   -4.33208    1.00000    1.00000
     1.00000  -10.28297    11.1968    20.8824    1.00000    1.00000
     1.00000    17.0025   -4.28867   -49.2797    1.00000    1.00000
     1.00000    15.4289   -2.47647    22.7461    1.00000    1.00000
     1.00000    27.2892   -19.7652   -19.3879    1.00000    1.00000
     1.00000   -33.1648    20.8394    18.7495    1.00000    1.00000
     1.00000    3.18285   -25.2347   -27.2168    1.00000    1.00000
     1.00000    1.29837    24.3617    25.0984    1.00000    1.00000
     1.00000    13.4639   -5.26567   -3.71086    1.00000    1.00000
     1.00000   -12.0374    23.9725    8.46100    1.00000    1.00000
     1.00000    15.9689   -9.05032   -19.4173    1.00000    1.00000
     1.00000   -17.2995    14.0402    38.7613    1.00000    1.00000
     1.00000    19.0983   -8.89053   -18.2391    1.00000    1.00000
     1.00000   -34.2499   -9.37424E-02    20.0612    1.00000    1.00000
     1.00000   -13.1327   -13.6887   -33.0849    1.00000    1.00000
     1.00000    17.3829    12.9266    32.2239    1.00000    1.00000
     1.00000   -1.94730   10.10410   -8.60268    1.00000    1.00000
     1.00000   -27.3475    7.37388    29.6154    1.00000    1.00000
     1.00000    11.3814   -4.29157   -44.2895    1.00000    1.00000
     1.00000    13.0228   -5.05160    8.14871    1.00000    1.00000
     1.00000    25.8827   -26.5476   -24.2688    1.00000    1.00000
     1.00000   -42.3131    4.09943    24.8660    1.00000    1.00000
     1.00000    2.03313   -14.1341   -21.4052    1.00000    1.00000
     1.00000   -12.0151    18.7792    33.3235    1.00000    1.00000
     1.00000    13.4185   -6.24229    3.12682    1.00000    1.00000
     1.00000   -19.8931    15.8986    11.3482    1.00000    1.00000
     1.00000    8.94904   -13.0133   -39.9506    1.00000    1.00000
     1.00000   10.21562    8.83755    26.9703    1.00000    1.00000
     1.00000    24.5836   -24.9095   -14.8042    1.00000    1.00000
     1.00000   -37.6907    8.90755  -0.759262    1.00000    1.00000
     1.00000   -5.11253   -30.4712   -27.1516    1.00000    1.00000
     1.00000    13.6508    25.3328    34.4203    1.00000    1.00000
     1.00000   -4.48155    5.14620   -4.17625    1.00000    1.00000
     1.00000   -7.64606    11.2344    9.32355    1.00000    1.00000
     1.00000    12.0365   -19.0632   -43.9378    1.00000    1.00000
     1.00000    14.5607   0.213226    20.6595    1.00000    1.00000
     1.00000    34.7135   -20.4526   -26.4899    1.00000    1.00000
     1.00000   -29.5996    17.5669    23.9025    1.00000    1.00000
     1.00000    2.00990   -29.1438   -31.4696    1.00000    1.00000
     1.00000   -6.75990    25.7092    32.9132    1.00000    1.00000
     1.00000    6.87430   -1.60962   -6.43645    1.00000    1.00000
     1.00000   -9.49952    18.6139    14.2203    1.00000    1.00000
     1.00000    9.83180   -4.24216   -19.6965    1.00000    1.00000
     1.00000   -10.8764    12.8609    31.2394    1.00000    1.00000
     1.00000    12.9632   -27.1513   -15.9168    1.00000    1.00000
     1.00000   -34.3204    5.79096    22.4698    1.00000    1.00000
     1.00000   -8.04293   -12.2708   -36.0974    1.00000    1.00000
     1.00000    17.5540    19.9072    33.4356    1.00000    1.00000
     1.00000   -1.68806    18.6789   -11.7535    1.00000    1.00000
     1.00000   -21.3454    14.0109    23.1032    1.00000    1.00000
     1.00000    15.7395    1.21348   -39.4630    1.00000    1.00000
     1.00000    23.7880    3.29366    16.2100    1.00000    1.00000
     1.00000    22.2742   -34.5922   -25.6984    1.00000    1.00000
     1.00000   -38.8813    10.6107    22.7077    1.00000    1.00000
     1.00000    3.38301   -12.0803   -29.9280    1.00000    1.00000
     1.00000   -4.05234    17.7477    23.5329    1.00000    1.00000
     1.00000   10.49631   -18.5391   -3.73166    1.00000    1.00000
     1.00000   -22.2275    24.0550    13.4839    1.00000    1.00000
     1.00000    2.31985   -2.03028   -32.6070    1.00000    1.00000
     1.00000    8.43658E-02    6.73377    24.9123    1.00000    1.00000
     1.00000    14.0074   -22.7880   -9.09570    1.00000    1.00000
     1.00000   -30.2860    6.12072    12.3364    1.00000    1.00000
     1.00000   -5.82872   -29.3124   -17.7329    1.00000    1.00000
     1.00000    8.81458    19.2374    20.6954    1.00000    1.00000
     1.00000   -5.34571   -5.69712   -8.01385    1.00000    1.00000
     1.00000   -13.6231    13.1606    14.8471    1.00000    1.00000
     1.00000    14.5369   -12.3663   -46.4686    1.00000    1.00000
     1.00000    20.6526    1.18544    25.8060    1.00000    1.00000
     1.00000    30.5199   -17.8997   -13.2938    1.00000    1.00000
     1.00000   -26.0431    19.2957    13.3664    1.00000    1.00000
     1.00000    3.02559   -19.8559   -24.1018    1.00000    1.00000
     1.00000    6.04144    24.2453    21.1300    1.00000    1.00000
     1.00000    9.19852    1.04642   -3.44936    1.00000    1.00000
     1.00000   -9.07719    26.6113    14.7044    1.00000    1.00000
     1.00000    20.3263   -1.74709   -19.5543    1.00000    1.00000
     1.00000   -14.3681   10.32292    43.6312    1.00000    1.00000
     1.00000    18.5901   -17.4676   -17.0775    1.00000    1.00000
     1.00000   -33.7941   -5.62363E-02    18.1142    1.00000    1.00000
     1.00000   -8.24609   -19.1864   -29.1366    1.00000    1.00000
     1.00000    15.4799    16.7841    34.3467    1.00000    1.00000
     1.00000   -2.52243    12.8519   -3.40700    1.00000    1.00000
     1.00000   -20.7152    7.41277    24.6880    1.00000    1.00000
     1.00000    12.7543   -8.61043   -34.4091    1.00000    1.00000
     1.00000    14.9430   0.395302    13.3066    1.00000    1.00000
     1.00000    23.4674   -29.0354   -23.1889    1.00000    1.00000
     1.00000   -38.1627    4.28887    22.6931    1.00000    1.00000
     1.00000    2.10487   -5.44746   -22.6114    1.00000    1.00000
     1.00000  -10.56309    22.9916    24.7939    1.00000    1.00000
     1.00000    11.3325   -14.9301   -2.59300    1.00000    1.00000
     1.00000   -26.3986    22.1957    6.93556    1.00000    1.00000
     1.00000    6.80748  -10.53713   -31.5855    1.00000    1.00000
     1.00000    5.95322    10.8704    22.7318    1.00000    1.00000
     1.00000    24.5023   -20.1205   -17.5405    1.00000    1.00000
     1.00000   -31.3082    7.50863    7.21443    1.00000    1.00000
     1.00000   0.703079   -23.0482   -29.3630    1.00000    1.00000
     1.00000    13.8128    22.0631    31.3218    1.00000    1.00000
     1.00000    1.02327    3.96847   -4.56459    1.00000    1.00000
     1.00000   -5.12018    16.3134    10.6222    1.00000    1.00000
     1.00000    15.1161   -20.7017   -42.7726    1.00000    1.00000
     1.00000    9.17419    7.39683    27.8868    1.00000    1.00000
     1.00000    36.7723   -22.1931   -23.5382    1.00000    1.00000
     1.00000   -29.4014    19.9416    15.1531    1.00000    1.00000
     1.00000    6.75203   -33.3659   -27.8957    1.00000    1.00000
     1.00000   -3.84544    18.1419    28.9094    1.00000    1.00000
     1.00000    4.94283   -1.46922   -5.93675    1.00000    1.00000
     1.00000   -15.6172    18.5796    20.7217    1.00000    1.00000
     1.00000    7.73416   -6.80899   -27.5512    1.00000    1.00000
     1.00000  -10.47250    9.62440    34.4801    1.00000    1.00000
     1.00000    10.8987   -22.1500   -19.0188    1.00000    1.00000
     1.00000   -29.9652    2.07278    24.5458    1.00000    1.00000
     1.00000    3.70741   -4.79430   -36.2984    1.00000    1.00000
     1.00000    21.4844    11.1987    33.0567    1.00000    1.00000
     1.00000   -1.98141    17.9767   -9.90394    1.00000    1.00000
     1.00000   -16.8143    11.5617    24.7153    1.00000    1.00000
     1.00000    17.1633   -8.92739   -43.9966    1.00000    1.00000
     1.00000    16.4009    7.83480    15.1295    1.00000    1.00000
     1.00000    27.0031   -30.2823   -26.0944    1.00000    1.00000
     1.00000   -27.8509    14.1144    22.7864    1.00000    1.00000
     1.00000    3.20050   -12.4801   -26.8637    1.00000    1.00000
     1.00000   -5.56381    18.2085    24.7589    1.00000    1.00000
     1.00000    7.37076   -12.3210   -7.78313    1.00000    1.00000
     1.00000   -21.4266    13.5042    16.4119    1.00000    1.00000
     1.00000    2.45476   -8.60367E-02   -29.5028    1.00000    1.00000
     1.00000   -6.59714    11.1447    24.9227    1.00000    1.00000
     1.00000    18.5311   -27.0888  -10.27922    1.00000    1.00000
     1.00000   -24.8964    6.67887    11.8440    1.00000    1.00000
     1.00000   -2.92809   -29.0564   -20.2179    1.00000    1.00000
     1.00000    10.9911    19.9592    24.4091    1.00000    1.00000
     1.00000   -5.38062    1.68259   -5.16206    1.00000    1.00000
     1.00000   -13.3206    9.86094    16.0949    1.00000    1.00000
     1.00000    19.6142   -8.06055   -45.4327    1.00000    1.00000
     1.00000    16.2508   -3.63848    20.2497    1.00000    1.00000
     1.00000    29.1644   -18.1665   -19.4502    1.00000    1.00000
     1.00000   -27.0539    21.6058    18.7922    1.00000    1.00000
     1.00000    4.46605   -26.6393   -27.8336    1.00000    1.00000
     1.00000   0.594803    22.5568    21.5176    1.00000    1.00000
     1.00000    13.9690  -10.03487   -7.72340    1.00000    1.00000
     1.00000   -8.68636    26.2183    8.35669    1.00000    1.00000
     1.00000    13.0654   -8.09681   -20.8834    1.00000    1.00000
     1.00000   -14.8449    11.9151    37.3108    1.00000    1.00000
     1.00000    15.4864   -11.3969   -17.8908    1.00000    1.00000
     1.00000   -29.6107    3.18625    15.8368    1.00000    1.00000
     1.00000  -10.18891   -12.5392   -33.0633    1.00000    1.00000
     1.00000    16.6293    11.1885    32.8649    1.00000    1.00000
     1.00000  -0.119812    8.04826   -5.93408    1.00000    1.00000
     1.00000   -25.6714    9.50539    32.0087    1.00000    1.00000
     1.00000    13.9885   -5.31740   -39.0213    1.00000    1.00000
     1.00000   10.57506   -3.57294    9.22993    1.00000    1.00000
     1.00000    30.6087   -23.7262   -25.7868    1.00000    1.00000
     1.00000   -40.4201    1.05828    23.7399    1.00000    1.00000
     1.00000    4.26712   -17.7476   -18.3338    1.00000    1.00000
     1.00000   -9.51792    20.5321    27.2453    1.00000    1.00000
     1.00000    12.5586   -12.9314    3.36067    1.00000    1.00000
     1.00000   -21.8461    16.2475    11.0951    1.00000    1.00000
     1.00000    8.65231   -7.70201   -34.2838    1.00000    1.00000
     1.00000    5.72783    10.7786    25.1915    1.00000    1.00000
     1.00000    17.2003   -21.0697   -12.0366    1.00000    1.00000
     1.00000   -37.2222    5.10950    5.15501    1.00000    1.00000
     1.00000   -2.54329   -31.6602   -23.1809    1.00000    1.00000
     1.00000    13.4850    20.6771    36.8771    1.00000    1.00000
     1.00000   -2.21974    4.41530   -3.01323    1.00000    1.00000
     1.00000   -9.36958    11.9053   10.08469    1.00000    1.00000
     1.00000    17.1877   -16.7328   -45.5047    1.00000    1.00000
     1.00000    12.7450    3.65913    23.7766    1.00000    1.00000
     1.00000    32.0528   -21.7875   -23.3930    1.00000    1.00000
     1.00000   -27.9551    18.8160    20.9930    1.00000    1.00000
     1.00000    3.42558   -29.9796   -26.6942    1.00000    1.00000
     1.00000   -2.10379    23.0885    31.5347    1.00000    1.00000
     1.00000    2.91264   -7.27082   -10.8775    1.00000    1.00000
     1.00000   -16.8960    18.8529    16.4979    1.00000    1.00000
