     1.00000   -6.08641   -2.18239    25.3448    1.00000    1.00000
     1.00000    8.08813    18.2067   -20.2250    1.00000    1.00000
     1.00000   -11.4903   -48.3306    19.3437    1.00000    1.00000
     1.00000    5.79526    52.9514   -43.0883    1.00000    1.00000
     1.00000   -2.52592    16.3980   -2.59327    1.00000    1.00000
     1.00000    17.3472   -9.23288    9.81644    1.00000    1.00000
     1.00000   -1.80974   -39.4525    20.9536    1.00000    1.00000
     1.00000    16.8826    38.0715   -22.8641    1.00000    1.00000
     1.00000   -19.7134   -16.4716    19.9527    1.00000    1.00000
     1.00000    18.0380    9.55264   -10.8213    1.00000    1.00000
     1.00000   -15.1985   -55.8799    35.4581    1.00000    1.00000
     1.00000   -17.2800    46.6635   -40.9459    1.00000    1.00000
     1.00000   -9.11140    13.9779    21.3497    1.00000    1.00000
     1.00000    9.78912    6.81159   -1.57067    1.00000    1.00000
     1.00000   -10.9214   -28.5322    34.9756    1.00000    1.00000
     1.00000    14.8213    26.4371   -29.5540    1.00000    1.00000
     1.00000  -10.03506   -26.3688    23.5403    1.00000    1.00000
     1.00000    6.36160    20.6164   -34.0230    1.00000    1.00000
     1.00000   -15.9791   -35.9437    26.4600    1.00000    1.00000
     1.00000    2.09721    51.1678   -39.7475    1.00000    1.00000
     1.00000  -0.313904    5.66978    6.41174    1.00000    1.00000
     1.00000  -0.222504   -6.91091    6.80021    1.00000    1.00000
     1.00000   -2.82051   -31.8489    26.0295    1.00000    1.00000
     1.00000    19.6690    47.2418   -31.9139    1.00000    1.00000
     1.00000   -32.7011   -20.6262    21.0667    1.00000    1.00000
     1.00000    12.7995    14.2659   -4.11491    1.00000    1.00000
     1.00000   -9.50496   -57.7475    15.3381    1.00000    1.00000
     1.00000    3.45500    39.2633   -38.9029    1.00000    1.00000
     1.00000   -3.11049   0.329987    19.4873    1.00000    1.00000
     1.00000   -1.05545   -9.92460   -5.82684    1.00000    1.00000
     1.00000   -16.9559   -28.2823    29.1701    1.00000    1.00000
     1.00000    29.6088    17.0333   -35.1265    1.00000    1.00000
     1.00000   0.653687   -4.51692    17.2658    1.00000    1.00000
     1.00000    9.38596    21.6541   -19.0545    1.00000    1.00000
     1.00000   -15.9333   -47.2997    20.4570    1.00000    1.00000
     1.00000    4.64819    44.9797   -54.2994    1.00000    1.00000
     1.00000  -0.135086    4.71370   -1.38625    1.00000    1.00000
     1.00000    13.9767   -9.77511    11.2637    1.00000    1.00000
     1.00000    4.75945   -45.8014    20.1124    1.00000    1.00000
     1.00000    21.2073    30.6794   -20.0588    1.00000    1.00000
     1.00000   -9.66608   -20.5218    23.4865    1.00000    1.00000
     1.00000    11.7397    10.8135   -15.6342    1.00000    1.00000
     1.00000   -19.3782   -55.9353    27.3716    1.00000    1.00000
     1.00000    1.82256    40.3865   -38.6314    1.00000    1.00000
     1.00000   -12.1087    1.39901    23.3459    1.00000    1.00000
     1.00000    15.6539    11.2518   0.931480    1.00000    1.00000
     1.00000   -20.4644   -28.0120    42.9452    1.00000    1.00000
     1.00000    23.0352    23.2420   -22.1362    1.00000    1.00000
     1.00000   -3.07726  -10.41872    17.4465    1.00000    1.00000
     1.00000    11.7056    24.2888   -31.4342    1.00000    1.00000
     1.00000   -15.2251   -42.4598    17.0136    1.00000    1.00000
     1.00000    5.24535    44.8266   -34.9799    1.00000    1.00000
     1.00000   -9.73293    7.17294    7.73022    1.00000    1.00000
     1.00000    5.72151   -6.69770    1.12417    1.00000    1.00000
     1.00000    2.86086   -25.7313    35.9180    1.00000    1.00000
     1.00000    19.8898    46.6129   -23.7384    1.00000    1.00000
     1.00000   -29.2952   -22.6646    27.9512    1.00000    1.00000
     1.00000    17.4823    8.44040   -7.99006    1.00000    1.00000
     1.00000   -16.3114   -59.9308    19.6593    1.00000    1.00000
     1.00000    12.7256    30.2091   -37.4992    1.00000    1.00000
     1.00000   -13.3310    4.14671    13.6434    1.00000    1.00000
     1.00000   -2.20238    1.37849   -4.26086    1.00000    1.00000
     1.00000  -10.40616   -34.4692    27.1775    1.00000    1.00000
     1.00000    29.3001    12.8013   -21.2243    1.00000    1.00000
     1.00000   -3.52708   -3.27554    20.7627    1.00000    1.00000
     1.00000    7.87469    22.3826   -20.3742    1.00000    1.00000
     1.00000   -9.46887   -48.3238    19.7191    1.00000    1.00000
     1.00000    4.78061    45.0493   -49.2664    1.00000    1.00000
     1.00000   0.902710   10.13649   -4.12725    1.00000    1.00000
     1.00000    20.3129   -1.02864    2.51896    1.00000    1.00000
     1.00000  -0.334946   -41.0201    13.6425    1.00000    1.00000
     1.00000    15.6418    43.4476   -25.0999    1.00000    1.00000
     1.00000   -14.9214   -16.7414    12.9009    1.00000    1.00000
     1.00000    12.5203    13.2524   -13.6255    1.00000    1.00000
     1.00000   -19.9329   -60.7155    35.2115    1.00000    1.00000
     1.00000   -12.1385    51.1372   -40.3919    1.00000    1.00000
     1.00000   -14.5954    15.3529    21.4111    1.00000    1.00000
     1.00000    9.06741    7.19286   -4.87041    1.00000    1.00000
     1.00000   -9.62457   -24.4240    35.2576    1.00000    1.00000
     1.00000    18.1016    25.8766   -29.1234    1.00000    1.00000
     1.00000   -14.0623   -29.6325    16.6557    1.00000    1.00000
     1.00000    5.91104    21.8690   -37.9323    1.00000    1.00000
     1.00000   -13.3326   -32.5532    18.9878    1.00000    1.00000
     1.00000    7.37120    51.6319   -37.3053    1.00000    1.00000
     1.00000    2.66158    1.00505    9.33041    1.00000    1.00000
     1.00000   -4.30899   -7.51050    1.48200    1.00000    1.00000
     1.00000   -4.54306   -41.1548    24.7384    1.00000    1.00000
     1.00000    17.0376    47.2356   -26.4599    1.00000    1.00000
     1.00000   -32.8095   -22.1143    19.7348    1.00000    1.00000
     1.00000    12.2929    11.0747   -1.71845    1.00000    1.00000
     1.00000   -12.8805   -52.1595    19.8615    1.00000    1.00000
     1.00000    3.45189    36.3181   -36.8921    1.00000    1.00000
     1.00000   -8.23676    12.6535    14.7568    1.00000    1.00000
     1.00000    2.27634   -7.52278   -2.16865    1.00000    1.00000
     1.00000   -12.2447   -29.7219    34.0625    1.00000    1.00000
     1.00000    24.5968    19.5773   -28.2548    1.00000    1.00000
     1.00000   -1.82707   -6.25251    16.5247    1.00000    1.00000
     1.00000    12.9458    29.4826   -17.6381    1.00000    1.00000
     1.00000   -14.9783   -40.5180    19.9004    1.00000    1.00000
     1.00000    5.37512    43.0031   -51.7129    1.00000    1.00000
     1.00000    2.78015E-02    7.07994    2.05534    1.00000    1.00000
     1.00000    11.8992   -6.86187    10.8580    1.00000    1.00000
     1.00000    2.44919   -43.1044    19.8472    1.00000    1.00000
     1.00000    20.0462    29.2492   -20.8373    1.00000    1.00000
     1.00000   -13.1835   -22.7618    19.8846    1.00000    1.00000
     1.00000    11.0085    11.4872   -17.6433    1.00000    1.00000
     1.00000   -20.1448   -57.3931    23.5721    1.00000    1.00000
     1.00000   -6.67282    46.9986   -40.1480    1.00000    1.00000
     1.00000   -11.8830    4.97101    24.8318    1.00000    1.00000
     1.00000    11.9521    13.9314  -0.119194    1.00000    1.00000
     1.00000   -12.8230   -28.7803    39.9675    1.00000    1.00000
     1.00000    25.9547    24.2460   -23.3764    1.00000    1.00000
     1.00000   -5.81693   -24.0943    23.6468    1.00000    1.00000
     1.00000    5.83836    21.3936   -27.4124    1.00000    1.00000
     1.00000   -25.9364   -38.1666    14.9530    1.00000    1.00000
     1.00000    6.75294    46.5757   -34.7262    1.00000    1.00000
     1.00000   -4.02509    1.70746E-02    9.60054    1.00000    1.00000
     1.00000    6.30356   -8.33354    5.59757    1.00000    1.00000
     1.00000   -3.38847   -25.5057    31.4233    1.00000    1.00000
     1.00000    20.5403    46.7293   -27.3927    1.00000    1.00000
     1.00000   -20.6035   -19.5125    22.6349    1.00000    1.00000
     1.00000    16.6581    9.26231   -3.57420    1.00000    1.00000
     1.00000   -14.2545   -59.6384    21.1980    1.00000    1.00000
     1.00000    13.2804    32.0038   -38.1859    1.00000    1.00000
     1.00000   -5.44339   10.08401    14.0132    1.00000    1.00000
     1.00000  -0.854858   -5.59233   -3.34675    1.00000    1.00000
     1.00000   -12.0541   -30.0813    24.1186    1.00000    1.00000
     1.00000    31.4852    18.9516   -27.6565    1.00000    1.00000
     1.00000   -6.42357  -0.557884    17.7364    1.00000    1.00000
     1.00000    6.60196    16.2161   -20.4767    1.00000    1.00000
     1.00000  -10.06573   -42.1665    23.4457    1.00000    1.00000
     1.00000    7.55991    47.7208   -44.3358    1.00000    1.00000
     1.00000   -5.01259    16.2716   -4.71725    1.00000    1.00000
     1.00000    24.3068   -7.42237    8.07656    1.00000    1.00000
     1.00000   -2.55269   -39.3301    17.6120    1.00000    1.00000
     1.00000    23.0011    31.8462   -25.4186    1.00000    1.00000
     1.00000   -18.9788   -13.3729    18.4749    1.00000    1.00000
     1.00000    15.0799    14.2893   -11.0259    1.00000    1.00000
     1.00000   -17.4083   -53.5128    30.1208    1.00000    1.00000
     1.00000   -14.5868    50.0827   -39.9072    1.00000    1.00000
     1.00000   -12.1522    12.6682    21.4460    1.00000    1.00000
     1.00000    11.3203    9.81342    1.03855    1.00000    1.00000
     1.00000   -13.5948   -31.3216    37.7877    1.00000    1.00000
     1.00000    15.0265    25.8627   -33.8795    1.00000    1.00000
     1.00000   -11.3214   -25.9935    20.1094    1.00000    1.00000
     1.00000    5.77591    20.4880   -35.9310    1.00000    1.00000
     1.00000   -16.8987   -36.1447    29.1053    1.00000    1.00000
     1.00000    7.94267    49.1270   -41.5533    1.00000    1.00000
     1.00000   -1.29677    8.97598    4.87863    1.00000    1.00000
     1.00000    1.64705   -9.70477    5.51308    1.00000    1.00000
     1.00000    2.45354   -30.6020    29.8154    1.00000    1.00000
     1.00000    22.4951    48.9219   -31.8913    1.00000    1.00000
     1.00000   -31.5666   -22.2526    23.6358    1.00000    1.00000
     1.00000    15.9335    20.9934   -6.21973    1.00000    1.00000
     1.00000   -10.9903   -54.9418    19.8986    1.00000    1.00000
     1.00000    8.32817    38.7753   -41.6361    1.00000    1.00000
     1.00000   -5.61198    4.40790    19.7360    1.00000    1.00000
     1.00000  -0.141037   -8.90391   -1.78179    1.00000    1.00000
     1.00000   -18.5982   -26.0980    30.0659    1.00000    1.00000
     1.00000    27.0590    16.9048   -32.0912    1.00000    1.00000
     1.00000  -0.831085   -9.60110    19.0092    1.00000    1.00000
     1.00000    13.0328    27.6258   -19.5800    1.00000    1.00000
     1.00000   -15.5508   -49.3333    18.9060    1.00000    1.00000
     1.00000    1.70927    42.2246   -54.5058    1.00000    1.00000
     1.00000    4.80920    4.18724  -0.133919    1.00000    1.00000
     1.00000    11.2783   -10.8975    9.89959    1.00000    1.00000
     1.00000    9.38556   -41.9032    21.7679    1.00000    1.00000
     1.00000    15.9483    28.3954   -19.2278    1.00000    1.00000
     1.00000   -14.4836   -19.1678    18.7232    1.00000    1.00000
     1.00000   10.08614    7.35564   -12.1844    1.00000    1.00000
     1.00000   -21.1821   -51.1443    27.5509    1.00000    1.00000
     1.00000   -5.28571    46.8603   -43.1629    1.00000    1.00000
     1.00000   -8.37912    2.04681    25.0658    1.00000    1.00000
     1.00000    15.2513    14.1504   0.865883    1.00000    1.00000
     1.00000   -19.4155   -27.6258    46.0415    1.00000    1.00000
     1.00000    20.3330    21.8581   -21.1094    1.00000    1.00000
     1.00000   -4.34572   -16.0281    20.4599    1.00000    1.00000
     1.00000    8.33604    24.3952   -29.2706    1.00000    1.00000
     1.00000   -15.2058   -36.8697    18.6867    1.00000    1.00000
     1.00000    1.73560    40.5033   -35.0939    1.00000    1.00000
     1.00000   -6.10976    7.63229    9.19358    1.00000    1.00000
     1.00000    5.80475   -6.45328    5.13313    1.00000    1.00000
     1.00000   -2.85458   -26.5052    33.9124    1.00000    1.00000
     1.00000    19.9946    42.4971   -25.2423    1.00000    1.00000
     1.00000   -26.0311   -22.7472    23.8319    1.00000    1.00000
     1.00000    12.7460    12.4538   -7.50344    1.00000    1.00000
     1.00000   -19.3264   -60.4735    22.3303    1.00000    1.00000
     1.00000    11.9193    29.3717   -31.9511    1.00000    1.00000
     1.00000   -10.8225    2.77757    20.3748    1.00000    1.00000
     1.00000    2.09338    2.62833   -4.88372    1.00000    1.00000
     1.00000   -11.4035   -37.1640    27.9568    1.00000    1.00000
     1.00000    29.6101    11.9839   -26.2673    1.00000    1.00000
     1.00000   -3.22658   -4.67228    17.6157    1.00000    1.00000
     1.00000    6.31396    21.9332   -21.5413    1.00000    1.00000
     1.00000   -7.67325   -44.1729    18.7949    1.00000    1.00000
     1.00000    4.04724    48.5113   -46.3256    1.00000    1.00000
     1.00000   -2.24539    11.1842   -1.92758    1.00000    1.00000
     1.00000    17.4426   -2.36430    6.34673    1.00000    1.00000
     1.00000   0.875381   -43.8694    17.3653    1.00000    1.00000
     1.00000    16.0664    40.9886   -29.2610    1.00000    1.00000
     1.00000   -17.5108   -15.8835    18.2231    1.00000    1.00000
     1.00000    9.28854    14.6602   -14.0544    1.00000    1.00000
     1.00000   -16.5368   -59.1214    36.1606    1.00000    1.00000
     1.00000   -13.0650    53.4956   -38.0119    1.00000    1.00000
     1.00000   -18.4732    18.2968    22.5460    1.00000    1.00000
     1.00000    3.13104    4.57700   -5.51821    1.00000    1.00000
     1.00000   -3.01170   -22.5568    35.5011    1.00000    1.00000
     1.00000    23.7881    19.5216   -26.4264    1.00000    1.00000
     1.00000   -17.0302   -29.9913    15.7990    1.00000    1.00000
     1.00000    4.05034    24.1393   -36.9816    1.00000    1.00000
     1.00000   -14.2907   -31.9720    21.6987    1.00000    1.00000
     1.00000    11.0194    49.3153   -37.0115    1.00000    1.00000
     1.00000    1.61403    1.44711    6.34348    1.00000    1.00000
     1.00000   -5.80809   -6.19478    6.70724    1.00000    1.00000
     1.00000   -3.55966   -38.2948    23.8483    1.00000    1.00000
     1.00000    13.1143    47.7341   -30.4731    1.00000    1.00000
     1.00000   -31.7691   -24.2983    21.3412    1.00000    1.00000
     1.00000    9.83743    11.9383   -5.64927    1.00000    1.00000
     1.00000   -7.58313   -52.5451    18.2944    1.00000    1.00000
     1.00000    5.64560    33.6161   -35.4589    1.00000    1.00000
     1.00000   -4.94066    8.41948    16.1155    1.00000    1.00000
     1.00000    3.88167  -10.40989   -6.21124    1.00000    1.00000
     1.00000   -19.6697   -26.8858    32.1139    1.00000    1.00000
     1.00000    23.1960    22.0688   -30.5662    1.00000    1.00000
     1.00000   -1.22598   -9.77057    17.0559    1.00000    1.00000
     1.00000    13.8141    30.7767   -18.8916    1.00000    1.00000
     1.00000   -13.7530   -44.8313    20.3741    1.00000    1.00000
     1.00000    8.28468    44.9140   -50.1875    1.00000    1.00000
     1.00000    1.63609    8.98994   -2.66179    1.00000    1.00000
     1.00000    8.46176   -7.29683    9.38174    1.00000    1.00000
     1.00000    4.27788   -43.9025    19.7096    1.00000    1.00000
     1.00000    19.4913    26.8022   -18.5846    1.00000    1.00000
     1.00000   -11.4099   -21.0237    18.4327    1.00000    1.00000
     1.00000    17.9198    9.64613   -20.4538    1.00000    1.00000
     1.00000   -25.3400   -57.0815    24.7306    1.00000    1.00000
     1.00000   -8.41725    45.4896   -45.2557    1.00000    1.00000
     1.00000   -9.93863    4.50777    19.4538    1.00000    1.00000
     1.00000    12.6331    16.6607    3.17207    1.00000    1.00000
     1.00000   -17.4267   -24.4916    45.6288    1.00000    1.00000
     1.00000    26.1151    26.6595   -25.2484    1.00000    1.00000
     1.00000   -2.92703   -20.4171    23.2534    1.00000    1.00000
     1.00000    8.50618    22.0119   -25.3786    1.00000    1.00000
     1.00000   -18.7803   -36.2350    14.5134    1.00000    1.00000
     1.00000    7.53427    45.0889   -36.5805    1.00000    1.00000
     1.00000   -4.47720    6.83275    8.35961    1.00000    1.00000
     1.00000    2.68486   -7.88388    8.38982    1.00000    1.00000
     1.00000   -3.76288   -27.3717    28.3780    1.00000    1.00000
     1.00000    18.0826    49.2531   -24.2382    1.00000    1.00000
     1.00000   -24.3655   -18.1828    23.8195    1.00000    1.00000
     1.00000    19.8979   10.15820   -3.84133    1.00000    1.00000
     1.00000   -8.09085   -57.0864    16.5885    1.00000    1.00000
     1.00000    11.5636    38.5423   -39.5859    1.00000    1.00000
     1.00000   -9.85823    5.06102    15.0581    1.00000    1.00000
     1.00000   -2.87766   -3.44605   -5.60392    1.00000    1.00000
     1.00000   -11.6155   -27.0021    26.2944    1.00000    1.00000
     1.00000    25.8910    18.1623   -27.6865    1.00000    1.00000
     1.00000   -9.31635   -1.70699    25.0188    1.00000    1.00000
     1.00000    3.86288    16.5660   -18.4772    1.00000    1.00000
     1.00000   -13.2320   -46.7410    21.9654    1.00000    1.00000
     1.00000    7.05772    51.8725   -44.2029    1.00000    1.00000
     1.00000    1.05078    15.8010   -3.23394    1.00000    1.00000
     1.00000    19.4541   -6.56504    9.05212    1.00000    1.00000
     1.00000   -2.22461   -43.1287    20.2348    1.00000    1.00000
     1.00000    19.8046    37.2548   -24.0446    1.00000    1.00000
     1.00000   -16.4100   -19.6942    18.8332    1.00000    1.00000
     1.00000    15.9120    12.6626  -10.21243    1.00000    1.00000
     1.00000   -17.4243   -55.7805    33.4466    1.00000    1.00000
     1.00000   -14.0304    48.6140   -41.8393    1.00000    1.00000
     1.00000   -11.3983    14.4832    18.7847    1.00000    1.00000
     1.00000    10.9081    8.27512  -0.792229    1.00000    1.00000
     1.00000   -8.95544   -26.6655    37.4758    1.00000    1.00000
     1.00000    16.0693    28.3448   -31.1688    1.00000    1.00000
     1.00000   -9.84537   -22.9448    22.1318    1.00000    1.00000
     1.00000    6.42905    21.9891   -32.2866    1.00000    1.00000
     1.00000   -14.9915   -37.6825    26.4940    1.00000    1.00000
     1.00000    2.10808    50.6370   -37.8192    1.00000    1.00000
     1.00000   -4.04079    5.61769    5.14761    1.00000    1.00000
     1.00000   -1.40158   -6.81830    3.64260    1.00000    1.00000
     1.00000  -0.680832   -29.6770    28.9822    1.00000    1.00000
     1.00000    17.2688    45.0077   -27.5639    1.00000    1.00000
     1.00000   -31.7345   -17.4804    23.5166    1.00000    1.00000
     1.00000    13.4312    16.1360   -3.79302    1.00000    1.00000
     1.00000   -11.1240   -53.6588    18.3702    1.00000    1.00000
     1.00000    6.95667    38.6998   -40.1824    1.00000    1.00000
     1.00000   -1.45563    2.71109    20.3464    1.00000    1.00000
     1.00000   -1.20390   -7.96088   -6.17580    1.00000    1.00000
     1.00000   -14.0399   -27.3968    30.0610    1.00000    1.00000
     1.00000    31.1056    15.1842   -32.7995    1.00000    1.00000
     1.00000    2.34142   -6.95269    17.5575    1.00000    1.00000
     1.00000    12.8258    21.4113   -20.0977    1.00000    1.00000
     1.00000   -17.3130   -47.1681    19.0150    1.00000    1.00000
     1.00000    2.73222    45.0190   -53.7271    1.00000    1.00000
     1.00000    3.22072    5.11861   0.646622    1.00000    1.00000
     1.00000    13.9334   -9.99718    8.63792    1.00000    1.00000
     1.00000    7.62427   -45.6481    19.7092    1.00000    1.00000
     1.00000    19.6495    30.7655   -18.8074    1.00000    1.00000
     1.00000   -10.6607   -18.8053    23.2326    1.00000    1.00000
     1.00000    9.70103    13.9078   -16.6531    1.00000    1.00000
     1.00000   -20.7178   -54.8460    26.3622    1.00000    1.00000
     1.00000   -1.79504    43.8481   -40.4449    1.00000    1.00000
     1.00000   -9.58168    4.05678    24.6842    1.00000    1.00000
     1.00000    16.8545    14.5327  -0.589470    1.00000    1.00000
     1.00000   -20.0464   -30.0767    40.4951    1.00000    1.00000
     1.00000    24.9817    25.7564   -21.6259    1.00000    1.00000
     1.00000   -4.45621   -13.5822    16.7533    1.00000    1.00000
     1.00000    13.5492    23.8257   -28.5589    1.00000    1.00000
     1.00000   -17.6642   -39.3504    17.4046    1.00000    1.00000
     1.00000    4.45538    42.3118   -32.9879    1.00000    1.00000
     1.00000   -8.91386    8.00212    9.89360    1.00000    1.00000
     1.00000    4.40576   -7.68929    2.25797    1.00000    1.00000
     1.00000    2.62463   -28.1311    33.8627    1.00000    1.00000
     1.00000    16.3777    44.1951   -23.3970    1.00000    1.00000
     1.00000   -29.1896   -24.2414    24.5899    1.00000    1.00000
     1.00000    14.9534    9.62849   -7.24348    1.00000    1.00000
     1.00000   -18.3693   -60.4919    18.2973    1.00000    1.00000
     1.00000    15.0607    28.7487   -34.2456    1.00000    1.00000
     1.00000   -15.8950    6.90382    15.5850    1.00000    1.00000
     1.00000    1.48756   -1.20058   -5.70007    1.00000    1.00000
     1.00000   -12.6151   -32.9630    29.0684    1.00000    1.00000
     1.00000    28.6845    15.5842   -23.9726    1.00000    1.00000
     1.00000   -5.78163   -3.31209    22.7064    1.00000    1.00000
     1.00000    6.37949    23.7075   -20.4688    1.00000    1.00000
     1.00000   -12.0901   -47.2356    15.8884    1.00000    1.00000
     1.00000    2.65991    48.2133   -49.4876    1.00000    1.00000
     1.00000   -1.36292    11.9142   -3.56719    1.00000    1.00000
     1.00000    18.8174   -1.42865    3.78527    1.00000    1.00000
     1.00000   -1.06363   -42.3563    14.9400    1.00000    1.00000
     1.00000    17.0709    38.7466   -25.7658    1.00000    1.00000
     1.00000   -17.7408   -14.6151    12.2249    1.00000    1.00000
     1.00000   10.14651    14.8227   -10.9468    1.00000    1.00000
     1.00000   -19.8040   -62.2384    33.9215    1.00000    1.00000
     1.00000   -12.7028    52.8711   -41.2136    1.00000    1.00000
     1.00000   -17.6853    13.9956    20.2313    1.00000    1.00000
     1.00000    7.97618    6.42347   -6.35944    1.00000    1.00000
     1.00000   -6.79926   -23.0316    37.0180    1.00000    1.00000
     1.00000    18.7311    23.9844   -28.9717    1.00000    1.00000
     1.00000   -14.7450   -31.2003    18.5699    1.00000    1.00000
     1.00000    5.84105    25.0033   -37.1980    1.00000    1.00000
     1.00000   -17.0619   -33.7245    22.2575    1.00000    1.00000
     1.00000    9.02103    50.9699   -36.3889    1.00000    1.00000
     1.00000    4.34464    1.93585    6.29156    1.00000    1.00000
     1.00000   -2.31085   -5.16614    2.97660    1.00000    1.00000
     1.00000   -5.79025   -42.1752    23.5537    1.00000    1.00000
     1.00000    16.7428    48.9180   -28.0103    1.00000    1.00000
     1.00000   -31.6034   -22.3471    18.1565    1.00000    1.00000
     1.00000    11.7171    11.4006   -3.60584    1.00000    1.00000
     1.00000   -14.8264   -52.3124    20.2972    1.00000    1.00000
     1.00000    4.02341    38.1873   -37.3157    1.00000    1.00000
     1.00000   -7.76060    9.69218    16.0428    1.00000    1.00000
     1.00000    4.79744   -7.69809  -0.340508    1.00000    1.00000
     1.00000   -16.2237   -28.1625    32.8321    1.00000    1.00000
     1.00000    25.2270    22.2627   -29.0772    1.00000    1.00000
     1.00000   0.164429   -4.50674    14.0715    1.00000    1.00000
     1.00000    10.9109    26.8782   -17.5257    1.00000    1.00000
     1.00000   -12.0344   -39.9631    19.6977    1.00000    1.00000
     1.00000    6.90668    45.9722   -53.8462    1.00000    1.00000
     1.00000   -2.60925E-03    6.73120    8.62045E-02    1.00000    1.00000
     1.00000   10.24904   -7.48108    11.8032    1.00000    1.00000
     1.00000   0.690903   -42.1560    19.7524    1.00000    1.00000
     1.00000    23.1376    32.3455   -23.4867    1.00000    1.00000
     1.00000   -14.8721   -22.0254    20.6633    1.00000    1.00000
     1.00000    12.8059    12.1158   -19.0133    1.00000    1.00000
     1.00000   -24.0731   -58.4447    23.8504    1.00000    1.00000
     1.00000   -6.99210    47.6214   -43.8762    1.00000    1.00000
     1.00000   -9.30070    3.60844    26.6130    1.00000    1.00000
     1.00000    14.8034    16.4548   0.778633    1.00000    1.00000
     1.00000   -14.5097   -25.9068    43.6711    1.00000    1.00000
     1.00000    24.8104    27.8774   -23.3106    1.00000    1.00000
     1.00000   -7.78470   -24.0714    23.2900    1.00000    1.00000
     1.00000    6.34157    22.3726   -29.0823    1.00000    1.00000
     1.00000   -23.7736   -40.2947    16.7557    1.00000    1.00000
     1.00000    4.74986    48.1264   -33.7867    1.00000    1.00000
     1.00000   -4.96690    4.34352    9.93105    1.00000    1.00000
     1.00000    5.47720   -8.66476    8.66785    1.00000    1.00000
     1.00000   -5.08586   -26.2976    35.7164    1.00000    1.00000
     1.00000    20.2685    48.4882   -25.8342    1.00000    1.00000
     1.00000   -21.1703   -18.7477    20.4502    1.00000    1.00000
     1.00000    18.0310   10.35803   -4.53043    1.00000    1.00000
     1.00000   -11.8900   -58.0740    21.1369    1.00000    1.00000
     1.00000    10.9846    34.8547   -39.3532    1.00000    1.00000
     1.00000   -6.25285    10.7283    12.3016    1.00000    1.00000
     1.00000   -3.82843   -4.54370   -4.22871    1.00000    1.00000
     1.00000   -13.3671   -31.7001    25.4691    1.00000    1.00000
     1.00000    27.7446    18.8238   -28.2804    1.00000    1.00000
     1.00000   -8.62186    4.76074E-03    21.5027    1.00000    1.00000
     1.00000    8.16330    14.2403   -18.2446    1.00000    1.00000
     1.00000   -13.1263   -42.4740    22.1713    1.00000    1.00000
     1.00000    7.12350    50.5226   -42.7286    1.00000    1.00000
     1.00000   -6.74712    14.4104   -5.87257    1.00000    1.00000
     1.00000    25.6762   -6.09500    5.20084    1.00000    1.00000
     1.00000   -4.18167   -37.1600    19.2840    1.00000    1.00000
     1.00000    22.7103    34.7088   -25.4293    1.00000    1.00000
     1.00000   -18.4994   -14.9088    19.6628    1.00000    1.00000
     1.00000    15.1084    15.8888   -12.8941    1.00000    1.00000
     1.00000   -18.9667   -57.6760    33.5360    1.00000    1.00000
     1.00000   -16.9017    51.1171   -40.0822    1.00000    1.00000
     1.00000  -10.02251    9.42038    21.4122    1.00000    1.00000
     1.00000    7.43929    9.32935    4.25799    1.00000    1.00000
     1.00000   -12.7258   -29.5521    38.1249    1.00000    1.00000
     1.00000    19.6968    27.4856   -32.4068    1.00000    1.00000
     1.00000   -12.5504   -30.1935    17.8386    1.00000    1.00000
     1.00000    9.02995    19.2492   -37.7394    1.00000    1.00000
     1.00000   -17.0876   -39.4117    28.7287    1.00000    1.00000
     1.00000    6.40825    50.6124   -38.7312    1.00000    1.00000
     1.00000    1.00803    6.82103    3.77933    1.00000    1.00000
     1.00000   -1.74188   -8.55246    7.07961    1.00000    1.00000
     1.00000    2.88533   -28.7877    30.5378    1.00000    1.00000
     1.00000    20.9452    47.0298   -34.7876    1.00000    1.00000
     1.00000   -31.4195   -22.8530    27.1206    1.00000    1.00000
     1.00000    12.9245    18.6441   -5.70083    1.00000    1.00000
     1.00000   -7.93950   -54.9766    22.3521    1.00000    1.00000
     1.00000    5.25244    38.3952   -43.5917    1.00000    1.00000
     1.00000   -3.54895    1.01965    22.5034    1.00000    1.00000
     1.00000   0.625595  -10.46532  -0.794746    1.00000    1.00000
     1.00000   -16.9744   -25.2722    28.5525    1.00000    1.00000
     1.00000    26.6215    20.7815   -31.9989    1.00000    1.00000
     1.00000   0.147003   -6.83627    20.4086    1.00000    1.00000
     1.00000    11.3279    25.6659   -20.6545    1.00000    1.00000
     1.00000   -17.5476   -49.2931    19.0124    1.00000    1.00000
     1.00000    5.07755    43.0575   -53.9518    1.00000    1.00000
     1.00000    5.70100    5.93726  -0.510948    1.00000    1.00000
     1.00000    11.9651   -9.68880    8.46174    1.00000    1.00000
     1.00000    6.08485   -43.7152    21.6797    1.00000    1.00000
     1.00000    16.9882    31.1179   -15.8945    1.00000    1.00000
     1.00000   -13.3151   -19.0298    20.3405    1.00000    1.00000
     1.00000    11.4145    10.6515   -13.4944    1.00000    1.00000
     1.00000   -21.0514   -52.8857    26.5760    1.00000    1.00000
     1.00000   -2.64267    46.2826   -41.4477    1.00000    1.00000
     1.00000   -6.71320    1.05081    25.5482    1.00000    1.00000
     1.00000    12.1505    11.9507    7.38297E-02    1.00000    1.00000
     1.00000   -19.5718   -29.2222    44.8468    1.00000    1.00000
     1.00000    20.7298    21.2331   -22.9673    1.00000    1.00000
     1.00000   -5.23360   -16.8463    22.0544    1.00000    1.00000
     1.00000    9.67757    24.6013   -27.8016    1.00000    1.00000
     1.00000   -15.8262   -37.1695    22.8439    1.00000    1.00000
     1.00000   0.818008    38.3060   -37.1498    1.00000    1.00000
     1.00000   -6.46950    10.7924   10.31437    1.00000    1.00000
     1.00000    3.59668   -3.81078    2.32104    1.00000    1.00000
     1.00000   0.580215   -28.8168    36.2275    1.00000    1.00000
     1.00000    21.2367    42.8908   -23.3649    1.00000    1.00000
     1.00000   -23.3657   -21.1764    23.2883    1.00000    1.00000
     1.00000    14.9457    13.0063   -5.72623    1.00000    1.00000
     1.00000   -20.1913   -60.0102    18.9669    1.00000    1.00000
     1.00000    11.3418    28.8457   -35.6610    1.00000    1.00000
     1.00000   -11.9848    3.91783    15.1048    1.00000    1.00000
     1.00000   -1.18100    3.00907   -4.80671    1.00000    1.00000
     1.00000  -10.47881   -38.3327    26.6229    1.00000    1.00000
     1.00000    27.9782    15.3289   -27.2103    1.00000    1.00000
     1.00000   -1.27191   -5.63181    18.7499    1.00000    1.00000
     1.00000    4.85199    20.4912   -22.0140    1.00000    1.00000
     1.00000   -4.75867   -44.0001    18.3488    1.00000    1.00000
     1.00000    1.03838    47.0572   -47.8577    1.00000    1.00000
     1.00000   -2.18884    14.4043   -2.11022    1.00000    1.00000
     1.00000    19.2899   -4.04150    6.53306    1.00000    1.00000
     1.00000  -0.942001   -46.7089    17.5176    1.00000    1.00000
     1.00000    15.4614    37.7775   -27.6660    1.00000    1.00000
     1.00000   -16.1143   -17.8957    14.0164    1.00000    1.00000
     1.00000    6.72673    14.3967   -12.6197    1.00000    1.00000
     1.00000   -21.1204   -58.9736    35.5986    1.00000    1.00000
     1.00000   -11.1152    51.8000   -38.8066    1.00000    1.00000
     1.00000   -15.7299    16.9943    21.9861    1.00000    1.00000
     1.00000    5.03542    4.84595   -4.96952    1.00000    1.00000
     1.00000   -5.48534   -23.6898    33.9384    1.00000    1.00000
     1.00000    23.1496    22.2072   -27.3606    1.00000    1.00000
     1.00000   -19.4360   -31.6725    16.4812    1.00000    1.00000
     1.00000    4.47958    27.4153   -36.8059    1.00000    1.00000
     1.00000   -13.1204   -35.2369    25.0582    1.00000    1.00000
     1.00000    6.79636    48.7081   -37.7880    1.00000    1.00000
     1.00000    3.13460   0.162262    6.15108    1.00000    1.00000
     1.00000   -5.66541   -5.57733    4.30448    1.00000    1.00000
     1.00000   -3.45428   -35.6680    25.8648    1.00000    1.00000
     1.00000    14.0009    48.5125   -32.9459    1.00000    1.00000
     1.00000   -31.3562   -26.2321    21.6409    1.00000    1.00000
     1.00000    8.43195    11.5744   -7.85918    1.00000    1.00000
     1.00000   -8.54491   -51.2890    19.6862    1.00000    1.00000
     1.00000    6.69592    35.4631   -38.5745    1.00000    1.00000
     1.00000   -5.58437    5.64548    18.1651    1.00000    1.00000
     1.00000    4.01892   -10.8278   -4.26020    1.00000    1.00000
     1.00000   -20.5192   -25.8514    29.5667    1.00000    1.00000
     1.00000    26.2012    24.1140   -31.7923    1.00000    1.00000
     1.00000  -0.906143   -11.5911    16.2920    1.00000    1.00000
     1.00000    13.6546    33.0987   -16.6987    1.00000    1.00000
     1.00000   -12.0364   -42.1856    19.9802    1.00000    1.00000
     1.00000    8.92729    47.2074   -53.3230    1.00000    1.00000
     1.00000    2.46765    7.87277   0.418190    1.00000    1.00000
     1.00000    9.41122   -8.08966    5.98840    1.00000    1.00000
     1.00000    3.27220   -41.0488    18.1286    1.00000    1.00000
     1.00000    18.3015    25.2330   -19.7278    1.00000    1.00000
     1.00000   -9.58398   -23.0385    16.0314    1.00000    1.00000
     1.00000    17.1640    12.2216   -19.4208    1.00000    1.00000
     1.00000   -25.8997   -58.3189    20.4302    1.00000    1.00000
     1.00000   -10.5870    47.7854   -43.5568    1.00000    1.00000
     1.00000   -11.1285    6.09035    21.6777    1.00000    1.00000
     1.00000    13.9695    17.9637    4.21040    1.00000    1.00000
     1.00000   -15.7998   -27.1399    44.5739    1.00000    1.00000
     1.00000    28.6791    26.1309   -24.2849    1.00000    1.00000
     1.00000   -4.22217   -23.5175    22.5865    1.00000    1.00000
     1.00000    6.03012    23.4475   -24.2536    1.00000    1.00000
     1.00000   -22.3791   -36.6336    15.7105    1.00000    1.00000
     1.00000    6.54927    45.3959   -32.2772    1.00000    1.00000
     1.00000   -3.74893    5.44374    7.11854    1.00000    1.00000
     1.00000   0.953171   -4.81091    9.40269    1.00000    1.00000
     1.00000   -2.32288   -28.5437    29.1216    1.00000    1.00000
     1.00000    20.5659    51.7864   -27.2131    1.00000    1.00000
     1.00000   -23.7877   -18.1884    25.7342    1.00000    1.00000
     1.00000    20.0086    9.45142   -5.70901    1.00000    1.00000
     1.00000  -10.24603   -57.0949    20.5550    1.00000    1.00000
     1.00000    10.9581    36.8274   -38.7537    1.00000    1.00000
     1.00000   -8.58539    7.60847    12.9618    1.00000    1.00000
     1.00000   -4.54900   0.476845   -7.56539    1.00000    1.00000
     1.00000   -13.1715   -26.3586    27.3738    1.00000    1.00000
     1.00000    24.4568    16.2442   -25.8375    1.00000    1.00000
     1.00000   -7.79930   -1.83224    26.3161    1.00000    1.00000
     1.00000    6.09953    18.1514   -20.4310    1.00000    1.00000
     1.00000   -12.0864   -48.2158    21.2494    1.00000    1.00000
     1.00000    5.68987    53.3158   -41.1247    1.00000    1.00000
     1.00000   -4.21606    15.4455   -3.07926    1.00000    1.00000
     1.00000    17.8799   -7.31699   10.03001    1.00000    1.00000
     1.00000   -3.42984   -38.7758    21.9114    1.00000    1.00000
     1.00000    18.2943    38.5572   -24.1950    1.00000    1.00000
     1.00000   -19.3036   -18.1861    20.8975    1.00000    1.00000
     1.00000    16.4820    10.7671  -10.49888    1.00000    1.00000
     1.00000   -16.4199   -56.5198    36.9067    1.00000    1.00000
     1.00000   -15.8855    47.8783   -41.7073    1.00000    1.00000
     1.00000  -10.18506    14.9650    22.7183    1.00000    1.00000
     1.00000    7.93469    7.52843   -1.78806    1.00000    1.00000
     1.00000   -11.6752   -27.1033    33.7966    1.00000    1.00000
     1.00000    16.6706    26.6552   -30.2837    1.00000    1.00000
     1.00000   -9.21991   -26.0578    21.7407    1.00000    1.00000
     1.00000    6.87724    22.5443   -34.1550    1.00000    1.00000
     1.00000   -15.1550   -35.0509    24.8714    1.00000    1.00000
     1.00000    3.98018    50.7585   -39.2118    1.00000    1.00000
     1.00000    1.36177    4.82499    7.10342    1.00000    1.00000
     1.00000   -1.58548   -6.18335    5.53019    1.00000    1.00000
     1.00000   -2.82442   -30.6190    27.6066    1.00000    1.00000
     1.00000    18.7307    46.3969   -30.3629    1.00000    1.00000
     1.00000   -31.0499   -21.0810    22.0995    1.00000    1.00000
     1.00000    14.1481    12.8043   -3.90330    1.00000    1.00000
     1.00000  -10.17780   -56.5447    16.7875    1.00000    1.00000
     1.00000    3.13937    37.6051   -39.9755    1.00000    1.00000
     1.00000   -3.93486    1.93466    18.6239    1.00000    1.00000
     1.00000   0.162384   -9.68519   -4.25852    1.00000    1.00000
     1.00000   -17.6127   -28.3144    27.2813    1.00000    1.00000
     1.00000    29.8600    15.2014   -34.3642    1.00000    1.00000
     1.00000   0.717224   -5.58841    18.9534    1.00000    1.00000
     1.00000    11.1964    22.3913   -19.4774    1.00000    1.00000
     1.00000   -15.4250   -45.5245    21.2251    1.00000    1.00000
     1.00000    4.58105    44.1658   -56.1251    1.00000    1.00000
     1.00000  -0.456085    3.63829   0.269180    1.00000    1.00000
     1.00000    15.3505   -9.32811    9.88056    1.00000    1.00000
     1.00000    6.37991   -45.6514    21.2750    1.00000    1.00000
     1.00000    22.7780    30.2256   -18.9069    1.00000    1.00000
     1.00000  -10.50444   -21.0930    21.7629    1.00000    1.00000
     1.00000   10.17276    9.72112   -15.0415    1.00000    1.00000
     1.00000   -19.2213   -54.9643    29.1130    1.00000    1.00000
     1.00000   0.488251    41.4265   -39.6981    1.00000    1.00000
     1.00000  -10.51703   0.284462    23.8194    1.00000    1.00000
     1.00000    14.8430    9.42594   0.838448    1.00000    1.00000
     1.00000   -20.9408   -27.3609    44.7753    1.00000    1.00000
     1.00000    21.6678    24.4587   -22.9424    1.00000    1.00000
     1.00000   -4.63811   -11.6219    17.1059    1.00000    1.00000
     1.00000    12.1689    23.1645   -29.8463    1.00000    1.00000
     1.00000   -16.2853   -40.7659    17.0964    1.00000    1.00000
     1.00000    4.32959    43.0540   -34.8408    1.00000    1.00000
     1.00000  -10.33667    8.75237    6.66209    1.00000    1.00000
     1.00000    6.88078   -7.30237    2.63760    1.00000    1.00000
     1.00000    1.85454   -27.4237    35.5676    1.00000    1.00000
     1.00000    19.6307    45.0968   -25.0168    1.00000    1.00000
     1.00000   -28.8892   -22.8576    26.0024    1.00000    1.00000
     1.00000    16.2549    9.82497   -8.74931    1.00000    1.00000
     1.00000   -16.2461   -58.4254    20.9743    1.00000    1.00000
     1.00000    14.0655    30.3484   -36.0210    1.00000    1.00000
     1.00000   -14.1294    4.92732    15.3027    1.00000    1.00000
     1.00000  -0.982117  -0.204102   -4.34061    1.00000    1.00000
     1.00000  -10.53621   -32.4735    27.1855    1.00000    1.00000
     1.00000    31.0486    13.1059   -20.3026    1.00000    1.00000
     1.00000   -1.58305   -2.80572    20.7628    1.00000    1.00000
     1.00000    9.65083    21.7431   -21.0348    1.00000    1.00000
     1.00000   -9.25285   -47.2044    18.0759    1.00000    1.00000
     1.00000    2.90970    45.0256   -49.9729    1.00000    1.00000
     1.00000    1.93481E-02    10.9234   -2.51469    1.00000    1.00000
     1.00000    20.3561  -0.298035   0.657677    1.00000    1.00000
     1.00000   -1.11124   -42.3244    12.3402    1.00000    1.00000
     1.00000    15.4407    41.4648   -25.2679    1.00000    1.00000
     1.00000   -15.8017   -14.9799    12.5515    1.00000    1.00000
     1.00000    11.5565    13.5700   -15.3489    1.00000    1.00000
     1.00000   -21.9323   -60.7631    35.2266    1.00000    1.00000
     1.00000   -12.6364    49.2053   -40.5328    1.00000    1.00000
     1.00000   -13.4367    16.7484    22.2539    1.00000    1.00000
     1.00000    9.86803    7.96022   -3.20602    1.00000    1.00000
     1.00000   -9.64171   -26.3444    34.6993    1.00000    1.00000
     1.00000    18.5969    27.7735   -28.7275    1.00000    1.00000
     1.00000   -13.8435   -31.5839    16.2764    1.00000    1.00000
     1.00000    5.11098    22.6419   -39.5944    1.00000    1.00000
     1.00000   -15.1701   -33.2889    19.2744    1.00000    1.00000
     1.00000    8.65955    52.1410   -38.7479    1.00000    1.00000
     1.00000    2.69604   -9.55200E-02    11.0000    1.00000    1.00000
     1.00000   -4.28784   -6.20618    2.99802    1.00000    1.00000
     1.00000   -4.12445   -39.3368    25.4593    1.00000    1.00000
     1.00000    15.8092    47.1495   -28.0358    1.00000    1.00000
     1.00000   -33.2975   -23.0132    21.4535    1.00000    1.00000
     1.00000    14.0068    11.1809   -2.74369    1.00000    1.00000
     1.00000   -11.2520   -51.4640    20.7912    1.00000    1.00000
     1.00000    1.45195    36.3347   -36.8914    1.00000    1.00000
     1.00000   -6.29378    12.7842    14.3010    1.00000    1.00000
     1.00000    3.54823   -8.85520   -1.38960    1.00000    1.00000
     1.00000   -12.9474   -29.9913    32.2095    1.00000    1.00000
     1.00000    25.4896    20.4281   -29.8292    1.00000    1.00000
     1.00000   -1.44786   -4.32705    16.1389    1.00000    1.00000
     1.00000    14.7390    29.2938   -16.7726    1.00000    1.00000
     1.00000   -15.2551   -38.8654    18.8084    1.00000    1.00000
     1.00000    6.17468    43.8875   -50.1071    1.00000    1.00000
     1.00000  -0.268906    5.16997    1.54156    1.00000    1.00000
     1.00000    11.8127   -6.03880    12.6787    1.00000    1.00000
     1.00000    2.38255   -44.5640    18.4815    1.00000    1.00000
     1.00000    21.0073    29.7435   -22.5201    1.00000    1.00000
     1.00000   -13.1178   -20.8104    19.4513    1.00000    1.00000
     1.00000    11.6320   10.51831   -19.2781    1.00000    1.00000
     1.00000   -21.5677   -56.2280    22.7860    1.00000    1.00000
     1.00000   -7.10945    46.7435   -42.0830    1.00000    1.00000
     1.00000  -10.51730    5.62128    23.5233    1.00000    1.00000
     1.00000    11.1274    15.1423    1.24230    1.00000    1.00000
     1.00000   -13.7128   -27.7614    41.4406    1.00000    1.00000
     1.00000    25.9651    26.2445   -23.2977    1.00000    1.00000
     1.00000   -5.77287   -24.8303    25.5059    1.00000    1.00000
     1.00000    6.23341    19.5391   -26.7761    1.00000    1.00000
     1.00000   -24.2671   -37.1056    15.2493    1.00000    1.00000
     1.00000    6.38669    48.1427   -35.9138    1.00000    1.00000
     1.00000   -4.65607    1.44568    10.8499    1.00000    1.00000
     1.00000    7.01915   -8.81249    7.40272    1.00000    1.00000
     1.00000   -4.23338   -26.9408    32.5308    1.00000    1.00000
     1.00000    18.8843    45.8316   -26.7206    1.00000    1.00000
     1.00000   -21.3574   -18.9295    24.3933    1.00000    1.00000
     1.00000    15.1644    9.14156   -2.24966    1.00000    1.00000
     1.00000   -14.9288   -61.2563    20.2348    1.00000    1.00000
     1.00000    12.8320    33.9186   -38.5497    1.00000    1.00000
     1.00000   -3.54776   10.26663    14.6241    1.00000    1.00000
     1.00000  -0.695572   -4.63681   -5.09649    1.00000    1.00000
     1.00000   -13.8710   -29.8441    24.9202    1.00000    1.00000
     1.00000    29.5089    18.9746   -27.3504    1.00000    1.00000
     1.00000   -6.19102   -1.65377    19.3931    1.00000    1.00000
     1.00000    6.44821    14.7260   -19.1515    1.00000    1.00000
     1.00000   -11.1040   -43.8062    23.9290    1.00000    1.00000
     1.00000    7.59116    49.1497   -45.7348    1.00000    1.00000
     1.00000   -4.76390    14.5121   -5.63496    1.00000    1.00000
     1.00000    22.8787   -6.02319    8.02444    1.00000    1.00000
     1.00000  -0.827759   -39.6237    16.6433    1.00000    1.00000
     1.00000    24.2065    33.4136   -25.7187    1.00000    1.00000
     1.00000   -18.4308   -12.5119    20.1949    1.00000    1.00000
     1.00000    13.9073    14.3090   -12.6459    1.00000    1.00000
     1.00000   -17.9103   -55.3984    30.5597    1.00000    1.00000
     1.00000   -16.3448    49.2069   -40.2848    1.00000    1.00000
     1.00000   -13.8120    13.6196    22.0292    1.00000    1.00000
     1.00000   10.06323    8.36853    1.61485    1.00000    1.00000
     1.00000   -14.1071   -32.9842    38.7742    1.00000    1.00000
     1.00000    16.2993    27.3608   -33.5111    1.00000    1.00000
     1.00000   -11.7668   -27.8054    20.8294    1.00000    1.00000
     1.00000    7.04376    20.2884   -37.4648    1.00000    1.00000
     1.00000   -15.1342   -35.2486    29.3940    1.00000    1.00000
     1.00000    6.51373    50.2293   -40.6914    1.00000    1.00000
     1.00000  -0.295654    7.27959    5.22506    1.00000    1.00000
     1.00000    1.94324   -9.89574    7.48179    1.00000    1.00000
     1.00000    2.50874   -31.2903    27.9383    1.00000    1.00000
     1.00000    20.9806    49.8458   -30.9680    1.00000    1.00000
     1.00000   -29.9971   -21.7427    24.7657    1.00000    1.00000
     1.00000    14.6013    19.7079   -5.46296    1.00000    1.00000
     1.00000   -12.3641   -55.8487    21.0345    1.00000    1.00000
     1.00000    9.87599    38.4423   -42.8582    1.00000    1.00000
     1.00000   -4.79118    3.41878    21.2683    1.00000    1.00000
     1.00000   -1.31126   -8.65366   -3.38427    1.00000    1.00000
     1.00000   -18.8867   -27.7812    29.0249    1.00000    1.00000
     1.00000    28.5297    17.0066   -33.4427    1.00000    1.00000
     1.00000   0.720001   -8.67410    19.8664    1.00000    1.00000
     1.00000    11.0504    27.3693   -19.6438    1.00000    1.00000
     1.00000   -16.2300   -50.9584    19.8535    1.00000    1.00000
     1.00000   -6.93359E-02    41.4954   -55.0579    1.00000    1.00000
     1.00000    3.81110    4.32480   -1.86160    1.00000    1.00000
     1.00000    11.7867   -12.6973    10.6081    1.00000    1.00000
     1.00000    8.65565   -42.8159    20.1449    1.00000    1.00000
     1.00000    16.5963    29.1742   -17.5034    1.00000    1.00000
     1.00000   -14.8759   -20.7456    17.5585    1.00000    1.00000
     1.00000   10.17999    9.27887   -12.7251    1.00000    1.00000
     1.00000   -21.4244   -52.4104    29.0801    1.00000    1.00000
     1.00000   -4.63997    46.1958   -41.3905    1.00000    1.00000
     1.00000   -9.75476   0.772934    25.7621    1.00000    1.00000
     1.00000    13.5235    13.1440   0.905113    1.00000    1.00000
     1.00000   -17.6769   -27.0268    45.2550    1.00000    1.00000
     1.00000    20.4992    23.8220   -21.4495    1.00000    1.00000
     1.00000   -5.11395   -15.9209    18.6164    1.00000    1.00000
     1.00000    8.27660    22.4211   -29.5856    1.00000    1.00000
     1.00000   -15.1129   -35.2158    19.8074    1.00000    1.00000
     1.00000    3.57558    41.2595   -35.3002    1.00000    1.00000
     1.00000   -6.58311    9.42223    8.43722    1.00000    1.00000
     1.00000    4.67444   -5.19880    4.06133    1.00000    1.00000
     1.00000   -1.19289   -26.7010    35.0081    1.00000    1.00000
     1.00000    18.9057    43.5394   -23.9279    1.00000    1.00000
     1.00000   -25.8239   -20.7592    23.9025    1.00000    1.00000
     1.00000    12.6232    10.7380   -6.48315    1.00000    1.00000
     1.00000   -20.0752   -59.3758    23.8251    1.00000    1.00000
     1.00000    11.0010    29.1488   -33.7137    1.00000    1.00000
     1.00000  -10.40828    2.86140    18.4200    1.00000    1.00000
     1.00000    3.22112    3.77029   -3.69036    1.00000    1.00000
     1.00000   -9.81717   -36.0014    28.3201    1.00000    1.00000
     1.00000    29.2707    13.8193   -26.9857    1.00000    1.00000
     1.00000   -4.47835   -3.27485    18.3087    1.00000    1.00000
     1.00000    4.99408    21.9457   -20.0388    1.00000    1.00000
     1.00000   -9.32286   -45.2972    18.6741    1.00000    1.00000
     1.00000    5.84492    48.2021   -45.5053    1.00000    1.00000
     1.00000   -4.11613    11.7899   -1.56229    1.00000    1.00000
     1.00000    19.2635   -2.31674    5.52087    1.00000    1.00000
     1.00000   -1.05054   -43.4188    17.0689    1.00000    1.00000
     1.00000    15.4225    39.7720   -27.8100    1.00000    1.00000
     1.00000   -16.0144   -16.9760    17.4700    1.00000    1.00000
     1.00000    8.59729    14.9689   -12.2032    1.00000    1.00000
     1.00000   -18.3526   -58.9536    36.9820    1.00000    1.00000
     1.00000   -11.4124    54.6210   -38.0601    1.00000    1.00000
     1.00000   -17.3731    16.7185    23.0925    1.00000    1.00000
     1.00000    4.02451    6.32301   -5.90963    1.00000    1.00000
     1.00000   -3.61575   -23.0379    33.6562    1.00000    1.00000
     1.00000    23.3300    21.2826   -25.5963    1.00000    1.00000
     1.00000   -15.8117   -31.5766    15.8441    1.00000    1.00000
     1.00000    3.26617    22.3450   -36.5746    1.00000    1.00000
     1.00000   -15.1033   -33.1406    23.1037    1.00000    1.00000
     1.00000    9.61859    49.6515   -38.3988    1.00000    1.00000
     1.00000    2.08345    3.35268    5.95821    1.00000    1.00000
     1.00000   -5.01277   -4.36192    6.79737    1.00000    1.00000
     1.00000   -4.62442   -36.9071    24.8182    1.00000    1.00000
     1.00000    14.8581    48.4515   -31.1399    1.00000    1.00000
     1.00000   -32.7234   -24.0700    23.0840    1.00000    1.00000
     1.00000    7.87560    11.6814   -5.94109    1.00000    1.00000
     1.00000   -8.44264   -50.8253    17.7433    1.00000    1.00000
     1.00000    7.38480    34.5986   -35.3599    1.00000    1.00000
     1.00000   -5.82895   10.20563    15.9719    1.00000    1.00000
     1.00000    2.71524   -9.67080   -7.65803    1.00000    1.00000
     1.00000   -18.0439   -27.4008    33.1587    1.00000    1.00000
     1.00000    24.7263    21.1944   -31.5116    1.00000    1.00000
     1.00000   -1.34404   -7.85519    17.6192    1.00000    1.00000
     1.00000    13.9169    32.7597   -18.6522    1.00000    1.00000
     1.00000   -12.3277   -44.0171    19.2315    1.00000    1.00000
     1.00000    8.00392    43.7476   -51.7877    1.00000    1.00000
     1.00000    1.17960    7.81284   -1.11065    1.00000    1.00000
     1.00000    6.86205   -6.09991    9.29053    1.00000    1.00000
     1.00000    4.29388   -41.9046    19.6198    1.00000    1.00000
     1.00000    18.9622    27.6512   -20.3165    1.00000    1.00000
     1.00000   -12.3574   -22.2773    17.1953    1.00000    1.00000
     1.00000    17.1050    7.90018   -20.9902    1.00000    1.00000
     1.00000   -25.9128   -58.1345    23.1296    1.00000    1.00000
     1.00000   -8.84091    46.8588   -43.8608    1.00000    1.00000
     1.00000   -10.8170    6.28502    19.1898    1.00000    1.00000
     1.00000    12.1394    17.5421    4.89814    1.00000    1.00000
     1.00000   -16.6771   -24.0996    47.4411    1.00000    1.00000
     1.00000    24.2249    26.6154   -25.9003    1.00000    1.00000
     1.00000   -3.16127   -19.6933    21.4038    1.00000    1.00000
     1.00000    6.54129    22.1785   -25.7125    1.00000    1.00000
     1.00000   -17.6194   -36.7917    16.0438    1.00000    1.00000
     1.00000    7.40009    44.0222   -34.8940    1.00000    1.00000
     1.00000   -3.26218    7.42713    6.88638    1.00000    1.00000
     1.00000    2.44788   -5.91737    8.66676    1.00000    1.00000
     1.00000   -4.37422   -26.7038    30.1613    1.00000    1.00000
     1.00000    18.9927    50.0284   -25.8414    1.00000    1.00000
     1.00000   -26.1297   -18.8564    24.4781    1.00000    1.00000
     1.00000    18.5429    10.9450   -2.59840    1.00000    1.00000
     1.00000   -8.11668   -57.9077    18.4119    1.00000    1.00000
     1.00000    10.7217    37.7125   -41.1992    1.00000    1.00000
     1.00000   -11.4493    5.42293    13.9015    1.00000    1.00000
     1.00000   -2.20926   -1.94401   -6.74282    1.00000    1.00000
     1.00000   -12.1015   -28.1869    24.7581    1.00000    1.00000
     1.00000    26.8195    16.5124   -28.3313    1.00000    1.00000
     1.00000   -8.79813   -1.00914    23.2176    1.00000    1.00000
     1.00000    4.71817    18.2990   -18.9922    1.00000    1.00000
     1.00000   -12.9093   -44.9784    22.8536    1.00000    1.00000
     1.00000    8.81645    51.0322   -44.6511    1.00000    1.00000
     1.00000  -0.552795    16.6721   -2.41557    1.00000    1.00000
     1.00000    20.8983   -6.08851    7.75312    1.00000    1.00000
     1.00000   -1.65791   -41.4379    21.1404    1.00000    1.00000
     1.00000    20.1457    35.3122   -24.3762    1.00000    1.00000
     1.00000   -18.1213   -19.3885    19.8222    1.00000    1.00000
     1.00000    17.7515    13.1044   -10.8614    1.00000    1.00000
     1.00000   -16.0998   -54.5364    34.2821    1.00000    1.00000
     1.00000   -14.2970    46.7637   -41.1283    1.00000    1.00000
     1.00000   -11.0012    14.1303    20.7129    1.00000    1.00000
     1.00000    9.19064    9.00188   -6.96182E-02    1.00000    1.00000
     1.00000  -10.52841   -27.1065    36.3219    1.00000    1.00000
     1.00000    15.1582    26.7610   -31.9819    1.00000    1.00000
     1.00000   -10.5961   -24.6474    21.3987    1.00000    1.00000
     1.00000    5.32275    21.1275   -30.8605    1.00000    1.00000
     1.00000   -16.0220   -39.3075    27.0394    1.00000    1.00000
     1.00000    1.59229    52.5568   -37.5997    1.00000    1.00000
     1.00000   -2.10927    5.92252    5.56745    1.00000    1.00000
     1.00000   -1.63744   -8.67796    4.33976    1.00000    1.00000
     1.00000   -2.30470   -30.7048    29.5360    1.00000    1.00000
     1.00000    17.1336    46.1800   -29.1787    1.00000    1.00000
     1.00000   -31.7459   -19.3768    22.8813    1.00000    1.00000
     1.00000    13.8759    18.0528   -3.43531    1.00000    1.00000
     1.00000   -11.4362   -54.9955    16.9157    1.00000    1.00000
     1.00000    5.10733    37.9444   -40.0854    1.00000    1.00000
     1.00000   -1.39714    1.23712    18.9958    1.00000    1.00000
     1.00000   -2.41656   -7.21825   -4.76940    1.00000    1.00000
     1.00000   -15.3025   -27.3709    28.5101    1.00000    1.00000
     1.00000    31.2874    13.2283   -32.4235    1.00000    1.00000
     1.00000    2.71017   -5.70367    19.0754    1.00000    1.00000
     1.00000    14.1033    22.9101   -20.4465    1.00000    1.00000
     1.00000   -17.1480   -45.6276    17.7502    1.00000    1.00000
     1.00000    2.73117    45.0926   -55.7257    1.00000    1.00000
     1.00000    1.44673    4.20523   0.509773    1.00000    1.00000
     1.00000    15.2672   -8.67763    7.94532    1.00000    1.00000
     1.00000    9.55098   -45.1140    19.7599    1.00000    1.00000
     1.00000    19.0523    29.4575   -17.4172    1.00000    1.00000
     1.00000   -11.5680   -17.0721    22.8173    1.00000    1.00000
     1.00000   10.27007    12.1428   -15.9041    1.00000    1.00000
     1.00000   -20.7977   -55.4337    24.4522    1.00000    1.00000
     1.00000    7.07397E-02    43.1501   -40.6228    1.00000    1.00000
     1.00000  -10.22723    2.19983    24.3168    1.00000    1.00000
     1.00000    16.7512    12.8729   0.521675    1.00000    1.00000
     1.00000   -19.7791   -28.1810    41.0739    1.00000    1.00000
     1.00000    23.1328    25.0616   -21.3119    1.00000    1.00000
     1.00000   -3.52812   -14.9584    17.8690    1.00000    1.00000
     1.00000    12.6325    25.3828   -29.4165    1.00000    1.00000
     1.00000   -16.7861   -37.5754    17.6844    1.00000    1.00000
     1.00000    4.11502    44.2809   -33.0704    1.00000    1.00000
     1.00000   -9.55388    9.22012    8.44210    1.00000    1.00000
     1.00000    3.92917   -7.05447    4.09370    1.00000    1.00000
     1.00000    4.27757   -28.5362    34.9132    1.00000    1.00000
     1.00000    17.6598    44.8471   -24.7867    1.00000    1.00000
     1.00000   -27.2589   -24.3076    24.0722    1.00000    1.00000
     1.00000    13.2340    8.71431   -6.78751    1.00000    1.00000
     1.00000   -16.7304   -61.5904    18.6248    1.00000    1.00000
     1.00000    13.2679    28.7441   -35.1322    1.00000    1.00000
     1.00000   -16.0960    5.01784    14.9505    1.00000    1.00000
     1.00000  -0.495255   -1.40322   -5.86544    1.00000    1.00000
     1.00000   -12.5322   -32.3487    27.1669    1.00000    1.00000
     1.00000    29.1885    14.0720   -22.7647    1.00000    1.00000
     1.00000   -5.27504   -2.34180    21.0325    1.00000    1.00000
     1.00000    6.61771    24.0204   -22.4297    1.00000    1.00000
     1.00000   -11.0244   -47.8893    17.4494    1.00000    1.00000
     1.00000    2.80508    46.4439   -48.5666    1.00000    1.00000
     1.00000  -0.184219    13.3442   -2.81499    1.00000    1.00000
     1.00000    17.6128  -0.327652    2.62908    1.00000    1.00000
     1.00000  -0.393127   -41.5758    16.6550    1.00000    1.00000
     1.00000    15.5510    39.5399   -24.7360    1.00000    1.00000
     1.00000   -16.8415   -13.1973    13.3118    1.00000    1.00000
     1.00000    11.1497    14.2746   -12.5879    1.00000    1.00000
     1.00000   -19.9185   -61.3577    32.1295    1.00000    1.00000
     1.00000   -12.3629    54.8357   -41.0553    1.00000    1.00000
     1.00000   -16.5669    15.4189    21.0818    1.00000    1.00000
     1.00000    6.21237    6.39987   -5.41689    1.00000    1.00000
     1.00000   -7.68048   -24.2388    35.6891    1.00000    1.00000
     1.00000    19.7710    22.3637   -28.4312    1.00000    1.00000
     1.00000   -15.8695   -30.0041    17.4277    1.00000    1.00000
     1.00000    6.35925    24.0223   -38.8621    1.00000    1.00000
     1.00000   -16.0298   -32.6170    20.9506    1.00000    1.00000
     1.00000    7.48653    51.6149   -35.2801    1.00000    1.00000
     1.00000    4.13159    1.86130    8.27879    1.00000    1.00000
     1.00000   -3.41022   -5.50931    1.34147    1.00000    1.00000
     1.00000   -6.48923   -42.5840    25.3825    1.00000    1.00000
     1.00000    15.1630    48.9799   -29.2352    1.00000    1.00000
     1.00000   -32.2928   -21.3990    16.5360    1.00000    1.00000
     1.00000    9.90601    12.2463   -3.67432    1.00000    1.00000
     1.00000   -16.1751   -53.7236    20.7328    1.00000    1.00000
     1.00000    5.36440    36.8357   -37.9281    1.00000    1.00000
     1.00000   -9.05861    10.8560    15.0626    1.00000    1.00000
     1.00000    6.14998   -8.41666   -1.62672    1.00000    1.00000
     1.00000   -14.6547   -29.3826    33.0549    1.00000    1.00000
     1.00000    27.1252    21.6397   -29.1719    1.00000    1.00000
     1.00000   -1.50078   -3.43459    14.3499    1.00000    1.00000
     1.00000    11.1730    28.7441   -18.1964    1.00000    1.00000
     1.00000   -13.2990   -40.9381    20.9020    1.00000    1.00000
     1.00000    6.26305    44.3100   -52.9390    1.00000    1.00000
     1.00000   -1.64355    6.98697   -1.02818    1.00000    1.00000
     1.00000    8.68788   -6.40932    11.1597    1.00000    1.00000
     1.00000    2.24770   -41.1851    20.5485    1.00000    1.00000
     1.00000    22.2238    30.6047   -23.8537    1.00000    1.00000
     1.00000   -14.4838   -23.7768    21.5475    1.00000    1.00000
     1.00000    14.6364    11.3133   -18.9391    1.00000    1.00000
     1.00000   -22.3510   -57.4708    24.1432    1.00000    1.00000
     1.00000   -5.94742    49.3242   -43.9720    1.00000    1.00000
     1.00000   -10.8325    4.89178    26.5318    1.00000    1.00000
     1.00000    12.9903    15.8579    1.37543    1.00000    1.00000
     1.00000   -15.3822   -27.0428    42.2753    1.00000    1.00000
     1.00000    23.3155    28.9470   -24.0988    1.00000    1.00000
     1.00000   -7.80977   -24.6845    21.3865    1.00000    1.00000
     1.00000    4.79233    22.9432   -30.2111    1.00000    1.00000
     1.00000   -24.7315   -38.5509    16.5515    1.00000    1.00000
     1.00000    4.83186    46.7648   -35.2494    1.00000    1.00000
     1.00000   -3.56482    2.92298   10.05824    1.00000    1.00000
     1.00000    3.73695   -9.58287    8.30920    1.00000    1.00000
     1.00000   -4.83240   -25.5789    33.8673    1.00000    1.00000
     1.00000    21.9782    47.9449   -26.7183    1.00000    1.00000
     1.00000   -21.8573   -20.3958    21.3512    1.00000    1.00000
     1.00000    17.7466    9.29999   -6.20365    1.00000    1.00000
     1.00000   -12.3021   -60.0266    21.0040    1.00000    1.00000
     1.00000    11.8723    35.4282   -37.6553    1.00000    1.00000
     1.00000   -7.22116    8.98677    12.4727    1.00000    1.00000
     1.00000   -2.81683   -5.97039   -3.25857    1.00000    1.00000
     1.00000   -12.5226   -32.3704    23.7846    1.00000    1.00000
     1.00000    27.6964    17.5354   -29.8093    1.00000    1.00000
     1.00000   -6.78433  -0.581604    20.9738    1.00000    1.00000
     1.00000    8.92030    12.4492   -17.7768    1.00000    1.00000
     1.00000   -13.0458   -43.3295    23.9773    1.00000    1.00000
     1.00000    6.46854    48.6445   -42.9373    1.00000    1.00000
     1.00000   -6.13522    12.8525   -4.77767    1.00000    1.00000
     1.00000    25.7360   -6.34467    7.18429    1.00000    1.00000
     1.00000   -2.73750   -38.5350    19.4379    1.00000    1.00000
     1.00000    22.0302    35.7080   -23.8358    1.00000    1.00000
     1.00000   -19.2746   -15.0687    21.4995    1.00000    1.00000
     1.00000    15.4545    17.4197   -11.6545    1.00000    1.00000
     1.00000   -18.8177   -56.2873    32.1044    1.00000    1.00000
     1.00000   -18.1690    51.3589   -38.5540    1.00000    1.00000
     1.00000   -11.4460    10.8114    21.2152    1.00000    1.00000
     1.00000    8.85495    9.38045    2.84615    1.00000    1.00000
     1.00000   -11.8526   -27.8193    37.6404    1.00000    1.00000
     1.00000    17.9878    26.5355   -32.8272    1.00000    1.00000
     1.00000   -12.2345   -28.6597    19.0826    1.00000    1.00000
     1.00000    8.66582    21.1451   -38.2616    1.00000    1.00000
     1.00000   -17.9559   -37.7917    29.5172    1.00000    1.00000
     1.00000    5.09976    51.9863   -38.0986    1.00000    1.00000
     1.00000    2.54218    6.25319    2.62870    1.00000    1.00000
     1.00000   0.163086   -8.85769    6.55247    1.00000    1.00000
     1.00000    1.08771   -29.1053    29.7207    1.00000    1.00000
     1.00000    21.3361    47.6684   -32.9331    1.00000    1.00000
     1.00000   -30.9142   -21.0552    26.4047    1.00000    1.00000
     1.00000    12.7543    19.6219   -3.96449    1.00000    1.00000
     1.00000   -9.65631   -55.2357    21.3595    1.00000    1.00000
     1.00000    7.16202    38.0648   -43.0974    1.00000    1.00000
     1.00000   -3.96483    1.69894    20.6688    1.00000    1.00000
     1.00000    1.92598   -9.05204  -0.236534    1.00000    1.00000
     1.00000   -18.3692   -26.4028    27.6713    1.00000    1.00000
     1.00000    26.9354    18.8641   -32.4732    1.00000    1.00000
     1.00000   -1.66522   -7.67313    20.5330    1.00000    1.00000
     1.00000   10.27876    24.0655   -20.0731    1.00000    1.00000
     1.00000   -17.4198   -48.5714    20.8732    1.00000    1.00000
     1.00000    3.32195    42.3307   -53.3277    1.00000    1.00000
     1.00000    6.60851    7.27634   0.665184    1.00000    1.00000
     1.00000    10.6055   -9.29295    7.04943    1.00000    1.00000
     1.00000    6.73779   -42.3145    20.4102    1.00000    1.00000
     1.00000    17.7735    29.2785   -15.8899    1.00000    1.00000
     1.00000   -13.1647   -17.9982    22.0473    1.00000    1.00000
     1.00000    9.44183    10.9468   -13.6403    1.00000    1.00000
     1.00000   -22.2262   -51.5500    25.6618    1.00000    1.00000
     1.00000   -1.18182    45.0126   -41.9508    1.00000    1.00000
     1.00000   -5.31058  -0.369110    25.6765    1.00000    1.00000
     1.00000    11.5914    11.5698    1.95594    1.00000    1.00000
     1.00000   -19.0967   -31.1241    44.4506    1.00000    1.00000
     1.00000    22.5716    21.2770   -23.7457    1.00000    1.00000
     1.00000   -4.86118   -18.6481    21.2704    1.00000    1.00000
     1.00000    10.8770    25.9582   -28.6503    1.00000    1.00000
     1.00000   -15.4159   -35.5414    21.7573    1.00000    1.00000
     1.00000    2.26257    39.6505   -36.8246    1.00000    1.00000
     1.00000   -8.13593   10.33325    9.30831    1.00000    1.00000
     1.00000    5.46201   -4.53178    2.34820    1.00000    1.00000
     1.00000  -0.642456   -28.5921    34.6608    1.00000    1.00000
     1.00000    20.4333    41.1258   -23.8541    1.00000    1.00000
     1.00000   -24.1557   -19.9762    24.6795    1.00000    1.00000
     1.00000    14.4639    11.5541   -7.01418    1.00000    1.00000
     1.00000   -20.5231   -60.8194    20.7656    1.00000    1.00000
     1.00000    11.5227    30.8312   -35.5025    1.00000    1.00000
     1.00000   -11.5364    3.78241    17.0491    1.00000    1.00000
     1.00000   0.559540    3.53065   -3.97095    1.00000    1.00000
     1.00000   -8.79700   -39.3383    26.2225    1.00000    1.00000
     1.00000    29.2873    15.9690   -25.8404    1.00000    1.00000
     1.00000   -2.86020   -4.74444    19.5805    1.00000    1.00000
     1.00000    6.30397    20.1242   -20.6884    1.00000    1.00000
     1.00000   -6.27551   -45.1656    17.7650    1.00000    1.00000
     1.00000    2.37010    47.4251   -46.4116    1.00000    1.00000
     1.00000   -3.95447    13.5493   -2.49957    1.00000    1.00000
     1.00000    21.1638   -4.17979    7.21807    1.00000    1.00000
     1.00000   0.476013   -45.5667    18.3450    1.00000    1.00000
     1.00000    16.3694    36.9059   -26.1117    1.00000    1.00000
     1.00000   -16.9354   -17.6345    15.8213    1.00000    1.00000
     1.00000    5.89978    12.5967   -12.3435    1.00000    1.00000
     1.00000   -19.3261   -58.1015    35.4569    1.00000    1.00000
     1.00000   -12.1312    51.9840   -37.0937    1.00000    1.00000
     1.00000   -15.1014    18.8563    22.3572    1.00000    1.00000
     1.00000    6.07231    3.27091   -5.63590    1.00000    1.00000
     1.00000   -6.79724   -22.5925    34.9752    1.00000    1.00000
     1.00000    21.6866    22.9324   -28.5154    1.00000    1.00000
     1.00000   -17.5483   -31.4247    17.0939    1.00000    1.00000
     1.00000    4.37704    25.7027   -35.7780    1.00000    1.00000
     1.00000   -13.9603   -33.4547    24.7145    1.00000    1.00000
     1.00000    8.51147    49.0873   -36.8316    1.00000    1.00000
     1.00000    3.36769    1.42952    4.62147    1.00000    1.00000
     1.00000   -6.85574   -4.80905    5.71618    1.00000    1.00000
     1.00000   -2.96086   -33.8076    26.4087    1.00000    1.00000
     1.00000    15.5371    49.6924   -33.4438    1.00000    1.00000
     1.00000   -31.6151   -27.4392    23.2144    1.00000    1.00000
     1.00000   10.36688    12.0677   -7.74686    1.00000    1.00000
     1.00000  -10.04269   -52.6143    19.6893    1.00000    1.00000
     1.00000    6.57510    35.9145   -36.6299    1.00000    1.00000
     1.00000   -6.04422    7.46986    17.4868    1.00000    1.00000
     1.00000    4.19243  -10.51991   -2.29168    1.00000    1.00000
     1.00000   -19.8894   -25.0731    31.2981    1.00000    1.00000
     1.00000    25.3892    22.5825   -32.7897    1.00000    1.00000
     1.00000  -0.816177   -13.4822    15.6474    1.00000    1.00000
     1.00000    13.3149    31.6166   -15.3995    1.00000    1.00000
     1.00000  -10.08209   -41.8346    19.7405    1.00000    1.00000
     1.00000    8.55515    45.2777   -52.9516    1.00000    1.00000
     1.00000    2.97183    9.09013   -1.08642    1.00000    1.00000
     1.00000    8.26311   -7.24646    7.39227    1.00000    1.00000
     1.00000    3.61130   -39.5265    16.8765    1.00000    1.00000
     1.00000    17.3055    26.6239   -20.7640    1.00000    1.00000
     1.00000   -11.0120   -21.6493    15.8553    1.00000    1.00000
     1.00000    16.3222   10.41035   -19.5245    1.00000    1.00000
     1.00000   -27.1453   -57.4324    21.7197    1.00000    1.00000
     1.00000   -12.4543    48.2571   -43.0176    1.00000    1.00000
     1.00000  -10.41556    7.62820    20.6162    1.00000    1.00000
     1.00000    12.6271    19.4419    4.09612    1.00000    1.00000
     1.00000   -16.1454   -25.9409    46.1368    1.00000    1.00000
     1.00000    27.3318    25.0736   -25.3177    1.00000    1.00000
     1.00000   -3.77191   -22.1010    23.9248    1.00000    1.00000
     1.00000    4.44958    24.3963   -25.0292    1.00000    1.00000
     1.00000   -20.4217   -36.9267    15.4229    1.00000    1.00000
     1.00000    8.00922    45.4586   -33.6427    1.00000    1.00000
     1.00000   -3.29031    4.59325    8.86962    1.00000    1.00000
     1.00000  -0.960785   -4.54355    9.91775    1.00000    1.00000
     1.00000   -1.08786   -28.1388    30.6417    1.00000    1.00000
     1.00000    18.6173    51.3443   -27.3000    1.00000    1.00000
     1.00000   -21.8860   -18.4947    26.2725    1.00000    1.00000
     1.00000    20.9293    8.94284   -7.41006    1.00000    1.00000
     1.00000   -9.19931   -58.6722    19.9097    1.00000    1.00000
     1.00000    9.08095    37.5057   -38.6269    1.00000    1.00000
     1.00000   -8.86252    5.68642    13.4402    1.00000    1.00000
     1.00000   -3.75211   -1.33379   -7.85961    1.00000    1.00000
     1.00000   -14.2525   -27.9789    26.9202    1.00000    1.00000
     1.00000    25.8412    17.6846   -25.7450    1.00000    1.00000
