     1.00000    12.4537   -6.18831   -2.68071    1.00000    1.00000
     1.00000   -2.82702   -3.48400   -6.02368    1.00000    1.00000
     1.00000    14.2798    54.4146   -21.2967    1.00000    1.00000
     1.00000   -27.1511   -36.2353    26.2146    1.00000    1.00000
     1.00000    1.72989    30.7295   -6.83057    1.00000    1.00000
     1.00000   -4.56248   -9.85526    2.85384    1.00000    1.00000
     1.00000    8.43089    49.7760   -23.2293    1.00000    1.00000
     1.00000    9.99867   -51.2124    15.0437    1.00000    1.00000
     1.00000    7.45010   -11.2163    5.06592    1.00000    1.00000
     1.00000   -14.4706   -24.2352    3.23318    1.00000    1.00000
     1.00000    11.0312    57.6803   -8.60697    1.00000    1.00000
     1.00000   -12.6986   -42.8526    15.5625    1.00000    1.00000
     1.00000    9.95183   -8.95844E-02  -10.27475    1.00000    1.00000
     1.00000  -10.31709    9.52338    23.6942    1.00000    1.00000
     1.00000    11.2139    39.3459   -25.7350    1.00000    1.00000
     1.00000   -19.7353   -34.9197    8.13459    1.00000    1.00000
     1.00000    17.2378   -3.05595   -8.09097    1.00000    1.00000
     1.00000   -8.60703   -14.9792   -1.96172    1.00000    1.00000
     1.00000   0.604797    57.0599   -20.2817    1.00000    1.00000
     1.00000   -33.9654   -36.5176    22.7439    1.00000    1.00000
     1.00000  -0.668152    40.4026   -23.4707    1.00000    1.00000
     1.00000   -6.14516   -5.77180    16.3498    1.00000    1.00000
     1.00000    14.0943    34.4167   -16.0168    1.00000    1.00000
     1.00000   -2.16756   -39.2343    5.14812    1.00000    1.00000
     1.00000   10.50053   -18.0705   -1.27773    1.00000    1.00000
     1.00000   -25.2242   -21.1954    6.88830    1.00000    1.00000
     1.00000    25.2307    55.9229   -9.21899    1.00000    1.00000
     1.00000   -26.0477   -49.9569    21.7659    1.00000    1.00000
     1.00000   0.817642    16.6762   -7.24490    1.00000    1.00000
     1.00000    1.15935   -2.78325    30.3672    1.00000    1.00000
     1.00000    17.8687    29.4503   -29.1088    1.00000    1.00000
     1.00000   -13.1120   -36.9091    7.18877    1.00000    1.00000
     1.00000    9.86937   -3.87788   -2.33449    1.00000    1.00000
     1.00000   -3.75179   -12.3107    1.18826    1.00000    1.00000
     1.00000    21.0687    52.6062   -16.7463    1.00000    1.00000
     1.00000   -31.2884   -36.1706    30.2247    1.00000    1.00000
     1.00000    2.19856    32.8023   -12.6264    1.00000    1.00000
     1.00000   0.840958   -5.90160    8.46387    1.00000    1.00000
     1.00000    8.97630    40.4587   -18.1654    1.00000    1.00000
     1.00000    13.8420   -44.6095    8.67066    1.00000    1.00000
     1.00000  -0.594002   -3.06641    3.94975    1.00000    1.00000
     1.00000   -19.9299   -30.9600    5.84924    1.00000    1.00000
     1.00000    27.9959    56.9305   -14.6011    1.00000    1.00000
     1.00000   -15.1352   -40.8054    18.3094    1.00000    1.00000
     1.00000    13.1643    4.42846   -12.9246    1.00000    1.00000
     1.00000   -6.31282    2.72303    32.3707    1.00000    1.00000
     1.00000    19.9375    31.8599   -29.9820    1.00000    1.00000
     1.00000   -6.72452   -33.3709   -2.00061    1.00000    1.00000
     1.00000    13.3096   -5.08719   -15.4289    1.00000    1.00000
     1.00000   -11.3831   -16.9815   -10.7331    1.00000    1.00000
     1.00000   -6.45140    57.7045   -22.2047    1.00000    1.00000
     1.00000   -26.9633   -40.7503    19.3792    1.00000    1.00000
     1.00000    3.63762    34.6983   -25.4438    1.00000    1.00000
     1.00000   -1.76642   -5.15060    11.2291    1.00000    1.00000
     1.00000    12.0867    31.4886   -4.82671    1.00000    1.00000
     1.00000    2.12680   -50.4073    8.73718    1.00000    1.00000
     1.00000    13.1765   -22.2331    8.96368    1.00000    1.00000
     1.00000   -30.7888   -23.7483    2.82188    1.00000    1.00000
     1.00000    29.1960    52.2150   -11.8512    1.00000    1.00000
     1.00000   -21.2869   -45.2107    19.7079    1.00000    1.00000
     1.00000    3.24423    27.1329   -7.73806    1.00000    1.00000
     1.00000   -4.84370   -5.40299    25.9553    1.00000    1.00000
     1.00000    28.3547    22.7486   -25.9293    1.00000    1.00000
     1.00000   -15.6662   -38.6363    6.86681    1.00000    1.00000
     1.00000    14.8211   -3.99798  -0.737427    1.00000    1.00000
     1.00000   -9.28461   -5.99005   -3.97260    1.00000    1.00000
     1.00000    1.69238    48.3625   -19.6823    1.00000    1.00000
     1.00000   -24.4557   -49.8252    29.0589    1.00000    1.00000
     1.00000   -1.39716    27.4589   -1.07211    1.00000    1.00000
     1.00000   -4.48183  -10.31164    6.77669    1.00000    1.00000
     1.00000    12.2215    47.8699   -20.7238    1.00000    1.00000
     1.00000    8.62482   -49.8141    14.6472    1.00000    1.00000
     1.00000    9.81367   -14.1087   0.478867    1.00000    1.00000
     1.00000   -9.43700   -22.2599   -1.02106    1.00000    1.00000
     1.00000    15.4343    57.8200   -9.20222    1.00000    1.00000
     1.00000   -10.9301   -48.6791    7.61337    1.00000    1.00000
     1.00000   10.19083    3.98808   -10.9388    1.00000    1.00000
     1.00000   -11.0408    8.04217    27.8259    1.00000    1.00000
     1.00000    6.71796    40.7325   -26.7440    1.00000    1.00000
     1.00000   -11.0622   -33.4381    1.84357    1.00000    1.00000
     1.00000    12.2928   -4.39141   -3.54408    1.00000    1.00000
     1.00000   -7.33696   -21.9029   -1.38589    1.00000    1.00000
     1.00000   -3.77728    57.7073   -19.8982    1.00000    1.00000
     1.00000   -32.2937   -40.9071    24.2196    1.00000    1.00000
     1.00000    3.11391    40.3426   -24.3061    1.00000    1.00000
     1.00000   -6.21977   -9.43700    22.2150    1.00000    1.00000
     1.00000    15.3255    37.3534   -15.6883    1.00000    1.00000
     1.00000   -4.52840   -37.3759    6.78346    1.00000    1.00000
     1.00000    14.3732   -15.9669    5.21389    1.00000    1.00000
     1.00000   -22.8122   -23.6556    9.92035    1.00000    1.00000
     1.00000    23.4451    52.9184   -14.4895    1.00000    1.00000
     1.00000   -23.1723   -46.6854    26.2992    1.00000    1.00000
     1.00000    5.11438    16.4809   -8.65862    1.00000    1.00000
     1.00000   -6.74751   -1.95752    34.8239    1.00000    1.00000
     1.00000    22.1796    21.8649   -34.0729    1.00000    1.00000
     1.00000   -4.13681   -30.9017    2.84878    1.00000    1.00000
     1.00000    6.53777    3.73743   -3.42361    1.00000    1.00000
     1.00000   -7.38472   -6.31957   -7.73181    1.00000    1.00000
     1.00000    15.3071    50.6981   -18.0288    1.00000    1.00000
     1.00000   -26.0486   -39.8202    32.6606    1.00000    1.00000
     1.00000   -3.41222    30.8125   -14.9203    1.00000    1.00000
     1.00000   0.247284  -10.20175    11.7337    1.00000    1.00000
     1.00000    8.20639    41.9016   -21.5719    1.00000    1.00000
     1.00000    8.37540   -45.8193    13.2966    1.00000    1.00000
     1.00000    5.22018   -8.39423    5.75100    1.00000    1.00000
     1.00000   -17.3886   -26.7641    9.64668    1.00000    1.00000
     1.00000    23.4983    60.4816   -11.5324    1.00000    1.00000
     1.00000   -14.1725   -33.5161    24.6187    1.00000    1.00000
     1.00000    10.7851   10.04022   -13.3496    1.00000    1.00000
     1.00000   -8.23822    11.0434    28.8042    1.00000    1.00000
     1.00000    21.5303    30.1700   -30.9741    1.00000    1.00000
     1.00000   -2.81447   -32.0479    1.20081    1.00000    1.00000
     1.00000    25.9328   -1.11507   -15.6799    1.00000    1.00000
     1.00000   -8.59373   -18.1176   -4.86507    1.00000    1.00000
     1.00000   -4.76453    55.1710   -25.0319    1.00000    1.00000
     1.00000   -36.0679   -46.3675    18.1340    1.00000    1.00000
     1.00000    3.22307    36.5735   -15.6558    1.00000    1.00000
     1.00000   -7.06779    1.36674    20.0207    1.00000    1.00000
     1.00000    17.2285    36.0093   -11.3433    1.00000    1.00000
     1.00000    2.64534   -49.0640    19.7422    1.00000    1.00000
     1.00000    19.7091   -21.8694    8.85784    1.00000    1.00000
     1.00000   -23.4197   -27.2846    5.50451    1.00000    1.00000
     1.00000    31.1901    59.5408  -10.27283    1.00000    1.00000
     1.00000   -20.2801   -38.9143    21.7075    1.00000    1.00000
     1.00000    3.54352    22.7665   -7.15007    1.00000    1.00000
     1.00000   -9.78433   -12.1381    27.2359    1.00000    1.00000
     1.00000    23.2441    15.8467   -34.8191    1.00000    1.00000
     1.00000   -15.3487   -41.6146   10.46712    1.00000    1.00000
     1.00000    16.3478  -10.45211   -1.72527    1.00000    1.00000
     1.00000   -2.90668   -4.20657   -8.66231    1.00000    1.00000
     1.00000    12.4949    54.8146   -18.4413    1.00000    1.00000
     1.00000   -27.5103   -39.6923    25.6289    1.00000    1.00000
     1.00000   0.838226    29.0647   -7.48885    1.00000    1.00000
     1.00000   -3.31767   -13.7304    6.02467    1.00000    1.00000
     1.00000    9.19229    47.3700   -22.3521    1.00000    1.00000
     1.00000    5.16478   -48.9471    21.3532    1.00000    1.00000
     1.00000    4.29643   -18.3036    2.63285    1.00000    1.00000
     1.00000   -13.8787   -26.5114    6.82195    1.00000    1.00000
     1.00000    11.4235    57.6080   -11.8548    1.00000    1.00000
     1.00000   -13.7143   -44.4105    18.7912    1.00000    1.00000
     1.00000    7.49213    1.95890  -10.00332    1.00000    1.00000
     1.00000   -9.64917    13.7700    24.3896    1.00000    1.00000
     1.00000    13.4843    33.3458   -23.6266    1.00000    1.00000
     1.00000   -19.2450   -37.6400    3.11800    1.00000    1.00000
     1.00000    15.2842   -6.95000   -10.6732    1.00000    1.00000
     1.00000   -12.0173   -13.2036   0.854431    1.00000    1.00000
     1.00000    5.04152    59.6218   -20.2421    1.00000    1.00000
     1.00000   -32.2414   -36.2611    26.6302    1.00000    1.00000
     1.00000   -1.84208    41.2742   -17.8858    1.00000    1.00000
     1.00000   -3.26390   -8.02753    18.2889    1.00000    1.00000
     1.00000    9.41533    33.2444   -15.7417    1.00000    1.00000
     1.00000    1.12791   -44.0697    6.58079    1.00000    1.00000
     1.00000    13.4121   -18.4972    5.12881    1.00000    1.00000
     1.00000   -21.7971   -20.1253   10.41014    1.00000    1.00000
     1.00000    23.9666    59.1215   -6.89421    1.00000    1.00000
     1.00000   -23.1230   -47.9087    23.3144    1.00000    1.00000
     1.00000   0.494415    15.4826   -5.67307    1.00000    1.00000
     1.00000   -1.82903   -4.93069    27.5975    1.00000    1.00000
     1.00000    19.1290    27.4543   -30.5964    1.00000    1.00000
     1.00000   -4.12886   -33.7847    6.55785    1.00000    1.00000
     1.00000    12.1337   0.723434   0.381485    1.00000    1.00000
     1.00000   -6.54181   -13.7634   -1.34525    1.00000    1.00000
     1.00000    19.9783    50.4430   -18.7942    1.00000    1.00000
     1.00000   -28.0233   -39.9151    29.2842    1.00000    1.00000
     1.00000    1.01500    29.5672   -13.8777    1.00000    1.00000
     1.00000  -0.374069   -7.48735    8.55932    1.00000    1.00000
     1.00000   10.40417    39.3737   -17.2799    1.00000    1.00000
     1.00000   10.27287   -46.8935   10.04446    1.00000    1.00000
     1.00000   -3.74903   0.560150    4.07701    1.00000    1.00000
     1.00000   -17.6443   -28.6841   10.14483    1.00000    1.00000
     1.00000    26.7773    60.9097   -12.4215    1.00000    1.00000
     1.00000   -14.3972   -37.6428    15.9562    1.00000    1.00000
     1.00000    7.53304    6.70778   -12.9436    1.00000    1.00000
     1.00000   -3.19715    3.86338    30.8164    1.00000    1.00000
     1.00000    15.3624    32.8133   -24.0617    1.00000    1.00000
     1.00000   -8.11450   -35.1044    2.26222    1.00000    1.00000
     1.00000    15.6337   -2.07469   -13.6712    1.00000    1.00000
     1.00000   -9.98724   -15.5171   -11.3955    1.00000    1.00000
     1.00000   -7.80958    56.8596   -23.4053    1.00000    1.00000
     1.00000   -29.8922   -41.5021    21.0197    1.00000    1.00000
     1.00000    7.21642    36.6726   -21.5921    1.00000    1.00000
     1.00000   -4.60402   -4.28592    13.0506    1.00000    1.00000
     1.00000    12.9125    34.1044   -5.19483    1.00000    1.00000
     1.00000    2.19659   -48.4727    9.23977    1.00000    1.00000
     1.00000    13.9088   -21.2485    5.42551    1.00000    1.00000
     1.00000   -26.5661   -25.7498    5.59280    1.00000    1.00000
     1.00000    31.4138    53.2679  -10.26263    1.00000    1.00000
     1.00000   -21.0576   -50.8642    18.5521    1.00000    1.00000
     1.00000    6.45399    29.4364   -5.00134    1.00000    1.00000
     1.00000   -3.33957   -3.71307    23.7267    1.00000    1.00000
     1.00000    27.5273    23.5719   -27.5534    1.00000    1.00000
     1.00000   -13.3313   -41.3528    6.00922    1.00000    1.00000
     1.00000    16.1661   -5.53343   -1.68150    1.00000    1.00000
     1.00000   -9.41646   -6.21053   -7.94990    1.00000    1.00000
     1.00000    9.31310    54.1527   -22.4458    1.00000    1.00000
     1.00000   -25.5363   -43.1809    28.5948    1.00000    1.00000
     1.00000   -1.32939    29.2171   -3.80878    1.00000    1.00000
     1.00000   -2.88230   -14.8824    8.27930    1.00000    1.00000
     1.00000   10.26575    47.1512   -18.7975    1.00000    1.00000
     1.00000    14.1927   -46.8238    16.2000    1.00000    1.00000
     1.00000    12.6858  -10.19649   -1.77402    1.00000    1.00000
     1.00000   -11.1119   -25.3432   -4.01816    1.00000    1.00000
     1.00000    20.5139    58.1591   -11.1454    1.00000    1.00000
     1.00000   -13.7447   -43.6226    9.95671    1.00000    1.00000
     1.00000    12.1650   -2.20977   -7.31625    1.00000    1.00000
     1.00000   -6.10622    6.94151    26.6513    1.00000    1.00000
     1.00000    6.82106    37.5975   -26.4156    1.00000    1.00000
     1.00000   -14.6094   -34.1351    3.36215    1.00000    1.00000
     1.00000    14.0249   -4.43227   -7.75566    1.00000    1.00000
     1.00000   -11.4225   -17.7694   -2.49018    1.00000    1.00000
     1.00000   -1.30265    56.9420   -22.1694    1.00000    1.00000
     1.00000   -36.4323   -33.0881    22.3337    1.00000    1.00000
     1.00000    3.00703    37.3103   -22.3655    1.00000    1.00000
     1.00000   -4.01292   -3.37231    19.7125    1.00000    1.00000
     1.00000    17.5520    37.6862   -18.8497    1.00000    1.00000
     1.00000   0.784470   -36.1867    3.45174    1.00000    1.00000
     1.00000    9.18227   -16.5583    5.60622    1.00000    1.00000
     1.00000   -17.6683   -22.1892    6.03788    1.00000    1.00000
     1.00000    22.5604    49.1404   -11.9591    1.00000    1.00000
     1.00000   -23.0276   -41.7070    28.4174    1.00000    1.00000
     1.00000    7.63226    11.9654   -7.85432    1.00000    1.00000
     1.00000   -4.23076    1.79499    28.9097    1.00000    1.00000
     1.00000    20.7126    19.6255   -31.5469    1.00000    1.00000
     1.00000   -2.64639   -27.2713    4.65720    1.00000    1.00000
     1.00000    8.21819  -0.552727   -1.74503    1.00000    1.00000
     1.00000   -4.34511   -9.53209   -2.62732    1.00000    1.00000
     1.00000    16.7920    51.0191   -16.7280    1.00000    1.00000
     1.00000   -28.3324   -42.9575    33.0645    1.00000    1.00000
     1.00000   -7.54037    24.9650   -15.7707    1.00000    1.00000
     1.00000   -2.35094   -8.91387    7.80798    1.00000    1.00000
     1.00000    5.41634    41.3950   -22.5044    1.00000    1.00000
     1.00000    7.42235   -42.4712    12.6293    1.00000    1.00000
     1.00000    3.38678   -8.57688    7.89954    1.00000    1.00000
     1.00000   -14.6164   -24.7409    8.34605    1.00000    1.00000
     1.00000    25.3334    61.1163   -11.0532    1.00000    1.00000
     1.00000   -14.7323   -38.0822    21.0272    1.00000    1.00000
     1.00000    8.65324    6.13524   -7.90182    1.00000    1.00000
     1.00000   -7.82310    6.68379    31.6834    1.00000    1.00000
     1.00000    23.1798    31.1984   -31.5355    1.00000    1.00000
     1.00000   -7.29414   -31.4561   -4.32258    1.00000    1.00000
     1.00000    18.9214   -3.89217   -16.9043    1.00000    1.00000
     1.00000   -9.29607   -17.5672   -8.03617    1.00000    1.00000
     1.00000   -6.91050    56.7565   -27.4609    1.00000    1.00000
     1.00000   -33.1456   -43.0781    20.1015    1.00000    1.00000
     1.00000    2.80026    33.0765   -14.6024    1.00000    1.00000
     1.00000   -9.12157   -1.36543    14.2298    1.00000    1.00000
     1.00000    12.1732    34.5409   -8.52557    1.00000    1.00000
     1.00000    2.19556   -51.8179    13.8495    1.00000    1.00000
     1.00000    16.8191   -22.2993    8.09433    1.00000    1.00000
     1.00000   -23.7520   -24.3647    2.99086    1.00000    1.00000
     1.00000    29.9919    55.9853   -9.75206    1.00000    1.00000
     1.00000   -19.3052   -46.8370    21.6670    1.00000    1.00000
     1.00000   -1.54709    23.0176   -5.96953    1.00000    1.00000
     1.00000   -4.88512   -7.34435    25.4763    1.00000    1.00000
     1.00000    26.6124    20.2688   -30.8670    1.00000    1.00000
     1.00000   -17.2441   -43.0708    10.7818    1.00000    1.00000
     1.00000    13.7615   -7.48488   -1.90060    1.00000    1.00000
     1.00000   -5.76811   -4.89167   -3.97871    1.00000    1.00000
     1.00000    12.6738    53.0860   -22.4711    1.00000    1.00000
     1.00000   -26.1413   -37.3182    29.9049    1.00000    1.00000
     1.00000   0.563721    33.3577   -4.22379    1.00000    1.00000
     1.00000   -3.02763   -13.0498    3.93842    1.00000    1.00000
     1.00000    7.79247    50.1158   -25.0940    1.00000    1.00000
     1.00000    7.41187   -53.1109    17.0608    1.00000    1.00000
     1.00000    8.10349   -13.9069    3.84569    1.00000    1.00000
     1.00000   -12.6858   -25.3410    1.32792    1.00000    1.00000
     1.00000    11.8939    55.2244  -10.19125    1.00000    1.00000
     1.00000   -13.1238   -42.4858    12.3194    1.00000    1.00000
     1.00000    8.23074    2.37762   -8.09103    1.00000    1.00000
     1.00000   -9.09773    9.17304    22.1481    1.00000    1.00000
     1.00000   10.47610    40.6004   -27.1069    1.00000    1.00000
     1.00000   -19.0430   -33.9613    6.52155    1.00000    1.00000
     1.00000    15.8847   -3.56575   -6.70930    1.00000    1.00000
     1.00000   -11.4870   -16.8654  -0.707314    1.00000    1.00000
     1.00000    1.51245    53.3180   -19.6797    1.00000    1.00000
     1.00000   -34.5554   -36.1847    25.1859    1.00000    1.00000
     1.00000    1.05200    39.8335   -21.4096    1.00000    1.00000
     1.00000   -3.82127   -5.15607    17.0527    1.00000    1.00000
     1.00000    13.7653    36.2067   -15.1874    1.00000    1.00000
     1.00000   -3.19734   -42.4094    6.58128    1.00000    1.00000
     1.00000    10.7821   -21.3164   0.800804    1.00000    1.00000
     1.00000   -26.1054   -21.5821    11.9617    1.00000    1.00000
     1.00000    24.6183    57.3134   -6.34084    1.00000    1.00000
     1.00000   -25.6450   -50.5313    19.1676    1.00000    1.00000
     1.00000    2.60277    15.1037   -6.27177    1.00000    1.00000
     1.00000   -1.86230  -0.553520    27.0791    1.00000    1.00000
     1.00000    19.7775    29.5948   -28.5297    1.00000    1.00000
     1.00000   -9.18692   -34.8621    6.63579    1.00000    1.00000
     1.00000    12.0846   -2.70452  -0.836197    1.00000    1.00000
     1.00000   -2.25839   -13.5776    1.59388    1.00000    1.00000
     1.00000    21.1433    55.3778   -16.8738    1.00000    1.00000
     1.00000   -28.7074   -36.1021    29.1049    1.00000    1.00000
     1.00000    8.94318E-02    31.0796   -14.8029    1.00000    1.00000
     1.00000    2.84998   -2.80991    8.35493    1.00000    1.00000
     1.00000    8.38277    44.4745   -18.9109    1.00000    1.00000
     1.00000    13.3679   -46.1473    5.98357    1.00000    1.00000
     1.00000   0.495560   -3.20654    6.68585    1.00000    1.00000
     1.00000   -18.9168   -30.9330    7.57344    1.00000    1.00000
     1.00000    27.2806    59.6270   -13.8711    1.00000    1.00000
     1.00000   -13.1756   -39.2231    16.0564    1.00000    1.00000
     1.00000    10.5850    6.00664  -10.47968    1.00000    1.00000
     1.00000   -5.76529    4.58187    32.8656    1.00000    1.00000
     1.00000    19.2275    31.3933   -27.4730    1.00000    1.00000
     1.00000   -6.77844   -32.9133   0.440361    1.00000    1.00000
     1.00000    12.0309   -6.56812   -15.0144    1.00000    1.00000
     1.00000   -13.6870   -17.3708  -10.40996    1.00000    1.00000
     1.00000   -7.57272    61.1656   -20.9745    1.00000    1.00000
     1.00000   -25.4424   -40.3345    20.6096    1.00000    1.00000
     1.00000    3.46284    34.9230   -27.4234    1.00000    1.00000
     1.00000  -0.334030   -7.91191    12.5555    1.00000    1.00000
     1.00000    9.85472    31.3019   -3.66902    1.00000    1.00000
     1.00000    2.09547   -52.2756    11.9051    1.00000    1.00000
     1.00000    11.9334   -20.9596    5.54463    1.00000    1.00000
     1.00000   -29.7590   -24.3096    5.72643    1.00000    1.00000
     1.00000    27.0052    49.2677   -13.0095    1.00000    1.00000
     1.00000   -20.7705   -48.0193    20.8706    1.00000    1.00000
     1.00000   0.795731    25.7830   -6.43127    1.00000    1.00000
     1.00000  -0.826111   -2.23604    24.5760    1.00000    1.00000
     1.00000    26.6945    20.7519   -26.6520    1.00000    1.00000
     1.00000   -16.4865   -41.6998    4.84416    1.00000    1.00000
     1.00000    14.5637   -2.24184   0.184372    1.00000    1.00000
     1.00000   -9.00389   -7.39627   -5.36678    1.00000    1.00000
     1.00000    3.49295    51.8734   -20.0760    1.00000    1.00000
     1.00000   -25.5181   -52.7101    30.7363    1.00000    1.00000
     1.00000  -0.606194    26.3825   -2.56064    1.00000    1.00000
     1.00000   -6.35991   -11.1657    6.97947    1.00000    1.00000
     1.00000    15.3933    50.1218   -20.9799    1.00000    1.00000
     1.00000    9.54543   -49.1049    13.0195    1.00000    1.00000
     1.00000   10.32727   -14.1310   -1.45393    1.00000    1.00000
     1.00000   -12.7429   -22.6839   -1.34773    1.00000    1.00000
     1.00000    17.3735    57.4722   -9.54665    1.00000    1.00000
     1.00000   -13.1205   -47.2011   10.52007    1.00000    1.00000
     1.00000    11.7590    1.06855   -11.5552    1.00000    1.00000
     1.00000   -12.3711    9.91146    26.5801    1.00000    1.00000
     1.00000    8.82300    41.6902   -29.4792    1.00000    1.00000
     1.00000   -12.7495   -34.5254    3.98535    1.00000    1.00000
     1.00000    10.7674   -2.71931   -5.97934    1.00000    1.00000
     1.00000   -8.19418   -20.9871   -2.94364    1.00000    1.00000
     1.00000   -2.48203    59.2178   -20.1000    1.00000    1.00000
     1.00000   -35.0538   -38.0779    23.8498    1.00000    1.00000
     1.00000    1.88503    41.1805   -25.6432    1.00000    1.00000
     1.00000   -6.10141   -7.01537    22.2783    1.00000    1.00000
     1.00000    16.4243    35.7523   -15.2095    1.00000    1.00000
     1.00000   -3.94254   -38.8066    4.33168    1.00000    1.00000
     1.00000    13.3198   -14.3745    6.93103    1.00000    1.00000
     1.00000   -19.3561   -23.6679    8.16370    1.00000    1.00000
     1.00000    26.3157    53.2861   -11.7383    1.00000    1.00000
     1.00000   -21.4962   -45.2640    29.0933    1.00000    1.00000
     1.00000    3.64163    17.4118   -7.67661    1.00000    1.00000
     1.00000   -5.53342   -1.85077    31.6449    1.00000    1.00000
     1.00000    19.8641    21.7169   -36.4981    1.00000    1.00000
     1.00000   -2.50050   -30.4917    3.92319    1.00000    1.00000
     1.00000    8.50716    3.75838   -3.07571    1.00000    1.00000
     1.00000   -4.95908   -6.17542   -5.28156    1.00000    1.00000
     1.00000    13.7505    49.5226   -18.4707    1.00000    1.00000
     1.00000   -27.8452   -39.0718    33.1212    1.00000    1.00000
     1.00000   -7.81367    27.7397   -13.7295    1.00000    1.00000
     1.00000    1.06894   -12.4170    6.71041    1.00000    1.00000
     1.00000   10.14131    41.4777   -24.1442    1.00000    1.00000
     1.00000    6.00159   -43.5332    14.8280    1.00000    1.00000
     1.00000    5.31139   -6.41083    5.51057    1.00000    1.00000
     1.00000   -13.8006   -27.2032    8.98083    1.00000    1.00000
     1.00000    22.7353    59.6205   -13.6580    1.00000    1.00000
     1.00000   -15.3799   -31.8115    24.3354    1.00000    1.00000
     1.00000   10.14828    10.8107   -10.5777    1.00000    1.00000
     1.00000  -10.01787   10.53626    29.5630    1.00000    1.00000
     1.00000    20.0548    33.9905   -30.0765    1.00000    1.00000
     1.00000   -5.87756   -31.4904  -0.638466    1.00000    1.00000
     1.00000    22.7574   -1.68261   -15.0045    1.00000    1.00000
     1.00000   -6.63992   -16.0857   -4.38141    1.00000    1.00000
     1.00000   -4.46873    54.0574   -23.3971    1.00000    1.00000
     1.00000   -35.1568   -45.0965    19.3807    1.00000    1.00000
     1.00000    4.84381    35.7403   -19.1233    1.00000    1.00000
     1.00000   -5.99559    1.92456    18.4272    1.00000    1.00000
     1.00000    14.0975    35.2020   -13.4903    1.00000    1.00000
     1.00000    4.28232   -46.6586    16.5759    1.00000    1.00000
     1.00000    23.4002   -22.5872    10.7627    1.00000    1.00000
     1.00000   -20.0762   -26.8849    5.97111    1.00000    1.00000
     1.00000    29.5065    60.3976   -11.1192    1.00000    1.00000
     1.00000   -20.2163   -39.6249    19.8391    1.00000    1.00000
     1.00000    2.38887    18.9687   -7.59392    1.00000    1.00000
     1.00000   -5.95764   -12.1763    25.2747    1.00000    1.00000
     1.00000    23.6730    19.8290   -32.1548    1.00000    1.00000
     1.00000   -15.0359   -40.8573    12.2915    1.00000    1.00000
     1.00000    13.1071   -13.1974   0.167633    1.00000    1.00000
     1.00000   -5.59213   -4.19200   -9.26510    1.00000    1.00000
     1.00000    9.85904    55.6138   -21.1940    1.00000    1.00000
     1.00000   -26.5079   -41.4711    28.9591    1.00000    1.00000
     1.00000    1.74324    28.2521   -9.51579    1.00000    1.00000
     1.00000  -0.903885   -11.0805    4.73696    1.00000    1.00000
     1.00000    7.60011    47.4526   -23.5597    1.00000    1.00000
     1.00000    6.52325   -51.4141    17.6363    1.00000    1.00000
     1.00000    7.49724   -17.1712    4.15879    1.00000    1.00000
     1.00000   -15.3031   -25.0881    5.81032    1.00000    1.00000
     1.00000    10.8377    59.0894   -10.6456    1.00000    1.00000
     1.00000   -15.5567   -43.7570    18.3688    1.00000    1.00000
     1.00000    6.42783   0.269875   -9.88302    1.00000    1.00000
     1.00000   -11.7301    11.5528    25.6341    1.00000    1.00000
     1.00000    13.8636    36.6071   -24.8515    1.00000    1.00000
     1.00000   -16.2176   -34.8912    4.27982    1.00000    1.00000
     1.00000    13.6430   -5.98497   -13.6731    1.00000    1.00000
     1.00000   -12.1654   -11.2540    1.27512    1.00000    1.00000
     1.00000    3.20760    54.0454   -20.4526    1.00000    1.00000
     1.00000   -29.8896   -39.2451    25.4181    1.00000    1.00000
     1.00000  -0.676811    39.2584   -16.1126    1.00000    1.00000
     1.00000   -1.83009   -6.95834    20.0034    1.00000    1.00000
     1.00000    9.60924    36.2644   -14.1563    1.00000    1.00000
     1.00000   -2.36022   -44.8455    5.04661    1.00000    1.00000
     1.00000    11.1189   -20.5581    2.62059    1.00000    1.00000
     1.00000   -22.3739   -22.0616    12.8987    1.00000    1.00000
     1.00000    21.3720    56.7375   -8.20272    1.00000    1.00000
     1.00000   -21.4077   -47.1923    22.5765    1.00000    1.00000
     1.00000  -0.213348    17.8619   -4.70348    1.00000    1.00000
     1.00000   0.709854   -5.43871    29.5840    1.00000    1.00000
     1.00000    21.6227    22.9678   -29.6972    1.00000    1.00000
     1.00000   -5.79869   -33.4917    7.61890    1.00000    1.00000
     1.00000    9.55235  -0.519180  -0.124336    1.00000    1.00000
     1.00000   -9.22409   -12.1356  -0.301239    1.00000    1.00000
     1.00000    19.8485    50.6552   -14.8464    1.00000    1.00000
     1.00000   -26.6450   -34.7237    31.2808    1.00000    1.00000
     1.00000    4.02657    30.4829   -10.7819    1.00000    1.00000
     1.00000   -1.88577   -6.69220    9.59976    1.00000    1.00000
     1.00000   10.30882    40.4902   -14.8623    1.00000    1.00000
     1.00000    9.99120   -48.5322    11.1558    1.00000    1.00000
     1.00000   -2.67564    1.25497    5.72832    1.00000    1.00000
     1.00000   -17.9090   -30.6086    9.27026    1.00000    1.00000
     1.00000    26.7362    63.6872   -7.74377    1.00000    1.00000
     1.00000   -14.6150   -36.4859    17.5730    1.00000    1.00000
     1.00000    8.80077    7.37354   -16.2457    1.00000    1.00000
     1.00000   -4.27612    2.35630    31.5677    1.00000    1.00000
     1.00000    15.5313    31.7121   -26.9548    1.00000    1.00000
     1.00000   -7.29823   -31.9350    2.53238    1.00000    1.00000
     1.00000    15.2317   -3.53136   -15.8461    1.00000    1.00000
     1.00000   -9.51247   -16.6770   -12.9540    1.00000    1.00000
     1.00000   -6.22415    54.0264   -22.4393    1.00000    1.00000
     1.00000   -31.0096   -39.3470    21.7664    1.00000    1.00000
     1.00000    4.90070    34.5302   -20.7147    1.00000    1.00000
     1.00000   -6.23772   -2.35197    14.7163    1.00000    1.00000
     1.00000    12.7852    32.9771   -6.84189    1.00000    1.00000
     1.00000    1.17247   -44.3159    8.56508    1.00000    1.00000
     1.00000    16.4919   -19.7023    4.86607    1.00000    1.00000
     1.00000   -27.1403   -27.1545    3.00880    1.00000    1.00000
     1.00000    30.7979    51.4777   -10.9076    1.00000    1.00000
     1.00000   -21.1714   -52.6780    17.7170    1.00000    1.00000
     1.00000    3.34683    26.8953   -4.15351    1.00000    1.00000
     1.00000   -5.87103   0.211678    23.5042    1.00000    1.00000
     1.00000    29.5145    25.4357   -28.2198    1.00000    1.00000
     1.00000   -16.3300   -40.1796    7.95191    1.00000    1.00000
     1.00000    18.2553   -8.17152   -2.42108    1.00000    1.00000
     1.00000   -9.88814   -8.94902   -6.26514    1.00000    1.00000
     1.00000    7.70071    53.3046   -23.2710    1.00000    1.00000
     1.00000   -24.5147   -48.1028    30.0738    1.00000    1.00000
     1.00000    1.00873    28.1767   -5.70493    1.00000    1.00000
     1.00000   -3.05396   -13.2425    9.41122    1.00000    1.00000
     1.00000   10.55093    44.3889   -17.7085    1.00000    1.00000
     1.00000    13.3161   -48.1472    14.9834    1.00000    1.00000
     1.00000    11.5563   -11.7527   -2.32384    1.00000    1.00000
     1.00000   -9.27351   -24.2521   -1.08596    1.00000    1.00000
     1.00000    20.0859    60.0027   -9.89289    1.00000    1.00000
     1.00000   -12.9079   -45.2321    10.7990    1.00000    1.00000
     1.00000    11.7641  -0.772560   -10.7739    1.00000    1.00000
     1.00000   -9.66216    6.67114    27.3571    1.00000    1.00000
     1.00000    3.63870    39.9369   -26.5660    1.00000    1.00000
     1.00000   -15.1304   -32.2050    3.42306    1.00000    1.00000
     1.00000    12.0644   -4.61397   -7.40407    1.00000    1.00000
     1.00000   -7.75246   -19.6625  -0.584473    1.00000    1.00000
     1.00000   -3.36584    58.8634   -21.8588    1.00000    1.00000
     1.00000   -35.8515   -37.0431    22.3356    1.00000    1.00000
     1.00000    4.19102    40.0845   -21.6200    1.00000    1.00000
     1.00000   -5.73265   -6.49846    20.2507    1.00000    1.00000
     1.00000    17.0216    41.6065   -19.3072    1.00000    1.00000
     1.00000   -3.06353   -36.7435    3.69450    1.00000    1.00000
     1.00000    12.8786   -12.5287    6.30000    1.00000    1.00000
     1.00000   -19.7628   -24.9453    6.34505    1.00000    1.00000
     1.00000    23.9501    50.5290   -12.3338    1.00000    1.00000
     1.00000   -19.5961   -41.5316    27.9348    1.00000    1.00000
     1.00000    7.96870    13.5768   -6.71838    1.00000    1.00000
     1.00000   -3.70451   -1.87885    29.7621    1.00000    1.00000
     1.00000    22.5667    21.4951   -32.1459    1.00000    1.00000
     1.00000  -0.476135   -29.3727    6.83906    1.00000    1.00000
     1.00000    8.32405   0.304718   -3.54880    1.00000    1.00000
     1.00000   -4.62744   -7.65743   -1.99020    1.00000    1.00000
     1.00000    17.2289    50.5497   -13.2932    1.00000    1.00000
     1.00000   -25.0846   -41.6042    33.9639    1.00000    1.00000
     1.00000   -6.24129    25.2434   -14.2757    1.00000    1.00000
     1.00000   0.272141   -10.6311    6.29099    1.00000    1.00000
     1.00000    6.55460    42.9533   -21.9789    1.00000    1.00000
     1.00000    7.88980   -40.2200    14.4805    1.00000    1.00000
     1.00000   0.545563   -5.17731    6.34885    1.00000    1.00000
     1.00000   -16.1051   -22.5088    10.8906    1.00000    1.00000
     1.00000    25.9815    62.7451   -15.5512    1.00000    1.00000
     1.00000   -14.2700   -36.1550    21.2955    1.00000    1.00000
     1.00000    8.84131    9.39195   -8.24471    1.00000    1.00000
     1.00000   -8.39195    6.22205    28.9251    1.00000    1.00000
     1.00000    23.0923    30.2260   -34.9445    1.00000    1.00000
     1.00000   -5.73471   -30.3091   -3.81991    1.00000    1.00000
     1.00000    19.9227   -6.58080   -16.9886    1.00000    1.00000
     1.00000   -10.6845   -19.7715   -9.71265    1.00000    1.00000
     1.00000   -7.75456    58.3964   -26.6874    1.00000    1.00000
     1.00000   -32.1072   -43.3646    23.3356    1.00000    1.00000
     1.00000    5.15485    34.8738   -15.9098    1.00000    1.00000
     1.00000   -9.09853   0.219994    15.4599    1.00000    1.00000
     1.00000    11.9360    35.5450  -10.23889    1.00000    1.00000
     1.00000    2.94023   -50.7407    18.6926    1.00000    1.00000
     1.00000    15.7041   -20.6618    8.36873    1.00000    1.00000
     1.00000   -25.4383   -24.2842    1.91849    1.00000    1.00000
     1.00000    27.2287    53.6928   -13.4707    1.00000    1.00000
     1.00000   -18.8575   -43.6782    20.4239    1.00000    1.00000
     1.00000    1.63823    23.0815   -8.07072    1.00000    1.00000
     1.00000   -6.75337   -11.3004    23.2121    1.00000    1.00000
     1.00000    28.2700    23.2949   -29.3896    1.00000    1.00000
     1.00000   -19.0358   -40.3743    9.96403    1.00000    1.00000
     1.00000    14.3372   -5.54285   -2.49075    1.00000    1.00000
     1.00000   -1.11609   -4.35339   -6.58659    1.00000    1.00000
     1.00000    15.8069    54.6696   -20.0307    1.00000    1.00000
     1.00000   -25.6282   -34.9394    26.2530    1.00000    1.00000
     1.00000    1.68330    32.7251   -6.70555    1.00000    1.00000
     1.00000   -2.70808   -9.50385    2.19228    1.00000    1.00000
     1.00000    9.39665    50.6247   -21.6973    1.00000    1.00000
     1.00000    11.5995   -51.5898    13.9058    1.00000    1.00000
     1.00000    8.59509   -11.9819    3.61581    1.00000    1.00000
     1.00000   -15.5465   -25.7641    3.94382    1.00000    1.00000
     1.00000   10.49629    59.6026   -8.74300    1.00000    1.00000
     1.00000   -11.7848   -42.6160    13.7993    1.00000    1.00000
     1.00000    8.51976    3.57819E-03   -8.88174    1.00000    1.00000
     1.00000   -9.27071    11.0823    24.3833    1.00000    1.00000
     1.00000    12.5146    37.8275   -25.6827    1.00000    1.00000
     1.00000   -18.9696   -34.7484    9.97423    1.00000    1.00000
     1.00000    15.7431   -3.98949   -9.03666    1.00000    1.00000
     1.00000   -9.08412   -14.8585   -2.32162E-02    1.00000    1.00000
     1.00000  -0.597931    58.6484   -20.4549    1.00000    1.00000
     1.00000   -32.8392   -35.8012    24.2333    1.00000    1.00000
     1.00000    3.33405E-02    41.4729   -21.9337    1.00000    1.00000
     1.00000   -5.19934   -5.34325    14.6404    1.00000    1.00000
     1.00000    12.5718    35.2929   -16.9730    1.00000    1.00000
     1.00000   -1.45149   -41.0948    4.98790    1.00000    1.00000
     1.00000   10.09358   -16.2519  -0.551697    1.00000    1.00000
     1.00000   -26.6168   -21.7794    8.19971    1.00000    1.00000
     1.00000    26.3304    54.5810  -10.21413    1.00000    1.00000
     1.00000   -27.2805   -50.9985    20.5847    1.00000    1.00000
     1.00000    1.33481    14.8236   -7.79288    1.00000    1.00000
     1.00000  -0.782043   -2.70808    29.8925    1.00000    1.00000
     1.00000    17.7025    27.4590   -29.1946    1.00000    1.00000
     1.00000   -11.3515   -36.0334    6.82272    1.00000    1.00000
     1.00000    10.6522   -2.05621   -2.07222    1.00000    1.00000
     1.00000   -5.65070   -11.7575   0.891289    1.00000    1.00000
     1.00000    21.8584    53.8466   -15.3908    1.00000    1.00000
     1.00000   -31.1827   -34.2602    30.8071    1.00000    1.00000
     1.00000    1.89972    31.3911   -14.0119    1.00000    1.00000
     1.00000    2.35107   -4.66682    8.90533    1.00000    1.00000
     1.00000    9.23189    41.2751   -19.9732    1.00000    1.00000
     1.00000    14.8283   -45.3624    7.10214    1.00000    1.00000
     1.00000   0.740509   -2.20718    2.73286    1.00000    1.00000
     1.00000   -19.5756   -32.7472    5.02440    1.00000    1.00000
     1.00000    29.4219    56.8730   -13.2000    1.00000    1.00000
     1.00000   -13.2035   -41.1326    17.9076    1.00000    1.00000
     1.00000    11.5240    5.06271   -11.9721    1.00000    1.00000
     1.00000   -6.22536    1.42663    30.8503    1.00000    1.00000
     1.00000    19.0340    32.7367   -31.5360    1.00000    1.00000
     1.00000   -8.66508   -33.2766   -1.52599    1.00000    1.00000
     1.00000    14.9361   -5.83765   -16.3184    1.00000    1.00000
     1.00000   -12.5854   -18.0204   -11.9477    1.00000    1.00000
     1.00000   -7.12610    59.2193   -21.0865    1.00000    1.00000
     1.00000   -27.9618   -41.8979    20.6778    1.00000    1.00000
     1.00000    4.61388    35.5859   -23.9408    1.00000    1.00000
     1.00000   -3.33891   -3.95389    11.5376    1.00000    1.00000
     1.00000    11.1104    32.8569   -3.74291    1.00000    1.00000
     1.00000    2.82872   -52.2784    8.65749    1.00000    1.00000
     1.00000    12.7160   -21.1024    7.37962    1.00000    1.00000
     1.00000   -31.0273   -25.0157    4.35055    1.00000    1.00000
     1.00000    27.4994    51.1657   -11.7086    1.00000    1.00000
     1.00000   -20.4229   -46.6813    18.6635    1.00000    1.00000
     1.00000    2.44342    26.8025   -5.93542    1.00000    1.00000
     1.00000   -3.00106   -4.62703    26.0056    1.00000    1.00000
     1.00000    29.4519    22.0522   -24.4091    1.00000    1.00000
     1.00000   -14.2763   -38.1626    8.22469    1.00000    1.00000
     1.00000    16.8167   -3.87138  -0.779091    1.00000    1.00000
     1.00000   -7.40521   -5.82499   -3.30879    1.00000    1.00000
     1.00000    2.40454    50.1958   -20.0455    1.00000    1.00000
     1.00000   -24.1784   -51.7226    29.6272    1.00000    1.00000
     1.00000   -3.13129    27.7650   -2.02031    1.00000    1.00000
     1.00000   -4.46666   -12.3106    6.83943    1.00000    1.00000
     1.00000    13.7377    49.1416   -20.4338    1.00000    1.00000
     1.00000    7.17186   -51.1885    14.6411    1.00000    1.00000
     1.00000    9.75169   -14.6272    2.40948    1.00000    1.00000
     1.00000   -11.1461   -21.5648   -1.79290    1.00000    1.00000
     1.00000    13.8823    58.2697  -10.38082    1.00000    1.00000
     1.00000   -9.06209   -49.2134    7.13895    1.00000    1.00000
     1.00000    9.76079    2.20300   -11.7316    1.00000    1.00000
     1.00000   -10.7794   10.02462    27.7858    1.00000    1.00000
     1.00000    7.77806    40.3693   -28.4006    1.00000    1.00000
     1.00000   -9.77834   -32.7427    3.21034    1.00000    1.00000
     1.00000    13.8162   -5.25082   -4.51405    1.00000    1.00000
     1.00000   -6.15668   -20.3033   -1.60564    1.00000    1.00000
     1.00000   -4.74097    56.4769   -18.6502    1.00000    1.00000
     1.00000   -30.3598   -41.4025    24.3419    1.00000    1.00000
     1.00000    2.59154    39.4120   -22.6147    1.00000    1.00000
     1.00000   -7.76570   -8.53200    23.1045    1.00000    1.00000
     1.00000    16.8346    37.5177   -16.9905    1.00000    1.00000
     1.00000   -5.95007   -36.1242    7.42535    1.00000    1.00000
     1.00000    15.6260   -14.7616    4.22508    1.00000    1.00000
     1.00000   -20.8565   -23.3626    9.62146    1.00000    1.00000
     1.00000    22.6535    52.2550   -12.7769    1.00000    1.00000
     1.00000   -21.4561   -46.8733    25.2895    1.00000    1.00000
     1.00000    4.47701    14.9238   -7.57729    1.00000    1.00000
     1.00000   -5.67606   -2.96063    33.4653    1.00000    1.00000
     1.00000    21.6513    21.1015   -35.8444    1.00000    1.00000
     1.00000   -5.78883   -31.5343    3.78183    1.00000    1.00000
     1.00000    4.95358    4.79933   -4.02590    1.00000    1.00000
     1.00000   -5.70641   -7.04431   -6.92062    1.00000    1.00000
     1.00000    13.6686    51.6989   -17.4687    1.00000    1.00000
     1.00000   -27.3378   -40.0877    31.1551    1.00000    1.00000
     1.00000   -5.28784    30.2304   -14.5418    1.00000    1.00000
     1.00000  -0.371902   -11.2274   10.13225    1.00000    1.00000
     1.00000    9.87172    42.5443   -22.4739    1.00000    1.00000
     1.00000    7.67703   -44.0305    13.8555    1.00000    1.00000
     1.00000    5.75015  -10.31805    5.61668    1.00000    1.00000
     1.00000   -18.2357   -25.2522    8.64838    1.00000    1.00000
     1.00000    22.5021    62.2142   -11.6084    1.00000    1.00000
     1.00000   -15.5363   -34.1401    23.2955    1.00000    1.00000
     1.00000    11.3178    11.4723   -12.0591    1.00000    1.00000
     1.00000   -8.03535    9.55904    30.1292    1.00000    1.00000
     1.00000    22.1113    31.7871   -29.9506    1.00000    1.00000
     1.00000   -2.22328   -30.5275    4.37775E-02    1.00000    1.00000
     1.00000    24.3023   -2.15876   -16.1820    1.00000    1.00000
     1.00000   -8.51149   -16.4435   -3.77382    1.00000    1.00000
     1.00000   -4.20654    56.9878   -24.4090    1.00000    1.00000
     1.00000   -37.3851   -44.8830    18.3819    1.00000    1.00000
     1.00000    4.22003    36.5161   -17.3887    1.00000    1.00000
     1.00000   -8.58839    1.50314    18.7287    1.00000    1.00000
     1.00000    17.1702    36.2975   -9.36507    1.00000    1.00000
     1.00000    2.83934   -47.1390    19.2355    1.00000    1.00000
     1.00000    21.4772   -21.5107    9.72124    1.00000    1.00000
     1.00000   -24.0508   -25.9910    4.11588    1.00000    1.00000
     1.00000    31.1954    57.5515  -10.06625    1.00000    1.00000
     1.00000   -20.8553   -40.0914    23.2186    1.00000    1.00000
     1.00000    3.31227    22.8295   -9.13565    1.00000    1.00000
     1.00000   -9.58430   -11.1393    25.5147    1.00000    1.00000
     1.00000    24.0148    17.1186   -33.4818    1.00000    1.00000
     1.00000   -15.3360   -39.6691   10.00357    1.00000    1.00000
     1.00000    14.5289   -11.2722   -1.58838    1.00000    1.00000
     1.00000   -4.32103   -3.73363   -7.32967    1.00000    1.00000
     1.00000    12.1450    52.9453   -17.8221    1.00000    1.00000
     1.00000   -28.1776   -37.9470    26.3422    1.00000    1.00000
     1.00000   0.348206    29.6731   -9.32998    1.00000    1.00000
     1.00000   -1.65956   -12.8175    5.37871    1.00000    1.00000
     1.00000    10.9715    48.1588   -22.8129    1.00000    1.00000
     1.00000    5.40979   -49.6301    19.4895    1.00000    1.00000
     1.00000    3.04182   -19.6231    1.80525    1.00000    1.00000
     1.00000   -13.3385   -24.7679    6.00450    1.00000    1.00000
     1.00000    9.46078    57.2831   -12.0606    1.00000    1.00000
     1.00000   -12.5561   -43.4696    17.4596    1.00000    1.00000
     1.00000    8.17744   0.782547   -11.4684    1.00000    1.00000
     1.00000   -10.7372    13.2529    25.9861    1.00000    1.00000
     1.00000    13.5488    33.8304   -25.5659    1.00000    1.00000
     1.00000   -17.8924   -38.4807    4.32788    1.00000    1.00000
     1.00000    14.8635   -5.00067  -10.52117    1.00000    1.00000
     1.00000   -11.0587   -14.6002  -0.208878    1.00000    1.00000
     1.00000    4.52040    57.7223   -20.5894    1.00000    1.00000
     1.00000   -30.9872   -37.7453    26.1571    1.00000    1.00000
     1.00000  -0.794876    39.5817   -18.0828    1.00000    1.00000
     1.00000   -2.42973   -9.72060    18.9505    1.00000    1.00000
     1.00000   10.23373    35.0659   -15.6305    1.00000    1.00000
     1.00000  -0.477386   -44.2745    5.40562    1.00000    1.00000
     1.00000    14.9197   -17.6546    6.13734    1.00000    1.00000
     1.00000   -22.2315   -22.0140    10.9043    1.00000    1.00000
     1.00000    25.2052    58.1620   -8.13730    1.00000    1.00000
     1.00000   -24.5218   -48.7182    22.1363    1.00000    1.00000
     1.00000  -0.784325    14.2443   -4.76112    1.00000    1.00000
     1.00000   -1.73340E-02   -5.76415    27.7495    1.00000    1.00000
     1.00000    20.4525    26.1461   -31.3292    1.00000    1.00000
     1.00000   -4.86476   -32.8869    4.92918    1.00000    1.00000
     1.00000    13.2940  -0.766792  -0.276421    1.00000    1.00000
     1.00000   -7.36360   -12.0020   -1.81638    1.00000    1.00000
     1.00000    19.7459    50.3036   -16.8126    1.00000    1.00000
     1.00000   -28.0051   -38.0801    30.0796    1.00000    1.00000
     1.00000    1.25206    29.1997   -11.9261    1.00000    1.00000
     1.00000   -1.19434   -5.87222    7.71163    1.00000    1.00000
     1.00000    11.5571    37.7601   -17.5388    1.00000    1.00000
     1.00000    11.8009   -46.4070    8.84934    1.00000    1.00000
     1.00000   -4.31189   0.125755    5.94637    1.00000    1.00000
     1.00000   -17.7987   -28.9436    8.16775    1.00000    1.00000
     1.00000    27.7619    61.2918   -10.7230    1.00000    1.00000
     1.00000   -13.3387   -36.4889    14.7120    1.00000    1.00000
     1.00000    8.94673    6.33446   -11.5790    1.00000    1.00000
     1.00000   -1.45117    3.08194    30.2325    1.00000    1.00000
     1.00000    14.4619    31.5052   -25.2775    1.00000    1.00000
     1.00000   -9.31357   -34.0308    1.07487    1.00000    1.00000
     1.00000    16.3608   -3.85303   -14.2270    1.00000    1.00000
     1.00000   -11.6293   -15.9727   -12.4424    1.00000    1.00000
     1.00000   -9.40231    57.6398   -22.4809    1.00000    1.00000
     1.00000   -29.7448   -43.3456    20.2584    1.00000    1.00000
     1.00000    7.24242    36.5936   -23.5904    1.00000    1.00000
     1.00000   -5.58345   -2.71988    12.2836    1.00000    1.00000
     1.00000    14.5452    34.8433   -4.30706    1.00000    1.00000
     1.00000    2.81314   -46.7039    9.94062    1.00000    1.00000
     1.00000    14.8464   -22.1433    3.90225    1.00000    1.00000
     1.00000   -26.2686   -25.4671    3.63538    1.00000    1.00000
     1.00000    31.1955    54.6670   -8.85024    1.00000    1.00000
     1.00000   -21.5742   -49.1384    19.4209    1.00000    1.00000
     1.00000    6.22743    27.4830   -5.36559    1.00000    1.00000
     1.00000   -5.09294   -3.07971    24.4509    1.00000    1.00000
     1.00000    25.7416    23.2218   -28.3833    1.00000    1.00000
     1.00000   -15.2116   -41.2460    6.68231    1.00000    1.00000
     1.00000    17.8690   -6.00969  -0.746910    1.00000    1.00000
     1.00000   -8.48228   -4.49968   -8.39753    1.00000    1.00000
     1.00000    9.38083    55.4279   -23.9850    1.00000    1.00000
     1.00000   -25.3521   -44.8766    29.6392    1.00000    1.00000
     1.00000   -2.43643    30.7834   -3.24210    1.00000    1.00000
     1.00000   -4.40480   -16.1450    7.98309    1.00000    1.00000
     1.00000   10.39943    47.0479   -20.7903    1.00000    1.00000
     1.00000    12.2588   -46.9748    16.6869    1.00000    1.00000
     1.00000    10.8781   -9.76710   -1.03404    1.00000    1.00000
     1.00000  -10.37529   -25.5235   -2.16751    1.00000    1.00000
     1.00000    19.9842    59.9384   -11.8893    1.00000    1.00000
     1.00000   -12.7552   -43.3016    8.24850    1.00000    1.00000
     1.00000    11.8334  -0.886047   -8.77837    1.00000    1.00000
     1.00000   -7.93602    7.63704    27.0613    1.00000    1.00000
     1.00000    5.31094    38.8594   -26.7723    1.00000    1.00000
     1.00000   -14.4429   -35.9852    4.10316    1.00000    1.00000
     1.00000    15.1847   -5.84967   -8.55933    1.00000    1.00000
     1.00000   -10.7815   -19.6429   -2.20911    1.00000    1.00000
     1.00000   -1.39064    55.6952   -20.6081    1.00000    1.00000
     1.00000   -35.5190   -32.5164    24.0187    1.00000    1.00000
     1.00000    3.12633    35.3313   -22.6284    1.00000    1.00000
     1.00000   -3.19599   -5.14972    20.1290    1.00000    1.00000
     1.00000    17.4720    39.6690   -19.0989    1.00000    1.00000
     1.00000    2.45470   -37.2435    3.14587    1.00000    1.00000
     1.00000   10.48116   -15.0418    5.72039    1.00000    1.00000
     1.00000   -15.8622   -22.7482    5.38563    1.00000    1.00000
     1.00000    23.3262    49.9487  -10.29770    1.00000    1.00000
     1.00000   -23.5915   -43.6255    28.4529    1.00000    1.00000
     1.00000    5.93381    12.0198   -6.79967    1.00000    1.00000
     1.00000   -3.81123   0.113029    29.9072    1.00000    1.00000
     1.00000    18.8946    18.8087   -31.7135    1.00000    1.00000
     1.00000   -1.17905   -26.0373    5.22643    1.00000    1.00000
     1.00000    7.62039  -0.977371   0.115707    1.00000    1.00000
     1.00000   -5.73663   -10.8932   -2.16801    1.00000    1.00000
     1.00000    15.3913    50.8447   -15.3110    1.00000    1.00000
     1.00000   -29.1792   -42.1729    31.4312    1.00000    1.00000
     1.00000   -8.37105    25.8765   -14.1962    1.00000    1.00000
     1.00000  -0.412903   -9.07231    7.34016    1.00000    1.00000
     1.00000    5.70976    39.8817   -23.7787    1.00000    1.00000
     1.00000    7.86627   -40.5251    12.5041    1.00000    1.00000
     1.00000    1.54601   -7.82343    8.10896    1.00000    1.00000
     1.00000   -13.5489   -23.0601    8.53400    1.00000    1.00000
     1.00000    24.8551    62.3832   -12.5250    1.00000    1.00000
     1.00000   -15.4760   -37.4042    22.7556    1.00000    1.00000
     1.00000    9.76953    7.75878   -7.55830    1.00000    1.00000
     1.00000   -9.08922    7.85621    32.6945    1.00000    1.00000
     1.00000    22.2226    30.8590   -33.2584    1.00000    1.00000
     1.00000   -7.90771   -30.9713   -6.16336    1.00000    1.00000
     1.00000    19.4619   -1.96925   -16.8035    1.00000    1.00000
     1.00000   -7.95036   -18.2987   -6.75008    1.00000    1.00000
     1.00000   -5.31049    55.7065   -26.8799    1.00000    1.00000
     1.00000   -35.0838   -43.1109    19.6093    1.00000    1.00000
     1.00000    4.05101    33.1909   -16.1588    1.00000    1.00000
     1.00000   -7.58640   -1.08882    15.4815    1.00000    1.00000
     1.00000    11.7590    34.9259   -6.60717    1.00000    1.00000
     1.00000    2.45187   -52.1267    15.8088    1.00000    1.00000
     1.00000    18.5593   -21.8407    7.22169    1.00000    1.00000
     1.00000   -24.7501   -22.7150    3.52209    1.00000    1.00000
     1.00000    29.1078    54.6765   -10.9790    1.00000    1.00000
     1.00000   -20.4353   -45.1937    21.5175    1.00000    1.00000
     1.00000   -3.37602    22.4854   -5.35979    1.00000    1.00000
     1.00000   -6.00630   -8.97282    25.1746    1.00000    1.00000
     1.00000    25.0558    21.2027   -31.7066    1.00000    1.00000
     1.00000   -18.0562   -44.8379   10.31474    1.00000    1.00000
     1.00000    14.4624   -9.34522   -2.11954    1.00000    1.00000
     1.00000   -4.02472   -4.08850   -4.54041    1.00000    1.00000
     1.00000    12.2903    54.6091   -21.2330    1.00000    1.00000
     1.00000   -26.7964   -36.6413    28.1406    1.00000    1.00000
     1.00000    2.25197    33.8687   -5.16647    1.00000    1.00000
     1.00000   -4.35664   -11.8328    3.07094    1.00000    1.00000
     1.00000    5.85150    49.6874   -25.3156    1.00000    1.00000
     1.00000    9.16464   -52.3699    16.4454    1.00000    1.00000
     1.00000    8.86456   -15.7559    3.80199    1.00000    1.00000
     1.00000   -14.2373   -24.0810    1.25284    1.00000    1.00000
     1.00000    12.6537    56.9478   -9.51861    1.00000    1.00000
     1.00000   -14.8286   -43.2382    11.5930    1.00000    1.00000
     1.00000    9.75427    1.56217   -9.09797    1.00000    1.00000
     1.00000   -7.91057   10.42226    21.1331    1.00000    1.00000
     1.00000    9.50053    39.3553   -28.3308    1.00000    1.00000
     1.00000   -17.9313   -35.4570    5.79572    1.00000    1.00000
     1.00000    17.3597   -2.47234   -5.91645    1.00000    1.00000
     1.00000   -9.60974   -16.5950   -1.34209    1.00000    1.00000
     1.00000    1.12059    55.2744   -19.5428    1.00000    1.00000
     1.00000   -34.1314   -35.8103    27.1042    1.00000    1.00000
     1.00000   0.553223    39.3318   -19.5389    1.00000    1.00000
     1.00000   -5.37862   -5.67644    18.1946    1.00000    1.00000
     1.00000    12.2760    37.5319   -15.0268    1.00000    1.00000
     1.00000   -2.37704   -42.8592    4.81358    1.00000    1.00000
     1.00000    11.1257   -19.7576  -0.404228    1.00000    1.00000
     1.00000   -26.1527   -22.2667   10.08312    1.00000    1.00000
     1.00000    24.4495    55.6265   -7.40188    1.00000    1.00000
     1.00000   -24.8393   -51.2591    20.8472    1.00000    1.00000
     1.00000    2.40645    13.9517   -4.64870    1.00000    1.00000
     1.00000   -2.04362   -1.77444    28.6528    1.00000    1.00000
     1.00000    20.1457    29.3725   -26.5765    1.00000    1.00000
     1.00000  -10.48753   -34.8168    8.15445    1.00000    1.00000
     1.00000   10.44807   -2.27213   0.229034    1.00000    1.00000
     1.00000   -1.18565   -13.4635    3.27798    1.00000    1.00000
     1.00000    23.0033    55.3042   -16.1423    1.00000    1.00000
     1.00000   -30.5639   -36.1220    28.3611    1.00000    1.00000
     1.00000   -1.64375    31.1269   -15.7999    1.00000    1.00000
     1.00000    4.83073   -2.53457    8.38322    1.00000    1.00000
     1.00000    9.67296    43.2160   -19.7779    1.00000    1.00000
     1.00000    11.7226   -45.6429    7.00272    1.00000    1.00000
     1.00000  -0.416367   -1.85311    5.52972    1.00000    1.00000
     1.00000   -19.4065   -32.7561    8.23402    1.00000    1.00000
     1.00000    28.8842    58.7906   -13.0173    1.00000    1.00000
     1.00000   -12.2525   -40.9947    16.1535    1.00000    1.00000
     1.00000   10.54323    7.79593   -9.58710    1.00000    1.00000
     1.00000   -7.66652    5.18760    33.0013    1.00000    1.00000
     1.00000    20.9807    31.1882   -28.4134    1.00000    1.00000
     1.00000   -5.29433   -33.7035  -0.642677    1.00000    1.00000
     1.00000    12.1746   -8.21711   -13.8919    1.00000    1.00000
     1.00000   -12.2483   -18.4930   -9.59090    1.00000    1.00000
     1.00000   -5.75656    61.9536   -20.6904    1.00000    1.00000
     1.00000   -24.4543   -41.6891    19.5192    1.00000    1.00000
     1.00000    2.91594    36.7877   -27.8969    1.00000    1.00000
     1.00000  -0.112968   -6.02124    11.9419    1.00000    1.00000
     1.00000    9.23148    31.0501   -5.55268    1.00000    1.00000
     1.00000    2.80318   -51.0230   10.51578    1.00000    1.00000
     1.00000    11.0937   -22.6416    6.22713    1.00000    1.00000
     1.00000   -28.5507   -25.8635    5.37262    1.00000    1.00000
     1.00000    27.1543    51.1466   -13.6786    1.00000    1.00000
     1.00000   -19.3320   -48.1416    19.4865    1.00000    1.00000
     1.00000    1.69292    24.0007   -6.29530    1.00000    1.00000
     1.00000   -1.61542   -4.07104    24.6749    1.00000    1.00000
     1.00000    27.3046    21.4182   -24.8676    1.00000    1.00000
     1.00000   -16.7057   -39.9315    5.75246    1.00000    1.00000
     1.00000    16.0969   -2.84142    1.31995    1.00000    1.00000
     1.00000   -7.21135   -8.08875   -4.81247    1.00000    1.00000
     1.00000    4.99702    53.1546   -20.3862    1.00000    1.00000
     1.00000   -26.8051   -51.8137    31.9772    1.00000    1.00000
     1.00000    1.43890E-02    27.7383   -3.89362    1.00000    1.00000
     1.00000   -6.11299   -9.41426    6.04591    1.00000    1.00000
     1.00000    17.3723    50.3476   -20.7999    1.00000    1.00000
     1.00000    11.5417   -49.2095    12.9584    1.00000    1.00000
     1.00000    9.99422   -15.6044   -2.76467    1.00000    1.00000
     1.00000   -13.8296   -24.2326  -0.699303    1.00000    1.00000
     1.00000    17.0268    56.9629   -11.4494    1.00000    1.00000
     1.00000   -12.2888   -48.2017    9.00116    1.00000    1.00000
     1.00000    11.8387    2.87846   -10.7079    1.00000    1.00000
     1.00000   -14.0452    9.12533    27.3414    1.00000    1.00000
     1.00000    9.80911    43.3387   -30.0360    1.00000    1.00000
     1.00000   -11.5174   -35.2404    2.58155    1.00000    1.00000
     1.00000    10.9479   -2.98483   -4.00528    1.00000    1.00000
     1.00000   -8.74612   -19.0740   -2.75592    1.00000    1.00000
     1.00000   -2.20184    61.1849   -19.8723    1.00000    1.00000
     1.00000   -33.7960   -39.6326    23.8749    1.00000    1.00000
     1.00000    2.85826    42.7151   -24.8078    1.00000    1.00000
     1.00000   -5.14058   -8.24416    21.0265    1.00000    1.00000
     1.00000    17.4408    34.1908   -15.9363    1.00000    1.00000
     1.00000   -4.69203   -37.0184    4.82249    1.00000    1.00000
     1.00000    15.2401   -14.6500    6.44452    1.00000    1.00000
     1.00000   -20.5809   -25.1386    8.74405    1.00000    1.00000
     1.00000    24.8960    53.2142   -13.1451    1.00000    1.00000
     1.00000   -22.7215   -45.1633    27.5158    1.00000    1.00000
     1.00000    2.31308    17.4736   -6.18291    1.00000    1.00000
     1.00000   -3.98407   -2.86273    32.4034    1.00000    1.00000
     1.00000    19.5847    22.4810   -34.6711    1.00000    1.00000
     1.00000   -3.16147   -30.3274    5.80367    1.00000    1.00000
     1.00000    9.19864    2.81590   -1.45288    1.00000    1.00000
     1.00000   -4.63860   -7.66858   -3.99014    1.00000    1.00000
     1.00000    13.1822    49.8909   -16.5888    1.00000    1.00000
     1.00000   -29.4473   -39.6893    32.0956    1.00000    1.00000
     1.00000   -6.04725    28.3849   -14.4103    1.00000    1.00000
     1.00000   0.560623   -12.1577    8.62728    1.00000    1.00000
     1.00000    10.9926    42.0711   -25.8539    1.00000    1.00000
     1.00000    4.55434   -42.8094    16.0034    1.00000    1.00000
     1.00000    3.69640   -6.64552    6.66673    1.00000    1.00000
     1.00000   -15.6263   -26.4149    8.76780    1.00000    1.00000
     1.00000    21.5050    60.9103   -12.7510    1.00000    1.00000
     1.00000   -16.9786   -32.9795    24.0522    1.00000    1.00000
     1.00000    9.25500    11.5327   -8.94037    1.00000    1.00000
     1.00000   -10.8129    9.07057    30.6674    1.00000    1.00000
     1.00000    21.4227    33.2749   -28.8051    1.00000    1.00000
     1.00000   -4.09514   -30.5835  -0.658386    1.00000    1.00000
     1.00000    21.3530   -1.45090   -16.4095    1.00000    1.00000
     1.00000   -6.72607   -15.3763   -2.51344    1.00000    1.00000
     1.00000   -4.51747    52.0641   -23.5532    1.00000    1.00000
     1.00000   -34.9261   -46.9381    20.1259    1.00000    1.00000
     1.00000    6.42883    35.6306   -17.9086    1.00000    1.00000
     1.00000   -4.97316    1.28556    20.0229    1.00000    1.00000
     1.00000    15.7161    36.0249   -12.6520    1.00000    1.00000
     1.00000    2.42693   -46.7594    17.3157    1.00000    1.00000
     1.00000    22.6346   -20.7880    11.1834    1.00000    1.00000
     1.00000   -21.9340   -26.2542    6.35930    1.00000    1.00000
     1.00000    29.4020    58.6540  -10.14516    1.00000    1.00000
     1.00000   -20.0968   -41.4046    20.7438    1.00000    1.00000
     1.00000    3.02579    20.8396   -7.28736    1.00000    1.00000
     1.00000   -7.86795   -11.8541    24.7778    1.00000    1.00000
     1.00000    23.7587    17.8940   -31.6561    1.00000    1.00000
     1.00000   -13.3432   -40.8251    11.2267    1.00000    1.00000
     1.00000    14.5502   -11.8228   0.334244    1.00000    1.00000
     1.00000   -4.82906   -5.54586   -8.00622    1.00000    1.00000
     1.00000    11.3188    55.6486   -19.8274    1.00000    1.00000
     1.00000   -27.1443   -40.2397    27.5173    1.00000    1.00000
     1.00000   0.634781    26.9202   -8.51705    1.00000    1.00000
     1.00000   -2.72281  -10.52917    5.35946    1.00000    1.00000
     1.00000    7.63666    48.5341   -21.8777    1.00000    1.00000
     1.00000    4.73723   -50.5371    17.8387    1.00000    1.00000
     1.00000    6.23489   -18.3274    3.12454    1.00000    1.00000
     1.00000   -15.8779   -26.7235    6.80783    1.00000    1.00000
     1.00000    11.3161    60.7982   -11.5683    1.00000    1.00000
     1.00000   -17.1165   -44.1469    19.5584    1.00000    1.00000
     1.00000    7.44467   -1.44661   -9.74261    1.00000    1.00000
     1.00000   -11.3301    11.2479    23.6984    1.00000    1.00000
     1.00000    12.9807    35.2812   -23.6422    1.00000    1.00000
     1.00000   -16.9795   -36.7176    4.56886    1.00000    1.00000
     1.00000    13.6525   -6.09583   -11.6762    1.00000    1.00000
     1.00000   -12.9924   -11.8986  -0.427986    1.00000    1.00000
     1.00000    3.59979    55.9902   -20.1994    1.00000    1.00000
     1.00000   -29.0292   -37.6589    24.5556    1.00000    1.00000
     1.00000   -2.50249    38.5681   -15.6762    1.00000    1.00000
     1.00000   -2.73096   -6.10536    18.4347    1.00000    1.00000
     1.00000    10.9560    37.6019   -13.5258    1.00000    1.00000
     1.00000   -2.60759   -45.7852    3.29852    1.00000    1.00000
     1.00000    12.2296   -19.6822    4.03451    1.00000    1.00000
     1.00000   -24.3708   -21.9509    12.8863    1.00000    1.00000
     1.00000    22.6996    58.2327   -8.16094    1.00000    1.00000
     1.00000   -20.1595   -47.7424    24.0391    1.00000    1.00000
     1.00000   -1.22200    16.5045   -5.77113    1.00000    1.00000
     1.00000    2.09865   -4.51901    30.6910    1.00000    1.00000
     1.00000    20.6742    24.7096   -29.9555    1.00000    1.00000
     1.00000   -7.37117   -34.7175    7.46175    1.00000    1.00000
     1.00000    11.2596  -0.250671   -1.13084    1.00000    1.00000
     1.00000   -7.42644   -11.3417    7.04269E-02    1.00000    1.00000
     1.00000    21.6643    51.3604   -15.2995    1.00000    1.00000
     1.00000   -27.8627   -36.2664    30.9103    1.00000    1.00000
     1.00000    2.97513    28.7949   -10.9949    1.00000    1.00000
     1.00000   -3.40179   -5.50151   10.13261    1.00000    1.00000
     1.00000    11.6644    39.3020   -15.7286    1.00000    1.00000
     1.00000    9.29256   -46.7708    11.7955    1.00000    1.00000
     1.00000   -1.30833   -9.75876E-02    5.17965    1.00000    1.00000
     1.00000   -16.8590   -31.8351    8.09001    1.00000    1.00000
     1.00000    27.0229    62.5833   -9.38672    1.00000    1.00000
     1.00000   -14.5601   -37.8331    19.0503    1.00000    1.00000
     1.00000    7.45262    7.50852   -14.7745    1.00000    1.00000
     1.00000   -4.71187   0.406952    31.6686    1.00000    1.00000
     1.00000    17.4206    31.1267   -26.6581    1.00000    1.00000
     1.00000   -6.60899   -33.7881    2.23087    1.00000    1.00000
     1.00000    16.6107   -4.77724   -16.5851    1.00000    1.00000
     1.00000   -8.57449   -17.8620   -11.6440    1.00000    1.00000
     1.00000   -7.29340    54.9763   -23.8373    1.00000    1.00000
     1.00000   -31.1705   -41.1902    22.5259    1.00000    1.00000
     1.00000    5.63104    35.6270   -22.2192    1.00000    1.00000
     1.00000   -4.32141   -2.78098    14.3372    1.00000    1.00000
     1.00000    12.9130    30.9983   -6.58080    1.00000    1.00000
     1.00000    2.45357   -45.8053    8.19042    1.00000    1.00000
     1.00000    15.5531   -20.6199    6.37489    1.00000    1.00000
     1.00000   -25.1606   -27.3735    3.18995    1.00000    1.00000
     1.00000    30.0444    50.3307   -9.45270    1.00000    1.00000
     1.00000   -22.3764   -53.4739    19.1007    1.00000    1.00000
     1.00000    4.56723    28.3810   -4.70437    1.00000    1.00000
     1.00000   -5.14661   -1.60772    23.0980    1.00000    1.00000
     1.00000    29.5266    23.5696   -27.5006    1.00000    1.00000
     1.00000   -18.2801   -39.8110    8.20004    1.00000    1.00000
     1.00000    18.6978   -6.22564   -2.55422    1.00000    1.00000
     1.00000   -8.63646   -7.99646   -7.50042    1.00000    1.00000
     1.00000    6.23360    52.9875   -21.9492    1.00000    1.00000
     1.00000   -23.9104   -46.1963    30.0631    1.00000    1.00000
     1.00000   0.239151    29.8315   -4.88683    1.00000    1.00000
     1.00000   -4.75252   -13.5332    8.39617    1.00000    1.00000
     1.00000   10.13591    45.2675   -19.4566    1.00000    1.00000
     1.00000    11.9685   -49.6206    14.8685    1.00000    1.00000
     1.00000    10.9734   -12.4683  -0.549515    1.00000    1.00000
     1.00000   -7.93422   -24.3725   0.394516    1.00000    1.00000
     1.00000    18.8149    58.7450   -8.99696    1.00000    1.00000
     1.00000   -12.9993   -45.5854    8.83252    1.00000    1.00000
     1.00000    13.1493   0.489723  -10.07552    1.00000    1.00000
     1.00000   -11.1872    5.38943    27.1803    1.00000    1.00000
     1.00000    5.07764    40.9557   -25.6217    1.00000    1.00000
     1.00000   -15.9788   -32.0194    1.62144    1.00000    1.00000
     1.00000    12.6558   -4.02481   -5.58659    1.00000    1.00000
     1.00000   -9.57742   -18.8755  -0.808617    1.00000    1.00000
     1.00000   -2.67667    57.7549   -23.3741    1.00000    1.00000
     1.00000   -36.2122   -35.0759    22.3278    1.00000    1.00000
     1.00000    3.77220    38.3052   -20.8084    1.00000    1.00000
     1.00000   -4.98415   -4.77837    20.9442    1.00000    1.00000
     1.00000    15.9391    42.1284   -20.9058    1.00000    1.00000
     1.00000   -1.09866   -36.8505    3.33698    1.00000    1.00000
     1.00000    11.9126   -13.7951    5.09043    1.00000    1.00000
     1.00000   -18.0216   -24.0358    6.72017    1.00000    1.00000
     1.00000    22.4904    50.4885   -13.7004    1.00000    1.00000
     1.00000   -21.3251   -42.5206    27.7544    1.00000    1.00000
     1.00000    6.19904    13.9067   -7.58984    1.00000    1.00000
     1.00000   -5.53239   -1.06826    29.8043    1.00000    1.00000
     1.00000    21.4913    21.1396   -30.4975    1.00000    1.00000
     1.00000   -1.79739   -28.9194    5.40768    1.00000    1.00000
     1.00000    7.76381    1.93195   -2.52985    1.00000    1.00000
     1.00000   -5.52028   -6.30984  -0.812546    1.00000    1.00000
     1.00000    17.9190    51.1273   -15.0793    1.00000    1.00000
     1.00000   -26.8479   -41.6180    33.0201    1.00000    1.00000
     1.00000   -5.64697    23.6533   -15.3333    1.00000    1.00000
     1.00000   -1.49759   -11.3742    6.85297    1.00000    1.00000
     1.00000    7.95168    44.3445   -21.6433    1.00000    1.00000
     1.00000    6.15343   -39.9550    13.5241    1.00000    1.00000
     1.00000    1.71967   -6.79554    6.40211    1.00000    1.00000
     1.00000   -14.7305   -21.8465    9.59753    1.00000    1.00000
     1.00000    24.3244    62.6351   -14.4368    1.00000    1.00000
     1.00000   -13.7546   -34.8198    22.6925    1.00000    1.00000
     1.00000    10.6686    9.70252   -8.99615    1.00000    1.00000
     1.00000   -8.75252    7.69473    30.2294    1.00000    1.00000
     1.00000    24.9766    29.5575   -34.8947    1.00000    1.00000
     1.00000   -4.54118   -29.6367   -2.36272    1.00000    1.00000
     1.00000    18.1888   -5.68102   -17.4175    1.00000    1.00000
     1.00000   -9.19768   -18.4392   -9.83338    1.00000    1.00000
     1.00000   -5.85398    58.6421   -27.2596    1.00000    1.00000
     1.00000   -32.7653   -42.1930    21.8542    1.00000    1.00000
     1.00000    3.61722    34.9018   -14.6312    1.00000    1.00000
     1.00000   -9.06917    4.09546E-02    17.4517    1.00000    1.00000
     1.00000    13.2921    35.1687   -11.6600    1.00000    1.00000
     1.00000    1.64717   -51.8197    17.6138    1.00000    1.00000
     1.00000    17.0326   -19.1704    8.26260    1.00000    1.00000
     1.00000   -24.2806   -24.8372   0.384224    1.00000    1.00000
     1.00000    29.0132    54.4394   -12.9627    1.00000    1.00000
     1.00000   -20.7307   -43.2836    21.0032    1.00000    1.00000
     1.00000  -0.284172    23.0474   -7.52007    1.00000    1.00000
     1.00000   -5.20869  -10.16396    23.7800    1.00000    1.00000
     1.00000    27.8316    21.3734   -29.7297    1.00000    1.00000
     1.00000   -17.2430   -41.2603    9.93219    1.00000    1.00000
