     1.00000   -7.44725   -7.86581    28.7230    1.00000    1.00000
     1.00000    3.74765   -7.83666   -17.1492    1.00000    1.00000
     1.00000    3.66202   -28.7752   -7.24013    1.00000    1.00000
     1.00000    2.34087    18.3284   -5.66389    1.00000    1.00000
     1.00000   -22.6862    1.38284    20.7361    1.00000    1.00000
     1.00000    21.2482   -2.88582   -9.79001    1.00000    1.00000
     1.00000   -26.9958   -14.7286   -8.82291    1.00000    1.00000
     1.00000    28.0491    50.6940   -18.4021    1.00000    1.00000
     1.00000   -25.3210   -18.3240    30.1263    1.00000    1.00000
     1.00000   -7.49931   -16.2825   -18.3995    1.00000    1.00000
     1.00000   -36.0073   -32.1733   -16.0072    1.00000    1.00000
     1.00000    20.1567    35.2777   -9.15034    1.00000    1.00000
     1.00000   -9.43896    7.67188    22.2715    1.00000    1.00000
     1.00000    18.0149    4.30241   -24.0572    1.00000    1.00000
     1.00000   -28.5551   -18.2577    10.6580    1.00000    1.00000
     1.00000    33.1928    41.7950   -20.6901    1.00000    1.00000
     1.00000    4.05676   -17.3072    31.4409    1.00000    1.00000
     1.00000   10.52222   -7.64045   -14.1501    1.00000    1.00000
     1.00000   -15.5712   -24.4899   -5.00080    1.00000    1.00000
     1.00000    15.6069    18.6727   -7.33701    1.00000    1.00000
     1.00000   -27.8525    6.13005    20.8995    1.00000    1.00000
     1.00000    17.9516    1.28199   -11.2856    1.00000    1.00000
     1.00000   -31.4580   -30.2904   -3.32451    1.00000    1.00000
     1.00000    33.4166    60.0330   -16.6520    1.00000    1.00000
     1.00000   -16.6028   -27.2112    36.7344    1.00000    1.00000
     1.00000   0.217300   -13.2833   -6.32520    1.00000    1.00000
     1.00000   -21.9249   -29.2269   -13.0892    1.00000    1.00000
     1.00000    16.1128    28.6369   -2.07780    1.00000    1.00000
     1.00000   -13.9386   -8.06556    21.6751    1.00000    1.00000
     1.00000    9.04918    12.0563   -15.5586    1.00000    1.00000
     1.00000   -20.6743   -21.1021    9.27169    1.00000    1.00000
     1.00000    31.9892    46.4060   -15.8468    1.00000    1.00000
     1.00000   -3.52626   -11.9298    25.0141    1.00000    1.00000
     1.00000    8.03453   -1.49951   -18.3673    1.00000    1.00000
     1.00000   -4.50095   -29.3781   -5.25729    1.00000    1.00000
     1.00000    19.9758    13.5113    3.27324    1.00000    1.00000
     1.00000   -15.2129   -11.6615    22.5710    1.00000    1.00000
     1.00000    14.5052   -3.48726   -1.91289    1.00000    1.00000
     1.00000   -20.8120   -24.4138   -6.34521    1.00000    1.00000
     1.00000    25.4103    54.4241   -21.1196    1.00000    1.00000
     1.00000   -20.4370   -14.8918    35.3097    1.00000    1.00000
     1.00000   -6.15250   -21.4726   -9.89482    1.00000    1.00000
     1.00000   -27.2968   -36.8099   -14.1333    1.00000    1.00000
     1.00000    26.0413    24.3276   -16.7896    1.00000    1.00000
     1.00000   -9.82692    7.28743    30.8884    1.00000    1.00000
     1.00000    17.9131    5.41521   -17.0922    1.00000    1.00000
     1.00000   -24.0176   -17.4781    12.7907    1.00000    1.00000
     1.00000    18.4904    43.6943   -17.2953    1.00000    1.00000
     1.00000   -2.77835   -17.8954    36.1053    1.00000    1.00000
     1.00000    13.7015   -4.80843   -26.6058    1.00000    1.00000
     1.00000   -8.73758   -25.4373   -11.2522    1.00000    1.00000
     1.00000    7.18999    11.9655   -11.4625    1.00000    1.00000
     1.00000   -20.0271    6.44456    21.2976    1.00000    1.00000
     1.00000    23.2586    5.81900   -4.00607    1.00000    1.00000
     1.00000   -34.8947   -26.6721   0.858688    1.00000    1.00000
     1.00000    40.4677    54.5136   -19.7946    1.00000    1.00000
     1.00000   -19.4727   -18.7777    37.4554    1.00000    1.00000
     1.00000  -0.846405   -18.1492   -12.8691    1.00000    1.00000
     1.00000  -10.38651   -26.8287   -13.5897    1.00000    1.00000
     1.00000    19.0865    33.0166  -0.661713    1.00000    1.00000
     1.00000   -18.9678   -10.6236    16.6838    1.00000    1.00000
     1.00000    12.2275    11.6050   -21.7572    1.00000    1.00000
     1.00000   -26.2339   -26.7181    1.17139    1.00000    1.00000
     1.00000    27.4108    50.2214   -16.1512    1.00000    1.00000
     1.00000   -1.41290   -5.21635    23.8484    1.00000    1.00000
     1.00000   -2.36263   -5.99723   -13.6048    1.00000    1.00000
     1.00000    3.22913   -30.7280   -2.97667    1.00000    1.00000
     1.00000    12.6929    15.5513    1.12910    1.00000    1.00000
     1.00000   -20.8781   -4.80773    20.4769    1.00000    1.00000
     1.00000    16.3849  -0.657303   -3.85858    1.00000    1.00000
     1.00000   -23.5360   -21.4285   -7.06654    1.00000    1.00000
     1.00000    29.7537    50.3545   -20.5278    1.00000    1.00000
     1.00000   -21.6377   -19.1250    33.7466    1.00000    1.00000
     1.00000   -4.96820   -16.7163   -15.6146    1.00000    1.00000
     1.00000   -31.6150   -38.2611   -13.9365    1.00000    1.00000
     1.00000    20.9509    36.8595   -12.7309    1.00000    1.00000
     1.00000   -10.8406    2.46146    23.2859    1.00000    1.00000
     1.00000    26.6772    4.04765   -14.6234    1.00000    1.00000
     1.00000   -25.2754   -14.7085    11.5895    1.00000    1.00000
     1.00000    26.2503    38.2797   -22.3286    1.00000    1.00000
     1.00000    5.17398   -14.2293    36.9652    1.00000    1.00000
     1.00000    14.5530   -4.83452   -18.9383    1.00000    1.00000
     1.00000   -12.8895   -25.0728   -6.50482E-02    1.00000    1.00000
     1.00000    12.1542    17.9209   -2.21492    1.00000    1.00000
     1.00000   -31.5809    8.57950    29.6569    1.00000    1.00000
     1.00000    21.3508    4.75839   -4.83820    1.00000    1.00000
     1.00000   -29.1952   -24.8851   -3.99132    1.00000    1.00000
     1.00000    31.1570    59.0043   -22.0358    1.00000    1.00000
     1.00000   -16.4988   -17.9688    39.7518    1.00000    1.00000
     1.00000    1.64354   -15.5383   -5.10483    1.00000    1.00000
     1.00000   -14.0706   -29.4719   -15.1765    1.00000    1.00000
     1.00000    16.1613    25.0016   -6.73820    1.00000    1.00000
     1.00000   -11.0432   -2.21599    19.8962    1.00000    1.00000
     1.00000    11.0776    14.7071   -15.8418    1.00000    1.00000
     1.00000   -19.2618   -24.1382    9.74132    1.00000    1.00000
     1.00000    22.0374    45.2556   -8.74945    1.00000    1.00000
     1.00000  -0.123627   -8.72775    30.2660    1.00000    1.00000
     1.00000    5.50742   -5.34505   -19.5027    1.00000    1.00000
     1.00000   -3.64566   -27.8190   -2.81639    1.00000    1.00000
     1.00000   10.48245    11.5537   -5.16815E-02    1.00000    1.00000
     1.00000   -20.7002   -5.01583    23.9746    1.00000    1.00000
     1.00000    15.8411   -5.70491   -2.77855    1.00000    1.00000
     1.00000   -24.2734   -29.2737   -5.04120    1.00000    1.00000
     1.00000    30.3979    55.4564   -20.8648    1.00000    1.00000
     1.00000   -18.0619   -5.07613    34.5102    1.00000    1.00000
     1.00000  -10.57603   -18.5335   -12.0618    1.00000    1.00000
     1.00000   -21.7446   -35.4557   -18.5635    1.00000    1.00000
     1.00000    22.9205    32.2021   -16.2908    1.00000    1.00000
     1.00000   -3.63136    4.98426    26.6822    1.00000    1.00000
     1.00000    22.0686    1.28177   -15.8573    1.00000    1.00000
     1.00000   -26.6193   -10.9488    15.9064    1.00000    1.00000
     1.00000    25.3077    43.0937   -19.2995    1.00000    1.00000
     1.00000   -3.75415   -13.6627    31.0155    1.00000    1.00000
     1.00000    16.7455   -1.08627   -16.3500    1.00000    1.00000
     1.00000   -11.4731   -28.1653   0.307602    1.00000    1.00000
     1.00000    11.0224    16.4756   -3.00873    1.00000    1.00000
     1.00000   -18.8618    9.77865    21.2421    1.00000    1.00000
     1.00000    27.0237   0.169312    1.14102    1.00000    1.00000
     1.00000   -32.1171   -24.9355   -1.83286    1.00000    1.00000
     1.00000    46.5723    50.2219   -11.9057    1.00000    1.00000
     1.00000   -7.84561   -16.8984    38.2307    1.00000    1.00000
     1.00000    5.93140   -17.7993   -13.0177    1.00000    1.00000
     1.00000   -9.32477   -21.2390   -15.0864    1.00000    1.00000
     1.00000    17.1583    29.5625    3.11774    1.00000    1.00000
     1.00000   -15.3676   -13.1961    21.2979    1.00000    1.00000
     1.00000    21.5321    7.74168   -17.4025    1.00000    1.00000
     1.00000   -27.2500   -18.2065    1.10318    1.00000    1.00000
     1.00000    31.9679    45.4010   -5.90428    1.00000    1.00000
     1.00000   -1.78484   -5.85657    27.9674    1.00000    1.00000
     1.00000    5.75836   -7.71220   -19.0930    1.00000    1.00000
     1.00000  -0.149506   -30.0444   -6.39983    1.00000    1.00000
     1.00000    6.18350    17.4827   -2.03581    1.00000    1.00000
     1.00000   -26.7671    2.91047    18.9502    1.00000    1.00000
     1.00000    22.4136   0.831909   -3.79735    1.00000    1.00000
     1.00000   -24.5048   -16.7259   -9.89516    1.00000    1.00000
     1.00000    30.3410    53.3780   -17.1882    1.00000    1.00000
     1.00000   -25.3082   -16.8280    34.7495    1.00000    1.00000
     1.00000   -11.1073   -16.8508   -17.8255    1.00000    1.00000
     1.00000   -33.8270   -36.9131   -14.8217    1.00000    1.00000
     1.00000    19.3459    31.8202   -8.53485    1.00000    1.00000
     1.00000   -9.68314    9.64713    22.0748    1.00000    1.00000
     1.00000    21.5941    3.87679   -21.1819    1.00000    1.00000
     1.00000   -34.4680   -18.5493    15.2988    1.00000    1.00000
     1.00000    30.0558    39.7594   -24.0259    1.00000    1.00000
     1.00000    4.44069   -15.3915    33.8061    1.00000    1.00000
     1.00000    9.94539   -2.04164   -18.1336    1.00000    1.00000
     1.00000   -11.3262   -22.1227   -7.90668    1.00000    1.00000
     1.00000    14.6643    22.1758   -6.30525    1.00000    1.00000
     1.00000   -26.6364    7.35241    18.9252    1.00000    1.00000
     1.00000    16.8292    7.69490  -10.21101    1.00000    1.00000
     1.00000   -35.0649   -30.8715   -1.93524    1.00000    1.00000
     1.00000    31.1745    61.8638   -17.7667    1.00000    1.00000
     1.00000   -17.3953   -25.0612    38.9295    1.00000    1.00000
     1.00000    2.38249   -11.5742   -5.16971    1.00000    1.00000
     1.00000   -21.8062   -32.9246   -15.7403    1.00000    1.00000
     1.00000    16.3361    22.5160   -2.11987    1.00000    1.00000
     1.00000   -11.9362   -7.01211    18.4415    1.00000    1.00000
     1.00000    11.1285    7.52469   -15.3429    1.00000    1.00000
     1.00000   -22.9690   -21.9835    7.22642    1.00000    1.00000
     1.00000    30.7954    47.1655   -17.2603    1.00000    1.00000
     1.00000   -7.09631   -12.6992    26.2128    1.00000    1.00000
     1.00000    13.4253  -0.364578   -19.9321    1.00000    1.00000
     1.00000   -5.22195   -28.9523   -3.44102    1.00000    1.00000
     1.00000    21.4799    15.0999    6.68974    1.00000    1.00000
     1.00000   -19.6024   -15.2716    24.2438    1.00000    1.00000
     1.00000    17.8871   -5.47083    4.78259    1.00000    1.00000
     1.00000   -22.1367   -23.8493   -4.44385    1.00000    1.00000
     1.00000    30.2744    58.4072   -20.1827    1.00000    1.00000
     1.00000   -20.3441  -10.49420    31.3567    1.00000    1.00000
     1.00000   -3.00018   -17.9284   -8.44350    1.00000    1.00000
     1.00000   -26.7604   -34.3412   -8.57787    1.00000    1.00000
     1.00000    22.0854    24.1719   -15.0058    1.00000    1.00000
     1.00000  -10.20660    4.37423    27.1748    1.00000    1.00000
     1.00000    14.0353    5.02354   -21.0202    1.00000    1.00000
     1.00000   -22.4505   -18.8814    16.9196    1.00000    1.00000
     1.00000    22.0863    39.1376   -14.5822    1.00000    1.00000
     1.00000   -6.73732   -14.7398    37.2946    1.00000    1.00000
     1.00000    16.9780   -4.14652   -21.6084    1.00000    1.00000
     1.00000   -11.1382   -23.6142   -6.58762    1.00000    1.00000
     1.00000    11.9831    13.6586   -9.32896    1.00000    1.00000
     1.00000   -22.5452    5.89927    20.7195    1.00000    1.00000
     1.00000    24.8009    2.03694   -3.22035    1.00000    1.00000
     1.00000   -36.1860   -24.2349    6.25073    1.00000    1.00000
     1.00000    38.5114    56.0053   -21.2973    1.00000    1.00000
     1.00000   -15.4739   -15.0789    38.1280    1.00000    1.00000
     1.00000    3.54948   -15.1836  -10.00293    1.00000    1.00000
     1.00000   -3.34114   -25.9550   -15.6021    1.00000    1.00000
     1.00000    16.2386    31.5709    3.08754    1.00000    1.00000
     1.00000   -20.8416   -11.7994    12.3471    1.00000    1.00000
     1.00000    15.2961    14.6519   -23.0557    1.00000    1.00000
     1.00000   -25.8219   -27.3663    3.01801    1.00000    1.00000
     1.00000    30.3396    47.7621   -12.9742    1.00000    1.00000
     1.00000   -1.89037   -7.45318    24.0125    1.00000    1.00000
     1.00000    2.27022   -6.81276   -12.8218    1.00000    1.00000
     1.00000    3.60738   -27.2137   -1.08601    1.00000    1.00000
     1.00000    7.95714    16.1329    1.22095    1.00000    1.00000
     1.00000   -22.7114   -3.66820    18.0396    1.00000    1.00000
     1.00000    18.4050   -1.31499   -3.61975    1.00000    1.00000
     1.00000   -20.0920   -22.9596  -10.14790    1.00000    1.00000
     1.00000    32.4193    53.4027   -26.1739    1.00000    1.00000
     1.00000   -21.0741   -16.7876    35.3045    1.00000    1.00000
     1.00000   -2.75552   -16.5772   -16.8101    1.00000    1.00000
     1.00000   -30.0549   -39.0989   -11.3744    1.00000    1.00000
     1.00000    19.5641    31.4976   -10.9371    1.00000    1.00000
     1.00000   -9.42775   -2.45480    21.0509    1.00000    1.00000
     1.00000    23.6511    5.92369   -20.7462    1.00000    1.00000
     1.00000   -30.4664   -13.6538    13.5225    1.00000    1.00000
     1.00000    24.3430    39.9807   -21.4150    1.00000    1.00000
     1.00000   -2.18814   -19.5830    39.2672    1.00000    1.00000
     1.00000    13.4780   -7.97694   -15.3905    1.00000    1.00000
     1.00000   -18.1573   -24.4327   -5.03787    1.00000    1.00000
     1.00000    6.79825    21.4374   -1.71593    1.00000    1.00000
     1.00000   -31.3910    8.90118    23.3540    1.00000    1.00000
     1.00000    17.3550    4.29095   -6.83293    1.00000    1.00000
     1.00000   -28.4761   -24.2828  -0.930084    1.00000    1.00000
     1.00000    35.1339    59.5561   -23.0801    1.00000    1.00000
     1.00000   -12.9285   -19.1030    38.5454    1.00000    1.00000
     1.00000   0.981293   -12.8226   -4.32199    1.00000    1.00000
     1.00000   -20.6814   -32.4113   -17.5288    1.00000    1.00000
     1.00000    18.0560    24.9295   -5.69684    1.00000    1.00000
     1.00000   -11.8163   -5.70570    22.4418    1.00000    1.00000
     1.00000    13.4457    14.7597   -12.3640    1.00000    1.00000
     1.00000   -21.2278   -21.8652    11.9538    1.00000    1.00000
     1.00000    29.0645    45.9488   -15.5559    1.00000    1.00000
     1.00000   -2.93808   -12.2261    26.9025    1.00000    1.00000
     1.00000    5.71304   -1.96825   -21.1344    1.00000    1.00000
     1.00000    1.73825   -28.4523   0.946159    1.00000    1.00000
     1.00000    18.3901    12.9648    2.18388    1.00000    1.00000
     1.00000   -21.7930   -9.62162    23.7205    1.00000    1.00000
     1.00000    14.4381   -4.18918   -3.78770    1.00000    1.00000
     1.00000   -23.0113   -26.9677   -4.19254    1.00000    1.00000
     1.00000    33.2020    56.5360   -27.7916    1.00000    1.00000
     1.00000   -18.9234   -4.08889    32.9992    1.00000    1.00000
     1.00000  -10.38557   -20.4112   -8.90096    1.00000    1.00000
     1.00000   -26.3609   -36.2388   -16.1467    1.00000    1.00000
     1.00000    27.0468    28.1746   -13.5909    1.00000    1.00000
     1.00000   -4.27629    3.95631    28.2720    1.00000    1.00000
     1.00000    18.1120    2.88168   -16.1024    1.00000    1.00000
     1.00000   -23.8435   -14.5138    15.6740    1.00000    1.00000
     1.00000    23.8078    41.4968   -17.6461    1.00000    1.00000
     1.00000   -3.18478   -14.4721    37.3729    1.00000    1.00000
     1.00000    15.5510   -2.78779   -19.2743    1.00000    1.00000
     1.00000   -7.37183   -27.8564   -3.47980    1.00000    1.00000
     1.00000    14.8614    13.9490   -8.30000    1.00000    1.00000
     1.00000   -15.3514    3.76460    20.5493    1.00000    1.00000
     1.00000    24.6302    4.02405    2.09546    1.00000    1.00000
     1.00000   -34.0700   -23.6559   0.968208    1.00000    1.00000
     1.00000    41.5240    53.4601   -18.4625    1.00000    1.00000
     1.00000   -11.7638   -13.6084    38.3456    1.00000    1.00000
     1.00000    1.79260   -12.4780   -13.2113    1.00000    1.00000
     1.00000   -2.72594   -23.4929   -15.9698    1.00000    1.00000
     1.00000    12.1630    28.2171    3.13339    1.00000    1.00000
     1.00000   -12.5049   -12.9281    16.4461    1.00000    1.00000
     1.00000    20.3813    9.29944   -19.5755    1.00000    1.00000
     1.00000   -27.3428   -20.8923    1.49341    1.00000    1.00000
     1.00000    30.4695    47.3124   -11.0298    1.00000    1.00000
     1.00000   -9.27463   -7.70985    27.9253    1.00000    1.00000
     1.00000    6.59955   -6.47898   -14.2766    1.00000    1.00000
     1.00000    1.98691   -31.6268   -4.55009    1.00000    1.00000
     1.00000    2.91425    17.6091   -3.88797    1.00000    1.00000
     1.00000   -23.1859  -0.344536    19.8605    1.00000    1.00000
     1.00000    19.2986  -0.840599   -7.59297    1.00000    1.00000
     1.00000   -29.6561   -14.1398   -8.22807    1.00000    1.00000
     1.00000    31.1129    51.6712   -16.2181    1.00000    1.00000
     1.00000   -25.0036   -16.5449    32.7933    1.00000    1.00000
     1.00000   -8.50813   -17.9269   -13.7534    1.00000    1.00000
     1.00000   -36.7159   -35.5893   -16.2213    1.00000    1.00000
     1.00000    22.7018    35.2898   -6.68608    1.00000    1.00000
     1.00000   -8.43623    5.41716    22.3962    1.00000    1.00000
     1.00000    19.9084    1.57527   -21.9309    1.00000    1.00000
     1.00000   -31.2214   -19.7833    11.8868    1.00000    1.00000
     1.00000    31.0532    39.9852   -19.0664    1.00000    1.00000
     1.00000    5.58191   -18.9532    28.6024    1.00000    1.00000
     1.00000    9.07295   -6.00384   -12.6044    1.00000    1.00000
     1.00000   -13.0176   -21.8515   -5.97620    1.00000    1.00000
     1.00000    13.2959    20.5893   -4.58415    1.00000    1.00000
     1.00000   -26.0976    3.15231    21.9517    1.00000    1.00000
     1.00000    16.0536    3.19614   -12.7417    1.00000    1.00000
     1.00000   -28.8250   -31.3133  -0.925247    1.00000    1.00000
     1.00000    31.2442    60.9368   -19.8252    1.00000    1.00000
     1.00000   -16.4376   -26.7999    38.6847    1.00000    1.00000
     1.00000   -2.28610   -10.9284   -5.15749    1.00000    1.00000
     1.00000   -23.9179   -29.2406   -13.2565    1.00000    1.00000
     1.00000    17.4256    29.7695   -5.98473    1.00000    1.00000
     1.00000   -12.1140   -5.50004    19.7384    1.00000    1.00000
     1.00000   10.15416   10.37653   -17.7370    1.00000    1.00000
     1.00000   -21.2156   -24.5296    9.56910    1.00000    1.00000
     1.00000    33.0340    43.1012   -17.6901    1.00000    1.00000
     1.00000   -5.64134  -10.26806    26.9967    1.00000    1.00000
     1.00000    7.60118   -2.49261   -21.5344    1.00000    1.00000
     1.00000   -7.11050   -29.3027   -7.84381    1.00000    1.00000
     1.00000    21.0990    11.8573    3.32933    1.00000    1.00000
     1.00000   -19.4500   -11.7082    24.0610    1.00000    1.00000
     1.00000    17.3625   -3.37868   0.756340    1.00000    1.00000
     1.00000   -19.4558   -25.7663   -5.76973    1.00000    1.00000
     1.00000    25.1139    51.3253   -19.5700    1.00000    1.00000
     1.00000   -20.1026   -12.7224    34.3375    1.00000    1.00000
     1.00000   -7.81892   -23.6729  -10.20857    1.00000    1.00000
     1.00000   -26.6292   -34.4546   -12.1211    1.00000    1.00000
     1.00000    24.3205    25.1261   -17.4231    1.00000    1.00000
     1.00000   -9.19624    6.11762    32.4522    1.00000    1.00000
     1.00000    19.0337    4.48283   -18.4615    1.00000    1.00000
     1.00000   -23.8813   -17.1582    9.18797    1.00000    1.00000
     1.00000    18.5241    41.2047   -14.6247    1.00000    1.00000
     1.00000   -4.10001   -17.2328    34.7584    1.00000    1.00000
     1.00000    13.9924   -5.96178   -23.8898    1.00000    1.00000
     1.00000  -10.55914   -24.6462  -10.34843    1.00000    1.00000
     1.00000    8.88179    12.2821   -12.4810    1.00000    1.00000
     1.00000   -22.1155    6.01961    24.3176    1.00000    1.00000
     1.00000    24.7943    4.54637   -4.15456    1.00000    1.00000
     1.00000   -33.5129   -27.8916    8.18863E-02    1.00000    1.00000
     1.00000    43.4760    54.8039   -20.9771    1.00000    1.00000
     1.00000   -19.8541   -14.2354    40.7652    1.00000    1.00000
     1.00000   0.403229   -16.8419   -9.47211    1.00000    1.00000
     1.00000   -8.65482   -26.4848   -14.5294    1.00000    1.00000
     1.00000    17.6042    32.3597   0.509270    1.00000    1.00000
     1.00000   -17.5122   -14.1778    18.0232    1.00000    1.00000
     1.00000    11.4272    13.4216   -21.5135    1.00000    1.00000
     1.00000   -24.2936   -24.3099    5.32758    1.00000    1.00000
     1.00000    26.3862    53.1480   -12.7362    1.00000    1.00000
     1.00000   -3.49028   -6.34753    26.1227    1.00000    1.00000
     1.00000  -0.455933   -7.17735   -13.3032    1.00000    1.00000
     1.00000    5.08067   -31.4572   -3.17688    1.00000    1.00000
     1.00000    11.5911    14.7819  -0.352127    1.00000    1.00000
     1.00000   -21.9324   -4.04542    21.9959    1.00000    1.00000
     1.00000    18.7783    3.73687   -4.23592    1.00000    1.00000
     1.00000   -21.2102   -21.7259   -7.80736    1.00000    1.00000
     1.00000    31.4501    52.3648   -22.0872    1.00000    1.00000
     1.00000   -21.2658   -19.0979    31.7817    1.00000    1.00000
     1.00000   -5.41678   -17.7875   -18.8886    1.00000    1.00000
     1.00000   -31.2796   -35.2357   -14.4318    1.00000    1.00000
     1.00000    18.7292    37.6333   -13.4543    1.00000    1.00000
     1.00000   -9.86284    4.19413    23.0810    1.00000    1.00000
     1.00000    25.1978    3.14734   -16.4726    1.00000    1.00000
     1.00000   -28.0780   -13.9180    12.9575    1.00000    1.00000
     1.00000    26.5962    41.6097   -19.6704    1.00000    1.00000
     1.00000    2.22319   -14.7260    36.5173    1.00000    1.00000
     1.00000    12.1437   -5.11099   -17.0634    1.00000    1.00000
     1.00000   -15.1516   -25.5826   -1.03147    1.00000    1.00000
     1.00000   10.34067    19.4917   -2.78284    1.00000    1.00000
     1.00000   -30.9682    9.19936    25.7544    1.00000    1.00000
     1.00000    21.3713    6.24159   -3.49667    1.00000    1.00000
     1.00000   -30.2604   -28.7994   -3.90999    1.00000    1.00000
     1.00000    32.8726    59.8492   -21.4502    1.00000    1.00000
     1.00000   -13.7675   -16.9796    36.9797    1.00000    1.00000
     1.00000    3.49063   -15.0548   -4.50946    1.00000    1.00000
     1.00000   -17.2680   -31.1964   -16.2093    1.00000    1.00000
     1.00000    18.6970    27.0326   -7.74905    1.00000    1.00000
     1.00000   -12.5269   -1.81150    18.6175    1.00000    1.00000
     1.00000    12.3861    14.9078   -18.6470    1.00000    1.00000
     1.00000   -16.2519   -22.7993    8.67413    1.00000    1.00000
     1.00000    24.4292    44.6744   -12.7429    1.00000    1.00000
     1.00000    1.02829E-01   -10.7038    30.0568    1.00000    1.00000
     1.00000    4.36249   -5.07225   -23.6058    1.00000    1.00000
     1.00000   -2.08044   -27.1616   -1.75906    1.00000    1.00000
     1.00000   10.06708    10.6701   -3.82953    1.00000    1.00000
     1.00000   -23.6516   -4.70127    26.3329    1.00000    1.00000
     1.00000    15.2670   -8.41158   -4.96559    1.00000    1.00000
     1.00000   -25.5759   -28.4745   -3.75093    1.00000    1.00000
     1.00000    30.7162    56.2131   -24.9155    1.00000    1.00000
     1.00000   -17.9960   -7.05772    34.7728    1.00000    1.00000
     1.00000  -10.27405   -16.4628   -12.7872    1.00000    1.00000
     1.00000   -23.0480   -37.5529   -17.3242    1.00000    1.00000
     1.00000    23.4301    29.7777   -15.8379    1.00000    1.00000
     1.00000   -6.06984    3.90017    24.2838    1.00000    1.00000
     1.00000    19.2715    1.38237   -15.2581    1.00000    1.00000
     1.00000   -24.4321   -13.3472    14.1599    1.00000    1.00000
     1.00000    21.7876    42.9831   -19.8885    1.00000    1.00000
     1.00000   -2.71725   -13.0950    29.3951    1.00000    1.00000
     1.00000    20.0595  -0.286301   -17.3312    1.00000    1.00000
     1.00000   -12.8662   -28.0978    2.37263    1.00000    1.00000
     1.00000    11.6559    16.9139   -5.50238    1.00000    1.00000
     1.00000   -16.6523    7.79354    19.1857    1.00000    1.00000
     1.00000    26.3328    3.73470    1.08678    1.00000    1.00000
     1.00000   -33.9442   -24.3333   -4.64325    1.00000    1.00000
     1.00000    43.4595    51.9112   -12.9355    1.00000    1.00000
     1.00000   -11.3174   -17.1198    40.0370    1.00000    1.00000
     1.00000    4.20755   -14.9918   -12.0547    1.00000    1.00000
     1.00000   -3.52548   -20.8251   -16.3210    1.00000    1.00000
     1.00000    14.1060    27.7708    2.80302    1.00000    1.00000
     1.00000   -17.7627   -14.8719    19.9564    1.00000    1.00000
     1.00000    23.1889    9.67079   -18.6366    1.00000    1.00000
     1.00000   -30.0389   -20.2118    1.51731    1.00000    1.00000
     1.00000    32.3703    45.8357   -9.21849    1.00000    1.00000
     1.00000   -6.08403   -6.41850    28.9396    1.00000    1.00000
     1.00000    6.75923   -5.32724   -17.9431    1.00000    1.00000
     1.00000   0.241913   -27.8325   -3.46368    1.00000    1.00000
     1.00000    6.13051    13.9922   -2.27390    1.00000    1.00000
     1.00000   -24.9214  -0.376617    18.4355    1.00000    1.00000
     1.00000    18.8538   0.259613   -5.98309    1.00000    1.00000
     1.00000   -26.4822   -18.2630   -9.30825    1.00000    1.00000
     1.00000    29.1106    54.7615   -17.9447    1.00000    1.00000
     1.00000   -25.5102   -18.9725    35.6145    1.00000    1.00000
     1.00000   -13.8766   -16.2597   -14.6549    1.00000    1.00000
     1.00000   -33.1798   -33.8126   -15.5122    1.00000    1.00000
     1.00000    22.1596    33.9445   -9.58833    1.00000    1.00000
     1.00000   -9.21745   10.35632    18.2168    1.00000    1.00000
     1.00000    20.9245    5.52966   -22.3781    1.00000    1.00000
     1.00000   -30.8243   -18.2246    13.8812    1.00000    1.00000
     1.00000    31.5161    40.6542   -25.0587    1.00000    1.00000
     1.00000    4.86499   -15.5255    31.8563    1.00000    1.00000
     1.00000    9.63370   -5.18746   -15.5757    1.00000    1.00000
     1.00000   -11.5846   -18.7901   -6.78198    1.00000    1.00000
     1.00000    11.8068    23.2760   -6.90193    1.00000    1.00000
     1.00000   -25.5370    6.74641    21.6554    1.00000    1.00000
     1.00000    16.8040    4.05888   -8.74147    1.00000    1.00000
     1.00000   -34.3956   -31.0854   -4.60931    1.00000    1.00000
     1.00000    28.5678    60.7632   -18.2766    1.00000    1.00000
     1.00000   -13.9968   -25.0519    38.3137    1.00000    1.00000
     1.00000    2.07834   -13.6006   -6.98538    1.00000    1.00000
     1.00000   -20.9341   -31.8438   -14.3011    1.00000    1.00000
     1.00000    16.5545    26.9326   -3.02672    1.00000    1.00000
     1.00000   -11.7757   -9.43546    18.1462    1.00000    1.00000
     1.00000    13.0553    8.50604   -17.8644    1.00000    1.00000
     1.00000   -25.0803   -23.6690    7.05103    1.00000    1.00000
     1.00000    28.1334    47.5471   -16.3164    1.00000    1.00000
     1.00000   -6.93948   -14.6776    23.3278    1.00000    1.00000
     1.00000    9.40202   -1.84602   -23.3084    1.00000    1.00000
     1.00000   -5.98189   -31.2811   -3.40088    1.00000    1.00000
     1.00000    19.8020    13.7575    6.24345    1.00000    1.00000
     1.00000   -21.3936  -10.30701    25.5564    1.00000    1.00000
     1.00000    18.6530   -2.59827    2.51652    1.00000    1.00000
     1.00000   -23.8895   -23.3429   -3.62454    1.00000    1.00000
     1.00000    28.5892    55.5243   -20.0140    1.00000    1.00000
     1.00000   -20.3947   -8.55293    30.8783    1.00000    1.00000
     1.00000   -2.51073   -17.4934   -10.5955    1.00000    1.00000
     1.00000   -27.1156   -32.5756   -11.6383    1.00000    1.00000
     1.00000    22.0723    27.8356   -12.8576    1.00000    1.00000
     1.00000   -9.27962    3.60009    28.7690    1.00000    1.00000
     1.00000    14.0574    3.91522   -18.8411    1.00000    1.00000
     1.00000   -23.9541   -18.3822    14.6288    1.00000    1.00000
     1.00000    21.6313    39.3249   -12.6437    1.00000    1.00000
     1.00000   -8.75916   -16.5824    36.4797    1.00000    1.00000
     1.00000    15.4666   -4.46562   -23.6458    1.00000    1.00000
     1.00000  -10.20175   -26.1297   -6.93285    1.00000    1.00000
     1.00000    9.89670    14.2135   -11.3548    1.00000    1.00000
     1.00000   -26.4731    9.32401    19.2188    1.00000    1.00000
     1.00000    24.9532    2.83313  -0.677002    1.00000    1.00000
     1.00000   -35.6031   -24.3664    4.34209    1.00000    1.00000
     1.00000    37.6806    56.7798   -19.4680    1.00000    1.00000
     1.00000   -15.3208   -15.9093    36.3150    1.00000    1.00000
     1.00000    2.14999   -13.6898   -8.98212    1.00000    1.00000
     1.00000   -7.03598   -25.5196   -15.1986    1.00000    1.00000
     1.00000    18.6393    33.6484    3.78537    1.00000    1.00000
     1.00000   -20.8409  -10.47947    15.9978    1.00000    1.00000
     1.00000    16.8665    15.3448   -21.8991    1.00000    1.00000
     1.00000   -23.3970   -29.4575    3.57288    1.00000    1.00000
     1.00000    29.9398    51.6407   -12.5995    1.00000    1.00000
     1.00000  -0.437820   -8.13850    25.2043    1.00000    1.00000
     1.00000    4.51994   -5.36797   -14.9326    1.00000    1.00000
     1.00000    3.78114   -24.6750   -2.52912    1.00000    1.00000
     1.00000    8.47076    14.5527   0.107773    1.00000    1.00000
     1.00000   -24.5138   -3.11681    17.3707    1.00000    1.00000
     1.00000    19.2391   -2.39702   -6.33836    1.00000    1.00000
     1.00000   -21.9522   -23.0002   -13.5241    1.00000    1.00000
     1.00000    30.3615    52.2443   -23.7648    1.00000    1.00000
     1.00000   -23.1693   -15.4600    32.2823    1.00000    1.00000
     1.00000   -5.26958   -19.0765   -16.7099    1.00000    1.00000
     1.00000   -27.9054   -37.9493   -12.6065    1.00000    1.00000
     1.00000    21.4970    32.7412   -14.1557    1.00000    1.00000
     1.00000   -9.34874  -0.319725    24.3298    1.00000    1.00000
     1.00000    25.5493    6.24142   -17.6918    1.00000    1.00000
     1.00000   -29.8757   -16.4714    14.0450    1.00000    1.00000
     1.00000    28.8074    41.2436   -23.5375    1.00000    1.00000
     1.00000  -0.936493   -17.9501    36.8828    1.00000    1.00000
     1.00000    11.9088   -7.09710   -17.0793    1.00000    1.00000
     1.00000   -17.5805   -25.5925   -2.11394    1.00000    1.00000
     1.00000    10.6699    21.0294   -1.54709    1.00000    1.00000
     1.00000   -29.2445    7.45827    20.3533    1.00000    1.00000
     1.00000    19.1794    4.93831   -7.33554    1.00000    1.00000
     1.00000   -27.0933   -24.8330   0.405975    1.00000    1.00000
     1.00000    36.1039    57.9637   -22.3566    1.00000    1.00000
     1.00000   -15.3574   -22.5240    39.3730    1.00000    1.00000
     1.00000  -0.746155   -11.1656   -2.07857    1.00000    1.00000
     1.00000   -17.2652   -29.6900   -18.5181    1.00000    1.00000
     1.00000    16.6791    23.9760   -4.60370    1.00000    1.00000
     1.00000  -10.31111   -6.75550    23.2371    1.00000    1.00000
     1.00000    11.9513    16.1305   -14.7415    1.00000    1.00000
     1.00000   -22.0334   -18.8923    14.4034    1.00000    1.00000
     1.00000    27.7067    45.9891   -12.6920    1.00000    1.00000
     1.00000   -2.43593   -9.52010    29.5555    1.00000    1.00000
     1.00000    5.38965    1.26251   -23.0329    1.00000    1.00000
     1.00000    3.12024   -27.1839    1.64001    1.00000    1.00000
     1.00000    13.8199    12.3228  -0.185699    1.00000    1.00000
     1.00000   -22.0951   -9.53545    21.7453    1.00000    1.00000
     1.00000    12.7520   -3.28484   -4.36992    1.00000    1.00000
     1.00000   -24.4838   -25.0509   -1.23741    1.00000    1.00000
     1.00000    34.9008    56.4873   -28.8461    1.00000    1.00000
     1.00000   -22.5642   -4.46584    33.9863    1.00000    1.00000
     1.00000   -8.50362   -21.6946   -10.7653    1.00000    1.00000
     1.00000   -24.1019   -36.7901   -18.8433    1.00000    1.00000
     1.00000    23.3237    28.6888   -14.1637    1.00000    1.00000
     1.00000   -6.78415    6.11413    26.9941    1.00000    1.00000
     1.00000    15.8309    3.05803   -16.4142    1.00000    1.00000
     1.00000   -23.7700   -17.7750    17.9369    1.00000    1.00000
     1.00000    21.9859    41.7264   -16.8538    1.00000    1.00000
     1.00000   -2.19101   -14.4795    34.4420    1.00000    1.00000
     1.00000    16.1660  -0.884727   -19.2645    1.00000    1.00000
     1.00000  -10.24310   -27.7028   -1.20010    1.00000    1.00000
     1.00000    13.1362    15.3597   -8.03233    1.00000    1.00000
     1.00000   -18.3835    4.87104    18.9165    1.00000    1.00000
     1.00000    26.8987    3.98494    3.13038    1.00000    1.00000
     1.00000   -35.1357   -21.9071  -0.895844    1.00000    1.00000
     1.00000    42.1947    52.4043   -14.4042    1.00000    1.00000
     1.00000   -13.6203   -14.3518    38.3165    1.00000    1.00000
     1.00000    3.10040   -8.55083   -12.2834    1.00000    1.00000
     1.00000  -0.513550   -23.2508   -15.6619    1.00000    1.00000
     1.00000   10.24797    27.3059    3.08458    1.00000    1.00000
     1.00000   -13.3601   -13.4896    18.1647    1.00000    1.00000
     1.00000    19.0025    12.5879   -20.2494    1.00000    1.00000
     1.00000   -25.7141   -22.0289    1.25729    1.00000    1.00000
     1.00000    32.9849    44.3490   -10.8170    1.00000    1.00000
     1.00000   -7.56148   -9.66589    27.8589    1.00000    1.00000
     1.00000    3.91780   -8.44355   -15.2511    1.00000    1.00000
     1.00000    2.78523   -29.4914   -5.59140    1.00000    1.00000
     1.00000    2.03061    20.1329   -4.85934    1.00000    1.00000
     1.00000   -21.0197    2.45021    20.4472    1.00000    1.00000
     1.00000    22.8784   -3.66247   -10.6499    1.00000    1.00000
     1.00000   -25.4472   -14.9700  -10.06529    1.00000    1.00000
     1.00000    29.4553    50.8608   -16.9898    1.00000    1.00000
     1.00000   -24.9069   -19.4193    31.7476    1.00000    1.00000
     1.00000   -9.14067   -16.9579   -17.4777    1.00000    1.00000
     1.00000   -36.2484   -33.9651   -15.1520    1.00000    1.00000
     1.00000    20.9767    34.3962   -7.55327    1.00000    1.00000
     1.00000  -10.28793    5.91604    21.8284    1.00000    1.00000
     1.00000    16.3687    4.65732   -22.9784    1.00000    1.00000
     1.00000   -29.9671   -18.2367    12.0742    1.00000    1.00000
     1.00000    32.1260    40.1043   -20.7501    1.00000    1.00000
     1.00000    5.93907   -17.6491    32.0240    1.00000    1.00000
     1.00000   10.18846   -7.60826   -12.1784    1.00000    1.00000
     1.00000   -16.8361   -24.0743   -3.50835    1.00000    1.00000
     1.00000    14.7660    19.1343   -5.58208    1.00000    1.00000
     1.00000   -27.3786    4.29679    20.2556    1.00000    1.00000
     1.00000    19.9213    1.44397   -10.9786    1.00000    1.00000
     1.00000   -30.6110   -30.6675   -1.55241    1.00000    1.00000
     1.00000    32.3984    58.8602   -15.3919    1.00000    1.00000
     1.00000   -16.8195   -28.3046    35.0738    1.00000    1.00000
     1.00000  -0.437943   -11.6706   -5.34042    1.00000    1.00000
     1.00000   -21.1894   -29.9271   -14.8122    1.00000    1.00000
     1.00000    17.7373    29.8008   -1.99886    1.00000    1.00000
     1.00000   -12.4989   -9.45274    21.7315    1.00000    1.00000
     1.00000   10.36264    12.2451   -17.0550    1.00000    1.00000
     1.00000   -20.3218   -22.0067    7.52310    1.00000    1.00000
     1.00000    32.2103    44.5724   -16.6142    1.00000    1.00000
     1.00000   -5.39676   -11.7753    25.7050    1.00000    1.00000
     1.00000    8.90341   -2.05499   -20.0809    1.00000    1.00000
     1.00000   -3.53622   -31.0426   -5.80385    1.00000    1.00000
     1.00000    20.8005    14.6040    4.73129    1.00000    1.00000
     1.00000   -17.0889   -12.0347    23.1553    1.00000    1.00000
     1.00000    16.1956   -3.27718  -0.864746    1.00000    1.00000
     1.00000   -21.9015   -25.6710   -5.23503    1.00000    1.00000
     1.00000    25.5582    56.4164   -21.0255    1.00000    1.00000
     1.00000   -20.5495   -15.5582    33.4273    1.00000    1.00000
     1.00000   -4.48445   -20.5555   -9.28120    1.00000    1.00000
     1.00000   -26.9969   -34.8343   -14.0500    1.00000    1.00000
     1.00000    24.5548    24.6117   -15.4822    1.00000    1.00000
     1.00000  -10.32770    5.45250    30.2702    1.00000    1.00000
     1.00000    15.9878    5.02943   -16.7124    1.00000    1.00000
     1.00000   -23.5889   -16.4253    14.4362    1.00000    1.00000
     1.00000    19.1395    42.8317   -15.6117    1.00000    1.00000
     1.00000   -2.41089   -19.8450    36.3580    1.00000    1.00000
     1.00000    12.7236   -6.09729   -25.4300    1.00000    1.00000
     1.00000  -10.49631   -25.3913   -12.2034    1.00000    1.00000
     1.00000    5.76213    12.2673   -12.8300    1.00000    1.00000
     1.00000   -19.8934    8.28193    22.0762    1.00000    1.00000
     1.00000    23.3074    6.58560   -2.15947    1.00000    1.00000
     1.00000   -36.4374   -25.5692    1.49417    1.00000    1.00000
     1.00000    41.8499    53.6399   -20.9462    1.00000    1.00000
     1.00000   -19.2320   -17.1236    38.5535    1.00000    1.00000
     1.00000  -0.713516   -16.1667   -12.6406    1.00000    1.00000
     1.00000   -11.9724   -28.0440   -13.5006    1.00000    1.00000
     1.00000    19.0756    31.2008   -1.50008    1.00000    1.00000
     1.00000   -18.5141   -11.8378    15.1607    1.00000    1.00000
     1.00000    13.9469    12.4969   -22.2555    1.00000    1.00000
     1.00000   -25.6136   -24.9067    1.74953    1.00000    1.00000
     1.00000    27.6858    51.5596   -14.6905    1.00000    1.00000
     1.00000   -2.33646   -5.31393    22.0771    1.00000    1.00000
     1.00000   -3.78267   -7.40309   -13.5211    1.00000    1.00000
     1.00000    3.33557   -29.4002   -1.48488    1.00000    1.00000
     1.00000    12.6663    14.2160    2.61787    1.00000    1.00000
     1.00000   -22.4383   -5.20487    19.2902    1.00000    1.00000
     1.00000    17.7107   0.344528   -2.74570    1.00000    1.00000
     1.00000   -25.2195   -20.6393   -7.80341    1.00000    1.00000
     1.00000    29.6205    49.8317   -22.4537    1.00000    1.00000
     1.00000   -22.9703   -18.0847    34.8153    1.00000    1.00000
     1.00000   -6.16783   -17.3310   -17.0921    1.00000    1.00000
     1.00000   -31.8087   -36.5122   -12.9859    1.00000    1.00000
     1.00000    20.2035    35.4515   -11.5231    1.00000    1.00000
     1.00000   -11.9126    3.70126    24.4320    1.00000    1.00000
     1.00000    25.7818    5.02731   -16.1196    1.00000    1.00000
     1.00000   -26.1018   -13.9795    13.2585    1.00000    1.00000
     1.00000    27.7564    38.4117   -21.0193    1.00000    1.00000
     1.00000    3.98445   -15.2825    35.7503    1.00000    1.00000
     1.00000    14.1288   -4.79048   -16.9843    1.00000    1.00000
     1.00000   -12.6036   -24.6403   -1.99668    1.00000    1.00000
     1.00000    12.3054    19.7171   -3.08145    1.00000    1.00000
     1.00000   -31.2295    8.91628    27.7170    1.00000    1.00000
     1.00000    20.4601    6.02504   -6.10396    1.00000    1.00000
     1.00000   -28.5554   -26.7692   -3.78952    1.00000    1.00000
     1.00000    32.1288    57.9793   -23.4518    1.00000    1.00000
     1.00000   -16.3215   -17.7712    37.7695    1.00000    1.00000
     1.00000    1.56592   -16.3974   -3.30042    1.00000    1.00000
     1.00000   -12.0909   -29.4751   -14.8926    1.00000    1.00000
     1.00000    14.4254    25.1492   -5.75591    1.00000    1.00000
     1.00000   -11.3968   -2.46582    21.8488    1.00000    1.00000
     1.00000    11.8610    13.5516   -17.2740    1.00000    1.00000
     1.00000   -17.7103   -22.9950   10.27603    1.00000    1.00000
     1.00000    22.7127    44.8942   -10.5970    1.00000    1.00000
     1.00000    1.64612   -7.81321    30.4438    1.00000    1.00000
     1.00000    4.94154   -3.69195   -20.4759    1.00000    1.00000
     1.00000   -4.90132   -27.1363   -4.21542    1.00000    1.00000
     1.00000    11.9277    12.8253  -0.594086    1.00000    1.00000
     1.00000   -21.5501   -5.95996    22.4299    1.00000    1.00000
     1.00000    16.2071   -6.71941   -4.46284    1.00000    1.00000
     1.00000   -25.1998   -28.8928   -6.77231    1.00000    1.00000
     1.00000    31.1711    57.0125   -21.8552    1.00000    1.00000
     1.00000   -18.4059   -3.82543    36.0325    1.00000    1.00000
     1.00000   -8.86960   -17.5166   -11.8296    1.00000    1.00000
     1.00000   -21.5329   -36.3605   -16.7924    1.00000    1.00000
     1.00000    22.6916    33.8827   -17.3507    1.00000    1.00000
     1.00000   -3.79713    6.74084    25.7404    1.00000    1.00000
     1.00000    20.3950    1.63609   -16.8932    1.00000    1.00000
     1.00000   -26.9220   -9.95104    14.1997    1.00000    1.00000
     1.00000    25.5492    44.1600   -17.6248    1.00000    1.00000
     1.00000   -4.35974   -13.9214    32.9040    1.00000    1.00000
     1.00000    18.6128   -1.58572   -16.8637    1.00000    1.00000
     1.00000   -11.1784   -29.1183    2.04111    1.00000    1.00000
     1.00000   10.45557    15.5399   -4.68300    1.00000    1.00000
     1.00000   -17.3947    9.50309    19.9111    1.00000    1.00000
     1.00000    28.1250    1.71544   0.511200    1.00000    1.00000
     1.00000   -32.2300   -26.6762  -0.854431    1.00000    1.00000
     1.00000    48.5631    50.3928   -11.8190    1.00000    1.00000
     1.00000   -7.69479   -15.1355    39.1632    1.00000    1.00000
     1.00000    4.18146   -16.8792   -12.7159    1.00000    1.00000
     1.00000   -7.47528   -21.1904   -15.8460    1.00000    1.00000
     1.00000    15.2131    29.8917    3.44640    1.00000    1.00000
     1.00000   -16.1180   -15.0374    21.0823    1.00000    1.00000
     1.00000    22.7917    7.23326   -18.8704    1.00000    1.00000
     1.00000   -26.0141   -16.9172    2.00337    1.00000    1.00000
     1.00000    32.8347    44.7684   -7.59207    1.00000    1.00000
     1.00000   -2.29004   -7.20996    29.3505    1.00000    1.00000
     1.00000    4.43887   -7.62746   -20.5936    1.00000    1.00000
     1.00000   -3.61633E-02   -28.3268   -5.38158    1.00000    1.00000
     1.00000    7.06020    15.6999   -1.80530    1.00000    1.00000
     1.00000   -25.0234    3.81226    19.3325    1.00000    1.00000
     1.00000    21.5670    2.02994   -5.15675    1.00000    1.00000
     1.00000   -23.6992   -17.3969   -8.19203    1.00000    1.00000
     1.00000    32.3155    53.6428   -17.3650    1.00000    1.00000
     1.00000   -26.7988   -17.4731    35.9167    1.00000    1.00000
     1.00000   -12.6392   -16.1962   -16.7189    1.00000    1.00000
     1.00000   -34.5423   -35.7165   -16.2558    1.00000    1.00000
     1.00000    18.0785    31.3158   -7.07224    1.00000    1.00000
     1.00000   -9.24857    9.76108    20.1259    1.00000    1.00000
     1.00000    19.8247    3.11019   -20.6514    1.00000    1.00000
     1.00000   -33.9083   -20.4605    15.4827    1.00000    1.00000
     1.00000    31.1825    40.3755   -22.4926    1.00000    1.00000
     1.00000    2.57120   -14.9064    33.2868    1.00000    1.00000
     1.00000    10.7246   -3.76966   -17.4958    1.00000    1.00000
     1.00000   -11.2918   -20.8581   -6.35759    1.00000    1.00000
     1.00000    12.7362    21.6597   -6.17816    1.00000    1.00000
     1.00000   -27.6749    8.40034    17.5749    1.00000    1.00000
     1.00000    16.7567    5.70602  -10.40891    1.00000    1.00000
     1.00000   -33.2239   -30.2340   -2.38728    1.00000    1.00000
     1.00000    29.7280    61.0257   -16.6688    1.00000    1.00000
     1.00000   -15.5459   -24.5133    39.4582    1.00000    1.00000
     1.00000    2.49371   -11.6525   -7.16508    1.00000    1.00000
     1.00000   -22.1232   -33.7972   -17.5117    1.00000    1.00000
     1.00000    15.7203    23.8919  -0.805511    1.00000    1.00000
     1.00000   -13.1753   -8.20473    17.4205    1.00000    1.00000
     1.00000    10.7163    6.40735   -16.9497    1.00000    1.00000
     1.00000   -24.5838   -21.5522    8.32470    1.00000    1.00000
     1.00000    29.0141    46.3431   -17.6486    1.00000    1.00000
     1.00000   -8.01593   -11.9873    24.5857    1.00000    1.00000
     1.00000    11.6818  -0.696991   -20.8538    1.00000    1.00000
     1.00000   -5.04486   -29.8363   -1.65581    1.00000    1.00000
     1.00000    21.0918    13.4421    7.73912    1.00000    1.00000
     1.00000   -20.4035   -13.4522    24.4629    1.00000    1.00000
     1.00000    16.7999   -4.68320    3.30017    1.00000    1.00000
     1.00000   -22.7352   -22.2002   -5.40422    1.00000    1.00000
     1.00000    29.5568    56.9565   -19.0077    1.00000    1.00000
     1.00000   -19.6576   -11.2267    33.0865    1.00000    1.00000
     1.00000   -3.07242   -19.2864   -9.91005    1.00000    1.00000
     1.00000   -26.7661   -32.6665   -9.67118    1.00000    1.00000
     1.00000    22.8454    26.0151   -15.1643    1.00000    1.00000
     1.00000   -8.25594    4.76035    26.9608    1.00000    1.00000
     1.00000    13.9644    6.54596   -19.7251    1.00000    1.00000
     1.00000   -24.2454   -19.7601    16.8413    1.00000    1.00000
     1.00000    20.5757    39.9117   -15.6399    1.00000    1.00000
     1.00000   -4.95143   -14.6950    36.3954    1.00000    1.00000
     1.00000    16.3589   -4.55421   -19.7509    1.00000    1.00000
     1.00000   -11.8650   -25.4092   -6.08761    1.00000    1.00000
     1.00000    11.4827    14.2220   -7.47632    1.00000    1.00000
     1.00000   -23.1866    7.48993    19.6908    1.00000    1.00000
     1.00000    26.0125   0.541779   -2.67596    1.00000    1.00000
     1.00000   -37.4859   -24.8935    7.62054    1.00000    1.00000
     1.00000    40.5068    55.8756   -21.2587    1.00000    1.00000
     1.00000   -16.8742   -14.9423    39.5495    1.00000    1.00000
     1.00000    4.73141   -16.5766   -10.8169    1.00000    1.00000
     1.00000   -4.86746   -26.9999   -16.3628    1.00000    1.00000
     1.00000    17.3584    33.0625    2.36551    1.00000    1.00000
     1.00000   -20.8995   -12.2252    14.3004    1.00000    1.00000
     1.00000    15.7181    13.2423   -21.7011    1.00000    1.00000
     1.00000   -25.2761   -29.2874    2.90962    1.00000    1.00000
     1.00000    29.8947    49.6924   -13.2502    1.00000    1.00000
     1.00000  -0.382614   -8.48463    23.1984    1.00000    1.00000
     1.00000    1.10861   -6.67708   -14.4443    1.00000    1.00000
     1.00000    3.94885   -28.6490   0.264313    1.00000    1.00000
     1.00000    9.73853    16.2377   0.317795    1.00000    1.00000
     1.00000   -22.0273   -2.68053    16.4407    1.00000    1.00000
     1.00000    17.8682   -2.79697   -2.38869    1.00000    1.00000
     1.00000   -21.5218   -23.4181   -8.82677    1.00000    1.00000
     1.00000    30.9199    52.1732   -25.6839    1.00000    1.00000
     1.00000   -19.8576   -16.3339    36.8258    1.00000    1.00000
     1.00000   -3.09129   -17.6652   -15.1659    1.00000    1.00000
     1.00000   -28.1890   -39.8184   -11.4029    1.00000    1.00000
     1.00000    20.1373    32.1312   -12.7454    1.00000    1.00000
     1.00000   -9.20003   -1.69800    22.8881    1.00000    1.00000
     1.00000    22.9030    5.73048   -22.5909    1.00000    1.00000
     1.00000   -28.9563   -13.1458    14.7314    1.00000    1.00000
     1.00000    25.7531    40.1528   -22.8228    1.00000    1.00000
     1.00000  -0.630264   -18.4179    38.8031    1.00000    1.00000
     1.00000    11.8546   -8.86617   -16.1479    1.00000    1.00000
     1.00000   -18.7803   -24.3634   -3.13861    1.00000    1.00000
     1.00000    6.06885    20.5620   -7.22504E-02    1.00000    1.00000
     1.00000   -31.4041    7.40618    24.6825    1.00000    1.00000
     1.00000    15.4317    4.43810   -6.30460    1.00000    1.00000
     1.00000   -27.7617   -24.1689   -2.79465    1.00000    1.00000
     1.00000    33.8198    58.6485   -24.2841    1.00000    1.00000
     1.00000   -13.2078   -20.7401    37.4311    1.00000    1.00000
     1.00000   0.368332   -13.3899   -2.50475    1.00000    1.00000
     1.00000   -20.1728   -31.0518   -18.9047    1.00000    1.00000
     1.00000    18.5029    23.5561   -7.08026    1.00000    1.00000
     1.00000   -12.2830   -4.15991    21.2617    1.00000    1.00000
     1.00000    12.1641    14.3553   -13.8452    1.00000    1.00000
     1.00000   -19.7539   -23.0835    11.3678    1.00000    1.00000
     1.00000    28.3822    47.1887   -14.1427    1.00000    1.00000
     1.00000   -2.87042   -11.2472    28.6453    1.00000    1.00000
     1.00000    5.99763   -1.49732   -23.0572    1.00000    1.00000
     1.00000  -0.156067   -28.2653   0.332520    1.00000    1.00000
     1.00000    16.9522    12.6159   0.838242    1.00000    1.00000
     1.00000   -21.3292   -7.91573    22.7851    1.00000    1.00000
     1.00000    16.1976   -3.74417   -2.94725    1.00000    1.00000
     1.00000   -22.6560   -28.9169   -3.92023    1.00000    1.00000
     1.00000    32.4114    56.2564   -25.9759    1.00000    1.00000
     1.00000   -20.0148   -4.72135    31.4471    1.00000    1.00000
     1.00000   -9.46042   -22.1756   -9.07613    1.00000    1.00000
     1.00000   -25.2460   -35.0442   -14.9935    1.00000    1.00000
     1.00000    25.3973    27.6918   -14.6136    1.00000    1.00000
     1.00000   -4.12210    2.22021    27.2911    1.00000    1.00000
     1.00000    17.2763    1.25102   -15.3009    1.00000    1.00000
     1.00000   -22.5174   -13.1936    14.9680    1.00000    1.00000
     1.00000    24.8058    42.7356   -16.4338    1.00000    1.00000
     1.00000   -2.16634   -13.3342    36.0815    1.00000    1.00000
     1.00000    15.5208   -2.32877   -17.3279    1.00000    1.00000
     1.00000   -9.24005   -27.1428   -3.45830    1.00000    1.00000
     1.00000    14.9171    15.8921   -8.77063    1.00000    1.00000
     1.00000   -16.9133    4.98164    20.2678    1.00000    1.00000
     1.00000    22.9003    4.83832    1.50876    1.00000    1.00000
     1.00000   -33.3081   -23.6412  -0.880920    1.00000    1.00000
     1.00000    41.9328    52.3271   -16.8660    1.00000    1.00000
     1.00000   -10.8171   -11.8821    37.9939    1.00000    1.00000
     1.00000    3.55896   -11.6826   -12.7140    1.00000    1.00000
     1.00000   -1.54359   -25.0844   -15.7064    1.00000    1.00000
     1.00000    13.2201    29.8474    3.60719    1.00000    1.00000
     1.00000   -12.0795   -11.3241    17.5624    1.00000    1.00000
     1.00000    20.2761    9.28815   -17.5783    1.00000    1.00000
     1.00000   -28.8837   -21.3576    2.68037    1.00000    1.00000
     1.00000    28.5130    47.6602   -11.2563    1.00000    1.00000
     1.00000   -9.30453   -7.70153    25.9255    1.00000    1.00000
     1.00000    4.97659   -7.55001   -13.8087    1.00000    1.00000
     1.00000    1.03375   -29.8754   -4.70551    1.00000    1.00000
     1.00000    4.29753    17.9700   -2.48929    1.00000    1.00000
     1.00000   -23.7249   -1.94106    18.7833    1.00000    1.00000
     1.00000    20.9415   -1.27237   -8.64865    1.00000    1.00000
     1.00000   -28.1570   -14.9934   -7.21620    1.00000    1.00000
     1.00000    33.0147    51.8532   -16.8098    1.00000    1.00000
     1.00000   -25.7585   -16.5507    30.9412    1.00000    1.00000
     1.00000   -9.23235   -17.6175   -15.5918    1.00000    1.00000
     1.00000   -36.3907   -33.8953   -17.2335    1.00000    1.00000
     1.00000    22.1420    35.6652   -8.56909    1.00000    1.00000
     1.00000   -6.45558    5.66979    22.5110    1.00000    1.00000
     1.00000    19.0287    2.76546   -23.2761    1.00000    1.00000
     1.00000   -31.6216   -21.7310    11.6718    1.00000    1.00000
     1.00000    31.7469    41.6929   -18.2900    1.00000    1.00000
     1.00000    6.37572   -18.7745    30.4294    1.00000    1.00000
     1.00000   10.34457   -4.93977   -13.7228    1.00000    1.00000
     1.00000   -14.3005   -22.9485   -4.90347    1.00000    1.00000
     1.00000    12.8988    18.6799   -5.02779    1.00000    1.00000
     1.00000   -26.5865    5.08935    22.0459    1.00000    1.00000
     1.00000    16.3139    2.37561   -10.9365    1.00000    1.00000
     1.00000   -29.0702   -29.7796   0.334816    1.00000    1.00000
     1.00000    32.5877    60.5905   -18.3846    1.00000    1.00000
     1.00000   -16.3452   -28.5601    39.6297    1.00000    1.00000
     1.00000   -3.29660   -12.6422   -4.95294    1.00000    1.00000
     1.00000   -22.8624   -28.5202   -14.7950    1.00000    1.00000
     1.00000    17.6404    29.7717   -3.99631    1.00000    1.00000
     1.00000   -13.2773   -6.24252    21.1859    1.00000    1.00000
     1.00000   10.15273    8.98355   -16.3019    1.00000    1.00000
     1.00000   -21.7847   -22.9074    8.54697    1.00000    1.00000
     1.00000    34.5721    42.9267   -18.9564    1.00000    1.00000
     1.00000   -4.29140   -9.29951    25.8833    1.00000    1.00000
     1.00000    8.35510   -3.63201   -22.9950    1.00000    1.00000
     1.00000   -6.34384   -29.1574   -6.00232    1.00000    1.00000
     1.00000    21.9383    11.6216    1.52933    1.00000    1.00000
     1.00000   -18.7175   -13.1690    22.9079    1.00000    1.00000
     1.00000    17.9219   -5.05797    1.68752    1.00000    1.00000
     1.00000   -18.4815   -25.4338   -7.48444    1.00000    1.00000
     1.00000    24.7886    52.5233   -21.1381    1.00000    1.00000
     1.00000   -20.2518   -13.1552    36.2844    1.00000    1.00000
     1.00000   -7.50153   -22.3715   -8.72342    1.00000    1.00000
     1.00000   -28.2920   -33.6356   -12.8724    1.00000    1.00000
     1.00000    22.4233    24.8287   -16.8643    1.00000    1.00000
     1.00000   -8.85271    4.54259    31.2684    1.00000    1.00000
     1.00000    18.3525    5.35454   -20.1277    1.00000    1.00000
     1.00000   -23.8329   -16.4785    11.0683    1.00000    1.00000
     1.00000    18.7698    39.2700   -15.0681    1.00000    1.00000
     1.00000   -5.04967   -15.4838    34.5601    1.00000    1.00000
     1.00000    15.6248   -6.25816   -22.7730    1.00000    1.00000
     1.00000   -9.95813   -24.8518   -8.45199    1.00000    1.00000
     1.00000    9.84308    12.3152   -10.7275    1.00000    1.00000
     1.00000   -21.6797    6.48977    22.4231    1.00000    1.00000
     1.00000    26.4590    5.04449   -5.14488    1.00000    1.00000
     1.00000   -33.6536   -29.8055  -0.481567    1.00000    1.00000
     1.00000    44.8283    53.4029   -21.4338    1.00000    1.00000
     1.00000   -18.7985   -15.4835    39.6129    1.00000    1.00000
     1.00000  -0.170288   -18.0084   -10.9921    1.00000    1.00000
     1.00000   -9.46170   -27.3500   -16.1420    1.00000    1.00000
     1.00000    17.1891    34.2621    5.26276E-02    1.00000    1.00000
     1.00000   -18.5688   -13.0873    16.7215    1.00000    1.00000
     1.00000    12.5958    13.3565   -19.8917    1.00000    1.00000
     1.00000   -25.1574   -25.0667    3.69020    1.00000    1.00000
     1.00000    28.2822    52.6349   -13.1131    1.00000    1.00000
     1.00000   -2.12984   -4.94508    25.6957    1.00000    1.00000
     1.00000   -2.05157   -8.38310   -13.3141    1.00000    1.00000
     1.00000    4.10587   -31.9719   -1.50810    1.00000    1.00000
     1.00000   10.12685    15.5094   -1.50395    1.00000    1.00000
     1.00000   -22.3134   -2.81940    23.5294    1.00000    1.00000
     1.00000    18.5897    2.10739   -3.09171    1.00000    1.00000
     1.00000   -21.9842   -20.2026   -6.76781    1.00000    1.00000
     1.00000    29.8233    52.3134   -20.9249    1.00000    1.00000
     1.00000   -19.4075   -19.8304    31.6824    1.00000    1.00000
     1.00000   -6.34923   -16.4344   -20.0287    1.00000    1.00000
     1.00000   -32.8455   -34.3348   -13.5739    1.00000    1.00000
     1.00000    20.4929    37.9532   -14.3415    1.00000    1.00000
     1.00000   -8.01027    4.01224    23.8124    1.00000    1.00000
     1.00000    24.1701    1.90834   -17.6595    1.00000    1.00000
     1.00000   -29.4518   -12.8052    12.0224    1.00000    1.00000
     1.00000    26.4144    39.7445   -20.3690    1.00000    1.00000
     1.00000    2.12576   -16.1538    35.1203    1.00000    1.00000
     1.00000    12.6736   -4.17671   -18.7505    1.00000    1.00000
     1.00000   -14.6479   -25.2389   0.873283    1.00000    1.00000
     1.00000    10.6724    19.1414   -4.72377    1.00000    1.00000
     1.00000   -30.7672   10.55202    24.2950    1.00000    1.00000
     1.00000    20.1309    5.27635   -2.25989    1.00000    1.00000
     1.00000   -30.4536   -26.8727   -4.41086    1.00000    1.00000
     1.00000    32.9625    59.0590   -19.6151    1.00000    1.00000
     1.00000   -14.5080   -17.8777    38.6061    1.00000    1.00000
     1.00000    2.19197   -14.0782   -3.34338    1.00000    1.00000
     1.00000   -15.3283   -30.8782   -15.8403    1.00000    1.00000
     1.00000    17.2738    26.6294   -6.40291    1.00000    1.00000
     1.00000   -13.6633   -2.45908    17.1046    1.00000    1.00000
     1.00000    12.7989    16.4076   -19.9040    1.00000    1.00000
     1.00000   -15.7394   -22.9064    10.6044    1.00000    1.00000
     1.00000    24.6526    44.4389   -10.7694    1.00000    1.00000
     1.00000  -0.891754   -11.1355    28.3762    1.00000    1.00000
     1.00000    5.43106   -4.98922   -21.9172    1.00000    1.00000
     1.00000  -0.126984   -27.5197   -1.52305    1.00000    1.00000
     1.00000    9.83748    11.1377   -1.89856    1.00000    1.00000
     1.00000   -22.4640   -5.34504    24.8581    1.00000    1.00000
     1.00000    16.7004   -9.18716   -3.80640    1.00000    1.00000
     1.00000   -27.5711   -28.5016   -3.61607    1.00000    1.00000
     1.00000    31.9194    55.9103   -23.3469    1.00000    1.00000
     1.00000   -19.5793   -7.21789    33.5613    1.00000    1.00000
     1.00000   -11.7977   -15.9199   -11.6109    1.00000    1.00000
     1.00000   -21.5471   -38.3249   -18.3974    1.00000    1.00000
     1.00000    22.1780    31.0029   -14.8730    1.00000    1.00000
     1.00000   -5.10222    5.58412    24.7613    1.00000    1.00000
     1.00000    20.5126    1.32310   -13.6909    1.00000    1.00000
     1.00000   -25.6082   -11.7439    14.3748    1.00000    1.00000
     1.00000    23.6499    42.2743   -20.0610    1.00000    1.00000
     1.00000   -4.63216   -12.5555    29.6002    1.00000    1.00000
     1.00000    20.8336   -1.86680   -18.2813    1.00000    1.00000
     1.00000   -13.0131   -26.1396    2.75208    1.00000    1.00000
     1.00000    12.5509    15.2368   -6.12387    1.00000    1.00000
     1.00000   -17.7487    6.78159    20.5175    1.00000    1.00000
     1.00000    25.9557    1.80592   0.715828    1.00000    1.00000
     1.00000   -32.2328   -24.0839   -3.63881    1.00000    1.00000
     1.00000    45.1328    50.8369   -13.1506    1.00000    1.00000
     1.00000   -9.75240   -17.1207    38.7917    1.00000    1.00000
     1.00000    2.58769   -13.8224   -11.9622    1.00000    1.00000
     1.00000   -5.51379   -20.9896   -16.1811    1.00000    1.00000
     1.00000    15.2861    28.1238    4.37866    1.00000    1.00000
     1.00000   -17.9419   -16.0972    18.3859    1.00000    1.00000
     1.00000    24.4639    8.16798   -18.2959    1.00000    1.00000
     1.00000   -29.0565   -18.5133    1.90463    1.00000    1.00000
     1.00000    30.5597    46.5995   -8.84662    1.00000    1.00000
     1.00000   -4.28984   -7.18986    29.3707    1.00000    1.00000
     1.00000    5.23676   -6.56094   -17.5430    1.00000    1.00000
     1.00000    1.86197   -28.5421   -2.52996    1.00000    1.00000
     1.00000    6.89334    12.2535   -1.64540    1.00000    1.00000
     1.00000   -25.7126    1.43166    18.1128    1.00000    1.00000
     1.00000    20.1538   0.753418   -4.54568    1.00000    1.00000
     1.00000   -25.2180   -18.6393   -7.80484    1.00000    1.00000
     1.00000    29.1276    53.6426   -19.6024    1.00000    1.00000
     1.00000   -24.3154   -19.3559    34.0571    1.00000    1.00000
     1.00000   -14.5845   -15.8046   -16.4692    1.00000    1.00000
     1.00000   -34.5675   -34.8099   -14.4732    1.00000    1.00000
     1.00000    20.4958    32.8555   -9.80212    1.00000    1.00000
     1.00000   -9.80513    11.5609    16.7324    1.00000    1.00000
     1.00000    20.3162    5.25244   -20.4931    1.00000    1.00000
     1.00000   -32.5627   -18.1230    14.8648    1.00000    1.00000
     1.00000    32.5445    39.3174   -26.1336    1.00000    1.00000
     1.00000    6.26740   -14.0997    31.8371    1.00000    1.00000
     1.00000    9.73273   -3.20912   -15.8521    1.00000    1.00000
     1.00000   -12.9200   -19.8663   -5.75327    1.00000    1.00000
     1.00000    13.6914    23.9030   -7.13727    1.00000    1.00000
     1.00000   -26.7514    8.07658    20.7860    1.00000    1.00000
     1.00000    17.5729    3.88815   -10.5799    1.00000    1.00000
     1.00000   -34.1773   -32.2914   -3.02882    1.00000    1.00000
     1.00000    27.1182    60.0254   -17.1128    1.00000    1.00000
     1.00000   -13.9941   -23.1618    37.6598    1.00000    1.00000
     1.00000    3.76756   -14.5052   -6.41240    1.00000    1.00000
     1.00000   -19.7114   -30.6809   -13.2274    1.00000    1.00000
     1.00000    15.6224    25.5359   -1.94032    1.00000    1.00000
     1.00000   -10.7177   -9.18978    19.8255    1.00000    1.00000
     1.00000    12.6593    7.05829   -16.5426    1.00000    1.00000
     1.00000   -25.9505   -21.8746    6.90057    1.00000    1.00000
     1.00000    26.5159    48.5081   -15.6380    1.00000    1.00000
     1.00000   -8.24855   -13.1990    23.0116    1.00000    1.00000
     1.00000   10.28937   -1.96862   -21.5202    1.00000    1.00000
     1.00000   -6.95218   -29.6642   -2.73434    1.00000    1.00000
     1.00000    18.3207    13.7446    4.89974    1.00000    1.00000
     1.00000   -21.4450   -11.7667    24.1902    1.00000    1.00000
     1.00000    17.8932   -3.29150    4.23179    1.00000    1.00000
     1.00000   -25.1213   -24.5789   -4.60182    1.00000    1.00000
     1.00000    26.9546    56.6021   -19.6059    1.00000    1.00000
     1.00000   -20.1082   -6.74792    31.6907    1.00000    1.00000
     1.00000   -1.41924   -16.0591   -9.72867    1.00000    1.00000
     1.00000   -27.9929   -31.3793   -12.9796    1.00000    1.00000
     1.00000    22.4367    25.9009   -13.2098    1.00000    1.00000
     1.00000   -8.58284    5.39973    29.2942    1.00000    1.00000
     1.00000    15.1364    5.55200   -18.4451    1.00000    1.00000
     1.00000   -25.4152   -19.6105    15.2259    1.00000    1.00000
     1.00000    22.0964    38.6650   -10.8139    1.00000    1.00000
     1.00000   -8.72807   -14.6848    37.1106    1.00000    1.00000
     1.00000    17.4417   -4.16542   -23.5538    1.00000    1.00000
     1.00000   -9.18811   -26.1780   -5.20943    1.00000    1.00000
     1.00000    11.8933    14.1335   -11.2697    1.00000    1.00000
     1.00000   -24.5594    8.94400    19.6586    1.00000    1.00000
     1.00000    25.3524    3.77379   -2.39626    1.00000    1.00000
     1.00000   -35.3527   -25.9399    3.13309    1.00000    1.00000
     1.00000    37.7074    57.8321   -21.1686    1.00000    1.00000
     1.00000   -14.1353   -15.8075    34.7075    1.00000    1.00000
     1.00000    1.55272   -15.2969  -10.01198    1.00000    1.00000
     1.00000   -5.11813   -25.7894   -14.6995    1.00000    1.00000
     1.00000    18.0584    32.1136    4.92851    1.00000    1.00000
     1.00000   -20.9230   -12.4568    16.2868    1.00000    1.00000
     1.00000    17.6495    13.5972   -21.3221    1.00000    1.00000
     1.00000   -22.3255   -28.6667    2.08073    1.00000    1.00000
     1.00000    30.8079    51.1126   -14.3221    1.00000    1.00000
     1.00000   -1.55908   -6.85236    26.2477    1.00000    1.00000
     1.00000    3.00905   -6.67142   -15.0674    1.00000    1.00000
     1.00000    5.03606   -26.1282   -1.96946    1.00000    1.00000
     1.00000    8.34552    12.6019  -0.315063    1.00000    1.00000
     1.00000   -25.1956   -4.29211    18.8383    1.00000    1.00000
     1.00000    18.3561   -3.02429   -4.65701    1.00000    1.00000
     1.00000   -21.1524   -22.4665   -11.7704    1.00000    1.00000
     1.00000    28.6359    51.3167   -23.3622    1.00000    1.00000
     1.00000   -22.3523   -16.4776    33.7978    1.00000    1.00000
     1.00000   -4.84529   -18.5633   -14.8240    1.00000    1.00000
     1.00000   -29.7511   -38.4069   -13.2261    1.00000    1.00000
     1.00000    20.7649    34.0290   -12.8120    1.00000    1.00000
     1.00000   -10.8940   0.462669    23.3297    1.00000    1.00000
     1.00000    25.0454    6.73434   -19.5634    1.00000    1.00000
     1.00000   -29.7364   -15.2096    12.4996    1.00000    1.00000
     1.00000    27.2720    41.3252   -22.2585    1.00000    1.00000
     1.00000   0.750610   -17.1107    36.2127    1.00000    1.00000
     1.00000   10.49426   -8.03885   -18.1339    1.00000    1.00000
     1.00000   -16.4606   -27.0614   -1.34709    1.00000    1.00000
     1.00000    8.71733    20.9347   -1.96979    1.00000    1.00000
     1.00000   -30.2459    8.43695    21.7814    1.00000    1.00000
     1.00000    18.7059    5.33690   -5.43372    1.00000    1.00000
     1.00000   -28.2478   -25.2009    1.99712    1.00000    1.00000
     1.00000    37.1783    59.6276   -22.0798    1.00000    1.00000
     1.00000   -13.8420   -21.2233    39.2653    1.00000    1.00000
     1.00000    1.20303   -11.6091   -2.14151    1.00000    1.00000
     1.00000   -18.5710   -30.9713   -17.7099    1.00000    1.00000
     1.00000    17.6981    25.4265   -3.67754    1.00000    1.00000
     1.00000   -9.82465   -5.99491    25.0217    1.00000    1.00000
     1.00000    11.8600    17.2496   -13.0864    1.00000    1.00000
     1.00000   -21.2853   -20.3606    13.2701    1.00000    1.00000
     1.00000    25.7937    46.0370   -13.2735    1.00000    1.00000
     1.00000   -2.17094   -8.23421    31.0642    1.00000    1.00000
     1.00000    6.72249   0.117554   -23.9882    1.00000    1.00000
     1.00000    2.16917   -27.9041    3.24525    1.00000    1.00000
     1.00000    15.5575    11.3788   0.114105    1.00000    1.00000
     1.00000   -23.5309   -8.50933    22.6864    1.00000    1.00000
     1.00000    11.1499   -2.09738   -4.21704    1.00000    1.00000
     1.00000   -23.6898   -26.4941   -2.37173    1.00000    1.00000
     1.00000    34.0338    54.7579   -28.3387    1.00000    1.00000
     1.00000   -20.6092   -4.83236    33.7772    1.00000    1.00000
     1.00000   -9.59186   -20.1189   -11.3421    1.00000    1.00000
     1.00000   -25.8241   -36.1296   -18.0702    1.00000    1.00000
     1.00000    25.0719    29.1938   -13.3338    1.00000    1.00000
     1.00000   -5.81224    4.36736    27.0587    1.00000    1.00000
     1.00000    15.7960    2.36011   -14.5402    1.00000    1.00000
     1.00000   -23.5948   -16.0720    16.9029    1.00000    1.00000
     1.00000    20.7479    40.3370   -17.5865    1.00000    1.00000
     1.00000   -4.02065   -13.7951    34.8710    1.00000    1.00000
     1.00000    17.6120  -0.189285   -20.4583    1.00000    1.00000
     1.00000  -10.52960   -26.0910   -2.34891    1.00000    1.00000
     1.00000    11.3116    15.9384   -8.61189    1.00000    1.00000
     1.00000   -17.3923    5.41302    17.2661    1.00000    1.00000
     1.00000    25.3734    5.21964    3.51614    1.00000    1.00000
     1.00000   -35.1226   -23.7305   -1.71741    1.00000    1.00000
     1.00000    43.5965    52.6613   -15.8074    1.00000    1.00000
     1.00000   -12.4871   -15.8179    39.0692    1.00000    1.00000
     1.00000    2.77020  -10.05234   -13.5627    1.00000    1.00000
     1.00000   -1.77530   -21.7334   -15.9867    1.00000    1.00000
     1.00000    11.1197    28.0313    1.43719    1.00000    1.00000
     1.00000   -14.4617   -12.6425    19.6030    1.00000    1.00000
     1.00000    19.0196    10.7582   -19.4419    1.00000    1.00000
     1.00000   -26.6216   -23.3361    2.46881    1.00000    1.00000
     1.00000    32.0291    46.0689   -11.1753    1.00000    1.00000
