     1.00000   -41.6635   -6.56666   -8.21430    1.00000    1.00000
     1.00000    24.2517    49.9529   -15.4768    1.00000    1.00000
     1.00000   -33.1981   -43.9468   -17.7861    1.00000    1.00000
     1.00000    19.8038    59.8927    21.6210    1.00000    1.00000
     1.00000   -8.76511   -1.33598    22.2013    1.00000    1.00000
     1.00000    3.94679   -6.77016   -13.3309    1.00000    1.00000
     1.00000   -27.1188   -28.7607   -9.10669    1.00000    1.00000
     1.00000    34.4081    24.1869  -0.348007    1.00000    1.00000
     1.00000   -13.9529   -11.5081  -0.866165    1.00000    1.00000
     1.00000    28.3539    15.3643    4.43949    1.00000    1.00000
     1.00000   -16.5759   -53.4651   -2.87897    1.00000    1.00000
     1.00000    14.5238    23.5802    21.3227    1.00000    1.00000
     1.00000   -3.17490   -15.3831   10.24432    1.00000    1.00000
     1.00000    22.0943    2.38310   -4.52425    1.00000    1.00000
     1.00000   -41.0932   -43.7109   -7.74667    1.00000    1.00000
     1.00000    37.5937    40.1771    8.36472    1.00000    1.00000
     1.00000   -25.2609   -5.13192    1.74837    1.00000    1.00000
     1.00000    22.2256    43.8888   -15.4806    1.00000    1.00000
     1.00000   -24.3422   -43.3976   -7.26595    1.00000    1.00000
     1.00000    16.8484    50.5395    17.7670    1.00000    1.00000
     1.00000   -13.3960  -0.833130    12.5753    1.00000    1.00000
     1.00000    2.93423   -15.4184   -11.4613    1.00000    1.00000
     1.00000   -26.9922   -24.4518    3.98981    1.00000    1.00000
     1.00000    24.1183    39.9257    7.03487    1.00000    1.00000
     1.00000   -5.45001   -12.7889   -12.1616    1.00000    1.00000
     1.00000    28.6990    12.5566  -0.856743    1.00000    1.00000
     1.00000   -27.3051   -44.5424    5.27219    1.00000    1.00000
     1.00000    24.4172    30.8641    14.1664    1.00000    1.00000
     1.00000   -13.1481  -10.18309    4.11956    1.00000    1.00000
     1.00000    14.8996   -5.53056   -3.96915    1.00000    1.00000
     1.00000   -33.1609   -18.2218   -25.1762    1.00000    1.00000
     1.00000    34.2492    43.1145    14.3524    1.00000    1.00000
     1.00000   -31.6660   -4.51369   -7.48365    1.00000    1.00000
     1.00000    14.4795    52.8820   -19.6298    1.00000    1.00000
     1.00000   -26.2072   -49.7745   -10.7674    1.00000    1.00000
     1.00000    14.3703    53.2461    15.0515    1.00000    1.00000
     1.00000   -15.6619   -1.70584    12.5427    1.00000    1.00000
     1.00000    3.63298   -12.8783   -12.5922    1.00000    1.00000
     1.00000   -24.3315   -24.7388   -4.56030    1.00000    1.00000
     1.00000    32.0528    32.9739   -2.36609    1.00000    1.00000
     1.00000   -13.4857   -12.9208    2.98114    1.00000    1.00000
     1.00000    21.4062    9.21651   -1.71830    1.00000    1.00000
     1.00000   -13.2767   -59.9075    9.60369    1.00000    1.00000
     1.00000    13.5122    18.3899    16.5363    1.00000    1.00000
     1.00000   -14.0482   -7.74062    11.9937    1.00000    1.00000
     1.00000    20.8845   0.261917   -6.94244    1.00000    1.00000
     1.00000   -35.7292   -29.7996   -12.5213    1.00000    1.00000
     1.00000    34.3833    38.1834    3.74603E-02    1.00000    1.00000
     1.00000   -29.4632   -12.4763   -1.94209    1.00000    1.00000
     1.00000    24.9547    35.3830   -14.1626    1.00000    1.00000
     1.00000   -21.0641   -53.4763   -7.76595    1.00000    1.00000
     1.00000    19.8793    46.0158    20.4883    1.00000    1.00000
     1.00000   -14.5237    5.64671    8.03535    1.00000    1.00000
     1.00000    2.28235   -22.6439   -9.14967    1.00000    1.00000
     1.00000   -28.9631   -21.0346    1.77602    1.00000    1.00000
     1.00000    25.5492    28.5013    7.96842    1.00000    1.00000
     1.00000   -2.68430   -26.6515   -12.9084    1.00000    1.00000
     1.00000    35.7387    12.1935    3.62600    1.00000    1.00000
     1.00000   -32.3256   -46.1032    11.0342    1.00000    1.00000
     1.00000    25.7907    25.9422    24.4316    1.00000    1.00000
     1.00000   -9.53242   -10.6025   -2.34866    1.00000    1.00000
     1.00000    13.2879   -4.06985   -9.90479    1.00000    1.00000
     1.00000   -36.7686   -26.6329   -19.5061    1.00000    1.00000
     1.00000    36.2582    39.3910    21.7477    1.00000    1.00000
     1.00000   -42.5082    2.89149   -12.7068    1.00000    1.00000
     1.00000    28.3044    52.5281   -19.9903    1.00000    1.00000
     1.00000   -31.9403   -47.7441   -9.94346    1.00000    1.00000
     1.00000    15.3863    57.8498    29.7302    1.00000    1.00000
     1.00000   -4.18958   -10.9526    20.9725    1.00000    1.00000
     1.00000    3.06793   -14.6085   -16.0613    1.00000    1.00000
     1.00000   -35.1034   -29.7374   -9.79179    1.00000    1.00000
     1.00000    24.6742    22.6719   0.787758    1.00000    1.00000
     1.00000   -12.3997   -10.6216   -3.91264    1.00000    1.00000
     1.00000    25.3340    22.7134   -1.99599    1.00000    1.00000
     1.00000   -21.4475   -55.5265    2.93923    1.00000    1.00000
     1.00000    12.4782    24.6536    20.7954    1.00000    1.00000
     1.00000   -4.12573   -18.3231    7.07381    1.00000    1.00000
     1.00000    22.3224    8.51462   -6.12302    1.00000    1.00000
     1.00000   -33.8823   -43.2181   -5.84651    1.00000    1.00000
     1.00000    40.4598    46.5300    6.91048    1.00000    1.00000
     1.00000   -23.6694   -1.63575    5.19990    1.00000    1.00000
     1.00000    17.1886    40.3937   -18.2643    1.00000    1.00000
     1.00000   -24.2523   -48.3823   -8.28080    1.00000    1.00000
     1.00000    15.0204    39.5227    19.6472    1.00000    1.00000
     1.00000   -16.2829    1.69818    16.8752    1.00000    1.00000
     1.00000   0.461182   -14.6262   -9.31236    1.00000    1.00000
     1.00000   -31.4868   -26.8430   -3.89339    1.00000    1.00000
     1.00000    26.6002    40.5725    12.4484    1.00000    1.00000
     1.00000   -1.60382   -15.6804   -8.73238    1.00000    1.00000
     1.00000    36.1776    8.42297   -6.48440    1.00000    1.00000
     1.00000   -29.9083   -48.1129    3.52259    1.00000    1.00000
     1.00000    18.6443    31.9859    22.0353    1.00000    1.00000
     1.00000   -14.6327   -1.61401    5.50819    1.00000    1.00000
     1.00000    17.8658   -5.81264   -5.76498    1.00000    1.00000
     1.00000   -36.8269   -23.4425   -22.4279    1.00000    1.00000
     1.00000    36.4529    44.7130    20.5668    1.00000    1.00000
     1.00000   -34.8572  -0.664566  -0.390938    1.00000    1.00000
     1.00000    23.5543    53.5942   -19.9208    1.00000    1.00000
     1.00000   -17.9258   -43.9645   -11.9641    1.00000    1.00000
     1.00000    19.1631    57.3968    19.1797    1.00000    1.00000
     1.00000   -7.63876   -3.50928    20.6790    1.00000    1.00000
     1.00000    3.51857   -6.24119   -9.82128    1.00000    1.00000
     1.00000   -28.8429   -27.3078   -5.48731    1.00000    1.00000
     1.00000    27.4830    34.6680   -1.36317    1.00000    1.00000
     1.00000   -20.9387   -13.4135    2.56825    1.00000    1.00000
     1.00000    24.8992    14.8010   -4.22810    1.00000    1.00000
     1.00000   -14.2550   -54.6702    8.95220    1.00000    1.00000
     1.00000    24.8752    18.8914    12.2200    1.00000    1.00000
     1.00000   -9.70645   -11.2073   10.00858    1.00000    1.00000
     1.00000    26.2061    4.60418   -10.6177    1.00000    1.00000
     1.00000   -40.6782   -36.8266  -10.31097    1.00000    1.00000
     1.00000    36.7316    36.3713    2.53687    1.00000    1.00000
     1.00000   -27.1545   -8.63815   -5.86720    1.00000    1.00000
     1.00000    26.5379    25.3237   -4.31106    1.00000    1.00000
     1.00000   -26.2568   -58.1931   -7.81213    1.00000    1.00000
     1.00000    24.1924    39.8736    22.3888    1.00000    1.00000
     1.00000   -8.13062    5.01807   10.27764    1.00000    1.00000
     1.00000    4.77325   -27.1049   -12.3805    1.00000    1.00000
     1.00000   -28.0294   -19.9368    3.16278    1.00000    1.00000
     1.00000    25.4430    36.5995  -0.271637    1.00000    1.00000
     1.00000   -3.66360   -22.3766   -14.9659    1.00000    1.00000
     1.00000    37.5244    8.18627   -2.62141    1.00000    1.00000
     1.00000   -25.6736   -52.2488    4.67749    1.00000    1.00000
     1.00000    23.8529    26.7674    14.4940    1.00000    1.00000
     1.00000   -5.07687   -4.18994    1.90786    1.00000    1.00000
     1.00000    8.32990   -10.8590   -19.0712    1.00000    1.00000
     1.00000   -35.0648   -26.3814   -20.5230    1.00000    1.00000
     1.00000    41.2687    40.6618    20.4524    1.00000    1.00000
     1.00000   -39.3306   0.481422   -10.7995    1.00000    1.00000
     1.00000    23.1751    48.4132   -14.7908    1.00000    1.00000
     1.00000   -32.8965   -46.8902   -20.2965    1.00000    1.00000
     1.00000    14.1747    58.4792    21.6873    1.00000    1.00000
     1.00000   -4.49512   -5.61179    22.4120    1.00000    1.00000
     1.00000    4.34338   -7.04582   -15.2717    1.00000    1.00000
     1.00000   -28.6014   -30.7324   -15.3582    1.00000    1.00000
     1.00000    32.1695    21.8981    1.69055    1.00000    1.00000
     1.00000   -17.3575   -11.9245   -1.37826    1.00000    1.00000
     1.00000    26.4608    14.5281   0.430641    1.00000    1.00000
     1.00000   -18.9818   -58.3897  -0.522751    1.00000    1.00000
     1.00000    15.8517    19.1281    18.8191    1.00000    1.00000
     1.00000   -3.73181  -10.35073    6.93385    1.00000    1.00000
     1.00000    21.9913    3.81721  -0.618141    1.00000    1.00000
     1.00000   -36.8365   -42.2533   -12.0221    1.00000    1.00000
     1.00000    37.6479    44.0284    8.62917    1.00000    1.00000
     1.00000   -24.7408   -9.09510   -9.80911E-02    1.00000    1.00000
     1.00000    21.8831    45.0332   -11.8889    1.00000    1.00000
     1.00000   -25.0122   -46.4575   -11.2397    1.00000    1.00000
     1.00000    17.3620    45.1871    17.8295    1.00000    1.00000
     1.00000   -11.3483   0.283432    16.0493    1.00000    1.00000
     1.00000    4.99100   -17.9095   -12.2392    1.00000    1.00000
     1.00000   -29.1988   -28.1885    1.89388    1.00000    1.00000
     1.00000    23.4151    38.6675    3.42362    1.00000    1.00000
     1.00000   -4.65778   -16.1087   -12.4424    1.00000    1.00000
     1.00000    30.0443    6.05003   -2.64582    1.00000    1.00000
     1.00000   -25.9747   -49.8560    5.83562    1.00000    1.00000
     1.00000    22.2616    32.0947    17.9344    1.00000    1.00000
     1.00000   -7.76236   -5.94624    5.56475    1.00000    1.00000
     1.00000    14.0721   -7.29912   -4.40215    1.00000    1.00000
     1.00000   -37.4363   -21.9586   -28.0649    1.00000    1.00000
     1.00000    36.2487    47.2594    12.9052    1.00000    1.00000
     1.00000   -35.1022   -2.66611   -8.57738    1.00000    1.00000
     1.00000    18.0124    54.2865   -20.1278    1.00000    1.00000
     1.00000   -29.0022   -46.8244  -10.55223    1.00000    1.00000
     1.00000    15.1688    50.3464    13.6059    1.00000    1.00000
     1.00000   -13.9138   -6.19569    13.2567    1.00000    1.00000
     1.00000    5.05081   -13.9705   -15.3299    1.00000    1.00000
     1.00000   -26.9962   -27.8333   -6.63230    1.00000    1.00000
     1.00000    33.0490    31.4545   -6.27899E-03    1.00000    1.00000
     1.00000   -14.8276   -14.9286    2.37075    1.00000    1.00000
     1.00000    19.9492    8.54317   -3.27872    1.00000    1.00000
     1.00000   -14.0954   -59.6723    7.79418    1.00000    1.00000
     1.00000    19.0346    17.7597    15.5443    1.00000    1.00000
     1.00000   -11.5819   -11.2600    8.70821    1.00000    1.00000
     1.00000    14.9649   0.292770   -6.80531    1.00000    1.00000
     1.00000   -35.8448   -33.1766   -13.7151    1.00000    1.00000
     1.00000    32.7029    38.5313  -0.989891    1.00000    1.00000
     1.00000   -29.5192   -15.4210   -2.80515    1.00000    1.00000
     1.00000    22.8467    36.2367   -13.5415    1.00000    1.00000
     1.00000   -22.7905   -55.8793   -9.11597    1.00000    1.00000
     1.00000    22.1751    43.2346    21.5426    1.00000    1.00000
     1.00000   -13.8805    1.62901    11.3207    1.00000    1.00000
     1.00000    4.22916   -20.9000   -12.6170    1.00000    1.00000
     1.00000   -28.6416   -19.9926   -2.68193    1.00000    1.00000
     1.00000    24.2161    31.4958    2.72459    1.00000    1.00000
     1.00000   -1.17924   -26.9620   -8.03727    1.00000    1.00000
     1.00000    33.3578    10.7417    3.33259    1.00000    1.00000
     1.00000   -27.8891   -51.4095    9.61625    1.00000    1.00000
     1.00000    24.9491    26.8744    20.7682    1.00000    1.00000
     1.00000   -7.47768   -8.05010   0.401787    1.00000    1.00000
     1.00000    10.9010   -3.87467   -12.8803    1.00000    1.00000
     1.00000   -39.2002   -24.8304   -25.4941    1.00000    1.00000
     1.00000    41.0696    40.3223    23.2323    1.00000    1.00000
     1.00000   -38.6243    5.49123   -14.5260    1.00000    1.00000
     1.00000    26.4687    52.2034   -19.1171    1.00000    1.00000
     1.00000   -34.0790   -47.8542   -12.2986    1.00000    1.00000
     1.00000    14.6266    60.8408    25.5224    1.00000    1.00000
     1.00000   -4.49895   -7.69588    25.7083    1.00000    1.00000
     1.00000    3.69073   -12.0843   -17.4671    1.00000    1.00000
     1.00000   -33.6753   -29.4583   -12.9936    1.00000    1.00000
     1.00000    27.4624    22.3507    1.39521    1.00000    1.00000
     1.00000   -8.54530   -16.7962   -1.87682    1.00000    1.00000
     1.00000    27.8074    17.1757  -0.395592    1.00000    1.00000
     1.00000   -19.8383   -51.9510    3.59064    1.00000    1.00000
     1.00000    18.7717    28.1944    20.6237    1.00000    1.00000
     1.00000   -4.81226   -14.2522    8.90667    1.00000    1.00000
     1.00000    21.9069   10.46998   -6.18571    1.00000    1.00000
     1.00000   -39.9398   -38.9131   -8.57367    1.00000    1.00000
     1.00000    37.3055    45.7137    9.65020    1.00000    1.00000
     1.00000   -26.2955   0.372185    4.30382    1.00000    1.00000
     1.00000    16.4637    42.8037   -19.3945    1.00000    1.00000
     1.00000   -20.2723   -53.5126   -13.2541    1.00000    1.00000
     1.00000    17.5633    41.3814    14.5950    1.00000    1.00000
     1.00000   -16.6969    4.31045    14.6660    1.00000    1.00000
     1.00000   -1.48929   -14.2662   -2.41434    1.00000    1.00000
     1.00000   -30.6311   -26.7897    2.91187    1.00000    1.00000
     1.00000    24.4849    41.3418    12.2821    1.00000    1.00000
     1.00000   -4.48773   -16.3655   -5.34429    1.00000    1.00000
     1.00000    34.5867    7.69138   -5.51803    1.00000    1.00000
     1.00000   -32.8793   -51.0592    4.98235    1.00000    1.00000
     1.00000    24.7612    30.2210    20.1174    1.00000    1.00000
     1.00000   -11.0101  -0.427750    6.07240    1.00000    1.00000
     1.00000    14.8597   -5.56903   -8.20155    1.00000    1.00000
     1.00000   -38.1930   -19.9446   -25.2488    1.00000    1.00000
     1.00000    33.3409    42.1325    17.9564    1.00000    1.00000
     1.00000   -33.5544   -1.57049   -1.60825    1.00000    1.00000
     1.00000    21.7428    51.7536   -18.8070    1.00000    1.00000
     1.00000   -14.7591   -42.1099  -10.00145    1.00000    1.00000
     1.00000    16.5131    55.1791    16.3336    1.00000    1.00000
     1.00000  -10.25763   -5.40792    15.2626    1.00000    1.00000
     1.00000    4.16153   -9.88860   -11.1921    1.00000    1.00000
     1.00000   -32.9901   -33.6883   -8.79977    1.00000    1.00000
     1.00000    28.0348    30.3992   -1.50407    1.00000    1.00000
     1.00000   -21.5510   -9.10439    3.60546    1.00000    1.00000
     1.00000    25.6635    11.7053   -5.46516    1.00000    1.00000
     1.00000   -17.4768   -60.2610    12.7045    1.00000    1.00000
     1.00000    17.5645    19.4250    14.8886    1.00000    1.00000
     1.00000   -9.61777   -13.9012   10.16744    1.00000    1.00000
     1.00000    23.2423    3.24883   -7.00787    1.00000    1.00000
     1.00000   -42.0928   -35.4138  -10.25688    1.00000    1.00000
     1.00000    37.3422    40.8044   -2.64047    1.00000    1.00000
     1.00000   -29.0212   -8.09627   -6.33824    1.00000    1.00000
     1.00000    23.1629    30.3450   -9.77836    1.00000    1.00000
     1.00000   -22.7817   -59.0977   -6.54015    1.00000    1.00000
     1.00000    22.1548    36.6687    23.4838    1.00000    1.00000
     1.00000   -11.4918    7.80527    12.7927    1.00000    1.00000
     1.00000    6.30777   -23.8613   -11.0144    1.00000    1.00000
     1.00000   -28.5453   -18.0082    3.28271    1.00000    1.00000
     1.00000    23.4408    33.1028    1.82103    1.00000    1.00000
     1.00000   -4.57207   -19.3133   -10.7230    1.00000    1.00000
     1.00000    40.3703    8.97010   -4.93007    1.00000    1.00000
     1.00000   -27.3996   -53.2492    4.53496    1.00000    1.00000
     1.00000    22.1639    27.4422   10.40234    1.00000    1.00000
     1.00000   -1.83754   -1.52950    6.97547    1.00000    1.00000
     1.00000    8.47440   -4.59862   -13.2190    1.00000    1.00000
     1.00000   -34.7958   -29.4127   -21.4382    1.00000    1.00000
     1.00000    38.3651    43.1023    15.9388    1.00000    1.00000
     1.00000   -40.2101   -3.37623   -8.71361    1.00000    1.00000
     1.00000    23.9278    52.0559   -16.2264    1.00000    1.00000
     1.00000   -31.3537   -45.5615   -13.4907    1.00000    1.00000
     1.00000    21.2458    58.5086    21.6902    1.00000    1.00000
     1.00000   -6.82535   -1.22979    21.7258    1.00000    1.00000
     1.00000    7.96912   -9.22841   -11.6253    1.00000    1.00000
     1.00000   -27.5720   -29.9014   -12.5293    1.00000    1.00000
     1.00000    33.3387    23.8455   -2.00327    1.00000    1.00000
     1.00000   -13.3666   -9.24724   -2.19907    1.00000    1.00000
     1.00000    29.9198    14.3748    3.68538    1.00000    1.00000
     1.00000   -18.1010   -53.4376   -1.58543    1.00000    1.00000
     1.00000    14.1375    22.8048    23.1254    1.00000    1.00000
     1.00000   -1.67270   -11.6583    9.40888    1.00000    1.00000
     1.00000    23.4792    5.16144   -5.09723    1.00000    1.00000
     1.00000   -37.9507   -43.3763   -9.74738    1.00000    1.00000
     1.00000    39.0097    35.6409    5.72121    1.00000    1.00000
     1.00000   -23.9383   -6.37160    2.59333    1.00000    1.00000
     1.00000    23.9600    47.3983   -18.4980    1.00000    1.00000
     1.00000   -25.4713   -47.7127   -6.79958    1.00000    1.00000
     1.00000    17.2669    47.6965    18.4887    1.00000    1.00000
     1.00000   -14.3089   -1.19546   10.21830    1.00000    1.00000
     1.00000    1.39938   -16.9550   -9.66389    1.00000    1.00000
     1.00000   -28.2187   -22.4402    6.94061    1.00000    1.00000
     1.00000    25.9409    37.4814    7.34647    1.00000    1.00000
     1.00000   -8.84167   -10.9903   -12.2059    1.00000    1.00000
     1.00000    29.9560    9.65445   -3.29069    1.00000    1.00000
     1.00000   -25.7205   -44.6829    2.75083    1.00000    1.00000
     1.00000    23.4673    29.1040    14.1626    1.00000    1.00000
     1.00000   -11.7806   -7.66093    5.07636    1.00000    1.00000
     1.00000    14.5239   -1.22691   -5.58213    1.00000    1.00000
     1.00000   -35.1027   -20.2806   -27.5634    1.00000    1.00000
     1.00000    35.3938    46.2590    16.1407    1.00000    1.00000
     1.00000   -33.2095   -2.04843   -5.73616    1.00000    1.00000
     1.00000    17.1960    55.7218   -18.6839    1.00000    1.00000
     1.00000   -21.5525   -48.1756   -13.4995    1.00000    1.00000
     1.00000    16.3727    52.2028    14.3407    1.00000    1.00000
     1.00000   -17.5273   -2.42590    12.5857    1.00000    1.00000
     1.00000    1.48703   -12.4912   -9.59356    1.00000    1.00000
     1.00000   -25.6762   -25.9635   -3.72840    1.00000    1.00000
     1.00000    30.4750    33.1685   -3.57960    1.00000    1.00000
     1.00000   -13.4364   -11.0302    2.33082    1.00000    1.00000
     1.00000    22.8881    13.3461   -4.27305    1.00000    1.00000
     1.00000   -11.6940   -58.7810    9.12811    1.00000    1.00000
     1.00000    13.5726    19.0235    14.6402    1.00000    1.00000
     1.00000   -10.8008   -9.35089    9.62432    1.00000    1.00000
     1.00000    22.1795   -1.93605   -7.62678    1.00000    1.00000
     1.00000   -35.1576   -30.2460   -15.9850    1.00000    1.00000
     1.00000    34.5188    39.3723    2.83480    1.00000    1.00000
     1.00000   -30.9309   -13.7257   -2.47580    1.00000    1.00000
     1.00000    23.1241    35.2113   -11.8469    1.00000    1.00000
     1.00000   -20.6884   -53.1940   -9.70995    1.00000    1.00000
     1.00000    17.6441    44.6695    21.2965    1.00000    1.00000
     1.00000   -12.9707    5.65271    9.29562    1.00000    1.00000
     1.00000    3.62683   -23.9682   -13.1697    1.00000    1.00000
     1.00000   -28.8305   -22.4458    3.18701    1.00000    1.00000
     1.00000    24.8773    29.5813    6.42495    1.00000    1.00000
     1.00000   -1.16522   -25.6200   -9.75409    1.00000    1.00000
     1.00000    32.3842    14.1986    4.26881    1.00000    1.00000
     1.00000   -29.4054   -46.3417    10.7058    1.00000    1.00000
     1.00000    23.1413    28.0949    20.8596    1.00000    1.00000
     1.00000   -7.41252   -11.6855   -3.87457    1.00000    1.00000
     1.00000    9.39951   -4.28748   -9.61512    1.00000    1.00000
     1.00000   -36.0100   -28.1133   -18.3957    1.00000    1.00000
     1.00000    36.0474    41.2754    21.1117    1.00000    1.00000
     1.00000   -39.0589    3.04134   -12.3749    1.00000    1.00000
     1.00000    27.9849    50.9312   -18.8294    1.00000    1.00000
     1.00000   -30.2916   -48.3069   -10.9258    1.00000    1.00000
     1.00000    17.0880    59.4931    26.6668    1.00000    1.00000
     1.00000   -2.41824   -11.2375    21.8564    1.00000    1.00000
     1.00000    2.97562   -13.8945   -17.9273    1.00000    1.00000
     1.00000   -35.6086   -28.2525   -11.2595    1.00000    1.00000
     1.00000    26.9084    24.1337    2.11232    1.00000    1.00000
     1.00000   -9.90852   -15.7191   -2.86755    1.00000    1.00000
     1.00000    25.4350    21.3655  -0.521919    1.00000    1.00000
     1.00000   -17.7565   -55.9676    6.26301    1.00000    1.00000
     1.00000    14.1625    27.8129    19.1321    1.00000    1.00000
     1.00000   -3.25697   -19.1667   10.38828    1.00000    1.00000
     1.00000    22.8039    9.26128   -4.33121    1.00000    1.00000
     1.00000   -36.4874   -41.2820   -6.74729    1.00000    1.00000
     1.00000    38.3350    48.0796    9.85369    1.00000    1.00000
     1.00000   -22.5270   -2.01787    3.60338    1.00000    1.00000
     1.00000    20.1099    41.2889   -14.5226    1.00000    1.00000
     1.00000   -20.9161   -51.1032   -10.7408    1.00000    1.00000
     1.00000    16.1744    40.4047    18.1584    1.00000    1.00000
     1.00000   -16.6168    3.65968    17.0776    1.00000    1.00000
     1.00000    1.99492   -15.5264   -8.39729    1.00000    1.00000
     1.00000   -29.2031   -29.9414   -3.06751    1.00000    1.00000
     1.00000    21.9225    38.5651   10.28291    1.00000    1.00000
     1.00000   -4.39090   -17.0259   -8.51393    1.00000    1.00000
     1.00000    36.7244    11.6915   -3.51470    1.00000    1.00000
     1.00000   -28.5002   -46.7030    3.69449    1.00000    1.00000
     1.00000    19.8017    29.8594    21.0326    1.00000    1.00000
     1.00000   -15.3499  -0.499100    7.00571    1.00000    1.00000
     1.00000    20.5722   -8.03086   -5.49789    1.00000    1.00000
     1.00000   -38.7700   -23.6783   -22.0170    1.00000    1.00000
     1.00000    37.3129    45.4271    15.8667    1.00000    1.00000
     1.00000   -34.7550   -1.15785    2.50576    1.00000    1.00000
     1.00000    24.0657    56.0337   -21.9343    1.00000    1.00000
     1.00000   -19.1036   -47.1151   -13.9126    1.00000    1.00000
     1.00000    19.3661    57.3958    15.3901    1.00000    1.00000
     1.00000  -10.49510   -3.86996    20.1670    1.00000    1.00000
     1.00000    4.91899   -5.88503   -6.76643    1.00000    1.00000
     1.00000   -30.5760   -29.9516   -6.06296    1.00000    1.00000
     1.00000    27.1977    31.9075   -2.51614    1.00000    1.00000
     1.00000   -19.0930   -12.6992    2.27995    1.00000    1.00000
     1.00000    25.1917    16.7634   -4.48019    1.00000    1.00000
     1.00000   -15.4037   -56.2597    9.34431    1.00000    1.00000
     1.00000    21.7136    21.4544    9.99821    1.00000    1.00000
     1.00000   -9.64690   -13.1411    12.8241    1.00000    1.00000
     1.00000    24.5059    5.53416   -7.25423    1.00000    1.00000
     1.00000   -39.5557   -37.9121   -11.5606    1.00000    1.00000
     1.00000    35.8013    38.8268    1.40038    1.00000    1.00000
     1.00000   -26.9301  -10.08147   -4.50101    1.00000    1.00000
     1.00000    24.4496    28.2163   -5.63654    1.00000    1.00000
     1.00000   -23.8821   -58.3759   -4.78576    1.00000    1.00000
     1.00000    22.1206    39.6366    20.8922    1.00000    1.00000
     1.00000   -9.12227    3.64020    13.1551    1.00000    1.00000
     1.00000    3.17758   -26.1003   -13.0474    1.00000    1.00000
     1.00000   -25.4987   -20.5295    2.21821    1.00000    1.00000
     1.00000    26.8584    37.8007   0.472588    1.00000    1.00000
     1.00000   -3.50397   -26.9632   -14.7059    1.00000    1.00000
     1.00000    36.0655    8.05907   -1.04024    1.00000    1.00000
     1.00000   -24.0907   -53.3847    4.22581    1.00000    1.00000
     1.00000    20.2569    27.4930    17.1738    1.00000    1.00000
     1.00000   -5.97449   -5.93281    4.66843    1.00000    1.00000
     1.00000    8.50906   -8.86233   -16.9762    1.00000    1.00000
     1.00000   -31.9446   -23.6887   -19.9880    1.00000    1.00000
     1.00000    40.9429    40.6056    17.3134    1.00000    1.00000
     1.00000   -37.1083   0.338692   -8.17139    1.00000    1.00000
     1.00000    23.9554    47.1051   -13.4947    1.00000    1.00000
     1.00000   -31.6140   -45.1631   -17.8917    1.00000    1.00000
     1.00000    15.3992    58.9529    20.1786    1.00000    1.00000
     1.00000   -9.62982   -5.46008    23.1761    1.00000    1.00000
     1.00000    6.28615  -10.34893   -15.3521    1.00000    1.00000
     1.00000   -29.0398   -28.9591   -13.5078    1.00000    1.00000
     1.00000    31.7891    23.0912  -0.988533    1.00000    1.00000
     1.00000   -17.2423   -13.7459   -2.19627    1.00000    1.00000
     1.00000    27.8544    14.3706    1.85645    1.00000    1.00000
     1.00000   -20.1974   -56.4168    1.65678    1.00000    1.00000
     1.00000    15.6533    22.3165    20.2611    1.00000    1.00000
     1.00000   -7.99997   -11.8435    9.18201    1.00000    1.00000
     1.00000    25.3288    5.04424   -4.34531    1.00000    1.00000
     1.00000   -35.4915   -40.3459   -16.6682    1.00000    1.00000
     1.00000    36.5723    44.2714    6.96057    1.00000    1.00000
     1.00000   -22.5084   -7.53341    1.81522    1.00000    1.00000
     1.00000    22.3054    42.0800   -13.3293    1.00000    1.00000
     1.00000   -26.5264   -45.2381   -9.96336    1.00000    1.00000
     1.00000    14.1456    47.5004    18.0062    1.00000    1.00000
     1.00000   -13.5406    8.96454E-03    14.9274    1.00000    1.00000
     1.00000    2.81793   -15.4253   -13.4579    1.00000    1.00000
     1.00000   -29.7185   -25.5603    1.62511    1.00000    1.00000
     1.00000    25.5566    40.3799    5.72151    1.00000    1.00000
     1.00000   -2.33188   -15.4699   -11.2633    1.00000    1.00000
     1.00000    30.9122    4.33660   -2.08820    1.00000    1.00000
     1.00000   -25.9524   -48.0526    4.97121    1.00000    1.00000
     1.00000    23.2084    31.9358    16.1799    1.00000    1.00000
     1.00000   -11.3275   -6.44650    6.87835    1.00000    1.00000
     1.00000    13.1219   -7.82641   -6.08117    1.00000    1.00000
     1.00000   -37.0797   -20.1493   -27.2907    1.00000    1.00000
     1.00000    34.8606    44.5473    12.8715    1.00000    1.00000
     1.00000   -35.0628   -4.41282   -7.60401    1.00000    1.00000
     1.00000    19.5754    54.3482   -21.3741    1.00000    1.00000
     1.00000   -27.9107   -50.4552   -9.97078    1.00000    1.00000
     1.00000    16.0611    51.2493    16.0710    1.00000    1.00000
     1.00000   -13.1720   -5.13171    14.7791    1.00000    1.00000
     1.00000    2.62122   -13.4860   -14.2496    1.00000    1.00000
     1.00000   -27.5833   -25.5089   -5.06406    1.00000    1.00000
     1.00000    30.8490    34.6652   0.309052    1.00000    1.00000
     1.00000   -17.4748   -14.2749    3.60818    1.00000    1.00000
     1.00000    19.9797    9.29676  -0.318741    1.00000    1.00000
     1.00000   -14.6317   -63.1093    7.46986    1.00000    1.00000
     1.00000    16.8246    18.3028    12.3245    1.00000    1.00000
     1.00000   -13.8908   -7.14724    9.09777    1.00000    1.00000
     1.00000    17.5842    1.32231   -5.15705    1.00000    1.00000
     1.00000   -39.4954   -32.9427   -13.5318    1.00000    1.00000
     1.00000    31.6798    34.9086   -2.02325    1.00000    1.00000
     1.00000   -26.9263   -15.3498   -2.30689    1.00000    1.00000
     1.00000    19.8566    39.3061   -14.5874    1.00000    1.00000
     1.00000   -24.9150   -54.4972   -6.89104    1.00000    1.00000
     1.00000    21.8173    47.6331    20.5573    1.00000    1.00000
     1.00000   -12.4978    2.09059    9.95127    1.00000    1.00000
     1.00000    5.94289   -22.7719   -15.4338    1.00000    1.00000
     1.00000   -29.3902   -20.4492  -0.884407    1.00000    1.00000
     1.00000    23.0895    28.4762    1.44988    1.00000    1.00000
     1.00000   0.281311   -29.0033   -9.45289    1.00000    1.00000
     1.00000    34.8308    9.96001    1.52175    1.00000    1.00000
     1.00000   -30.3320   -48.1073    10.8611    1.00000    1.00000
     1.00000    25.0288    26.6326    17.7726    1.00000    1.00000
     1.00000   -9.00060   -9.31791   0.130882    1.00000    1.00000
     1.00000    11.4652   -2.57050   -16.0466    1.00000    1.00000
     1.00000   -39.0372   -26.6957   -22.3566    1.00000    1.00000
     1.00000    38.8367    42.0365    25.6604    1.00000    1.00000
     1.00000   -39.7097    4.43641   -9.52802    1.00000    1.00000
     1.00000    23.8562    51.4760   -20.9431    1.00000    1.00000
     1.00000   -34.5353   -45.3092   -11.7110    1.00000    1.00000
     1.00000    18.4346    60.6301    22.8786    1.00000    1.00000
     1.00000   -2.66620  -10.00996    23.4157    1.00000    1.00000
     1.00000    1.75342   -11.6165   -17.2997    1.00000    1.00000
     1.00000   -31.9483   -31.4707   -14.5784    1.00000    1.00000
     1.00000    28.3900    23.2642  -0.733124    1.00000    1.00000
     1.00000   -7.85616   -15.8074   -3.47291    1.00000    1.00000
     1.00000    29.2240    18.4244   0.263092    1.00000    1.00000
     1.00000   -21.7463   -50.2978    1.19825    1.00000    1.00000
     1.00000    17.2996    26.4488    21.9133    1.00000    1.00000
     1.00000   -3.56854   -16.5467    7.80457    1.00000    1.00000
     1.00000    22.0084    11.6082   -8.84032    1.00000    1.00000
     1.00000   -37.7527   -42.1692   -8.01689    1.00000    1.00000
     1.00000    38.9883    45.5298    10.7152    1.00000    1.00000
     1.00000   -25.4032  -0.158394  -0.324272    1.00000    1.00000
     1.00000    18.2662    41.7620   -20.2841    1.00000    1.00000
     1.00000   -21.5382   -53.6173   -11.7093    1.00000    1.00000
     1.00000    15.4636    41.8125    16.9284    1.00000    1.00000
     1.00000   -15.5266    5.43452    13.4969    1.00000    1.00000
     1.00000    8.04443E-02   -13.5994   -3.75787    1.00000    1.00000
     1.00000   -31.6820   -26.4969   -1.93327    1.00000    1.00000
     1.00000    22.6741    41.7551    11.5403    1.00000    1.00000
     1.00000   -2.46060   -18.6106   -7.04174    1.00000    1.00000
     1.00000    33.1260    6.43231   -4.98788    1.00000    1.00000
     1.00000   -31.3639   -52.6546    4.16932    1.00000    1.00000
     1.00000    21.5172    29.9102    20.0057    1.00000    1.00000
     1.00000   -12.4331   -4.96829    3.40409    1.00000    1.00000
     1.00000    17.3253   -6.64404   -7.50181    1.00000    1.00000
     1.00000   -39.9012   -20.3424   -24.2876    1.00000    1.00000
     1.00000    36.6458    42.5796    17.4975    1.00000    1.00000
     1.00000   -32.5984   0.961349   -4.51580    1.00000    1.00000
     1.00000    18.1043    52.6968   -17.8891    1.00000    1.00000
     1.00000   -16.9612   -40.6716   -12.9450    1.00000    1.00000
     1.00000    16.4487    54.2469    18.1019    1.00000    1.00000
     1.00000   -12.6141   -5.37164    18.0931    1.00000    1.00000
     1.00000    1.66682   -8.30893  -10.04192    1.00000    1.00000
     1.00000   -31.1488   -31.4068   -7.65672    1.00000    1.00000
     1.00000    26.8601    26.6245   -1.00131    1.00000    1.00000
     1.00000   -21.9471   -11.0194    4.67253    1.00000    1.00000
     1.00000    25.0781    12.6626   -3.80955    1.00000    1.00000
     1.00000   -14.8421   -58.6681    9.35432    1.00000    1.00000
     1.00000    19.6964    20.1304    11.5961    1.00000    1.00000
     1.00000   -12.2685   -13.7850    12.9444    1.00000    1.00000
     1.00000    20.9447    5.15424   -8.50042    1.00000    1.00000
     1.00000   -41.8480   -34.6856   -12.1035    1.00000    1.00000
     1.00000    34.7806    36.3508  -0.823181    1.00000    1.00000
     1.00000   -28.6985   -6.58987   -5.06286    1.00000    1.00000
     1.00000    23.8028    33.5514   -10.9614    1.00000    1.00000
     1.00000   -20.4984   -58.5359   -3.32555    1.00000    1.00000
     1.00000    21.7231    35.7334    21.0097    1.00000    1.00000
     1.00000   -8.08734    5.68890    14.0984    1.00000    1.00000
     1.00000    3.32722   -24.2717   -9.65838    1.00000    1.00000
     1.00000   -25.6620   -18.7653   0.766487    1.00000    1.00000
     1.00000    25.1033    34.1302    1.39582    1.00000    1.00000
     1.00000   -4.44550   -20.9132   -11.9165    1.00000    1.00000
     1.00000    39.2166    11.4033   -4.47392    1.00000    1.00000
     1.00000   -28.6231   -53.2865    6.11665    1.00000    1.00000
     1.00000    23.7061    27.1696    11.6462    1.00000    1.00000
     1.00000   -3.57404   -2.95975    4.61027    1.00000    1.00000
     1.00000   10.33151   -6.25841   -15.7436    1.00000    1.00000
     1.00000   -35.7197   -27.6951   -21.8814    1.00000    1.00000
     1.00000    39.7217    43.0814    14.4693    1.00000    1.00000
     1.00000   -41.4524   -4.85631   -9.22927    1.00000    1.00000
     1.00000    25.6355    51.1090   -14.6117    1.00000    1.00000
     1.00000   -33.0283   -43.0095   -16.0275    1.00000    1.00000
     1.00000    18.5792    58.8117    20.4669    1.00000    1.00000
     1.00000   -9.74089   -3.05351    22.5142    1.00000    1.00000
     1.00000    5.86032   -6.25185   -13.0667    1.00000    1.00000
     1.00000   -26.0837   -29.3806   -7.51158    1.00000    1.00000
     1.00000    34.5410    23.4396    1.50233    1.00000    1.00000
     1.00000   -12.3847  -10.26936  -0.787979    1.00000    1.00000
     1.00000    27.3248    13.8154    3.70338    1.00000    1.00000
     1.00000   -14.9490   -54.5589   -2.48279    1.00000    1.00000
     1.00000    15.7975    25.0161    20.7606    1.00000    1.00000
     1.00000   -3.35916   -13.4017   10.04377    1.00000    1.00000
     1.00000    21.7201    4.34605   -4.60680    1.00000    1.00000
     1.00000   -39.1380   -43.6051   -8.15430    1.00000    1.00000
     1.00000    38.1853    38.7530    7.09110    1.00000    1.00000
     1.00000   -24.5356   -4.25740    3.39428    1.00000    1.00000
     1.00000    22.9713    44.8251   -17.0829    1.00000    1.00000
     1.00000   -24.7032   -45.1201   -6.31574    1.00000    1.00000
     1.00000    16.6151    50.2648    19.7342    1.00000    1.00000
     1.00000   -13.6506    1.04323    13.2191    1.00000    1.00000
     1.00000    1.49005   -16.7884   -11.6549    1.00000    1.00000
     1.00000   -27.8253   -23.9989    5.75074    1.00000    1.00000
     1.00000    24.4194    39.1699    8.86195    1.00000    1.00000
     1.00000   -5.25174   -12.9815  -10.18081    1.00000    1.00000
     1.00000    29.2168    11.0329   -2.04430    1.00000    1.00000
     1.00000   -26.6759   -45.9358    3.98274    1.00000    1.00000
     1.00000    25.7667    30.1867    12.8548    1.00000    1.00000
     1.00000   -12.0085   -8.71062    3.38931    1.00000    1.00000
     1.00000    16.2936   -4.73370   -5.16158    1.00000    1.00000
     1.00000   -31.5355   -18.1085   -24.0164    1.00000    1.00000
     1.00000    32.7093    42.7178    15.5654    1.00000    1.00000
     1.00000   -30.8468   -4.60145   -5.66124    1.00000    1.00000
     1.00000    16.2339    52.0616   -19.1308    1.00000    1.00000
     1.00000   -24.9432   -48.4330   -11.5438    1.00000    1.00000
     1.00000    14.3040    55.0064    15.9985    1.00000    1.00000
     1.00000   -14.3391   -2.75475    11.4704    1.00000    1.00000
     1.00000    2.71722   -13.3899   -10.8893    1.00000    1.00000
     1.00000   -24.7999   -26.1722   -5.87405    1.00000    1.00000
     1.00000    33.1985    31.3761   -1.99914    1.00000    1.00000
     1.00000   -14.6251   -13.2126    1.36355    1.00000    1.00000
     1.00000    21.2799   10.20993   -3.44953    1.00000    1.00000
     1.00000   -13.3531   -61.7530   10.37077    1.00000    1.00000
     1.00000    12.4798    20.0843    16.2846    1.00000    1.00000
     1.00000   -12.4393   -8.74911    12.6219    1.00000    1.00000
     1.00000    19.2895   0.463676   -5.75277    1.00000    1.00000
     1.00000   -36.6622   -30.2024   -14.2439    1.00000    1.00000
     1.00000    34.9292    40.0897  -0.223267    1.00000    1.00000
     1.00000   -28.2510   -11.6624   -3.30892    1.00000    1.00000
     1.00000    26.3495    36.3909   -13.1435    1.00000    1.00000
     1.00000   -22.7870   -53.0298   -8.67822    1.00000    1.00000
     1.00000    20.6079    44.8826    21.9664    1.00000    1.00000
     1.00000   -15.2152    5.07038    9.82130    1.00000    1.00000
     1.00000    2.57028   -21.4445   -10.7240    1.00000    1.00000
     1.00000   -27.7531   -20.8418   0.195282    1.00000    1.00000
     1.00000    23.9144    27.4406    7.51881    1.00000    1.00000
     1.00000  -0.710281   -26.4444   -12.6627    1.00000    1.00000
     1.00000    36.8621   10.57616    3.97553    1.00000    1.00000
     1.00000   -33.1873   -46.8109    9.37392    1.00000    1.00000
     1.00000    24.9276    26.5904    22.7478    1.00000    1.00000
     1.00000   -8.08105   -11.9352   -2.00623    1.00000    1.00000
     1.00000    13.0408   -4.63249   -8.00153    1.00000    1.00000
     1.00000   -38.3434   -27.2597   -20.5676    1.00000    1.00000
     1.00000    36.5287    39.7881    23.6891    1.00000    1.00000
     1.00000   -40.8101    3.94818   -12.7080    1.00000    1.00000
     1.00000    28.4748    54.2401   -21.0102    1.00000    1.00000
     1.00000   -33.0724   -46.3674   -10.8506    1.00000    1.00000
     1.00000    16.6042    56.5037    28.8907    1.00000    1.00000
     1.00000   -4.31114  -10.35053    19.0692    1.00000    1.00000
     1.00000    1.98100   -16.2864   -16.1194    1.00000    1.00000
     1.00000   -33.7542   -28.9731   -11.0549    1.00000    1.00000
     1.00000    25.5718    21.1183    1.67130    1.00000    1.00000
     1.00000   -11.6663   -12.4813   -3.97296    1.00000    1.00000
     1.00000    25.2402    24.3504   -3.14118    1.00000    1.00000
     1.00000   -20.5821   -55.3379    4.73243    1.00000    1.00000
     1.00000    13.0629    26.4110    20.0406    1.00000    1.00000
     1.00000   -3.39944   -19.4704    5.60542    1.00000    1.00000
     1.00000    23.0035    7.05038   -7.30288    1.00000    1.00000
     1.00000   -35.3378   -41.9758   -5.26502    1.00000    1.00000
     1.00000    39.1697    47.3961    8.16962    1.00000    1.00000
     1.00000   -25.1147  -0.363464    5.74065    1.00000    1.00000
     1.00000    19.1442    40.6893   -17.9671    1.00000    1.00000
     1.00000   -22.8209   -48.8181   -9.60785    1.00000    1.00000
     1.00000    15.0451    39.4199    21.6444    1.00000    1.00000
     1.00000   -15.1958    1.05972    15.3226    1.00000    1.00000
     1.00000  -0.395447   -15.6544   -10.7987    1.00000    1.00000
     1.00000   -30.6643   -28.4623   -4.73100    1.00000    1.00000
     1.00000    24.9987    39.4138    12.1442    1.00000    1.00000
     1.00000   -2.06808   -14.0846   -9.84505    1.00000    1.00000
     1.00000    36.2215    8.67038   -4.50025    1.00000    1.00000
     1.00000   -29.6393   -49.5393    4.89849    1.00000    1.00000
     1.00000    18.7064    33.9256    21.5521    1.00000    1.00000
     1.00000   -12.8990  -0.619102    5.44346    1.00000    1.00000
     1.00000    19.7030   -6.26969   -5.12012    1.00000    1.00000
     1.00000   -34.8840   -23.5242   -22.8951    1.00000    1.00000
     1.00000    37.4384    44.2332    18.8939    1.00000    1.00000
     1.00000   -33.3437   -1.41335   0.680733    1.00000    1.00000
     1.00000    22.1147    52.4169   -20.6568    1.00000    1.00000
     1.00000   -18.2444   -45.8112   -12.6629    1.00000    1.00000
     1.00000    18.8925    56.8858    17.2651    1.00000    1.00000
     1.00000   -9.08301   -2.53343    19.6983    1.00000    1.00000
     1.00000    4.62299   -6.51671   -11.4658    1.00000    1.00000
     1.00000   -28.7495   -29.3040   -5.56837    1.00000    1.00000
     1.00000    26.9377    33.8074   -3.08424    1.00000    1.00000
     1.00000   -21.6888   -11.5703    2.76731    1.00000    1.00000
     1.00000    24.9910    15.8060   -2.50138    1.00000    1.00000
     1.00000   -12.7039   -55.7045    8.22820    1.00000    1.00000
     1.00000    23.2013    19.4256    11.2646    1.00000    1.00000
     1.00000   -11.4464   -12.0332   10.54772    1.00000    1.00000
     1.00000    25.0370    4.71249   -8.99858    1.00000    1.00000
     1.00000   -41.5666   -37.7696   -8.78735    1.00000    1.00000
     1.00000    38.0219    36.0417    4.02898    1.00000    1.00000
     1.00000   -25.7443   -8.74982   -7.28101    1.00000    1.00000
     1.00000    24.9889    26.5180   -4.72822    1.00000    1.00000
     1.00000   -26.0206   -56.5580   -8.93938    1.00000    1.00000
     1.00000    22.8577    38.3889    22.2706    1.00000    1.00000
     1.00000   -8.80792    3.37646    11.1976    1.00000    1.00000
     1.00000    5.36194   -25.2072   -12.1519    1.00000    1.00000
     1.00000   -26.1826   -19.6110    3.85795    1.00000    1.00000
     1.00000    24.1493    35.8556    1.05982    1.00000    1.00000
     1.00000   -2.55606   -23.9651   -15.4659    1.00000    1.00000
     1.00000    39.1938    7.92896   -3.69239    1.00000    1.00000
     1.00000   -25.3185   -51.6095    6.53897    1.00000    1.00000
     1.00000    22.6401    26.7615    16.0844    1.00000    1.00000
     1.00000   -4.50711   -4.52951    3.79467    1.00000    1.00000
     1.00000    8.77771   -10.8388   -17.1221    1.00000    1.00000
     1.00000   -34.2933   -24.7986   -21.4714    1.00000    1.00000
     1.00000    39.7533    40.3853    21.7279    1.00000    1.00000
     1.00000   -38.8714  -0.171783   -8.96577    1.00000    1.00000
     1.00000    21.3019    48.5823   -14.1109    1.00000    1.00000
     1.00000   -32.5847   -45.0286   -19.6352    1.00000    1.00000
     1.00000    13.0446    58.7718    23.3113    1.00000    1.00000
     1.00000   -6.25209   -4.72332    22.7636    1.00000    1.00000
     1.00000    4.67160   -8.77151   -16.2278    1.00000    1.00000
     1.00000   -29.9983   -31.4738   -14.1339    1.00000    1.00000
     1.00000    33.0599    21.2640    1.57166E-02    1.00000    1.00000
     1.00000   -15.5666   -12.6884  -0.920906    1.00000    1.00000
     1.00000    26.9999    13.5451   -1.22557    1.00000    1.00000
     1.00000   -19.7283   -56.5641  -0.854057    1.00000    1.00000
     1.00000    14.6800    19.7987    17.3434    1.00000    1.00000
     1.00000   -5.21439   -10.8425    8.18291    1.00000    1.00000
     1.00000    23.6467    3.76311   -1.73918    1.00000    1.00000
     1.00000   -36.3730   -40.8237   -13.3416    1.00000    1.00000
     1.00000    37.1165    42.1193    8.35938    1.00000    1.00000
     1.00000   -24.9480   -9.88670   -1.92304    1.00000    1.00000
     1.00000    21.6641    43.9600   -13.5624    1.00000    1.00000
     1.00000   -25.3242   -46.2455   -13.2038    1.00000    1.00000
     1.00000    15.7943    46.3806    18.1728    1.00000    1.00000
     1.00000   -11.9333  -0.245850    17.8872    1.00000    1.00000
     1.00000    4.35892   -19.1874   -13.6418    1.00000    1.00000
     1.00000   -28.2915   -26.5565    2.61055    1.00000    1.00000
     1.00000    24.2914    37.0363    2.66783    1.00000    1.00000
     1.00000   -5.30820   -14.7333   -11.1441    1.00000    1.00000
     1.00000    31.8372    5.97369   -3.52889    1.00000    1.00000
     1.00000   -26.9647   -50.6407    4.28508    1.00000    1.00000
     1.00000    23.0880    33.8926    18.2255    1.00000    1.00000
     1.00000   -9.39259   -6.70293    6.44210    1.00000    1.00000
     1.00000    14.3290   -8.03477   -2.56019    1.00000    1.00000
     1.00000   -38.9493   -22.4040   -26.8352    1.00000    1.00000
     1.00000    34.9210    48.0067    14.2008    1.00000    1.00000
     1.00000   -35.9031   -1.13800   -7.56568    1.00000    1.00000
     1.00000    18.0589    52.2985   -19.9139    1.00000    1.00000
     1.00000   -28.2557   -47.9213   -9.05579    1.00000    1.00000
     1.00000    16.8778    49.7118    14.4282    1.00000    1.00000
     1.00000   -14.2965   -4.68049    12.0086    1.00000    1.00000
     1.00000    5.01286   -11.9965   -15.0108    1.00000    1.00000
     1.00000   -27.1951   -28.0801   -4.65759    1.00000    1.00000
     1.00000    33.5008    32.0719    1.84160    1.00000    1.00000
     1.00000   -15.5330   -13.9738    3.98030    1.00000    1.00000
     1.00000    19.7378    9.73730   -4.86910    1.00000    1.00000
     1.00000   -15.1832   -58.4440    6.65041    1.00000    1.00000
     1.00000    18.0902    17.7777    13.7813    1.00000    1.00000
     1.00000   -11.8902   -9.43549    7.94918    1.00000    1.00000
     1.00000    13.8609    1.48213   -5.63625    1.00000    1.00000
     1.00000   -35.5501   -31.7807   -12.3134    1.00000    1.00000
     1.00000    31.7790    36.8518   -1.56054    1.00000    1.00000
     1.00000   -28.2433   -13.8875   -2.66343    1.00000    1.00000
     1.00000    21.4589    36.2712   -14.9812    1.00000    1.00000
     1.00000   -20.9679   -55.0589   -9.04352    1.00000    1.00000
     1.00000    23.3696    44.2542    20.3042    1.00000    1.00000
     1.00000   -14.3853    3.42068    10.5891    1.00000    1.00000
     1.00000    5.07919   -22.3686   -13.6756    1.00000    1.00000
     1.00000   -28.5124   -18.4625   -1.40046    1.00000    1.00000
     1.00000    23.8039    29.6265    3.30402    1.00000    1.00000
     1.00000   -5.30396E-02   -25.3630   -7.61913    1.00000    1.00000
     1.00000    34.4891    11.8425    2.10442    1.00000    1.00000
     1.00000   -28.4532   -50.1272    8.18885    1.00000    1.00000
     1.00000    23.5024    26.4345    19.4591    1.00000    1.00000
     1.00000   -5.83643   -7.39326    1.33714    1.00000    1.00000
     1.00000    9.97644   -3.24585   -11.2220    1.00000    1.00000
     1.00000   -40.4165   -26.4016   -25.2663    1.00000    1.00000
     1.00000    39.7742    41.6765    23.9308    1.00000    1.00000
     1.00000   -39.0926    5.30968   -12.5901    1.00000    1.00000
     1.00000    25.2373    50.6317   -19.2329    1.00000    1.00000
     1.00000   -35.7390   -47.1069   -11.4705    1.00000    1.00000
     1.00000    16.5387    60.5126    25.0362    1.00000    1.00000
     1.00000   -4.64862   -6.30036    24.2835    1.00000    1.00000
     1.00000    5.39310   -11.1775   -16.9383    1.00000    1.00000
     1.00000   -32.1355   -28.5253   -13.8644    1.00000    1.00000
     1.00000    29.0805    21.7544   0.382187    1.00000    1.00000
     1.00000   -8.46361   -18.7206   -1.33823    1.00000    1.00000
     1.00000    27.4777    16.2703    1.35699    1.00000    1.00000
     1.00000   -20.7647   -53.6532    3.09624    1.00000    1.00000
     1.00000    16.8193    27.9600    20.2589    1.00000    1.00000
     1.00000   -2.94681   -14.7310    8.36739    1.00000    1.00000
     1.00000    21.8650    12.3083   -6.97235    1.00000    1.00000
     1.00000   -38.0195   -39.0134   -8.02349    1.00000    1.00000
     1.00000    37.1848    47.2246    8.34534    1.00000    1.00000
     1.00000   -24.8667  -0.565697    3.26511    1.00000    1.00000
     1.00000    16.5787    43.2276   -17.4434    1.00000    1.00000
     1.00000   -19.9038   -51.7787   -12.3279    1.00000    1.00000
     1.00000    15.6707    41.9269    14.9425    1.00000    1.00000
     1.00000   -18.3757    4.74036    15.6644    1.00000    1.00000
     1.00000   -5.54504E-02   -12.9874   -1.85863    1.00000    1.00000
     1.00000   -32.1223   -27.4912    1.77872    1.00000    1.00000
     1.00000    24.7792    41.6308    14.2391    1.00000    1.00000
     1.00000   -3.04529   -17.7509   -5.33324    1.00000    1.00000
     1.00000    32.7820    8.43766   -5.94970    1.00000    1.00000
     1.00000   -32.6135   -49.9849    3.31645    1.00000    1.00000
     1.00000    23.1110    30.7069    19.0974    1.00000    1.00000
     1.00000   -11.2851   -2.40108    6.24664    1.00000    1.00000
     1.00000    16.5779   -5.85967   -9.18296    1.00000    1.00000
     1.00000   -38.3433   -21.9223   -24.9911    1.00000    1.00000
     1.00000    34.7124    40.7605    17.4698    1.00000    1.00000
     1.00000   -33.0061  -0.146904   -2.90165    1.00000    1.00000
     1.00000    22.3566    52.9437   -17.3215    1.00000    1.00000
     1.00000   -15.9177   -40.7408   -10.8865    1.00000    1.00000
     1.00000    17.1697    56.1433    17.9581    1.00000    1.00000
     1.00000   -11.9643   -5.76374    16.2427    1.00000    1.00000
     1.00000    3.56378   -9.89083   -13.1007    1.00000    1.00000
     1.00000   -34.4950   -34.5027   -9.83510    1.00000    1.00000
     1.00000    27.5668    28.4596   -1.36616    1.00000    1.00000
     1.00000   -22.5883   -9.52734    1.94859    1.00000    1.00000
     1.00000    24.2044    13.0436   -5.74812    1.00000    1.00000
     1.00000   -17.4307   -59.0229    11.1345    1.00000    1.00000
     1.00000    18.6698    19.6114    13.2322    1.00000    1.00000
     1.00000   -10.8523   -15.3358    9.52125    1.00000    1.00000
     1.00000    24.0529    1.42639   -6.86083    1.00000    1.00000
     1.00000   -43.3888   -36.9311  -10.39129    1.00000    1.00000
     1.00000    37.3170    39.2245   -1.41444    1.00000    1.00000
     1.00000   -29.0196   -8.98322   -4.54566    1.00000    1.00000
     1.00000    22.4299    29.3494   -8.20632    1.00000    1.00000
     1.00000   -21.6373   -58.6345   -4.96664    1.00000    1.00000
     1.00000    23.3517    36.4882    21.8917    1.00000    1.00000
     1.00000   -11.5485    5.84805    12.3852    1.00000    1.00000
     1.00000    6.92583   -23.6132   -12.9003    1.00000    1.00000
     1.00000   -27.3354   -18.1940    1.70107    1.00000    1.00000
     1.00000    22.2846    34.7260    1.98969    1.00000    1.00000
     1.00000   -5.32724   -17.9286   -11.9527    1.00000    1.00000
     1.00000    40.2709    9.03146   -6.92666    1.00000    1.00000
     1.00000   -29.2328   -52.5748    4.10538    1.00000    1.00000
     1.00000    23.9558    27.3689    9.51707    1.00000    1.00000
     1.00000   -2.46683   -1.36308    5.08436    1.00000    1.00000
     1.00000    9.05276   -4.85429   -15.1164    1.00000    1.00000
     1.00000   -35.8754   -30.0081   -23.0130    1.00000    1.00000
     1.00000    39.9380    42.2726    16.8540    1.00000    1.00000
     1.00000   -38.7856   -2.04456   -8.26911    1.00000    1.00000
     1.00000    24.4974    50.5232   -17.3779    1.00000    1.00000
     1.00000   -32.3905   -44.4338   -14.7766    1.00000    1.00000
     1.00000    22.5327    56.9808    21.7881    1.00000    1.00000
     1.00000   -4.83319   -1.09877    21.8448    1.00000    1.00000
     1.00000    7.24248   -7.57466   -12.4838    1.00000    1.00000
     1.00000   -27.0828   -30.0913   -10.5993    1.00000    1.00000
     1.00000    34.7106    23.4132   -3.39291    1.00000    1.00000
     1.00000   -13.5104   -8.97930   -4.17582    1.00000    1.00000
     1.00000    30.1843    12.7825    2.50445    1.00000    1.00000
     1.00000   -19.9680   -54.1528   -1.53296    1.00000    1.00000
     1.00000    15.6995    23.3081    24.2686    1.00000    1.00000
     1.00000   -3.59862   -11.7888    8.88563    1.00000    1.00000
     1.00000    23.6514    7.02498   -4.39184    1.00000    1.00000
     1.00000   -36.5767   -43.9900   -11.0648    1.00000    1.00000
     1.00000    37.8839    36.7836    6.91577    1.00000    1.00000
     1.00000   -25.6585   -6.56568    3.59498    1.00000    1.00000
     1.00000    24.3687    46.2460   -16.9153    1.00000    1.00000
     1.00000   -24.1872   -46.4702   -7.69808    1.00000    1.00000
     1.00000    17.2116    48.8109    16.8289    1.00000    1.00000
     1.00000   -12.4237  -0.927567    10.8301    1.00000    1.00000
     1.00000    1.17589   -18.4578   -8.36320    1.00000    1.00000
     1.00000   -27.4460   -20.5965    6.88002    1.00000    1.00000
     1.00000    24.4001    37.1889    8.58750    1.00000    1.00000
     1.00000   -7.12192   -11.8308   -11.6262    1.00000    1.00000
     1.00000    30.7210    7.80681   -3.32090    1.00000    1.00000
     1.00000   -24.3768   -43.3214    3.33443    1.00000    1.00000
     1.00000    21.8316    28.8276    15.2797    1.00000    1.00000
     1.00000   -10.5898   -9.01160    5.94688    1.00000    1.00000
     1.00000    15.6699   -2.86404   -5.50130    1.00000    1.00000
     1.00000   -33.4873   -19.5067   -26.6737    1.00000    1.00000
     1.00000    35.1747    44.3357    15.6378    1.00000    1.00000
     1.00000   -33.3522   -3.51219   -7.09153    1.00000    1.00000
     1.00000    16.5415    53.8662   -18.3254    1.00000    1.00000
     1.00000   -23.1149   -48.0483   -12.2574    1.00000    1.00000
     1.00000    15.4945    53.7840    13.4872    1.00000    1.00000
     1.00000   -19.2269   -1.75567    11.7721    1.00000    1.00000
     1.00000  -0.215729   -13.1165  -10.43598    1.00000    1.00000
     1.00000   -27.0503   -24.5498   -3.39189    1.00000    1.00000
     1.00000    30.1857    31.1943   -3.71643    1.00000    1.00000
     1.00000   -13.5067   -9.76014   0.787407    1.00000    1.00000
     1.00000    22.6290    11.6679   -3.21641    1.00000    1.00000
     1.00000  -10.18596   -58.3042   10.35215    1.00000    1.00000
     1.00000    13.4085    18.2995    12.7831    1.00000    1.00000
     1.00000   -12.3096   -9.72713    10.8822    1.00000    1.00000
     1.00000    22.8115   -5.54962E-02   -7.37348    1.00000    1.00000
     1.00000   -36.5553   -31.6336   -15.6368    1.00000    1.00000
     1.00000    34.3796    40.8811    1.52937    1.00000    1.00000
     1.00000   -31.6287   -12.3459   -1.20723    1.00000    1.00000
     1.00000    24.1868    33.9585   -12.9875    1.00000    1.00000
     1.00000   -19.6071   -51.5623   -9.30014    1.00000    1.00000
     1.00000    18.1121    45.6588    19.6225    1.00000    1.00000
     1.00000   -11.9084    4.76801    10.7409    1.00000    1.00000
     1.00000    3.85037   -22.6345   -11.6962    1.00000    1.00000
     1.00000   -28.4897   -21.6170    4.97497    1.00000    1.00000
     1.00000    23.3350    29.9802    5.21582    1.00000    1.00000
     1.00000   0.151886   -25.3427   -11.2334    1.00000    1.00000
     1.00000    34.2101    13.4178    4.03112    1.00000    1.00000
     1.00000   -30.9776   -45.8232    9.58355    1.00000    1.00000
     1.00000    23.1191    27.4444    22.7507    1.00000    1.00000
     1.00000   -6.11699   -12.3116   -2.48548    1.00000    1.00000
     1.00000    11.3825   -4.51849   -9.49478    1.00000    1.00000
     1.00000   -34.8857   -28.4275   -16.7718    1.00000    1.00000
     1.00000    36.6982    42.4682    19.6441    1.00000    1.00000
     1.00000   -39.5853    2.44796  -10.53897    1.00000    1.00000
     1.00000    28.7587    51.8954   -17.2573    1.00000    1.00000
     1.00000   -30.4063   -46.8762   -12.3186    1.00000    1.00000
     1.00000    16.4273    57.7191    27.3122    1.00000    1.00000
     1.00000  -0.949493   -9.93561    22.2408    1.00000    1.00000
     1.00000    1.25105   -13.1648   -18.6297    1.00000    1.00000
     1.00000   -35.1435   -27.8868   -13.1700    1.00000    1.00000
     1.00000    25.9719    22.5874    2.96803    1.00000    1.00000
     1.00000   -10.7690   -14.2684   -3.94234    1.00000    1.00000
     1.00000    27.3054    20.6581  -0.559456    1.00000    1.00000
     1.00000   -19.1992   -54.6114    5.98124    1.00000    1.00000
     1.00000    15.1571    26.9049    20.6106    1.00000    1.00000
     1.00000   -3.05409   -19.3584    8.40784    1.00000    1.00000
     1.00000    24.4080    8.56336   -3.36184    1.00000    1.00000
     1.00000   -34.8076   -40.8029   -7.72140    1.00000    1.00000
     1.00000    37.6128    47.1145    11.4497    1.00000    1.00000
     1.00000   -23.7295   -2.84177    2.23399    1.00000    1.00000
     1.00000    20.2251    40.3985   -16.3097    1.00000    1.00000
     1.00000   -21.6727   -49.3027   -11.1721    1.00000    1.00000
     1.00000    16.5754    40.6977    20.0958    1.00000    1.00000
     1.00000   -18.6045    3.46946    17.1916    1.00000    1.00000
     1.00000    1.44879   -14.6499   -6.68455    1.00000    1.00000
     1.00000   -31.1594   -29.5281   -3.11269    1.00000    1.00000
     1.00000    23.6444    39.5038    10.6752    1.00000    1.00000
     1.00000   -2.75081   -16.6695   -7.42623    1.00000    1.00000
     1.00000    35.9928    9.91687   -2.95300    1.00000    1.00000
     1.00000   -29.9851   -45.3992    3.38579    1.00000    1.00000
     1.00000    18.5549    31.1859    20.2045    1.00000    1.00000
     1.00000   -16.8814   -1.31634    7.99900    1.00000    1.00000
     1.00000    20.2840   -9.80370   -4.61814    1.00000    1.00000
     1.00000   -39.2773   -22.1806   -23.2415    1.00000    1.00000
     1.00000    36.2554    44.5321    17.3092    1.00000    1.00000
     1.00000   -33.8712   0.331039    1.50462    1.00000    1.00000
     1.00000    24.9600    54.4949   -21.0220    1.00000    1.00000
     1.00000   -20.9466   -46.4605   -14.3308    1.00000    1.00000
     1.00000    19.0513    59.2754    14.7833    1.00000    1.00000
     1.00000   -11.9893   -2.69739    19.5407    1.00000    1.00000
     1.00000    3.83699   -7.02071   -8.00719    1.00000    1.00000
     1.00000   -32.0500   -29.6430   -7.37903    1.00000    1.00000
     1.00000    28.5966    32.4004   -3.85786    1.00000    1.00000
     1.00000   -19.3372   -14.5707    2.94171    1.00000    1.00000
     1.00000    24.0117    18.1344   -3.62687    1.00000    1.00000
     1.00000   -16.9451   -56.2441    8.06998    1.00000    1.00000
     1.00000    22.9514    21.3866    11.5677    1.00000    1.00000
     1.00000   -10.7058   -11.5172    12.3325    1.00000    1.00000
     1.00000    26.3174    6.03664   -6.57165    1.00000    1.00000
     1.00000   -39.7180   -39.8467   -11.0801    1.00000    1.00000
     1.00000    36.5521    37.1150   0.688980    1.00000    1.00000
     1.00000   -26.5673   -10.7940   -2.66779    1.00000    1.00000
     1.00000    23.6112    27.9344   -7.43031    1.00000    1.00000
     1.00000   -24.6629   -58.4243   -6.62642    1.00000    1.00000
     1.00000    21.4169    41.3840    21.5639    1.00000    1.00000
     1.00000   -10.6660    2.64886    13.9515    1.00000    1.00000
     1.00000    3.96021   -26.6438   -14.8059    1.00000    1.00000
     1.00000   -24.6899   -21.7981   0.900497    1.00000    1.00000
     1.00000    27.8773    36.1853  -0.121254    1.00000    1.00000
     1.00000   -4.13091   -25.1963   -15.4025    1.00000    1.00000
     1.00000    37.1741    9.69373   -1.35460    1.00000    1.00000
     1.00000   -22.1194   -53.1693    4.48569    1.00000    1.00000
     1.00000    21.2198    25.7439    17.0575    1.00000    1.00000
     1.00000   -5.64246   -5.93884    2.69621    1.00000    1.00000
     1.00000    8.37363   -7.44406   -18.3799    1.00000    1.00000
     1.00000   -32.9146   -23.3691   -21.7076    1.00000    1.00000
     1.00000    42.2930    40.9225    18.7545    1.00000    1.00000
     1.00000   -38.6231    1.04400   -7.07233    1.00000    1.00000
     1.00000    23.5275    45.2117   -13.0134    1.00000    1.00000
     1.00000   -32.0763   -47.1082   -17.8377    1.00000    1.00000
     1.00000    16.9356    57.6809    20.3252    1.00000    1.00000
     1.00000   -8.17896   -4.30012    22.4348    1.00000    1.00000
     1.00000    6.52533   -9.10551   -16.9002    1.00000    1.00000
     1.00000   -28.7987   -28.7459   -15.4817    1.00000    1.00000
     1.00000    31.0468    21.5648    6.93588E-02    1.00000    1.00000
     1.00000   -19.1789   -13.4756   -2.61619    1.00000    1.00000
     1.00000    29.7502    15.0021    1.76981    1.00000    1.00000
     1.00000   -20.2852   -54.9945   0.253349    1.00000    1.00000
     1.00000    14.9550    21.0539    18.8760    1.00000    1.00000
     1.00000   -6.37109   -12.4739    8.20768    1.00000    1.00000
     1.00000    24.8224    5.23105   -2.41953    1.00000    1.00000
     1.00000   -36.1398   -41.5348   -15.1964    1.00000    1.00000
     1.00000    34.6750    44.7712    7.34852    1.00000    1.00000
     1.00000   -24.2206   -7.38174   0.792870    1.00000    1.00000
     1.00000    21.4625    40.2709   -13.4577    1.00000    1.00000
     1.00000   -24.6316   -45.6315   -9.45851    1.00000    1.00000
     1.00000    13.9198    49.4858    18.0911    1.00000    1.00000
     1.00000   -12.5031   -1.34752    15.9683    1.00000    1.00000
     1.00000    3.22906   -17.3241   -12.9827    1.00000    1.00000
     1.00000   -28.6288   -24.4053    2.84112    1.00000    1.00000
     1.00000    25.0078    38.7991    4.62617    1.00000    1.00000
     1.00000   -2.77768   -16.0569   -13.1225    1.00000    1.00000
     1.00000    31.0615    3.96906   -4.04847    1.00000    1.00000
     1.00000   -25.2821   -47.1939    3.29391    1.00000    1.00000
     1.00000    24.9013    30.8734    16.1069    1.00000    1.00000
     1.00000   -11.5337   -5.67649    5.04408    1.00000    1.00000
     1.00000    13.0578   -5.85632   -6.41978    1.00000    1.00000
     1.00000   -37.8466   -19.7194   -29.0871    1.00000    1.00000
     1.00000    35.2302    46.0312    14.1605    1.00000    1.00000
     1.00000   -34.3945   -4.66676   -5.73615    1.00000    1.00000
     1.00000    18.1421    55.4468   -22.2334    1.00000    1.00000
     1.00000   -28.2645   -48.7153   -10.8914    1.00000    1.00000
     1.00000    14.4314    50.2622    15.4631    1.00000    1.00000
     1.00000   -14.7563   -3.91189    14.8236    1.00000    1.00000
     1.00000    3.27989   -11.6041   -14.0927    1.00000    1.00000
     1.00000   -28.0406   -26.6790   -3.50784    1.00000    1.00000
     1.00000    31.8898    33.0615  -0.278122    1.00000    1.00000
     1.00000   -17.7087   -15.2356    1.86967    1.00000    1.00000
     1.00000    19.4595    7.76949   -1.50063    1.00000    1.00000
     1.00000   -14.0414   -61.3544    6.71365    1.00000    1.00000
     1.00000    15.1365    19.3037    12.7099    1.00000    1.00000
     1.00000   -12.7564   -7.68006    7.53913    1.00000    1.00000
     1.00000    15.7118    2.02325   -5.10571    1.00000    1.00000
     1.00000   -37.6186   -32.8655   -12.8451    1.00000    1.00000
     1.00000    33.2312    34.5811  -0.804237    1.00000    1.00000
     1.00000   -28.1298   -16.5090   -1.20783    1.00000    1.00000
     1.00000    21.0363    37.8677   -13.8532    1.00000    1.00000
     1.00000   -24.6164   -55.1453   -8.75942    1.00000    1.00000
     1.00000    22.0778    45.6742    20.8652    1.00000    1.00000
     1.00000   -13.3467   0.808815    8.67202    1.00000    1.00000
     1.00000    6.76694   -21.0445   -16.0143    1.00000    1.00000
     1.00000   -31.0903   -21.3093  -0.276138    1.00000    1.00000
     1.00000    22.1862    28.4525    3.23409    1.00000    1.00000
     1.00000   -1.07364   -27.6105   -9.92625    1.00000    1.00000
     1.00000    36.3127    8.83645   0.785828    1.00000    1.00000
     1.00000   -29.0684   -48.6747    9.41837    1.00000    1.00000
     1.00000    23.2519    27.5495    17.8178    1.00000    1.00000
     1.00000   -7.66071  -10.23887   -1.03382    1.00000    1.00000
     1.00000    10.8793   -4.07778   -14.8698    1.00000    1.00000
     1.00000   -39.3404   -25.0949   -23.5166    1.00000    1.00000
     1.00000    37.2036    41.0200    25.1127    1.00000    1.00000
     1.00000   -40.5142    5.21223   -11.1866    1.00000    1.00000
     1.00000    23.6683    49.6972   -20.0483    1.00000    1.00000
     1.00000   -35.7773   -45.5891  -10.16859    1.00000    1.00000
     1.00000    16.7622    59.6047    23.2682    1.00000    1.00000
     1.00000   -4.05209   -8.71248    24.0449    1.00000    1.00000
     1.00000   0.427246   -10.7412   -18.5143    1.00000    1.00000
     1.00000   -32.7451   -31.2136   -12.7620    1.00000    1.00000
     1.00000    28.0339    25.0808   -1.49017    1.00000    1.00000
     1.00000   -6.30823   -15.8000   -4.73933    1.00000    1.00000
     1.00000    27.7838    19.5687    1.04809    1.00000    1.00000
     1.00000   -20.0302   -51.1532    1.76672    1.00000    1.00000
     1.00000    17.8888    26.2886    20.0088    1.00000    1.00000
     1.00000   -3.83405   -16.5203    5.82244    1.00000    1.00000
     1.00000    23.4894    12.9521   -8.81516    1.00000    1.00000
     1.00000   -38.0780   -40.6100   -9.22657    1.00000    1.00000
     1.00000    40.1149    43.8850   10.55592    1.00000    1.00000
     1.00000   -25.5390   0.332985    1.60966    1.00000    1.00000
     1.00000    16.4684    40.9161   -20.0555    1.00000    1.00000
     1.00000   -22.7289   -55.0129   -12.5060    1.00000    1.00000
     1.00000    16.3169    43.5005    17.5784    1.00000    1.00000
     1.00000   -14.9472    6.43600    15.1282    1.00000    1.00000
     1.00000  -0.154297   -14.5687   -5.49143    1.00000    1.00000
     1.00000   -32.3305   -27.2437  -0.194962    1.00000    1.00000
     1.00000    22.4415    43.5402    10.6689    1.00000    1.00000
     1.00000  -0.600937   -18.3357   -6.35909    1.00000    1.00000
     1.00000    32.3760    5.06844   -6.24381    1.00000    1.00000
     1.00000   -30.8996   -51.0480    5.26631    1.00000    1.00000
     1.00000    20.9167    31.7962    20.2927    1.00000    1.00000
     1.00000   -11.8960   -3.70457    4.85821    1.00000    1.00000
     1.00000    16.7996   -8.56239   -7.29290    1.00000    1.00000
     1.00000   -39.3725   -18.4238   -24.0884    1.00000    1.00000
     1.00000    36.4435    40.8729    16.4745    1.00000    1.00000
     1.00000   -34.0104  -0.334091   -5.08848    1.00000    1.00000
     1.00000    19.9549    51.9395   -17.9303    1.00000    1.00000
     1.00000   -17.0914   -42.1770   -11.6347    1.00000    1.00000
     1.00000    15.1474    53.3282    16.8925    1.00000    1.00000
     1.00000   -12.3084   -4.68422    19.9462    1.00000    1.00000
     1.00000    3.64828   -8.18295  -10.28252    1.00000    1.00000
     1.00000   -32.1980   -33.0131   -7.09193    1.00000    1.00000
     1.00000    27.7702    25.9499   0.646896    1.00000    1.00000
     1.00000   -20.8974   -9.50621    5.45243    1.00000    1.00000
     1.00000    26.3128    14.0344   -3.03900    1.00000    1.00000
     1.00000   -16.0530   -57.6756    10.5987    1.00000    1.00000
     1.00000    21.5384    20.2203    12.3699    1.00000    1.00000
     1.00000   -10.7920   -14.3548    11.7216    1.00000    1.00000
     1.00000    22.5541    5.10154   -7.31427    1.00000    1.00000
     1.00000   -40.7889   -32.9918   -12.0072    1.00000    1.00000
     1.00000    36.3810    37.4626   -1.27314    1.00000    1.00000
     1.00000   -29.7902   -5.22993   -4.08369    1.00000    1.00000
     1.00000    23.0664    32.3306   -9.55882    1.00000    1.00000
     1.00000   -19.1221   -59.4598   -2.20657    1.00000    1.00000
     1.00000    20.6422    34.0516    21.0657    1.00000    1.00000
     1.00000   -9.98978    5.39741    13.5546    1.00000    1.00000
     1.00000    4.87979   -23.0317   -9.88636    1.00000    1.00000
     1.00000   -24.3879   -17.4042    4.25034E-02    1.00000    1.00000
     1.00000    25.2504    32.9148  -0.185669    1.00000    1.00000
     1.00000   -4.45790   -22.4995   -13.1346    1.00000    1.00000
     1.00000    38.4932    9.64243   -5.08716    1.00000    1.00000
     1.00000   -27.9110   -51.8255    7.28214    1.00000    1.00000
     1.00000    22.5507    27.5957    13.2220    1.00000    1.00000
     1.00000   -2.26044   -2.64545    3.13523    1.00000    1.00000
     1.00000   10.09543   -7.40810   -17.3630    1.00000    1.00000
     1.00000   -37.1013   -26.7944   -23.0128    1.00000    1.00000
     1.00000    38.4554    44.6290    14.4322    1.00000    1.00000
