     1.00000    22.3600   -19.7656    62.7659    1.00000    1.00000
     1.00000   -3.55076    20.3601   -22.8317    1.00000    1.00000
     1.00000   -4.26478   -11.5104   -16.1595    1.00000    1.00000
     1.00000   -24.7538   -3.79652   -12.9870    1.00000    1.00000
     1.00000    36.2102   -27.9321    19.1906    1.00000    1.00000
     1.00000    2.94629    28.7038   -13.4007    1.00000    1.00000
     1.00000    5.94016   -33.5139  -0.141087    1.00000    1.00000
     1.00000   -25.3691    29.8756   -15.6222    1.00000    1.00000
     1.00000    33.9549   -28.4264    44.6669    1.00000    1.00000
     1.00000   -16.8488    32.3087   -23.2477    1.00000    1.00000
     1.00000   -7.45988   -24.9178   -9.72413    1.00000    1.00000
     1.00000   -21.1868    18.0761    5.60234    1.00000    1.00000
     1.00000    18.1435   -22.5503    18.7682    1.00000    1.00000
     1.00000    7.37497    37.0980   -8.30420    1.00000    1.00000
     1.00000    16.8338   -38.4509    6.56250    1.00000    1.00000
     1.00000   -44.1290    25.2899   -28.1344    1.00000    1.00000
     1.00000    36.6895   -17.6604    48.5454    1.00000    1.00000
     1.00000   -2.57030    15.6974   -26.7464    1.00000    1.00000
     1.00000   -2.40963   -19.8453   -9.11468    1.00000    1.00000
     1.00000   -13.9298   -6.69384   -17.2731    1.00000    1.00000
     1.00000    40.1496   -35.4254    17.9113    1.00000    1.00000
     1.00000   0.409149    39.3407  -10.28566    1.00000    1.00000
     1.00000   -2.61900   -38.0792   -7.46449    1.00000    1.00000
     1.00000   -32.5934    21.1429   -11.3341    1.00000    1.00000
     1.00000    29.9195   -31.6076    27.5056    1.00000    1.00000
     1.00000   -7.99596    23.9680   -15.9570    1.00000    1.00000
     1.00000   -14.1863   -25.2472   -14.0753    1.00000    1.00000
     1.00000   -27.3206    24.8518   -1.81312    1.00000    1.00000
     1.00000    19.0007   -21.3463    6.02322    1.00000    1.00000
     1.00000    1.34487    37.8323   -6.62511    1.00000    1.00000
     1.00000    19.4157   -30.7753   -7.60766    1.00000    1.00000
     1.00000   -34.6529    21.5720   -22.1148    1.00000    1.00000
     1.00000    17.9875   -12.1168    61.2964    1.00000    1.00000
     1.00000   -3.01033    15.1414   -18.9148    1.00000    1.00000
     1.00000    1.62980   -11.8902   -12.2402    1.00000    1.00000
     1.00000   -23.7359    6.81022    1.45210    1.00000    1.00000
     1.00000    23.4798   -24.2086    19.7669    1.00000    1.00000
     1.00000   0.447899    22.1143   -2.39836    1.00000    1.00000
     1.00000   -1.42505   -29.1471   -4.20809    1.00000    1.00000
     1.00000   -12.0285    21.6586   -27.7895    1.00000    1.00000
     1.00000    40.1196   -21.3233    45.0728    1.00000    1.00000
     1.00000   -22.8526    31.6567   -24.4573    1.00000    1.00000
     1.00000   -13.2488   -29.3838  -10.25721    1.00000    1.00000
     1.00000   -27.9982    27.7917  -0.887375    1.00000    1.00000
     1.00000    15.8781   -12.1130    16.1173    1.00000    1.00000
     1.00000    5.60950    45.1366   -3.80676    1.00000    1.00000
     1.00000    15.6376   -31.3657    13.2286    1.00000    1.00000
     1.00000   -41.9202    30.7330   -27.5295    1.00000    1.00000
     1.00000    23.8892   -13.2630    54.0903    1.00000    1.00000
     1.00000   -2.66242    16.3546   -35.4522    1.00000    1.00000
     1.00000    17.6928   -16.0729   -2.92914    1.00000    1.00000
     1.00000   -19.9210    7.30038   -7.09621    1.00000    1.00000
     1.00000    35.6504   -26.0333    19.4754    1.00000    1.00000
     1.00000   -1.17770    27.5140   -17.9859    1.00000    1.00000
     1.00000   -7.45915   -33.0203   -4.78756    1.00000    1.00000
     1.00000   -33.9498    26.9946   -17.4705    1.00000    1.00000
     1.00000    39.0255   -30.6864    33.9731    1.00000    1.00000
     1.00000   -11.2806    35.0433   -18.9107    1.00000    1.00000
     1.00000   -6.00763   -23.6079   -16.4473    1.00000    1.00000
     1.00000   -25.0235    21.0293   -2.25636    1.00000    1.00000
     1.00000    22.5961   -24.3442    14.2445    1.00000    1.00000
     1.00000   0.254257    49.0005   -2.83042    1.00000    1.00000
     1.00000    15.2610   -32.5279   -4.33720    1.00000    1.00000
     1.00000   -36.0923    27.2250   -27.0416    1.00000    1.00000
     1.00000    25.3883   -18.7253    70.0905    1.00000    1.00000
     1.00000   -3.56382    24.8623   -20.1748    1.00000    1.00000
     1.00000   -9.76098   -13.5765   -12.7918    1.00000    1.00000
     1.00000   -22.7434    1.91702   -9.69206    1.00000    1.00000
     1.00000    28.9504   -28.8058    21.2916    1.00000    1.00000
     1.00000    2.12515    27.1248   -8.25254    1.00000    1.00000
     1.00000    15.2401   -25.7322   0.431213    1.00000    1.00000
     1.00000   -23.0901    29.3877   -13.1429    1.00000    1.00000
     1.00000    37.0994   -26.7282    40.3912    1.00000    1.00000
     1.00000   -20.9764    31.9886   -22.4055    1.00000    1.00000
     1.00000   -11.1541   -21.3108   -8.67273    1.00000    1.00000
     1.00000   -23.9453   10.55102    6.23267    1.00000    1.00000
     1.00000    14.4426   -22.5566    19.1678    1.00000    1.00000
     1.00000    3.55977    45.8357   -1.28725    1.00000    1.00000
     1.00000    15.2493   -32.5096    5.27598    1.00000    1.00000
     1.00000   -38.9919    28.3846   -21.9768    1.00000    1.00000
     1.00000    33.7289   -14.9716    48.4966    1.00000    1.00000
     1.00000   -8.54723    18.8498   -21.7963    1.00000    1.00000
     1.00000   -1.86345   -21.9133   -7.30566    1.00000    1.00000
     1.00000   -12.9187   -9.16299   -13.5499    1.00000    1.00000
     1.00000    38.7423   -29.0381    20.4443    1.00000    1.00000
     1.00000   -1.54652    40.8589   -14.2141    1.00000    1.00000
     1.00000    3.96909   -35.7965   -3.09420    1.00000    1.00000
     1.00000   -38.5983    21.4782   -6.34542    1.00000    1.00000
     1.00000    35.3610   -30.1671    27.4359    1.00000    1.00000
     1.00000   -6.95827    27.7385   -17.6276    1.00000    1.00000
     1.00000   -8.04863   -25.2613   -14.5179    1.00000    1.00000
     1.00000   -29.2199    28.1073   -11.8404    1.00000    1.00000
     1.00000    17.5822   -25.1295    3.65938    1.00000    1.00000
     1.00000   -2.00789    40.5373   -7.71484    1.00000    1.00000
     1.00000    27.9033   -29.7380   -6.15639    1.00000    1.00000
     1.00000   -36.9062    12.7931   -32.5722    1.00000    1.00000
     1.00000    20.2953   -18.6732    71.4701    1.00000    1.00000
     1.00000   -4.61560    21.5572   -18.2936    1.00000    1.00000
     1.00000    9.52947   -14.9618   -6.72826    1.00000    1.00000
     1.00000   -23.9900    3.28938   -8.68608    1.00000    1.00000
     1.00000    23.0403   -23.5560    23.9989    1.00000    1.00000
     1.00000   -2.40176    18.8287   -4.36996    1.00000    1.00000
     1.00000  -0.565704   -27.6114   -1.39240    1.00000    1.00000
     1.00000   -18.0636    25.6527   -15.1019    1.00000    1.00000
     1.00000    37.5650   -27.1189    49.0068    1.00000    1.00000
     1.00000   -27.7326    27.0185   -25.8948    1.00000    1.00000
     1.00000   -8.31686   -28.7171   -9.36490    1.00000    1.00000
     1.00000   -26.2046    20.0095    6.21565    1.00000    1.00000
     1.00000    17.2046   -17.5736    17.8664    1.00000    1.00000
     1.00000   10.03416    47.1325   -6.00740    1.00000    1.00000
     1.00000    19.0770   -27.3985    2.58097    1.00000    1.00000
     1.00000   -38.3221    37.6287   -28.3407    1.00000    1.00000
     1.00000    22.4281   -11.0321    53.1037    1.00000    1.00000
     1.00000    3.53990    12.6423   -30.2081    1.00000    1.00000
     1.00000    4.95312   -17.7782   -2.13221    1.00000    1.00000
     1.00000   -16.9403    2.67589   -9.88164    1.00000    1.00000
     1.00000    37.9323   -23.8929    19.5090    1.00000    1.00000
     1.00000   -2.29213    35.3330   -14.9696    1.00000    1.00000
     1.00000   -4.56277   -28.1237   -8.91537    1.00000    1.00000
     1.00000   -29.6432    22.7428  -10.07626    1.00000    1.00000
     1.00000    38.4332   -28.2842    43.1006    1.00000    1.00000
     1.00000   -9.29194    30.8796   -16.8315    1.00000    1.00000
     1.00000   -2.46519   -26.9532   -15.6815    1.00000    1.00000
     1.00000   -20.0598    21.6774   -7.29474    1.00000    1.00000
     1.00000    21.5811   -18.4121    14.7949    1.00000    1.00000
     1.00000   -5.58663    38.1232   0.286613    1.00000    1.00000
     1.00000    14.1129   -28.1692   -2.40839    1.00000    1.00000
     1.00000   -34.7802    24.8552   -21.5775    1.00000    1.00000
     1.00000    23.1647   -24.5575    65.6056    1.00000    1.00000
     1.00000   -8.33498    22.2166   -24.6740    1.00000    1.00000
     1.00000  -0.608986   -9.01397   -14.9319    1.00000    1.00000
     1.00000   -23.2924    1.03974   -12.9648    1.00000    1.00000
     1.00000    37.9438   -28.1840    27.6735    1.00000    1.00000
     1.00000   0.580330    28.5103   -16.2292    1.00000    1.00000
     1.00000    7.32274   -27.1867   -2.16106    1.00000    1.00000
     1.00000   -33.0761    30.6030   -13.5192    1.00000    1.00000
     1.00000    31.8144   -22.1558    50.4482    1.00000    1.00000
     1.00000   -14.7643    33.6353   -22.7640    1.00000    1.00000
     1.00000   -5.86266   -26.6754   -9.37662    1.00000    1.00000
     1.00000   -23.4697    18.6451    4.29542    1.00000    1.00000
     1.00000    19.3625   -25.2632    25.6612    1.00000    1.00000
     1.00000   10.02429    37.7887   -5.93710    1.00000    1.00000
     1.00000    15.8706   -37.5656    8.07532    1.00000    1.00000
     1.00000   -40.6654    27.3081   -25.8332    1.00000    1.00000
     1.00000    28.5529   -16.8047    49.9399    1.00000    1.00000
     1.00000   -2.57834    15.9163   -28.7344    1.00000    1.00000
     1.00000   -2.25957   -20.6228   -11.0242    1.00000    1.00000
     1.00000   -16.7947   -5.01655   -15.1836    1.00000    1.00000
     1.00000    38.3883   -34.6892    18.5078    1.00000    1.00000
     1.00000   -2.51859    39.0016   -14.6200    1.00000    1.00000
     1.00000   -6.39696   -37.3701   -4.73695    1.00000    1.00000
     1.00000   -29.5054    21.1124   -13.3835    1.00000    1.00000
     1.00000    30.6055   -28.4458    29.1194    1.00000    1.00000
     1.00000   -2.67211    28.7246   -17.2238    1.00000    1.00000
     1.00000   -12.5156   -19.6841   -16.1852    1.00000    1.00000
     1.00000   -28.8642    24.7971   -6.79832    1.00000    1.00000
     1.00000    17.5532   -16.2658    2.54423    1.00000    1.00000
     1.00000  -0.780655    42.3167   -4.86893    1.00000    1.00000
     1.00000    22.2787   -34.1492   -6.24062    1.00000    1.00000
     1.00000   -40.5912    18.8326   -26.0047    1.00000    1.00000
     1.00000    21.5415   -12.2475    65.1490    1.00000    1.00000
     1.00000    1.23293    19.2226   -16.6725    1.00000    1.00000
     1.00000    5.37874   -15.0614   -8.35802    1.00000    1.00000
     1.00000   -25.9826    8.22215    1.78710    1.00000    1.00000
     1.00000    15.5055   -26.8992    22.5056    1.00000    1.00000
     1.00000    2.28960    20.9379   -6.21455    1.00000    1.00000
     1.00000   -4.47219   -30.6410   -2.72868    1.00000    1.00000
     1.00000   -14.5472    23.1623   -22.2229    1.00000    1.00000
     1.00000    41.2071   -20.1380    46.2612    1.00000    1.00000
     1.00000   -22.1292    34.4860   -28.0377    1.00000    1.00000
     1.00000   -16.5264   -23.2710   -7.38426    1.00000    1.00000
     1.00000   -23.0020    26.5211    4.09502    1.00000    1.00000
     1.00000    14.9673   -15.0228    16.7046    1.00000    1.00000
     1.00000    8.57558    51.6324   -2.80797    1.00000    1.00000
     1.00000    17.0281   -33.2531    13.0296    1.00000    1.00000
     1.00000   -40.1129    30.7201   -29.4736    1.00000    1.00000
     1.00000    17.3948   -12.8024    57.3214    1.00000    1.00000
     1.00000  -0.442245    14.9354   -30.4301    1.00000    1.00000
     1.00000    9.10583   -17.5642   -4.11453    1.00000    1.00000
     1.00000   -14.8010    6.10857   -8.62564    1.00000    1.00000
     1.00000    35.3163   -27.0504    16.7238    1.00000    1.00000
     1.00000   -2.10600    30.9806   -12.8663    1.00000    1.00000
     1.00000   -4.55659   -34.7878   -8.93290    1.00000    1.00000
     1.00000   -30.3425    25.5607   -21.2597    1.00000    1.00000
     1.00000    39.1843   -28.8937    36.5654    1.00000    1.00000
     1.00000   -11.1596    31.1501   -19.2921    1.00000    1.00000
     1.00000   -2.57102   -25.4531   -16.9999    1.00000    1.00000
     1.00000   -25.3177    23.2763   -4.79871    1.00000    1.00000
     1.00000    22.6468   -20.8718    13.8128    1.00000    1.00000
     1.00000   -2.59125    41.9641   -3.49340    1.00000    1.00000
     1.00000    16.3913   -33.8285   -1.18320    1.00000    1.00000
     1.00000   -36.5536    28.6935   -29.1540    1.00000    1.00000
     1.00000    20.9529   -17.4051    70.0703    1.00000    1.00000
     1.00000   -3.56303    24.6460   -22.1631    1.00000    1.00000
     1.00000   -6.87532   -8.46793   -14.9333    1.00000    1.00000
     1.00000   -26.8403   -2.73437   -11.1677    1.00000    1.00000
     1.00000    31.8923   -28.3705    25.1757    1.00000    1.00000
     1.00000    1.76718    20.3866   -8.43477    1.00000    1.00000
     1.00000    9.13329   -27.5153   0.215340    1.00000    1.00000
     1.00000   -21.1030    27.6875   -14.4069    1.00000    1.00000
     1.00000    37.1596   -26.8693    43.7135    1.00000    1.00000
     1.00000   -21.5123    31.6023   -18.4799    1.00000    1.00000
     1.00000   -13.7154   -22.4029   -9.40328    1.00000    1.00000
     1.00000   -25.7746    14.3726    5.40116    1.00000    1.00000
     1.00000    13.9860   -20.0699    20.5472    1.00000    1.00000
     1.00000    4.91634    40.1852   -3.30234    1.00000    1.00000
     1.00000    12.5451   -33.4349    7.03162    1.00000    1.00000
     1.00000   -41.3600    28.7852   -22.6206    1.00000    1.00000
     1.00000    29.3597   -12.8550    50.3625    1.00000    1.00000
     1.00000   -5.73086    19.4450   -23.8980    1.00000    1.00000
     1.00000    4.37233   -19.1903   -4.64217    1.00000    1.00000
     1.00000   -11.1974   -11.9654   -17.1438    1.00000    1.00000
     1.00000    38.4250   -32.1538    18.5154    1.00000    1.00000
     1.00000   0.246269    37.5185   -16.5548    1.00000    1.00000
     1.00000   -3.70177   -35.9657   -1.26764    1.00000    1.00000
     1.00000   -35.7477    22.2147   -8.93351    1.00000    1.00000
     1.00000    37.6398   -32.8903    32.7866    1.00000    1.00000
     1.00000   -5.83539    29.2382   -18.7603    1.00000    1.00000
     1.00000   -8.44332   -20.9877   -13.4586    1.00000    1.00000
     1.00000   -26.9154    24.6572   -12.4136    1.00000    1.00000
     1.00000    22.7718   -21.9606    7.12603    1.00000    1.00000
     1.00000   -4.18758    37.7633   -4.76783    1.00000    1.00000
     1.00000    24.4601   -31.7216   -6.91274    1.00000    1.00000
     1.00000   -36.5710    18.8951   -25.8230    1.00000    1.00000
     1.00000    18.0196   -15.7454    67.2354    1.00000    1.00000
     1.00000   -1.98717    18.6494   -15.7959    1.00000    1.00000
     1.00000    6.45038   -14.3343   -11.1317    1.00000    1.00000
     1.00000   -22.5407    4.66979   -1.49883    1.00000    1.00000
     1.00000    25.9102   -28.2156    22.1064    1.00000    1.00000
     1.00000   -1.62534    15.9324   -2.71416    1.00000    1.00000
     1.00000    4.81699   -25.1146    8.09326E-02    1.00000    1.00000
     1.00000   -16.5470    25.3650   -13.4994    1.00000    1.00000
     1.00000    39.2193   -24.7967    47.2483    1.00000    1.00000
     1.00000   -26.5677    31.1973   -24.4162    1.00000    1.00000
     1.00000   -8.15628   -30.6208   -12.9869    1.00000    1.00000
     1.00000   -28.4712    26.5685    3.77165    1.00000    1.00000
     1.00000    20.3069   -14.3905    14.2275    1.00000    1.00000
     1.00000    6.38947    46.3150   -7.09837    1.00000    1.00000
     1.00000    16.0812   -30.4160    5.50768    1.00000    1.00000
     1.00000   -38.5369    33.4547   -27.8731    1.00000    1.00000
     1.00000    26.4528   -12.0699    49.5410    1.00000    1.00000
     1.00000   0.338371    14.4696   -32.5359    1.00000    1.00000
     1.00000    7.98936   -13.0540  -0.378693    1.00000    1.00000
     1.00000   -17.6709  -0.776253   -13.5336    1.00000    1.00000
     1.00000    43.2368   -29.2322    20.5507    1.00000    1.00000
     1.00000   -4.57780    36.4794   -19.6420    1.00000    1.00000
     1.00000   -6.26732   -29.1336   -2.61031    1.00000    1.00000
     1.00000   -28.7097    28.8515   -14.8981    1.00000    1.00000
     1.00000    43.3052   -28.1935    42.5863    1.00000    1.00000
     1.00000   -12.4687    32.9918   -15.0058    1.00000    1.00000
     1.00000  -0.211411   -30.2219   -18.1563    1.00000    1.00000
     1.00000   -18.8570    22.9441   -8.41990    1.00000    1.00000
     1.00000    24.7744   -18.2166    11.1677    1.00000    1.00000
     1.00000   -5.52713    41.0201   -2.81408    1.00000    1.00000
     1.00000    15.5472   -28.9476    2.62614    1.00000    1.00000
     1.00000   -35.8561    26.9913   -16.8655    1.00000    1.00000
     1.00000    22.7836   -20.5098    66.1080    1.00000    1.00000
     1.00000   -5.11181    22.0818   -24.8263    1.00000    1.00000
     1.00000   -5.79668   -12.0952   -15.0143    1.00000    1.00000
     1.00000   -23.6749   0.542458   -15.8797    1.00000    1.00000
     1.00000    37.7201   -27.9882    23.9792    1.00000    1.00000
     1.00000    3.77785    26.9732   -12.8408    1.00000    1.00000
     1.00000    6.85785   -32.5600   -1.64040    1.00000    1.00000
     1.00000   -30.2624    32.1626   -15.8531    1.00000    1.00000
     1.00000    32.5315   -27.1734    48.5566    1.00000    1.00000
     1.00000   -15.2260    32.5639   -24.3885    1.00000    1.00000
     1.00000   -8.37397   -23.3726   -10.6054    1.00000    1.00000
     1.00000   -25.0906    14.4717    3.43638    1.00000    1.00000
     1.00000    17.5560   -23.0439    21.8385    1.00000    1.00000
     1.00000    6.01083    40.1659   -6.13013    1.00000    1.00000
     1.00000    18.4357   -37.2822    6.30090    1.00000    1.00000
     1.00000   -43.4309    27.7696   -27.4739    1.00000    1.00000
     1.00000    33.2920   -16.8867    47.4681    1.00000    1.00000
     1.00000   -2.65562    19.0339   -24.0316    1.00000    1.00000
     1.00000   -5.62279   -20.6579   -7.42751    1.00000    1.00000
     1.00000   -14.2028   -4.85040   -17.9991    1.00000    1.00000
     1.00000    38.6307   -34.3482    14.5112    1.00000    1.00000
     1.00000   -4.69293    40.5304   -9.07023    1.00000    1.00000
     1.00000   -2.92525   -35.7770   -5.06617    1.00000    1.00000
     1.00000   -33.6138    18.4590   -11.7397    1.00000    1.00000
     1.00000    31.0200   -30.3083    30.8994    1.00000    1.00000
     1.00000   -7.63454    27.4756   -15.7639    1.00000    1.00000
     1.00000  -10.15395   -25.7971   -11.7604    1.00000    1.00000
     1.00000   -29.7132    25.2098   -2.92745    1.00000    1.00000
     1.00000    18.4957   -20.5074    7.76714    1.00000    1.00000
     1.00000    3.30157    39.8537   -5.13799    1.00000    1.00000
     1.00000    18.1121   -32.2291   -8.04041    1.00000    1.00000
     1.00000   -35.5044    18.9542   -22.3866    1.00000    1.00000
     1.00000    17.2207   -13.4178    59.9851    1.00000    1.00000
     1.00000    2.30153    16.9198   -20.7425    1.00000    1.00000
     1.00000    4.26508   -14.2731   -10.7306    1.00000    1.00000
     1.00000   -23.5115    4.82444    1.37246    1.00000    1.00000
     1.00000    22.6181   -24.6616    18.0198    1.00000    1.00000
     1.00000   -1.50765    21.9553   -2.01036    1.00000    1.00000
     1.00000  -0.705307   -29.5989   -1.56657    1.00000    1.00000
     1.00000   -11.0501    21.8288   -25.6509    1.00000    1.00000
     1.00000    42.1267   -22.4601    43.2263    1.00000    1.00000
     1.00000   -21.9012    32.6280   -27.3336    1.00000    1.00000
     1.00000   -13.9391   -28.1158   -6.76443    1.00000    1.00000
     1.00000   -24.4612    26.8904   0.465378    1.00000    1.00000
     1.00000    13.7732   -12.9055    18.9208    1.00000    1.00000
     1.00000    7.30885    43.9582   -3.39475    1.00000    1.00000
     1.00000    15.8666   -28.4442    11.2325    1.00000    1.00000
     1.00000   -43.8170    31.1543   -30.1530    1.00000    1.00000
     1.00000    20.9833   -13.6069    54.3988    1.00000    1.00000
     1.00000   -2.33038    13.8524   -35.2144    1.00000    1.00000
     1.00000    15.0350   -16.3908   -4.17962    1.00000    1.00000
     1.00000   -19.3239    6.06725   -8.55322    1.00000    1.00000
     1.00000    39.4641   -26.0406    18.6611    1.00000    1.00000
     1.00000  -0.316711    30.2397   -15.7770    1.00000    1.00000
     1.00000   -6.05464   -32.8781   -3.37083    1.00000    1.00000
     1.00000   -31.8869    25.8521   -15.3990    1.00000    1.00000
     1.00000    37.1629   -30.8277    34.6880    1.00000    1.00000
     1.00000   -11.5434    32.6395   -18.0137    1.00000    1.00000
     1.00000   -4.23712   -21.0962   -16.1474    1.00000    1.00000
     1.00000   -24.1793    22.2769  -0.940811    1.00000    1.00000
     1.00000    25.6036   -25.4321    15.3913    1.00000    1.00000
     1.00000   -2.33005    47.0768  -0.371399    1.00000    1.00000
     1.00000    17.5250   -34.2924   -5.94532    1.00000    1.00000
     1.00000   -35.0426    26.4890   -25.5066    1.00000    1.00000
     1.00000    24.5379   -19.9433    71.4297    1.00000    1.00000
     1.00000   -3.93090    24.3427   -17.6506    1.00000    1.00000
     1.00000   -8.38336   -13.7241   -11.0963    1.00000    1.00000
     1.00000   -24.2394    2.79613   -10.6865    1.00000    1.00000
     1.00000    29.8783   -27.8351    22.7738    1.00000    1.00000
     1.00000    2.90979    26.5326   -11.0937    1.00000    1.00000
     1.00000    12.4328   -25.8295   -2.17316    1.00000    1.00000
     1.00000   -23.0697    28.0038   -14.5866    1.00000    1.00000
     1.00000    35.7392   -24.5602    41.3021    1.00000    1.00000
     1.00000   -17.2597    32.9977   -21.4157    1.00000    1.00000
     1.00000   -12.7603   -20.1364   -8.47075    1.00000    1.00000
     1.00000   -20.0484    9.10952    4.57845    1.00000    1.00000
     1.00000    15.1247   -21.6306    23.3091    1.00000    1.00000
     1.00000    5.83672    42.9583   -1.35138    1.00000    1.00000
     1.00000    12.9717   -34.4192    5.26205    1.00000    1.00000
     1.00000   -39.5911    27.2296   -24.1480    1.00000    1.00000
     1.00000    31.2982   -13.9889    50.4260    1.00000    1.00000
     1.00000   -9.59269    17.1767   -21.4683    1.00000    1.00000
     1.00000   -4.80289   -20.9660   -5.62951    1.00000    1.00000
     1.00000   -13.6977   -5.52131   -11.1393    1.00000    1.00000
     1.00000    40.3721   -29.6676    17.3595    1.00000    1.00000
     1.00000   -2.32018    41.1414   -16.0367    1.00000    1.00000
     1.00000   -1.07183   -34.8591   -4.31876    1.00000    1.00000
     1.00000   -40.9831    18.3606   -5.61684    1.00000    1.00000
     1.00000    34.1363   -31.3688    30.1201    1.00000    1.00000
     1.00000   -5.88015    30.0119   -16.9166    1.00000    1.00000
     1.00000   -8.99751   -26.4765   -13.2439    1.00000    1.00000
     1.00000   -28.9274    29.5237  -10.45905    1.00000    1.00000
     1.00000    19.1486   -23.2876    4.96123    1.00000    1.00000
     1.00000   -4.78584    38.5412   -8.40463    1.00000    1.00000
     1.00000    26.2137   -30.4936   -5.39848    1.00000    1.00000
     1.00000   -36.9838    14.7072   -29.1084    1.00000    1.00000
     1.00000    20.9429   -21.4410    74.0102    1.00000    1.00000
     1.00000   -3.28769    20.3418   -19.1651    1.00000    1.00000
     1.00000    7.43764   -17.6530   -8.25457    1.00000    1.00000
     1.00000   -21.4081    4.87267   -7.79504    1.00000    1.00000
     1.00000    21.0871   -26.2759    25.6583    1.00000    1.00000
     1.00000   -1.21365    19.9821   -2.15159    1.00000    1.00000
     1.00000    2.63643   -27.6918   -1.21389    1.00000    1.00000
     1.00000   -21.2767    25.9059   -17.0723    1.00000    1.00000
     1.00000    37.4446   -25.5795    47.7357    1.00000    1.00000
     1.00000   -25.6687    26.5795   -26.6604    1.00000    1.00000
     1.00000   -11.4735   -26.7233   -9.95410    1.00000    1.00000
     1.00000   -24.5677    18.8779    8.82863    1.00000    1.00000
     1.00000    16.8464   -13.0255    18.7714    1.00000    1.00000
     1.00000    10.8260    46.5529   -8.66959    1.00000    1.00000
     1.00000    17.8450   -29.6549    4.95123    1.00000    1.00000
     1.00000   -36.3993    39.5598   -27.7808    1.00000    1.00000
     1.00000    24.3453   -11.3119    51.8930    1.00000    1.00000
     1.00000    4.24957    13.0808   -28.3903    1.00000    1.00000
     1.00000    7.38196   -16.6552   -3.66496    1.00000    1.00000
     1.00000   -20.0726    4.91553  -10.00682    1.00000    1.00000
     1.00000    42.3891   -26.4825    22.2295    1.00000    1.00000
     1.00000   -1.85236    36.0763   -16.8911    1.00000    1.00000
     1.00000   -5.31288   -29.8191   -8.16514    1.00000    1.00000
     1.00000   -30.7021    24.9076   -14.0935    1.00000    1.00000
     1.00000    39.6687   -28.0562    41.5444    1.00000    1.00000
     1.00000   -9.10337    32.8479   -16.5309    1.00000    1.00000
     1.00000   -2.87540   -28.6991   -19.5239    1.00000    1.00000
     1.00000   -19.9547    21.5274   -5.30315    1.00000    1.00000
     1.00000    20.6367   -16.0633    12.0904    1.00000    1.00000
     1.00000   -7.36790    40.8053   -1.28971    1.00000    1.00000
     1.00000    15.9080   -27.8024  -0.897354    1.00000    1.00000
     1.00000   -34.7377    24.3304   -23.9252    1.00000    1.00000
     1.00000    23.4946   -22.6488    65.1075    1.00000    1.00000
     1.00000   -7.59564    21.4488   -22.6626    1.00000    1.00000
     1.00000   0.124542   -10.9096   -13.1192    1.00000    1.00000
     1.00000   -23.2058   0.198570   -11.1523    1.00000    1.00000
     1.00000    34.8997   -27.9627    23.7637    1.00000    1.00000
     1.00000   0.457825    28.0123   -12.1427    1.00000    1.00000
     1.00000    5.72255   -28.8730   -2.15099    1.00000    1.00000
     1.00000   -34.2020    28.7155   -12.3902    1.00000    1.00000
     1.00000    31.4071   -25.6348    49.1634    1.00000    1.00000
     1.00000   -14.3144    30.4467   -22.0100    1.00000    1.00000
     1.00000   -4.24631   -25.9101  -10.27203    1.00000    1.00000
     1.00000   -25.0453    17.4253    4.12373    1.00000    1.00000
     1.00000    18.6389   -23.9873    24.3015    1.00000    1.00000
     1.00000    8.65417    39.5528   -4.07674    1.00000    1.00000
     1.00000    12.7701   -36.2125    6.12432    1.00000    1.00000
     1.00000   -42.6500    27.4807   -25.6555    1.00000    1.00000
     1.00000    30.6802   -14.6445    48.2303    1.00000    1.00000
     1.00000   0.862000    18.1525   -27.9836    1.00000    1.00000
     1.00000   -1.53937   -22.0773   -12.8606    1.00000    1.00000
     1.00000   -18.0278   -2.33150   -14.7393    1.00000    1.00000
     1.00000    36.7797   -32.8956    20.3590    1.00000    1.00000
     1.00000  -0.667923    38.8345   -13.7519    1.00000    1.00000
     1.00000   -4.13632   -36.9024   -6.90524    1.00000    1.00000
     1.00000   -29.4331    23.0411   -13.9076    1.00000    1.00000
     1.00000    33.3386   -28.1348    30.7599    1.00000    1.00000
     1.00000   -6.11055    26.4094   -15.0285    1.00000    1.00000
     1.00000   -11.5909   -24.5364   -16.1634    1.00000    1.00000
     1.00000   -30.1154    25.8757   -4.76994    1.00000    1.00000
     1.00000    18.4291   -18.4160    3.37461    1.00000    1.00000
     1.00000    9.59091E-02    39.4642   -7.02281    1.00000    1.00000
     1.00000    22.0773   -33.2457   -4.46774    1.00000    1.00000
     1.00000   -36.8717    18.9354   -23.8461    1.00000    1.00000
     1.00000    19.9965   -13.4282    65.6169    1.00000    1.00000
     1.00000    1.10044    18.4382   -19.9215    1.00000    1.00000
     1.00000    5.37236   -17.8682   -5.76111    1.00000    1.00000
     1.00000   -22.8387    8.62824    2.33633    1.00000    1.00000
     1.00000    19.5052   -26.4424    19.6615    1.00000    1.00000
     1.00000    1.57651    22.5844   -5.33117    1.00000    1.00000
     1.00000   -2.17589   -31.9358   -4.26573    1.00000    1.00000
     1.00000   -15.0997    24.2407   -19.5311    1.00000    1.00000
     1.00000    39.7298   -19.2856    47.3056    1.00000    1.00000
     1.00000   -21.0344    34.7464   -30.0125    1.00000    1.00000
     1.00000   -13.2127   -25.0030   -8.60328    1.00000    1.00000
     1.00000   -24.9458    26.6140    5.55730    1.00000    1.00000
     1.00000    17.1424   -13.0066    14.8512    1.00000    1.00000
     1.00000    8.39897    48.5787   -4.69063    1.00000    1.00000
     1.00000    16.3147   -34.6648    14.2536    1.00000    1.00000
     1.00000   -38.4404    29.6505   -27.3648    1.00000    1.00000
     1.00000    19.4491   -12.6095    57.5019    1.00000    1.00000
     1.00000    2.34522    13.6244   -28.6695    1.00000    1.00000
     1.00000    11.6664   -18.1329   -3.57071    1.00000    1.00000
     1.00000   -11.7719    7.59907  -10.24763    1.00000    1.00000
     1.00000    33.2160   -25.2731    18.1636    1.00000    1.00000
     1.00000   0.209068    30.1568  -10.27530    1.00000    1.00000
     1.00000   -5.50024   -32.2816   -5.19752    1.00000    1.00000
     1.00000   -31.8199    25.0736   -18.7479    1.00000    1.00000
     1.00000    39.4259   -29.8537    39.6735    1.00000    1.00000
     1.00000  -10.01107    29.8056   -18.3577    1.00000    1.00000
     1.00000   -1.22115   -23.1334   -17.0238    1.00000    1.00000
     1.00000   -26.0027    21.6296   -3.89361    1.00000    1.00000
     1.00000    24.8927   -21.4197    13.7078    1.00000    1.00000
     1.00000   -1.83681    43.7551   -3.96584    1.00000    1.00000
     1.00000    18.3217   -33.8496    1.27301    1.00000    1.00000
     1.00000   -35.8944    29.2412   -30.9610    1.00000    1.00000
     1.00000    23.0920   -16.1622    67.9774    1.00000    1.00000
     1.00000   -5.42726    23.9577   -21.9374    1.00000    1.00000
     1.00000   -8.22016   -11.8415   -14.5786    1.00000    1.00000
     1.00000   -23.7689  -0.478821   -9.35675    1.00000    1.00000
     1.00000    31.5002   -30.4850    25.3306    1.00000    1.00000
     1.00000    3.75683    23.2135  -10.00971    1.00000    1.00000
     1.00000   10.45857   -26.0789   -1.97313    1.00000    1.00000
     1.00000   -23.1382    24.5376   -13.9624    1.00000    1.00000
     1.00000    36.5261   -27.1692    45.5866    1.00000    1.00000
     1.00000   -19.3428    29.6344   -20.6920    1.00000    1.00000
     1.00000   -13.1424   -21.3361   -12.4396    1.00000    1.00000
     1.00000   -27.2924    11.4463    7.41555    1.00000    1.00000
     1.00000    16.6999   -16.6440    19.5638    1.00000    1.00000
     1.00000    3.39836    39.8351  -0.804298    1.00000    1.00000
     1.00000    13.1869   -35.7216   10.50019    1.00000    1.00000
     1.00000   -38.8089    30.3761   -21.9649    1.00000    1.00000
     1.00000    32.8321   -14.7157    52.4342    1.00000    1.00000
     1.00000   -6.05173    18.1741   -22.3874    1.00000    1.00000
     1.00000    1.35645   -18.4135   -5.54465    1.00000    1.00000
     1.00000   -11.8280   -9.05445   -15.2228    1.00000    1.00000
     1.00000    38.9278   -30.9938    16.9656    1.00000    1.00000
     1.00000   0.963211    40.4125   -16.9747    1.00000    1.00000
     1.00000   -2.73131   -35.0229   -3.21454    1.00000    1.00000
     1.00000   -33.4125    19.9059   -7.47172    1.00000    1.00000
     1.00000    35.7138   -33.2038    33.2252    1.00000    1.00000
     1.00000   -6.17671    31.7165   -20.0554    1.00000    1.00000
     1.00000   -5.37739   -21.4042   -12.0567    1.00000    1.00000
     1.00000   -27.3336    27.4390  -10.41525    1.00000    1.00000
     1.00000    22.3546   -19.6345    8.26514    1.00000    1.00000
     1.00000   -6.61356    36.5406   -9.02071    1.00000    1.00000
     1.00000    23.8080   -31.8693   -8.97271    1.00000    1.00000
     1.00000   -39.7053    16.5800   -28.3946    1.00000    1.00000
     1.00000    16.9810   -18.0930    69.8103    1.00000    1.00000
     1.00000    1.43668    18.0173   -14.5471    1.00000    1.00000
     1.00000    8.67607   -18.3010  -10.19843    1.00000    1.00000
     1.00000   -22.5567    6.90247   -4.55553    1.00000    1.00000
     1.00000    25.0396   -27.4445    23.7335    1.00000    1.00000
     1.00000    1.65710    15.0500   -2.66973    1.00000    1.00000
     1.00000    5.99063   -24.9103    3.87112    1.00000    1.00000
     1.00000   -15.9329    25.2708   -18.0328    1.00000    1.00000
     1.00000    40.3323   -23.1765    45.7941    1.00000    1.00000
     1.00000   -26.3888    28.4537   -23.2101    1.00000    1.00000
     1.00000   -8.89945   -28.8776   -11.2714    1.00000    1.00000
     1.00000   -26.4533    21.9843    6.41166    1.00000    1.00000
     1.00000    17.8211   -16.4327    14.3798    1.00000    1.00000
     1.00000    8.29749    49.1573   -6.60241    1.00000    1.00000
     1.00000    15.4021   -29.9651    7.90403    1.00000    1.00000
     1.00000   -39.5665    35.4788   -27.1911    1.00000    1.00000
     1.00000    25.6835   -12.5866    53.5218    1.00000    1.00000
     1.00000   0.365921    12.5936   -34.3904    1.00000    1.00000
     1.00000    8.05658   -15.0701   0.486423    1.00000    1.00000
     1.00000   -16.8095    1.14156   -11.1579    1.00000    1.00000
     1.00000    42.2701   -26.2364    19.9590    1.00000    1.00000
     1.00000   -2.64417    34.9092   -19.0381    1.00000    1.00000
     1.00000   -7.79874   -31.0962   -4.36063    1.00000    1.00000
     1.00000   -29.9703    27.3007   -14.9757    1.00000    1.00000
     1.00000    41.3572   -28.8730    40.8506    1.00000    1.00000
     1.00000   -12.6757    36.7917   -15.7968    1.00000    1.00000
     1.00000    1.23601   -30.3275   -19.5325    1.00000    1.00000
     1.00000   -18.1385    21.2461   -7.64494    1.00000    1.00000
     1.00000    23.3714   -20.6283    10.7935    1.00000    1.00000
     1.00000   -2.43593    42.4621  -0.891365    1.00000    1.00000
     1.00000    15.3430   -30.4685   -7.97195E-02    1.00000    1.00000
     1.00000   -36.7286    26.2027   -18.4832    1.00000    1.00000
     1.00000    21.9896   -20.9582    64.3280    1.00000    1.00000
     1.00000   -4.30530    22.2046   -23.0003    1.00000    1.00000
     1.00000   -3.40872   -11.8839   -14.3909    1.00000    1.00000
     1.00000   -23.9562   -2.13688   -13.7676    1.00000    1.00000
     1.00000    35.4996   -28.1132    21.0513    1.00000    1.00000
     1.00000    2.36693    29.6841   -15.0449    1.00000    1.00000
     1.00000    6.19536   -35.4919  -0.291283    1.00000    1.00000
     1.00000   -27.0590    30.9373   -15.4916    1.00000    1.00000
     1.00000    34.0543   -29.0467    46.5656    1.00000    1.00000
     1.00000   -17.1784    34.1663   -23.9117    1.00000    1.00000
     1.00000   -6.24297   -24.8056   -8.14094    1.00000    1.00000
     1.00000   -21.8393    16.4746    4.59759    1.00000    1.00000
     1.00000    16.6885   -23.0738    20.0367    1.00000    1.00000
     1.00000    8.98238    38.1200   -7.69452    1.00000    1.00000
     1.00000    16.3087   -38.8815    4.68132    1.00000    1.00000
     1.00000   -45.0550    23.8989   -27.0356    1.00000    1.00000
     1.00000    34.7575   -17.2057    48.7912    1.00000    1.00000
     1.00000   -1.02220    16.1959   -25.5824    1.00000    1.00000
     1.00000   -1.57721   -21.6345   -9.43964    1.00000    1.00000
     1.00000   -12.3212   -7.58971   -16.4921    1.00000    1.00000
     1.00000    39.0094   -35.1910    16.2850    1.00000    1.00000
     1.00000   -1.41750    39.8452   -10.9251    1.00000    1.00000
     1.00000   -2.17136   -37.9000   -5.52348    1.00000    1.00000
     1.00000   -33.2222    19.6401  -10.17387    1.00000    1.00000
     1.00000    30.0725   -31.8714    25.5290    1.00000    1.00000
     1.00000   -8.02734    25.7938   -16.7726    1.00000    1.00000
     1.00000   -12.2790   -24.6857   -14.2915    1.00000    1.00000
     1.00000   -26.5655    24.2232   -3.55518    1.00000    1.00000
     1.00000    18.6137   -19.8339    4.77299    1.00000    1.00000
     1.00000    3.24410    38.0727   -6.04619    1.00000    1.00000
     1.00000    20.7817   -32.2150   -7.85538    1.00000    1.00000
     1.00000   -36.2504    20.7182   -22.9628    1.00000    1.00000
     1.00000    18.3323   -12.4129    63.2441    1.00000    1.00000
     1.00000   -1.39590    16.1684   -19.4970    1.00000    1.00000
     1.00000    1.69767   -12.3046   -14.1956    1.00000    1.00000
     1.00000   -24.4933    8.28660   0.335594    1.00000    1.00000
     1.00000    23.6135   -26.1408    20.2656    1.00000    1.00000
     1.00000   0.597397    21.2576   -4.19939    1.00000    1.00000
     1.00000   -3.18297   -29.4053   -5.12629    1.00000    1.00000
     1.00000   -10.9025    23.1722   -27.1252    1.00000    1.00000
     1.00000    41.6944   -20.4177    44.2362    1.00000    1.00000
     1.00000   -21.1253    32.6505   -24.2869    1.00000    1.00000
     1.00000   -14.4559   -29.6017   -11.8369    1.00000    1.00000
     1.00000   -26.0648    27.3432  -0.640633    1.00000    1.00000
     1.00000    14.1816   -13.1274    16.4224    1.00000    1.00000
     1.00000    6.76328    44.4034   -5.26667    1.00000    1.00000
     1.00000    16.6300   -29.7893    12.5005    1.00000    1.00000
     1.00000   -41.9826    31.4270   -29.4042    1.00000    1.00000
     1.00000    22.6252   -13.9029    55.5018    1.00000    1.00000
     1.00000   -3.92747    14.8627   -35.8690    1.00000    1.00000
     1.00000    19.6081   -15.8147   -3.44379    1.00000    1.00000
     1.00000   -19.4365    8.07964   -8.87328    1.00000    1.00000
     1.00000    37.6484   -26.1203    19.4959    1.00000    1.00000
     1.00000  -0.826431    29.4302   -17.5333    1.00000    1.00000
     1.00000   -9.31020   -33.7271   -5.05984    1.00000    1.00000
     1.00000   -34.6676    25.1571   -17.7996    1.00000    1.00000
     1.00000    38.2180   -29.0660    34.8228    1.00000    1.00000
     1.00000   -12.4365    34.3532   -20.3898    1.00000    1.00000
     1.00000   -4.73552   -23.7087   -17.9873    1.00000    1.00000
     1.00000   -24.8390    19.0430   -2.11256    1.00000    1.00000
     1.00000    21.7193   -25.4710    12.8440    1.00000    1.00000
     1.00000   -1.38116    49.0124   -1.67922    1.00000    1.00000
     1.00000    16.5775   -32.7320   -2.84544    1.00000    1.00000
     1.00000   -37.4965    25.8863   -27.5277    1.00000    1.00000
     1.00000    24.1258   -18.5703    68.5471    1.00000    1.00000
     1.00000   -2.42155    25.2656   -18.5834    1.00000    1.00000
     1.00000   -11.3825   -12.6397   -13.4940    1.00000    1.00000
     1.00000   -21.6460   0.333397   -9.15538    1.00000    1.00000
     1.00000    27.5036   -27.4288    21.1889    1.00000    1.00000
     1.00000   0.861656    27.2501   -6.70727    1.00000    1.00000
     1.00000    16.4797   -25.1748   -1.03604    1.00000    1.00000
     1.00000   -23.0651    30.5220   -11.4958    1.00000    1.00000
     1.00000    36.2758   -25.1556    39.4698    1.00000    1.00000
     1.00000   -22.9199    31.7601   -21.9927    1.00000    1.00000
     1.00000   -9.89712   -22.3069   -9.86768    1.00000    1.00000
     1.00000   -22.9072    9.83544    4.68012    1.00000    1.00000
     1.00000    15.5744   -21.2045    20.1117    1.00000    1.00000
     1.00000    4.78555    44.4836   -2.10534    1.00000    1.00000
     1.00000    13.2573   -32.4481    5.44448    1.00000    1.00000
     1.00000   -39.1179    26.3905   -21.8887    1.00000    1.00000
     1.00000    34.7816   -13.5057    49.3585    1.00000    1.00000
     1.00000   -6.79273    19.5891   -21.1838    1.00000    1.00000
     1.00000   -9.77631E-02   -20.9876   -7.14631    1.00000    1.00000
     1.00000   -12.4367   -7.24780   -13.8658    1.00000    1.00000
     1.00000    39.9882   -30.0812    19.2782    1.00000    1.00000
     1.00000   0.218475    40.7281   -15.1456    1.00000    1.00000
     1.00000    2.03188   -36.2522   -2.89548    1.00000    1.00000
     1.00000   -38.4562    23.4729   -6.37563    1.00000    1.00000
     1.00000    33.6535   -30.3666    28.4581    1.00000    1.00000
     1.00000   -7.67952    29.6030   -17.6880    1.00000    1.00000
     1.00000   -7.91838   -23.8164   -15.8945    1.00000    1.00000
     1.00000   -29.7545    27.5954   -9.98239    1.00000    1.00000
     1.00000    18.2604   -24.9851    5.53533    1.00000    1.00000
     1.00000   -3.67200    39.5987   -7.12357    1.00000    1.00000
     1.00000    27.4452   -28.3835   -4.75797    1.00000    1.00000
     1.00000   -36.5700    10.9181   -31.9626    1.00000    1.00000
     1.00000    18.6440   -17.7248    70.8586    1.00000    1.00000
     1.00000   -4.90292    22.3039   -20.1267    1.00000    1.00000
     1.00000    7.69651   -14.2024   -6.47602    1.00000    1.00000
     1.00000   -22.1531    3.78744   -9.30079    1.00000    1.00000
     1.00000    22.8594   -25.2843    24.9890    1.00000    1.00000
     1.00000   -2.58322    20.7974   -4.67209    1.00000    1.00000
     1.00000  -0.237885   -27.6286   0.580471    1.00000    1.00000
     1.00000   -17.4625    24.8289   -16.8224    1.00000    1.00000
     1.00000    35.6078   -26.7085    48.9770    1.00000    1.00000
     1.00000   -28.7083    28.7573   -25.7393    1.00000    1.00000
     1.00000  -10.21486   -28.1004   -9.23328    1.00000    1.00000
     1.00000   -24.5374    18.9344    5.96167    1.00000    1.00000
     1.00000    17.5751   -16.1027    16.5628    1.00000    1.00000
     1.00000    11.7869    46.3349   -6.54755    1.00000    1.00000
     1.00000    18.4277   -26.7954    4.37392    1.00000    1.00000
     1.00000   -36.5150    37.5852   -27.4848    1.00000    1.00000
     1.00000    22.3863   -11.2394    55.0924    1.00000    1.00000
     1.00000    2.95110    11.8870   -31.9638    1.00000    1.00000
     1.00000    5.96889   -18.8385   -3.49012    1.00000    1.00000
     1.00000   -18.8215    2.75587  -10.55585    1.00000    1.00000
     1.00000    39.3096   -25.0455    20.3890    1.00000    1.00000
     1.00000   -1.05785    33.7925   -14.6482    1.00000    1.00000
     1.00000   -5.83010   -28.7514  -10.32954    1.00000    1.00000
     1.00000   -30.3074    24.4793   -10.8133    1.00000    1.00000
     1.00000    40.0645   -28.4256    44.2491    1.00000    1.00000
     1.00000   -7.35123    31.3581   -16.7628    1.00000    1.00000
     1.00000   -2.64111   -27.6988   -17.5289    1.00000    1.00000
     1.00000   -21.7600    22.7241   -7.17804    1.00000    1.00000
     1.00000    22.4802   -19.0067    13.1102    1.00000    1.00000
     1.00000   -5.17317    40.0795   0.329323    1.00000    1.00000
     1.00000    14.2482   -28.8580  -0.535645    1.00000    1.00000
     1.00000   -33.8008    23.3489   -22.4559    1.00000    1.00000
     1.00000    22.3577   -24.9354    63.8150    1.00000    1.00000
     1.00000   -9.09231    23.1452   -26.2753    1.00000    1.00000
     1.00000   -2.00372  -10.39448   -15.3177    1.00000    1.00000
     1.00000   -24.3615    1.79290   -14.4779    1.00000    1.00000
     1.00000    36.4214   -27.5950    26.5179    1.00000    1.00000
     1.00000    1.86568    27.0581   -15.7403    1.00000    1.00000
     1.00000    6.08884   -27.6272   -3.67215    1.00000    1.00000
     1.00000   -31.7141    31.5879   -14.6032    1.00000    1.00000
     1.00000    32.1331   -24.0854    50.8666    1.00000    1.00000
     1.00000   -13.1315    33.0696   -21.7571    1.00000    1.00000
     1.00000   -7.77016   -26.8816   -9.94134    1.00000    1.00000
     1.00000   -22.6038    18.5927    2.49335    1.00000    1.00000
     1.00000    18.0421   -26.7617    25.5559    1.00000    1.00000
     1.00000    8.42067    36.6919   -6.41190    1.00000    1.00000
     1.00000    14.0945   -36.8642    7.48109    1.00000    1.00000
     1.00000   -41.2907    29.1652   -26.2334    1.00000    1.00000
     1.00000    30.0309   -15.4572    49.9385    1.00000    1.00000
     1.00000  -0.578690    15.9261   -28.6981    1.00000    1.00000
     1.00000   -3.40894   -21.6910   -12.2644    1.00000    1.00000
     1.00000   -15.5758   -6.18197   -16.2588    1.00000    1.00000
     1.00000    38.9165   -35.9243    19.9894    1.00000    1.00000
     1.00000   -2.19730    39.6536   -12.7568    1.00000    1.00000
     1.00000   -5.28181   -35.9390   -5.57865    1.00000    1.00000
     1.00000   -30.5556    19.9174   -12.1715    1.00000    1.00000
     1.00000    32.3179   -29.3761    29.5694    1.00000    1.00000
     1.00000   -3.21040    26.8446   -17.6430    1.00000    1.00000
     1.00000   -11.4790   -21.0619   -15.1717    1.00000    1.00000
     1.00000   -27.8307    24.9432   -8.50432    1.00000    1.00000
     1.00000    18.7204   -17.5017    1.49061    1.00000    1.00000
     1.00000   0.648155    43.6562   -5.27425    1.00000    1.00000
     1.00000    22.6908   -32.5416   -7.35682    1.00000    1.00000
     1.00000   -38.7666    19.3775   -25.3931    1.00000    1.00000
     1.00000    19.9619   -11.0809    65.5283    1.00000    1.00000
     1.00000   0.537628    17.9633   -18.0620    1.00000    1.00000
     1.00000    3.49123   -14.7857   -8.95908    1.00000    1.00000
     1.00000   -24.4955    7.75756    3.04127    1.00000    1.00000
     1.00000    16.9243   -27.5919    21.2780    1.00000    1.00000
     1.00000   0.941597    19.5816   -6.80061    1.00000    1.00000
     1.00000   -2.48094   -30.8071   -2.64306    1.00000    1.00000
     1.00000   -14.4477    22.3397   -24.0433    1.00000    1.00000
     1.00000    42.9350   -19.9598    47.2524    1.00000    1.00000
     1.00000   -24.0166    34.4296   -27.3786    1.00000    1.00000
     1.00000   -14.7100   -23.8098   -8.02477    1.00000    1.00000
     1.00000   -24.1042    28.1256    4.55407    1.00000    1.00000
     1.00000    16.3573   -14.7942    15.2849    1.00000    1.00000
     1.00000    9.15229    49.7755   -3.27639    1.00000    1.00000
     1.00000    16.7598   -31.8380    11.6419    1.00000    1.00000
     1.00000   -38.7353    31.5009   -28.2520    1.00000    1.00000
     1.00000    18.4469   -14.0092    58.5200    1.00000    1.00000
     1.00000   -1.98548    14.0506   -31.3442    1.00000    1.00000
     1.00000   10.44533   -16.6922   -2.91226    1.00000    1.00000
     1.00000   -16.7470    6.13079   -8.16460    1.00000    1.00000
     1.00000    33.6826   -27.1954    17.8683    1.00000    1.00000
     1.00000   -1.23410    32.7793   -12.9329    1.00000    1.00000
     1.00000   -3.78564   -33.0673   -8.26545    1.00000    1.00000
     1.00000   -32.3105    25.5155   -20.9062    1.00000    1.00000
     1.00000    38.6204   -27.0916    37.2247    1.00000    1.00000
     1.00000   -12.5539    30.8541   -17.8891    1.00000    1.00000
     1.00000   -2.01707   -25.0680   -15.1172    1.00000    1.00000
     1.00000   -23.5096    22.7770   -4.10488    1.00000    1.00000
     1.00000    23.3765   -22.6936    13.4279    1.00000    1.00000
     1.00000   -4.18412    43.1333   -3.80306    1.00000    1.00000
     1.00000    16.1093   -32.3084    8.56361E-02    1.00000    1.00000
     1.00000   -37.8485    27.8184   -27.9060    1.00000    1.00000
     1.00000    22.2575   -17.8607    68.6245    1.00000    1.00000
     1.00000   -1.73866    24.0073   -22.6767    1.00000    1.00000
     1.00000   -7.09615  -10.26379   -14.0812    1.00000    1.00000
     1.00000   -24.9276   -2.27544   -10.8063    1.00000    1.00000
     1.00000    32.9408   -26.8488    25.9405    1.00000    1.00000
     1.00000    2.23810    22.1393   -9.27512    1.00000    1.00000
     1.00000    9.50011   -25.5494   0.241287    1.00000    1.00000
     1.00000   -20.1344    27.4771   -16.1441    1.00000    1.00000
     1.00000    38.1044   -26.2657    42.0573    1.00000    1.00000
     1.00000   -21.1453    31.9617   -20.4128    1.00000    1.00000
     1.00000   -13.6993   -20.5620  -10.18462    1.00000    1.00000
     1.00000   -26.0566    12.7458    6.52988    1.00000    1.00000
     1.00000    14.6802   -18.3218    19.8673    1.00000    1.00000
     1.00000    4.74779    41.2282   -5.00049    1.00000    1.00000
     1.00000    12.7329   -34.2051    8.86780    1.00000    1.00000
     1.00000   -41.5358    28.7329   -20.6290    1.00000    1.00000
     1.00000    30.4712   -12.8605    52.0252    1.00000    1.00000
     1.00000   -4.36328    18.1858   -24.6356    1.00000    1.00000
     1.00000    3.46905   -20.4403   -5.91557    1.00000    1.00000
     1.00000   -9.94523   -11.8250   -15.5906    1.00000    1.00000
     1.00000    36.4612   -32.5204    18.4205    1.00000    1.00000
     1.00000   -1.03677    37.4558   -18.0877    1.00000    1.00000
     1.00000   -4.00530   -36.5634   -3.15195    1.00000    1.00000
     1.00000   -37.0427    22.5477   -7.44624    1.00000    1.00000
     1.00000    38.2396   -31.0823    32.1770    1.00000    1.00000
     1.00000   -7.01260    29.9081   -20.2319    1.00000    1.00000
     1.00000   -7.60606   -22.1239   -14.8757    1.00000    1.00000
     1.00000   -26.5102    25.6422   -10.7207    1.00000    1.00000
     1.00000    20.9140   -21.4415    6.59763    1.00000    1.00000
     1.00000   -5.98846    37.9119   -5.62497    1.00000    1.00000
     1.00000    23.1455   -31.2247   -5.48974    1.00000    1.00000
     1.00000   -37.8754    17.7006   -26.7566    1.00000    1.00000
     1.00000    18.6354   -13.8550    67.0188    1.00000    1.00000
     1.00000   -1.81275    20.2716   -14.6391    1.00000    1.00000
     1.00000    7.53632   -14.6888   -9.49010    1.00000    1.00000
     1.00000   -23.0122    6.14887   -2.75979    1.00000    1.00000
     1.00000    25.4251   -26.8521    20.7261    1.00000    1.00000
     1.00000   -1.46182    17.4028   -1.36835    1.00000    1.00000
     1.00000    3.50240   -26.6143   0.231487    1.00000    1.00000
     1.00000   -15.6860    26.3548   -15.0091    1.00000    1.00000
     1.00000    41.1586   -25.1066    46.8698    1.00000    1.00000
     1.00000   -24.6317    30.8247   -24.0798    1.00000    1.00000
     1.00000  -10.05199   -29.9835   -12.9967    1.00000    1.00000
     1.00000   -27.7821    25.1148    4.95995    1.00000    1.00000
     1.00000    21.7580   -14.6007    12.8673    1.00000    1.00000
     1.00000    5.97431    46.2555   -9.05390    1.00000    1.00000
     1.00000    14.5278   -31.1379    6.54010    1.00000    1.00000
     1.00000   -40.4410    33.6838   -27.3057    1.00000    1.00000
     1.00000    27.7756   -11.8273    51.0214    1.00000    1.00000
     1.00000  -0.406723    16.3238   -32.6177    1.00000    1.00000
     1.00000    7.92601   -13.4066    1.58896    1.00000    1.00000
     1.00000   -18.4122   0.364822   -12.0678    1.00000    1.00000
     1.00000    41.4980   -30.0849    21.0502    1.00000    1.00000
     1.00000   -5.78848    35.8158   -21.0891    1.00000    1.00000
     1.00000   -7.21384   -29.1836   -4.37145    1.00000    1.00000
     1.00000   -30.0735    28.9536   -13.4388    1.00000    1.00000
     1.00000    44.6411   -28.2084    41.0980    1.00000    1.00000
     1.00000   -10.7234    33.6773   -15.7017    1.00000    1.00000
     1.00000  -0.798996   -30.1227   -16.2472    1.00000    1.00000
     1.00000   -17.6067    23.6826   -7.04463    1.00000    1.00000
     1.00000    22.8364   -18.7108    11.1646    1.00000    1.00000
     1.00000   -6.05328    42.3099   -1.37897    1.00000    1.00000
     1.00000    16.9599   -27.8185    3.48013    1.00000    1.00000
     1.00000   -36.1225    25.3667   -15.7299    1.00000    1.00000
     1.00000    22.1850   -18.7439    66.8316    1.00000    1.00000
     1.00000   -6.65148    23.1271   -24.0936    1.00000    1.00000
     1.00000   -5.99603   -13.8264   -14.0329    1.00000    1.00000
     1.00000   -22.8316   -1.05222   -15.0161    1.00000    1.00000
     1.00000    36.4106   -27.2980    22.6342    1.00000    1.00000
     1.00000    5.05737    27.3444   -14.3325    1.00000    1.00000
     1.00000    6.72343   -30.5727   -1.82038    1.00000    1.00000
     1.00000   -29.0082    30.8226   -15.0586    1.00000    1.00000
     1.00000    32.2471   -28.7603    47.3730    1.00000    1.00000
     1.00000   -13.8473    31.2447   -23.7893    1.00000    1.00000
     1.00000   -7.28192   -23.2570   -12.2770    1.00000    1.00000
     1.00000   -23.5342    15.5847    4.01831    1.00000    1.00000
     1.00000    17.1103   -21.5447    23.0849    1.00000    1.00000
     1.00000    6.68264    38.6309   -7.22219    1.00000    1.00000
     1.00000    19.7631   -36.6761    4.93327    1.00000    1.00000
     1.00000   -42.5044    26.3736   -28.5661    1.00000    1.00000
     1.00000    32.4563   -17.9636    48.9317    1.00000    1.00000
     1.00000   -2.24503    17.7777   -25.5328    1.00000    1.00000
     1.00000   -3.72914   -20.0455   -7.62511    1.00000    1.00000
     1.00000   -16.0301   -5.50127   -18.4864    1.00000    1.00000
     1.00000    38.0907   -32.7747    13.4010    1.00000    1.00000
     1.00000   -2.75745    40.4448   -9.56678    1.00000    1.00000
     1.00000   -1.11131   -36.2236   -5.78043    1.00000    1.00000
     1.00000   -32.1360    18.9934   -12.9769    1.00000    1.00000
     1.00000    30.1994   -30.4037    29.0780    1.00000    1.00000
     1.00000   -8.47004    26.2397   -14.4318    1.00000    1.00000
     1.00000  -10.55339   -24.5686   -13.2872    1.00000    1.00000
     1.00000   -28.2867    26.5049   -2.39101    1.00000    1.00000
     1.00000    16.7144   -19.6294    7.52992    1.00000    1.00000
     1.00000    1.75418    40.3280   -6.31295    1.00000    1.00000
     1.00000    18.7138   -32.3562   -6.13729    1.00000    1.00000
     1.00000   -33.8252    18.1843   -21.6199    1.00000    1.00000
     1.00000    17.8622   -15.2951    60.2387    1.00000    1.00000
     1.00000   0.530312    16.5213   -19.9034    1.00000    1.00000
     1.00000    2.57812   -13.4472   -11.4177    1.00000    1.00000
     1.00000   -21.9651    4.10152   0.330315    1.00000    1.00000
     1.00000    21.1996   -25.8491    18.7798    1.00000    1.00000
     1.00000  -0.668488    22.4824  -0.273117    1.00000    1.00000
     1.00000   -2.32274   -28.8227   -2.45057    1.00000    1.00000
     1.00000   -12.7609    21.4727   -24.6781    1.00000    1.00000
     1.00000    40.5877   -21.2570    42.7972    1.00000    1.00000
     1.00000   -22.1504    33.6875   -25.6558    1.00000    1.00000
     1.00000   -12.9722   -28.5498   -8.46055    1.00000    1.00000
     1.00000   -24.0249    26.8933    2.41722    1.00000    1.00000
     1.00000    15.2506   -11.9154    18.0060    1.00000    1.00000
     1.00000    7.35635    45.6810   -2.38004    1.00000    1.00000
     1.00000    14.4035   -29.7538    11.6121    1.00000    1.00000
     1.00000   -43.8020    31.6737   -28.2216    1.00000    1.00000
     1.00000    19.1107   -14.3091    54.4132    1.00000    1.00000
     1.00000   -1.97610    13.5240   -33.2736    1.00000    1.00000
     1.00000    15.8421   -16.5728   -2.35880    1.00000    1.00000
     1.00000   -18.1171    4.78628   -7.60319    1.00000    1.00000
     1.00000    39.2243   -26.6354    16.7667    1.00000    1.00000
     1.00000   -2.01415    30.2335   -14.7193    1.00000    1.00000
     1.00000   -6.32660   -34.8358   -3.06467    1.00000    1.00000
     1.00000   -32.8254    25.1531   -17.0209    1.00000    1.00000
     1.00000    37.8287   -32.7118    34.7700    1.00000    1.00000
     1.00000   -9.89125    33.6982   -18.4004    1.00000    1.00000
     1.00000   -3.32345   -22.5423   -17.1838    1.00000    1.00000
     1.00000   -22.9948    20.6994  -0.611977    1.00000    1.00000
     1.00000    23.7596   -24.7816    15.8113    1.00000    1.00000
     1.00000   -1.55424    47.0932   -2.21473    1.00000    1.00000
     1.00000    17.4512   -32.7755   -4.64397    1.00000    1.00000
     1.00000   -36.2153    25.6655   -24.1113    1.00000    1.00000
     1.00000    24.9940   -21.6141    70.4296    1.00000    1.00000
     1.00000   -2.29120    23.9097   -16.5905    1.00000    1.00000
     1.00000  -10.21507   -12.9340   -10.9531    1.00000    1.00000
     1.00000   -24.8942    1.00262  -10.09099    1.00000    1.00000
     1.00000    31.2915   -29.0981    23.4123    1.00000    1.00000
     1.00000    2.39668    28.1077   -9.97311    1.00000    1.00000
     1.00000    13.5235   -25.4220  -0.546974    1.00000    1.00000
     1.00000   -24.6723    28.0078   -15.7830    1.00000    1.00000
     1.00000    37.0870   -23.9754    42.6590    1.00000    1.00000
     1.00000   -19.0533    32.4546   -22.1142    1.00000    1.00000
     1.00000   -11.4046   -19.7224   -9.88164    1.00000    1.00000
     1.00000   -21.8006    8.27601    4.09393    1.00000    1.00000
     1.00000    14.5061   -22.1844    21.4896    1.00000    1.00000
     1.00000    4.62477    41.3930   -1.06688    1.00000    1.00000
     1.00000    12.9257   -33.4460    3.51540    1.00000    1.00000
     1.00000   -38.1354    28.5498   -23.7766    1.00000    1.00000
     1.00000    32.9854   -15.0603    50.3511    1.00000    1.00000
     1.00000   -11.3213    17.1802   -20.4624    1.00000    1.00000
     1.00000   -2.82890   -21.2849   -5.67072    1.00000    1.00000
     1.00000   -13.2425   -7.25047   -12.0353    1.00000    1.00000
     1.00000    40.0436   -27.9124    18.2602    1.00000    1.00000
     1.00000   -4.11983    41.2899   -15.1769    1.00000    1.00000
     1.00000   0.499283   -34.9816   -3.08727    1.00000    1.00000
     1.00000   -39.7588    19.8692   -6.09145    1.00000    1.00000
     1.00000    34.0005   -31.8275    32.0621    1.00000    1.00000
     1.00000   -4.27765    30.5482   -15.8468    1.00000    1.00000
     1.00000   -7.63609   -27.1115   -11.9236    1.00000    1.00000
     1.00000   -30.7341    29.6928   -11.3001    1.00000    1.00000
     1.00000    20.5928   -21.9318    4.68547    1.00000    1.00000
     1.00000   -6.49647    38.9186   -9.36970    1.00000    1.00000
     1.00000    25.3405   -32.2827   -5.20686    1.00000    1.00000
     1.00000   -36.6579    13.7723   -30.8461    1.00000    1.00000
     1.00000    20.2293   -20.4168    72.4476    1.00000    1.00000
     1.00000   -2.63412    19.3599   -17.5499    1.00000    1.00000
     1.00000    7.61472   -15.7188   -7.77749    1.00000    1.00000
     1.00000   -19.8072    3.81458   -8.35837    1.00000    1.00000
     1.00000    21.2572   -24.2832    25.6453    1.00000    1.00000
     1.00000   -2.66333    18.6264   -2.39748    1.00000    1.00000
     1.00000    1.10793   -27.2690   -2.43247    1.00000    1.00000
     1.00000   -19.9979    25.5038   -15.5881    1.00000    1.00000
     1.00000    38.2995   -26.4272    46.1387    1.00000    1.00000
     1.00000   -26.0505    27.6239   -24.9981    1.00000    1.00000
     1.00000   -12.9279   -27.5695   -11.0352    1.00000    1.00000
     1.00000   -24.1477    17.5721    7.37312    1.00000    1.00000
     1.00000    16.7620   -14.4780    17.3991    1.00000    1.00000
     1.00000    11.7153    44.9119   -7.95110    1.00000    1.00000
     1.00000    19.3127   -28.3386    5.28790    1.00000    1.00000
     1.00000   -36.8260    41.5134   -27.8146    1.00000    1.00000
     1.00000    22.5055   -11.7356    51.2331    1.00000    1.00000
     1.00000    3.99936    14.6022   -29.6642    1.00000    1.00000
     1.00000    6.95232   -17.7940   -2.07793    1.00000    1.00000
     1.00000   -18.3464    4.65136   -10.9817    1.00000    1.00000
     1.00000    40.6958   -26.2425    21.1925    1.00000    1.00000
     1.00000   -2.93694    37.1256   -15.5786    1.00000    1.00000
     1.00000   -7.14093   -30.0487   -7.38698    1.00000    1.00000
     1.00000   -31.5900    24.8505   -12.3024    1.00000    1.00000
     1.00000    38.7011   -29.8066    41.5370    1.00000    1.00000
     1.00000   -7.75572    32.9686   -18.0037    1.00000    1.00000
     1.00000   -1.12967   -28.4940   -18.5698    1.00000    1.00000
     1.00000   -21.8640    21.9720   -4.90744    1.00000    1.00000
     1.00000    20.3964   -17.2386    13.6906    1.00000    1.00000
     1.00000   -7.03422    40.7223   0.680504    1.00000    1.00000
     1.00000    15.0904   -27.6650   0.922729    1.00000    1.00000
     1.00000   -33.3868    25.7105   -23.4053    1.00000    1.00000
     1.00000    23.2331   -22.2195    67.0433    1.00000    1.00000
     1.00000   -8.78176    20.4250   -23.9056    1.00000    1.00000
     1.00000   -1.84151   -11.0781   -13.4452    1.00000    1.00000
     1.00000   -21.5604  -0.751762   -11.7764    1.00000    1.00000
     1.00000    34.6093   -27.9336    25.7423    1.00000    1.00000
     1.00000    1.34104    27.6172   -13.8931    1.00000    1.00000
     1.00000    4.46622   -28.3135  -0.698898    1.00000    1.00000
     1.00000   -33.4075    28.7613   -14.2250    1.00000    1.00000
     1.00000    30.9660   -23.6882    49.2918    1.00000    1.00000
     1.00000   -14.8591    32.2080   -21.2346    1.00000    1.00000
     1.00000   -3.42663   -25.9133   -8.44772    1.00000    1.00000
     1.00000   -24.7212    16.0657    5.55437    1.00000    1.00000
     1.00000    17.8559   -24.8382    22.6697    1.00000    1.00000
     1.00000   10.04541    38.1204   -3.96490    1.00000    1.00000
     1.00000    14.7110   -36.3275    5.65574    1.00000    1.00000
     1.00000   -44.4612    27.9159   -24.9273    1.00000    1.00000
     1.00000    31.3898   -16.4923    47.9437    1.00000    1.00000
     1.00000   0.438530    16.4338   -27.0526    1.00000    1.00000
     1.00000    4.08325E-02   -22.8616   -13.8029    1.00000    1.00000
     1.00000   -17.3588   -3.86747   -13.6469    1.00000    1.00000
     1.00000    37.4386   -34.7589    20.6658    1.00000    1.00000
     1.00000   0.965439    39.2035   -12.6582    1.00000    1.00000
     1.00000   -5.65871   -35.8221   -7.62316    1.00000    1.00000
     1.00000   -29.9912    23.8626   -15.6436    1.00000    1.00000
     1.00000    31.6903   -27.1311    30.2350    1.00000    1.00000
     1.00000   -4.69004    26.2644   -16.4289    1.00000    1.00000
     1.00000   -10.7381   -22.7373   -15.9742    1.00000    1.00000
     1.00000   -28.2065    26.0110   -5.35128    1.00000    1.00000
     1.00000    19.6214   -16.8270    3.14376    1.00000    1.00000
     1.00000   -1.09040    40.6575   -5.94178    1.00000    1.00000
     1.00000    21.8025   -34.0468   -2.65590    1.00000    1.00000
     1.00000   -38.7519    19.4459   -23.3943    1.00000    1.00000
     1.00000    18.7973   -14.1214    64.1742    1.00000    1.00000
     1.00000   0.285210    18.3997   -21.7474    1.00000    1.00000
     1.00000    5.91659   -16.6200   -7.22595    1.00000    1.00000
     1.00000   -20.9048    8.11895    2.31268    1.00000    1.00000
     1.00000    17.9585   -27.7070    19.5699    1.00000    1.00000
     1.00000    3.44542    23.1274   -4.87037    1.00000    1.00000
     1.00000   -2.75468   -32.4645   -6.10567    1.00000    1.00000
     1.00000   -13.5493    24.1380   -20.7904    1.00000    1.00000
     1.00000    38.6433   -17.8377    48.1560    1.00000    1.00000
     1.00000   -22.3829    36.0305   -29.2828    1.00000    1.00000
     1.00000   -13.2221   -26.2719   -7.05743    1.00000    1.00000
     1.00000   -26.7151    26.8998    4.66975    1.00000    1.00000
     1.00000    17.6940   -12.7659    12.9439    1.00000    1.00000
     1.00000    7.89240    47.4647   -3.10873    1.00000    1.00000
     1.00000    14.9869   -35.2543    12.8790    1.00000    1.00000
     1.00000   -40.3325    29.4193   -27.9704    1.00000    1.00000
     1.00000    19.6791   -12.5812    55.5154    1.00000    1.00000
     1.00000    1.41943    14.2097   -30.3429    1.00000    1.00000
     1.00000    13.6085   -17.6549   -3.57377    1.00000    1.00000
     1.00000   -12.9765    6.90710   -8.80881    1.00000    1.00000
     1.00000    34.3158   -24.5569    19.6727    1.00000    1.00000
     1.00000  -0.266434    30.6510   -12.1541    1.00000    1.00000
     1.00000   -4.45583   -33.4669   -6.42396    1.00000    1.00000
     1.00000   -31.0587    26.6380   -19.7344    1.00000    1.00000
     1.00000    38.2349   -29.8119    38.0673    1.00000    1.00000
     1.00000   -10.5939    28.0923   -19.2090    1.00000    1.00000
     1.00000   -2.48604   -23.1570   -15.4747    1.00000    1.00000
     1.00000   -27.3475    22.5480   -5.05474    1.00000    1.00000
     1.00000    25.6422   -19.5772    13.9161    1.00000    1.00000
     1.00000   -1.49802    45.1215   -2.54514    1.00000    1.00000
     1.00000    18.0101   -34.7667  -0.476814    1.00000    1.00000
     1.00000   -36.5164    28.5961   -32.7490    1.00000    1.00000
     1.00000    24.6932   -15.6549    66.8917    1.00000    1.00000
     1.00000   -6.53295    22.4267   -21.2790    1.00000    1.00000
     1.00000   -7.92780   -13.5560   -13.5911    1.00000    1.00000
     1.00000   -25.4881   -1.45929   -9.06861    1.00000    1.00000
     1.00000    30.0444   -29.1138    25.3574    1.00000    1.00000
     1.00000    4.17292    25.1170  -10.46082    1.00000    1.00000
     1.00000    9.23122   -27.6459   -1.77798    1.00000    1.00000
     1.00000   -21.6895    25.7814   -14.5578    1.00000    1.00000
     1.00000    34.7749   -26.6072    44.8009    1.00000    1.00000
     1.00000   -19.3392    31.4037   -19.7596    1.00000    1.00000
     1.00000   -12.7283   -22.7664   -11.1043    1.00000    1.00000
     1.00000   -25.8308   10.22147    6.81254    1.00000    1.00000
     1.00000    14.7545   -16.4613    19.1371    1.00000    1.00000
     1.00000    5.24552    39.4544   -1.46996    1.00000    1.00000
     1.00000    13.1563   -33.7396    10.7662    1.00000    1.00000
     1.00000   -39.7705    29.6378   -20.3742    1.00000    1.00000
     1.00000    32.4382   -12.9113    51.6668    1.00000    1.00000
     1.00000   -7.59683    17.0273   -21.8420    1.00000    1.00000
     1.00000    1.60564   -20.1153   -6.56525    1.00000    1.00000
     1.00000   -10.7517  -10.11338   -16.5343    1.00000    1.00000
     1.00000    37.6437   -29.4882    17.2556    1.00000    1.00000
     1.00000   0.310593    38.9325   -18.1511    1.00000    1.00000
     1.00000   -3.19630   -33.6143   -1.87303    1.00000    1.00000
     1.00000   -34.2537    20.8867   -8.99828    1.00000    1.00000
     1.00000    34.4793   -33.7436    31.7471    1.00000    1.00000
     1.00000   -4.71753    33.0024   -19.5894    1.00000    1.00000
     1.00000   -6.71432   -20.1655   -12.8803    1.00000    1.00000
     1.00000   -28.3335    26.8587   -8.78317    1.00000    1.00000
     1.00000    22.7899   -21.4211    9.05180    1.00000    1.00000
     1.00000   -5.58881    37.0272   -7.37355    1.00000    1.00000
     1.00000    25.6936   -32.2205   -8.40598    1.00000    1.00000
     1.00000   -37.7308    16.3263   -28.2025    1.00000    1.00000
     1.00000    16.9598   -16.3570    68.8174    1.00000    1.00000
     1.00000  -0.123642    19.0784   -15.2100    1.00000    1.00000
     1.00000    8.39000   -16.3227  -10.26579    1.00000    1.00000
     1.00000   -21.8694    5.94918   -6.17381    1.00000    1.00000
     1.00000    23.2292   -26.6159    23.5433    1.00000    1.00000
     1.00000  -0.200417    14.6560   -3.29775    1.00000    1.00000
     1.00000    5.31154   -25.2216    2.01587    1.00000    1.00000
     1.00000   -15.4105    24.7520   -16.1732    1.00000    1.00000
     1.00000    39.5019   -22.8453    47.5831    1.00000    1.00000
     1.00000   -27.6430    30.0116   -23.2172    1.00000    1.00000
     1.00000   -10.6139   -28.2807   -12.1107    1.00000    1.00000
     1.00000   -26.9160    23.9277    6.31664    1.00000    1.00000
     1.00000    19.0815   -15.3445    15.4877    1.00000    1.00000
     1.00000    8.15186    47.1642   -6.68267    1.00000    1.00000
     1.00000    15.3002   -28.5538    9.31749    1.00000    1.00000
     1.00000   -38.4179    35.6881   -28.8150    1.00000    1.00000
     1.00000    26.3132   -11.1952    52.2305    1.00000    1.00000
     1.00000    1.69865    13.0716   -32.9778    1.00000    1.00000
     1.00000    7.36427   -16.1152   -1.07193    1.00000    1.00000
     1.00000   -14.9934    1.12856  -10.32023    1.00000    1.00000
     1.00000    43.6992   -27.3105    20.8556    1.00000    1.00000
     1.00000   -3.09845    36.7188   -18.3175    1.00000    1.00000
     1.00000   -8.59851   -30.4839   -6.08849    1.00000    1.00000
     1.00000   -28.9804    25.9122   -13.9307    1.00000    1.00000
     1.00000    43.2167   -29.6037    40.9423    1.00000    1.00000
     1.00000   -12.3526    34.8206   -15.8985    1.00000    1.00000
     1.00000    1.02865   -29.6800   -21.4134    1.00000    1.00000
     1.00000   -18.0403    19.6277   -8.81586    1.00000    1.00000
     1.00000    21.5769   -20.2102    11.5714    1.00000    1.00000
     1.00000   -4.13646    42.4015   -1.94234    1.00000    1.00000
     1.00000    14.2065   -29.8429    1.44244    1.00000    1.00000
     1.00000   -35.7513    25.1163   -19.8486    1.00000    1.00000
