     1.00000   -32.2179  -0.766655   -11.1553    1.00000    1.00000
     1.00000    11.5299   -44.1340   -15.2743    1.00000    1.00000
     1.00000   -12.5125    23.1565    1.17912    1.00000    1.00000
     1.00000   0.250885   -14.5015    16.0201    1.00000    1.00000
     1.00000    4.51561    15.3290   -4.58340    1.00000    1.00000
     1.00000   0.230255   -37.3964   -7.23308    1.00000    1.00000
     1.00000   -22.3892    33.0848    12.1595    1.00000    1.00000
     1.00000    26.9140    16.7419   -4.84191    1.00000    1.00000
     1.00000   -28.8741   -2.87923   -5.07226    1.00000    1.00000
     1.00000    14.5709   -36.7978   -4.61225    1.00000    1.00000
     1.00000   -22.4564    21.8750    22.9232    1.00000    1.00000
     1.00000    15.6904   -12.6558   -9.39891    1.00000    1.00000
     1.00000    11.1502    29.3564   -30.2562    1.00000    1.00000
     1.00000    11.8710   -42.0604    11.3377    1.00000    1.00000
     1.00000   -6.05220    30.6051    12.2263    1.00000    1.00000
     1.00000    8.49393    1.23113   -2.29352    1.00000    1.00000
     1.00000   -31.7437   -13.2581   -7.08321    1.00000    1.00000
     1.00000    9.13028   -51.6139   -9.04877    1.00000    1.00000
     1.00000   -8.66409    17.9590    3.13347    1.00000    1.00000
     1.00000    5.12582   -6.91560    3.19197    1.00000    1.00000
     1.00000    12.2366    25.6680   -6.94593    1.00000    1.00000
     1.00000   10.10397   -30.4144   -4.13513E-03    1.00000    1.00000
     1.00000   -17.8326    37.9925    12.0761    1.00000    1.00000
     1.00000    16.2945    15.5714   -8.31736    1.00000    1.00000
     1.00000   -17.7788    8.45101   -3.13052    1.00000    1.00000
     1.00000    1.97493   -50.6304   -6.92027    1.00000    1.00000
     1.00000   -16.7019    14.1437    11.1885    1.00000    1.00000
     1.00000    18.0817   -6.18198   -4.27599    1.00000    1.00000
     1.00000   -6.07784    24.7987   -14.7639    1.00000    1.00000
     1.00000    5.58351   -28.1214   -4.06069    1.00000    1.00000
     1.00000   -11.9165    28.9968    25.0685    1.00000    1.00000
     1.00000    23.4448    11.3525    7.82172    1.00000    1.00000
     1.00000   -25.7089   -9.72382   -14.7311    1.00000    1.00000
     1.00000    8.20743   -43.7435   -20.3064    1.00000    1.00000
     1.00000  -10.05554    28.7197    1.58488    1.00000    1.00000
     1.00000   -5.42072   -9.02999    5.69653    1.00000    1.00000
     1.00000   0.386429    15.2254  -10.55972    1.00000    1.00000
     1.00000    1.88348   -37.1526   0.619751    1.00000    1.00000
     1.00000   -13.7096    26.3982    5.64038    1.00000    1.00000
     1.00000    16.6066    19.7153   -4.27520    1.00000    1.00000
     1.00000   -18.0652    4.21130   -3.01382    1.00000    1.00000
     1.00000    25.6880   -26.1470   -4.48067    1.00000    1.00000
     1.00000   -20.9314    15.1994    18.7123    1.00000    1.00000
     1.00000    26.4154   -16.5722   -4.61624    1.00000    1.00000
     1.00000    7.96022    25.2612   -17.3529    1.00000    1.00000
     1.00000    9.95184   -29.0566    2.94608    1.00000    1.00000
     1.00000   -20.3750    29.7425    20.2821    1.00000    1.00000
     1.00000    17.6998    11.3111    3.76914    1.00000    1.00000
     1.00000   -36.6967   -22.4660   -10.7707    1.00000    1.00000
     1.00000    17.3164   -50.8264   -6.02954    1.00000    1.00000
     1.00000   -18.3101    18.3518   -4.36967    1.00000    1.00000
     1.00000    9.82472   -13.4083    14.0016    1.00000    1.00000
     1.00000    11.0842    22.6206  -0.466736    1.00000    1.00000
     1.00000    11.4376   -41.3741    5.63116    1.00000    1.00000
     1.00000   -12.8438    41.2913    1.72446    1.00000    1.00000
     1.00000    7.77975    6.67370   -8.14134    1.00000    1.00000
     1.00000   -5.95695    16.1075   -14.4585    1.00000    1.00000
     1.00000    12.2548   -41.3665    2.29517    1.00000    1.00000
     1.00000   -14.4575    21.8316    9.71500    1.00000    1.00000
     1.00000   10.28909   -7.22163   10.55568    1.00000    1.00000
     1.00000    4.94041    20.7138   -19.3160    1.00000    1.00000
     1.00000    6.30080   -21.5700    3.65351    1.00000    1.00000
     1.00000   -6.01642    27.8823    16.9588    1.00000    1.00000
     1.00000    20.1727    19.3296    12.9028    1.00000    1.00000
     1.00000   -30.6793   -1.75230   -8.63296    1.00000    1.00000
     1.00000    18.9995   -45.0815   -20.0707    1.00000    1.00000
     1.00000   -16.9179    28.7886    3.24720    1.00000    1.00000
     1.00000   -5.39151   -8.03402    10.6149    1.00000    1.00000
     1.00000    10.5863    17.0018   0.795578    1.00000    1.00000
     1.00000    2.48045   -35.2474   0.501678    1.00000    1.00000
     1.00000   -19.8521    31.2766    14.2416    1.00000    1.00000
     1.00000    26.2357    15.5439   -3.15430    1.00000    1.00000
     1.00000   -19.4339  -0.948792   -5.75340    1.00000    1.00000
     1.00000    14.8114   -30.4186   -6.96456    1.00000    1.00000
     1.00000   -21.6614    16.5479    26.7824    1.00000    1.00000
     1.00000    20.7237   -13.4225   -7.52857    1.00000    1.00000
     1.00000    7.50882    27.8887   -23.8136    1.00000    1.00000
     1.00000    6.71155   -32.1063    5.02274    1.00000    1.00000
     1.00000   -5.94637    31.5540    17.6195    1.00000    1.00000
     1.00000    6.86552    11.4676   -5.01534    1.00000    1.00000
     1.00000   -29.7371   -10.7024   -12.2237    1.00000    1.00000
     1.00000    14.4946   -45.4580   -5.02470    1.00000    1.00000
     1.00000  -10.49438    22.9415   -2.89112    1.00000    1.00000
     1.00000    5.24669   -16.9443    5.79677    1.00000    1.00000
     1.00000    17.5067    24.4464   -4.06720    1.00000    1.00000
     1.00000    5.09621   -33.2212    1.79744    1.00000    1.00000
     1.00000   -17.7159    38.4653    8.07736    1.00000    1.00000
     1.00000    18.7876    11.3375   -3.38985    1.00000    1.00000
     1.00000   -14.3580    11.6339   -5.12815    1.00000    1.00000
     1.00000    4.62161   -48.0591   -7.26321    1.00000    1.00000
     1.00000   -15.9048    12.3058    7.03293    1.00000    1.00000
     1.00000    14.2918   -3.51800    1.93723    1.00000    1.00000
     1.00000   -2.35834    20.8081   -12.0164    1.00000    1.00000
     1.00000   10.41527   -27.5912   -3.32502    1.00000    1.00000
     1.00000   -8.44601    29.5499    26.4890    1.00000    1.00000
     1.00000    17.4294    17.4655    15.5903    1.00000    1.00000
     1.00000   -31.3985   -5.19644   -12.5658    1.00000    1.00000
     1.00000    7.44681   -41.7134   -17.3912    1.00000    1.00000
     1.00000   -11.4441    31.8648    3.86706    1.00000    1.00000
     1.00000    2.29709  -10.02248    6.54239    1.00000    1.00000
     1.00000   -2.41356    13.5826   -19.0408    1.00000    1.00000
     1.00000    1.47128   -38.9972    8.48386    1.00000    1.00000
     1.00000   -14.2901    33.0187   10.13277    1.00000    1.00000
     1.00000    22.8701    15.7032   -7.88319    1.00000    1.00000
     1.00000   -24.5552    4.67499   0.790298    1.00000    1.00000
     1.00000    30.3115   -23.5188   -2.45302    1.00000    1.00000
     1.00000   -23.9373    18.5857    18.3353    1.00000    1.00000
     1.00000    27.3790   -14.7425   -8.92967    1.00000    1.00000
     1.00000    6.93304    24.1461   -19.8040    1.00000    1.00000
     1.00000    15.2889   -27.2294    4.59251    1.00000    1.00000
     1.00000  -10.16058    36.0217    15.1535    1.00000    1.00000
     1.00000    11.1581    10.6238    2.29543    1.00000    1.00000
     1.00000   -28.2549   -15.9448   -12.1297    1.00000    1.00000
     1.00000    9.29919   -53.9135    2.19353    1.00000    1.00000
     1.00000   -13.1186    17.5415   0.384789    1.00000    1.00000
     1.00000    8.97002   -11.3607    6.16707    1.00000    1.00000
     1.00000    5.33224    24.0763   -3.75921    1.00000    1.00000
     1.00000    13.3407   -38.6161    3.11189    1.00000    1.00000
     1.00000   -9.25401    35.5539   -1.68447    1.00000    1.00000
     1.00000    13.2918    3.02526   -8.06621    1.00000    1.00000
     1.00000   -13.8916    12.3866   -9.71084    1.00000    1.00000
     1.00000    17.1542   -39.0949   -4.87622    1.00000    1.00000
     1.00000   -15.5896    20.8513    17.7046    1.00000    1.00000
     1.00000    10.6720   -6.22446    6.45822    1.00000    1.00000
     1.00000    1.85280    19.8828   -20.1717    1.00000    1.00000
     1.00000    5.71225   -26.0681   -7.65440    1.00000    1.00000
     1.00000   -6.07970    27.0235    25.6149    1.00000    1.00000
     1.00000    24.5285    22.4156    13.7768    1.00000    1.00000
     1.00000   -35.6064   -3.36456E-02  -10.37950    1.00000    1.00000
     1.00000    13.3885   -45.8796   -13.2728    1.00000    1.00000
     1.00000   -15.9815    25.8331    2.11301    1.00000    1.00000
     1.00000   -1.63420   -12.9215    14.6868    1.00000    1.00000
     1.00000    4.69360    15.1285  -10.20589    1.00000    1.00000
     1.00000    1.80406   -38.2505   -12.4801    1.00000    1.00000
     1.00000   -21.2941    34.5578    13.7212    1.00000    1.00000
     1.00000    33.8961    20.2023   -2.72304    1.00000    1.00000
     1.00000   -26.1710    1.06388   -6.39079    1.00000    1.00000
     1.00000    15.0403   -31.6191   -5.21390    1.00000    1.00000
     1.00000   -27.4384    23.9715    29.2020    1.00000    1.00000
     1.00000    16.1013   -11.2477   -8.03938    1.00000    1.00000
     1.00000    10.9103    27.6525   -24.6157    1.00000    1.00000
     1.00000    11.6360   -36.5361   10.14006    1.00000    1.00000
     1.00000   -8.35103    29.7759    18.0015    1.00000    1.00000
     1.00000    9.53145  -0.204140   -1.36425    1.00000    1.00000
     1.00000   -28.7516   -10.8315   -9.23463    1.00000    1.00000
     1.00000    12.7666   -47.8098   -11.4106    1.00000    1.00000
     1.00000   -11.1181    16.1688    7.63829    1.00000    1.00000
     1.00000    7.49692   -12.4420    5.35413    1.00000    1.00000
     1.00000    6.98334    23.5851   -4.77541    1.00000    1.00000
     1.00000    9.78552   -33.2275  -0.738373    1.00000    1.00000
     1.00000   -14.7150    35.0337    10.8298    1.00000    1.00000
     1.00000    12.0439    14.1378   -6.47891    1.00000    1.00000
     1.00000   -18.7242    10.9316    1.30525    1.00000    1.00000
     1.00000    2.89487   -54.1657   -7.05545    1.00000    1.00000
     1.00000   -18.7234    7.35680    9.82535    1.00000    1.00000
     1.00000    20.1875   -8.08750    2.89426    1.00000    1.00000
     1.00000   -6.53999    24.9081   -18.9494    1.00000    1.00000
     1.00000    3.99606   -31.2258   -1.65485    1.00000    1.00000
     1.00000   -11.3327    35.0378    24.1774    1.00000    1.00000
     1.00000    19.3072    15.1765    6.52246    1.00000    1.00000
     1.00000   -27.7294   -7.54563   -14.8441    1.00000    1.00000
     1.00000   10.16324   -44.0817   -20.0606    1.00000    1.00000
     1.00000   -14.4257    29.5763    4.95157    1.00000    1.00000
     1.00000   -2.90971   -10.9001    6.66187    1.00000    1.00000
     1.00000    5.50146    18.1643   -7.58868    1.00000    1.00000
     1.00000    1.52919   -39.5373    3.58464    1.00000    1.00000
     1.00000   -12.7127    27.3192    7.48825    1.00000    1.00000
     1.00000    19.6576    18.0761   -8.30553    1.00000    1.00000
     1.00000   -19.1262    3.00880   -4.20898    1.00000    1.00000
     1.00000    27.7607   -26.0724   -2.45308    1.00000    1.00000
     1.00000   -20.8833    11.9828    17.5652    1.00000    1.00000
     1.00000    22.1441   -18.9073   -5.62346    1.00000    1.00000
     1.00000    6.22781    21.6270   -21.4731    1.00000    1.00000
     1.00000    7.24695   -30.7050    3.70004    1.00000    1.00000
     1.00000   -20.7711    33.5278    17.1074    1.00000    1.00000
     1.00000    13.1174    8.45972  -0.973892    1.00000    1.00000
     1.00000   -33.8517   -23.7089   -14.1944    1.00000    1.00000
     1.00000    13.0539   -53.4317   -3.95067    1.00000    1.00000
     1.00000   -17.7830    21.8162   -1.48380    1.00000    1.00000
     1.00000    8.16788   -13.0089    10.7909    1.00000    1.00000
     1.00000    6.12169    20.0674    2.80749    1.00000    1.00000
     1.00000    11.6071   -45.9304    8.29068    1.00000    1.00000
     1.00000   -11.1673    35.3192    4.44617    1.00000    1.00000
     1.00000    7.25241   10.51075   -8.49500    1.00000    1.00000
     1.00000   -9.57265    17.4160   -9.38918    1.00000    1.00000
     1.00000    12.0873   -41.2613   -1.79077    1.00000    1.00000
     1.00000   -14.2284    17.1890    7.73093    1.00000    1.00000
     1.00000    7.99777   -5.83109    8.80663    1.00000    1.00000
     1.00000   -1.19359    22.0700   -18.9147    1.00000    1.00000
     1.00000    5.26445   -23.9451   -1.64771    1.00000    1.00000
     1.00000   -4.95180    29.4668    21.1312    1.00000    1.00000
     1.00000    21.1991    20.5272    16.0404    1.00000    1.00000
     1.00000   -33.0691   -2.18536   -7.42359    1.00000    1.00000
     1.00000    13.6443   -41.2595   -17.9722    1.00000    1.00000
     1.00000   -21.7056    27.4479    4.62180    1.00000    1.00000
     1.00000  -0.996613   -11.5375    12.1266    1.00000    1.00000
     1.00000    9.58197    16.9327    3.56470    1.00000    1.00000
     1.00000  -0.598099   -36.6337   -4.63871    1.00000    1.00000
     1.00000   -16.4742    32.4053    14.9422    1.00000    1.00000
     1.00000    28.4600    13.1378   -1.88879    1.00000    1.00000
     1.00000   -21.5844  -0.280205   -2.64928    1.00000    1.00000
     1.00000    21.0812   -30.7738   -4.00676    1.00000    1.00000
     1.00000   -22.1251    18.2601    24.7169    1.00000    1.00000
     1.00000    17.0114   -14.1229   -3.89175    1.00000    1.00000
     1.00000    4.67542    28.8948   -19.8942    1.00000    1.00000
     1.00000    8.36661   -35.6965    10.8140    1.00000    1.00000
     1.00000   -11.6991    31.7656    13.6940    1.00000    1.00000
     1.00000    8.77045    3.78519   -2.22880    1.00000    1.00000
     1.00000   -30.3444   -6.33844   -11.3069    1.00000    1.00000
     1.00000    14.6085   -48.9711   -6.30598    1.00000    1.00000
     1.00000   -10.8922    19.8224   0.592346    1.00000    1.00000
     1.00000    6.92609   -20.2015    4.97110    1.00000    1.00000
     1.00000    16.5170    27.4362   -3.14925    1.00000    1.00000
     1.00000    6.77850   -35.1240   -1.77818    1.00000    1.00000
     1.00000   -16.3739    36.3015    7.67078    1.00000    1.00000
     1.00000    14.3560   10.28410   -6.99494    1.00000    1.00000
     1.00000   -16.3992    9.90434   -2.46272    1.00000    1.00000
     1.00000    12.3967   -42.9256   -6.74427    1.00000    1.00000
     1.00000   -16.5381    12.5793    3.23847    1.00000    1.00000
     1.00000    13.5109   -3.06170   0.153412    1.00000    1.00000
     1.00000   -4.31854    24.4420   -16.7468    1.00000    1.00000
     1.00000    11.3488   -26.9224   -9.98711    1.00000    1.00000
     1.00000   -5.80009    25.7933    29.5876    1.00000    1.00000
     1.00000    20.2999    17.5160    10.9363    1.00000    1.00000
     1.00000   -31.2084   -11.0566   -16.7753    1.00000    1.00000
     1.00000    5.96785   -39.5013   -19.9083    1.00000    1.00000
     1.00000   -15.2252    32.7655    4.47351    1.00000    1.00000
     1.00000    1.36514   -7.76612    7.01401    1.00000    1.00000
     1.00000   -1.83304    18.5385   -13.0016    1.00000    1.00000
     1.00000    3.49260   -40.4038    6.54512    1.00000    1.00000
     1.00000   -14.8398    28.4469   10.19733    1.00000    1.00000
     1.00000    24.6092    18.6243   -5.35349    1.00000    1.00000
     1.00000   -21.5378    1.71768   -2.57002    1.00000    1.00000
     1.00000    32.5091   -24.9466    4.65326    1.00000    1.00000
     1.00000   -20.0260    21.4797    19.0809    1.00000    1.00000
     1.00000    31.0539   -16.0944   -2.84724    1.00000    1.00000
     1.00000    11.2513    27.1797   -20.7586    1.00000    1.00000
     1.00000    9.31454   -25.3388    1.15170    1.00000    1.00000
     1.00000   -14.8855    36.0431    17.6615    1.00000    1.00000
     1.00000    11.1866    9.33448    7.47681E-03    1.00000    1.00000
     1.00000   -30.2796   -18.9601   -11.8936    1.00000    1.00000
     1.00000    11.2338   -54.4173    2.13432    1.00000    1.00000
     1.00000   -15.2495    20.0947   -1.28557    1.00000    1.00000
     1.00000    4.15211   -9.32851    10.8611    1.00000    1.00000
     1.00000    6.64032    19.8523   -3.21223    1.00000    1.00000
     1.00000    8.27328   -39.8936    2.37269    1.00000    1.00000
     1.00000   -12.0074    36.4397   0.260857    1.00000    1.00000
     1.00000    16.9754   0.793205   -9.47867    1.00000    1.00000
     1.00000   -12.2283    13.1455   -8.49490    1.00000    1.00000
     1.00000    15.4863   -38.4579   -3.97498    1.00000    1.00000
     1.00000   -13.3442    20.3608    13.7828    1.00000    1.00000
     1.00000    9.95587   -3.49215    3.37805    1.00000    1.00000
     1.00000   -2.65244    17.4927   -23.3805    1.00000    1.00000
     1.00000    3.43684   -26.9673   -8.91259    1.00000    1.00000
     1.00000   -1.96060    27.9250    22.6876    1.00000    1.00000
     1.00000    26.0591    21.8512    14.9338    1.00000    1.00000
     1.00000   -32.2803   -3.52820  -10.46284    1.00000    1.00000
     1.00000   10.08897   -43.8590   -16.6338    1.00000    1.00000
     1.00000   -10.9363    22.7483    2.34051    1.00000    1.00000
     1.00000   -1.51141   -14.8641    15.1467    1.00000    1.00000
     1.00000    6.51517    17.9400   -2.63988    1.00000    1.00000
     1.00000   0.995331   -39.2973   -6.50955    1.00000    1.00000
     1.00000   -22.6630    32.9496    14.1361    1.00000    1.00000
     1.00000    26.9945    17.3716   -2.86497    1.00000    1.00000
     1.00000   -31.8036   -2.76611   -2.69974    1.00000    1.00000
     1.00000    16.3669   -34.4247   -5.65517    1.00000    1.00000
     1.00000   -25.4412    21.5547    24.6065    1.00000    1.00000
     1.00000    17.9484   -15.4289   -9.12883    1.00000    1.00000
     1.00000    10.9959    27.8162   -28.9898    1.00000    1.00000
     1.00000    14.5307   -42.1480    13.1104    1.00000    1.00000
     1.00000   -6.61513    29.9064    14.6484    1.00000    1.00000
     1.00000    9.33066    4.50376   0.446739    1.00000    1.00000
     1.00000   -31.1703   -16.6286   -7.59177    1.00000    1.00000
     1.00000   10.45261   -47.2187   -9.15958    1.00000    1.00000
     1.00000   -7.93045    19.6517    5.33846    1.00000    1.00000
     1.00000    4.89008   -9.96221    3.25378    1.00000    1.00000
     1.00000    13.3561    24.1009   -6.40639    1.00000    1.00000
     1.00000    11.5973   -28.5245   0.444778    1.00000    1.00000
     1.00000   -16.6297    40.4788    11.6240    1.00000    1.00000
     1.00000    17.9144    15.7432   -7.15712    1.00000    1.00000
     1.00000   -18.3022    9.75835  -0.258568    1.00000    1.00000
     1.00000    2.50989   -47.9045   -6.56819    1.00000    1.00000
     1.00000   -17.9463    12.4428    12.0430    1.00000    1.00000
     1.00000    18.1628   -5.82235   -1.74542    1.00000    1.00000
     1.00000   -7.40619    25.5991   -13.0748    1.00000    1.00000
     1.00000    8.62103   -27.4085   -2.46053    1.00000    1.00000
     1.00000   -13.7657    28.7464    24.3491    1.00000    1.00000
     1.00000    22.8117    11.1292    4.90878    1.00000    1.00000
     1.00000   -23.5862  -10.02112   -13.1373    1.00000    1.00000
     1.00000    7.88985   -44.3554   -18.4289    1.00000    1.00000
     1.00000   -13.1282    29.7873   0.329590    1.00000    1.00000
     1.00000   -3.79779   -11.3681    8.49341    1.00000    1.00000
     1.00000    3.25745    17.9845   -12.4109    1.00000    1.00000
     1.00000    2.70279   -38.1010    2.83659    1.00000    1.00000
     1.00000   -13.6523    25.1952    3.87688    1.00000    1.00000
     1.00000    13.4622    20.1918   -5.79714    1.00000    1.00000
     1.00000   -20.0767    6.92656   -2.29346    1.00000    1.00000
     1.00000    23.6427   -28.6641   -5.42960    1.00000    1.00000
     1.00000   -21.0763    16.4883    15.6110    1.00000    1.00000
     1.00000    21.6217   -15.0676   -6.83051    1.00000    1.00000
     1.00000    7.27077    23.4419   -17.9628    1.00000    1.00000
     1.00000   10.47639   -28.5194    5.01086    1.00000    1.00000
     1.00000   -17.4693    31.1973    21.6145    1.00000    1.00000
     1.00000    19.1829    10.7454    1.80302    1.00000    1.00000
     1.00000   -37.6440   -23.7879   -9.60648    1.00000    1.00000
     1.00000    14.0412   -52.0251   -4.97377    1.00000    1.00000
     1.00000   -20.3397    19.5765   -4.72971    1.00000    1.00000
     1.00000   10.45285   -15.1273    11.5665    1.00000    1.00000
     1.00000   10.19077    20.5097  -0.583855    1.00000    1.00000
     1.00000    9.73660   -43.0834    5.64236    1.00000    1.00000
     1.00000   -14.1895    38.9133    1.58366    1.00000    1.00000
     1.00000    9.33496    6.03753   -9.22607    1.00000    1.00000
     1.00000   -5.56772    15.6623   -11.7691    1.00000    1.00000
     1.00000    16.5487   -42.6251    2.47989    1.00000    1.00000
     1.00000   -14.5186    18.2956   10.16751    1.00000    1.00000
     1.00000    8.40454   -6.57298    10.7221    1.00000    1.00000
     1.00000    4.07173    22.4530   -18.8464    1.00000    1.00000
     1.00000    6.68813   -19.3390    1.92837    1.00000    1.00000
     1.00000   -5.54593    29.6084    17.8528    1.00000    1.00000
     1.00000    16.4326    19.1684    11.9124    1.00000    1.00000
     1.00000   -33.4386   -5.99622   -6.99727    1.00000    1.00000
     1.00000    16.7014   -42.3402   -19.4706    1.00000    1.00000
     1.00000   -15.6300    27.2528   -1.86157E-03    1.00000    1.00000
     1.00000   -3.41078   -7.79844   10.46927    1.00000    1.00000
     1.00000    11.6076    17.5259    2.43334    1.00000    1.00000
     1.00000    1.26657   -33.3199   -1.51483    1.00000    1.00000
     1.00000   -17.9032    30.4350    17.0019    1.00000    1.00000
     1.00000    26.7129    15.3886  -0.227417    1.00000    1.00000
     1.00000   -24.9012   -1.55988   -5.31448    1.00000    1.00000
     1.00000    18.2289   -32.0395   -6.90941    1.00000    1.00000
     1.00000   -24.2317    16.7354    24.4923    1.00000    1.00000
     1.00000    18.7966   -17.4866   -6.59276    1.00000    1.00000
     1.00000    7.40825    30.0284   -21.9104    1.00000    1.00000
     1.00000    8.21971   -36.6508    8.12663    1.00000    1.00000
     1.00000   -9.48727    33.0062    17.2537    1.00000    1.00000
     1.00000    7.99687    9.55761   -4.23876    1.00000    1.00000
     1.00000   -31.4842   -13.4116   -9.98403    1.00000    1.00000
     1.00000    18.8688   -45.7029   -5.94444    1.00000    1.00000
     1.00000   -9.44882    21.4940   -1.99022    1.00000    1.00000
     1.00000    6.51598   -15.1649    2.97093    1.00000    1.00000
     1.00000    18.1224    28.7005   -3.11949    1.00000    1.00000
     1.00000    4.30562   -32.1868    4.77301    1.00000    1.00000
     1.00000   -17.5694    38.3516    5.33078    1.00000    1.00000
     1.00000    16.8374    9.87275   -5.57636    1.00000    1.00000
     1.00000   -12.5317    11.1436   -5.77932    1.00000    1.00000
     1.00000    7.34671   -44.8117   -5.72577    1.00000    1.00000
     1.00000   -14.7505    13.7983    6.36960    1.00000    1.00000
     1.00000    10.9773   -2.27212    1.62858    1.00000    1.00000
     1.00000   -4.21179    22.6307   -14.7530    1.00000    1.00000
     1.00000    9.85165   -25.5074   -2.48560    1.00000    1.00000
     1.00000   -9.56329    29.8317    24.8542    1.00000    1.00000
     1.00000    19.3786    16.9730    14.5433    1.00000    1.00000
     1.00000   -32.7055   -3.93630   -13.4047    1.00000    1.00000
     1.00000    7.16623   -39.7755   -16.9840    1.00000    1.00000
     1.00000   -9.63776    31.1787    5.81915    1.00000    1.00000
     1.00000  -0.465668   -9.79823    8.12152    1.00000    1.00000
     1.00000   -3.00969    16.6630   -15.7135    1.00000    1.00000
     1.00000   -1.02226   -37.2781    6.53195    1.00000    1.00000
     1.00000   -13.5647    32.5307    8.33395    1.00000    1.00000
     1.00000    20.9201    15.8046   -7.45052    1.00000    1.00000
     1.00000   -26.3682    3.93477    1.19681    1.00000    1.00000
     1.00000    28.4289   -24.1891   -2.53517    1.00000    1.00000
     1.00000   -24.9499    18.9027    20.0307    1.00000    1.00000
     1.00000    28.9846   -14.3105   -5.56609    1.00000    1.00000
     1.00000    9.52112    26.4595   -23.2039    1.00000    1.00000
     1.00000    12.1819   -27.4995    5.23618    1.00000    1.00000
     1.00000   -14.6990    36.2237    15.6784    1.00000    1.00000
     1.00000    13.8381    9.76308    4.13367    1.00000    1.00000
     1.00000   -30.5680   -18.2856   -8.53600    1.00000    1.00000
     1.00000    7.60759   -50.4723    4.43076    1.00000    1.00000
     1.00000  -10.39899    17.9216   -9.98840E-02    1.00000    1.00000
     1.00000    8.23871  -10.41662    7.89563    1.00000    1.00000
     1.00000    4.32732    22.2354   -3.10698    1.00000    1.00000
     1.00000    10.6448   -35.6682    2.08162    1.00000    1.00000
     1.00000   -4.53429    33.3241  -0.472588    1.00000    1.00000
     1.00000    12.2081    4.49239   -7.24574    1.00000    1.00000
     1.00000   -12.4818    11.2080   -8.92148    1.00000    1.00000
     1.00000    18.6409   -39.6114   -2.24791    1.00000    1.00000
     1.00000   -15.7567    19.3902    15.9163    1.00000    1.00000
     1.00000   10.51064   -8.15774    5.97192    1.00000    1.00000
     1.00000  -0.576752    19.6289   -18.7006    1.00000    1.00000
     1.00000    6.81635   -24.3088   -5.97831    1.00000    1.00000
     1.00000   -5.19479    26.2587    22.6110    1.00000    1.00000
     1.00000    26.6974    25.2118    12.1811    1.00000    1.00000
     1.00000   -34.5427    1.37033   -9.43227    1.00000    1.00000
     1.00000    12.1206   -45.9437   -11.7273    1.00000    1.00000
     1.00000   -16.3619    24.7750   -1.42275    1.00000    1.00000
     1.00000    1.00018   -14.4436    13.8819    1.00000    1.00000
     1.00000    6.32510    17.1873   -5.65100    1.00000    1.00000
     1.00000   0.385254   -38.4033   -8.95418    1.00000    1.00000
     1.00000   -20.1082    32.6437    11.2511    1.00000    1.00000
     1.00000    29.1432    18.9059   -5.10840    1.00000    1.00000
     1.00000   -28.4907    7.23267E-03   -4.71038    1.00000    1.00000
     1.00000    14.6355   -28.9733   -5.59339    1.00000    1.00000
     1.00000   -25.7753    21.5751    26.5783    1.00000    1.00000
     1.00000    17.9225   -7.15305   -6.01716    1.00000    1.00000
     1.00000    8.61299    27.5086   -26.9191    1.00000    1.00000
     1.00000    12.4193   -38.3680    9.96553    1.00000    1.00000
     1.00000   -8.35080    31.0032    19.5807    1.00000    1.00000
     1.00000   10.10684   -3.58404  -0.525970    1.00000    1.00000
     1.00000   -28.4694   -16.1489   -9.63567    1.00000    1.00000
     1.00000    13.0953   -49.9486  -10.13557    1.00000    1.00000
     1.00000   -10.6964    18.5489    4.52882    1.00000    1.00000
     1.00000    8.01494   -14.0826    6.37390    1.00000    1.00000
     1.00000    9.65533    22.1054   -6.85213    1.00000    1.00000
     1.00000    9.67813   -34.1159    1.27171    1.00000    1.00000
     1.00000   -17.0153    38.1155    9.91769    1.00000    1.00000
     1.00000    13.2549    15.6911   -6.82600    1.00000    1.00000
     1.00000   -20.0575    9.90464    4.14531    1.00000    1.00000
     1.00000    4.66879   -53.9780   -8.87827    1.00000    1.00000
     1.00000   -18.3442    11.1554   10.56503    1.00000    1.00000
     1.00000    19.6003   -6.98920    1.03743    1.00000    1.00000
     1.00000   -7.35388    25.0997   -16.2742    1.00000    1.00000
     1.00000    5.04532   -27.6600   -2.19054    1.00000    1.00000
     1.00000   -11.4400    33.4029    26.8642    1.00000    1.00000
     1.00000    19.8507    13.6144    5.39795    1.00000    1.00000
     1.00000   -28.6683   -8.27077   -16.4542    1.00000    1.00000
     1.00000   10.36418   -45.9500   -19.3757    1.00000    1.00000
     1.00000   -13.1558    29.2271    2.72389    1.00000    1.00000
     1.00000  -0.308655   -13.7376    8.54221    1.00000    1.00000
     1.00000    3.04221    17.4119   -9.87730    1.00000    1.00000
     1.00000    3.34520   -42.7915   0.557938    1.00000    1.00000
     1.00000   -14.6554    26.6462    7.38509    1.00000    1.00000
     1.00000    16.2257    19.3802   -8.55501    1.00000    1.00000
     1.00000   -16.1474    1.94093   -3.78412    1.00000    1.00000
     1.00000    26.1053   -26.4508   -1.39657    1.00000    1.00000
     1.00000   -19.4695    12.5133    16.2538    1.00000    1.00000
     1.00000    23.1928   -15.8037   -3.52693    1.00000    1.00000
     1.00000    8.25385    19.7155   -20.2184    1.00000    1.00000
     1.00000    11.4402   -34.4058    4.00564    1.00000    1.00000
     1.00000   -20.9469    32.2717    18.6538    1.00000    1.00000
     1.00000    16.0501    9.11359   0.430191    1.00000    1.00000
     1.00000   -34.8219   -21.9275   -12.9574    1.00000    1.00000
     1.00000    12.4487   -53.3157  -0.781265    1.00000    1.00000
     1.00000   -15.7887    21.7560   -2.25987    1.00000    1.00000
     1.00000    5.08597   -12.6123    9.30890    1.00000    1.00000
     1.00000    7.78290    21.0340    3.36064    1.00000    1.00000
     1.00000    12.6618   -44.0925    8.10014    1.00000    1.00000
     1.00000   -14.5903    39.7480    4.80910    1.00000    1.00000
     1.00000    8.74141    13.0799   -6.24911    1.00000    1.00000
     1.00000   -5.62932    14.9471   -9.90239    1.00000    1.00000
     1.00000    11.9561   -43.6823    1.29362    1.00000    1.00000
     1.00000   -11.9039    14.1000    6.85364    1.00000    1.00000
     1.00000    8.69186   -7.40272    6.32121    1.00000    1.00000
     1.00000    2.35835    23.1367   -20.1008    1.00000    1.00000
     1.00000    5.98779   -19.9464   -1.34579    1.00000    1.00000
     1.00000   -3.74261    31.8909    25.4716    1.00000    1.00000
     1.00000    20.7390    21.1501    14.1964    1.00000    1.00000
     1.00000   -32.6897   -5.59929   -5.18578    1.00000    1.00000
     1.00000    15.3652   -39.8225   -20.5530    1.00000    1.00000
     1.00000   -19.2836    26.5158    2.01325    1.00000    1.00000
     1.00000   -3.67480   -9.56066    12.0520    1.00000    1.00000
     1.00000    5.55856    16.9231    6.02531    1.00000    1.00000
     1.00000  -0.648102   -37.4045   -2.13707    1.00000    1.00000
     1.00000   -13.8225    33.6544    11.9705    1.00000    1.00000
     1.00000    31.9816    12.6670   -1.34285    1.00000    1.00000
     1.00000   -18.2882   -1.99148   -4.48835    1.00000    1.00000
     1.00000    22.5405   -29.4079   -3.93566    1.00000    1.00000
     1.00000   -20.1481    20.9057    23.8356    1.00000    1.00000
     1.00000    18.6689   -13.8190   -4.96891    1.00000    1.00000
     1.00000    5.49675    30.0292   -21.3220    1.00000    1.00000
     1.00000    5.87253   -32.2623    8.98862    1.00000    1.00000
     1.00000   -12.3222    31.6215    16.0635    1.00000    1.00000
     1.00000    8.74113    6.21410   -2.56648    1.00000    1.00000
     1.00000   -31.4435   -9.66473   -12.3319    1.00000    1.00000
     1.00000    13.2986   -45.8821   -7.24785    1.00000    1.00000
     1.00000   -12.1483    18.6706    3.15865    1.00000    1.00000
     1.00000    7.88779   -18.6305    5.75029    1.00000    1.00000
     1.00000    12.3655    23.7733   -4.70011    1.00000    1.00000
     1.00000    6.57449   -35.6833   0.131142    1.00000    1.00000
     1.00000   -15.2709    36.2230    6.00426    1.00000    1.00000
     1.00000    16.0376    12.0826   -8.51505    1.00000    1.00000
     1.00000   -15.8036    8.14554   -3.20567    1.00000    1.00000
     1.00000    9.12943   -43.9051   -5.72778    1.00000    1.00000
     1.00000   -13.6587    11.5747    5.81537    1.00000    1.00000
     1.00000    17.6408   -3.91906   -3.27385    1.00000    1.00000
     1.00000   -5.03419    23.6881   -18.4555    1.00000    1.00000
     1.00000    9.76631   -28.0201   -7.19271    1.00000    1.00000
     1.00000   -7.74591    28.3478    27.9259    1.00000    1.00000
     1.00000    20.5137    17.4934    8.94791    1.00000    1.00000
     1.00000   -30.9265   -6.87661   -13.9738    1.00000    1.00000
     1.00000    3.66716   -39.2290   -20.5585    1.00000    1.00000
     1.00000   -14.0616    32.9273    2.75418    1.00000    1.00000
     1.00000   0.342896   -5.52206    6.68642    1.00000    1.00000
     1.00000   -3.28464    17.1593   -13.7957    1.00000    1.00000
     1.00000   0.315903   -41.2476    6.48521    1.00000    1.00000
     1.00000   -13.1611    31.5244    10.8345    1.00000    1.00000
     1.00000    24.4449    16.5937   -7.03062    1.00000    1.00000
     1.00000   -21.3724    4.01508   -1.71661    1.00000    1.00000
     1.00000    30.5247   -22.2661   0.378799    1.00000    1.00000
     1.00000   -22.4262    21.6753    20.9334    1.00000    1.00000
     1.00000    28.2351   -13.4039   -3.94861    1.00000    1.00000
     1.00000    10.9426    28.3151   -17.3998    1.00000    1.00000
     1.00000    8.67526   -27.2766  -0.465614    1.00000    1.00000
     1.00000   -15.5151    31.6999    21.0029    1.00000    1.00000
     1.00000    9.59387    7.49456   -1.28849    1.00000    1.00000
     1.00000   -32.8619   -20.6268  -10.50135    1.00000    1.00000
     1.00000    13.2304   -56.9525    2.79117    1.00000    1.00000
     1.00000   -15.7443    17.3534   -1.91415    1.00000    1.00000
     1.00000    5.16595   -11.3808    7.73505    1.00000    1.00000
     1.00000    4.30933    17.9035   0.415443    1.00000    1.00000
     1.00000    7.00928   -39.6864    3.90871    1.00000    1.00000
     1.00000   -9.62659    35.7362   0.272049    1.00000    1.00000
     1.00000    14.3318    1.05720   -6.20521    1.00000    1.00000
     1.00000   -8.68021    14.4455   -11.3980    1.00000    1.00000
     1.00000    12.8780   -41.0955   -3.62033    1.00000    1.00000
     1.00000   -15.3927    21.5739    13.9118    1.00000    1.00000
     1.00000    13.0016   -2.35419    7.74237    1.00000    1.00000
     1.00000  -0.243896    15.9313   -21.6291    1.00000    1.00000
     1.00000    1.45905   -26.6805   -8.83504    1.00000    1.00000
     1.00000   -2.84148    26.5029    21.5915    1.00000    1.00000
     1.00000    25.0162    19.7700    15.5168    1.00000    1.00000
     1.00000   -32.7923   -2.45090   -12.0683    1.00000    1.00000
     1.00000    13.1286   -43.6945   -16.3927    1.00000    1.00000
     1.00000   -13.5730    24.4608    9.55276E-02    1.00000    1.00000
     1.00000    1.01370   -12.7055    16.4591    1.00000    1.00000
     1.00000    5.79829    16.2017   -3.32118    1.00000    1.00000
     1.00000    1.16193   -36.7665   -5.57925    1.00000    1.00000
     1.00000   -24.1623    33.6804    12.8677    1.00000    1.00000
     1.00000    27.3009    18.6476   -4.37431    1.00000    1.00000
     1.00000   -29.9857   -1.22257   -5.21294    1.00000    1.00000
     1.00000    16.4679   -36.1677   -4.67973    1.00000    1.00000
     1.00000   -23.6113    20.8574    24.2002    1.00000    1.00000
     1.00000    16.9466   -13.8553   -8.40741    1.00000    1.00000
     1.00000    9.69191    29.9489   -29.0224    1.00000    1.00000
     1.00000    12.9465   -41.0135    12.6597    1.00000    1.00000
     1.00000   -4.96439    29.5916    13.5640    1.00000    1.00000
     1.00000    7.36218    2.41222   -1.14281    1.00000    1.00000
     1.00000   -32.1555   -15.1662   -6.64796    1.00000    1.00000
     1.00000   10.31505   -50.2234   -9.86298    1.00000    1.00000
     1.00000   -8.09976    19.8647    3.35705    1.00000    1.00000
     1.00000    5.71605   -8.51551    2.14706    1.00000    1.00000
     1.00000   10.38893    25.6383   -7.71085    1.00000    1.00000
     1.00000    12.0475   -30.8378   0.203995    1.00000    1.00000
     1.00000   -15.9642    38.5939    11.6921    1.00000    1.00000
     1.00000    14.9069    16.6698   -7.38573    1.00000    1.00000
     1.00000   -19.0984    8.54006   -1.63034    1.00000    1.00000
     1.00000    1.73082   -50.0844   -5.01178    1.00000    1.00000
     1.00000   -16.5479    13.4500    13.0580    1.00000    1.00000
     1.00000    17.5605   -7.41692   -2.79166    1.00000    1.00000
     1.00000   -5.44403    25.2441   -12.9200    1.00000    1.00000
     1.00000    5.10866   -27.8637   -5.98634    1.00000    1.00000
     1.00000   -10.9111    30.2343    26.2759    1.00000    1.00000
     1.00000    22.7446    9.98129    6.54521    1.00000    1.00000
     1.00000   -25.8039   -7.81304   -15.3141    1.00000    1.00000
     1.00000    6.72903   -45.0608   -20.0253    1.00000    1.00000
     1.00000   -11.8419    28.3229   0.777672    1.00000    1.00000
     1.00000   -5.99751  -10.29807    4.26151    1.00000    1.00000
     1.00000   0.236374    15.8232   -12.4624    1.00000    1.00000
     1.00000    1.18634   -38.8472    1.42126    1.00000    1.00000
     1.00000   -15.0339    26.6138    4.15720    1.00000    1.00000
     1.00000    15.2503    18.3916   -3.63608    1.00000    1.00000
     1.00000   -16.8909    3.20912   -1.74242    1.00000    1.00000
     1.00000    23.8892   -27.0090   -4.33423    1.00000    1.00000
     1.00000   -21.3456    16.7880    17.5699    1.00000    1.00000
     1.00000    24.7924   -15.4042   -4.65906    1.00000    1.00000
     1.00000    9.34163    24.6824   -18.6783    1.00000    1.00000
     1.00000    8.90616   -30.7115    2.53642    1.00000    1.00000
     1.00000   -18.9701    29.8780    21.6990    1.00000    1.00000
     1.00000    18.0462    12.9836    4.80981    1.00000    1.00000
     1.00000   -35.0857   -21.3194   -11.0704    1.00000    1.00000
     1.00000    18.3512   -50.7113   -4.32193    1.00000    1.00000
     1.00000   -18.5989    18.2043   -2.39615    1.00000    1.00000
     1.00000    11.6260   -12.6659    14.4535    1.00000    1.00000
     1.00000   10.36710    21.7685   -2.12795    1.00000    1.00000
     1.00000    9.86259   -40.8386    4.52098    1.00000    1.00000
     1.00000   -14.0997    40.3545    2.96748    1.00000    1.00000
     1.00000    7.23633    8.58828   -7.94376    1.00000    1.00000
     1.00000   -5.18811    17.7402   -13.5964    1.00000    1.00000
     1.00000    13.7675   -40.5586    3.32422    1.00000    1.00000
     1.00000   -13.2296    20.8088    10.9177    1.00000    1.00000
     1.00000   10.02711   -9.20118   10.44284    1.00000    1.00000
     1.00000    6.80759    20.1298   -18.9005    1.00000    1.00000
     1.00000    5.38385   -21.4762    1.87858    1.00000    1.00000
     1.00000   -4.63364    27.5025    18.3530    1.00000    1.00000
     1.00000    19.0492    19.4350    11.2515    1.00000    1.00000
     1.00000   -31.3162   -3.64642   -8.71456    1.00000    1.00000
     1.00000    18.2842   -43.4985   -19.0795    1.00000    1.00000
     1.00000   -17.7136    30.2522    4.35391    1.00000    1.00000
     1.00000   -6.63779   -7.15948    11.9118    1.00000    1.00000
     1.00000    9.05093    18.1173   0.164627    1.00000    1.00000
     1.00000    2.78064   -34.6189   -1.37313    1.00000    1.00000
     1.00000   -18.2323    31.5584    15.3803    1.00000    1.00000
     1.00000    25.5040    14.5486   -1.58139    1.00000    1.00000
     1.00000   -21.2555  -0.702469   -6.54147    1.00000    1.00000
     1.00000    16.6201   -31.0392   -7.55068    1.00000    1.00000
     1.00000   -22.8671    17.0871    28.2843    1.00000    1.00000
     1.00000    19.7801   -14.8042   -8.62427    1.00000    1.00000
     1.00000    6.99469    28.0717   -21.8895    1.00000    1.00000
     1.00000    7.25635   -33.8526    5.83124    1.00000    1.00000
     1.00000   -7.51195    32.7088    17.1555    1.00000    1.00000
     1.00000    5.33679    12.3628   -4.08714    1.00000    1.00000
     1.00000   -30.7229   -12.2456   -11.4196    1.00000    1.00000
     1.00000    15.2266   -47.2678   -5.45939    1.00000    1.00000
     1.00000   -11.9242    23.1207   -4.27805    1.00000    1.00000
     1.00000    5.47136   -18.2046    4.26013    1.00000    1.00000
     1.00000    18.4094    26.2048   -3.76167    1.00000    1.00000
     1.00000    3.22537   -33.5088    1.15143    1.00000    1.00000
     1.00000   -18.2965    36.5533    8.16083    1.00000    1.00000
     1.00000    19.8528    9.95715   -4.36969    1.00000    1.00000
     1.00000   -15.5845    11.1561   -6.63395    1.00000    1.00000
     1.00000    3.90770   -46.5218   -6.20157    1.00000    1.00000
     1.00000   -17.0934    11.5068    8.42896    1.00000    1.00000
     1.00000    13.4606   -3.75199    3.74124    1.00000    1.00000
     1.00000   -2.15219    19.5943  -10.44030    1.00000    1.00000
     1.00000    10.9612   -26.8759   -1.53890    1.00000    1.00000
     1.00000   -7.81317    31.2701    27.2893    1.00000    1.00000
     1.00000    15.6059    17.3730    14.7741    1.00000    1.00000
     1.00000   -30.7536   -4.93976   -14.4415    1.00000    1.00000
     1.00000    7.39175   -40.6284   -19.0704    1.00000    1.00000
     1.00000   -10.9088    30.0124    4.39810    1.00000    1.00000
     1.00000   0.334122   -9.73481    6.28951    1.00000    1.00000
     1.00000   -3.83391    13.6083   -17.6330    1.00000    1.00000
     1.00000   0.742554   -38.1765    6.81197    1.00000    1.00000
     1.00000   -16.0325    33.1329    9.15759    1.00000    1.00000
     1.00000    23.1227    13.8897   -7.07857    1.00000    1.00000
     1.00000   -23.8290    4.18461   -1.00752    1.00000    1.00000
     1.00000    29.6206   -23.7627  -0.592049    1.00000    1.00000
     1.00000   -23.2669    16.7137    18.1205    1.00000    1.00000
     1.00000    28.2523   -13.8477   -7.36873    1.00000    1.00000
     1.00000    7.95856    25.8364   -20.1061    1.00000    1.00000
     1.00000    13.9232   -28.4762    5.35428    1.00000    1.00000
     1.00000   -11.4464    34.4919    15.2329    1.00000    1.00000
     1.00000   10.34045    11.0709   0.525826    1.00000    1.00000
     1.00000   -29.8009   -17.0553   -11.5161    1.00000    1.00000
     1.00000    8.75555   -53.8672    4.11766    1.00000    1.00000
     1.00000   -12.0655    18.8490  -0.702164    1.00000    1.00000
     1.00000    8.59235   -9.39719    6.21167    1.00000    1.00000
     1.00000    3.38547    23.9881   -3.30953    1.00000    1.00000
     1.00000    11.3836   -38.4493    3.48857    1.00000    1.00000
     1.00000   -7.46301    34.6707   -1.79469    1.00000    1.00000
     1.00000    15.0303    3.96484   -7.75832    1.00000    1.00000
     1.00000   -15.0800    13.6762   -10.6725    1.00000    1.00000
     1.00000    16.8572   -40.8324   -3.93114    1.00000    1.00000
     1.00000   -15.0570    22.5635    18.5904    1.00000    1.00000
     1.00000    11.1639   -4.78893    5.15546    1.00000    1.00000
     1.00000   0.955902    20.9138   -18.7114    1.00000    1.00000
     1.00000    6.12224   -26.1636   -5.69921    1.00000    1.00000
     1.00000   -5.22906    27.7411    23.9532    1.00000    1.00000
     1.00000    23.3312    22.1072    15.3488    1.00000    1.00000
     1.00000   -33.7101  -0.414917   -9.87098    1.00000    1.00000
     1.00000    12.7278   -44.0354   -13.6758    1.00000    1.00000
     1.00000   -17.7833    25.3475    1.39354    1.00000    1.00000
     1.00000  -0.237213   -13.0016    13.2578    1.00000    1.00000
     1.00000    5.08305    15.2855   -8.25047    1.00000    1.00000
     1.00000    1.11226   -36.5294   -13.2277    1.00000    1.00000
     1.00000   -20.6941    32.7339    13.1612    1.00000    1.00000
     1.00000    32.8325    18.7696   -3.62640    1.00000    1.00000
     1.00000   -24.4058   0.307274   -5.83247    1.00000    1.00000
     1.00000    14.7088   -33.3906   -6.08102    1.00000    1.00000
     1.00000   -25.9609    24.8022    30.2635    1.00000    1.00000
     1.00000    17.4902   -9.92678   -8.61060    1.00000    1.00000
     1.00000    8.99153    27.2189   -24.9767    1.00000    1.00000
     1.00000   10.31897   -35.3137    11.0182    1.00000    1.00000
     1.00000   -9.65480    28.2615    18.0834    1.00000    1.00000
     1.00000    11.2043   -1.29819   -1.29720    1.00000    1.00000
     1.00000   -29.3834   -12.5797   -9.97249    1.00000    1.00000
     1.00000    12.6937   -49.2958   -12.7472    1.00000    1.00000
     1.00000   -11.1931    17.2197    5.93829    1.00000    1.00000
     1.00000    6.91022   -13.3294    3.66051    1.00000    1.00000
     1.00000    7.78162    23.0047   -6.51491    1.00000    1.00000
     1.00000    9.78062   -32.1456   0.943718    1.00000    1.00000
     1.00000   -16.0811    36.3823   10.26843    1.00000    1.00000
     1.00000   10.09747    14.4278   -6.83578    1.00000    1.00000
     1.00000   -17.9292    10.6795    3.12309    1.00000    1.00000
     1.00000    1.64929   -52.6028   -6.97839    1.00000    1.00000
     1.00000   -18.0916    8.69320    8.47813    1.00000    1.00000
     1.00000    18.7466   -6.70232    2.82317    1.00000    1.00000
     1.00000   -6.39999    26.3199   -17.5396    1.00000    1.00000
     1.00000    3.91350   -29.3087   -2.21857    1.00000    1.00000
     1.00000   -10.8540    35.1623    26.1153    1.00000    1.00000
     1.00000    21.1749    15.8681    6.70541    1.00000    1.00000
     1.00000   -28.9940   -6.85166   -13.4588    1.00000    1.00000
     1.00000   10.50107   -43.0180   -18.4010    1.00000    1.00000
     1.00000   -14.9352    28.5364    3.32095    1.00000    1.00000
     1.00000  -0.942825   -11.2493    6.56476    1.00000    1.00000
     1.00000    5.25000    17.0291   -9.21594    1.00000    1.00000
     1.00000    2.84177   -40.4042    2.34951    1.00000    1.00000
     1.00000   -12.8522    28.3085    9.22086    1.00000    1.00000
     1.00000    17.8654    18.6764   -7.65163    1.00000    1.00000
     1.00000   -18.0030    1.83132   -3.04619    1.00000    1.00000
     1.00000    26.5073   -24.7607   -3.29460    1.00000    1.00000
     1.00000   -21.8635    13.7167    17.7467    1.00000    1.00000
     1.00000    21.3465   -19.8620   -4.05750    1.00000    1.00000
     1.00000    8.10010    22.1127   -20.9645    1.00000    1.00000
     1.00000    8.42220   -32.3213    3.62012    1.00000    1.00000
     1.00000   -18.9421    32.7815    16.7945    1.00000    1.00000
     1.00000    14.3981    9.88236  -0.394264    1.00000    1.00000
     1.00000   -33.0667   -22.8122   -12.5883    1.00000    1.00000
     1.00000    12.8304   -52.1961   -2.39397    1.00000    1.00000
     1.00000   -19.7056    21.6609   -2.01236    1.00000    1.00000
     1.00000    7.42117   -12.1440    12.4323    1.00000    1.00000
     1.00000    4.69952    19.5336    1.50651    1.00000    1.00000
     1.00000    11.7659   -45.6159    6.32195    1.00000    1.00000
     1.00000   -12.5638    36.6419    3.89816    1.00000    1.00000
     1.00000    6.16913   10.13508   -6.85629    1.00000    1.00000
     1.00000   -8.40974    16.6064   -10.8006    1.00000    1.00000
     1.00000    13.4867   -42.4129  -0.945007    1.00000    1.00000
     1.00000   -12.9249    18.0406    8.98624    1.00000    1.00000
     1.00000    9.17931   -7.44169    8.90646    1.00000    1.00000
     1.00000   -3.10069    21.5434   -19.2073    1.00000    1.00000
     1.00000    5.35123   -23.1969   -3.50047    1.00000    1.00000
     1.00000   -3.47559    29.8983    22.4097    1.00000    1.00000
     1.00000    23.0196    19.8100    15.6264    1.00000    1.00000
     1.00000   -31.5938   -2.03473   -6.08164    1.00000    1.00000
     1.00000    14.4978   -43.0476   -17.6992    1.00000    1.00000
     1.00000   -20.4511    28.8038    3.85504    1.00000    1.00000
     1.00000   -2.16527  -10.35883    11.0108    1.00000    1.00000
     1.00000    7.76523    16.4137    4.22058    1.00000    1.00000
     1.00000   -2.52338   -36.6341   -5.18030    1.00000    1.00000
     1.00000   -15.9579    31.2749    13.3752    1.00000    1.00000
     1.00000    27.4189    12.6615   -3.52871    1.00000    1.00000
     1.00000   -19.8056   -1.00702   -3.20422    1.00000    1.00000
     1.00000    19.3831   -29.7628   -4.31376    1.00000    1.00000
     1.00000   -20.3210    18.9454    24.1919    1.00000    1.00000
     1.00000    15.0163   -14.2276   -3.79951    1.00000    1.00000
     1.00000    2.75452    29.3980   -19.6556    1.00000    1.00000
     1.00000    7.63353   -34.1837    9.73053    1.00000    1.00000
     1.00000   -10.9131    31.7178    11.8555    1.00000    1.00000
     1.00000   10.32991    4.99973   -2.53373    1.00000    1.00000
     1.00000   -32.1575   -6.99089   -10.7712    1.00000    1.00000
     1.00000    12.6805   -48.4961   -6.54486    1.00000    1.00000
     1.00000   -9.24194    20.6292  -0.198746    1.00000    1.00000
     1.00000    4.94841   -19.9379    5.10997    1.00000    1.00000
     1.00000    14.9160    26.2900   -3.49977    1.00000    1.00000
     1.00000    6.83549   -33.2815   -2.55395    1.00000    1.00000
     1.00000   -17.6647    35.3785    6.45352    1.00000    1.00000
     1.00000    16.0186    11.3431   -6.65688    1.00000    1.00000
     1.00000   -15.8936    11.1542   -3.93994    1.00000    1.00000
     1.00000    12.4722   -44.3169   -8.17908    1.00000    1.00000
     1.00000   -17.4564    12.0211    4.92522    1.00000    1.00000
     1.00000    15.3577   -3.74580  -0.194992    1.00000    1.00000
     1.00000   -2.86905    23.2178   -16.1140    1.00000    1.00000
     1.00000   10.15570   -28.2838   -9.13663    1.00000    1.00000
     1.00000   -6.13448    27.6289    28.8674    1.00000    1.00000
     1.00000    19.2531    17.5731    12.6396    1.00000    1.00000
     1.00000   -29.9054  -10.19877   -15.5237    1.00000    1.00000
     1.00000    7.81537   -38.8761   -20.3508    1.00000    1.00000
     1.00000   -15.8858    33.7407    2.85718    1.00000    1.00000
     1.00000    1.74881   -9.24689    8.30246    1.00000    1.00000
     1.00000   -1.58113    20.3538   -13.8023    1.00000    1.00000
     1.00000    2.29449   -38.9702    5.83144    1.00000    1.00000
     1.00000   -14.7888    29.8353    8.75864    1.00000    1.00000
     1.00000    23.0269    17.6841   -6.13597    1.00000    1.00000
     1.00000   -19.8932    2.83808   -2.36981    1.00000    1.00000
     1.00000    31.0394   -24.0723    3.61631    1.00000    1.00000
     1.00000   -20.9389    20.4094    20.5026    1.00000    1.00000
     1.00000    31.0306   -14.1030   -2.66370    1.00000    1.00000
     1.00000   10.18735    27.7200   -19.1536    1.00000    1.00000
     1.00000    11.0384   -25.6835    2.10536    1.00000    1.00000
     1.00000   -14.9477    34.0859    18.0685    1.00000    1.00000
     1.00000    11.2866    8.44028   -1.77869    1.00000    1.00000
     1.00000   -31.5860   -19.0910  -10.38487    1.00000    1.00000
     1.00000    11.1986   -52.8423   0.902275    1.00000    1.00000
     1.00000   -13.4323    20.2911  -0.473785    1.00000    1.00000
     1.00000    3.45731   -9.93127    9.08521    1.00000    1.00000
     1.00000    4.95404    19.3061   -2.28585    1.00000    1.00000
     1.00000    9.56775   -38.3949    2.65214    1.00000    1.00000
     1.00000   -11.5853    36.2263    2.20412    1.00000    1.00000
     1.00000    15.0179   0.963570   -9.85206    1.00000    1.00000
     1.00000   -11.6912    13.5736  -10.37323    1.00000    1.00000
     1.00000    14.5089   -40.1694   -4.31497    1.00000    1.00000
     1.00000   -13.9820    21.7625    12.5066    1.00000    1.00000
     1.00000    11.6734   -3.05254    4.30376    1.00000    1.00000
     1.00000  -0.764236    18.1512   -23.4137    1.00000    1.00000
     1.00000    5.19141   -26.2722   -9.57458    1.00000    1.00000
     1.00000   -1.85852    29.4018    21.3427    1.00000    1.00000
     1.00000    25.0644    21.5797    16.6476    1.00000    1.00000
     1.00000   -33.7732   -2.66418   -9.45049    1.00000    1.00000
     1.00000    10.5819   -42.1994   -15.6324    1.00000    1.00000
     1.00000   -9.06653    23.2586    1.84702    1.00000    1.00000
     1.00000   -2.80792   -14.8956    16.6692    1.00000    1.00000
     1.00000    7.30307    18.0373  -0.804184    1.00000    1.00000
     1.00000    1.66901   -38.5323   -4.78883    1.00000    1.00000
     1.00000   -24.0757    33.1712    15.5344    1.00000    1.00000
     1.00000    27.3736    19.2633   -2.33795    1.00000    1.00000
     1.00000   -30.1135   -1.90844   -3.33858    1.00000    1.00000
     1.00000    18.3008   -34.5295   -5.15591    1.00000    1.00000
     1.00000   -24.9449    22.2540    22.7996    1.00000    1.00000
     1.00000    17.4619   -16.7267  -10.57066    1.00000    1.00000
     1.00000   10.54337    25.9203   -28.5416    1.00000    1.00000
     1.00000    15.8720   -41.6521    11.7121    1.00000    1.00000
     1.00000   -7.10776    30.3363    16.5385    1.00000    1.00000
     1.00000    7.66788    4.32641  -0.650383    1.00000    1.00000
     1.00000   -29.4012   -15.7519   -7.91109    1.00000    1.00000
     1.00000    9.71576   -48.9384   -8.45251    1.00000    1.00000
     1.00000   -6.75623    21.2707    5.32172    1.00000    1.00000
     1.00000    5.62836   -11.8140    3.41483    1.00000    1.00000
     1.00000    13.5086    22.1910   -5.83295    1.00000    1.00000
     1.00000   10.18182   -28.6602  -0.961662    1.00000    1.00000
     1.00000   -15.6724    40.1169    9.90562    1.00000    1.00000
     1.00000    19.4492    14.4642   -7.25031    1.00000    1.00000
     1.00000   -16.5458   10.48382   0.364990    1.00000    1.00000
     1.00000    1.49478   -48.1045   -4.85658    1.00000    1.00000
     1.00000   -19.6650    12.1570    13.0249    1.00000    1.00000
     1.00000    18.5772   -4.24352  -0.589737    1.00000    1.00000
     1.00000   -7.91745    26.1399   -11.2185    1.00000    1.00000
     1.00000    6.84700   -26.8399   -3.18816    1.00000    1.00000
     1.00000   -15.3577    28.2904    23.2276    1.00000    1.00000
     1.00000    24.0172    12.0671    3.61763    1.00000    1.00000
     1.00000   -25.2649   -8.95190   -12.9403    1.00000    1.00000
     1.00000    7.20438   -43.5808   -16.7172    1.00000    1.00000
     1.00000   -12.5477    28.6191   -1.18645    1.00000    1.00000
     1.00000   -4.67665  -10.12833    7.19321    1.00000    1.00000
     1.00000    2.16064    16.3309   -12.6612    1.00000    1.00000
     1.00000    3.67242   -37.9083    1.09801    1.00000    1.00000
     1.00000   -13.9468    24.4134    2.05974    1.00000    1.00000
     1.00000    14.2747    18.4121   -5.38187    1.00000    1.00000
     1.00000   -19.8666    5.08009   -3.03265    1.00000    1.00000
     1.00000    25.6341   -28.4881   -5.48550    1.00000    1.00000
     1.00000   -20.9443    18.4663    15.8760    1.00000    1.00000
     1.00000    23.4515   -14.8767   -6.04602    1.00000    1.00000
     1.00000    8.71753    22.8597   -19.2150    1.00000    1.00000
     1.00000    8.68488   -28.1516    4.20142    1.00000    1.00000
     1.00000   -16.6141    32.9286    22.1354    1.00000    1.00000
     1.00000    17.1885    10.8700    1.88660    1.00000    1.00000
     1.00000   -37.2688   -25.5432  -10.48858    1.00000    1.00000
     1.00000    15.3793   -50.6596   -5.56090    1.00000    1.00000
     1.00000   -19.5470    19.8857   -2.91974    1.00000    1.00000
     1.00000    8.95209   -14.0382    12.3159    1.00000    1.00000
     1.00000   10.28967    21.5153    1.14211    1.00000    1.00000
     1.00000    9.22876   -42.5822    3.77396    1.00000    1.00000
     1.00000   -14.0928    36.9640    2.02056    1.00000    1.00000
     1.00000   10.56258    4.56213   -9.78836    1.00000    1.00000
     1.00000   -5.23354    14.5666   -13.4086    1.00000    1.00000
     1.00000    14.7671   -41.7947    2.11058    1.00000    1.00000
     1.00000   -14.7043    19.6558    11.6219    1.00000    1.00000
     1.00000    7.34512   -5.13033    11.6145    1.00000    1.00000
     1.00000    2.17404    22.4931   -18.2162    1.00000    1.00000
     1.00000    5.37665   -19.9738   0.558350    1.00000    1.00000
     1.00000   -6.07495    30.2481    19.6724    1.00000    1.00000
     1.00000    17.9305    20.2294    12.7066    1.00000    1.00000
     1.00000   -33.0800   -4.40182   -8.15019    1.00000    1.00000
     1.00000    16.8214   -41.1046   -21.0387    1.00000    1.00000
     1.00000   -15.9048    28.4844    1.54981    1.00000    1.00000
     1.00000   -3.13539   -8.35654    8.56857    1.00000    1.00000
     1.00000    11.4226    16.2676    3.97678    1.00000    1.00000
     1.00000   0.633743   -35.1458   -2.03036    1.00000    1.00000
     1.00000   -15.9171    30.2057    16.9503    1.00000    1.00000
     1.00000    28.1468    13.9992  -0.111183    1.00000    1.00000
     1.00000   -22.9505   -1.35918   -5.70738    1.00000    1.00000
     1.00000    18.4496   -30.2673   -6.00904    1.00000    1.00000
     1.00000   -23.3114    17.4593    26.1138    1.00000    1.00000
     1.00000    20.1384   -16.5720   -7.76030    1.00000    1.00000
     1.00000    7.92557    30.8274   -20.1514    1.00000    1.00000
     1.00000    8.27484   -34.8686    7.22063    1.00000    1.00000
     1.00000   -10.6814    32.6986    15.6790    1.00000    1.00000
     1.00000    6.21051   10.20235   -3.61171    1.00000    1.00000
     1.00000   -32.1516   -14.9441   -8.88585    1.00000    1.00000
     1.00000    17.0733   -46.5124   -5.59650    1.00000    1.00000
     1.00000   -11.2148    21.1273   -1.12606    1.00000    1.00000
     1.00000    6.79990   -17.1286    3.22221    1.00000    1.00000
     1.00000    18.0947    27.0572   -1.97997    1.00000    1.00000
     1.00000    4.59613   -31.6148    2.87873    1.00000    1.00000
     1.00000   -17.8349    39.8450    6.63432    1.00000    1.00000
     1.00000    18.1296    11.3699   -5.27824    1.00000    1.00000
     1.00000   -10.8577    11.5095   -6.81087    1.00000    1.00000
     1.00000    5.50131   -45.3180   -6.30733    1.00000    1.00000
     1.00000   -14.2435    14.6173    8.12236    1.00000    1.00000
     1.00000    12.7625   -2.32285    2.52872    1.00000    1.00000
     1.00000   -3.59288    22.0893   -12.9299    1.00000    1.00000
     1.00000   10.35156   -23.6043   -2.84374    1.00000    1.00000
     1.00000  -10.00035    27.9658    25.4267    1.00000    1.00000
     1.00000    18.1508    15.6157    15.3497    1.00000    1.00000
     1.00000   -34.5081   -4.15762   -12.5670    1.00000    1.00000
     1.00000    5.57092   -39.4411   -15.8251    1.00000    1.00000
     1.00000   -10.9719    32.6580    5.64130    1.00000    1.00000
     1.00000   -1.09818   -11.1081    9.49422    1.00000    1.00000
     1.00000   -3.95171    15.5202   -17.0576    1.00000    1.00000
     1.00000   -2.19321   -36.4450    5.14098    1.00000    1.00000
     1.00000   -12.2262    33.8289    7.61061    1.00000    1.00000
     1.00000    19.9814    16.2914   -9.14811    1.00000    1.00000
     1.00000   -26.1162    5.71438    2.07402    1.00000    1.00000
     1.00000    29.3831   -24.7711   -4.19370    1.00000    1.00000
     1.00000   -23.3271    19.9198    20.6069    1.00000    1.00000
     1.00000    28.2026   -15.7092   -4.36942    1.00000    1.00000
     1.00000    9.36325    26.7147   -21.2266    1.00000    1.00000
     1.00000    11.3428   -26.1448    4.02747    1.00000    1.00000
     1.00000   -12.9221    35.7916    14.8685    1.00000    1.00000
     1.00000    11.9882    9.29304    3.53648    1.00000    1.00000
     1.00000   -30.6951   -16.7096   -9.76080    1.00000    1.00000
     1.00000    7.84595   -52.2089    3.46768    1.00000    1.00000
     1.00000   -10.9868    17.5106    1.76709    1.00000    1.00000
     1.00000    6.66913   -10.9894    8.99490    1.00000    1.00000
     1.00000    3.53848    20.3990   -3.18124    1.00000    1.00000
     1.00000    11.9948   -36.5590    3.25806    1.00000    1.00000
     1.00000   -6.00569    33.3013   -1.82700    1.00000    1.00000
     1.00000    11.1867    3.23983   -8.42381    1.00000    1.00000
     1.00000   -13.7658    10.8886   -7.42171    1.00000    1.00000
     1.00000    16.8463   -40.4487   -1.96831    1.00000    1.00000
     1.00000   -14.9792    21.2312    15.8383    1.00000    1.00000
     1.00000    12.0264   -9.22959    5.22794    1.00000    1.00000
     1.00000  -0.781616    18.3040   -20.1847    1.00000    1.00000
     1.00000    6.50941   -24.7327   -4.04800    1.00000    1.00000
     1.00000   -4.59291    24.5121    23.3773    1.00000    1.00000
     1.00000    25.6949    23.9998    13.4163    1.00000    1.00000
     1.00000   -34.8628   0.246628   -7.80905    1.00000    1.00000
     1.00000    11.9585   -45.6746   -9.75212    1.00000    1.00000
     1.00000   -15.4486    25.1167   0.323402    1.00000    1.00000
     1.00000    2.22420   -13.0677    14.6619    1.00000    1.00000
     1.00000    5.51738    15.4796   -6.30787    1.00000    1.00000
     1.00000    1.58754   -38.0184  -10.50543    1.00000    1.00000
     1.00000   -19.6274    30.8575    12.0115    1.00000    1.00000
     1.00000    31.0552    18.7469   -4.54330    1.00000    1.00000
     1.00000   -26.5159  -0.237068   -4.91140    1.00000    1.00000
     1.00000    16.2690   -30.0420   -5.15775    1.00000    1.00000
     1.00000   -26.2560    22.9156    27.9826    1.00000    1.00000
     1.00000    17.5059   -8.14440   -7.70346    1.00000    1.00000
     1.00000    8.58972    26.3484   -28.5480    1.00000    1.00000
     1.00000    12.2991   -40.2854   10.52153    1.00000    1.00000
     1.00000   -9.78459    29.7552    20.2026    1.00000    1.00000
     1.00000    11.9657   -3.13851   -1.11418    1.00000    1.00000
     1.00000   -28.9909   -14.4518  -10.55660    1.00000    1.00000
     1.00000    12.0602   -48.3199   -9.61034    1.00000    1.00000
     1.00000   -9.62280    16.8617    4.50339    1.00000    1.00000
     1.00000    6.60208   -14.2407    7.78061    1.00000    1.00000
     1.00000    9.41669    24.0906   -6.89896    1.00000    1.00000
     1.00000    8.52719   -35.2525    9.55048E-02    1.00000    1.00000
     1.00000   -18.1313    39.6187    10.6212    1.00000    1.00000
     1.00000    14.5078    14.2868   -6.14906    1.00000    1.00000
     1.00000   -19.2771    11.7461    4.14548    1.00000    1.00000
     1.00000    4.75885   -54.8893   -7.10022    1.00000    1.00000
     1.00000   -18.8194   10.53999    8.72238    1.00000    1.00000
     1.00000    18.8179   -5.15377    1.17479    1.00000    1.00000
     1.00000   -7.79138    27.0487   -16.1746    1.00000    1.00000
     1.00000    6.28026   -29.1982   -2.52020    1.00000    1.00000
     1.00000  -10.12589    31.9059    27.0435    1.00000    1.00000
     1.00000    21.6245    12.7127    5.19672    1.00000    1.00000
     1.00000   -27.7329   -9.88196   -17.1816    1.00000    1.00000
     1.00000    11.3192   -46.9827   -20.7974    1.00000    1.00000
     1.00000   -11.3233    28.5308    3.12019    1.00000    1.00000
     1.00000   -1.11362   -13.2300    6.78314    1.00000    1.00000
     1.00000    4.64053    17.4239   -11.0794    1.00000    1.00000
     1.00000    3.36446   -42.3286    2.50352    1.00000    1.00000
     1.00000   -14.1503    26.7898    9.31490    1.00000    1.00000
     1.00000    14.7805    18.9826   -7.23079    1.00000    1.00000
     1.00000   -17.1328    1.78976   -5.51794    1.00000    1.00000
     1.00000    25.4795   -27.1253   0.379227    1.00000    1.00000
     1.00000   -18.4727    12.7127    14.5314    1.00000    1.00000
     1.00000    22.8307   -17.1493   -4.96155    1.00000    1.00000
     1.00000    8.79239    20.5258   -21.9658    1.00000    1.00000
     1.00000    9.67850   -33.8332    3.25158    1.00000    1.00000
     1.00000   -20.0970    31.7207    20.3783    1.00000    1.00000
     1.00000    16.7715    10.9109   -6.90155E-02    1.00000    1.00000
     1.00000   -33.6041   -20.4614   -12.3511    1.00000    1.00000
     1.00000    12.6130   -51.5981   0.230194    1.00000    1.00000
     1.00000   -16.2987    22.9086  -0.706924    1.00000    1.00000
     1.00000    6.19385   -12.7417    10.9690    1.00000    1.00000
     1.00000    9.19791    20.2199    2.20519    1.00000    1.00000
     1.00000    11.3704   -43.6797    6.62976    1.00000    1.00000
     1.00000   -13.8529    38.1693    3.82727    1.00000    1.00000
     1.00000    7.78769    11.4069   -6.78899    1.00000    1.00000
     1.00000   -7.62439    15.0550   -9.81248    1.00000    1.00000
     1.00000    13.8256   -43.0857   0.907730    1.00000    1.00000
     1.00000   -12.9915    15.7649    7.06610    1.00000    1.00000
     1.00000    7.19827   -7.24702    7.64218    1.00000    1.00000
     1.00000   0.493729    22.4352   -19.9245    1.00000    1.00000
     1.00000    5.72446   -21.7480   -2.17337    1.00000    1.00000
     1.00000   -2.99965    31.3563    23.6933    1.00000    1.00000
     1.00000    19.4480    21.5321    12.7174    1.00000    1.00000
     1.00000   -32.1141   -3.96326   -6.18185    1.00000    1.00000
     1.00000    15.1886   -40.1474   -18.5875    1.00000    1.00000
     1.00000   -18.7321    27.9483    3.29537    1.00000    1.00000
     1.00000   -4.83243   -9.94866   10.46793    1.00000    1.00000
     1.00000    7.25426    15.8638    6.07437    1.00000    1.00000
     1.00000   -1.06294   -35.6341   -2.96992    1.00000    1.00000
     1.00000   -15.3106    32.3286    11.8034    1.00000    1.00000
     1.00000    30.0449    12.3213  -0.982498    1.00000    1.00000
     1.00000   -19.5807   -2.99007   -3.33407    1.00000    1.00000
     1.00000    21.8800   -27.5211   -3.99493    1.00000    1.00000
     1.00000   -21.8963    20.0231    23.4297    1.00000    1.00000
     1.00000    18.9103   -14.3047   -6.89397    1.00000    1.00000
     1.00000    4.74367    31.5769   -20.3034    1.00000    1.00000
     1.00000    7.19382   -33.3584    7.96262    1.00000    1.00000
     1.00000   -12.7563    30.3297    14.5997    1.00000    1.00000
     1.00000    7.79077    7.84623   -3.22452    1.00000    1.00000
     1.00000   -30.2839   -8.03551   -12.3635    1.00000    1.00000
     1.00000    11.7726   -47.1070   -7.66118    1.00000    1.00000
     1.00000   -11.4633    20.3986    2.42039    1.00000    1.00000
     1.00000    6.11029   -18.6859    6.66541    1.00000    1.00000
     1.00000    13.3127    25.5101   -4.40588    1.00000    1.00000
     1.00000    6.83052   -34.0951    1.31937    1.00000    1.00000
     1.00000   -14.4303    35.9920    4.20422    1.00000    1.00000
     1.00000    15.2239    13.8850   -8.21647    1.00000    1.00000
     1.00000   -14.8180    6.97861   -1.91463    1.00000    1.00000
     1.00000    11.1103   -44.1587   -5.83609    1.00000    1.00000
     1.00000   -15.4641    12.0511    5.09879    1.00000    1.00000
     1.00000    16.7928   -4.25080   -1.49316    1.00000    1.00000
     1.00000   -3.16483    23.5416   -19.1512    1.00000    1.00000
     1.00000   10.40169   -27.7137   -5.32122    1.00000    1.00000
     1.00000   -7.02299    26.5833    27.3227    1.00000    1.00000
     1.00000    20.9454    15.5607    8.66827    1.00000    1.00000
     1.00000   -30.8897   -8.50033   -15.1410    1.00000    1.00000
     1.00000    4.73219   -40.9216   -20.5834    1.00000    1.00000
     1.00000   -13.3765    31.3559    3.78436    1.00000    1.00000
     1.00000    1.01309   -6.79797    5.29973    1.00000    1.00000
     1.00000   -1.48071    16.5760   -13.1588    1.00000    1.00000
     1.00000   0.493622   -39.6526    5.29178    1.00000    1.00000
     1.00000   -14.5611    30.1471    11.2130    1.00000    1.00000
     1.00000    26.2593    17.3367   -6.63564    1.00000    1.00000
     1.00000   -23.0353    3.91430   -2.82326    1.00000    1.00000
     1.00000    31.2358   -23.6071    1.68111    1.00000    1.00000
     1.00000   -22.1988    22.3456    19.0629    1.00000    1.00000
     1.00000    30.1972   -13.0860   -4.17075    1.00000    1.00000
     1.00000    12.6363    27.2886   -17.1210    1.00000    1.00000
     1.00000    8.91623   -27.2639    1.51978    1.00000    1.00000
     1.00000   -14.7249    32.6239    19.4149    1.00000    1.00000
     1.00000    11.0250    6.42439  -0.390350    1.00000    1.00000
     1.00000   -33.9883   -20.2536   -8.89143    1.00000    1.00000
     1.00000    11.3323   -56.3257    2.72446    1.00000    1.00000
     1.00000   -14.5636    18.7945   -2.64164    1.00000    1.00000
     1.00000    5.13211   -9.41846    8.11981    1.00000    1.00000
     1.00000    4.36197    17.5427   -1.55104    1.00000    1.00000
     1.00000    8.64841   -39.3217    4.99509    1.00000    1.00000
     1.00000   -11.1966    34.7074   0.962418    1.00000    1.00000
     1.00000    14.8238    1.74044   -8.01936    1.00000    1.00000
     1.00000  -10.54398    15.0729   -11.0337    1.00000    1.00000
     1.00000    12.6629   -42.7156   -4.77323    1.00000    1.00000
     1.00000   -16.8750    21.8283    12.5934    1.00000    1.00000
     1.00000    12.9152   -2.43787    5.74599    1.00000    1.00000
     1.00000   0.338745    17.8390   -21.7748    1.00000    1.00000
     1.00000    1.33426   -24.6994   -8.59038    1.00000    1.00000
     1.00000   -4.50275    25.7001    20.8197    1.00000    1.00000
     1.00000    26.1285    19.9680    17.1671    1.00000    1.00000
