     1.00000   -13.8177   -23.6638   -5.54476    1.00000    1.00000
     1.00000    24.8192    28.1545    21.7897    1.00000    1.00000
     1.00000    26.9515   -9.15525   -33.5866    1.00000    1.00000
     1.00000   -30.6046    23.7666    27.2614    1.00000    1.00000
     1.00000   -18.0159   -59.0683   -13.7258    1.00000    1.00000
     1.00000    16.0827    4.72469  -0.987175    1.00000    1.00000
     1.00000   -1.04045   -17.3168    3.81638    1.00000    1.00000
     1.00000   -16.8287    57.3530    17.2509    1.00000    1.00000
     1.00000   -6.15440   -36.1483   -9.75526    1.00000    1.00000
     1.00000    22.0454    13.3197    29.1682    1.00000    1.00000
     1.00000    22.0736  -0.904846   -19.7790    1.00000    1.00000
     1.00000    18.3392    23.4686    4.02696    1.00000    1.00000
     1.00000   -11.8737   -43.7320   -21.8139    1.00000    1.00000
     1.00000    7.62987    15.0987  -0.744659    1.00000    1.00000
     1.00000   -4.19562   -19.0527    4.96928    1.00000    1.00000
     1.00000   -16.7281    36.5468    18.6880    1.00000    1.00000
     1.00000   -20.1786   -36.3780  -0.426445    1.00000    1.00000
     1.00000    22.7300    31.6606    28.4338    1.00000    1.00000
     1.00000    14.2812  -10.18068   -35.9436    1.00000    1.00000
     1.00000   -13.1267    12.3214    16.4205    1.00000    1.00000
     1.00000   -38.1178   -53.7480   -29.7278    1.00000    1.00000
     1.00000    20.2961   -8.25752   0.887939    1.00000    1.00000
     1.00000    16.3533   -3.09322   -6.13941    1.00000    1.00000
     1.00000   -20.3185    51.5452   10.28625    1.00000    1.00000
     1.00000    1.39720   -33.7109  -10.46548    1.00000    1.00000
     1.00000    16.8493    17.2244    18.2794    1.00000    1.00000
     1.00000    26.6582    10.6640   -23.5318    1.00000    1.00000
     1.00000   -5.53816    18.0833    14.6143    1.00000    1.00000
     1.00000   -20.2146   -45.6141   -17.3633    1.00000    1.00000
     1.00000    20.1105    22.4585    5.49187    1.00000    1.00000
     1.00000   -5.10741   -15.3469    8.13712    1.00000    1.00000
     1.00000   -16.1050    47.5469    5.98303    1.00000    1.00000
     1.00000   -23.0348   -23.5147   -13.4743    1.00000    1.00000
     1.00000    19.0277    27.4311    13.1176    1.00000    1.00000
     1.00000    27.1485   -17.3768   -29.5480    1.00000    1.00000
     1.00000   -15.9828    28.3669    23.3997    1.00000    1.00000
     1.00000   -23.6479   -52.2793   -13.7417    1.00000    1.00000
     1.00000    22.4329    5.31706   -1.87654    1.00000    1.00000
     1.00000    4.27728   -5.99241    7.90949    1.00000    1.00000
     1.00000   -13.8649    53.2918    23.2301    1.00000    1.00000
     1.00000   -5.66130   -19.2820   -4.29621    1.00000    1.00000
     1.00000    13.3123    15.1306    23.4696    1.00000    1.00000
     1.00000    28.1764    5.86118   -17.1209    1.00000    1.00000
     1.00000  -0.537277    27.7555    6.10307    1.00000    1.00000
     1.00000   -20.6999   -38.8315   -19.7371    1.00000    1.00000
     1.00000    8.28935    3.79419   -1.68092    1.00000    1.00000
     1.00000   -9.59901   -19.6172  -0.213844    1.00000    1.00000
     1.00000   -29.8771    31.5302    26.8205    1.00000    1.00000
     1.00000   -12.0121   -33.1325   -4.59415    1.00000    1.00000
     1.00000    20.9707    31.4318    14.9756    1.00000    1.00000
     1.00000    26.4967  -10.13240   -40.7861    1.00000    1.00000
     1.00000   -17.5095    17.9402    19.3648    1.00000    1.00000
     1.00000   -28.7587   -47.0896   -17.6084    1.00000    1.00000
     1.00000    13.0704   -4.80020   -4.05782    1.00000    1.00000
     1.00000    3.06386   -8.83221   -1.10478    1.00000    1.00000
     1.00000   -26.6843    53.8078    7.00720    1.00000    1.00000
     1.00000   0.537781   -36.2871   -6.32760    1.00000    1.00000
     1.00000    24.3538    11.3154    10.9731    1.00000    1.00000
     1.00000    23.7049   -1.64229   -29.8019    1.00000    1.00000
     1.00000    4.76788    19.7921    16.5908    1.00000    1.00000
     1.00000   -9.79652   -42.0573   -14.1895    1.00000    1.00000
     1.00000    15.2932    15.4506    9.42210    1.00000    1.00000
     1.00000   -3.31557   -7.10982    12.1267    1.00000    1.00000
     1.00000   -19.1083    48.4584    14.6286    1.00000    1.00000
     1.00000   -14.4886   -18.8865   -3.68108    1.00000    1.00000
     1.00000    19.4593    26.4305    23.4987    1.00000    1.00000
     1.00000    28.3738   -6.14003   -22.2678    1.00000    1.00000
     1.00000   -25.0299    25.7609    24.8649    1.00000    1.00000
     1.00000   -24.0583   -59.6876   -19.5306    1.00000    1.00000
     1.00000    9.51439    5.13219  -10.51677    1.00000    1.00000
     1.00000   -1.68665   -12.6491    3.37576    1.00000    1.00000
     1.00000   -18.8847    52.7849    17.3520    1.00000    1.00000
     1.00000   -8.36076   -32.6094   -5.59411    1.00000    1.00000
     1.00000    21.4034    16.2257    34.3378    1.00000    1.00000
     1.00000    16.7403   -3.32893   -15.9307    1.00000    1.00000
     1.00000    8.83147    24.6306    8.77924    1.00000    1.00000
     1.00000   -14.1407   -44.9657   -22.5548    1.00000    1.00000
     1.00000    8.15862    13.2535    5.26710    1.00000    1.00000
     1.00000  -10.49756   -22.1252    3.93307    1.00000    1.00000
     1.00000   -20.1828    39.5460    16.1499    1.00000    1.00000
     1.00000   -16.7093   -45.2800   -13.8425    1.00000    1.00000
     1.00000    20.2241    36.4224    24.2673    1.00000    1.00000
     1.00000    19.7323   -13.7483   -40.2764    1.00000    1.00000
     1.00000   -11.6128    13.5328    7.66616    1.00000    1.00000
     1.00000   -29.6261   -54.4643   -21.4044    1.00000    1.00000
     1.00000    16.9147   -15.9611  -0.639465    1.00000    1.00000
     1.00000    14.9030   -7.78611   -6.54366    1.00000    1.00000
     1.00000   -20.6398    54.6189    13.7809    1.00000    1.00000
     1.00000    5.61801   -35.8288   -13.7845    1.00000    1.00000
     1.00000    16.3434    17.7347    21.0683    1.00000    1.00000
     1.00000    25.8370    5.45943   -28.5916    1.00000    1.00000
     1.00000    1.73190    23.8140    17.4427    1.00000    1.00000
     1.00000   -18.3387   -46.5347   -16.0008    1.00000    1.00000
     1.00000    14.7250    20.5182    7.54027    1.00000    1.00000
     1.00000   -2.21907   -7.31590   10.21095    1.00000    1.00000
     1.00000   -13.1987    49.2273    11.5551    1.00000    1.00000
     1.00000   -19.2812   -22.5775   -8.36304    1.00000    1.00000
     1.00000    23.4841    22.7533    14.5298    1.00000    1.00000
     1.00000    25.2862   -15.4781   -31.5463    1.00000    1.00000
     1.00000   -18.0631    24.8409    26.5825    1.00000    1.00000
     1.00000   -23.7796   -56.6369   -19.1660    1.00000    1.00000
     1.00000    11.4283    2.25529    1.15349    1.00000    1.00000
     1.00000    3.62700   -14.8841    5.74911    1.00000    1.00000
     1.00000   -11.2439    46.7339    18.5283    1.00000    1.00000
     1.00000  -10.04797   -24.3997   -7.36891    1.00000    1.00000
     1.00000    17.8347    18.1163    24.3622    1.00000    1.00000
     1.00000    32.7797    5.45526   -9.66855    1.00000    1.00000
     1.00000   0.190887    22.2275    9.25589    1.00000    1.00000
     1.00000   -13.1069   -40.8435   -28.8378    1.00000    1.00000
     1.00000    6.66179    11.2298   -1.22531    1.00000    1.00000
     1.00000   -5.10643   -25.4397   -3.04235    1.00000    1.00000
     1.00000   -26.0899    31.0943    26.7404    1.00000    1.00000
     1.00000   -16.7127   -29.7095   -6.96618    1.00000    1.00000
     1.00000    23.2985    30.1295    17.2516    1.00000    1.00000
     1.00000    23.4562   -16.1068   -43.8168    1.00000    1.00000
     1.00000   -9.84518    14.9695    15.5796    1.00000    1.00000
     1.00000   -31.1878   -54.0843   -20.0349    1.00000    1.00000
     1.00000    13.7598   -5.79803   -1.68483    1.00000    1.00000
     1.00000    6.09178   -5.38879   -5.25829    1.00000    1.00000
     1.00000   -27.0856    51.5332    15.0989    1.00000    1.00000
     1.00000    7.62553   -33.7087   -6.49123    1.00000    1.00000
     1.00000    15.6768    14.2759    14.8316    1.00000    1.00000
     1.00000    24.5533   0.737549   -32.8938    1.00000    1.00000
     1.00000   10.10477    20.8956    9.41393    1.00000    1.00000
     1.00000   -19.5084   -43.8564   -16.6346    1.00000    1.00000
     1.00000    14.7819   10.48274    7.10407    1.00000    1.00000
     1.00000   -6.58952   -2.98029    13.6022    1.00000    1.00000
     1.00000   -19.0888    40.1530    14.5895    1.00000    1.00000
     1.00000   -20.2182   -27.6960   -5.33029    1.00000    1.00000
     1.00000    18.4850    27.0174    21.8536    1.00000    1.00000
     1.00000    25.1544   -7.02122   -30.4173    1.00000    1.00000
     1.00000   -27.2767    20.9664    28.3635    1.00000    1.00000
     1.00000   -17.8477   -60.8059   -16.6321    1.00000    1.00000
     1.00000    14.1684    2.86488   -3.57671    1.00000    1.00000
     1.00000  -0.777252   -13.6426  -0.486519    1.00000    1.00000
     1.00000   -13.3137    54.7641    19.5138    1.00000    1.00000
     1.00000   -5.47078   -36.9959   -13.5359    1.00000    1.00000
     1.00000    19.2449    16.8764    29.2215    1.00000    1.00000
     1.00000    20.7274    5.23741   -20.8106    1.00000    1.00000
     1.00000    12.3677    26.1586    4.72722    1.00000    1.00000
     1.00000   -12.0654   -39.1813   -17.9555    1.00000    1.00000
     1.00000    8.57068    15.4976   -3.34762    1.00000    1.00000
     1.00000   -1.31911   -16.6468    5.77704    1.00000    1.00000
     1.00000   -20.3372    35.5193    21.6948    1.00000    1.00000
     1.00000   -15.2513   -41.1679   -7.56551    1.00000    1.00000
     1.00000    22.3234    33.9683    24.7664    1.00000    1.00000
     1.00000    14.6136   -13.8383   -32.3131    1.00000    1.00000
     1.00000   -13.1018   10.50842    15.5763    1.00000    1.00000
     1.00000   -33.9473   -54.0523   -25.1549    1.00000    1.00000
     1.00000    16.7419   -5.87335    2.88329    1.00000    1.00000
     1.00000    18.5859   -3.84419   -11.4275    1.00000    1.00000
     1.00000   -16.9561    50.2167    14.6802    1.00000    1.00000
     1.00000    5.71313   -35.4471   -10.6702    1.00000    1.00000
     1.00000    16.1092    20.1221    16.8961    1.00000    1.00000
     1.00000    28.5096    7.34291   -23.6015    1.00000    1.00000
     1.00000   -5.66496    11.2738    14.2792    1.00000    1.00000
     1.00000   -22.9044   -49.8754   -15.6850    1.00000    1.00000
     1.00000    26.7323    25.0460    7.37886    1.00000    1.00000
     1.00000   -2.56624   -14.9400    6.79581    1.00000    1.00000
     1.00000   -17.8354    46.1343    6.17078    1.00000    1.00000
     1.00000   -23.2318   -24.0830   -17.3616    1.00000    1.00000
     1.00000    21.3383    26.0694    18.1130    1.00000    1.00000
     1.00000    24.8747   -18.9076   -32.0777    1.00000    1.00000
     1.00000   -15.4297    23.3638    20.2416    1.00000    1.00000
     1.00000   -26.8887   -54.7885   -16.0829    1.00000    1.00000
     1.00000    18.2035    6.27098  -0.596313    1.00000    1.00000
     1.00000    4.56595   -7.92297    7.47401    1.00000    1.00000
     1.00000   -10.8366    51.2626    21.6053    1.00000    1.00000
     1.00000  -10.24840   -21.2835   -5.70811    1.00000    1.00000
     1.00000    14.8911    16.3002    23.0962    1.00000    1.00000
     1.00000    28.1762    3.96455   -21.7439    1.00000    1.00000
     1.00000    5.50842E-03    32.4204    4.48048    1.00000    1.00000
     1.00000   -17.2832   -38.3535   -25.4370    1.00000    1.00000
     1.00000    10.5883    7.48959   -1.47657    1.00000    1.00000
     1.00000   -7.68156   -19.7805  -0.758537    1.00000    1.00000
     1.00000   -25.6537    34.0258    24.9047    1.00000    1.00000
     1.00000   -17.8947   -34.9638   -9.41273    1.00000    1.00000
     1.00000    27.6692    31.3963    11.4862    1.00000    1.00000
     1.00000    23.3623   -11.0909   -42.9864    1.00000    1.00000
     1.00000   -12.2618    19.4206    17.6353    1.00000    1.00000
     1.00000   -30.1944   -51.1994   -15.0151    1.00000    1.00000
     1.00000    16.4327   -2.12281   -1.27281    1.00000    1.00000
     1.00000   -2.87157   -9.97740    9.69391E-02    1.00000    1.00000
     1.00000   -28.5331    52.1760    4.81732    1.00000    1.00000
     1.00000   -1.93231   -36.9286   -2.48592    1.00000    1.00000
     1.00000    20.5927    11.7436    11.7488    1.00000    1.00000
     1.00000    28.2944   -3.56026   -31.7401    1.00000    1.00000
     1.00000    7.64874    17.5118    13.0398    1.00000    1.00000
     1.00000   -9.07787   -39.5411   -12.5171    1.00000    1.00000
     1.00000    13.7213    17.9697    12.7305    1.00000    1.00000
     1.00000   -2.67531  -10.10770    12.7036    1.00000    1.00000
     1.00000   -17.9048    43.0902    13.1431    1.00000    1.00000
     1.00000   -16.4281   -15.3902   0.610573    1.00000    1.00000
     1.00000    19.7479    22.7702    24.2073    1.00000    1.00000
     1.00000    26.0823   -6.15063   -25.4449    1.00000    1.00000
     1.00000   -24.9841    27.1028    23.3826    1.00000    1.00000
     1.00000   -20.6650   -55.1966   -16.4583    1.00000    1.00000
     1.00000    12.2995    5.86546   -5.05098    1.00000    1.00000
     1.00000    1.63673   -13.3328    1.60440    1.00000    1.00000
     1.00000   -16.8309    55.5118    18.1861    1.00000    1.00000
     1.00000   -10.8098   -28.6587   -4.96206    1.00000    1.00000
     1.00000    24.3595    17.9867    31.8247    1.00000    1.00000
     1.00000    19.1689   -1.88223   -18.3105    1.00000    1.00000
     1.00000    13.0136    25.1926    6.35500    1.00000    1.00000
     1.00000   -14.8206   -44.3049   -24.3159    1.00000    1.00000
     1.00000   10.13658    12.7446    2.96397    1.00000    1.00000
     1.00000   -7.97874   -19.9340    6.25640    1.00000    1.00000
     1.00000   -23.1822    37.7384    14.8598    1.00000    1.00000
     1.00000   -12.7437   -39.4472   -10.6768    1.00000    1.00000
     1.00000    20.5519    34.8992    22.8611    1.00000    1.00000
     1.00000    16.4853   -10.7467   -36.7370    1.00000    1.00000
     1.00000   -13.2942   10.53375    13.1030    1.00000    1.00000
     1.00000   -29.5533   -56.7223   -21.5539    1.00000    1.00000
     1.00000    14.1516   -11.0970    1.82500    1.00000    1.00000
     1.00000    8.07890   -6.99989   -6.89693    1.00000    1.00000
     1.00000   -23.9606    53.1640    14.1089    1.00000    1.00000
     1.00000   0.888626   -35.5217   -13.6854    1.00000    1.00000
     1.00000    22.2055    17.9488    20.4471    1.00000    1.00000
     1.00000    29.3998    5.22025   -25.3005    1.00000    1.00000
     1.00000   -3.71161    20.5205    16.9735    1.00000    1.00000
     1.00000   -14.7911   -45.7466   -17.9660    1.00000    1.00000
     1.00000    18.2838    21.9724    7.20146    1.00000    1.00000
     1.00000   -5.62747  -10.04449    6.06155    1.00000    1.00000
     1.00000   -14.4029    47.5567    13.8255    1.00000    1.00000
     1.00000   -22.5459   -23.1305   -9.60088    1.00000    1.00000
     1.00000    21.5124    23.4199    13.5232    1.00000    1.00000
     1.00000    27.5495   -13.0342   -33.6056    1.00000    1.00000
     1.00000   -22.3994    30.6152    25.6312    1.00000    1.00000
     1.00000   -25.9494   -55.6480   -18.7832    1.00000    1.00000
     1.00000    15.6593    7.94937    1.96010    1.00000    1.00000
     1.00000    2.63695   -9.01825    8.03805    1.00000    1.00000
     1.00000   -13.1342    43.5203    19.3270    1.00000    1.00000
     1.00000   -12.6157   -26.5655   -5.66138    1.00000    1.00000
     1.00000    15.4664    18.2673    27.2754    1.00000    1.00000
     1.00000    27.9289    7.67876   -14.1600    1.00000    1.00000
     1.00000    3.53975    24.9614    8.32146    1.00000    1.00000
     1.00000   -14.8357   -41.6875   -29.3845    1.00000    1.00000
     1.00000    6.87334    8.95122    1.58701    1.00000    1.00000
     1.00000  -10.07272   -24.3500   -2.90916    1.00000    1.00000
     1.00000   -25.4846    33.0137    30.3984    1.00000    1.00000
     1.00000   -20.7525   -29.1290   -6.71489    1.00000    1.00000
     1.00000    19.4326    30.1542    15.0151    1.00000    1.00000
     1.00000    21.1475   -16.5782   -45.5478    1.00000    1.00000
     1.00000   -9.79558    16.7164    16.8140    1.00000    1.00000
     1.00000   -31.7233   -54.8027   -13.8933    1.00000    1.00000
     1.00000    18.5612   -8.75358   -3.80520    1.00000    1.00000
     1.00000    4.01405   -9.91313   -6.67137    1.00000    1.00000
     1.00000   -29.0245    52.3517    11.7787    1.00000    1.00000
     1.00000    4.02971   -33.3425   -7.08500    1.00000    1.00000
     1.00000    11.2732    14.2415    15.2356    1.00000    1.00000
     1.00000    27.0294   0.409698   -26.5917    1.00000    1.00000
     1.00000    5.53790    18.1136    12.2363    1.00000    1.00000
     1.00000   -15.8249   -43.0716   -16.0430    1.00000    1.00000
     1.00000    18.6835    13.8847    11.0737    1.00000    1.00000
     1.00000   -9.77684   -2.74823    13.3931    1.00000    1.00000
     1.00000   -19.8937    38.6365    13.5637    1.00000    1.00000
     1.00000   -16.5932   -25.0053   -6.61908    1.00000    1.00000
     1.00000    22.2879    25.8882    19.8639    1.00000    1.00000
     1.00000    25.9800   -8.12994   -31.8627    1.00000    1.00000
     1.00000   -27.9485    25.4275    28.7317    1.00000    1.00000
     1.00000   -19.8876   -58.6532   -16.9736    1.00000    1.00000
     1.00000    15.1774    2.19159   -1.24503    1.00000    1.00000
     1.00000   -1.18214   -16.8936   0.870903    1.00000    1.00000
     1.00000   -16.1361    58.9219    18.2800    1.00000    1.00000
     1.00000   -4.72644   -37.5225  -10.02436    1.00000    1.00000
     1.00000    23.3195    15.8511    25.8954    1.00000    1.00000
     1.00000    21.8921    1.77521   -20.0882    1.00000    1.00000
     1.00000    19.2848    24.2772    5.59280    1.00000    1.00000
     1.00000   -12.3513   -43.5310   -19.8822    1.00000    1.00000
     1.00000    9.27368    14.5410   -1.73806    1.00000    1.00000
     1.00000   -7.94896   -19.5262    4.29865    1.00000    1.00000
     1.00000   -17.5224    36.9506    22.2305    1.00000    1.00000
     1.00000   -19.1351   -36.1539   -3.27584    1.00000    1.00000
     1.00000    23.0615    33.0802    29.8031    1.00000    1.00000
     1.00000    12.3899  -10.33173   -35.3111    1.00000    1.00000
     1.00000   -11.7965    11.0379    17.1843    1.00000    1.00000
     1.00000   -36.4646   -52.6225   -29.7313    1.00000    1.00000
     1.00000    17.4145   -8.96213    1.97317    1.00000    1.00000
     1.00000    16.0129   -6.70840   -7.81120    1.00000    1.00000
     1.00000   -17.4602    52.2204    10.8288    1.00000    1.00000
     1.00000    4.59674   -33.3476   -12.3292    1.00000    1.00000
     1.00000    15.3736    19.8017    18.7281    1.00000    1.00000
     1.00000    26.9982    8.63359   -23.8249    1.00000    1.00000
     1.00000   -3.69171    16.8203    13.3648    1.00000    1.00000
     1.00000   -22.9442   -48.2551   -16.8569    1.00000    1.00000
     1.00000    21.2221    22.4163    7.15393    1.00000    1.00000
     1.00000   -7.08165   -12.3341    9.39019    1.00000    1.00000
     1.00000   -14.7881    49.8290    8.05898    1.00000    1.00000
     1.00000   -25.0260   -23.6668   -13.3647    1.00000    1.00000
     1.00000    16.4208    25.3134    14.9604    1.00000    1.00000
     1.00000    25.0617   -16.5336   -27.2297    1.00000    1.00000
     1.00000   -16.5444    26.9422    21.3438    1.00000    1.00000
     1.00000   -25.1519   -55.2617   -15.2113    1.00000    1.00000
     1.00000    21.2930    5.67429    1.12669    1.00000    1.00000
     1.00000    4.88547   -4.29472    6.16270    1.00000    1.00000
     1.00000   -12.5960    54.5835    24.0794    1.00000    1.00000
     1.00000   -6.15497   -16.2168   -5.74148    1.00000    1.00000
     1.00000    13.5472    16.5116    21.0842    1.00000    1.00000
     1.00000    25.3211    6.61998   -19.2627    1.00000    1.00000
     1.00000   0.551208    27.3400    8.40670    1.00000    1.00000
     1.00000   -19.2078   -37.2470   -22.6495    1.00000    1.00000
     1.00000    7.68326    7.48268   -2.69392    1.00000    1.00000
     1.00000   -6.14772   -21.6634   -3.40617    1.00000    1.00000
     1.00000   -27.3067    34.3981    25.9673    1.00000    1.00000
     1.00000   -15.3064   -33.8074   -6.09544    1.00000    1.00000
     1.00000    19.3868    32.2413    15.8898    1.00000    1.00000
     1.00000    26.1089   -11.4798   -38.1649    1.00000    1.00000
     1.00000   -15.0889    19.5682    19.6594    1.00000    1.00000
     1.00000   -28.0755   -48.9451   -17.3078    1.00000    1.00000
     1.00000    14.5358   -3.17378   -5.30831    1.00000    1.00000
     1.00000    1.43147   -9.93879  -0.771965    1.00000    1.00000
     1.00000   -29.0460    50.4624    5.71225    1.00000    1.00000
     1.00000    1.59888   -37.5526   -2.11296    1.00000    1.00000
     1.00000    22.3003    12.7291   10.41531    1.00000    1.00000
     1.00000    24.1403   -3.59263   -29.8834    1.00000    1.00000
     1.00000    3.19618    21.0094    16.3719    1.00000    1.00000
     1.00000   -6.41998   -43.5598   -13.1420    1.00000    1.00000
     1.00000    13.3007    15.5260    9.26671    1.00000    1.00000
     1.00000   -2.48233   -6.79948    13.9182    1.00000    1.00000
     1.00000   -17.4791    48.6277    15.7763    1.00000    1.00000
     1.00000   -11.9488   -22.5969   -3.31901    1.00000    1.00000
     1.00000    17.3318    25.1750    25.1818    1.00000    1.00000
     1.00000    29.4666   -8.96220   -24.5739    1.00000    1.00000
     1.00000   -21.9366    24.6088    26.1749    1.00000    1.00000
     1.00000   -25.5206   -63.0796   -18.6537    1.00000    1.00000
     1.00000    8.53741    6.80501  -10.01955    1.00000    1.00000
     1.00000   -2.00542   -14.6233    3.34189    1.00000    1.00000
     1.00000   -16.2195    53.0545    20.3094    1.00000    1.00000
     1.00000   -8.98531   -34.6703   -6.20009    1.00000    1.00000
     1.00000    22.3940    17.8364    31.4870    1.00000    1.00000
     1.00000    17.1850   -2.45160   -11.7405    1.00000    1.00000
     1.00000    5.46420    25.0787    7.78975    1.00000    1.00000
     1.00000   -15.3466   -42.1386   -23.1432    1.00000    1.00000
     1.00000    7.53171    13.3351    8.02431    1.00000    1.00000
     1.00000   -11.5995   -21.5724    5.88673    1.00000    1.00000
     1.00000   -20.2801    38.0470    19.5796    1.00000    1.00000
     1.00000   -16.3895   -43.8387   -10.9723    1.00000    1.00000
     1.00000    16.8908    34.4918    23.4926    1.00000    1.00000
     1.00000    18.3404   -13.5561   -38.8531    1.00000    1.00000
     1.00000   -12.0508    11.9350    11.1888    1.00000    1.00000
     1.00000   -30.1297   -55.1652   -23.6721    1.00000    1.00000
     1.00000    15.2315   -15.3691   0.441452    1.00000    1.00000
     1.00000    13.3163   -9.00899   -5.17099    1.00000    1.00000
     1.00000   -23.8808    55.9802    15.6099    1.00000    1.00000
     1.00000    4.31812   -34.4360   -14.3932    1.00000    1.00000
     1.00000    19.4762    17.9882    20.9305    1.00000    1.00000
     1.00000    27.1301    7.26787   -26.5315    1.00000    1.00000
     1.00000    2.55885    22.0203    14.7064    1.00000    1.00000
     1.00000   -16.9240   -47.3816   -17.1328    1.00000    1.00000
     1.00000    18.4761    19.2652    9.51944    1.00000    1.00000
     1.00000   -2.39323   -8.69106    7.53779    1.00000    1.00000
     1.00000   -14.0821    47.9198   10.32638    1.00000    1.00000
     1.00000   -20.4489   -23.2769   -6.89764    1.00000    1.00000
     1.00000    22.3882    23.1146    11.7513    1.00000    1.00000
     1.00000    27.1413   -14.7563   -31.7410    1.00000    1.00000
     1.00000   -17.8573    25.6277    24.7553    1.00000    1.00000
     1.00000   -25.0162   -57.4099   -13.8907    1.00000    1.00000
     1.00000    11.0717   0.134094    2.19659    1.00000    1.00000
     1.00000    1.81036   -12.3651    7.29005    1.00000    1.00000
     1.00000   -11.3947    44.7940    18.0655    1.00000    1.00000
     1.00000   -10.9890   -23.0364   -9.07856    1.00000    1.00000
     1.00000    16.5890    19.2597    25.9507    1.00000    1.00000
     1.00000    32.6192    7.44548   -9.78388    1.00000    1.00000
     1.00000   0.835983    25.0865   10.24340    1.00000    1.00000
     1.00000   -17.0161   -41.1112   -30.1030    1.00000    1.00000
     1.00000    5.96445    11.0712   -3.47782    1.00000    1.00000
     1.00000   -6.91946   -24.7268   -2.58991    1.00000    1.00000
     1.00000   -26.6751    30.0544    24.9127    1.00000    1.00000
     1.00000   -18.9781   -29.7093   -7.92682    1.00000    1.00000
     1.00000    26.2225    31.2954    15.4308    1.00000    1.00000
     1.00000    22.3485   -14.8926   -42.6772    1.00000    1.00000
     1.00000   -7.00031    13.4359    13.3864    1.00000    1.00000
     1.00000   -29.4511   -54.3641   -19.0832    1.00000    1.00000
     1.00000    16.5507   -7.01839   -2.28358    1.00000    1.00000
     1.00000    6.53281   -7.52838   -8.20980    1.00000    1.00000
     1.00000   -27.1043    51.4642    13.1002    1.00000    1.00000
     1.00000    6.03415   -34.0851   -7.64267    1.00000    1.00000
     1.00000    15.8397    11.6119    15.3210    1.00000    1.00000
     1.00000    23.7878   0.349243   -29.6377    1.00000    1.00000
     1.00000    10.9221    18.6486    6.50491    1.00000    1.00000
     1.00000   -17.1760   -42.1979   -14.8551    1.00000    1.00000
     1.00000    12.3620    12.1635    6.63335    1.00000    1.00000
     1.00000   -5.92438   -4.44662    15.7262    1.00000    1.00000
     1.00000   -20.0561    41.8081    14.0192    1.00000    1.00000
     1.00000   -16.9802   -27.3686   -7.75769    1.00000    1.00000
     1.00000    20.6215    26.1352    20.9419    1.00000    1.00000
     1.00000    29.6597   -8.19017   -30.3079    1.00000    1.00000
     1.00000   -29.4241    22.3444    26.4974    1.00000    1.00000
     1.00000   -18.1680   -61.6481   -18.7383    1.00000    1.00000
     1.00000    12.9924    2.37263   -5.11767    1.00000    1.00000
     1.00000  -0.317520   -16.1184   -1.28871    1.00000    1.00000
     1.00000   -12.6086    53.7348    17.5190    1.00000    1.00000
     1.00000   -7.73518   -37.0606   -10.5779    1.00000    1.00000
     1.00000    20.6997    18.0279    28.4747    1.00000    1.00000
     1.00000    21.0554    3.35741   -19.1957    1.00000    1.00000
     1.00000    15.7956    25.6464    2.77379    1.00000    1.00000
     1.00000   -9.61908   -42.0544   -20.4905    1.00000    1.00000
     1.00000    8.83452    18.6178   -4.71606    1.00000    1.00000
     1.00000   -1.83760   -18.2401    7.62782    1.00000    1.00000
     1.00000   -17.9476    36.8386    16.5871    1.00000    1.00000
     1.00000   -17.7523   -38.5564   -6.13949    1.00000    1.00000
     1.00000    20.9995    33.2191    26.3070    1.00000    1.00000
     1.00000    12.7127   -10.7172   -33.1348    1.00000    1.00000
     1.00000   -13.3943    12.0773    14.3709    1.00000    1.00000
     1.00000   -37.7437   -55.8870   -26.7073    1.00000    1.00000
     1.00000    19.0378   -7.14099    1.96962    1.00000    1.00000
     1.00000    16.8945   -5.12953   -8.84918    1.00000    1.00000
     1.00000   -18.5211    50.6323    13.5063    1.00000    1.00000
     1.00000    6.44653   -31.6227   -9.71504    1.00000    1.00000
     1.00000    14.1181    21.5844    14.5462    1.00000    1.00000
     1.00000    30.1460    4.31027   -21.7315    1.00000    1.00000
     1.00000   -4.16719    14.5095    15.4858    1.00000    1.00000
     1.00000   -21.2497   -51.2510   -15.6217    1.00000    1.00000
     1.00000    23.0919    24.1194    8.32761    1.00000    1.00000
     1.00000   -3.79228   -11.4511    7.73875    1.00000    1.00000
     1.00000   -18.2473    47.8762    8.33418    1.00000    1.00000
     1.00000   -22.2521   -22.4571   -17.9912    1.00000    1.00000
     1.00000    19.5967    27.5348    15.0845    1.00000    1.00000
     1.00000    27.5900   -16.7050   -31.7763    1.00000    1.00000
     1.00000   -16.6127    22.2677    18.4457    1.00000    1.00000
     1.00000   -28.7016   -55.0385   -15.2761    1.00000    1.00000
     1.00000    16.2523    7.72815   -1.13473    1.00000    1.00000
     1.00000    4.77728   -11.7443    7.28313    1.00000    1.00000
     1.00000   -12.4365    52.1837    22.3748    1.00000    1.00000
     1.00000   -7.45712   -20.1207   -3.25133    1.00000    1.00000
     1.00000    17.5445    15.9942    22.8137    1.00000    1.00000
     1.00000    25.2314    4.63174   -19.4599    1.00000    1.00000
     1.00000  -0.268051    30.4710    6.01260    1.00000    1.00000
     1.00000   -19.2593   -40.3736   -22.5845    1.00000    1.00000
     1.00000    12.5489    8.50145    2.48913    1.00000    1.00000
     1.00000   -5.56773   -20.9228    1.16418    1.00000    1.00000
     1.00000   -22.3090    35.3814    23.7687    1.00000    1.00000
     1.00000   -17.9611   -35.5207   -7.49298    1.00000    1.00000
     1.00000    24.2691    32.1782    12.6673    1.00000    1.00000
     1.00000    21.9133   -11.5978   -44.3566    1.00000    1.00000
     1.00000   -14.1723    19.9385    17.9208    1.00000    1.00000
     1.00000   -33.7390   -52.1379   -14.8865    1.00000    1.00000
     1.00000    16.0766  -0.401779   -2.97860    1.00000    1.00000
     1.00000  -0.853531   -9.75438   0.105255    1.00000    1.00000
     1.00000   -24.9467    52.2886    3.85353    1.00000    1.00000
     1.00000   -2.98114   -38.6026   -1.86330    1.00000    1.00000
     1.00000    17.4743    12.1077    14.2807    1.00000    1.00000
     1.00000    28.8572   -3.34686   -29.5607    1.00000    1.00000
     1.00000    6.29584    18.5107    16.7438    1.00000    1.00000
     1.00000   -8.35014   -39.9395   -14.3369    1.00000    1.00000
     1.00000    16.1717    14.5980    12.9208    1.00000    1.00000
     1.00000   -4.98885   -9.75552    16.4856    1.00000    1.00000
     1.00000   -18.9251    46.3076    11.7858    1.00000    1.00000
     1.00000   -14.2192   -17.7686   -2.04471    1.00000    1.00000
     1.00000    21.9837    21.2940    25.2974    1.00000    1.00000
     1.00000    27.7562   -6.04233   -26.5342    1.00000    1.00000
     1.00000   -21.1200    25.0608    23.7994    1.00000    1.00000
     1.00000   -21.9521   -56.8356   -20.1164    1.00000    1.00000
     1.00000    9.66615    6.44240   -7.16515    1.00000    1.00000
     1.00000    1.09694  -10.30083    5.13607    1.00000    1.00000
     1.00000   -17.2619    54.8709    15.1921    1.00000    1.00000
     1.00000  -10.48801   -31.9631   -3.76368    1.00000    1.00000
     1.00000    26.7152    16.5448    29.7191    1.00000    1.00000
     1.00000    18.7247   -3.72404   -18.9511    1.00000    1.00000
     1.00000    11.1282    23.0653    8.16066    1.00000    1.00000
     1.00000  -10.49263   -43.3442   -25.1977    1.00000    1.00000
     1.00000    8.72566    13.7367    1.95152    1.00000    1.00000
     1.00000   -8.87495   -16.2735    5.77657    1.00000    1.00000
     1.00000   -25.9482    38.4695    16.5403    1.00000    1.00000
     1.00000   -16.1930   -42.7144   -9.32996    1.00000    1.00000
     1.00000    20.4531    32.5541    19.9228    1.00000    1.00000
     1.00000    17.3304   -12.3039   -37.6648    1.00000    1.00000
     1.00000   -15.2582    9.57744   10.13656    1.00000    1.00000
     1.00000   -32.0584   -55.1537   -23.1428    1.00000    1.00000
     1.00000    13.5761   -14.2584   0.602501    1.00000    1.00000
     1.00000    11.6648   -7.48392   -8.88724    1.00000    1.00000
     1.00000   -24.5269    55.7050    13.3145    1.00000    1.00000
     1.00000   -1.91565   -37.6364   -12.5992    1.00000    1.00000
     1.00000    23.6846    18.1788    23.6461    1.00000    1.00000
     1.00000    29.4623    3.46529   -26.2577    1.00000    1.00000
     1.00000  -0.592575    20.5540    16.3595    1.00000    1.00000
     1.00000   -15.8067   -48.7267   -20.9382    1.00000    1.00000
     1.00000    16.3330    21.7073    7.55379    1.00000    1.00000
     1.00000   -4.04256   -11.2651    3.60166    1.00000    1.00000
     1.00000   -15.2971    47.0312    11.6432    1.00000    1.00000
     1.00000   -21.5262   -22.0596   -10.9475    1.00000    1.00000
     1.00000    20.0316    25.5992    14.8316    1.00000    1.00000
     1.00000    27.2661   -11.2151   -34.3871    1.00000    1.00000
     1.00000   -21.0716    26.5156    26.7797    1.00000    1.00000
     1.00000   -24.9276   -53.4076   -17.1775    1.00000    1.00000
     1.00000    13.8728    7.05858    2.08172    1.00000    1.00000
     1.00000    2.27171  -10.49763    6.74266    1.00000    1.00000
     1.00000   -13.2073    44.9904    15.8354    1.00000    1.00000
     1.00000   -11.4104   -25.8392   -7.63694    1.00000    1.00000
     1.00000    15.5033    20.0956    29.7757    1.00000    1.00000
     1.00000    30.8679    8.25587  -10.30935    1.00000    1.00000
     1.00000    2.18007    25.1044    3.88776    1.00000    1.00000
     1.00000   -16.5134   -41.8449   -24.8398    1.00000    1.00000
     1.00000    6.47984    10.9385    1.06644    1.00000    1.00000
     1.00000   -10.6585   -22.8183   -1.76437    1.00000    1.00000
     1.00000   -26.2762    34.4349    29.2350    1.00000    1.00000
     1.00000   -19.8129   -32.0281   -8.93403    1.00000    1.00000
     1.00000    21.2988    30.1439    17.2837    1.00000    1.00000
     1.00000    19.9492   -18.9906   -47.3347    1.00000    1.00000
     1.00000   -11.6749    13.6570    16.7499    1.00000    1.00000
     1.00000   -31.9668   -54.1982   -18.1964    1.00000    1.00000
     1.00000    18.8705  -10.06903   -2.33078    1.00000    1.00000
     1.00000    3.13699   -9.66136   -4.82514    1.00000    1.00000
     1.00000   -27.2350    54.2358   10.55184    1.00000    1.00000
     1.00000    3.14938   -34.7267   -8.87595    1.00000    1.00000
     1.00000    12.9418    16.4200    15.3397    1.00000    1.00000
     1.00000    24.2067    2.39258   -26.9560    1.00000    1.00000
     1.00000    7.13777    20.5315    9.31356    1.00000    1.00000
     1.00000   -11.0453   -42.5504   -15.6718    1.00000    1.00000
     1.00000    15.1088    13.4281    9.80624    1.00000    1.00000
     1.00000   -8.77437   -4.46442    13.1700    1.00000    1.00000
     1.00000   -18.9650    37.8960    11.9547    1.00000    1.00000
     1.00000   -14.8720   -22.0941   -4.89340    1.00000    1.00000
     1.00000    26.1017    28.3371    20.2659    1.00000    1.00000
     1.00000    25.6915  -10.06912   -34.8425    1.00000    1.00000
     1.00000   -29.3911    24.0454    28.8265    1.00000    1.00000
     1.00000   -18.8490   -59.5037   -15.4911    1.00000    1.00000
     1.00000    15.3586    6.22107   -2.09911    1.00000    1.00000
     1.00000   -1.96861   -18.1227    2.23869    1.00000    1.00000
     1.00000   -16.5348    56.7251    15.3749    1.00000    1.00000
     1.00000   -6.30544   -36.7116   -7.84218    1.00000    1.00000
     1.00000    21.3435    15.1149    28.6348    1.00000    1.00000
     1.00000    22.4422   0.305374   -21.3280    1.00000    1.00000
     1.00000    17.5722    24.7327    2.68016    1.00000    1.00000
     1.00000  -10.54390   -45.2175   -21.9711    1.00000    1.00000
     1.00000    7.50294    13.4590   0.393372    1.00000    1.00000
     1.00000   -6.11266   -19.6105    5.08658    1.00000    1.00000
     1.00000   -15.6283    35.9651    17.1222    1.00000    1.00000
     1.00000   -20.8670   -36.0713   -2.27902    1.00000    1.00000
     1.00000    20.7396    31.4654    28.4177    1.00000    1.00000
     1.00000    14.9593  -10.04063   -37.8199    1.00000    1.00000
     1.00000   -14.8736    13.2832    16.5718    1.00000    1.00000
     1.00000   -38.4666   -55.2570   -28.4625    1.00000    1.00000
     1.00000    19.3461   -9.42620    2.20389    1.00000    1.00000
     1.00000    16.1324   -4.87656   -7.01743    1.00000    1.00000
     1.00000   -19.2153    53.1671    10.6768    1.00000    1.00000
     1.00000    1.31987   -31.8379   -11.1627    1.00000    1.00000
     1.00000    14.9265    17.7717    18.2203    1.00000    1.00000
     1.00000    25.4157    9.55023   -24.6345    1.00000    1.00000
     1.00000   -5.74323    16.0954    14.5340    1.00000    1.00000
     1.00000   -21.8680   -46.7224   -17.5586    1.00000    1.00000
     1.00000    19.9262    21.8835    3.58517    1.00000    1.00000
     1.00000   -5.35854   -13.4620    8.75674    1.00000    1.00000
     1.00000   -15.0655    49.2537    5.90286    1.00000    1.00000
     1.00000   -23.4450   -23.6129   -15.4294    1.00000    1.00000
     1.00000    18.1296    26.1921    14.4053    1.00000    1.00000
     1.00000    25.1824   -17.1831   -29.2371    1.00000    1.00000
     1.00000   -17.0678    26.6928    23.2579    1.00000    1.00000
     1.00000   -24.7125   -53.9724   -13.7468    1.00000    1.00000
     1.00000    22.0915    6.65045   -3.32757    1.00000    1.00000
     1.00000    4.87851   -4.10056    8.15324    1.00000    1.00000
     1.00000   -14.7860    51.5191    23.1360    1.00000    1.00000
     1.00000   -6.13199   -18.8941   -2.39149    1.00000    1.00000
     1.00000    12.0396    15.5562    21.9867    1.00000    1.00000
     1.00000    28.9991    7.02521   -15.7180    1.00000    1.00000
     1.00000   -1.85176    29.2526    5.92728    1.00000    1.00000
     1.00000   -19.9251   -38.7773   -21.5801    1.00000    1.00000
     1.00000    7.73788    5.71503   -1.75986    1.00000    1.00000
     1.00000   -9.31239   -20.9158   -1.70771    1.00000    1.00000
     1.00000   -30.5303    32.5522    25.2302    1.00000    1.00000
     1.00000   -13.3141   -33.8585   -5.92746    1.00000    1.00000
     1.00000    21.6687    31.9014    13.1611    1.00000    1.00000
     1.00000    27.1994   -11.0035   -42.4437    1.00000    1.00000
     1.00000   -16.5992    16.2159    19.8095    1.00000    1.00000
     1.00000   -30.1312   -47.6223   -16.2548    1.00000    1.00000
     1.00000    14.3880   -5.15710   -5.51952    1.00000    1.00000
     1.00000    3.32587   -8.69745   -3.08296    1.00000    1.00000
     1.00000   -28.4652    53.0132    7.45120    1.00000    1.00000
     1.00000  -0.488678   -37.3443   -4.97533    1.00000    1.00000
     1.00000    22.5508    11.3460    11.8381    1.00000    1.00000
     1.00000    22.0980  -0.640701   -29.1581    1.00000    1.00000
     1.00000    4.25418    18.7238    14.9800    1.00000    1.00000
     1.00000   -9.50093   -44.0144   -14.4760    1.00000    1.00000
     1.00000    15.6405    17.4050    9.17818    1.00000    1.00000
     1.00000   -1.91310   -8.49676    11.7959    1.00000    1.00000
     1.00000   -20.2549    47.0590    13.7760    1.00000    1.00000
     1.00000   -13.5728   -20.1197   -2.40023    1.00000    1.00000
     1.00000    19.7814    28.0815    24.5806    1.00000    1.00000
     1.00000    30.3139   -5.70801   -22.0456    1.00000    1.00000
     1.00000   -25.8675    24.7227    26.3551    1.00000    1.00000
     1.00000   -22.3841   -58.7880   -20.1534    1.00000    1.00000
     1.00000    9.28368    5.03387   -8.53256    1.00000    1.00000
     1.00000  -0.426651   -11.1710    3.85273    1.00000    1.00000
     1.00000   -20.2136    53.8939    16.3498    1.00000    1.00000
     1.00000   -9.99913   -33.5288   -4.90815    1.00000    1.00000
     1.00000    22.7363    17.3900    33.4063    1.00000    1.00000
     1.00000    18.0743   -1.94656   -15.3743    1.00000    1.00000
     1.00000    9.42599    22.7605    9.16545    1.00000    1.00000
     1.00000   -13.6114   -43.1330   -23.1558    1.00000    1.00000
     1.00000    8.73882    14.3767    6.81688    1.00000    1.00000
     1.00000   -12.2222   -21.1181    4.04121    1.00000    1.00000
     1.00000   -22.0201    38.7562    16.1300    1.00000    1.00000
     1.00000   -17.1883   -43.6446   -12.7956    1.00000    1.00000
     1.00000    19.2915    35.7803    25.9159    1.00000    1.00000
     1.00000    20.6415   -13.1959   -41.9700    1.00000    1.00000
     1.00000   -12.5653    11.7809    7.51157    1.00000    1.00000
     1.00000   -28.1417   -53.1278   -21.3024    1.00000    1.00000
     1.00000    15.3411   -15.5152   -1.79053    1.00000    1.00000
     1.00000    14.4488   -7.45375   -4.62449    1.00000    1.00000
     1.00000   -18.9667    53.6174    14.2251    1.00000    1.00000
     1.00000    6.79530   -36.1473   -12.1994    1.00000    1.00000
     1.00000    17.9195    17.1814    19.9684    1.00000    1.00000
     1.00000    25.4324    3.91191   -27.3910    1.00000    1.00000
     1.00000   0.794098    22.0795    17.7773    1.00000    1.00000
     1.00000   -19.9514   -47.3407   -15.1352    1.00000    1.00000
     1.00000    14.8974    19.2595    9.08495    1.00000    1.00000
     1.00000   -3.14249   -8.88440    9.38203    1.00000    1.00000
     1.00000   -12.3020    50.5266    12.7832    1.00000    1.00000
     1.00000   -19.6804   -21.8867  -10.19701    1.00000    1.00000
     1.00000    22.8184    21.0756    13.6685    1.00000    1.00000
     1.00000    23.4717   -14.7341   -31.9388    1.00000    1.00000
     1.00000   -16.3371    25.1066    27.5573    1.00000    1.00000
     1.00000   -24.4238   -57.7118   -17.6073    1.00000    1.00000
     1.00000    12.1890    3.50552    2.51669    1.00000    1.00000
     1.00000    4.83528   -13.3241    5.42278    1.00000    1.00000
     1.00000   -12.2078    48.1470    19.5646    1.00000    1.00000
     1.00000   -10.8004   -22.5602   -7.14523    1.00000    1.00000
     1.00000    19.4693    18.3797    25.4841    1.00000    1.00000
     1.00000    32.6329    3.62584  -10.46331    1.00000    1.00000
     1.00000   0.748642    20.8375    10.5813    1.00000    1.00000
     1.00000   -13.5545   -39.5522   -30.2980    1.00000    1.00000
     1.00000    8.01070    12.0324   -2.46480    1.00000    1.00000
     1.00000   -6.57018   -26.7705   -3.33627    1.00000    1.00000
     1.00000   -26.3489    32.9509    27.4376    1.00000    1.00000
     1.00000   -16.7315   -31.6239   -7.54462    1.00000    1.00000
     1.00000    24.4114    31.4647    16.2623    1.00000    1.00000
     1.00000    23.5983   -17.4187   -45.3197    1.00000    1.00000
     1.00000   -8.61249    14.3582    14.1281    1.00000    1.00000
     1.00000   -32.6823   -54.4582   -21.3103    1.00000    1.00000
     1.00000    15.6933   -5.54150   -1.24255    1.00000    1.00000
     1.00000    5.52708   -6.46663   -6.84554    1.00000    1.00000
     1.00000   -26.5023    50.5598    16.7458    1.00000    1.00000
     1.00000    8.59209   -33.2502   -8.18108    1.00000    1.00000
     1.00000    13.8098    14.2897    14.1145    1.00000    1.00000
     1.00000    24.6798  -0.408440   -31.2595    1.00000    1.00000
     1.00000    9.96049    19.1555   10.38924    1.00000    1.00000
     1.00000   -21.1510   -43.8955   -17.7749    1.00000    1.00000
     1.00000    14.0766    12.2706    7.65746    1.00000    1.00000
     1.00000   -7.67697   -4.14474    14.8112    1.00000    1.00000
     1.00000   -18.0740    41.5586    15.5867    1.00000    1.00000
     1.00000   -19.0192   -27.9914   -6.90356    1.00000    1.00000
     1.00000    17.3073    27.8676    23.2284    1.00000    1.00000
     1.00000    26.9590   -6.29554   -29.9517    1.00000    1.00000
     1.00000   -26.6336    21.6736    26.6067    1.00000    1.00000
     1.00000   -16.7241   -62.2261   -17.4809    1.00000    1.00000
     1.00000    15.5777    1.53178   -3.09013    1.00000    1.00000
     1.00000   0.199265   -12.7081   -1.96069    1.00000    1.00000
     1.00000   -13.2749    56.7604    19.6281    1.00000    1.00000
     1.00000   -3.79890   -38.0235   -13.1500    1.00000    1.00000
     1.00000    18.7438    16.3329    27.3632    1.00000    1.00000
     1.00000    21.7063    3.54153   -21.2177    1.00000    1.00000
     1.00000    14.1927    25.8751    3.95969    1.00000    1.00000
     1.00000   -10.9123   -40.4826   -18.9439    1.00000    1.00000
     1.00000    6.66867    14.9296   -3.10323    1.00000    1.00000
     1.00000   -2.42166   -18.1301    5.01270    1.00000    1.00000
     1.00000   -19.9963    36.0802    19.8056    1.00000    1.00000
     1.00000   -14.2855   -39.5323   -6.93925    1.00000    1.00000
     1.00000    20.3530    33.7611    24.4937    1.00000    1.00000
     1.00000    12.8773   -14.0288   -33.2872    1.00000    1.00000
     1.00000   -13.4711    8.54955    15.7389    1.00000    1.00000
     1.00000   -35.8091   -54.4414   -25.7733    1.00000    1.00000
     1.00000    14.8599   -5.28249    3.21350    1.00000    1.00000
     1.00000    18.1319   -3.69296   -9.48558    1.00000    1.00000
     1.00000   -16.7557    51.9562    15.6467    1.00000    1.00000
     1.00000    5.50978   -33.5227  -10.16491    1.00000    1.00000
     1.00000    17.7280    20.8871    16.0050    1.00000    1.00000
     1.00000    30.2657    6.47559   -24.0065    1.00000    1.00000
     1.00000   -6.38248   10.44519    15.9521    1.00000    1.00000
     1.00000   -22.5048   -49.0877   -13.8906    1.00000    1.00000
     1.00000    25.7605    25.7197    5.76593    1.00000    1.00000
     1.00000   -3.53922   -13.4342    7.68230    1.00000    1.00000
     1.00000   -17.8102    47.7202    4.95239    1.00000    1.00000
     1.00000   -22.8228   -23.9350   -19.3137    1.00000    1.00000
     1.00000    21.0336    26.8622    16.3023    1.00000    1.00000
     1.00000    26.5834   -18.3374   -31.2087    1.00000    1.00000
     1.00000   -15.7804    21.4045    20.0464    1.00000    1.00000
     1.00000   -26.8741   -54.2452   -14.1581    1.00000    1.00000
     1.00000    19.5762    6.64964   0.808037    1.00000    1.00000
     1.00000    5.19566   -9.79315    7.14864    1.00000    1.00000
     1.00000   -11.7258    49.8346    20.5236    1.00000    1.00000
     1.00000   -12.2238   -21.4902   -5.47312    1.00000    1.00000
     1.00000    16.3986    17.6142    23.0639    1.00000    1.00000
     1.00000    26.4474    3.47241   -22.6208    1.00000    1.00000
     1.00000  -0.816895    32.1038    2.68509    1.00000    1.00000
     1.00000   -16.4762   -39.8862   -24.4372    1.00000    1.00000
     1.00000    9.76244    7.88342   0.301842    1.00000    1.00000
     1.00000   -8.18321   -20.0312    1.16122    1.00000    1.00000
     1.00000   -23.7858    34.7390    24.9546    1.00000    1.00000
     1.00000   -17.3298   -33.2987   -8.45964    1.00000    1.00000
     1.00000    25.8173    31.0252    12.1441    1.00000    1.00000
     1.00000    25.3500   -11.0501   -43.2036    1.00000    1.00000
     1.00000   -11.0287    18.5896    16.2978    1.00000    1.00000
     1.00000   -29.1470   -52.9027   -14.9721    1.00000    1.00000
     1.00000    15.1469   -3.63625   -1.50975    1.00000    1.00000
     1.00000   -1.84659   -11.6538   0.469719    1.00000    1.00000
     1.00000   -28.7443    54.1227    4.41040    1.00000    1.00000
     1.00000   -3.13580   -36.5450  -0.935295    1.00000    1.00000
     1.00000    21.2273    12.8653    13.2782    1.00000    1.00000
     1.00000    26.9798   -3.49459   -30.2343    1.00000    1.00000
     1.00000    8.39618    17.6520    14.8895    1.00000    1.00000
     1.00000   -7.56166   -38.2910   -12.1450    1.00000    1.00000
     1.00000    14.2017    16.1417    12.0765    1.00000    1.00000
     1.00000   -4.06087   -10.6127    14.0546    1.00000    1.00000
     1.00000   -19.2839    43.6431    14.4818    1.00000    1.00000
     1.00000   -16.2708   -17.3236   0.123596    1.00000    1.00000
     1.00000    21.3987    21.9028    23.4844    1.00000    1.00000
     1.00000    27.8002   -6.64523   -24.5480    1.00000    1.00000
     1.00000   -23.3403    28.2307    23.5426    1.00000    1.00000
     1.00000   -21.0160   -56.1449   -18.1839    1.00000    1.00000
     1.00000    11.7711    3.94908   -5.27066    1.00000    1.00000
     1.00000    2.23669   -13.2616    3.51096    1.00000    1.00000
     1.00000   -18.5160    55.1361    17.1764    1.00000    1.00000
     1.00000   -9.13794   -28.0840   -4.02698    1.00000    1.00000
     1.00000    25.0171    17.5680    29.9829    1.00000    1.00000
     1.00000    20.4842  -0.418304   -18.6668    1.00000    1.00000
     1.00000    11.6667    25.1325    7.83229    1.00000    1.00000
     1.00000   -13.0641   -45.1640   -24.7361    1.00000    1.00000
     1.00000    10.9387    13.9910    4.30682    1.00000    1.00000
     1.00000   -9.88924   -19.3551    6.37861    1.00000    1.00000
     1.00000   -23.2567    38.0045    12.8790    1.00000    1.00000
     1.00000   -13.0905   -41.4161   -10.6222    1.00000    1.00000
     1.00000    19.3126    34.3305    21.3980    1.00000    1.00000
     1.00000    17.8609   -9.37907   -37.2240    1.00000    1.00000
     1.00000   -14.9162   10.00133    12.0610    1.00000    1.00000
     1.00000   -31.4151   -55.9993   -21.4484    1.00000    1.00000
     1.00000    16.1044   -10.7685    2.10586    1.00000    1.00000
     1.00000    9.66219   -7.95296   -6.13212    1.00000    1.00000
     1.00000   -23.0727    54.4201    12.8307    1.00000    1.00000
     1.00000  -0.870712   -36.4611   -13.8348    1.00000    1.00000
     1.00000    23.7033    17.0714    21.4404    1.00000    1.00000
     1.00000    28.9693    7.11848   -25.7603    1.00000    1.00000
     1.00000   -4.46562    19.5927    15.3702    1.00000    1.00000
     1.00000   -14.9628   -47.7364   -17.8608    1.00000    1.00000
     1.00000    19.7663    22.2493    8.51507    1.00000    1.00000
     1.00000   -3.69963   -9.84240    6.55406    1.00000    1.00000
     1.00000   -12.7449    46.4626    13.5930    1.00000    1.00000
     1.00000   -23.1689   -23.2354   -11.4985    1.00000    1.00000
     1.00000    20.1064    22.6163    14.6969    1.00000    1.00000
     1.00000    28.7374   -13.6066   -32.1019    1.00000    1.00000
     1.00000   -23.2171    28.7984    25.4564    1.00000    1.00000
     1.00000   -27.9268   -55.5249   -18.5097    1.00000    1.00000
     1.00000    15.8423    9.77078    1.15450    1.00000    1.00000
     1.00000    1.94704  -10.47694    9.21968    1.00000    1.00000
     1.00000   -11.6799    42.7144    18.2154    1.00000    1.00000
     1.00000   -12.2407   -24.6851   -6.23034    1.00000    1.00000
     1.00000    14.4640    19.9427    26.8414    1.00000    1.00000
     1.00000    29.4898    8.70129   -13.4401    1.00000    1.00000
     1.00000    1.83287    24.5138    7.38009    1.00000    1.00000
     1.00000   -15.4709   -40.6642   -27.7879    1.00000    1.00000
     1.00000    8.82581    8.64685    1.89555    1.00000    1.00000
     1.00000   -10.9958   -24.4862   -4.67817    1.00000    1.00000
     1.00000   -25.8085    31.3218    29.3824    1.00000    1.00000
     1.00000   -19.1961   -29.9355   -5.75199    1.00000    1.00000
     1.00000    21.1945    29.3210    15.4638    1.00000    1.00000
     1.00000    22.4985   -17.0432   -46.9473    1.00000    1.00000
     1.00000   -10.8743    16.9607    15.1476    1.00000    1.00000
     1.00000   -33.2459   -54.0745   -14.9664    1.00000    1.00000
     1.00000    19.0749   -6.82115   -3.76222    1.00000    1.00000
     1.00000    5.38333   -8.46091   -6.79839    1.00000    1.00000
     1.00000   -27.3377    53.2862    12.3090    1.00000    1.00000
     1.00000    3.01724   -34.7358   -6.06831    1.00000    1.00000
     1.00000    12.1490    15.3684    13.8345    1.00000    1.00000
     1.00000    27.0494    2.40961   -26.5941    1.00000    1.00000
     1.00000    7.27197    18.3717    11.2738    1.00000    1.00000
     1.00000   -13.9718   -42.7364   -16.7165    1.00000    1.00000
     1.00000    16.6874    13.8794    10.9483    1.00000    1.00000
     1.00000   -11.6965   -3.02284    13.8825    1.00000    1.00000
     1.00000   -18.5037    37.2598    13.9792    1.00000    1.00000
     1.00000   -14.7544   -24.4183   -7.14271    1.00000    1.00000
     1.00000    23.6387    27.2364    20.4618    1.00000    1.00000
     1.00000    27.9260   -7.97626   -32.2981    1.00000    1.00000
     1.00000   -27.6552    24.2687    27.1282    1.00000    1.00000
     1.00000   -21.7695   -59.2738   -17.2443    1.00000    1.00000
     1.00000    16.9479    3.03928   -1.62812    1.00000    1.00000
     1.00000    7.77588E-02   -17.8438  -0.357803    1.00000    1.00000
     1.00000   -14.8258    58.0155    19.4890    1.00000    1.00000
     1.00000   -3.55022   -39.0820   -9.59470    1.00000    1.00000
     1.00000    22.3681    16.4471    27.5506    1.00000    1.00000
     1.00000    23.5758    2.85356   -20.0397    1.00000    1.00000
     1.00000    18.0807    24.9009    7.06284    1.00000    1.00000
     1.00000   -12.4946   -41.6959   -19.1000    1.00000    1.00000
     1.00000    9.54124    12.6053   -1.31188    1.00000    1.00000
     1.00000   -9.27162   -19.7861    2.82112    1.00000    1.00000
     1.00000   -16.3301    36.7458    20.6378    1.00000    1.00000
     1.00000   -18.4082   -37.4734   -4.59135    1.00000    1.00000
     1.00000    22.3125    34.4521    31.0509    1.00000    1.00000
     1.00000    11.3133   -12.0166   -35.3598    1.00000    1.00000
     1.00000  -10.20662    9.90073    16.7610    1.00000    1.00000
     1.00000   -37.4558   -52.4633   -31.4612    1.00000    1.00000
     1.00000    16.9694   -9.89684    3.68439    1.00000    1.00000
     1.00000    14.3905   -5.67352   -8.35596    1.00000    1.00000
     1.00000   -18.3452    50.5634    11.5152    1.00000    1.00000
     1.00000    2.76682   -32.5409   -12.3511    1.00000    1.00000
     1.00000    13.4977    19.1245    18.5786    1.00000    1.00000
     1.00000    26.0211    7.09221   -23.0068    1.00000    1.00000
     1.00000   -3.94743    16.4906    15.3208    1.00000    1.00000
     1.00000   -21.0045   -48.4602   -16.4150    1.00000    1.00000
     1.00000    21.1200    24.2211    8.00974    1.00000    1.00000
     1.00000   -6.79158   -14.2426    9.91303    1.00000    1.00000
     1.00000   -13.8587    50.7206    6.52885    1.00000    1.00000
     1.00000   -26.8006   -24.2615   -12.6597    1.00000    1.00000
     1.00000    15.1567    23.7638    14.9815    1.00000    1.00000
     1.00000    23.8987   -17.9983   -27.9381    1.00000    1.00000
     1.00000   -16.2539    25.1734    20.4568    1.00000    1.00000
     1.00000   -26.4862   -56.7450   -15.0726    1.00000    1.00000
     1.00000    21.0581    6.25955  -0.771278    1.00000    1.00000
     1.00000    5.54124   -2.41510    5.97031    1.00000    1.00000
     1.00000   -12.6154    55.3169    25.9400    1.00000    1.00000
     1.00000   -5.39023   -17.3011   -4.24499    1.00000    1.00000
     1.00000    15.0160    15.5103    20.1676    1.00000    1.00000
     1.00000    27.0353    5.72192   -18.7575    1.00000    1.00000
     1.00000   0.977081    26.5546    6.61737    1.00000    1.00000
     1.00000   -20.9949   -37.3422   -23.5423    1.00000    1.00000
     1.00000    9.42912    8.45354   -2.79073    1.00000    1.00000
     1.00000   -7.65645   -21.9563   -2.12634    1.00000    1.00000
     1.00000   -29.2123    34.0356    25.4802    1.00000    1.00000
     1.00000   -15.6888   -34.3390   -7.98519    1.00000    1.00000
     1.00000    19.1756    33.6746    14.5110    1.00000    1.00000
     1.00000    27.4804   -11.4252   -39.6196    1.00000    1.00000
     1.00000   -16.9795    19.6214    20.3097    1.00000    1.00000
     1.00000   -29.5855   -49.8343   -16.3439    1.00000    1.00000
     1.00000    15.4178   -1.60707   -4.43235    1.00000    1.00000
     1.00000   0.343643   -8.27947  -0.520386    1.00000    1.00000
     1.00000   -29.9414    52.0786    6.47787    1.00000    1.00000
     1.00000   -2.34833E-02   -36.8978   -3.08212    1.00000    1.00000
     1.00000    20.6316    13.5570    9.68722    1.00000    1.00000
     1.00000    25.6573   -2.62137   -29.0142    1.00000    1.00000
     1.00000    3.89699    21.8051    18.0677    1.00000    1.00000
     1.00000   -7.88982   -42.2963   -13.6351    1.00000    1.00000
     1.00000    12.7769    17.2382    8.37556    1.00000    1.00000
     1.00000   -2.86351   -4.83794    14.0020    1.00000    1.00000
     1.00000   -16.2564    47.1947    15.1043    1.00000    1.00000
     1.00000   -13.8328   -21.9379   -3.19177    1.00000    1.00000
     1.00000    18.9950    24.6230    24.2179    1.00000    1.00000
     1.00000    28.4931   -7.92017   -23.1716    1.00000    1.00000
     1.00000   -23.1305    25.1656    24.6700    1.00000    1.00000
     1.00000   -24.4727   -61.3794   -18.5476    1.00000    1.00000
     1.00000    7.41960    6.86406   -11.6770    1.00000    1.00000
     1.00000  -0.449387   -15.7315    2.74980    1.00000    1.00000
     1.00000   -17.5975    52.7991    18.8826    1.00000    1.00000
     1.00000   -7.49689   -35.9901   -6.40700    1.00000    1.00000
     1.00000    22.3848    18.2463    29.5295    1.00000    1.00000
     1.00000    18.2380   -2.00813   -13.3820    1.00000    1.00000
     1.00000    7.04584    25.5184    8.93216    1.00000    1.00000
     1.00000   -16.7751   -42.3909   -21.7664    1.00000    1.00000
     1.00000    9.45848    13.1889    8.54024    1.00000    1.00000
     1.00000   -11.5072   -20.1268    7.26569    1.00000    1.00000
     1.00000   -19.6314    39.1269    18.0262    1.00000    1.00000
     1.00000   -18.2791   -44.4508   -11.2069    1.00000    1.00000
     1.00000    18.7455    35.2223    23.6563    1.00000    1.00000
     1.00000    17.7030   -12.6908   -40.5398    1.00000    1.00000
     1.00000   -12.6781    12.4981    9.37515    1.00000    1.00000
     1.00000   -29.4735   -53.3733   -23.0736    1.00000    1.00000
     1.00000    13.9759   -16.4566  -0.672539    1.00000    1.00000
     1.00000    11.3764   -8.53508   -5.28212    1.00000    1.00000
     1.00000   -22.3730    55.3563    14.4535    1.00000    1.00000
     1.00000    2.33496   -34.2466   -14.2166    1.00000    1.00000
     1.00000    20.7649    19.3042    20.1512    1.00000    1.00000
     1.00000    26.3096    7.38792   -28.3515    1.00000    1.00000
     1.00000    1.24542    21.2606    16.0094    1.00000    1.00000
     1.00000   -17.5012   -46.3370   -18.7376    1.00000    1.00000
     1.00000    16.7892    19.4189    8.45599    1.00000    1.00000
     1.00000   -3.62273   -7.51405    6.48755    1.00000    1.00000
     1.00000   -15.6889    48.7840    9.50693    1.00000    1.00000
     1.00000   -18.7024   -24.2272   -6.68092    1.00000    1.00000
     1.00000    22.4755    21.1172    11.6986    1.00000    1.00000
     1.00000    27.3458   -13.3703   -30.3138    1.00000    1.00000
     1.00000   -19.6929    25.7720    25.5362    1.00000    1.00000
     1.00000   -24.0887   -57.3869   -15.6625    1.00000    1.00000
     1.00000    12.8355   0.988632    1.79799    1.00000    1.00000
     1.00000    3.31212   -12.1566    5.98573    1.00000    1.00000
     1.00000   -9.41554    44.8641    18.3450    1.00000    1.00000
     1.00000   -9.89919   -24.6004   -9.68369    1.00000    1.00000
     1.00000    17.6140    17.5731    26.2744    1.00000    1.00000
     1.00000    33.0174    9.04512   -8.65141    1.00000    1.00000
     1.00000   0.289459    24.1095    8.58607    1.00000    1.00000
     1.00000   -15.4637   -39.9973   -30.6941    1.00000    1.00000
     1.00000    7.87106    10.5910   -3.84422    1.00000    1.00000
     1.00000   -8.31636   -23.8710   -3.73726    1.00000    1.00000
     1.00000   -24.8305    29.9590    25.6798    1.00000    1.00000
     1.00000   -17.2351   -29.9142   -8.88588    1.00000    1.00000
     1.00000    27.1767    31.3013    13.6731    1.00000    1.00000
     1.00000    23.6596   -13.9951   -43.8918    1.00000    1.00000
     1.00000   -6.65251    14.4854    11.7198    1.00000    1.00000
     1.00000   -28.7242   -53.2423   -17.5956    1.00000    1.00000
     1.00000    18.3231   -6.12288   -2.04548    1.00000    1.00000
     1.00000    8.44615   -7.52285   -8.79209    1.00000    1.00000
     1.00000   -25.1505    51.8904    13.1281    1.00000    1.00000
     1.00000    5.31607   -32.3081   -8.21429    1.00000    1.00000
     1.00000    15.3625    13.1761    16.4723    1.00000    1.00000
     1.00000    24.4705   0.586182   -27.7729    1.00000    1.00000
     1.00000   10.29765    20.2472    7.53181    1.00000    1.00000
     1.00000   -18.5090   -43.6879   -14.9105    1.00000    1.00000
     1.00000    11.4072    13.1425    8.09275    1.00000    1.00000
     1.00000   -4.62425   -5.52536    14.6557    1.00000    1.00000
     1.00000   -21.1931    43.2061    14.8868    1.00000    1.00000
     1.00000   -18.2168   -26.1663   -6.74512    1.00000    1.00000
     1.00000    20.2778    27.9031    21.8116    1.00000    1.00000
     1.00000    28.5538   -7.09750   -29.0497    1.00000    1.00000
     1.00000   -28.9155    20.5777    27.2849    1.00000    1.00000
     1.00000   -17.5625   -61.4068   -20.6291    1.00000    1.00000
     1.00000    14.7502    1.47795   -5.44862    1.00000    1.00000
     1.00000   0.306412   -14.6369   -2.47862    1.00000    1.00000
     1.00000   -11.7033    55.2631    18.4380    1.00000    1.00000
     1.00000   -6.04514   -36.8474   -11.6259    1.00000    1.00000
     1.00000    21.9600    18.3098    26.9475    1.00000    1.00000
     1.00000    21.7880    5.21666   -19.1152    1.00000    1.00000
     1.00000    14.8307    24.0420    3.47745    1.00000    1.00000
     1.00000   -8.95816   -40.5383   -19.3660    1.00000    1.00000
     1.00000    7.91156    16.8440   -4.67154    1.00000    1.00000
     1.00000   -3.03557   -16.8841    6.77576    1.00000    1.00000
     1.00000   -18.7017    36.7527    18.4375    1.00000    1.00000
     1.00000   -16.5760   -40.1384   -6.47681    1.00000    1.00000
     1.00000    22.7680    32.3158    26.5446    1.00000    1.00000
     1.00000    12.9888   -12.3128   -34.3086    1.00000    1.00000
     1.00000   -13.7518    13.9919    13.9162    1.00000    1.00000
     1.00000   -36.3517   -54.8141   -27.6619    1.00000    1.00000
     1.00000    17.8556   -7.38891    3.56361    1.00000    1.00000
     1.00000    16.4200   -6.52985  -10.19604    1.00000    1.00000
     1.00000   -17.7552    52.4450    13.1490    1.00000    1.00000
     1.00000    6.08186   -32.2346   -11.5839    1.00000    1.00000
     1.00000    14.3136    20.2521    16.0249    1.00000    1.00000
     1.00000    30.4783    4.51173   -23.6934    1.00000    1.00000
     1.00000   -5.43721    13.2318    14.6173    1.00000    1.00000
     1.00000   -22.0795   -51.0405   -13.8142    1.00000    1.00000
     1.00000    24.7421    24.9227    7.53282    1.00000    1.00000
     1.00000   -5.58739   -12.1784    7.24016    1.00000    1.00000
     1.00000   -17.9613    48.8378    6.60403    1.00000    1.00000
     1.00000   -22.6736   -20.5038   -17.9077    1.00000    1.00000
     1.00000    20.4167    28.7401    13.7152    1.00000    1.00000
     1.00000    29.1554   -16.1694   -30.6526    1.00000    1.00000
     1.00000   -15.7062    23.9711    17.9195    1.00000    1.00000
     1.00000   -28.4074   -56.5869   -16.5075    1.00000    1.00000
     1.00000    16.7883    6.96527   0.634644    1.00000    1.00000
     1.00000    4.40756   -10.6003    8.88148    1.00000    1.00000
     1.00000   -12.6568    53.3469    20.7628    1.00000    1.00000
     1.00000   -9.15392   -20.4457   -4.25893    1.00000    1.00000
     1.00000    16.5873    14.5495    21.8154    1.00000    1.00000
     1.00000    25.1767    3.45541   -21.0764    1.00000    1.00000
     1.00000   -6.08215E-02    30.4745    4.02338    1.00000    1.00000
     1.00000   -17.3709   -40.9083   -22.9692    1.00000    1.00000
     1.00000    11.6130    7.56474   0.990280    1.00000    1.00000
     1.00000   -7.30206   -21.7303   0.581123    1.00000    1.00000
     1.00000   -20.6550    36.4548    23.4337    1.00000    1.00000
     1.00000   -17.0203   -36.6955   -6.17597    1.00000    1.00000
     1.00000    23.1226    30.5549    12.8911    1.00000    1.00000
     1.00000    22.3949   -12.8370   -42.8625    1.00000    1.00000
     1.00000   -14.0506    21.0751    16.2797    1.00000    1.00000
     1.00000   -32.1589   -50.9177   -14.7671    1.00000    1.00000
     1.00000    16.4670  -0.137299   -1.03500    1.00000    1.00000
     1.00000  -0.933121   -11.2181   -1.25531    1.00000    1.00000
     1.00000   -26.9276    52.4931    3.66777    1.00000    1.00000
     1.00000   -1.13168   -38.2326   -1.19804    1.00000    1.00000
     1.00000    19.2598    12.6163    13.5367    1.00000    1.00000
     1.00000    28.3897   -5.12387   -28.7709    1.00000    1.00000
     1.00000    8.14540    19.0929    16.2537    1.00000    1.00000
     1.00000   -7.45399   -41.3997   -15.3689    1.00000    1.00000
     1.00000    15.9870    15.7235    11.2779    1.00000    1.00000
     1.00000   -3.15488  -10.07530    15.7547    1.00000    1.00000
     1.00000   -19.1392    45.4130    13.5617    1.00000    1.00000
     1.00000   -16.0569   -17.0063   -1.83946    1.00000    1.00000
     1.00000    20.4852    20.0166    24.9470    1.00000    1.00000
     1.00000    26.6255   -6.73817   -28.0300    1.00000    1.00000
     1.00000   -22.0163    26.7611    23.2466    1.00000    1.00000
     1.00000   -22.2891   -57.6799   -18.3350    1.00000    1.00000
     1.00000    11.5285    6.88741   -6.58763    1.00000    1.00000
     1.00000    1.53264   -11.3896    3.51595    1.00000    1.00000
     1.00000   -19.2162    55.2798    15.3085    1.00000    1.00000
     1.00000  -10.03319   -30.0161   -3.71540    1.00000    1.00000
     1.00000    25.9059    16.2449    27.9149    1.00000    1.00000
     1.00000    17.1166   -3.96942   -17.7876    1.00000    1.00000
     1.00000    12.9591    23.7777    8.53532    1.00000    1.00000
     1.00000   -11.8074   -43.9182   -23.8041    1.00000    1.00000
     1.00000    8.99939    14.3630    3.83110    1.00000    1.00000
     1.00000   -8.73621   -17.8457    7.00492    1.00000    1.00000
     1.00000   -25.1104    38.2553    14.7369    1.00000    1.00000
     1.00000   -14.7378   -41.3518   -9.48969    1.00000    1.00000
     1.00000    18.5275    32.7751    20.4159    1.00000    1.00000
     1.00000    18.3557   -12.0742   -35.9631    1.00000    1.00000
     1.00000   -14.0581    11.1652    9.93984    1.00000    1.00000
     1.00000   -31.9865   -54.4146   -24.9998    1.00000    1.00000
     1.00000    14.3801   -13.0761    2.00095    1.00000    1.00000
     1.00000   10.47057   -6.71515   -7.47909    1.00000    1.00000
     1.00000   -24.6871    55.7293    11.3211    1.00000    1.00000
     1.00000   -1.12489   -39.3725   -13.1999    1.00000    1.00000
     1.00000    24.2759    16.3202    23.2033    1.00000    1.00000
     1.00000    30.5389    2.32106   -25.0201    1.00000    1.00000
     1.00000   -2.37180    21.0252    15.5770    1.00000    1.00000
     1.00000   -16.4320   -47.9631   -19.1987    1.00000    1.00000
     1.00000    16.4356    23.6976    7.38559    1.00000    1.00000
     1.00000   -5.84140   -10.5819    4.14703    1.00000    1.00000
     1.00000   -16.2862    47.8049    13.1999    1.00000    1.00000
     1.00000   -21.5193   -20.9334   -9.29472    1.00000    1.00000
     1.00000    21.5057    24.3324    15.3029    1.00000    1.00000
     1.00000    26.9574   -11.3601   -36.3578    1.00000    1.00000
     1.00000   -22.3479    28.0252    27.0832    1.00000    1.00000
     1.00000   -24.1682   -54.8732   -18.3068    1.00000    1.00000
     1.00000    13.2686    5.15437    2.17670    1.00000    1.00000
     1.00000    3.43547   -9.17376    5.79764    1.00000    1.00000
     1.00000   -11.8401    43.6752    16.4686    1.00000    1.00000
     1.00000   -10.7661   -27.2875   -6.41735    1.00000    1.00000
     1.00000    15.9379    20.7403    27.9330    1.00000    1.00000
     1.00000    30.8474    9.21498   -12.0642    1.00000    1.00000
     1.00000    2.50740    25.5520    5.80936    1.00000    1.00000
     1.00000   -16.6482   -41.9677   -26.8315    1.00000    1.00000
     1.00000    7.41515    9.69402  -0.189125    1.00000    1.00000
     1.00000   -9.60646   -22.1813  -0.187202    1.00000    1.00000
     1.00000   -25.9247    34.9020    27.3223    1.00000    1.00000
     1.00000   -19.8109   -31.3115   -7.06680    1.00000    1.00000
     1.00000    21.6467    31.4566    18.7519    1.00000    1.00000
     1.00000    21.0196   -17.5391   -48.1992    1.00000    1.00000
     1.00000   -11.8255    15.2472    15.5463    1.00000    1.00000
     1.00000   -32.6264   -55.1251   -16.5515    1.00000    1.00000
     1.00000    19.5596   -8.91104  -0.852852    1.00000    1.00000
     1.00000    3.68921   -8.02264   -5.82996    1.00000    1.00000
     1.00000   -26.4460    54.7098    8.77625    1.00000    1.00000
     1.00000    2.01633   -35.6713   -7.52536    1.00000    1.00000
     1.00000    13.6487    16.6202    17.1998    1.00000    1.00000
     1.00000    25.4607    1.35765   -25.7913    1.00000    1.00000
     1.00000    8.17326    18.8369    9.55005    1.00000    1.00000
     1.00000   -12.0873   -42.6266   -17.3772    1.00000    1.00000
     1.00000    15.4983    13.6628    7.85863    1.00000    1.00000
     1.00000   -7.67783   -4.54314    11.4992    1.00000    1.00000
     1.00000   -18.8945    36.2672    10.7963    1.00000    1.00000
