     1.00000   -1.81252    30.3807    7.23466    1.00000    1.00000
     1.00000   -7.02234   -23.7891  -0.747627    1.00000    1.00000
     1.00000   -16.0777    34.0965    16.4294    1.00000    1.00000
     1.00000    19.1189   -26.3615    9.43239    1.00000    1.00000
     1.00000   -8.83823    17.6425   -12.8933    1.00000    1.00000
     1.00000   -8.60831   -6.47028    7.27410    1.00000    1.00000
     1.00000   -17.3833    27.5913  -0.174805    1.00000    1.00000
     1.00000    19.1324   -4.17049   -24.8077    1.00000    1.00000
     1.00000    2.50279    22.0548    38.2760    1.00000    1.00000
     1.00000   10.22826   -26.6608    1.31879    1.00000    1.00000
     1.00000   -17.9061    42.7360    13.6699    1.00000    1.00000
     1.00000    9.95493   -36.2260    6.30335    1.00000    1.00000
     1.00000   0.455917    13.5730    1.76668    1.00000    1.00000
     1.00000   -8.19804   -18.0394  -10.24348    1.00000    1.00000
     1.00000   -25.4598    6.24684   -7.08195    1.00000    1.00000
     1.00000    18.7968   -7.39742   -32.7022    1.00000    1.00000
     1.00000    5.63715    19.9850    15.5495    1.00000    1.00000
     1.00000   -12.5471   -36.3531    14.3806    1.00000    1.00000
     1.00000   -12.1128    23.9656    16.0074    1.00000    1.00000
     1.00000    12.5010   -24.5335   10.10450    1.00000    1.00000
     1.00000    5.92758    16.0955   -13.4420    1.00000    1.00000
     1.00000   -22.1307   0.604813    2.19430    1.00000    1.00000
     1.00000   -12.6690    15.6487    14.6178    1.00000    1.00000
     1.00000    19.2896   -22.4356   -15.8446    1.00000    1.00000
     1.00000   0.745438    11.9995    34.8662    1.00000    1.00000
     1.00000    16.2807   -31.0571   0.315582    1.00000    1.00000
     1.00000   -12.8929    43.1032    6.79617    1.00000    1.00000
     1.00000    20.1360   -33.7296   -9.24029    1.00000    1.00000
     1.00000    7.72182    3.96493   -10.8182    1.00000    1.00000
     1.00000   -3.32335   -7.26553   -13.0237    1.00000    1.00000
     1.00000   -17.7641   -2.15179   -3.34627    1.00000    1.00000
     1.00000    19.3676   -12.3314   -36.0000    1.00000    1.00000
     1.00000  -10.10410    26.1889    7.83823    1.00000    1.00000
     1.00000   -14.3578   -32.3730   -2.86880    1.00000    1.00000
     1.00000   -17.0714    38.1842    8.94463    1.00000    1.00000
     1.00000    27.2841   -33.9494    22.4507    1.00000    1.00000
     1.00000   -1.12828    7.79034   -10.6855    1.00000    1.00000
     1.00000   -5.25995   -14.2709    2.80471    1.00000    1.00000
     1.00000   -21.2866    19.5323    11.3712    1.00000    1.00000
     1.00000    16.3555   -4.57185   -16.8251    1.00000    1.00000
     1.00000   -2.45067    11.7136    44.3458    1.00000    1.00000
     1.00000   0.436676   -25.0986   -13.8564    1.00000    1.00000
     1.00000   -27.1597    45.0234    11.7752    1.00000    1.00000
     1.00000    12.9183   -40.0650   -3.98486    1.00000    1.00000
     1.00000    2.08868    3.66354   -5.99187    1.00000    1.00000
     1.00000   -1.20258   -16.1577   0.248711    1.00000    1.00000
     1.00000   -31.8358    4.41031   -7.22742    1.00000    1.00000
     1.00000    26.1579   -3.78371   -30.5463    1.00000    1.00000
     1.00000  -0.648636    25.7485    11.1866    1.00000    1.00000
     1.00000   -7.17342   -30.6965   0.425568    1.00000    1.00000
     1.00000   -11.8398    29.7392    14.8369    1.00000    1.00000
     1.00000    12.8487   -37.5676    8.91653    1.00000    1.00000
     1.00000   10.29457    21.5643   -18.8022    1.00000    1.00000
     1.00000   -17.6632   -5.83344    3.71384    1.00000    1.00000
     1.00000   -17.2035    18.9619   10.44710    1.00000    1.00000
     1.00000    18.3265   -15.5612   -18.3595    1.00000    1.00000
     1.00000    6.77878    14.6750    23.1004    1.00000    1.00000
     1.00000    9.33720   -24.1349   -9.47937    1.00000    1.00000
     1.00000    2.24083    43.5002    2.15759E-02    1.00000    1.00000
     1.00000    20.1094   -31.9376   -5.76565    1.00000    1.00000
     1.00000    12.2046    8.22480  -10.43477    1.00000    1.00000
     1.00000    1.75215   -12.6235   -7.85108    1.00000    1.00000
     1.00000   -14.5463    11.2784    1.20004    1.00000    1.00000
     1.00000    26.3442   -3.48366   -40.4203    1.00000    1.00000
     1.00000    1.89288    28.9124    8.05972    1.00000    1.00000
     1.00000   -8.92233   -29.3591   -1.03693    1.00000    1.00000
     1.00000   -17.2276    35.8973    17.3161    1.00000    1.00000
     1.00000    18.3956   -26.6022    17.6948    1.00000    1.00000
     1.00000  -10.02185    9.65533   -11.6464    1.00000    1.00000
     1.00000   -13.8121   -7.75957    5.31843    1.00000    1.00000
     1.00000   -20.7134    21.5224    5.62375    1.00000    1.00000
     1.00000    16.1492   -14.2548   -24.3891    1.00000    1.00000
     1.00000    1.78336    18.8788    28.6291    1.00000    1.00000
     1.00000    7.59218   -29.0925  -0.872612    1.00000    1.00000
     1.00000   -20.5976    47.7952    12.2288    1.00000    1.00000
     1.00000    13.9489   -34.1981   -1.76214    1.00000    1.00000
     1.00000    1.40407    15.0917   -2.54954    1.00000    1.00000
     1.00000   -4.33418   -17.0215   -4.33997    1.00000    1.00000
     1.00000   -26.1216    4.21236   -3.26379    1.00000    1.00000
     1.00000    21.1653   -5.57440   -28.1700    1.00000    1.00000
     1.00000    3.29935    18.3724    19.2710    1.00000    1.00000
     1.00000   -9.78651   -32.0205    7.31755    1.00000    1.00000
     1.00000   -5.08453    17.0276    14.5916    1.00000    1.00000
     1.00000    12.7762   -28.1041    8.19542    1.00000    1.00000
     1.00000    1.43709    14.7925   -13.7530    1.00000    1.00000
     1.00000   -21.2298   -1.76972    3.63954    1.00000    1.00000
     1.00000   -15.3744    13.5499    5.89639    1.00000    1.00000
     1.00000    24.0394   -22.4739   -17.3952    1.00000    1.00000
     1.00000    8.12842    15.8824    30.8129    1.00000    1.00000
     1.00000    18.8408   -26.4360   0.211853    1.00000    1.00000
     1.00000   -12.3068    46.9263    6.44089    1.00000    1.00000
     1.00000    17.4742   -25.7121   -17.1229    1.00000    1.00000
     1.00000    8.37537    4.01402   -8.92861    1.00000    1.00000
     1.00000   -5.16232   -9.06561   -9.29311    1.00000    1.00000
     1.00000   -20.0487    3.89330   -1.41449E-02    1.00000    1.00000
     1.00000    26.3919   -10.5863   -36.3076    1.00000    1.00000
     1.00000   -1.96353    35.5921   10.25682    1.00000    1.00000
     1.00000   -15.5477   -31.0814   0.157837    1.00000    1.00000
     1.00000   -20.3495    32.4365   10.22873    1.00000    1.00000
     1.00000    27.1006   -31.0332    18.8483    1.00000    1.00000
     1.00000   -5.71367    9.46078   -16.4930    1.00000    1.00000
     1.00000   -8.56679   -12.4104   -2.22851    1.00000    1.00000
     1.00000   -18.0504    26.0622    9.80203    1.00000    1.00000
     1.00000    21.4258   -1.54695   -19.9306    1.00000    1.00000
     1.00000    1.73320    11.7038    43.8584    1.00000    1.00000
     1.00000    6.44867   -20.4873   -8.84208    1.00000    1.00000
     1.00000   -26.1608    46.7267    11.4576    1.00000    1.00000
     1.00000    17.2182   -35.1266    1.18269    1.00000    1.00000
     1.00000    4.44719    12.6087   -7.93189    1.00000    1.00000
     1.00000  -0.500946   -17.1136    3.70463    1.00000    1.00000
     1.00000   -30.5469    8.39233E-02   -8.46713    1.00000    1.00000
     1.00000    21.0424   -2.54050   -35.2459    1.00000    1.00000
     1.00000    2.77060    20.8454    2.98485    1.00000    1.00000
     1.00000   -4.44992   -29.9250    3.12187    1.00000    1.00000
     1.00000   -6.11018    23.1557    16.9717    1.00000    1.00000
     1.00000    9.82425   -36.3086   10.25375    1.00000    1.00000
     1.00000    7.89162    18.0135   -14.1874    1.00000    1.00000
     1.00000   -18.4466   -1.70799    7.45242    1.00000    1.00000
     1.00000   -13.8669    19.7454    16.6359    1.00000    1.00000
     1.00000   10.55914   -12.1841   -21.2718    1.00000    1.00000
     1.00000   0.609619    14.0942    23.0625    1.00000    1.00000
     1.00000    12.7721   -26.2810   -9.48898    1.00000    1.00000
     1.00000   -5.11810    41.7293   0.824707    1.00000    1.00000
     1.00000    17.7347   -32.5431  -0.183220    1.00000    1.00000
     1.00000    13.4975    3.85194   -6.81285    1.00000    1.00000
     1.00000   0.301590   -11.6322    3.24253    1.00000    1.00000
     1.00000   -21.0336    7.62589    8.01849E-02    1.00000    1.00000
     1.00000    26.0243   -5.04292   -47.5742    1.00000    1.00000
     1.00000   -2.94283    27.8942    8.74667    1.00000    1.00000
     1.00000   -8.29271   -25.3103   -1.01601    1.00000    1.00000
     1.00000   -14.5468    30.6495    16.1636    1.00000    1.00000
     1.00000    19.8929   -30.9992    15.0115    1.00000    1.00000
     1.00000   -9.86615    16.1764   -12.0024    1.00000    1.00000
     1.00000   -8.67429  -10.21214    5.95578    1.00000    1.00000
     1.00000   -12.6812    25.7984   -2.12503    1.00000    1.00000
     1.00000    20.6124   -6.94630   -26.8238    1.00000    1.00000
     1.00000    4.44142    19.7894    38.1136    1.00000    1.00000
     1.00000    9.24005   -23.9487  -0.833595    1.00000    1.00000
     1.00000   -19.0817    46.0952    15.7804    1.00000    1.00000
     1.00000    12.1033   -37.6294    5.53430    1.00000    1.00000
     1.00000    3.30063    17.6288    1.40496    1.00000    1.00000
     1.00000   -7.03665   -16.3138   -14.1852    1.00000    1.00000
     1.00000   -23.5278    4.34180   -11.2715    1.00000    1.00000
     1.00000    23.4346  -10.25473   -35.6575    1.00000    1.00000
     1.00000    2.77240    20.5330    11.9640    1.00000    1.00000
     1.00000   -14.4998   -36.1813    9.59110    1.00000    1.00000
     1.00000   -14.3078    21.9999    16.0575    1.00000    1.00000
     1.00000    13.2435   -20.2509    13.5405    1.00000    1.00000
     1.00000    5.15105    17.8686   -15.5602    1.00000    1.00000
     1.00000   -24.6651   -1.17955    5.06944    1.00000    1.00000
     1.00000   -17.8480   10.20551    9.09691    1.00000    1.00000
     1.00000    21.8048   -21.4654   -15.2718    1.00000    1.00000
     1.00000    3.22525    12.1417    35.1677    1.00000    1.00000
     1.00000    14.5906   -27.0173   -6.22889    1.00000    1.00000
     1.00000   -17.3796    40.5644    6.43448    1.00000    1.00000
     1.00000    18.4836   -30.0992   -11.1529    1.00000    1.00000
     1.00000   10.14928    5.65120   -14.2958    1.00000    1.00000
     1.00000   -6.36826   -5.61530   -14.5668    1.00000    1.00000
     1.00000   -18.9509   -1.57988  -0.724915    1.00000    1.00000
     1.00000    19.1282   -8.30078   -37.7193    1.00000    1.00000
     1.00000   -6.37476    27.7755   10.11829    1.00000    1.00000
     1.00000   -16.9533   -29.3250   -7.88917    1.00000    1.00000
     1.00000   -16.2115    36.3791    11.2914    1.00000    1.00000
     1.00000    27.4455   -34.5359    24.3559    1.00000    1.00000
     1.00000   0.935455    8.99327   -11.1673    1.00000    1.00000
     1.00000   -2.87341   -12.9953   -4.57001E-03    1.00000    1.00000
     1.00000   -19.5755    22.2111    7.11737    1.00000    1.00000
     1.00000    13.2655   -4.27440   -16.7416    1.00000    1.00000
     1.00000    2.05820    18.2981    44.6638    1.00000    1.00000
     1.00000    4.01590   -23.1342  -10.04618    1.00000    1.00000
     1.00000   -26.7120    42.6253    8.70798    1.00000    1.00000
     1.00000    12.9522   -42.5335   -4.92229    1.00000    1.00000
     1.00000    1.26631   10.48651   -5.25550    1.00000    1.00000
     1.00000    1.77292   -14.6445   -1.30418    1.00000    1.00000
     1.00000   -33.1074    5.81293   -8.05843    1.00000    1.00000
     1.00000    21.5694   -3.29926   -28.5833    1.00000    1.00000
     1.00000   -1.24600    23.7132    13.7403    1.00000    1.00000
     1.00000   -3.42717   -33.0611    1.70582    1.00000    1.00000
     1.00000   -8.44484    28.3633    15.8797    1.00000    1.00000
     1.00000    13.6740   -39.4150    8.56326    1.00000    1.00000
     1.00000    13.7342    24.9735   -20.1102    1.00000    1.00000
     1.00000   -11.4758   -4.08328    4.01827    1.00000    1.00000
     1.00000   -16.8202    17.6769    15.0716    1.00000    1.00000
     1.00000    12.4065   -15.4044   -19.8046    1.00000    1.00000
     1.00000    6.34262    15.4515    27.9141    1.00000    1.00000
     1.00000    11.0455   -30.1910   -12.8328    1.00000    1.00000
     1.00000   0.502014    43.9038  -0.880402    1.00000    1.00000
     1.00000    19.8749   -36.1808   -4.46888    1.00000    1.00000
     1.00000    11.7100    6.68811   -7.06440    1.00000    1.00000
     1.00000    3.80498   -14.4958  -10.10242    1.00000    1.00000
     1.00000   -17.5284    8.15456  -0.480743    1.00000    1.00000
     1.00000    29.8114   -5.20770   -39.6914    1.00000    1.00000
     1.00000    2.15398    33.2326    12.5275    1.00000    1.00000
     1.00000   -7.14621   -31.2303   -1.50168    1.00000    1.00000
     1.00000   -16.8456    33.6913    13.8152    1.00000    1.00000
     1.00000    24.7662   -26.7381    19.9243    1.00000    1.00000
     1.00000   -8.62914    13.0447   -9.19507    1.00000    1.00000
     1.00000   -12.3194   -9.08870    5.24668    1.00000    1.00000
     1.00000   -19.2451    26.1011    2.52019    1.00000    1.00000
     1.00000    18.4183   -11.7820   -24.4955    1.00000    1.00000
     1.00000    2.23766    18.2096    31.8132    1.00000    1.00000
     1.00000    2.03210   -28.2407    2.88654    1.00000    1.00000
     1.00000   -19.2506    44.8770    9.69754    1.00000    1.00000
     1.00000    11.0662   -36.6524   -4.07442    1.00000    1.00000
     1.00000   -1.53471    12.6897   -1.61110    1.00000    1.00000
     1.00000   -6.11545   -19.8652   -6.06614    1.00000    1.00000
     1.00000   -27.6258    6.24647   -4.50145    1.00000    1.00000
     1.00000    19.2283   -5.90804   -31.4390    1.00000    1.00000
     1.00000    2.94305    17.4669    14.9373    1.00000    1.00000
     1.00000  -10.04663   -40.4832    8.16071    1.00000    1.00000
     1.00000   -9.29759    22.8831    17.3064    1.00000    1.00000
     1.00000   10.27950   -26.6759    9.68701    1.00000    1.00000
     1.00000    4.23990    7.60275   -12.6299    1.00000    1.00000
     1.00000   -21.4092   -5.88699   0.950974    1.00000    1.00000
     1.00000   -15.3260    14.0708    9.39816    1.00000    1.00000
     1.00000    20.6880   -20.4316   -20.8351    1.00000    1.00000
     1.00000    2.30736    15.9840    31.2023    1.00000    1.00000
     1.00000    18.0788   -29.6129    2.14657    1.00000    1.00000
     1.00000   -6.90605    46.8523    2.77919    1.00000    1.00000
     1.00000    17.2799   -28.7381   -11.9886    1.00000    1.00000
     1.00000    5.21635   0.283844   -5.00164    1.00000    1.00000
     1.00000  -0.494476   -7.30571   -9.12630    1.00000    1.00000
     1.00000   -18.6697    2.63838  -0.737808    1.00000    1.00000
     1.00000    22.2463   -7.87785   -39.1980    1.00000    1.00000
     1.00000   -5.61371    29.3413    9.13399    1.00000    1.00000
     1.00000   -14.2170   -25.5043   -1.15234    1.00000    1.00000
     1.00000   -17.0089    29.8392    7.37783    1.00000    1.00000
     1.00000    21.9171   -33.6774    18.5724    1.00000    1.00000
     1.00000   -5.40123    9.70798   -13.0140    1.00000    1.00000
     1.00000   -6.70284   -13.8073    1.19568    1.00000    1.00000
     1.00000   -16.4966    27.2944   10.06143    1.00000    1.00000
     1.00000    17.7546   -3.03920   -22.4500    1.00000    1.00000
     1.00000    3.67343    12.5176    41.5634    1.00000    1.00000
     1.00000    13.0294   -18.7003   -7.94852    1.00000    1.00000
     1.00000   -24.6105    48.9368    8.96278    1.00000    1.00000
     1.00000    14.5740   -36.5165  -0.385696    1.00000    1.00000
     1.00000    6.51694    7.14787   -7.08319    1.00000    1.00000
     1.00000    2.96727   -14.5150    2.31770    1.00000    1.00000
     1.00000   -34.0913   0.589615   -11.9647    1.00000    1.00000
     1.00000    23.3611   0.652695   -32.3318    1.00000    1.00000
     1.00000   -4.34174    20.3000    7.16541    1.00000    1.00000
     1.00000  -0.413376   -29.0258    2.75047    1.00000    1.00000
     1.00000   -7.66670    26.0139    17.2761    1.00000    1.00000
     1.00000   10.02328   -34.4022    10.8248    1.00000    1.00000
     1.00000    8.86047    21.3120   -13.8178    1.00000    1.00000
     1.00000   -17.4053   0.404297    8.20681    1.00000    1.00000
     1.00000   -13.8906    18.5025    11.1168    1.00000    1.00000
     1.00000    6.26151   -11.6574   -17.7070    1.00000    1.00000
     1.00000   0.243439    14.7482    19.5905    1.00000    1.00000
     1.00000    12.3872   -27.0305   -5.80203    1.00000    1.00000
     1.00000   -1.67044    40.9817    2.07379    1.00000    1.00000
     1.00000    23.2043   -31.8076    2.36288    1.00000    1.00000
     1.00000    11.4678    3.39500   -11.0280    1.00000    1.00000
     1.00000    2.02983  -10.50066    1.53501    1.00000    1.00000
     1.00000   -22.6063    6.85587   -6.19629    1.00000    1.00000
     1.00000    29.4328   -8.64111   -39.8807    1.00000    1.00000
     1.00000    1.07161    30.4673    7.10697    1.00000    1.00000
     1.00000   -8.67891   -19.2046   -3.14234    1.00000    1.00000
     1.00000   -18.0833    31.9387    17.9803    1.00000    1.00000
     1.00000    19.2816   -26.6391    12.4090    1.00000    1.00000
     1.00000   -7.11006    17.2615   -13.8251    1.00000    1.00000
     1.00000   -12.3159   -7.15016    7.46691    1.00000    1.00000
     1.00000   -18.9413    27.8331    3.47310    1.00000    1.00000
     1.00000    17.6389   -3.16122   -25.6742    1.00000    1.00000
     1.00000    1.97897    20.8704    35.1796    1.00000    1.00000
     1.00000    8.35812   -27.3042  -0.408653    1.00000    1.00000
     1.00000   -18.8615    45.3854    12.7133    1.00000    1.00000
     1.00000    11.5235   -33.3184    5.03403    1.00000    1.00000
     1.00000    2.03662    13.5793    2.99197    1.00000    1.00000
     1.00000   -6.86494   -18.8584   -7.62328    1.00000    1.00000
     1.00000   -24.8101    7.96817   -4.83875    1.00000    1.00000
     1.00000    22.1520   -9.22775   -32.8797    1.00000    1.00000
     1.00000    7.21236    19.7894    12.4154    1.00000    1.00000
     1.00000   -9.98784   -36.6395    14.3498    1.00000    1.00000
     1.00000   -11.7317    20.6109    15.2961    1.00000    1.00000
     1.00000    17.1790   -26.7076    9.77454    1.00000    1.00000
     1.00000    3.63724    14.8444   -13.6454    1.00000    1.00000
     1.00000   -21.0128    8.77762E-02  -0.684792    1.00000    1.00000
     1.00000   -15.1273    13.3296    11.4706    1.00000    1.00000
     1.00000    19.4192   -25.2715   -17.2767    1.00000    1.00000
     1.00000   -1.42465    11.0902    36.2560    1.00000    1.00000
     1.00000    19.0219   -30.2906   -1.69709    1.00000    1.00000
     1.00000   -15.7809    40.8869    5.27682    1.00000    1.00000
     1.00000    21.0284   -32.1748  -10.12687    1.00000    1.00000
     1.00000    7.40804    4.76626   -15.5121    1.00000    1.00000
     1.00000   -5.08427   -7.07399   -11.3899    1.00000    1.00000
     1.00000   -14.8228   -9.27505E-02   -3.28067    1.00000    1.00000
     1.00000    18.8349  -10.17133   -34.9306    1.00000    1.00000
     1.00000   -7.26761    25.2912    6.80062    1.00000    1.00000
     1.00000   -11.0468   -31.6728   -4.86028    1.00000    1.00000
     1.00000   -17.0413    38.6175    6.74358    1.00000    1.00000
     1.00000    29.3671   -31.2401    23.5039    1.00000    1.00000
     1.00000   -4.61734    6.94966   -11.5569    1.00000    1.00000
     1.00000   -4.77698   -17.0968    3.95827    1.00000    1.00000
     1.00000   -21.9320    22.2818    12.0844    1.00000    1.00000
     1.00000    17.6075   -6.12682   -18.3000    1.00000    1.00000
     1.00000  -0.721359    13.8901    45.2589    1.00000    1.00000
     1.00000    3.71677   -25.4600   -12.4878    1.00000    1.00000
     1.00000   -30.0410    44.3626    9.67303    1.00000    1.00000
     1.00000    11.9809   -41.7225   -3.37349    1.00000    1.00000
     1.00000    1.64697    1.24733   -5.36624    1.00000    1.00000
     1.00000  -0.199493   -19.3294   0.924072    1.00000    1.00000
     1.00000   -34.0961    3.10240   -9.29181    1.00000    1.00000
     1.00000    27.5108   -2.41100   -30.0123    1.00000    1.00000
     1.00000   0.776764    23.1552    11.2901    1.00000    1.00000
     1.00000   -5.52539   -31.8240   0.312309    1.00000    1.00000
     1.00000   -13.4022    29.9198    17.9727    1.00000    1.00000
     1.00000    14.7275   -38.1134    11.3550    1.00000    1.00000
     1.00000    12.3687    19.5840   -17.9231    1.00000    1.00000
     1.00000   -19.0611   -4.53366    4.31092    1.00000    1.00000
     1.00000   -17.1270    17.1551    9.26556    1.00000    1.00000
     1.00000    14.7275   -15.4290   -20.3547    1.00000    1.00000
     1.00000    5.08604    15.6276    22.6237    1.00000    1.00000
     1.00000    10.8834   -23.1697  -10.30253    1.00000    1.00000
     1.00000    2.59427    42.9323    2.96350    1.00000    1.00000
     1.00000    23.9577   -32.8299   -6.05663    1.00000    1.00000
     1.00000   10.54611    10.6742   -11.7688    1.00000    1.00000
     1.00000    2.19934   -11.3321   -6.39083    1.00000    1.00000
     1.00000   -16.5854    14.0959    2.25125    1.00000    1.00000
     1.00000    30.3158   -4.32809   -37.6082    1.00000    1.00000
     1.00000    1.94281    30.1768    13.0781    1.00000    1.00000
     1.00000   -11.3955   -28.4883    1.64310    1.00000    1.00000
     1.00000   -19.5168    35.2347    14.5253    1.00000    1.00000
     1.00000    21.7299   -27.9751    18.1629    1.00000    1.00000
     1.00000   -9.09192    10.8056   -7.94212    1.00000    1.00000
     1.00000   -14.2391   -6.72299    7.12219    1.00000    1.00000
     1.00000   -24.2213    23.9309    6.78383    1.00000    1.00000
     1.00000    16.1588   -15.9355   -27.3351    1.00000    1.00000
     1.00000  -0.448563    17.7832    26.0824    1.00000    1.00000
     1.00000    9.80182   -31.9215   -2.57979    1.00000    1.00000
     1.00000   -21.2103    47.8505    14.1319    1.00000    1.00000
     1.00000    12.3579   -34.3537  -0.560165    1.00000    1.00000
     1.00000    2.49690    13.8379  -0.841225    1.00000    1.00000
     1.00000   -2.43748   -18.4719   -2.77818    1.00000    1.00000
     1.00000   -26.6069    6.23946   -2.13579    1.00000    1.00000
     1.00000    17.7525   -6.31381   -27.7857    1.00000    1.00000
     1.00000    3.41710    20.2705    19.8900    1.00000    1.00000
     1.00000   -7.11681   -33.3915    6.70553    1.00000    1.00000
     1.00000   -5.46286    20.4979    16.9694    1.00000    1.00000
     1.00000    11.4490   -31.1203   10.15263    1.00000    1.00000
     1.00000    1.65662    11.1119   -11.9675    1.00000    1.00000
     1.00000   -20.6020  -0.151794    4.63356    1.00000    1.00000
     1.00000   -14.5368    15.3342    5.55733    1.00000    1.00000
     1.00000    22.5178   -21.3722   -19.0784    1.00000    1.00000
     1.00000    6.45453    15.2740    29.9030    1.00000    1.00000
     1.00000    16.3558   -28.5076   -1.78989    1.00000    1.00000
     1.00000   -7.01442    47.8565    5.88663    1.00000    1.00000
     1.00000    17.2928   -26.3285   -19.8613    1.00000    1.00000
     1.00000    5.51457    2.72016   -7.16856    1.00000    1.00000
     1.00000   -3.32990   -9.66780   -8.76436    1.00000    1.00000
     1.00000   -22.1850    4.28264   -1.40904    1.00000    1.00000
     1.00000    24.7573   -10.5939   -38.5795    1.00000    1.00000
     1.00000   -4.90729    30.7685   10.34405    1.00000    1.00000
     1.00000   -14.8893   -32.6106    2.86037    1.00000    1.00000
     1.00000   -19.8615    35.1862   10.20340    1.00000    1.00000
     1.00000    27.1981   -31.1318    20.8435    1.00000    1.00000
     1.00000   -5.02841    11.3288   -16.2910    1.00000    1.00000
     1.00000   -8.44777   -15.1410  -0.841026    1.00000    1.00000
     1.00000   -20.3897    23.8185    9.99921    1.00000    1.00000
     1.00000    20.3722   -1.46528   -23.5622    1.00000    1.00000
     1.00000    4.07169    14.2720    44.3514    1.00000    1.00000
     1.00000   10.21512   -20.3605   -8.11404    1.00000    1.00000
     1.00000   -27.9393    49.4857    13.3440    1.00000    1.00000
     1.00000    17.9808   -37.4051   -1.19543    1.00000    1.00000
     1.00000    3.54031    9.63354   -6.24097    1.00000    1.00000
     1.00000    1.21371   -15.2064    2.98631    1.00000    1.00000
     1.00000   -32.5436   0.119965   -8.57703    1.00000    1.00000
     1.00000    18.7596   -4.00322   -36.2198    1.00000    1.00000
     1.00000  -0.234100    20.0652    4.19147    1.00000    1.00000
     1.00000   -3.77011   -29.3510    4.91306    1.00000    1.00000
     1.00000   -5.81918    22.5724    20.7491    1.00000    1.00000
     1.00000    11.1485   -39.2714    13.0494    1.00000    1.00000
     1.00000   10.14754    19.4772   -16.3127    1.00000    1.00000
     1.00000   -14.9347   -1.63431    4.17102    1.00000    1.00000
     1.00000   -12.7493    17.6438    14.7329    1.00000    1.00000
     1.00000    11.3695   -11.8728   -17.9505    1.00000    1.00000
     1.00000   0.778839    12.9845    27.2098    1.00000    1.00000
     1.00000    15.0180   -27.1713   -8.37077    1.00000    1.00000
     1.00000   -5.91553    42.5852    3.91740    1.00000    1.00000
     1.00000    17.4357   -34.9488   -2.56901    1.00000    1.00000
     1.00000    14.1933    3.76141  -10.47819    1.00000    1.00000
     1.00000   0.534943   -11.1363  -0.302490    1.00000    1.00000
     1.00000   -19.2808    7.24697  -0.805237    1.00000    1.00000
     1.00000    24.5202   -7.59477   -42.8620    1.00000    1.00000
     1.00000   -2.90977    30.6756   10.38117    1.00000    1.00000
     1.00000   -11.7256   -26.3407  -0.326622    1.00000    1.00000
     1.00000   -12.8583    32.5075    17.6626    1.00000    1.00000
     1.00000    16.8279   -27.8395    17.8001    1.00000    1.00000
     1.00000   -9.05449    14.9945   -9.06287    1.00000    1.00000
     1.00000   -5.55385   -12.3898    3.41741    1.00000    1.00000
     1.00000   -14.2905    25.7642  -0.938065    1.00000    1.00000
     1.00000    20.2704   -9.01329   -24.9906    1.00000    1.00000
     1.00000    6.27118    19.0315    38.3921    1.00000    1.00000
     1.00000   10.20740   -21.1354   -4.52219    1.00000    1.00000
     1.00000   -22.6914    44.0608    12.5682    1.00000    1.00000
     1.00000    13.5451   -35.0368    3.35325    1.00000    1.00000
     1.00000  -0.959732    18.3090    3.56744    1.00000    1.00000
     1.00000   -9.35222   -16.3159   -12.2822    1.00000    1.00000
     1.00000   -23.7384    6.00866   -8.88168    1.00000    1.00000
     1.00000    20.6540   -9.61522   -36.2457    1.00000    1.00000
     1.00000    6.70886    21.2813   10.40534    1.00000    1.00000
     1.00000   -9.77994   -35.0152    9.91921    1.00000    1.00000
     1.00000   -12.8323    23.9402    18.2043    1.00000    1.00000
     1.00000    12.9512   -22.7907    10.9763    1.00000    1.00000
     1.00000    2.37097    18.6710   -15.3442    1.00000    1.00000
     1.00000   -24.2251    3.00636    2.56156    1.00000    1.00000
     1.00000   -15.8308    12.2197    9.96288    1.00000    1.00000
     1.00000    19.7497   -22.6051   -12.0528    1.00000    1.00000
     1.00000    2.63692    13.7164    33.7856    1.00000    1.00000
     1.00000    17.4373   -30.5530   -3.44273    1.00000    1.00000
     1.00000   -20.5342    41.9926    7.70451    1.00000    1.00000
     1.00000    20.7452   -29.8017  -10.23086    1.00000    1.00000
     1.00000    13.1566    6.49769   -13.6628    1.00000    1.00000
     1.00000   -2.80569   -6.46815   -15.4275    1.00000    1.00000
     1.00000   -17.6183  -0.390160   -2.41063    1.00000    1.00000
     1.00000    20.2410   -5.38301   -41.7102    1.00000    1.00000
     1.00000   -7.14804    27.9933    8.28673    1.00000    1.00000
     1.00000   -15.7566   -33.0199   -4.14347    1.00000    1.00000
     1.00000   -16.0430    34.8904    9.96651    1.00000    1.00000
     1.00000    28.3655   -32.0688    25.5819    1.00000    1.00000
     1.00000    3.04591    6.59426   -9.64316    1.00000    1.00000
     1.00000   -3.21733   -16.0560    1.02179    1.00000    1.00000
     1.00000   -20.2105    20.5305   10.01263    1.00000    1.00000
     1.00000    15.4796   -4.71241   -19.8929    1.00000    1.00000
     1.00000   0.740860    15.2212    44.9589    1.00000    1.00000
     1.00000    6.39587   -24.1186   -14.1736    1.00000    1.00000
     1.00000   -28.7760    41.3109    9.63274    1.00000    1.00000
     1.00000    13.8955   -41.5554   -7.53114    1.00000    1.00000
     1.00000   0.515686    7.11188   -5.61986    1.00000    1.00000
     1.00000   0.526962   -16.2056   -1.20152    1.00000    1.00000
     1.00000   -31.1293    6.10555   -8.01926    1.00000    1.00000
     1.00000    22.5729   -4.58070   -29.7456    1.00000    1.00000
     1.00000   0.857452    20.8146    12.4677    1.00000    1.00000
     1.00000   -3.61830   -33.8392    4.85978    1.00000    1.00000
     1.00000  -10.51120    27.0269    16.4909    1.00000    1.00000
     1.00000    12.4130   -39.9485    6.89165    1.00000    1.00000
     1.00000    14.1361    20.4494   -18.2801    1.00000    1.00000
     1.00000   -14.9593   -5.04718    2.55007    1.00000    1.00000
     1.00000   -17.6178    17.2640    11.4195    1.00000    1.00000
     1.00000    14.1260   -12.8533   -21.8802    1.00000    1.00000
     1.00000    4.33774    15.3490    25.6591    1.00000    1.00000
     1.00000    11.6346   -26.4821   -12.0628    1.00000    1.00000
     1.00000   -1.99086    45.7525  -0.626381    1.00000    1.00000
     1.00000    19.0330   -33.6226   -5.72031    1.00000    1.00000
     1.00000    13.7852    5.45503   -5.47568    1.00000    1.00000
     1.00000    2.07797   -14.0784   -9.18418    1.00000    1.00000
     1.00000   -17.0198    8.31721    1.44664    1.00000    1.00000
     1.00000    27.0056   -4.92323   -38.4855    1.00000    1.00000
     1.00000    3.39639    33.4951    15.6800    1.00000    1.00000
     1.00000   -9.60229   -32.1016   0.298065    1.00000    1.00000
     1.00000   -13.5075    32.8517    12.9353    1.00000    1.00000
     1.00000    26.9163   -29.3266    19.8747    1.00000    1.00000
     1.00000   -5.80511    12.1451   -11.0117    1.00000    1.00000
     1.00000   -12.1882   -11.0410    4.83282    1.00000    1.00000
     1.00000   -17.8811    24.4183    5.68889    1.00000    1.00000
     1.00000    19.3341   -12.7614   -23.0116    1.00000    1.00000
     1.00000    2.52022    20.1345    32.2770    1.00000    1.00000
     1.00000    3.90512   -28.7801    2.11443    1.00000    1.00000
     1.00000   -20.9905    47.2912    8.52773    1.00000    1.00000
     1.00000    9.79718   -33.2369   -4.57395    1.00000    1.00000
     1.00000    2.35017    12.0365   -4.60532    1.00000    1.00000
     1.00000   -6.36053   -19.2244   -2.89630    1.00000    1.00000
     1.00000   -31.0969    5.86867   -5.81084    1.00000    1.00000
     1.00000    15.6979   -5.02809   -30.7083    1.00000    1.00000
     1.00000    3.70529    19.9031    16.0606    1.00000    1.00000
     1.00000   -8.07977   -35.2080    8.88372    1.00000    1.00000
     1.00000   -7.05887    20.8628    15.8207    1.00000    1.00000
     1.00000    8.24771   -26.3759   10.28407    1.00000    1.00000
     1.00000    4.01204    10.7270   -11.2592    1.00000    1.00000
     1.00000   -22.6388   -5.31255    2.41996    1.00000    1.00000
     1.00000   -12.1429    14.5731    8.26324    1.00000    1.00000
     1.00000    18.5490   -18.6556   -20.1896    1.00000    1.00000
     1.00000    3.50528    14.4933    32.1601    1.00000    1.00000
     1.00000    17.7921   -26.4080    2.35807    1.00000    1.00000
     1.00000   -6.17497    45.2394    1.84979    1.00000    1.00000
     1.00000    16.7861   -26.7311   -15.1165    1.00000    1.00000
     1.00000    6.16035   -1.39138   -5.55162    1.00000    1.00000
     1.00000   0.789658  -10.36499   -7.42887    1.00000    1.00000
     1.00000   -21.7152    3.06213   -3.58781    1.00000    1.00000
     1.00000    22.0034   -5.49922   -36.8344    1.00000    1.00000
     1.00000   -7.26430    29.1284    14.4580    1.00000    1.00000
     1.00000   -13.1315   -27.6429   0.689728    1.00000    1.00000
     1.00000   -19.2044    32.7385    7.67706    1.00000    1.00000
     1.00000    21.2976   -33.0670    20.3734    1.00000    1.00000
     1.00000   -4.27995    9.99032   -9.47386    1.00000    1.00000
     1.00000   -5.43529   -15.6809   -1.62689    1.00000    1.00000
     1.00000   -12.9304    25.8427    8.58965    1.00000    1.00000
     1.00000    18.4765   -6.16260   -23.7498    1.00000    1.00000
     1.00000    5.27390    14.4192    41.9992    1.00000    1.00000
     1.00000    12.5766   -21.6520   -5.03382    1.00000    1.00000
     1.00000   -24.6690    47.0349    7.15787    1.00000    1.00000
     1.00000    11.5694   -38.8945   -3.08451    1.00000    1.00000
     1.00000    4.26831    5.85918   -7.28004    1.00000    1.00000
     1.00000    4.28818   -15.9978   0.155769    1.00000    1.00000
     1.00000   -35.6946   0.860176   -9.66096    1.00000    1.00000
     1.00000    24.2085   -1.82483   -32.0144    1.00000    1.00000
     1.00000  -0.637985    21.6343    7.70779    1.00000    1.00000
     1.00000   -3.15344   -30.5079    1.71495    1.00000    1.00000
     1.00000   -6.64873    24.8302    18.5261    1.00000    1.00000
     1.00000    11.1129   -34.5394    12.4963    1.00000    1.00000
     1.00000    8.84793    21.2519   -17.3908    1.00000    1.00000
     1.00000   -15.0678   0.433929    9.82448    1.00000    1.00000
     1.00000   -16.2008    20.1466    8.86182    1.00000    1.00000
     1.00000    8.19580   -11.8907   -19.2939    1.00000    1.00000
     1.00000    2.49223    15.1109    21.8681    1.00000    1.00000
     1.00000    9.92502   -24.9553   -7.53233    1.00000    1.00000
     1.00000  -0.471375    40.7468    3.65715    1.00000    1.00000
     1.00000    21.0515   -33.2884    2.27497    1.00000    1.00000
     1.00000    13.5018    4.46993   -14.5500    1.00000    1.00000
     1.00000    2.96179   -9.54985   -3.02283    1.00000    1.00000
     1.00000   -22.7523    6.59260   -2.67522    1.00000    1.00000
     1.00000    24.3470   -8.11586   -40.9388    1.00000    1.00000
     1.00000   -3.11836    31.2484    8.47634    1.00000    1.00000
     1.00000   -7.54341   -22.6839   -2.33101    1.00000    1.00000
     1.00000   -15.4525    35.2314    17.9528    1.00000    1.00000
     1.00000    19.4865   -27.7882    10.7849    1.00000    1.00000
     1.00000   -9.44438    19.4901   -13.3613    1.00000    1.00000
     1.00000   -8.57635   -8.42351    6.84527    1.00000    1.00000
     1.00000   -19.0554    27.2091   -1.20337    1.00000    1.00000
     1.00000    19.4285   -6.02221   -25.5031    1.00000    1.00000
     1.00000    1.20236    21.2599    36.9810    1.00000    1.00000
     1.00000    11.8341   -25.9601    2.28335    1.00000    1.00000
     1.00000   -19.1688    41.1891    13.7826    1.00000    1.00000
     1.00000    11.5742   -35.1627    5.80604    1.00000    1.00000
     1.00000   0.941132    15.1226   0.599075    1.00000    1.00000
     1.00000  -10.00153   -17.2782   -10.6536    1.00000    1.00000
     1.00000   -25.9670    8.08090   -6.46629    1.00000    1.00000
     1.00000    20.6971   -7.87399   -33.1045    1.00000    1.00000
     1.00000    7.61679    19.9414    15.2682    1.00000    1.00000
     1.00000   -11.2580   -36.5761    15.8934    1.00000    1.00000
     1.00000   -11.2904    22.7162    17.3351    1.00000    1.00000
     1.00000    13.8455   -25.5259    9.00570    1.00000    1.00000
     1.00000    4.58191    16.0609   -14.9212    1.00000    1.00000
     1.00000   -23.6891  -0.419632    1.47191    1.00000    1.00000
     1.00000   -12.9376    13.7001    14.2563    1.00000    1.00000
     1.00000    20.0964   -23.3940   -17.4036    1.00000    1.00000
     1.00000    1.02544   10.03716    34.6003    1.00000    1.00000
     1.00000    16.6730   -30.6174   -1.59564    1.00000    1.00000
     1.00000   -12.2438    44.9315    6.31047    1.00000    1.00000
     1.00000    20.1082   -32.4582   -7.69668    1.00000    1.00000
     1.00000    6.86346    4.39379   -12.5730    1.00000    1.00000
     1.00000   -5.21619   -6.70924   -13.3519    1.00000    1.00000
     1.00000   -16.8612   -3.79572   -4.04077    1.00000    1.00000
     1.00000    17.9451   -11.8593   -37.3243    1.00000    1.00000
     1.00000  -10.48233    25.5867    9.70752    1.00000    1.00000
     1.00000   -13.0360   -31.4246   -4.03217    1.00000    1.00000
     1.00000   -17.4018    36.3557    9.68434    1.00000    1.00000
     1.00000    27.8038   -32.0197    22.5301    1.00000    1.00000
     1.00000   -2.12817    9.47679   -11.0805    1.00000    1.00000
     1.00000   -3.85065   -15.6878    2.88280    1.00000    1.00000
     1.00000   -21.1665    18.5876    13.1299    1.00000    1.00000
     1.00000    15.8128   -6.21141   -15.8165    1.00000    1.00000
     1.00000   -2.25677    11.1803    46.2636    1.00000    1.00000
     1.00000   0.950394   -27.0238   -13.6839    1.00000    1.00000
     1.00000   -28.7160    45.5218    10.6221    1.00000    1.00000
     1.00000    14.8598   -39.5956   -3.88471    1.00000    1.00000
     1.00000    1.09097    5.23177   -5.25349    1.00000    1.00000
     1.00000   -1.62582   -18.1123   0.228218    1.00000    1.00000
     1.00000   -32.3329    4.03211   -9.12738    1.00000    1.00000
     1.00000    25.0844   -5.15598   -29.5642    1.00000    1.00000
     1.00000   -1.68102    26.9940   10.01057    1.00000    1.00000
     1.00000   -8.67224   -30.3784    1.71102    1.00000    1.00000
     1.00000   -13.2350    29.1400    16.1385    1.00000    1.00000
     1.00000    14.8452   -37.6309    8.81794    1.00000    1.00000
     1.00000    9.56421    19.7314   -18.4749    1.00000    1.00000
     1.00000   -15.9368   -6.68045    3.16393    1.00000    1.00000
     1.00000   -15.6835    17.6971    10.7467    1.00000    1.00000
     1.00000    17.5787   -17.0903   -19.4096    1.00000    1.00000
     1.00000    7.25404    15.6519    24.7797    1.00000    1.00000
     1.00000    8.46269   -22.4710   -8.79625    1.00000    1.00000
     1.00000    1.29465    42.1328    1.13295    1.00000    1.00000
     1.00000    22.0014   -32.4340   -6.18267    1.00000    1.00000
     1.00000    12.2187    6.83905   -8.99272    1.00000    1.00000
     1.00000   0.341766   -12.7489   -6.43862    1.00000    1.00000
     1.00000   -15.3895    9.46878    1.31963    1.00000    1.00000
     1.00000    27.9565   -3.15840   -39.2825    1.00000    1.00000
     1.00000    1.89999    28.4092    9.99537    1.00000    1.00000
     1.00000   -6.97292   -29.2381   -1.46718    1.00000    1.00000
     1.00000   -18.4709    34.8199    16.1787    1.00000    1.00000
     1.00000    20.2152   -26.7179    18.5167    1.00000    1.00000
     1.00000   -8.68285   10.24732  -10.28384    1.00000    1.00000
     1.00000   -13.5454   -6.93591    3.51553    1.00000    1.00000
     1.00000   -21.3782    23.3679    5.23329    1.00000    1.00000
     1.00000    17.1949   -15.2691   -25.7594    1.00000    1.00000
     1.00000    2.57935    20.0509    27.2175    1.00000    1.00000
     1.00000    5.59422   -29.0095  -0.837036    1.00000    1.00000
     1.00000   -20.6531    48.2083   10.27272    1.00000    1.00000
     1.00000    13.5828   -35.0052   -3.55508    1.00000    1.00000
     1.00000    2.41707    16.5906   -1.69677    1.00000    1.00000
     1.00000   -2.87274   -16.5406   -3.06211    1.00000    1.00000
     1.00000   -27.6221    4.52344   -1.97870    1.00000    1.00000
     1.00000    19.3685   -6.01999   -28.9268    1.00000    1.00000
     1.00000    4.82048    17.1641    19.7467    1.00000    1.00000
     1.00000   -8.62326   -33.4892    8.01742    1.00000    1.00000
     1.00000   -4.58447    17.1054    16.5265    1.00000    1.00000
     1.00000    12.9113   -27.6077   10.12811    1.00000    1.00000
     1.00000    2.06020    13.6065   -12.2680    1.00000    1.00000
     1.00000   -23.0773   -2.13274    4.31413    1.00000    1.00000
     1.00000   -16.3572    13.5259    4.15471    1.00000    1.00000
     1.00000    23.2520   -23.5295   -18.9004    1.00000    1.00000
     1.00000    9.43217    16.8152    29.6170    1.00000    1.00000
     1.00000    17.0126   -27.2443   0.146278    1.00000    1.00000
     1.00000  -10.32008    46.9367    6.67067    1.00000    1.00000
     1.00000    17.6505   -24.1069   -18.3028    1.00000    1.00000
     1.00000    7.37668    2.62537   -7.89214    1.00000    1.00000
     1.00000   -6.50377   -8.02547  -10.35078    1.00000    1.00000
     1.00000   -21.2793    2.57851  -0.884125    1.00000    1.00000
     1.00000    24.9166   -9.41187   -36.9740    1.00000    1.00000
     1.00000   -3.34207    34.2677    9.66877    1.00000    1.00000
     1.00000   -14.2224   -31.0907   -1.34000    1.00000    1.00000
     1.00000   -20.4114    33.8528    8.81792    1.00000    1.00000
     1.00000    25.6938   -32.4298    18.5829    1.00000    1.00000
     1.00000   -6.34579    7.90623   -15.4050    1.00000    1.00000
     1.00000   -6.65666   -12.2877   -2.80849    1.00000    1.00000
     1.00000   -17.5697    25.9842    11.7418    1.00000    1.00000
     1.00000    19.4633   -1.90308   -20.0786    1.00000    1.00000
     1.00000    3.53630    12.5156    43.5587    1.00000    1.00000
     1.00000    5.13257   -21.4764   -9.97768    1.00000    1.00000
     1.00000   -27.5926    47.9791    12.0752    1.00000    1.00000
     1.00000    16.5591   -36.4676  -0.146660    1.00000    1.00000
     1.00000    3.40636    11.6050   -6.55019    1.00000    1.00000
     1.00000  -0.139313   -16.2435    1.94050    1.00000    1.00000
     1.00000   -31.6401  -0.786674   -7.03636    1.00000    1.00000
     1.00000    22.1732   -2.91531   -33.6395    1.00000    1.00000
     1.00000   0.996307    21.5289    3.60520    1.00000    1.00000
     1.00000   -5.81284   -29.9033    1.65833    1.00000    1.00000
     1.00000   -7.55440    22.6444    18.2573    1.00000    1.00000
     1.00000    10.8803   -37.9452    9.79969    1.00000    1.00000
     1.00000    6.45677    19.2223   -14.8801    1.00000    1.00000
     1.00000   -16.6373   -1.47064    6.63385    1.00000    1.00000
     1.00000   -14.5868    20.4010    14.8889    1.00000    1.00000
     1.00000    11.9820   -13.2546   -22.1826    1.00000    1.00000
     1.00000   0.920944    13.7774    25.0126    1.00000    1.00000
     1.00000    13.1741   -26.9217   -7.63752    1.00000    1.00000
     1.00000   -6.58060    41.8406    2.18439    1.00000    1.00000
     1.00000    19.0162   -31.9956    1.25135    1.00000    1.00000
     1.00000    13.5358    4.57695   -8.67642    1.00000    1.00000
     1.00000  -0.747086  -10.16747    2.37368    1.00000    1.00000
     1.00000   -22.7139    6.86646  -0.694427    1.00000    1.00000
     1.00000    26.4557   -6.26520   -46.0511    1.00000    1.00000
     1.00000   -1.58221    27.6234    7.30605    1.00000    1.00000
     1.00000   -9.73898   -26.3403   -9.54590E-02    1.00000    1.00000
     1.00000   -12.8376    31.6425    15.8594    1.00000    1.00000
     1.00000    19.3697   -29.0690    14.9863    1.00000    1.00000
     1.00000   -9.03125    14.6403   -11.0311    1.00000    1.00000
     1.00000   -6.68895  -10.03828    6.12375    1.00000    1.00000
     1.00000   -12.9996    26.8482   -3.79730    1.00000    1.00000
     1.00000    19.4613   -8.58089   -26.7678    1.00000    1.00000
     1.00000    4.21074    21.4859    39.1474    1.00000    1.00000
     1.00000    8.32504   -22.7746   -2.16932    1.00000    1.00000
     1.00000   -20.1228    46.1336    14.0732    1.00000    1.00000
     1.00000    13.2098   -36.0341    5.05408    1.00000    1.00000
     1.00000    1.42766    16.9962    1.10210    1.00000    1.00000
     1.00000   -8.82257   -16.9237   -14.8475    1.00000    1.00000
     1.00000   -22.3893    5.68431  -10.32207    1.00000    1.00000
     1.00000    21.7614   -11.2710   -36.0669    1.00000    1.00000
     1.00000    4.21797    19.5483    12.9339    1.00000    1.00000
     1.00000   -13.0586   -35.8527    10.9384    1.00000    1.00000
     1.00000   -14.0411    22.3591    18.0068    1.00000    1.00000
     1.00000    11.3866   -20.5722    14.2104    1.00000    1.00000
     1.00000    3.70076    18.1819   -16.9012    1.00000    1.00000
     1.00000   -24.7878   0.797928    4.79645    1.00000    1.00000
     1.00000   -18.6311    9.90590    7.28116    1.00000    1.00000
     1.00000    20.5906   -20.7982   -13.8294    1.00000    1.00000
     1.00000    4.66446    11.5518    36.4250    1.00000    1.00000
     1.00000    14.9634   -28.7197   -5.24751    1.00000    1.00000
     1.00000   -19.0601    40.6542    7.51511    1.00000    1.00000
     1.00000    19.3664   -31.1486   -9.69711    1.00000    1.00000
     1.00000    11.0471    5.82618   -16.0743    1.00000    1.00000
     1.00000   -6.37549   -6.04645   -16.5198    1.00000    1.00000
     1.00000   -19.5762  -0.212044   -2.04330    1.00000    1.00000
     1.00000    19.8653   -7.62074   -39.4497    1.00000    1.00000
     1.00000   -8.03574    27.6302    11.2228    1.00000    1.00000
     1.00000   -15.7719   -30.4095   -6.69422    1.00000    1.00000
     1.00000   -14.4197    35.5293    11.5510    1.00000    1.00000
     1.00000    25.4785   -34.8470    24.5403    1.00000    1.00000
     1.00000   0.282990    8.35754   -9.38677    1.00000    1.00000
     1.00000   -2.39655   -14.8277  -0.648766    1.00000    1.00000
     1.00000   -20.5025    22.1589    8.88881    1.00000    1.00000
     1.00000    14.7594   -4.60447   -18.0298    1.00000    1.00000
     1.00000    3.63965    17.2482    44.0341    1.00000    1.00000
     1.00000    5.25009   -23.4158   -11.5945    1.00000    1.00000
     1.00000   -26.3229    43.4685   10.47929    1.00000    1.00000
     1.00000    12.5118   -42.8291   -6.85068    1.00000    1.00000
     1.00000   0.237015    9.16098   -6.34338    1.00000    1.00000
     1.00000    2.94107   -15.1982   -2.83024    1.00000    1.00000
     1.00000   -33.3642    7.31232   -6.76001    1.00000    1.00000
     1.00000    19.9542   -2.98595   -29.7203    1.00000    1.00000
     1.00000  -0.498047    22.2822    12.5601    1.00000    1.00000
     1.00000   -4.12234   -32.4748    3.48708    1.00000    1.00000
     1.00000   -8.79561    26.4052    15.6722    1.00000    1.00000
     1.00000    13.2878   -38.1576    7.05668    1.00000    1.00000
     1.00000    14.9384    23.6619   -19.1995    1.00000    1.00000
     1.00000   -13.1765   -4.97122    3.45335    1.00000    1.00000
     1.00000   -15.9826    16.0029    14.3672    1.00000    1.00000
     1.00000    13.2570   -14.5960   -21.4242    1.00000    1.00000
     1.00000    6.66385    13.5959    28.5876    1.00000    1.00000
     1.00000    11.3021   -29.4697   -10.9851    1.00000    1.00000
     1.00000  -0.328415    45.5211   -1.71391    1.00000    1.00000
     1.00000    21.7975   -36.6360   -4.15820    1.00000    1.00000
     1.00000    13.5932    6.08509   -7.36411    1.00000    1.00000
     1.00000    5.06108   -15.3845   -8.82475    1.00000    1.00000
     1.00000   -16.1144    9.55314  -0.691879    1.00000    1.00000
     1.00000    28.8230   -5.60078   -37.9977    1.00000    1.00000
     1.00000   0.800262    31.7676    12.6732    1.00000    1.00000
     1.00000   -9.08984   -31.6931   -1.59153    1.00000    1.00000
     1.00000   -15.3835    33.6877    12.4505    1.00000    1.00000
     1.00000    22.8300   -27.1167    19.5958    1.00000    1.00000
     1.00000   -7.51180    13.1750   -10.8487    1.00000    1.00000
     1.00000   -10.7893  -10.13603    5.99635    1.00000    1.00000
     1.00000   -18.1160    25.0775    3.81529    1.00000    1.00000
     1.00000    18.1037   -13.7191   -24.8812    1.00000    1.00000
     1.00000    1.71587    19.6137    30.4879    1.00000    1.00000
     1.00000    2.83458   -27.2883    1.32167    1.00000    1.00000
     1.00000   -21.1014    45.3905    9.14012    1.00000    1.00000
     1.00000    12.4984   -35.6929   -5.08838    1.00000    1.00000
     1.00000   0.399261    12.1821   -1.65661    1.00000    1.00000
     1.00000   -4.44202   -19.1899   -5.20383    1.00000    1.00000
     1.00000   -28.4002    6.86372   -2.76381    1.00000    1.00000
     1.00000    18.6650   -4.43471   -30.2094    1.00000    1.00000
     1.00000    3.45551    16.9714    16.8060    1.00000    1.00000
     1.00000   -8.96977   -38.8763    7.65253    1.00000    1.00000
     1.00000   -8.29852    22.4214    15.6365    1.00000    1.00000
     1.00000    11.7587   -26.1907    10.9427    1.00000    1.00000
     1.00000    4.60376    7.28690   -10.6888    1.00000    1.00000
     1.00000   -22.2425   -7.63918   0.465706    1.00000    1.00000
     1.00000   -13.3971    14.4000    9.81151    1.00000    1.00000
     1.00000    20.3647   -22.3874   -20.5703    1.00000    1.00000
     1.00000    2.45831    17.4158    29.8141    1.00000    1.00000
     1.00000    19.6324   -28.9361    3.20876    1.00000    1.00000
     1.00000   -7.95706    46.7925    4.47972    1.00000    1.00000
     1.00000    17.0743   -27.1459   -13.1813    1.00000    1.00000
     1.00000    3.41245   0.442085   -5.85069    1.00000    1.00000
     1.00000  -0.828186   -6.90584   -11.0573    1.00000    1.00000
     1.00000   -18.5431    2.56432   -2.73242    1.00000    1.00000
     1.00000    24.0126   -8.81023   -39.0933    1.00000    1.00000
     1.00000   -6.45993    29.6452    10.9205    1.00000    1.00000
     1.00000   -14.8928   -26.9922    7.24792E-04    1.00000    1.00000
     1.00000   -16.8729    31.3890    6.12100    1.00000    1.00000
     1.00000    23.8435   -33.1701    18.7505    1.00000    1.00000
     1.00000   -4.43935    10.5975   -14.5252    1.00000    1.00000
     1.00000   -5.34714   -14.2887  -0.193695    1.00000    1.00000
     1.00000   -14.6468    28.0546   10.04140    1.00000    1.00000
     1.00000    16.1388   -3.78671   -21.5387    1.00000    1.00000
     1.00000    3.37090    14.4868    41.3876    1.00000    1.00000
     1.00000    12.1559   -20.4735   -7.64425    1.00000    1.00000
     1.00000   -25.7477    47.4343    9.63309    1.00000    1.00000
     1.00000    14.3896   -36.4030   -2.37394    1.00000    1.00000
     1.00000    5.14333    7.14555   -8.53687    1.00000    1.00000
     1.00000    3.01138   -13.9328   0.404823    1.00000    1.00000
     1.00000   -35.9792    1.16654   -12.2855    1.00000    1.00000
     1.00000    22.7614   -1.06335   -33.1658    1.00000    1.00000
     1.00000   -2.41385    20.8196    7.28045    1.00000    1.00000
     1.00000    1.24158   -30.0486    3.21429    1.00000    1.00000
     1.00000   -9.33801    25.0737    17.8441    1.00000    1.00000
     1.00000    11.4975   -33.0713    10.5898    1.00000    1.00000
     1.00000    7.66998    21.0882   -15.4093    1.00000    1.00000
     1.00000   -15.6026    5.19257E-02    7.41560    1.00000    1.00000
     1.00000   -13.3333    17.6150    12.8203    1.00000    1.00000
     1.00000    7.70718   -13.0392   -17.7311    1.00000    1.00000
     1.00000   0.832565    16.6083    20.0296    1.00000    1.00000
     1.00000    10.9957   -28.1255   -6.73183    1.00000    1.00000
     1.00000   -3.17955    41.2389   0.786758    1.00000    1.00000
     1.00000    21.7754   -31.9556   0.971306    1.00000    1.00000
     1.00000    13.1623    2.63112   -11.7664    1.00000    1.00000
     1.00000    2.30350  -10.21044  -0.424797    1.00000    1.00000
     1.00000   -23.2087    8.71588   -5.77495    1.00000    1.00000
     1.00000    27.8855   -7.38553   -40.0521    1.00000    1.00000
     1.00000  -0.304703    29.2109    7.83315    1.00000    1.00000
     1.00000   -8.77345   -21.1632   -2.74876    1.00000    1.00000
     1.00000   -16.4313    32.1800    16.8790    1.00000    1.00000
     1.00000    18.4006   -27.9212    13.6659    1.00000    1.00000
     1.00000   -8.08633    18.0018   -15.4059    1.00000    1.00000
     1.00000  -10.39307   -7.30883    6.94020    1.00000    1.00000
     1.00000   -18.3616    27.7755    1.55981    1.00000    1.00000
     1.00000    15.8375   -4.03001   -25.6778    1.00000    1.00000
     1.00000   0.240387    19.9032    35.3838    1.00000    1.00000
     1.00000    8.89874   -25.5308   0.341408    1.00000    1.00000
     1.00000   -17.1351    44.3836    12.8387    1.00000    1.00000
     1.00000    11.6353   -32.0837    6.60349    1.00000    1.00000
     1.00000    3.67349    13.9428    1.90181    1.00000    1.00000
     1.00000   -6.93211   -19.4196   -9.54176    1.00000    1.00000
     1.00000   -25.4051    7.60694   -2.96379    1.00000    1.00000
     1.00000    22.1875   -11.1915   -32.5021    1.00000    1.00000
     1.00000    8.71118    20.3064    13.6345    1.00000    1.00000
     1.00000  -10.49896   -37.2467    12.5140    1.00000    1.00000
     1.00000   -12.6666    22.3485    14.9690    1.00000    1.00000
     1.00000    15.2121   -26.9093    9.47320    1.00000    1.00000
     1.00000    2.55405    16.1607   -14.6913    1.00000    1.00000
     1.00000   -20.4982   -5.08575E-02    1.24290    1.00000    1.00000
     1.00000   -14.2480    14.3968    12.9156    1.00000    1.00000
     1.00000    18.7708   -26.9482   -18.1533    1.00000    1.00000
     1.00000   -1.16135    12.5948    34.9650    1.00000    1.00000
     1.00000    18.2085   -30.5664   0.109100    1.00000    1.00000
     1.00000   -14.1278    41.7392    6.01233    1.00000    1.00000
     1.00000    22.8779   -32.9355  -10.09830    1.00000    1.00000
     1.00000    8.39897    4.83488   -13.7762    1.00000    1.00000
     1.00000   -3.96265   -8.68342   -11.0004    1.00000    1.00000
     1.00000   -16.5343  -0.753960   -4.07674    1.00000    1.00000
     1.00000    18.8426  -10.11606   -36.9299    1.00000    1.00000
     1.00000   -9.17409    25.4658    6.22198    1.00000    1.00000
     1.00000   -11.5539   -32.3305   -3.04086    1.00000    1.00000
     1.00000   -15.7538    39.4004    8.05867    1.00000    1.00000
     1.00000    31.1988   -30.4387    23.5570    1.00000    1.00000
     1.00000   -3.92343    8.82198   -11.6706    1.00000    1.00000
     1.00000   -3.85046   -15.7678    5.13105    1.00000    1.00000
     1.00000   -22.3628    20.4571    12.7806    1.00000    1.00000
     1.00000    15.9194   -6.98557   -17.6575    1.00000    1.00000
     1.00000  -0.797714    12.6372    43.7018    1.00000    1.00000
     1.00000    2.38478   -26.9391   -12.2927    1.00000    1.00000
     1.00000   -31.0956    45.3269    11.0723    1.00000    1.00000
     1.00000   10.47900   -40.6720   -2.57302    1.00000    1.00000
     1.00000   0.578186    2.88287   -4.93881    1.00000    1.00000
     1.00000   0.191971   -21.2829    1.09872    1.00000    1.00000
     1.00000   -35.4833    3.76183  -10.57269    1.00000    1.00000
     1.00000    27.8422   -1.42743   -31.7219    1.00000    1.00000
     1.00000   0.538589    24.7614    12.4578    1.00000    1.00000
     1.00000   -5.40265   -32.9169    1.98275    1.00000    1.00000
     1.00000   -13.3010    27.9315    17.7820    1.00000    1.00000
     1.00000    13.2348   -36.9185    10.7685    1.00000    1.00000
     1.00000    10.9556    18.2951   -18.5078    1.00000    1.00000
     1.00000   -20.7870   -3.53540    4.46793    1.00000    1.00000
     1.00000   -18.2513    18.7298    8.75938    1.00000    1.00000
     1.00000    15.6798   -17.1582   -20.0338    1.00000    1.00000
     1.00000    4.13478    15.6541    20.8646    1.00000    1.00000
     1.00000    11.0405   -25.1179   -10.7264    1.00000    1.00000
     1.00000    3.63013    42.7687    1.26048    1.00000    1.00000
     1.00000    25.3157   -31.3879   -5.78002    1.00000    1.00000
     1.00000    12.1143    9.45628   -12.0081    1.00000    1.00000
     1.00000    2.19443   -10.6381   -4.51511    1.00000    1.00000
     1.00000   -15.9349    12.2053    2.30119    1.00000    1.00000
     1.00000    29.0131   -2.81061   -37.6204    1.00000    1.00000
     1.00000    1.46233    28.6062    11.9369    1.00000    1.00000
     1.00000   -9.88420   -28.2849   0.349007    1.00000    1.00000
     1.00000   -18.4464    34.5516    12.9801    1.00000    1.00000
     1.00000    20.2002   -28.0920    16.8799    1.00000    1.00000
     1.00000   -9.86018    9.28271   -8.98638    1.00000    1.00000
     1.00000   -13.9412   -5.76509    5.39198    1.00000    1.00000
     1.00000   -22.7869    24.7279    5.64038    1.00000    1.00000
     1.00000    17.4690   -16.0988   -28.8373    1.00000    1.00000
     1.00000    3.50189E-02    18.1489    27.9883    1.00000    1.00000
     1.00000    8.69810   -30.6219   -1.53432    1.00000    1.00000
     1.00000   -20.7545    47.1767    15.9590    1.00000    1.00000
     1.00000    13.3202   -34.5505    1.18206    1.00000    1.00000
     1.00000   0.524643    14.0871   -1.06051    1.00000    1.00000
     1.00000   -4.38632   -18.9044   -2.90060    1.00000    1.00000
     1.00000   -26.6774    6.97645  -0.277863    1.00000    1.00000
     1.00000    17.4537   -8.29071   -27.8362    1.00000    1.00000
     1.00000    2.39975    19.1375    21.1865    1.00000    1.00000
     1.00000   -5.32706   -33.4262    5.81358    1.00000    1.00000
     1.00000   -4.77168    18.7490    17.6505    1.00000    1.00000
     1.00000    11.6032   -29.5531    8.91972    1.00000    1.00000
     1.00000    2.86635    12.3369   -10.9496    1.00000    1.00000
     1.00000   -21.7763   0.776085    5.96018    1.00000    1.00000
     1.00000   -13.6935    15.4626    7.36629    1.00000    1.00000
     1.00000    21.3307   -22.9741   -18.9202    1.00000    1.00000
     1.00000    5.10995    16.3128    30.9581    1.00000    1.00000
     1.00000    15.1582   -27.8049  -0.350502    1.00000    1.00000
     1.00000   -8.63789    47.9495    7.05097    1.00000    1.00000
     1.00000    15.9776   -25.8114   -18.4460    1.00000    1.00000
     1.00000    5.57733    2.23786   -5.22859    1.00000    1.00000
     1.00000   -1.85533   -8.66624   -9.67129    1.00000    1.00000
     1.00000   -20.4999    5.18346   -1.99956    1.00000    1.00000
     1.00000    22.8428   -11.1035   -38.3053    1.00000    1.00000
     1.00000   -4.48849    32.6308    9.74704    1.00000    1.00000
     1.00000   -14.3453   -31.0349    1.75536    1.00000    1.00000
     1.00000   -19.1856    36.4205    8.78224    1.00000    1.00000
     1.00000    25.6875   -30.9603    22.1429    1.00000    1.00000
     1.00000   -6.00305    12.8183   -17.2029    1.00000    1.00000
     1.00000   -7.48247   -13.3895  -0.862633    1.00000    1.00000
     1.00000   -18.4728    24.2067   10.41743    1.00000    1.00000
     1.00000    19.6113   -2.45015   -21.9966    1.00000    1.00000
     1.00000    2.31708    14.0331    45.2811    1.00000    1.00000
     1.00000    8.24266   -20.6607   -7.97518    1.00000    1.00000
     1.00000   -27.9715    51.2156    12.3408    1.00000    1.00000
     1.00000    18.9830   -35.6749   -1.24085    1.00000    1.00000
     1.00000    3.88029    7.79210   -6.94344    1.00000    1.00000
     1.00000   0.831665   -13.4548    3.87284    1.00000    1.00000
     1.00000   -34.5083  -0.243408   -8.48839    1.00000    1.00000
     1.00000    20.3343   -4.40094   -35.0526    1.00000    1.00000
     1.00000  -0.933441    20.2675    6.05426    1.00000    1.00000
     1.00000   -3.80782   -28.1409    6.50501    1.00000    1.00000
     1.00000   -5.74979    22.0027    18.8332    1.00000    1.00000
     1.00000    11.2572   -37.7513    11.7543    1.00000    1.00000
     1.00000    8.23349    19.2091   -15.7983    1.00000    1.00000
     1.00000   -16.6426  -0.775299    4.75863    1.00000    1.00000
     1.00000   -12.3769    18.4146    16.5405    1.00000    1.00000
     1.00000   10.09595   -12.5118   -19.3540    1.00000    1.00000
     1.00000    2.20172    12.5135    25.8856    1.00000    1.00000
     1.00000    16.3717   -27.9126   -9.64269    1.00000    1.00000
     1.00000   -7.11597    43.8486    2.93626    1.00000    1.00000
     1.00000    17.1339   -34.3867  -0.673500    1.00000    1.00000
     1.00000    14.3475    2.75096   -8.75912    1.00000    1.00000
     1.00000  -0.169891   -12.0327    1.34061    1.00000    1.00000
     1.00000   -20.0406    7.02112   -2.64148    1.00000    1.00000
     1.00000    25.2491   -6.93556   -44.6039    1.00000    1.00000
     1.00000   -2.69040    28.6959   10.56149    1.00000    1.00000
     1.00000   -12.3552   -24.9002   -1.56294    1.00000    1.00000
     1.00000   -13.7012    34.3209    17.6303    1.00000    1.00000
     1.00000    18.2083   -28.4963    16.5105    1.00000    1.00000
     1.00000   -8.79269    16.7275  -10.02617    1.00000    1.00000
     1.00000   -5.50513   -11.2488    5.05928    1.00000    1.00000
     1.00000   -15.9090    26.8750   -1.32088    1.00000    1.00000
     1.00000    18.8729  -10.25397   -25.7032    1.00000    1.00000
     1.00000    6.09724    17.3601    39.4767    1.00000    1.00000
     1.00000   10.09637   -22.0457   -2.74483    1.00000    1.00000
     1.00000   -21.4699    44.6558    14.0358    1.00000    1.00000
     1.00000    11.9748   -35.5835    2.24175    1.00000    1.00000
     1.00000   0.488358    18.3868    2.19013    1.00000    1.00000
     1.00000   -8.19536   -17.7151   -13.1211    1.00000    1.00000
     1.00000   -25.6206    5.33289   -8.85362    1.00000    1.00000
     1.00000    21.7728   -8.80753   -34.7980    1.00000    1.00000
     1.00000    5.49590    20.6580    11.8683    1.00000    1.00000
     1.00000   -11.0737   -35.8689    11.1831    1.00000    1.00000
     1.00000   -13.2866    24.6928    20.0007    1.00000    1.00000
     1.00000    13.9124   -21.4025    12.0483    1.00000    1.00000
     1.00000    2.07915    17.0765   -16.5158    1.00000    1.00000
     1.00000   -23.8734    1.09731    3.04308    1.00000    1.00000
     1.00000   -16.0053    10.7859    8.57951    1.00000    1.00000
     1.00000    20.0677   -22.7188   -14.0241    1.00000    1.00000
     1.00000    1.83151    13.5080    35.6044    1.00000    1.00000
     1.00000    16.2420   -28.9756   -3.73104    1.00000    1.00000
     1.00000   -20.4007    43.3200    9.19450    1.00000    1.00000
     1.00000    20.3546   -27.9227   -9.66787    1.00000    1.00000
     1.00000    12.9758    6.08185   -15.6107    1.00000    1.00000
     1.00000   -4.62373   -6.92648   -16.1236    1.00000    1.00000
     1.00000   -17.0074    1.35835   -3.16531    1.00000    1.00000
     1.00000    21.2148   -6.41449   -40.3004    1.00000    1.00000
     1.00000   -7.91710    27.1753    6.63163    1.00000    1.00000
     1.00000   -14.9501   -31.6540   -5.36156    1.00000    1.00000
     1.00000   -15.7654    32.9600   10.41002    1.00000    1.00000
     1.00000    28.4904   -34.0243    25.9827    1.00000    1.00000
     1.00000    1.82387    7.56215   -8.39025    1.00000    1.00000
     1.00000   -3.92184   -14.1933    1.20609    1.00000    1.00000
     1.00000   -20.0061    18.5650    9.70456    1.00000    1.00000
     1.00000    13.7991   -5.68456   -19.4123    1.00000    1.00000
     1.00000    2.28174    15.7954    43.8205    1.00000    1.00000
     1.00000    4.56094   -23.8984   -13.4090    1.00000    1.00000
     1.00000   -28.3673    43.2686    9.62776    1.00000    1.00000
     1.00000    15.7601   -41.9228   -8.15423    1.00000    1.00000
     1.00000    1.96971    8.17313   -6.49139    1.00000    1.00000
     1.00000   -1.39066   -16.4290   -1.72385    1.00000    1.00000
     1.00000   -29.4207    5.14880   -7.61295    1.00000    1.00000
     1.00000    23.8604   -4.28458   -28.2441    1.00000    1.00000
     1.00000   0.685760    20.2980   10.54322    1.00000    1.00000
     1.00000   -4.61998   -35.5593    4.66513    1.00000    1.00000
     1.00000   -10.6324    29.0092    16.2543    1.00000    1.00000
     1.00000    12.5096   -39.5770    4.92884    1.00000    1.00000
     1.00000    15.2716    21.6960   -19.3554    1.00000    1.00000
     1.00000   -14.6373   -3.59094    3.88263    1.00000    1.00000
     1.00000   -17.1327    18.1394    13.1511    1.00000    1.00000
     1.00000    15.6330   -14.0285   -22.4702    1.00000    1.00000
     1.00000    6.15170    14.6313    26.1000    1.00000    1.00000
     1.00000    11.5425   -27.5753  -10.39056    1.00000    1.00000
     1.00000  -0.379425    46.5706   0.230301    1.00000    1.00000
     1.00000    18.3377   -34.9066   -4.35357    1.00000    1.00000
     1.00000    12.3950    6.80874   -4.99106    1.00000    1.00000
     1.00000   0.159073   -14.5882   -9.42486    1.00000    1.00000
     1.00000   -16.7547    6.47581    2.18077    1.00000    1.00000
     1.00000    26.2212   -6.57547   -39.2947    1.00000    1.00000
     1.00000    1.83823    33.0808    14.4966    1.00000    1.00000
     1.00000   -8.17709   -33.4732    2.29645E-03    1.00000    1.00000
     1.00000   -13.8744    33.6498    11.1385    1.00000    1.00000
     1.00000    26.5149   -27.4608    19.2765    1.00000    1.00000
     1.00000   -7.20259    10.8033   -11.5085    1.00000    1.00000
     1.00000   -13.8705   -12.0677    5.17316    1.00000    1.00000
     1.00000   -19.8608    24.4409    5.97237    1.00000    1.00000
     1.00000    20.8226   -13.9745   -22.4522    1.00000    1.00000
     1.00000    2.47432    21.7511    33.4536    1.00000    1.00000
     1.00000    5.64998   -28.7093    1.13952    1.00000    1.00000
     1.00000   -21.4478    48.2293    6.82160    1.00000    1.00000
     1.00000    11.1859   -34.5834   -4.06547    1.00000    1.00000
     1.00000    2.15047    12.2045   -2.62241    1.00000    1.00000
     1.00000   -7.34827   -19.2073   -4.63529    1.00000    1.00000
     1.00000   -29.1008    5.99259   -5.82809    1.00000    1.00000
     1.00000    17.0589   -5.13736   -29.2468    1.00000    1.00000
     1.00000    4.24405    18.6600    17.5318    1.00000    1.00000
     1.00000   -8.36375   -37.0207    8.08786    1.00000    1.00000
     1.00000   -8.52139    20.7072    17.1760    1.00000    1.00000
     1.00000    9.10541   -25.3011    8.83176    1.00000    1.00000
     1.00000    3.12787    8.99281   -11.7183    1.00000    1.00000
     1.00000   -22.3655   -3.40117    2.94141    1.00000    1.00000
     1.00000  -10.27643    14.0624    8.76854    1.00000    1.00000
     1.00000    19.5988   -19.0860   -21.8367    1.00000    1.00000
     1.00000    3.76950    15.0103    30.2462    1.00000    1.00000
     1.00000    18.9102   -27.8798    1.59411    1.00000    1.00000
     1.00000   -7.28789    44.4199   0.404144    1.00000    1.00000
     1.00000    16.1997   -27.2446   -16.9583    1.00000    1.00000
     1.00000    7.57568  -0.962982   -4.20502    1.00000    1.00000
     1.00000   0.769485   -8.78031   -8.64886    1.00000    1.00000
     1.00000   -19.8457    3.76935   -3.65501    1.00000    1.00000
     1.00000    21.0541   -6.64034   -38.1748    1.00000    1.00000
     1.00000   -6.84346    28.5931    12.5775    1.00000    1.00000
     1.00000   -13.8839   -29.0909    1.84600    1.00000    1.00000
     1.00000   -17.2338    32.9028    7.37727    1.00000    1.00000
     1.00000    20.7031   -34.9673    20.5620    1.00000    1.00000
     1.00000   -5.53461    9.81315   -11.0213    1.00000    1.00000
     1.00000   -6.83649   -16.1922  -0.294556    1.00000    1.00000
     1.00000   -13.6180    27.7069    8.36191    1.00000    1.00000
     1.00000    17.2936   -4.98735   -22.6454    1.00000    1.00000
     1.00000    5.47691    16.0397    40.8447    1.00000    1.00000
     1.00000    11.4309   -20.2027   -5.80004    1.00000    1.00000
     1.00000   -23.1479    48.1212    7.86944    1.00000    1.00000
     1.00000    13.0672   -37.5862   -3.29673    1.00000    1.00000
     1.00000    5.00359    5.06454   -8.96169    1.00000    1.00000
     1.00000    4.75073   -14.4042    1.27224    1.00000    1.00000
     1.00000   -33.7999    1.30640  -10.12047    1.00000    1.00000
     1.00000    26.0071   -1.05122   -32.4225    1.00000    1.00000
     1.00000  -0.625351    21.5551    9.70618    1.00000    1.00000
     1.00000   -2.39825   -29.1427    2.96638    1.00000    1.00000
     1.00000   -4.84912    23.9935    18.2786    1.00000    1.00000
     1.00000    12.6933   -35.1024    11.4075    1.00000    1.00000
     1.00000    6.87767    21.5316   -17.1913    1.00000    1.00000
     1.00000   -16.6228  -0.802917    9.59616    1.00000    1.00000
     1.00000   -15.2150    19.9035    10.5849    1.00000    1.00000
     1.00000    7.35173  -10.16524   -18.7368    1.00000    1.00000
     1.00000    1.12140    13.8467    21.1450    1.00000    1.00000
     1.00000    11.6208   -25.3386   -6.54374    1.00000    1.00000
     1.00000   0.400452    40.5044    1.87357    1.00000    1.00000
     1.00000    19.3231   -33.9536    1.51983    1.00000    1.00000
     1.00000    13.6364    4.40665   -12.5555    1.00000    1.00000
     1.00000    2.21956   -8.51427   -1.48119    1.00000    1.00000
     1.00000   -23.4222    6.15804   -4.50890    1.00000    1.00000
     1.00000    26.3366   -8.04710   -41.1306    1.00000    1.00000
