     1.00000    50.0638   -9.63302    5.49046    1.00000    1.00000
     1.00000   -39.0687    25.7118    3.40510    1.00000    1.00000
     1.00000   -9.02379    9.46142   -11.1098    1.00000    1.00000
     1.00000   -33.8102   -13.0440   -4.42419    1.00000    1.00000
     1.00000    39.3065   -13.8122   -3.32282    1.00000    1.00000
     1.00000   -33.5501    33.6462    31.6982    1.00000    1.00000
     1.00000    17.8251   -41.3125   -7.74454    1.00000    1.00000
     1.00000   -21.6665    28.0798    16.9993    1.00000    1.00000
     1.00000    52.2919   -17.4779    1.20717    1.00000    1.00000
     1.00000   -43.6392    25.5879   -18.7592    1.00000    1.00000
     1.00000   10.43345   -6.37969   -20.9860    1.00000    1.00000
     1.00000   -29.3750   -7.05543   -5.70975    1.00000    1.00000
     1.00000    43.2400   -9.92939    3.25926    1.00000    1.00000
     1.00000   -42.4425    21.2145    17.6806    1.00000    1.00000
     1.00000    36.4128   -26.3100   -24.6490    1.00000    1.00000
     1.00000   -16.0148    13.2649    7.69376    1.00000    1.00000
     1.00000    60.9049   -9.88808    21.4618    1.00000    1.00000
     1.00000   -34.7845    31.0086    9.62957    1.00000    1.00000
     1.00000   -13.6831    6.15189   -16.4696    1.00000    1.00000
     1.00000   -33.4890   -18.1552   -17.9473    1.00000    1.00000
     1.00000    36.9579   -14.7946   -9.22490    1.00000    1.00000
     1.00000   -34.2818    12.2878    28.8305    1.00000    1.00000
     1.00000    18.6152   -29.7564   -12.3414    1.00000    1.00000
     1.00000   -21.6086    35.3659    4.44248    1.00000    1.00000
     1.00000    55.3654   -22.1821    12.2410    1.00000    1.00000
     1.00000   -43.1616    23.5317   -7.32798    1.00000    1.00000
     1.00000    17.3283   -9.81956   -15.9536    1.00000    1.00000
     1.00000   -15.8869   -3.30106   -6.99837    1.00000    1.00000
     1.00000    60.0335   -5.47568    5.24662    1.00000    1.00000
     1.00000   -34.3378    16.3328    22.6076    1.00000    1.00000
     1.00000    32.6395   -21.8552   -16.0477    1.00000    1.00000
     1.00000   -18.8313    2.51009    12.2359    1.00000    1.00000
     1.00000    51.9740   -16.8953    11.2518    1.00000    1.00000
     1.00000   -30.9035    26.6758    11.7033    1.00000    1.00000
     1.00000   -3.02805    4.25724   -7.52775    1.00000    1.00000
     1.00000   -37.8680   -19.3693   -11.7502    1.00000    1.00000
     1.00000    48.1497   -20.0767   -9.52125    1.00000    1.00000
     1.00000   -33.3936    35.2023    35.8474    1.00000    1.00000
     1.00000    20.0909   -42.6928   -8.57594    1.00000    1.00000
     1.00000   -25.0553    20.2278    12.3371    1.00000    1.00000
     1.00000    50.2656   -26.2542   -3.23931    1.00000    1.00000
     1.00000   -52.7403    24.2773   -32.3612    1.00000    1.00000
     1.00000    5.18753  -10.55419   -13.8511    1.00000    1.00000
     1.00000   -32.1399   -2.75866   -9.62229    1.00000    1.00000
     1.00000    55.9592   -7.68631    2.46545    1.00000    1.00000
     1.00000   -40.4506    16.8524    14.9935    1.00000    1.00000
     1.00000    32.4037   -28.7803   -25.2889    1.00000    1.00000
     1.00000   -12.1465    5.83565  -0.987312    1.00000    1.00000
     1.00000    63.6167   -6.62809    34.4951    1.00000    1.00000
     1.00000   -36.8855    27.6469    13.6174    1.00000    1.00000
     1.00000   -9.60823   -3.05947   -8.09869    1.00000    1.00000
     1.00000   -32.2586   -7.53020   -18.4706    1.00000    1.00000
     1.00000    34.5928   -18.4739   -12.5567    1.00000    1.00000
     1.00000   -41.9402    29.7017    22.5245    1.00000    1.00000
     1.00000    6.92939   -33.0298   -8.70982    1.00000    1.00000
     1.00000   -13.6352    27.6660    18.5848    1.00000    1.00000
     1.00000    61.3346   -31.2854   10.04148    1.00000    1.00000
     1.00000   -44.8944    28.1936   -16.3387    1.00000    1.00000
     1.00000    33.8607   -5.75790   -21.0303    1.00000    1.00000
     1.00000   -20.3832    2.12156   -1.74915    1.00000    1.00000
     1.00000    50.1964  -0.926231    6.25581    1.00000    1.00000
     1.00000   -35.2734    20.0781    20.8885    1.00000    1.00000
     1.00000    20.8853   -21.7409   -20.3170    1.00000    1.00000
     1.00000   -9.92356    8.05283E-02   -3.16425    1.00000    1.00000
     1.00000    46.2421   -12.1914    9.37059    1.00000    1.00000
     1.00000   -38.8892    29.3945   0.481964    1.00000    1.00000
     1.00000   -8.07422    6.53786   -18.8934    1.00000    1.00000
     1.00000   -30.9672   -7.54252   -10.7971    1.00000    1.00000
     1.00000    38.0919   -13.6118   -1.74665    1.00000    1.00000
     1.00000   -28.5575    32.9946    26.3792    1.00000    1.00000
     1.00000    11.2160   -37.3349   -7.95965    1.00000    1.00000
     1.00000   -23.7183    33.5086    18.2496    1.00000    1.00000
     1.00000    48.9825   -13.3306    2.84562    1.00000    1.00000
     1.00000   -46.1808    22.4954   -26.6625    1.00000    1.00000
     1.00000    9.83167   -11.0350   -12.7534    1.00000    1.00000
     1.00000   -32.8503   -5.21839   -10.5845    1.00000    1.00000
     1.00000    50.0447   -8.90963   -4.57413    1.00000    1.00000
     1.00000   -43.2030    13.8614    16.5244    1.00000    1.00000
     1.00000    38.2743   -27.7947   -27.1136    1.00000    1.00000
     1.00000   -20.2793    17.6981    10.6190    1.00000    1.00000
     1.00000    58.3221   -13.0034    20.9387    1.00000    1.00000
     1.00000   -32.9339    33.3589    12.2000    1.00000    1.00000
     1.00000   -13.3543   0.881012   -7.87653    1.00000    1.00000
     1.00000   -34.7901   -20.3722   -12.6641    1.00000    1.00000
     1.00000    38.3978   -13.4184   -9.04448    1.00000    1.00000
     1.00000   -34.7049    17.2343    24.4487    1.00000    1.00000
     1.00000    12.8597   -36.1224   -14.0088    1.00000    1.00000
     1.00000   -18.2273    37.0343    12.3615    1.00000    1.00000
     1.00000    55.2153   -26.2826    5.66636    1.00000    1.00000
     1.00000   -44.3144    30.4547   -5.27120    1.00000    1.00000
     1.00000    19.7241   -20.1581   -11.4226    1.00000    1.00000
     1.00000   -14.0832    1.26936   -6.05503    1.00000    1.00000
     1.00000    53.3851   -2.73045    4.89404    1.00000    1.00000
     1.00000   -31.1075    15.9113    27.8346    1.00000    1.00000
     1.00000    22.7114   -21.8052   -21.1300    1.00000    1.00000
     1.00000   -15.6436    2.06796    1.65310    1.00000    1.00000
     1.00000    53.4424   -14.2939    17.7424    1.00000    1.00000
     1.00000   -34.8349    26.1819    9.16513    1.00000    1.00000
     1.00000   -4.32003    6.22467   -12.5796    1.00000    1.00000
     1.00000   -35.2777   -16.7986   -10.6925    1.00000    1.00000
     1.00000    46.3273   -14.1156   -10.8533    1.00000    1.00000
     1.00000   -36.6999    34.7492    35.1005    1.00000    1.00000
     1.00000    15.7482   -48.6571   -6.37089    1.00000    1.00000
     1.00000   -26.1079    23.0763    19.0560    1.00000    1.00000
     1.00000    54.1330   -22.9845    2.43430    1.00000    1.00000
     1.00000   -47.6803    31.7371   -28.4844    1.00000    1.00000
     1.00000   -2.47456   0.442497   -11.9729    1.00000    1.00000
     1.00000   -30.6186   -4.33704   -14.5429    1.00000    1.00000
     1.00000    51.0520   -9.09067   -2.61146    1.00000    1.00000
     1.00000   -39.9920    23.9884    12.6861    1.00000    1.00000
     1.00000    29.9330   -27.4215   -21.8423    1.00000    1.00000
     1.00000   -14.5791    9.67756    5.42049    1.00000    1.00000
     1.00000    60.4416   -7.49540    35.4785    1.00000    1.00000
     1.00000   -41.0016    29.8570   10.45380    1.00000    1.00000
     1.00000   -8.22552   -6.82309   -5.58060    1.00000    1.00000
     1.00000   -37.6533   -12.4490   -17.9252    1.00000    1.00000
     1.00000    33.5851   -15.3010   -18.6102    1.00000    1.00000
     1.00000   -41.1854    31.3210    21.6254    1.00000    1.00000
     1.00000    7.75011   -26.8443   -8.78364    1.00000    1.00000
     1.00000   -21.4315    34.0003    15.1903    1.00000    1.00000
     1.00000    52.4642   -27.5811    12.2972    1.00000    1.00000
     1.00000   -49.1320    30.7579   -12.7705    1.00000    1.00000
     1.00000    26.8270   -8.53168   -19.9501    1.00000    1.00000
     1.00000   -18.3939   0.450294   -2.06588    1.00000    1.00000
     1.00000    44.6494    1.69463    7.79083    1.00000    1.00000
     1.00000   -42.5930    23.1253    18.5246    1.00000    1.00000
     1.00000    16.6550   -25.7396   -16.4237    1.00000    1.00000
     1.00000   -13.0532    2.42408   0.338676    1.00000    1.00000
     1.00000    51.5837   -14.8560    7.31782    1.00000    1.00000
     1.00000   -36.0843    24.7620    3.62751    1.00000    1.00000
     1.00000   -6.09935    8.42675   -8.60677    1.00000    1.00000
     1.00000   -33.3369  -10.53660   -4.18592    1.00000    1.00000
     1.00000    44.9043   -9.98801   -9.41286    1.00000    1.00000
     1.00000   -30.7535    30.9153    27.6446    1.00000    1.00000
     1.00000    17.2178   -39.2225   -5.71133    1.00000    1.00000
     1.00000   -25.3432    26.2911    17.4604    1.00000    1.00000
     1.00000    54.8336   -21.7804    5.00546    1.00000    1.00000
     1.00000   -45.8905    26.0758   -21.7513    1.00000    1.00000
     1.00000    9.59123   -10.6329   -16.9646    1.00000    1.00000
     1.00000   -29.4921   -4.28774   -5.84257    1.00000    1.00000
     1.00000    44.8660   -9.22373   0.383743    1.00000    1.00000
     1.00000   -41.2339    20.5351    22.2647    1.00000    1.00000
     1.00000    36.3378   -23.7668   -28.6705    1.00000    1.00000
     1.00000   -16.5052    15.1895    7.45855    1.00000    1.00000
     1.00000    61.9886   -7.41281    30.6034    1.00000    1.00000
     1.00000   -37.2847    28.6710    11.3695    1.00000    1.00000
     1.00000   -14.2459    3.14291   -12.9390    1.00000    1.00000
     1.00000   -35.7151   -16.4698   -23.2265    1.00000    1.00000
     1.00000    37.0731   -16.5768  -10.12518    1.00000    1.00000
     1.00000   -33.3414    15.6521    26.7767    1.00000    1.00000
     1.00000    20.5165   -30.1280   -12.8383    1.00000    1.00000
     1.00000   -20.6798    36.1190    6.19586    1.00000    1.00000
     1.00000    54.9610   -23.5167    13.6747    1.00000    1.00000
     1.00000   -42.6873    26.6291   -9.30777    1.00000    1.00000
     1.00000    17.9265   -12.0617   -13.0246    1.00000    1.00000
     1.00000   -17.4000   -2.98879   -2.96485    1.00000    1.00000
     1.00000    54.8026   -5.38628    2.50051    1.00000    1.00000
     1.00000   -32.0274    14.8756    22.1518    1.00000    1.00000
     1.00000    30.3858   -24.7242   -17.5099    1.00000    1.00000
     1.00000   -15.8142    2.35409    8.63742    1.00000    1.00000
     1.00000    52.8844   -19.2355    11.2719    1.00000    1.00000
     1.00000   -29.8118    21.4924    14.9412    1.00000    1.00000
     1.00000   -4.01274    8.80975  -10.25080    1.00000    1.00000
     1.00000   -37.7753   -14.5009   -6.70052    1.00000    1.00000
     1.00000    45.4307   -17.8488   -6.99856    1.00000    1.00000
     1.00000   -33.7695    34.9493    33.1995    1.00000    1.00000
     1.00000    18.8879   -45.9558   -6.66261    1.00000    1.00000
     1.00000   -27.4560    20.2891    15.6398    1.00000    1.00000
     1.00000    53.8284   -26.9520   0.129257    1.00000    1.00000
     1.00000   -51.7166    28.6686   -31.2275    1.00000    1.00000
     1.00000    3.91836   -4.97477   -15.2759    1.00000    1.00000
     1.00000   -28.1828   -2.17335   -8.40864    1.00000    1.00000
     1.00000    56.7398   -9.13637  -0.166824    1.00000    1.00000
     1.00000   -41.2095    19.7717    13.9245    1.00000    1.00000
     1.00000    34.3695   -28.5789   -19.1309    1.00000    1.00000
     1.00000   -9.57607    8.71622   0.588036    1.00000    1.00000
     1.00000    63.9400   -2.92809    33.9686    1.00000    1.00000
     1.00000   -38.6662    31.7350    12.9629    1.00000    1.00000
     1.00000   -7.55383   -2.84227  -10.11102    1.00000    1.00000
     1.00000   -32.9248   -4.58939   -16.2780    1.00000    1.00000
     1.00000    33.2878   -19.2779   -16.1749    1.00000    1.00000
     1.00000   -43.6905    27.2612    27.3109    1.00000    1.00000
     1.00000    9.05095   -30.2048   -9.12490    1.00000    1.00000
     1.00000   -16.0757    31.2299    15.7770    1.00000    1.00000
     1.00000    61.2921   -30.3358    14.3434    1.00000    1.00000
     1.00000   -47.4720    24.3098   -14.2691    1.00000    1.00000
     1.00000    29.6942   -8.78863   -22.6603    1.00000    1.00000
     1.00000   -27.7010   -3.23383   -3.57661    1.00000    1.00000
     1.00000    49.3220    2.74134    6.53079    1.00000    1.00000
     1.00000   -29.7717    21.7490    19.3176    1.00000    1.00000
     1.00000    23.2041   -19.7458   -16.6665    1.00000    1.00000
     1.00000   -12.1256   0.935814   -5.81734    1.00000    1.00000
     1.00000    45.5705   -13.7794    4.48597    1.00000    1.00000
     1.00000   -37.9859    26.8865  -0.725784    1.00000    1.00000
     1.00000  -10.11985    8.94731   -14.5258    1.00000    1.00000
     1.00000   -32.4865   -13.1349   -8.69299    1.00000    1.00000
     1.00000    34.9277   -9.95627   -1.96684    1.00000    1.00000
     1.00000   -37.8644    31.2719    21.9610    1.00000    1.00000
     1.00000    15.3827   -42.1796   -7.59074    1.00000    1.00000
     1.00000   -26.0945    29.7730    16.9955    1.00000    1.00000
     1.00000    46.7853   -14.6779   0.196983    1.00000    1.00000
     1.00000   -44.6622    25.0128   -23.9427    1.00000    1.00000
     1.00000    15.5908   -15.1262  -10.14222    1.00000    1.00000
     1.00000   -28.4410   -7.70524   -9.28310    1.00000    1.00000
     1.00000    43.4184  -10.21512   -2.77288    1.00000    1.00000
     1.00000   -45.2368    17.1351    17.1700    1.00000    1.00000
     1.00000    40.0715   -27.8168   -23.8280    1.00000    1.00000
     1.00000   -21.4030    17.6498    7.67387    1.00000    1.00000
     1.00000    59.0956   -9.23136    17.5516    1.00000    1.00000
     1.00000   -30.6417    32.9906    17.4009    1.00000    1.00000
     1.00000   -13.9136    4.34704   -9.44382    1.00000    1.00000
     1.00000   -33.9299   -16.7098   -15.2326    1.00000    1.00000
     1.00000    38.7872  -10.52189   -12.2734    1.00000    1.00000
     1.00000   -37.5373    23.6386    25.3187    1.00000    1.00000
     1.00000    13.5283   -35.3944   -11.8160    1.00000    1.00000
     1.00000   -15.0432    34.4615    11.0052    1.00000    1.00000
     1.00000    56.7652   -26.2233    4.40371    1.00000    1.00000
     1.00000   -43.6729    27.5979   -6.23437    1.00000    1.00000
     1.00000    17.8054   -16.8790   -9.99747    1.00000    1.00000
     1.00000   -17.3364    4.49303   -6.02476    1.00000    1.00000
     1.00000    51.8336   -1.51949    5.24990    1.00000    1.00000
     1.00000   -28.2974    12.9954    27.8215    1.00000    1.00000
     1.00000    27.8859   -24.6809   -18.4468    1.00000    1.00000
     1.00000   -17.5086    6.40657    8.62952    1.00000    1.00000
     1.00000    57.2334   -13.0090    17.1469    1.00000    1.00000
     1.00000   -33.6712    28.6477   10.33360    1.00000    1.00000
     1.00000   -5.36419    5.72031   -8.64779    1.00000    1.00000
     1.00000   -34.3350   -14.5751   -12.5682    1.00000    1.00000
     1.00000    45.5741   -12.8032   -12.1611    1.00000    1.00000
     1.00000   -38.9288    34.5547    30.7734    1.00000    1.00000
     1.00000    17.1141   -50.2120   -11.0745    1.00000    1.00000
     1.00000   -25.8082    25.6887    25.0696    1.00000    1.00000
     1.00000    55.7517   -26.6897   0.610970    1.00000    1.00000
     1.00000   -45.0901    31.9929   -21.7824    1.00000    1.00000
     1.00000  -0.503998   -2.44238   -12.9695    1.00000    1.00000
     1.00000   -28.2802   -3.06174  -10.19785    1.00000    1.00000
     1.00000    49.1214   -9.12370  -0.275238    1.00000    1.00000
     1.00000   -40.3467    24.1199    16.3078    1.00000    1.00000
     1.00000    27.5237   -24.0765   -22.6355    1.00000    1.00000
     1.00000   -17.4735    7.20230    2.35017    1.00000    1.00000
     1.00000    65.9403   -11.3650    37.5900    1.00000    1.00000
     1.00000   -44.2365    33.9059    11.3609    1.00000    1.00000
     1.00000   -9.48750   -9.08120   -3.81435    1.00000    1.00000
     1.00000   -35.9616  -10.23121   -17.6418    1.00000    1.00000
     1.00000    33.9080   -11.9700   -18.6670    1.00000    1.00000
     1.00000   -40.9749    36.8388    24.3026    1.00000    1.00000
     1.00000    14.3131   -27.1601   -7.70043    1.00000    1.00000
     1.00000   -17.6641    32.1742    16.9345    1.00000    1.00000
     1.00000    52.3595   -23.9284    15.8626    1.00000    1.00000
     1.00000   -46.2511    30.1761   -9.89629    1.00000    1.00000
     1.00000    24.4263   -7.34216   -18.5878    1.00000    1.00000
     1.00000   -20.7569   -4.56702   -2.19610    1.00000    1.00000
     1.00000    47.8002    2.35632    9.53767    1.00000    1.00000
     1.00000   -38.0801    21.5574    19.2427    1.00000    1.00000
     1.00000    19.2922   -26.6122   -10.7786    1.00000    1.00000
     1.00000   -11.0592    1.37453   -2.14647    1.00000    1.00000
     1.00000    49.9563   -14.8638    6.15528    1.00000    1.00000
     1.00000   -37.7159    27.1235    2.98426    1.00000    1.00000
     1.00000   -6.94623    13.0688   -14.0666    1.00000    1.00000
     1.00000   -31.8183   -12.8864   -4.06615    1.00000    1.00000
     1.00000    42.2003   -10.7094   -4.28027    1.00000    1.00000
     1.00000   -32.6446    31.3128    29.1710    1.00000    1.00000
     1.00000    18.5122   -41.8562   -12.5532    1.00000    1.00000
     1.00000   -22.3521    26.3231    18.2543    1.00000    1.00000
     1.00000    50.1632   -15.6448  -0.435608    1.00000    1.00000
     1.00000   -44.7848    30.0187   -21.6843    1.00000    1.00000
     1.00000    8.74646   -8.18254   -17.9591    1.00000    1.00000
     1.00000   -32.7366   -7.38798   -6.14796    1.00000    1.00000
     1.00000    43.2560   -8.35019    1.18680    1.00000    1.00000
     1.00000   -42.8780    17.7483    17.8089    1.00000    1.00000
     1.00000    35.8323   -26.9977   -21.2331    1.00000    1.00000
     1.00000   -14.6156   10.19395    7.35233    1.00000    1.00000
     1.00000    62.9120   -9.75185    24.9160    1.00000    1.00000
     1.00000   -35.0324    32.9300   10.12643    1.00000    1.00000
     1.00000   -14.4411    7.61432   -15.3352    1.00000    1.00000
     1.00000   -31.2754   -15.0922   -19.0605    1.00000    1.00000
     1.00000    34.2827   -15.1762   -6.54375    1.00000    1.00000
     1.00000   -36.8622    14.6303    26.1860    1.00000    1.00000
     1.00000    16.5579   -28.6294   -11.7824    1.00000    1.00000
     1.00000   -20.8944    32.3334    6.61960    1.00000    1.00000
     1.00000    56.8425   -22.7435    11.0151    1.00000    1.00000
     1.00000   -41.7902    26.2255   -5.11665    1.00000    1.00000
     1.00000    20.1027   -11.1757   -16.1945    1.00000    1.00000
     1.00000   -15.1346   -2.47646   -5.33884    1.00000    1.00000
     1.00000    58.2427   -5.76874    2.52363    1.00000    1.00000
     1.00000   -32.6679    17.2061    19.1791    1.00000    1.00000
     1.00000    29.6664   -19.9770   -16.6136    1.00000    1.00000
     1.00000   -17.0342    2.56330    13.1120    1.00000    1.00000
     1.00000    52.8369   -16.5509    13.0229    1.00000    1.00000
     1.00000   -29.0296    26.4643    13.1631    1.00000    1.00000
     1.00000   -4.57468    3.29272   -6.70457    1.00000    1.00000
     1.00000   -39.0988   -16.3256   -9.49532    1.00000    1.00000
     1.00000    46.9478   -21.3672   -12.6270    1.00000    1.00000
     1.00000   -35.1941    36.7660    35.5058    1.00000    1.00000
     1.00000    17.9684   -43.1014   -6.86175    1.00000    1.00000
     1.00000   -21.8813    18.7644    11.1637    1.00000    1.00000
     1.00000    50.2594   -26.9287   -1.35651    1.00000    1.00000
     1.00000   -54.3284    27.6949   -30.5420    1.00000    1.00000
     1.00000    6.17665   -8.07400   -16.1606    1.00000    1.00000
     1.00000   -32.6624   -2.49526   -11.5348    1.00000    1.00000
     1.00000    57.6935   -7.72344    1.47006    1.00000    1.00000
     1.00000   -41.8906    19.4182    16.6547    1.00000    1.00000
     1.00000    32.6403   -29.6296   -23.4938    1.00000    1.00000
     1.00000   -10.7833    9.54867  -0.771965    1.00000    1.00000
     1.00000    64.3889   -4.30853    32.5928    1.00000    1.00000
     1.00000   -39.3722    28.4186    17.9284    1.00000    1.00000
     1.00000   -9.93906   -1.25542   -7.30121    1.00000    1.00000
     1.00000   -35.1281   -8.01095   -19.9210    1.00000    1.00000
     1.00000    33.4348   -19.5677  -10.01062    1.00000    1.00000
     1.00000   -38.3438    25.4116    23.2337    1.00000    1.00000
     1.00000    7.33075   -34.9070   -9.27119    1.00000    1.00000
     1.00000   -15.7778    30.0286    19.2748    1.00000    1.00000
     1.00000    59.4002   -33.0893    12.0359    1.00000    1.00000
     1.00000   -47.0017    26.0092   -16.4172    1.00000    1.00000
     1.00000    35.8218   -8.71569   -20.2419    1.00000    1.00000
     1.00000   -23.1796  -0.377602  -0.653625    1.00000    1.00000
     1.00000    52.1167   0.293839    6.32902    1.00000    1.00000
     1.00000   -31.4319    19.1575    21.2821    1.00000    1.00000
     1.00000    21.4026   -21.5636   -17.9033    1.00000    1.00000
     1.00000   -10.6466    1.34501   -4.53476    1.00000    1.00000
     1.00000    45.1384   -12.1125    7.70460    1.00000    1.00000
     1.00000   -39.3402    27.7349   -2.65442    1.00000    1.00000
     1.00000   -9.08749    7.39581   -17.3977    1.00000    1.00000
     1.00000   -32.3452   -9.88783   -8.45866    1.00000    1.00000
     1.00000    35.6334   -11.6104   -2.84194    1.00000    1.00000
     1.00000   -33.2884    30.9017    24.0968    1.00000    1.00000
     1.00000    12.9607   -34.3372   -9.13178    1.00000    1.00000
     1.00000   -24.1872    32.3507    15.8469    1.00000    1.00000
     1.00000    50.5007   -11.4321   0.921677    1.00000    1.00000
     1.00000   -46.7147    18.9816   -25.9650    1.00000    1.00000
     1.00000    11.8195   -13.4325   -12.1755    1.00000    1.00000
     1.00000   -30.2523   -7.26743   -8.55700    1.00000    1.00000
     1.00000    51.9772   -7.00247   -6.75890    1.00000    1.00000
     1.00000   -44.5052    12.3648    16.2709    1.00000    1.00000
     1.00000    38.7616   -29.6165   -26.4474    1.00000    1.00000
     1.00000   -18.3494    14.8255    10.6513    1.00000    1.00000
     1.00000    59.0423   -8.28823    19.3145    1.00000    1.00000
     1.00000   -32.4314    32.9336    14.0885    1.00000    1.00000
     1.00000   -10.9014    2.58974   -9.32368    1.00000    1.00000
     1.00000   -35.4336   -17.9735   -13.6042    1.00000    1.00000
     1.00000    36.0135   -11.2484   -11.3009    1.00000    1.00000
     1.00000   -37.5710    18.5622    24.2293    1.00000    1.00000
     1.00000    12.7253   -34.1621   -13.6357    1.00000    1.00000
     1.00000   -20.4160    37.4015   10.25095    1.00000    1.00000
     1.00000    57.4262   -27.1274    8.13723    1.00000    1.00000
     1.00000   -44.2867    30.8984   -7.22115    1.00000    1.00000
     1.00000    19.3464   -18.0681  -10.45707    1.00000    1.00000
     1.00000   -16.0174    2.81954   -6.35138    1.00000    1.00000
     1.00000    53.7155   -4.41707    3.87122    1.00000    1.00000
     1.00000   -30.6740    16.6324    25.1901    1.00000    1.00000
     1.00000    24.5971   -24.3242   -18.7388    1.00000    1.00000
     1.00000   -16.9052    3.87289    4.71996    1.00000    1.00000
     1.00000    54.1512   -14.0389    14.0652    1.00000    1.00000
     1.00000   -32.8591    25.9614    10.8403    1.00000    1.00000
     1.00000   -2.98670    3.66137   -10.7900    1.00000    1.00000
     1.00000   -33.5997   -15.2723   -10.8439    1.00000    1.00000
     1.00000    45.0935   -13.3223   -8.89108    1.00000    1.00000
     1.00000   -36.9692    34.6506    31.2780    1.00000    1.00000
     1.00000    17.8458   -47.0853   -4.77595    1.00000    1.00000
     1.00000   -25.9330    21.5749    15.8049    1.00000    1.00000
     1.00000    52.5887   -23.4585    3.61340    1.00000    1.00000
     1.00000   -49.6899    31.0585   -26.7656    1.00000    1.00000
     1.00000  -0.704269  -0.239647   -12.6059    1.00000    1.00000
     1.00000   -28.2612   -2.69047   -13.9467    1.00000    1.00000
     1.00000    49.4349   -7.94755   -2.33168    1.00000    1.00000
     1.00000   -41.3151    24.1977    14.2750    1.00000    1.00000
     1.00000    29.7890   -24.3250   -22.0692    1.00000    1.00000
     1.00000   -14.9795    8.25846    8.32596E-02    1.00000    1.00000
     1.00000    61.7419   -5.61160    37.5529    1.00000    1.00000
     1.00000   -40.7688    28.2514    11.6234    1.00000    1.00000
     1.00000   -6.53304   -7.87698   -5.73808    1.00000    1.00000
     1.00000   -38.4493   -13.8428   -15.1236    1.00000    1.00000
     1.00000    33.5427   -17.2944   -18.4537    1.00000    1.00000
     1.00000   -41.1403    32.2039    23.4194    1.00000    1.00000
     1.00000    10.7013   -28.8895   -10.8765    1.00000    1.00000
     1.00000   -22.2468    33.9078    13.2951    1.00000    1.00000
     1.00000    54.3556   -30.2261    12.4961    1.00000    1.00000
     1.00000   -48.1078    29.0423   -12.6817    1.00000    1.00000
     1.00000    29.1244   -8.01657   -20.9056    1.00000    1.00000
     1.00000   -21.4911   -2.83851   -1.50824    1.00000    1.00000
     1.00000    48.1393   -1.58987    7.40068    1.00000    1.00000
     1.00000   -39.8763    21.9493    21.0810    1.00000    1.00000
     1.00000    16.8272   -23.3170   -14.5715    1.00000    1.00000
     1.00000   -14.2187    3.46969    1.58298    1.00000    1.00000
     1.00000    48.9091   -17.4505    8.04101    1.00000    1.00000
     1.00000   -36.0278    24.0238    6.45802    1.00000    1.00000
     1.00000   -9.15779    9.50243   -9.11472    1.00000    1.00000
     1.00000   -33.4262   -11.6733   -5.82906    1.00000    1.00000
     1.00000    43.1309   -9.97412   -5.89067    1.00000    1.00000
     1.00000   -30.7419    31.8877    29.3923    1.00000    1.00000
     1.00000    20.0477   -39.4122   -6.47817    1.00000    1.00000
     1.00000   -24.5333    25.1956    18.9246    1.00000    1.00000
     1.00000    54.9110   -20.3954    1.26588    1.00000    1.00000
     1.00000   -46.9769    26.0232   -20.0729    1.00000    1.00000
     1.00000    9.70680  -10.04134   -15.0576    1.00000    1.00000
     1.00000   -27.4870   -6.78191   -3.60036    1.00000    1.00000
     1.00000    44.5695   -11.1378   0.882172    1.00000    1.00000
     1.00000   -41.6879    18.9074    20.1472    1.00000    1.00000
     1.00000    37.7633   -23.0799   -27.4474    1.00000    1.00000
     1.00000   -18.7895    14.4806    7.82710    1.00000    1.00000
     1.00000    61.8615   -8.64029    28.5256    1.00000    1.00000
     1.00000   -38.0878    29.0503    9.57749    1.00000    1.00000
     1.00000   -15.4141    4.73570   -13.2524    1.00000    1.00000
     1.00000   -33.8430   -17.1734   -23.2359    1.00000    1.00000
     1.00000    36.1755   -18.1817   -10.9118    1.00000    1.00000
     1.00000   -35.9316    14.9321    28.8238    1.00000    1.00000
     1.00000    19.4751   -31.8279   -14.2527    1.00000    1.00000
     1.00000   -21.1135    35.5767    9.82243    1.00000    1.00000
     1.00000    51.2052   -25.8378    13.6297    1.00000    1.00000
     1.00000   -39.5367    25.0413   -9.40166    1.00000    1.00000
     1.00000    16.6440  -10.53021   -12.9266    1.00000    1.00000
     1.00000   -16.5290   -5.15708   -6.21101    1.00000    1.00000
     1.00000    58.4171   -6.07950    6.25790    1.00000    1.00000
     1.00000   -32.4307    13.6885    23.7100    1.00000    1.00000
     1.00000    31.8736   -23.5095   -16.9523    1.00000    1.00000
     1.00000   -18.8300    3.91467    9.81672    1.00000    1.00000
     1.00000    51.0927   -17.7961    8.76714    1.00000    1.00000
     1.00000   -29.1016    23.9792    11.8936    1.00000    1.00000
     1.00000   -3.71909    8.42058   -12.1905    1.00000    1.00000
     1.00000   -36.7839   -13.3350   -8.80531    1.00000    1.00000
     1.00000    44.9648   -15.5135  -10.41792    1.00000    1.00000
     1.00000   -34.4278    37.1377    32.1926    1.00000    1.00000
     1.00000    17.8369   -42.4977   -3.74310    1.00000    1.00000
     1.00000   -29.0438    18.9714    15.6310    1.00000    1.00000
     1.00000    56.5091   -30.8961   -1.77949    1.00000    1.00000
     1.00000   -51.1793    31.1658   -28.0960    1.00000    1.00000
     1.00000    7.49295   -6.63021   -15.7330    1.00000    1.00000
     1.00000   -29.5683   -1.15696  -10.41387    1.00000    1.00000
     1.00000    55.1313   -8.49874   0.836205    1.00000    1.00000
     1.00000   -37.4671    22.1346   10.15443    1.00000    1.00000
     1.00000    32.4043   -27.8363   -16.8639    1.00000    1.00000
     1.00000   -6.70744    7.75965    4.34959    1.00000    1.00000
     1.00000    65.7612   -4.90941    36.3446    1.00000    1.00000
     1.00000   -38.3525    29.7862    12.6407    1.00000    1.00000
     1.00000   -6.49308   -5.79472   -9.14770    1.00000    1.00000
     1.00000   -30.5594   -8.05676   -17.5566    1.00000    1.00000
     1.00000    34.3459   -19.1077   -18.7124    1.00000    1.00000
     1.00000   -41.6760    30.1271    26.3276    1.00000    1.00000
     1.00000    9.01605   -32.5243   -4.68667    1.00000    1.00000
     1.00000   -14.1523    31.3642    14.2509    1.00000    1.00000
     1.00000    56.0695   -31.1630    12.0663    1.00000    1.00000
     1.00000   -47.4374    26.2688   -13.8676    1.00000    1.00000
     1.00000    33.3456   -10.6018   -20.9283    1.00000    1.00000
     1.00000   -23.0602   -4.23255  -0.948212    1.00000    1.00000
     1.00000    53.9719    4.76022    4.19753    1.00000    1.00000
     1.00000   -29.7625    19.9738    22.0215    1.00000    1.00000
     1.00000    21.5402   -20.6786   -14.1351    1.00000    1.00000
     1.00000   -11.6446   -2.97189   -5.50428    1.00000    1.00000
     1.00000    48.9194   -14.4635    4.49261    1.00000    1.00000
     1.00000   -41.0722    24.6322   -4.14408    1.00000    1.00000
     1.00000   -8.39968    9.61476   -13.7541    1.00000    1.00000
     1.00000   -31.1110   -11.0937   -7.44731    1.00000    1.00000
     1.00000    33.2779  -10.36491    1.30782    1.00000    1.00000
     1.00000   -34.8288    31.9233    23.3328    1.00000    1.00000
     1.00000    13.9007   -41.1520   -8.61797    1.00000    1.00000
     1.00000   -24.3970    30.8232    17.1208    1.00000    1.00000
     1.00000    48.5745   -14.4523  -0.667740    1.00000    1.00000
     1.00000   -44.3644    22.1406   -25.9042    1.00000    1.00000
     1.00000    13.5735   -14.0633   -11.4505    1.00000    1.00000
     1.00000   -23.5972   -7.61158   -6.62576    1.00000    1.00000
     1.00000    47.2587   -9.91375   -3.33527    1.00000    1.00000
     1.00000   -43.5349    17.9221    15.0371    1.00000    1.00000
     1.00000    42.6838   -28.2173   -24.3996    1.00000    1.00000
     1.00000   -22.4810    17.7188    5.99064    1.00000    1.00000
     1.00000    59.9882   -11.9455    16.7215    1.00000    1.00000
     1.00000   -29.6494    34.2289    18.7170    1.00000    1.00000
     1.00000   -12.4900    3.97388   -11.8167    1.00000    1.00000
     1.00000   -34.8699   -17.9176   -16.5201    1.00000    1.00000
     1.00000    40.6722   -13.1695  -10.39217    1.00000    1.00000
     1.00000   -37.8644    22.1829    23.9868    1.00000    1.00000
     1.00000    15.8209   -32.2389   -12.5255    1.00000    1.00000
     1.00000   -17.5627    33.9403    13.1022    1.00000    1.00000
     1.00000    56.9286   -24.9188    5.91088    1.00000    1.00000
     1.00000   -43.1729    28.9734   -8.13542    1.00000    1.00000
     1.00000    18.2944   -18.4703   -7.91602    1.00000    1.00000
     1.00000   -16.6819    1.04316   -5.47816    1.00000    1.00000
     1.00000    48.2135   -2.89536E-02    6.15247    1.00000    1.00000
     1.00000   -31.5747    14.1123    27.0960    1.00000    1.00000
     1.00000    26.1562   -25.6942   -15.3593    1.00000    1.00000
     1.00000   -16.4308    5.78678    5.05468    1.00000    1.00000
     1.00000    56.1492   -14.1269    14.0831    1.00000    1.00000
     1.00000   -31.9376    27.6511   10.29638    1.00000    1.00000
     1.00000   -9.56904    6.15858   -7.03780    1.00000    1.00000
     1.00000   -35.7428   -11.3166   -13.4613    1.00000    1.00000
     1.00000    48.6229   -13.0845   -14.6896    1.00000    1.00000
     1.00000   -40.0487    33.5658    29.4438    1.00000    1.00000
     1.00000    14.7054   -50.6556   -6.43807    1.00000    1.00000
     1.00000   -24.9701    23.9654    20.4398    1.00000    1.00000
     1.00000    57.7799   -28.5433    1.62012    1.00000    1.00000
     1.00000   -46.8830    32.8590   -26.6543    1.00000    1.00000
     1.00000   0.144615   -3.86808   -15.5816    1.00000    1.00000
     1.00000   -26.3733   -6.31345   -9.28796    1.00000    1.00000
     1.00000    48.8452   -9.84682   -2.11937    1.00000    1.00000
     1.00000   -37.8984    26.3770    14.7841    1.00000    1.00000
     1.00000    23.5569   -27.2894   -21.8802    1.00000    1.00000
     1.00000   -17.8329    5.43252    3.20963    1.00000    1.00000
     1.00000    64.9790   -9.28827    36.4554    1.00000    1.00000
     1.00000   -41.0265    34.6888    11.7827    1.00000    1.00000
     1.00000   -9.31853   -11.7112   -4.98594    1.00000    1.00000
     1.00000   -34.5996   -13.6941   -14.3830    1.00000    1.00000
     1.00000    35.4324   -13.3656   -16.7316    1.00000    1.00000
     1.00000   -43.6442    34.5683    23.1553    1.00000    1.00000
     1.00000    13.7372   -26.7830   -11.6149    1.00000    1.00000
     1.00000   -17.9031    33.7814    15.7684    1.00000    1.00000
     1.00000    54.7053   -25.8935    14.8417    1.00000    1.00000
     1.00000   -47.8876    30.8199   -8.38787    1.00000    1.00000
     1.00000    22.6592   -9.97882   -17.2059    1.00000    1.00000
     1.00000   -17.4538   -6.30204   -3.09779    1.00000    1.00000
     1.00000    49.5102    3.03382    8.75243    1.00000    1.00000
     1.00000   -36.1264    21.3791    19.6317    1.00000    1.00000
     1.00000    16.5153   -26.5568   -11.6394    1.00000    1.00000
     1.00000   -9.52380    1.62649  -0.889877    1.00000    1.00000
     1.00000    50.9421   -11.0607    6.58142    1.00000    1.00000
     1.00000   -38.5251    23.8635    3.94170    1.00000    1.00000
     1.00000   -8.56054    10.9912   -12.3120    1.00000    1.00000
     1.00000   -35.5103   -14.0294   -4.05151    1.00000    1.00000
     1.00000    41.0577   -12.9265   -3.70859    1.00000    1.00000
     1.00000   -33.5120    34.8476    30.0998    1.00000    1.00000
     1.00000    18.2042   -41.4371   -9.70432    1.00000    1.00000
     1.00000   -21.9612    30.0115    17.4257    1.00000    1.00000
     1.00000    52.0327   -15.7301   0.270012    1.00000    1.00000
     1.00000   -44.7899    26.4792   -20.1308    1.00000    1.00000
     1.00000    10.8709   -8.31629   -21.2273    1.00000    1.00000
     1.00000   -30.8915   -8.02978   -6.57633    1.00000    1.00000
     1.00000    43.9022   -8.05317    3.05608    1.00000    1.00000
     1.00000   -41.9195    22.3642    16.1299    1.00000    1.00000
     1.00000    37.9252   -26.2035   -25.9534    1.00000    1.00000
     1.00000   -14.3502    12.1594    7.61066    1.00000    1.00000
     1.00000    61.9503   -9.76581    23.1624    1.00000    1.00000
     1.00000   -34.0970    29.8056    8.18722    1.00000    1.00000
     1.00000   -11.8741    6.54086   -15.7106    1.00000    1.00000
     1.00000   -33.8720   -18.2184   -19.9092    1.00000    1.00000
     1.00000    35.2445   -15.2433   -8.29603    1.00000    1.00000
     1.00000   -36.1293    12.9711    28.4843    1.00000    1.00000
     1.00000    16.7576   -30.4718   -12.5346    1.00000    1.00000
     1.00000   -22.4814    35.5801    2.65576    1.00000    1.00000
     1.00000    53.5809   -21.8403    11.4051    1.00000    1.00000
     1.00000   -42.0203    25.0595   -6.72523    1.00000    1.00000
     1.00000    18.2862   -11.2058   -17.0310    1.00000    1.00000
     1.00000   -14.1402   -2.39260   -7.35027    1.00000    1.00000
     1.00000    59.2941   -6.76165    3.90516    1.00000    1.00000
     1.00000   -34.7180    18.1800    21.9419    1.00000    1.00000
     1.00000    33.7228   -21.3331   -17.6457    1.00000    1.00000
     1.00000   -19.5298    2.13419   10.39993    1.00000    1.00000
     1.00000    52.4598   -16.4624    9.36056    1.00000    1.00000
     1.00000   -30.6277    24.9746    12.7182    1.00000    1.00000
     1.00000   -3.09793    5.91510   -8.64426    1.00000    1.00000
     1.00000   -36.1677   -18.5435   -11.0966    1.00000    1.00000
     1.00000    46.5610   -18.9128   -9.17271    1.00000    1.00000
     1.00000   -35.2813    35.0235    36.4834    1.00000    1.00000
     1.00000    19.5389   -44.2154   -7.40253    1.00000    1.00000
     1.00000   -26.5820    19.8726    13.5792    1.00000    1.00000
     1.00000    51.9629   -25.4224   -3.89312    1.00000    1.00000
     1.00000   -51.8773    26.0788   -32.2625    1.00000    1.00000
     1.00000    4.77946   -9.11964   -15.1836    1.00000    1.00000
     1.00000   -32.2404   -1.08314   -8.53484    1.00000    1.00000
     1.00000    55.3450   -8.16350    4.30801    1.00000    1.00000
     1.00000   -41.1093    15.0054    14.6004    1.00000    1.00000
     1.00000    31.2071   -27.2134   -24.9524    1.00000    1.00000
     1.00000   -13.2469    7.42046  -0.460564    1.00000    1.00000
     1.00000    63.6834   -7.21397    36.4062    1.00000    1.00000
     1.00000   -37.6989    29.2688    14.4587    1.00000    1.00000
     1.00000   -8.85548   -4.63291   -7.12008    1.00000    1.00000
     1.00000   -33.6638   -6.68356   -19.6146    1.00000    1.00000
     1.00000    35.5022   -19.9500   -11.5597    1.00000    1.00000
     1.00000   -40.9182    27.9987    22.2895    1.00000    1.00000
     1.00000    8.33938   -33.3004  -10.10220    1.00000    1.00000
     1.00000   -15.5778    28.1032    18.7719    1.00000    1.00000
     1.00000    59.7164   -31.2923    11.2168    1.00000    1.00000
     1.00000   -44.8635    26.5943   -17.5392    1.00000    1.00000
     1.00000    34.8285   -7.45952   -21.4399    1.00000    1.00000
     1.00000   -21.9176    1.15304  -0.907936    1.00000    1.00000
     1.00000    50.2913    1.06046    6.04589    1.00000    1.00000
     1.00000   -33.3943    19.5417    21.3145    1.00000    1.00000
     1.00000    20.3431   -20.3024   -19.0377    1.00000    1.00000
     1.00000   -8.59438    1.35775   -3.94012    1.00000    1.00000
     1.00000    45.7182   -14.0712    9.80888    1.00000    1.00000
     1.00000   -39.9492    28.3436  -0.849274    1.00000    1.00000
     1.00000   -6.61949    7.29933   -17.7515    1.00000    1.00000
     1.00000   -30.4261   -9.27634   -11.6344    1.00000    1.00000
     1.00000    36.2935   -13.4843   -2.61256    1.00000    1.00000
     1.00000   -30.3912    32.7785    25.6105    1.00000    1.00000
     1.00000    12.8975   -38.1929   -7.29908    1.00000    1.00000
     1.00000   -22.0130    34.1123    19.1025    1.00000    1.00000
     1.00000    48.6575   -11.7923    1.60947    1.00000    1.00000
     1.00000   -46.0035    20.8138   -25.5944    1.00000    1.00000
     1.00000    7.90918  -10.48916   -12.8311    1.00000    1.00000
     1.00000   -33.9707   -5.95374   -9.09995    1.00000    1.00000
     1.00000    50.1984   -7.67622   -6.14100    1.00000    1.00000
     1.00000   -42.0195    15.3525    17.1379    1.00000    1.00000
     1.00000    37.3269   -27.4984   -28.8499    1.00000    1.00000
     1.00000   -19.7781    19.6186   10.37310    1.00000    1.00000
     1.00000    59.3408   -11.6335    19.8968    1.00000    1.00000
     1.00000   -33.7143    34.3426    10.6433    1.00000    1.00000
     1.00000   -11.4114    1.35359   -7.83648    1.00000    1.00000
     1.00000   -33.4425   -20.2441   -11.1918    1.00000    1.00000
     1.00000    38.9904   -14.2012   -10.7869    1.00000    1.00000
     1.00000   -35.6385    18.8929    23.8342    1.00000    1.00000
     1.00000    14.6717   -36.4022   -14.8076    1.00000    1.00000
     1.00000   -17.7496    35.7860    13.8493    1.00000    1.00000
     1.00000    56.4433   -27.6398    6.47256    1.00000    1.00000
     1.00000   -46.1539    30.1917   -4.53164    1.00000    1.00000
     1.00000    19.7080   -20.7408   -13.3358    1.00000    1.00000
     1.00000   -14.8126  -0.587334   -5.91115    1.00000    1.00000
     1.00000    53.8708   -1.56055    3.34631    1.00000    1.00000
     1.00000   -29.5353    16.6374    26.8342    1.00000    1.00000
     1.00000    23.3829   -23.1671   -19.8284    1.00000    1.00000
     1.00000   -16.0078    3.49427   0.299232    1.00000    1.00000
     1.00000    54.4804   -13.2819    16.3646    1.00000    1.00000
     1.00000   -36.0683    27.2556    8.01359    1.00000    1.00000
     1.00000   -5.24812    4.63585   -11.7959    1.00000    1.00000
     1.00000   -35.2303   -15.3245   -9.34169    1.00000    1.00000
     1.00000    47.8651   -15.3943   -10.8499    1.00000    1.00000
     1.00000   -36.2653    34.6717    33.1499    1.00000    1.00000
     1.00000    14.5410   -48.7834   -7.96049    1.00000    1.00000
     1.00000   -25.1629    22.1420    17.5614    1.00000    1.00000
     1.00000    54.8497   -24.8453    2.58822    1.00000    1.00000
     1.00000   -48.1437    29.8061   -28.7220    1.00000    1.00000
     1.00000   -1.74464    2.19767   -11.3512    1.00000    1.00000
     1.00000   -28.6325   -4.49987   -14.7137    1.00000    1.00000
     1.00000    52.1676   -7.96713   -1.38958    1.00000    1.00000
     1.00000   -41.8229    24.3391    11.9618    1.00000    1.00000
     1.00000    30.3516   -26.2606   -23.4161    1.00000    1.00000
     1.00000   -14.4459    8.26582    4.01008    1.00000    1.00000
     1.00000    61.0078   -8.92443    36.7580    1.00000    1.00000
     1.00000   -40.0363    31.5820   10.14983    1.00000    1.00000
     1.00000   -8.73825   -4.93916   -5.14715    1.00000    1.00000
     1.00000   -36.4776   -12.2480   -16.3197    1.00000    1.00000
     1.00000    31.7127   -16.0017   -18.5553    1.00000    1.00000
     1.00000   -39.9591    31.5954    20.0695    1.00000    1.00000
     1.00000    7.05565   -28.3627   -9.88467    1.00000    1.00000
     1.00000   -20.1404    34.1748    16.7077    1.00000    1.00000
     1.00000    54.1017   -26.9892    13.2812    1.00000    1.00000
     1.00000   -48.2620    31.0659   -10.9962    1.00000    1.00000
     1.00000    25.2406   -9.14259   -18.8965    1.00000    1.00000
     1.00000   -18.6269   -1.43130   -2.70249    1.00000    1.00000
     1.00000    46.3972    1.24060    8.65054    1.00000    1.00000
     1.00000   -42.8733    24.8800    17.6067    1.00000    1.00000
     1.00000    17.6634   -25.1177   -14.8124    1.00000    1.00000
     1.00000   -12.4216    2.70629   -1.53786    1.00000    1.00000
     1.00000    50.2501   -15.9874    8.28813    1.00000    1.00000
     1.00000   -37.3269    24.8650    5.19124    1.00000    1.00000
     1.00000   -7.23051    9.75372   -9.58637    1.00000    1.00000
     1.00000   -35.1502   -11.1795   -3.63938    1.00000    1.00000
     1.00000    46.1199   -11.4108   -8.70713    1.00000    1.00000
     1.00000   -30.8709    30.2095    25.7770    1.00000    1.00000
     1.00000    17.0330   -41.2126   -5.63746    1.00000    1.00000
     1.00000   -27.2637    25.7456    17.3407    1.00000    1.00000
     1.00000    54.8418   -20.9490    3.18649    1.00000    1.00000
     1.00000   -44.8322    24.4044   -22.0451    1.00000    1.00000
     1.00000    8.00677  -10.03934   -18.0310    1.00000    1.00000
     1.00000   -28.0141   -5.60004   -5.53690    1.00000    1.00000
     1.00000    43.6887   -8.98923   -1.21592    1.00000    1.00000
     1.00000   -41.6148    20.8972    20.3350    1.00000    1.00000
     1.00000    35.1827   -25.3020   -29.2262    1.00000    1.00000
     1.00000   -18.1196    16.2562    6.95267    1.00000    1.00000
     1.00000    63.0466   -5.72911    30.8178    1.00000    1.00000
     1.00000   -35.6533    29.7259    10.8944    1.00000    1.00000
     1.00000   -13.1121    1.50272   -12.7828    1.00000    1.00000
     1.00000   -37.7000   -16.2794   -23.0720    1.00000    1.00000
     1.00000    37.7522   -17.8146   -8.70859    1.00000    1.00000
     1.00000   -35.0945    16.4580    26.2501    1.00000    1.00000
     1.00000    20.8423   -29.9994   -14.8074    1.00000    1.00000
     1.00000   -22.2231    37.3894    6.12864    1.00000    1.00000
     1.00000    53.6311   -24.4580    12.5148    1.00000    1.00000
     1.00000   -41.1696    25.6662   -8.43060    1.00000    1.00000
     1.00000    18.4077   -13.7641   -12.0916    1.00000    1.00000
     1.00000   -16.9664   -4.09338   -4.57480    1.00000    1.00000
     1.00000    56.3917   -5.97247    3.56405    1.00000    1.00000
     1.00000   -31.3733    15.9705    20.6112    1.00000    1.00000
     1.00000    29.2326   -23.2288   -18.1684    1.00000    1.00000
     1.00000   -16.8495    3.64146    9.76479    1.00000    1.00000
     1.00000    52.7808   -18.6974    9.34841    1.00000    1.00000
     1.00000   -29.3818    22.7221    13.4236    1.00000    1.00000
     1.00000   -4.37077    7.44631   -8.83204    1.00000    1.00000
     1.00000   -37.8651   -15.0087   -8.63290    1.00000    1.00000
     1.00000    44.6823   -18.9538   -8.48814    1.00000    1.00000
     1.00000   -32.3751    36.2054    32.5084    1.00000    1.00000
     1.00000    19.4726   -45.9221   -4.75025    1.00000    1.00000
     1.00000   -28.4800    20.3997    13.9254    1.00000    1.00000
     1.00000    54.3280   -28.8023  -0.442116    1.00000    1.00000
     1.00000   -51.5685    28.5041   -29.2398    1.00000    1.00000
     1.00000    2.95126   -3.99300   -13.8264    1.00000    1.00000
     1.00000   -28.8335  -0.853661   -7.05400    1.00000    1.00000
     1.00000    56.6307   -9.23817   -2.16125    1.00000    1.00000
     1.00000   -40.2621    21.0901    12.7565    1.00000    1.00000
     1.00000    34.8465   -28.7300   -21.0673    1.00000    1.00000
     1.00000   -7.79299    7.97795    1.11297    1.00000    1.00000
     1.00000    65.1023   -4.46306    34.5098    1.00000    1.00000
     1.00000   -40.1661    33.0180    13.2859    1.00000    1.00000
     1.00000   -8.94181   -1.40230  -10.11350    1.00000    1.00000
     1.00000   -32.1765   -6.42504   -16.0127    1.00000    1.00000
     1.00000    34.0034   -18.5216   -14.4673    1.00000    1.00000
     1.00000   -43.1498    28.7885    26.1383    1.00000    1.00000
     1.00000    8.42790   -31.8324   -8.14359    1.00000    1.00000
     1.00000   -17.4687    30.9442    14.3707    1.00000    1.00000
     1.00000    59.5339   -30.9946    13.6544    1.00000    1.00000
     1.00000   -45.6058    24.6589   -14.8981    1.00000    1.00000
     1.00000    29.7860  -10.36046   -21.4271    1.00000    1.00000
     1.00000   -26.6388   -4.63241   -2.61966    1.00000    1.00000
     1.00000    51.2165    2.99755    5.94309    1.00000    1.00000
     1.00000   -30.5231    21.6139    21.1662    1.00000    1.00000
     1.00000    23.4520   -21.6490   -17.2288    1.00000    1.00000
     1.00000   -11.9549   -1.05120   -5.96767    1.00000    1.00000
     1.00000    44.9775   -12.4538    3.11079    1.00000    1.00000
     1.00000   -38.8121    25.1700   -1.33509    1.00000    1.00000
     1.00000  -10.38721    6.96701   -14.4427    1.00000    1.00000
     1.00000   -30.6594   -12.9905   -7.89228    1.00000    1.00000
     1.00000    36.0151  -10.22887  -0.310539    1.00000    1.00000
     1.00000   -39.1335    32.8116    21.8239    1.00000    1.00000
     1.00000    15.0711   -41.0326   -5.98220    1.00000    1.00000
     1.00000   -26.1104    30.7807    18.7230    1.00000    1.00000
     1.00000    46.0099   -16.4995   0.481178    1.00000    1.00000
     1.00000   -45.5481    26.7969   -24.1221    1.00000    1.00000
     1.00000    16.0501   -16.8946   -10.9558    1.00000    1.00000
     1.00000   -26.5506   -8.28066   -8.97391    1.00000    1.00000
     1.00000    45.2846   -9.62830   -3.18841    1.00000    1.00000
     1.00000   -43.5116    16.4675    16.4096    1.00000    1.00000
     1.00000    41.0140   -28.4430   -25.4771    1.00000    1.00000
     1.00000   -19.9242    18.4557    8.75251    1.00000    1.00000
     1.00000    57.2001   -9.69153    17.9940    1.00000    1.00000
     1.00000   -30.7302    31.0287    17.0226    1.00000    1.00000
     1.00000   -11.9725    4.17887   -9.89571    1.00000    1.00000
     1.00000   -33.4360   -14.8021   -15.5741    1.00000    1.00000
     1.00000    39.1672   -12.0571   -13.4977    1.00000    1.00000
     1.00000   -36.8343    25.3431    24.5439    1.00000    1.00000
     1.00000    14.4532   -34.2513  -10.46031    1.00000    1.00000
     1.00000   -15.9361    33.1627    12.2363    1.00000    1.00000
     1.00000    57.0203   -27.9952    3.51200    1.00000    1.00000
     1.00000   -44.9781    27.8131   -7.73447    1.00000    1.00000
     1.00000    18.4589   -15.0841   -10.5899    1.00000    1.00000
     1.00000   -16.5885    5.09283   -7.77999    1.00000    1.00000
     1.00000    50.1880   -1.64169    4.11988    1.00000    1.00000
     1.00000   -28.4105    11.0277    28.1611    1.00000    1.00000
     1.00000    29.0641   -26.2928   -18.3305    1.00000    1.00000
     1.00000   -18.0892    8.30181    8.89582    1.00000    1.00000
     1.00000    56.3658   -11.7434    15.8642    1.00000    1.00000
     1.00000   -32.3584    29.5840    9.15049    1.00000    1.00000
     1.00000   -6.07158    5.39627   -6.80534    1.00000    1.00000
     1.00000   -35.9121   -13.3921   -12.9045    1.00000    1.00000
     1.00000    45.9523   -10.9612   -12.8423    1.00000    1.00000
     1.00000   -39.1396    36.4679    31.3166    1.00000    1.00000
     1.00000    17.0720   -50.7593   -9.15130    1.00000    1.00000
     1.00000   -24.7987    24.8575    23.5564    1.00000    1.00000
     1.00000    55.9693   -26.5025    2.59028    1.00000    1.00000
     1.00000   -45.4434    32.4102   -23.7062    1.00000    1.00000
     1.00000    1.39720   -2.77965   -13.4908    1.00000    1.00000
     1.00000   -29.8449   -3.30535   -11.4194    1.00000    1.00000
     1.00000    47.7690   -7.83376  -0.987259    1.00000    1.00000
     1.00000   -41.7412    25.4507    15.7745    1.00000    1.00000
     1.00000    26.2178   -24.5621   -21.2007    1.00000    1.00000
     1.00000   -16.6455    7.24622   0.530113    1.00000    1.00000
     1.00000    64.5461  -10.08566    38.2378    1.00000    1.00000
     1.00000   -42.3932    33.2293    11.7408    1.00000    1.00000
     1.00000   -9.74598   -9.64338   -5.71622    1.00000    1.00000
     1.00000   -34.1326   -10.8901   -17.1722    1.00000    1.00000
     1.00000    35.8123   -11.8258   -19.2609    1.00000    1.00000
     1.00000   -41.7750    35.1925    23.4966    1.00000    1.00000
     1.00000    14.2296   -26.8793   -9.67886    1.00000    1.00000
     1.00000   -16.8565    30.4927    17.6558    1.00000    1.00000
     1.00000    52.9476   -23.8556    17.7728    1.00000    1.00000
     1.00000   -46.3854    29.3513   -11.7134    1.00000    1.00000
     1.00000    22.6933   -8.13595   -17.9822    1.00000    1.00000
     1.00000   -18.8631   -5.21014   -2.19139    1.00000    1.00000
     1.00000    47.3693    4.19408   10.19874    1.00000    1.00000
     1.00000   -38.5103    23.1916    20.3124    1.00000    1.00000
     1.00000    18.7868   -27.7638   -12.3338    1.00000    1.00000
     1.00000   -11.1693   0.160500  -0.560913    1.00000    1.00000
     1.00000    50.3851   -12.9122    6.06966    1.00000    1.00000
     1.00000   -38.9782    28.4999    2.26852    1.00000    1.00000
     1.00000   -6.74893    11.8117   -12.5235    1.00000    1.00000
     1.00000   -32.5654   -14.5200   -4.94564    1.00000    1.00000
     1.00000    42.9741   -12.5482   -4.13790    1.00000    1.00000
     1.00000   -32.4175    32.1706    30.9634    1.00000    1.00000
     1.00000    19.5970   -41.0412   -11.0839    1.00000    1.00000
     1.00000   -20.9489    26.2204    16.8328    1.00000    1.00000
     1.00000    50.8103   -13.7537  -0.366379    1.00000    1.00000
     1.00000   -44.3665    28.3673   -20.6365    1.00000    1.00000
     1.00000   10.08405   -7.94377   -19.4267    1.00000    1.00000
     1.00000   -34.2195   -6.57374   -7.21482    1.00000    1.00000
     1.00000    41.5420   -7.36108    1.47631    1.00000    1.00000
     1.00000   -43.6199    19.5982    17.6433    1.00000    1.00000
     1.00000    35.2408   -26.3456   -23.0288    1.00000    1.00000
     1.00000   -12.8029    10.8464    6.81530    1.00000    1.00000
     1.00000    62.7220   -8.98533    26.7535    1.00000    1.00000
     1.00000   -36.8572    33.7461   10.06289    1.00000    1.00000
     1.00000   -15.3093    6.65318   -13.8113    1.00000    1.00000
     1.00000   -32.2320   -16.8203   -18.7459    1.00000    1.00000
     1.00000    35.1157   -14.5942   -4.82114    1.00000    1.00000
     1.00000   -35.5459    13.1777    26.5825    1.00000    1.00000
     1.00000    15.5600   -28.3184  -10.07728    1.00000    1.00000
     1.00000   -21.2606    34.2117    6.03831    1.00000    1.00000
     1.00000    56.4045   -24.6949    11.0052    1.00000    1.00000
     1.00000   -41.7136    28.2241   -5.12041    1.00000    1.00000
     1.00000    20.4589   -9.70856   -14.8828    1.00000    1.00000
     1.00000   -15.2115   -3.24728   -3.49495    1.00000    1.00000
     1.00000    59.7408   -5.83488    1.20023    1.00000    1.00000
     1.00000   -33.1323    16.7982    21.0812    1.00000    1.00000
     1.00000    30.9053   -21.0473   -15.4648    1.00000    1.00000
     1.00000   -16.1294    2.10761    14.8365    1.00000    1.00000
     1.00000    52.4844   -16.1104    14.9417    1.00000    1.00000
     1.00000   -29.1070    25.9306    11.2372    1.00000    1.00000
     1.00000   -3.00905    2.70326   -5.60853    1.00000    1.00000
     1.00000   -38.6581   -17.9053   -10.6400    1.00000    1.00000
     1.00000    47.1632   -21.4099   -10.6391    1.00000    1.00000
     1.00000   -34.0489    37.6085    34.0991    1.00000    1.00000
     1.00000    16.4726   -43.2979   -5.54867    1.00000    1.00000
     1.00000   -23.0838    20.1133    12.0208    1.00000    1.00000
     1.00000    52.1506   -27.3683  -0.876579    1.00000    1.00000
     1.00000   -52.4755    26.9425   -30.5607    1.00000    1.00000
     1.00000    6.59859   -8.61912   -18.0380    1.00000    1.00000
     1.00000   -31.4457  -0.974785   -11.0789    1.00000    1.00000
     1.00000    56.8479   -5.94887    1.10165    1.00000    1.00000
     1.00000   -40.4037    18.7938    15.4719    1.00000    1.00000
     1.00000    33.5494   -28.1643   -22.4806    1.00000    1.00000
     1.00000   -11.9461    8.24033   -1.73955    1.00000    1.00000
     1.00000    63.0007   -5.73067    32.8173    1.00000    1.00000
     1.00000   -38.2393    28.8603    16.3405    1.00000    1.00000
     1.00000  -10.14242   -2.17438E-03   -8.84653    1.00000    1.00000
     1.00000   -36.5096   -8.55195   -18.5798    1.00000    1.00000
     1.00000    32.8271   -18.5479   -11.6202    1.00000    1.00000
     1.00000   -39.2260    27.1889    22.9826    1.00000    1.00000
     1.00000    6.10722   -35.0921   -7.69996    1.00000    1.00000
     1.00000   -14.4842    29.6294    17.8027    1.00000    1.00000
     1.00000    60.9330   -32.8542    13.2990    1.00000    1.00000
     1.00000   -45.4947    26.6237   -15.2547    1.00000    1.00000
     1.00000    35.3383   -10.5862   -20.7589    1.00000    1.00000
     1.00000   -23.0087   -2.33953  -0.304909    1.00000    1.00000
     1.00000    52.2810   0.675003    4.37257    1.00000    1.00000
     1.00000   -31.1712    17.3790    22.1590    1.00000    1.00000
     1.00000    20.1240   -22.3110   -16.5592    1.00000    1.00000
     1.00000   -9.89820  -0.327003   -5.33739    1.00000    1.00000
     1.00000    45.0252   -13.6278    6.40422    1.00000    1.00000
     1.00000   -37.3964    27.2674   -2.59858    1.00000    1.00000
     1.00000   -8.63036    8.17134   -15.6117    1.00000    1.00000
     1.00000   -30.8397   -8.97810   -9.41048    1.00000    1.00000
     1.00000    35.6964   -12.7051   -4.51460    1.00000    1.00000
     1.00000   -32.1024    31.7538    25.4633    1.00000    1.00000
     1.00000    12.7679   -36.2618   -8.62293    1.00000    1.00000
     1.00000   -22.5692    33.2200    16.6383    1.00000    1.00000
     1.00000    51.8010  -10.01004   0.386024    1.00000    1.00000
     1.00000   -44.8328    18.8445   -25.3017    1.00000    1.00000
     1.00000    9.95909   -13.0306   -12.7897    1.00000    1.00000
     1.00000   -32.0419   -6.43519   -8.88078    1.00000    1.00000
     1.00000    52.9300   -7.07548   -5.00193    1.00000    1.00000
     1.00000   -42.9942    11.7607    17.4336    1.00000    1.00000
     1.00000    38.6861   -29.0815   -24.5218    1.00000    1.00000
     1.00000   -19.5745    16.0978    11.5896    1.00000    1.00000
     1.00000    60.2340   -9.87271    19.5777    1.00000    1.00000
     1.00000   -31.6539    33.6247    15.7967    1.00000    1.00000
     1.00000   -9.64330    1.33749  -10.24517    1.00000    1.00000
     1.00000   -35.6506   -19.8049   -14.3780    1.00000    1.00000
     1.00000    37.1841   -12.0870   -9.91294    1.00000    1.00000
     1.00000   -37.6207    20.3254    23.2867    1.00000    1.00000
     1.00000    14.5146   -33.7155   -12.8618    1.00000    1.00000
     1.00000   -19.3372    35.9480    11.1014    1.00000    1.00000
     1.00000    57.2456   -25.6291    9.44963    1.00000    1.00000
     1.00000   -43.1748    31.9967   -5.97315    1.00000    1.00000
     1.00000    18.2694   -19.7197  -10.12196    1.00000    1.00000
     1.00000   -14.1381    3.25520   -5.82388    1.00000    1.00000
     1.00000    54.3310   -5.13419    5.63384    1.00000    1.00000
     1.00000   -32.2812    17.6475    24.5684    1.00000    1.00000
     1.00000    26.3952   -23.7363   -19.3878    1.00000    1.00000
     1.00000   -16.1902    3.54954    2.88035    1.00000    1.00000
     1.00000    52.9149   -14.2785    15.6189    1.00000    1.00000
     1.00000   -33.5078    24.7082    9.42312    1.00000    1.00000
     1.00000   -4.20258    5.11942  -10.16093    1.00000    1.00000
     1.00000   -33.4537   -17.1827   -11.4175    1.00000    1.00000
     1.00000    47.0389   -13.0882   -9.29187    1.00000    1.00000
     1.00000   -37.6122    36.1135    30.0752    1.00000    1.00000
     1.00000    15.8616   -47.2146   -4.99021    1.00000    1.00000
     1.00000   -24.6029    20.1825    15.2642    1.00000    1.00000
     1.00000    53.3275   -23.0288    5.42155    1.00000    1.00000
     1.00000   -47.6959    31.0321   -26.6128    1.00000    1.00000
     1.00000   -2.25143   -1.47179   -12.9028    1.00000    1.00000
     1.00000   -27.9809   -3.47985   -12.1306    1.00000    1.00000
     1.00000    49.7868   -6.48711   -3.65202    1.00000    1.00000
     1.00000   -41.4699    22.6657    12.9987    1.00000    1.00000
     1.00000    28.9391   -24.8943   -23.7878    1.00000    1.00000
     1.00000   -14.9295    8.42331    2.07582    1.00000    1.00000
     1.00000    61.6049   -5.87139    35.5745    1.00000    1.00000
     1.00000   -40.3584    26.8572   10.24943    1.00000    1.00000
     1.00000   -7.85971   -9.26224   -5.17152    1.00000    1.00000
     1.00000   -37.6502   -14.1812   -16.9256    1.00000    1.00000
     1.00000    32.0315   -18.4452   -19.0800    1.00000    1.00000
     1.00000   -40.7136    33.8830    22.4202    1.00000    1.00000
     1.00000    9.05560   -28.3510   -9.87553    1.00000    1.00000
     1.00000   -22.0743    32.2674    14.4262    1.00000    1.00000
     1.00000    52.5035   -29.5727    12.1182    1.00000    1.00000
     1.00000   -49.8410    28.4227   -13.4641    1.00000    1.00000
     1.00000    27.6090   -9.03626   -21.7204    1.00000    1.00000
     1.00000   -20.2555   -1.26653   -1.55328    1.00000    1.00000
     1.00000    47.3422  -0.506958    8.88119    1.00000    1.00000
     1.00000   -40.9381    22.5896    19.5117    1.00000    1.00000
     1.00000    18.4375   -22.9611   -15.7029    1.00000    1.00000
     1.00000   -12.5317    2.81275    2.43298    1.00000    1.00000
     1.00000    49.8631   -18.0357    6.38350    1.00000    1.00000
     1.00000   -34.6972    24.7798    7.74564    1.00000    1.00000
     1.00000   -9.41638    11.4210   -8.61240    1.00000    1.00000
     1.00000   -35.3623   -11.9894   -6.21807    1.00000    1.00000
     1.00000    44.3078   -9.89886   -7.50598    1.00000    1.00000
     1.00000   -29.0223    31.0644    28.7879    1.00000    1.00000
     1.00000    18.2736   -39.3939   -7.40127    1.00000    1.00000
     1.00000   -23.3509    26.4111    19.9849    1.00000    1.00000
     1.00000    53.3617   -19.1564    1.01217    1.00000    1.00000
     1.00000   -47.9485    26.5526   -18.4068    1.00000    1.00000
     1.00000    8.90614   -11.7437   -14.3786    1.00000    1.00000
     1.00000   -26.3481   -5.37638   -4.45324    1.00000    1.00000
     1.00000    42.7074   -11.8156    1.15237    1.00000    1.00000
     1.00000   -41.1830    17.4833    18.8369    1.00000    1.00000
     1.00000    36.8577   -24.6209   -26.5501    1.00000    1.00000
     1.00000   -17.2426    14.2770    9.07833    1.00000    1.00000
     1.00000    61.7212   -6.66022    28.7698    1.00000    1.00000
     1.00000   -37.9857    30.1868    7.93491    1.00000    1.00000
     1.00000   -14.0920    5.17112   -11.8163    1.00000    1.00000
     1.00000   -32.9943   -17.2557   -21.4267    1.00000    1.00000
     1.00000    36.4942   -16.6760   -12.1890    1.00000    1.00000
     1.00000   -34.4659    16.2026    28.3364    1.00000    1.00000
     1.00000    19.0627   -30.4236   -15.6157    1.00000    1.00000
     1.00000   -20.2345    35.4572    8.02991    1.00000    1.00000
     1.00000    51.7027   -24.7151    12.0511    1.00000    1.00000
     1.00000   -38.1546    26.4484   -9.06995    1.00000    1.00000
     1.00000    16.0810   -9.37096   -14.4560    1.00000    1.00000
     1.00000   -15.9177   -4.96624   -8.10572    1.00000    1.00000
     1.00000    57.2208   -7.08161    5.00707    1.00000    1.00000
     1.00000   -30.9283    14.9165    24.1946    1.00000    1.00000
     1.00000    33.8419   -23.3390   -16.6413    1.00000    1.00000
     1.00000   -19.2051    5.35762    8.48360    1.00000    1.00000
     1.00000    51.5188   -17.0693    6.95326    1.00000    1.00000
     1.00000   -27.3065    23.1417    11.6175    1.00000    1.00000
     1.00000   -2.46363    9.97741   -12.1814    1.00000    1.00000
     1.00000   -36.7018   -11.6888   -7.67251    1.00000    1.00000
     1.00000    44.6630   -17.0996   -9.23760    1.00000    1.00000
     1.00000   -32.7193    38.1678    32.3335    1.00000    1.00000
     1.00000    18.9717   -44.1146   -4.05608    1.00000    1.00000
     1.00000   -28.2237    19.5871    17.3480    1.00000    1.00000
     1.00000    55.5196   -29.1728   -2.00512    1.00000    1.00000
     1.00000   -52.5090    29.6817   -27.9249    1.00000    1.00000
     1.00000    5.59286   -6.02361   -15.5856    1.00000    1.00000
     1.00000   -30.1615   -1.21659   -8.50479    1.00000    1.00000
     1.00000    53.2784   -8.69048   0.108086    1.00000    1.00000
     1.00000   -38.6634    21.5641    11.6522    1.00000    1.00000
     1.00000    33.6702   -26.9800   -18.1540    1.00000    1.00000
     1.00000   -6.83331    8.81482    2.65525    1.00000    1.00000
     1.00000    65.3118   -6.12859    37.8650    1.00000    1.00000
     1.00000   -40.3433    29.7871    12.8320    1.00000    1.00000
     1.00000   -7.69785   -4.26011   -8.70782    1.00000    1.00000
     1.00000   -30.3832   -6.18804   -16.8661    1.00000    1.00000
     1.00000    34.9892   -19.9244   -17.0039    1.00000    1.00000
     1.00000   -41.9637    29.3740    24.4974    1.00000    1.00000
     1.00000    8.79437   -31.2985   -6.25132    1.00000    1.00000
     1.00000   -14.3285    30.2661    15.9131    1.00000    1.00000
     1.00000    58.0534   -31.1539    12.3192    1.00000    1.00000
     1.00000   -49.0476    27.0884   -14.7251    1.00000    1.00000
     1.00000    31.4700  -10.20277   -20.3598    1.00000    1.00000
     1.00000   -24.8715   -4.65490   -1.68373    1.00000    1.00000
     1.00000    52.1720    3.92613    4.45152    1.00000    1.00000
     1.00000   -28.2871    18.8922    22.8298    1.00000    1.00000
     1.00000    21.9173   -21.3439   -15.9832    1.00000    1.00000
     1.00000   -11.7025   -4.93406   -5.12147    1.00000    1.00000
     1.00000    47.1189   -14.7464    3.66908    1.00000    1.00000
     1.00000   -40.3107    25.6201   -2.58065    1.00000    1.00000
     1.00000   -7.44354    8.08536   -12.8900    1.00000    1.00000
     1.00000   -31.0105   -12.0237   -5.67957    1.00000    1.00000
     1.00000    33.8887   -10.8763  -0.526695    1.00000    1.00000
     1.00000   -36.8122    31.8237    23.5698    1.00000    1.00000
     1.00000    13.6840   -40.0061   -6.99317    1.00000    1.00000
     1.00000   -23.4637    29.2231    16.3669    1.00000    1.00000
     1.00000    47.7851   -12.7873   0.109825    1.00000    1.00000
     1.00000   -45.1160    23.1018   -24.3195    1.00000    1.00000
     1.00000    13.8572   -14.3680   -9.49429    1.00000    1.00000
     1.00000   -24.7269   -7.88834   -8.25279    1.00000    1.00000
     1.00000    48.0904   -8.49624   -4.47502    1.00000    1.00000
     1.00000   -45.5291    18.0080    15.1621    1.00000    1.00000
     1.00000    43.5722   -26.9662   -23.1169    1.00000    1.00000
     1.00000   -24.0275    18.9829    6.09246    1.00000    1.00000
     1.00000    58.2456   -11.3153    17.4740    1.00000    1.00000
     1.00000   -29.7266    34.6509    16.7636    1.00000    1.00000
     1.00000   -13.5414    2.44513   -11.0701    1.00000    1.00000
     1.00000   -34.0485   -19.4417   -15.5188    1.00000    1.00000
     1.00000    40.0403   -13.3800   -12.2780    1.00000    1.00000
     1.00000   -39.3264    22.8348    22.7878    1.00000    1.00000
     1.00000    14.7169   -32.3093   -10.8593    1.00000    1.00000
     1.00000   -16.2932    34.1342    14.6354    1.00000    1.00000
     1.00000    57.3074   -23.6854    7.43906    1.00000    1.00000
     1.00000   -42.8756    29.4320   -6.21154    1.00000    1.00000
     1.00000    16.6872   -18.2660   -9.08863    1.00000    1.00000
     1.00000   -17.9112    2.59753   -5.74784    1.00000    1.00000
     1.00000    48.4660   -1.73105    5.13309    1.00000    1.00000
     1.00000   -30.2808    12.9417    28.0734    1.00000    1.00000
     1.00000    27.6768   -25.0628   -16.4948    1.00000    1.00000
     1.00000   -17.5824    6.16491    6.64555    1.00000    1.00000
     1.00000    57.1621   -12.4037    14.1525    1.00000    1.00000
     1.00000   -30.1395    27.6587    9.42076    1.00000    1.00000
     1.00000   -7.64850    6.37312   -7.55306    1.00000    1.00000
     1.00000   -37.3558   -12.4191   -13.8889    1.00000    1.00000
     1.00000    47.1741   -12.7248   -13.3586    1.00000    1.00000
     1.00000   -40.1201    32.4722    27.7708    1.00000    1.00000
     1.00000    15.2388   -50.6135   -8.36517    1.00000    1.00000
     1.00000   -25.3337    23.3812    22.3177    1.00000    1.00000
     1.00000    57.6391   -26.5804    1.26334    1.00000    1.00000
     1.00000   -45.4013    33.4183   -25.4330    1.00000    1.00000
     1.00000  -0.280716   -4.30019   -13.6757    1.00000    1.00000
     1.00000   -26.9810   -4.57716  -10.07279    1.00000    1.00000
     1.00000    47.5676   -11.2666   -1.52630    1.00000    1.00000
     1.00000   -38.5282    24.7535    15.7677    1.00000    1.00000
     1.00000    24.9026   -25.8178   -22.0335    1.00000    1.00000
     1.00000   -18.5366    6.25732    4.89026    1.00000    1.00000
     1.00000    62.9933   -9.08327    36.5777    1.00000    1.00000
     1.00000   -40.1361    33.5653   10.38810    1.00000    1.00000
     1.00000   -11.1119   -10.8335   -4.86893    1.00000    1.00000
     1.00000   -34.5512   -12.2663   -15.7826    1.00000    1.00000
     1.00000    34.8360   -13.7405   -18.6035    1.00000    1.00000
     1.00000   -43.4459    32.6641    22.5769    1.00000    1.00000
     1.00000    12.5031   -28.3559   -11.5612    1.00000    1.00000
     1.00000   -18.4662    35.2164    17.0426    1.00000    1.00000
     1.00000    52.9239   -25.1222    14.3605    1.00000    1.00000
     1.00000   -45.9478    31.2908   -8.26366    1.00000    1.00000
     1.00000    20.7088   -9.53742   -17.1685    1.00000    1.00000
     1.00000   -17.6009   -7.96308   -1.99358    1.00000    1.00000
     1.00000    50.0882    4.37760    7.38850    1.00000    1.00000
     1.00000   -35.4314    20.6926    17.8865    1.00000    1.00000
     1.00000    17.6944   -26.3563   -13.2424    1.00000    1.00000
     1.00000   -9.73063    1.74184    1.09605    1.00000    1.00000
