     1.00000   -30.9377   -8.56133    51.5762    1.00000    1.00000
     1.00000   -3.98063    20.7798   -31.7180    1.00000    1.00000
     1.00000   -15.2650   -30.6695    39.9899    1.00000    1.00000
     1.00000    2.43151    18.2300   -10.9241    1.00000    1.00000
     1.00000    6.12943  -0.180504    22.1143    1.00000    1.00000
     1.00000    18.3491    20.0626   -58.1835    1.00000    1.00000
     1.00000    17.3831   -28.9008    9.23280    1.00000    1.00000
     1.00000   -1.95654    3.23642   -19.4086    1.00000    1.00000
     1.00000   -7.22140   -5.73659    31.1586    1.00000    1.00000
     1.00000    1.54554   -6.17036   -32.4039    1.00000    1.00000
     1.00000   -6.05647   -22.9307    19.9640    1.00000    1.00000
     1.00000   0.127068    6.54630    6.34595    1.00000    1.00000
     1.00000   -15.0296   -1.64592    12.4569    1.00000    1.00000
     1.00000    19.7915    16.3915   -42.1322    1.00000    1.00000
     1.00000    7.43481   -14.0112    6.71793    1.00000    1.00000
     1.00000    3.11285    28.6570   -16.4156    1.00000    1.00000
     1.00000   -14.7302   -13.2611    43.8029    1.00000    1.00000
     1.00000   -8.34747    8.46582   -28.0397    1.00000    1.00000
     1.00000   -25.3600   -26.4665    38.0604    1.00000    1.00000
     1.00000   -7.03569    17.0359   -4.90287    1.00000    1.00000
     1.00000   -2.83075   -4.54665    19.7074    1.00000    1.00000
     1.00000    14.4481    24.2813   -52.8615    1.00000    1.00000
     1.00000    13.0238   -16.1505   -5.62605    1.00000    1.00000
     1.00000   -2.94799  -0.474506   -14.9803    1.00000    1.00000
     1.00000  -10.07846   -12.3098    30.0561    1.00000    1.00000
     1.00000    7.72939   -8.96485   -38.7859    1.00000    1.00000
     1.00000   -2.82353   -32.9498    24.4930    1.00000    1.00000
     1.00000  -0.628204    11.3759   0.945415    1.00000    1.00000
     1.00000   -12.0324    10.6051    14.3804    1.00000    1.00000
     1.00000    25.1756    19.3654   -33.9128    1.00000    1.00000
     1.00000    3.57106  -10.23446    18.4478    1.00000    1.00000
     1.00000    4.76247    22.2177   -16.8868    1.00000    1.00000
     1.00000   -34.0389   -3.00143    49.4594    1.00000    1.00000
     1.00000    5.04552    21.0645   -33.7957    1.00000    1.00000
     1.00000   -7.50259   -31.1121    30.7607    1.00000    1.00000
     1.00000    6.17783    14.7268   -8.02008    1.00000    1.00000
     1.00000    2.59079    10.9868    22.0810    1.00000    1.00000
     1.00000    22.1197    16.2999   -54.1483    1.00000    1.00000
     1.00000    16.1268   -28.5342    6.53270    1.00000    1.00000
     1.00000   -13.3510    3.43508   -17.3446    1.00000    1.00000
     1.00000   -5.66125  -10.21430    21.2850    1.00000    1.00000
     1.00000   0.304363    3.86104   -30.0933    1.00000    1.00000
     1.00000   -1.92200   -24.5025    22.4200    1.00000    1.00000
     1.00000    2.09609   -3.68422    11.0197    1.00000    1.00000
     1.00000   -6.35500    2.15944    16.8727    1.00000    1.00000
     1.00000    26.1367    7.27705   -39.6579    1.00000    1.00000
     1.00000    7.83477   -10.9075    5.22109    1.00000    1.00000
     1.00000    4.41596    32.4279   -14.6530    1.00000    1.00000
     1.00000   -20.6507   -4.49405    41.3076    1.00000    1.00000
     1.00000   -1.52062    22.8787   -30.1844    1.00000    1.00000
     1.00000   -25.1632   -26.5952    35.4239    1.00000    1.00000
     1.00000   -1.11235    16.0077   -4.87076    1.00000    1.00000
     1.00000    3.47462   -4.45501    25.8428    1.00000    1.00000
     1.00000    16.5883    21.7662   -52.5433    1.00000    1.00000
     1.00000    16.5904   -14.3508   0.886173    1.00000    1.00000
     1.00000    4.13596    7.78483   -9.00324    1.00000    1.00000
     1.00000   -12.8909   -21.3718    39.3038    1.00000    1.00000
     1.00000    15.6336   -4.58817   -32.9013    1.00000    1.00000
     1.00000   -11.1851   -31.5742    18.2163    1.00000    1.00000
     1.00000    1.37964    12.3663    5.75110    1.00000    1.00000
     1.00000   -14.8177    4.47802    15.0314    1.00000    1.00000
     1.00000    12.1165    21.5801   -39.9953    1.00000    1.00000
     1.00000    4.95869   -13.5229    25.2376    1.00000    1.00000
     1.00000    2.46470    18.7761   -15.3325    1.00000    1.00000
     1.00000   -28.5096   -8.99662    48.4147    1.00000    1.00000
     1.00000   0.198685    23.7758   -37.7635    1.00000    1.00000
     1.00000   -13.4176   -30.1479    37.7526    1.00000    1.00000
     1.00000    4.25079    19.0517   -10.8010    1.00000    1.00000
     1.00000    6.25015    1.34200    17.3513    1.00000    1.00000
     1.00000    20.9664    25.4241   -59.1019    1.00000    1.00000
     1.00000    18.8134   -22.7498    6.96793    1.00000    1.00000
     1.00000   -3.81833  -0.651836   -23.4573    1.00000    1.00000
     1.00000   -5.84892   -6.91280    27.7182    1.00000    1.00000
     1.00000    3.08281   -9.04696   -34.4880    1.00000    1.00000
     1.00000   0.328987   -21.8946    23.8167    1.00000    1.00000
     1.00000    3.99051    4.47055    13.8176    1.00000    1.00000
     1.00000   -8.70998   -3.86343    16.2430    1.00000    1.00000
     1.00000    19.4668    20.1835   -42.9595    1.00000    1.00000
     1.00000    4.87875   -12.3641    14.4307    1.00000    1.00000
     1.00000    6.14521    27.7174   -21.6936    1.00000    1.00000
     1.00000   -17.7574   -9.54353    42.4226    1.00000    1.00000
     1.00000   -6.04761    16.7106   -27.5411    1.00000    1.00000
     1.00000   -26.3875   -20.5390    35.9629    1.00000    1.00000
     1.00000   -3.52383    21.8720    2.74994    1.00000    1.00000
     1.00000   -2.92671    2.46164    28.2826    1.00000    1.00000
     1.00000    11.8880    20.2368   -55.6605    1.00000    1.00000
     1.00000    17.2658   -17.5465    3.53860    1.00000    1.00000
     1.00000   -5.97340    2.88718   -11.8967    1.00000    1.00000
     1.00000   -7.96095   -12.7659    38.8364    1.00000    1.00000
     1.00000    3.72369   -6.97075   -36.1786    1.00000    1.00000
     1.00000    2.66718   -27.5640    18.0437    1.00000    1.00000
     1.00000   -2.39736    9.67506   -1.21192    1.00000    1.00000
     1.00000  -10.47021    6.99929    13.3227    1.00000    1.00000
     1.00000    19.1046    19.9921   -36.1055    1.00000    1.00000
     1.00000   -1.25579   -15.3578    23.0655    1.00000    1.00000
     1.00000   10.11793    28.3574   -15.9444    1.00000    1.00000
     1.00000   -30.7967    2.85616    51.1189    1.00000    1.00000
     1.00000    4.81786    27.3747   -38.3412    1.00000    1.00000
     1.00000  -10.56664   -29.4821    33.4061    1.00000    1.00000
     1.00000    6.09557    15.6570   -6.25148    1.00000    1.00000
     1.00000    4.65365    3.79589    24.6978    1.00000    1.00000
     1.00000    19.4448    14.3980   -54.6196    1.00000    1.00000
     1.00000    13.1614   -31.1104    4.11729    1.00000    1.00000
     1.00000   -6.95370    1.63791   -23.0862    1.00000    1.00000
     1.00000   -11.1180   -6.84211    20.8382    1.00000    1.00000
     1.00000  -0.912998    4.88209   -24.7402    1.00000    1.00000
     1.00000   -2.39258E-02   -28.1487    15.1565    1.00000    1.00000
     1.00000    8.40718   -2.60135    8.64845    1.00000    1.00000
     1.00000   -4.50160    4.71751    23.1069    1.00000    1.00000
     1.00000    21.0972    13.8303   -46.2613    1.00000    1.00000
     1.00000    14.0245   -10.6554    4.88399    1.00000    1.00000
     1.00000   -2.04356    32.7047   -11.1542    1.00000    1.00000
     1.00000   -17.2749   -3.21355    34.5615    1.00000    1.00000
     1.00000  -0.119236    14.6285   -30.3477    1.00000    1.00000
     1.00000   -23.6478   -29.6839    41.7971    1.00000    1.00000
     1.00000   -1.23170    14.9432   -3.06348    1.00000    1.00000
     1.00000    1.28096   -9.92925    24.4122    1.00000    1.00000
     1.00000    18.6214    27.0708   -53.6534    1.00000    1.00000
     1.00000    18.6472   -12.4099   -1.80946    1.00000    1.00000
     1.00000    2.23839    6.44760   -13.1094    1.00000    1.00000
     1.00000   -15.0974   -17.8425    42.7914    1.00000    1.00000
     1.00000    8.75733   -3.95191   -38.8185    1.00000    1.00000
     1.00000   -11.5454   -30.7191    25.3009    1.00000    1.00000
     1.00000    1.99493    9.31678    2.49082    1.00000    1.00000
     1.00000   -11.0179    4.16092    19.1688    1.00000    1.00000
     1.00000    12.5611    19.0840   -37.7270    1.00000    1.00000
     1.00000  -0.421715  -10.34763    26.9412    1.00000    1.00000
     1.00000    1.33064    7.53969   -17.6176    1.00000    1.00000
     1.00000   -30.4784   -11.2910    47.3123    1.00000    1.00000
     1.00000   -4.59395    20.5168   -35.5303    1.00000    1.00000
     1.00000   -17.5820   -27.7831    40.3372    1.00000    1.00000
     1.00000  -0.213417    15.5641   -12.6430    1.00000    1.00000
     1.00000    2.51353   -1.52917    24.6656    1.00000    1.00000
     1.00000    14.2457    17.4114   -53.9895    1.00000    1.00000
     1.00000    17.0183   -27.0015    8.72316    1.00000    1.00000
     1.00000   -1.68431    3.55871   -17.4536    1.00000    1.00000
     1.00000   -6.60927   -8.26426    31.9408    1.00000    1.00000
     1.00000    2.96891   -2.79528   -31.8599    1.00000    1.00000
     1.00000   -4.87708   -20.7864    21.9925    1.00000    1.00000
     1.00000    1.50231    9.12312    8.94273    1.00000    1.00000
     1.00000   -13.4897    1.36814    13.2727    1.00000    1.00000
     1.00000    17.0305    17.7714   -38.2285    1.00000    1.00000
     1.00000    8.47545   -15.8894    10.7640    1.00000    1.00000
     1.00000    6.42897    30.6220   -13.0998    1.00000    1.00000
     1.00000   -17.6980   -15.0853    48.9186    1.00000    1.00000
     1.00000   -8.48068    16.3182   -29.2899    1.00000    1.00000
     1.00000   -20.6351   -22.1703    38.9484    1.00000    1.00000
     1.00000   -1.53881    19.1081   -1.87801    1.00000    1.00000
     1.00000   -4.47777   -2.69906    24.5072    1.00000    1.00000
     1.00000    14.6901    19.7905   -47.5480    1.00000    1.00000
     1.00000    15.3507   -18.2603   -2.20081    1.00000    1.00000
     1.00000   -2.67240    2.64328   -15.3680    1.00000    1.00000
     1.00000   -7.57799   -13.0138    30.2428    1.00000    1.00000
     1.00000    7.03993   -12.5682   -35.6470    1.00000    1.00000
     1.00000   -7.01204   -29.6111    27.3299    1.00000    1.00000
     1.00000   0.992928    8.49457   0.719204    1.00000    1.00000
     1.00000  -10.53344    11.6997    15.1253    1.00000    1.00000
     1.00000    23.2593    21.8818   -32.2836    1.00000    1.00000
     1.00000    3.35182   -15.8084    17.1429    1.00000    1.00000
     1.00000    5.18982    20.4805   -17.7811    1.00000    1.00000
     1.00000   -30.0341   -5.30811    49.8369    1.00000    1.00000
     1.00000    6.76743    20.7553   -37.0876    1.00000    1.00000
     1.00000   -12.6317   -30.1819    30.5707    1.00000    1.00000
     1.00000    2.00207    12.5501  -10.18619    1.00000    1.00000
     1.00000  -0.147690    12.0061    23.4697    1.00000    1.00000
     1.00000    27.4551    17.2177   -53.2693    1.00000    1.00000
     1.00000    13.9348   -28.4747    3.54655    1.00000    1.00000
     1.00000   -9.06167  -0.309147   -20.4804    1.00000    1.00000
     1.00000   -6.82486  -10.45381    23.4600    1.00000    1.00000
     1.00000   -1.61064   0.133976   -29.5411    1.00000    1.00000
     1.00000   -1.66653   -25.6635    20.8116    1.00000    1.00000
     1.00000    3.18774    9.25179E-02    10.5943    1.00000    1.00000
     1.00000   -5.01192    5.51082    17.6796    1.00000    1.00000
     1.00000    22.6275    9.44875   -43.0479    1.00000    1.00000
     1.00000    13.2434   -9.52824    3.42819    1.00000    1.00000
     1.00000   -2.70341    35.7741   -11.6045    1.00000    1.00000
     1.00000   -23.6812   -4.69721    42.8191    1.00000    1.00000
     1.00000   -3.58233    19.1998   -30.5583    1.00000    1.00000
     1.00000   -24.4328   -27.6655    33.5344    1.00000    1.00000
     1.00000   -4.37140    16.5722   -5.83989    1.00000    1.00000
     1.00000   -1.75978   -1.25734    25.0166    1.00000    1.00000
     1.00000    20.0056    22.2084   -53.4825    1.00000    1.00000
     1.00000    17.8192   -11.1752   0.466293    1.00000    1.00000
     1.00000   0.441120    7.87363   -8.83255    1.00000    1.00000
     1.00000   -11.8251   -19.5842    36.0690    1.00000    1.00000
     1.00000    15.6453   -3.49995   -34.5793    1.00000    1.00000
     1.00000   -10.8837   -31.7269    21.7596    1.00000    1.00000
     1.00000   -2.68941    15.2526    5.02115    1.00000    1.00000
     1.00000   -13.6654    4.98291    11.6299    1.00000    1.00000
     1.00000    8.86230    22.2911   -39.3630    1.00000    1.00000
     1.00000    4.84660   -17.9145    27.7776    1.00000    1.00000
     1.00000   -1.27340    12.9992   -15.8267    1.00000    1.00000
     1.00000   -25.0483   -8.02662    43.3351    1.00000    1.00000
     1.00000   -2.59466    21.6239   -36.4064    1.00000    1.00000
     1.00000   -13.5305   -26.5479    32.4540    1.00000    1.00000
     1.00000    4.43245    16.7589  -10.28691    1.00000    1.00000
     1.00000    6.99139    1.32092    15.4939    1.00000    1.00000
     1.00000    21.7320    22.0007   -56.8574    1.00000    1.00000
     1.00000    16.3676   -19.0168    2.42273    1.00000    1.00000
     1.00000   -1.43231    2.85654   -21.3009    1.00000    1.00000
     1.00000   -3.77573  -10.48927    25.2159    1.00000    1.00000
     1.00000    6.26138   -7.12428   -35.6176    1.00000    1.00000
     1.00000   0.362633   -19.6504    19.4602    1.00000    1.00000
     1.00000    5.49864    7.34861    11.8889    1.00000    1.00000
     1.00000   -9.51416   -4.57163    14.3735    1.00000    1.00000
     1.00000    18.4106    16.6729   -45.9849    1.00000    1.00000
     1.00000    7.05319   -15.2359    12.0090    1.00000    1.00000
     1.00000    4.27187    26.3625   -19.9994    1.00000    1.00000
     1.00000   -21.7016   -8.69686    40.8654    1.00000    1.00000
     1.00000   -5.22794    19.6221   -29.5030    1.00000    1.00000
     1.00000   -26.4283   -20.8812    33.9928    1.00000    1.00000
     1.00000  -0.870403    24.7817    4.57451    1.00000    1.00000
     1.00000   -7.96838   -2.74589    27.3471    1.00000    1.00000
     1.00000    8.26189    21.0459   -55.1380    1.00000    1.00000
     1.00000    20.1674   -17.2507    7.99480    1.00000    1.00000
     1.00000   -3.27090   0.767544   -12.2346    1.00000    1.00000
     1.00000   -9.46781   -14.8321    37.1974    1.00000    1.00000
     1.00000    6.58892   -6.57578   -41.1609    1.00000    1.00000
     1.00000   -1.67598   -27.1798    24.1440    1.00000    1.00000
     1.00000    1.41112    9.64597   -3.81253    1.00000    1.00000
     1.00000   -12.8596    5.17585    7.47278    1.00000    1.00000
     1.00000    20.3564    18.7839   -33.7436    1.00000    1.00000
     1.00000    1.04543   -17.6345    23.4700    1.00000    1.00000
     1.00000    8.06654    24.1662   -18.3985    1.00000    1.00000
     1.00000   -34.4227  -0.484406    48.2364    1.00000    1.00000
     1.00000   10.00328    24.4400   -38.3909    1.00000    1.00000
     1.00000   -8.71456   -25.8565    32.7015    1.00000    1.00000
     1.00000    12.2307    13.4980   -4.23553    1.00000    1.00000
     1.00000    3.20998    7.54329    24.9162    1.00000    1.00000
     1.00000    17.9559    16.9285   -52.8597    1.00000    1.00000
     1.00000    7.99648   -32.0170    9.04736    1.00000    1.00000
     1.00000   -6.16800    4.06116   -22.7358    1.00000    1.00000
     1.00000  -10.11835   -6.98850    22.5643    1.00000    1.00000
     1.00000  -0.613815    6.70573   -26.0641    1.00000    1.00000
     1.00000  -0.855675   -26.7941    19.0139    1.00000    1.00000
     1.00000    7.57703   -2.40182    12.4144    1.00000    1.00000
     1.00000   -8.10105    4.47498    19.9892    1.00000    1.00000
     1.00000    18.4529    15.7894   -50.2089    1.00000    1.00000
     1.00000    16.0094  -10.45425    4.74460    1.00000    1.00000
     1.00000   -2.66945    32.1488   -13.2894    1.00000    1.00000
     1.00000   -20.5435    2.41950    38.2517    1.00000    1.00000
     1.00000   -4.12576    14.1667   -26.4800    1.00000    1.00000
     1.00000   -24.6338   -33.3388    36.1222    1.00000    1.00000
     1.00000    2.64756    11.8987   -5.95395    1.00000    1.00000
     1.00000    4.54861   -4.93422    28.6138    1.00000    1.00000
     1.00000    22.1615    25.0392   -47.4341    1.00000    1.00000
     1.00000    22.7590   -12.6154   -6.05798    1.00000    1.00000
     1.00000   -2.54881    5.39589   -12.9185    1.00000    1.00000
     1.00000   -13.9157   -14.4697    42.4334    1.00000    1.00000
     1.00000    12.6553  -0.781876   -35.1210    1.00000    1.00000
     1.00000  -10.08540   -31.0435    26.6287    1.00000    1.00000
     1.00000    1.97381    4.77738    3.25403    1.00000    1.00000
     1.00000  -10.49580    7.33493    18.3887    1.00000    1.00000
     1.00000    11.7492    19.4211   -35.9306    1.00000    1.00000
     1.00000    1.58113   -16.2932    30.6251    1.00000    1.00000
     1.00000   -9.29527E-02    12.0654   -14.5096    1.00000    1.00000
     1.00000   -28.7961   -7.52221    50.0089    1.00000    1.00000
     1.00000   -8.09509    21.6471   -32.7994    1.00000    1.00000
     1.00000   -14.6272   -32.5522    43.2326    1.00000    1.00000
     1.00000    1.69818    15.4069   -12.0763    1.00000    1.00000
     1.00000    7.25654  -0.280750    23.7634    1.00000    1.00000
     1.00000    17.9934    22.0051   -57.1377    1.00000    1.00000
     1.00000    18.0641   -31.6876    7.39649    1.00000    1.00000
     1.00000   0.921303    4.79072   -18.0364    1.00000    1.00000
     1.00000   -6.74998   -9.10030    28.4541    1.00000    1.00000
     1.00000    4.11971   -5.62183   -29.2180    1.00000    1.00000
     1.00000   -7.88040   -25.0295    18.8235    1.00000    1.00000
     1.00000   0.280849    4.58380    6.69942    1.00000    1.00000
     1.00000   -14.5353   0.236755    11.9973    1.00000    1.00000
     1.00000    19.2374    12.8300   -43.4797    1.00000    1.00000
     1.00000    7.74522   -12.1245    3.26026    1.00000    1.00000
     1.00000    3.72078    27.2500   -17.7005    1.00000    1.00000
     1.00000   -14.9342   -9.96305    42.6873    1.00000    1.00000
     1.00000   -9.00014    12.1979   -27.3618    1.00000    1.00000
     1.00000   -22.2708   -26.1303    37.0962    1.00000    1.00000
     1.00000   -7.14160    21.1492   -6.63269    1.00000    1.00000
     1.00000   -6.13279   -4.50698    18.8947    1.00000    1.00000
     1.00000    15.2692    22.4291   -50.4383    1.00000    1.00000
     1.00000    13.6546   -18.6260   -4.14168    1.00000    1.00000
     1.00000   -1.07533    1.52482   -14.9226    1.00000    1.00000
     1.00000   -8.61712   -12.2986    28.6907    1.00000    1.00000
     1.00000    6.57974   -13.2606   -37.7200    1.00000    1.00000
     1.00000   -4.29053   -37.7893    24.5332    1.00000    1.00000
     1.00000    1.87115    11.3910    1.14827    1.00000    1.00000
     1.00000   -12.1707    7.38809    14.3011    1.00000    1.00000
     1.00000    23.2174    18.0627   -31.5350    1.00000    1.00000
     1.00000    4.60796   -11.3810    16.1512    1.00000    1.00000
     1.00000    6.60658    22.8644   -17.9816    1.00000    1.00000
     1.00000   -34.0045   -2.20072    46.0025    1.00000    1.00000
     1.00000    6.36347    21.4401   -35.2524    1.00000    1.00000
     1.00000  -10.27096   -31.6652    30.1304    1.00000    1.00000
     1.00000    4.28716    14.0821   -8.11903    1.00000    1.00000
     1.00000    6.89468E-02    13.7612    21.1293    1.00000    1.00000
     1.00000    25.9512    19.4120   -53.8211    1.00000    1.00000
     1.00000    15.1288   -26.7916    6.47372    1.00000    1.00000
     1.00000   -10.7762   0.340923   -19.0839    1.00000    1.00000
     1.00000   -5.51397   -12.0626    17.3964    1.00000    1.00000
     1.00000   -2.18636    2.48163   -30.7249    1.00000    1.00000
     1.00000   -4.35037   -27.0180    24.1662    1.00000    1.00000
     1.00000    4.71951   -3.42577    13.2159    1.00000    1.00000
     1.00000   -8.84958   -1.18671    16.9294    1.00000    1.00000
     1.00000    25.1369    9.03079   -42.6578    1.00000    1.00000
     1.00000    9.32790   -9.49625    4.45045    1.00000    1.00000
     1.00000    3.37821    33.7741   -13.5990    1.00000    1.00000
     1.00000   -20.5430   -3.68766    39.4806    1.00000    1.00000
     1.00000   -1.59045    23.8230   -28.4227    1.00000    1.00000
     1.00000   -26.8400   -27.7135    38.5648    1.00000    1.00000
     1.00000    2.34473    17.3244   -4.26181    1.00000    1.00000
     1.00000  -0.472290   -2.74004    27.4846    1.00000    1.00000
     1.00000    17.3769    23.5859   -50.9936    1.00000    1.00000
     1.00000    14.0914   -14.3520   0.330517    1.00000    1.00000
     1.00000    3.17944    5.75642   -11.4856    1.00000    1.00000
     1.00000   -11.8686   -20.7251    37.7111    1.00000    1.00000
     1.00000    16.2794   -7.53656   -31.4594    1.00000    1.00000
     1.00000   -12.3429   -32.7506    17.0869    1.00000    1.00000
     1.00000  -0.336903    12.5409    4.61703    1.00000    1.00000
     1.00000   -16.8535    4.55651    13.9512    1.00000    1.00000
     1.00000   10.10316    21.3773   -37.6926    1.00000    1.00000
     1.00000    3.83534   -12.2325    24.2018    1.00000    1.00000
     1.00000    1.62245    16.6295   -15.8512    1.00000    1.00000
     1.00000   -28.9245   -9.29615    50.9235    1.00000    1.00000
     1.00000    2.09737    22.9781   -40.8721    1.00000    1.00000
     1.00000   -14.1871   -27.5865    36.4366    1.00000    1.00000
     1.00000    6.79559    18.9034  -10.27868    1.00000    1.00000
     1.00000    5.36485  -0.188637    20.2662    1.00000    1.00000
     1.00000    22.8903    23.5696   -57.3013    1.00000    1.00000
     1.00000    20.8351   -22.0740    4.13232    1.00000    1.00000
     1.00000   -3.69934   0.248226   -27.2305    1.00000    1.00000
     1.00000   -4.16147   -5.99969    29.9394    1.00000    1.00000
     1.00000    3.27164   -6.19580   -33.4139    1.00000    1.00000
     1.00000   -1.53796   -21.9544    24.5315    1.00000    1.00000
     1.00000    3.80757    2.80215    12.7299    1.00000    1.00000
     1.00000   -7.59697   -5.41205    17.0408    1.00000    1.00000
     1.00000    15.8541    17.9308   -44.0396    1.00000    1.00000
     1.00000    6.56831   -11.7815    13.5330    1.00000    1.00000
     1.00000    4.69270    28.3128   -20.1384    1.00000    1.00000
     1.00000   -16.3618   -10.5800    45.6544    1.00000    1.00000
     1.00000   -5.71641    16.7323   -24.2506    1.00000    1.00000
     1.00000   -23.1653   -20.7695    38.1928    1.00000    1.00000
     1.00000   -4.29129    21.3172  -0.115726    1.00000    1.00000
     1.00000   -4.46988   -1.07154    25.6696    1.00000    1.00000
     1.00000    13.8866    21.9165   -53.0410    1.00000    1.00000
     1.00000    13.7329   -17.6944   0.712261    1.00000    1.00000
     1.00000   -5.25022    1.03850   -12.1404    1.00000    1.00000
     1.00000   -9.10499   -11.5008    37.7920    1.00000    1.00000
     1.00000    6.20280   -4.29507   -39.3615    1.00000    1.00000
     1.00000    2.32563   -27.9911    21.0546    1.00000    1.00000
     1.00000   -2.47147    11.0450   0.243351    1.00000    1.00000
     1.00000   -9.55920    3.97406    11.1934    1.00000    1.00000
     1.00000    14.4513    18.3985   -35.5794    1.00000    1.00000
     1.00000    2.60985   -15.1964    18.9314    1.00000    1.00000
     1.00000    6.86405    27.2576   -14.5325    1.00000    1.00000
     1.00000   -30.9993    2.01210    49.3171    1.00000    1.00000
     1.00000    3.62761    24.1414   -40.3197    1.00000    1.00000
     1.00000  -10.22054   -31.1166    34.5055    1.00000    1.00000
     1.00000    7.28326    15.3217   -4.19860    1.00000    1.00000
     1.00000    1.51839    2.60331    23.4279    1.00000    1.00000
     1.00000    20.7836    13.7093   -56.6854    1.00000    1.00000
     1.00000    13.8285   -30.7025    7.31834    1.00000    1.00000
     1.00000   -4.41185    1.45488   -20.4239    1.00000    1.00000
     1.00000  -10.00409  -10.18184    18.5202    1.00000    1.00000
     1.00000   0.488388    4.89342   -26.1670    1.00000    1.00000
     1.00000   -1.54469   -23.1485    17.9279    1.00000    1.00000
     1.00000    6.45547   -2.19798    8.81619    1.00000    1.00000
     1.00000   -5.27020    2.00201    23.8432    1.00000    1.00000
     1.00000    23.6220    12.8940   -46.8105    1.00000    1.00000
     1.00000    15.8275   -12.3944    7.77273    1.00000    1.00000
     1.00000   -2.51025    34.3864  -10.17731    1.00000    1.00000
     1.00000   -18.4940   -4.73248    35.0162    1.00000    1.00000
     1.00000   -2.95947    15.2823   -28.0925    1.00000    1.00000
     1.00000   -25.0518   -31.0919    38.3894    1.00000    1.00000
     1.00000   -1.21060    11.9295   -1.38337    1.00000    1.00000
     1.00000    1.20058   -6.90449    22.9290    1.00000    1.00000
     1.00000    18.3202    24.9714   -49.9025    1.00000    1.00000
     1.00000    20.7668  -10.50474   -4.10360    1.00000    1.00000
     1.00000  -0.198406    8.67048   -14.4801    1.00000    1.00000
     1.00000   -15.6871   -15.1305    43.0857    1.00000    1.00000
     1.00000    7.54829   -4.45049   -41.4296    1.00000    1.00000
     1.00000   -9.64355   -33.9007    24.6869    1.00000    1.00000
     1.00000    1.60995   10.42223    4.11249    1.00000    1.00000
     1.00000   -11.3669    5.30705    21.6936    1.00000    1.00000
     1.00000    14.1646    17.9092   -41.1811    1.00000    1.00000
     1.00000  -0.242599   -15.0306    27.3280    1.00000    1.00000
     1.00000    1.61679    9.37575   -18.3572    1.00000    1.00000
     1.00000   -31.0194  -10.41847    50.8384    1.00000    1.00000
     1.00000   -6.95572    22.6635   -35.5625    1.00000    1.00000
     1.00000   -19.8178   -30.1228    41.3311    1.00000    1.00000
     1.00000   -2.59245    13.4468   -12.3240    1.00000    1.00000
     1.00000    4.15093   -1.72202    23.5334    1.00000    1.00000
     1.00000    13.6426    19.7683   -57.0450    1.00000    1.00000
     1.00000    18.7601   -25.9890    5.97879    1.00000    1.00000
     1.00000   -4.43334    4.37179   -18.1298    1.00000    1.00000
     1.00000   -5.47183   -6.84948    32.7802    1.00000    1.00000
     1.00000   0.429459    1.99139   -32.1702    1.00000    1.00000
     1.00000   -4.57436   -22.1867    23.3881    1.00000    1.00000
     1.00000    4.25531    8.38286    7.39799    1.00000    1.00000
     1.00000   -9.93121    3.98786    14.9915    1.00000    1.00000
     1.00000    18.4356    16.6093   -40.6782    1.00000    1.00000
     1.00000    8.04977   -15.4898    7.91609    1.00000    1.00000
     1.00000    4.04114    31.5405   -12.9003    1.00000    1.00000
     1.00000   -16.1244   -13.8210    45.5862    1.00000    1.00000
     1.00000   -9.83902    16.9806   -27.1193    1.00000    1.00000
     1.00000   -21.1098   -23.6803    40.1710    1.00000    1.00000
     1.00000   -5.43991    20.0165   -3.25736    1.00000    1.00000
     1.00000   -4.40043   -5.32536    22.0475    1.00000    1.00000
     1.00000    15.9454    18.8600   -48.7963    1.00000    1.00000
     1.00000    14.4451   -19.0470  -0.577431    1.00000    1.00000
     1.00000   -4.79697   -1.56473   -18.0244    1.00000    1.00000
     1.00000   -5.54986   -12.1951    34.0815    1.00000    1.00000
     1.00000    7.53385   -10.6672   -36.0239    1.00000    1.00000
     1.00000   -4.31770   -31.6628    24.8263    1.00000    1.00000
     1.00000   -1.65810    9.48670    3.49922    1.00000    1.00000
     1.00000   -8.99469   10.01253    16.4840    1.00000    1.00000
     1.00000    22.9972    23.2091   -29.9324    1.00000    1.00000
     1.00000    2.89964   -17.7369    17.4194    1.00000    1.00000
     1.00000    5.55659    18.3213   -16.1874    1.00000    1.00000
     1.00000   -32.2491   -2.45065    46.9277    1.00000    1.00000
     1.00000    4.68854    23.8460   -37.2183    1.00000    1.00000
     1.00000   -13.1326   -32.8117    30.4849    1.00000    1.00000
     1.00000    1.37951    14.3672   -9.62877    1.00000    1.00000
     1.00000    1.96593    8.48769    26.1654    1.00000    1.00000
     1.00000    25.6902    15.7845   -50.0939    1.00000    1.00000
     1.00000    14.8729   -30.0867    4.26854    1.00000    1.00000
     1.00000   -8.79530    1.30169   -23.7901    1.00000    1.00000
     1.00000   -3.65411   -8.44761    20.9523    1.00000    1.00000
     1.00000   -1.65213    3.21503E-02   -31.5381    1.00000    1.00000
     1.00000   -3.11668   -24.9270    18.5118    1.00000    1.00000
     1.00000    4.84052   -3.29679   10.18202    1.00000    1.00000
     1.00000   -5.43724    3.05909    20.6483    1.00000    1.00000
     1.00000    21.1842    12.5695   -43.8562    1.00000    1.00000
     1.00000   10.56747   -9.10613    1.41808    1.00000    1.00000
     1.00000    1.95035    36.0958   -13.0109    1.00000    1.00000
     1.00000   -21.6011   -6.41894    43.6187    1.00000    1.00000
     1.00000   -2.93819    17.3948   -29.9865    1.00000    1.00000
     1.00000   -25.1065   -30.5314    35.6126    1.00000    1.00000
     1.00000   -1.88693    18.2097   -4.33699    1.00000    1.00000
     1.00000   0.209236   -1.46150    24.7315    1.00000    1.00000
     1.00000    18.2801    21.9214   -54.4523    1.00000    1.00000
     1.00000    17.0638   -7.36317  -0.237118    1.00000    1.00000
     1.00000  -0.260784    9.74618   -8.80264    1.00000    1.00000
     1.00000   -9.14898   -18.9203    33.3402    1.00000    1.00000
     1.00000    14.4367   -1.68770   -35.0447    1.00000    1.00000
     1.00000   -7.66358   -33.2875    22.0738    1.00000    1.00000
     1.00000   -1.31266    14.8423    6.41264    1.00000    1.00000
     1.00000   -13.4713    6.25317    15.3112    1.00000    1.00000
     1.00000    9.05142    20.3133   -39.1342    1.00000    1.00000
     1.00000    1.26414   -17.5995    26.4801    1.00000    1.00000
     1.00000   -1.34669    15.3852   -17.9892    1.00000    1.00000
     1.00000   -26.4959   -7.50444    47.9784    1.00000    1.00000
     1.00000  -0.626640    21.8648   -37.6591    1.00000    1.00000
     1.00000   -13.8836   -26.3164    34.9217    1.00000    1.00000
     1.00000    3.44410    18.4463   -9.07398    1.00000    1.00000
     1.00000    8.52695  -0.401226    14.5910    1.00000    1.00000
     1.00000    19.9525    19.2541   -56.4821    1.00000    1.00000
     1.00000    18.9379   -22.7057    4.09528    1.00000    1.00000
     1.00000  -0.608727    1.36513   -24.2035    1.00000    1.00000
     1.00000   -7.20149   -9.39574    25.1149    1.00000    1.00000
     1.00000    9.37685   -7.27893   -35.6215    1.00000    1.00000
     1.00000  -0.659180   -18.8798    20.9971    1.00000    1.00000
     1.00000    3.61452    8.27314    10.8201    1.00000    1.00000
     1.00000   -12.3901   -4.37503    13.6184    1.00000    1.00000
     1.00000    19.3232    18.0643   -44.8754    1.00000    1.00000
     1.00000    8.42785   -13.2231    13.0040    1.00000    1.00000
     1.00000    1.79327    27.8301   -21.3507    1.00000    1.00000
     1.00000   -19.1909   -6.35820    41.4394    1.00000    1.00000
     1.00000   -7.06957    18.2269   -26.7309    1.00000    1.00000
     1.00000   -25.2626   -19.3173    34.4347    1.00000    1.00000
     1.00000   -4.57866    25.0257    3.14230    1.00000    1.00000
     1.00000   -6.41232   -3.57269    26.4010    1.00000    1.00000
     1.00000    9.82187    18.1961   -55.9499    1.00000    1.00000
     1.00000    18.0013   -17.0958    5.34302    1.00000    1.00000
     1.00000   -2.32519   -1.34233   -12.8733    1.00000    1.00000
     1.00000   -8.90245   -14.2274    35.3768    1.00000    1.00000
     1.00000    6.15448   -7.79545   -39.1760    1.00000    1.00000
     1.00000   -1.24816   -30.2728    23.6844    1.00000    1.00000
     1.00000   -2.73277    6.85551   -2.02372    1.00000    1.00000
     1.00000   -9.30333    2.79825    9.59589    1.00000    1.00000
     1.00000    17.4362    17.4354   -36.0432    1.00000    1.00000
     1.00000  -0.672127   -17.8601    26.0523    1.00000    1.00000
     1.00000    9.39432    22.4798   -15.2826    1.00000    1.00000
     1.00000   -32.7304  -0.806515    49.2525    1.00000    1.00000
     1.00000    5.72271    26.2550   -40.5359    1.00000    1.00000
     1.00000   -11.7840   -27.0851    31.5321    1.00000    1.00000
     1.00000    9.36105    14.1949   -4.83294    1.00000    1.00000
     1.00000    6.61993    3.29820    23.0534    1.00000    1.00000
     1.00000    19.2690    17.7010   -55.4235    1.00000    1.00000
     1.00000   10.10294   -31.0104    7.50177    1.00000    1.00000
     1.00000   -3.80483    1.72561   -23.7890    1.00000    1.00000
     1.00000   -7.32117   -7.48506    24.1538    1.00000    1.00000
     1.00000   -2.38576    6.51871   -26.9725    1.00000    1.00000
     1.00000    6.77109E-02   -24.7786    19.1232    1.00000    1.00000
     1.00000    6.95021   0.424053    11.7326    1.00000    1.00000
     1.00000   -6.48391    4.98060    23.0717    1.00000    1.00000
     1.00000    20.7101    13.3305   -49.6562    1.00000    1.00000
     1.00000    16.3589   -9.20071    1.60490    1.00000    1.00000
     1.00000  -0.699905    32.1982   -12.9453    1.00000    1.00000
     1.00000   -20.0440   -1.49118    37.6944    1.00000    1.00000
     1.00000   -4.21825    10.8038   -25.5432    1.00000    1.00000
     1.00000   -24.7702   -32.7677    39.4442    1.00000    1.00000
     1.00000    3.86963E-02    12.7551   -3.33399    1.00000    1.00000
     1.00000    2.79034   -5.49933    24.0895    1.00000    1.00000
     1.00000    20.8256    27.9008   -49.0955    1.00000    1.00000
     1.00000    22.6589   -10.8931   -3.58488    1.00000    1.00000
     1.00000   -4.25171    4.51628   -13.4899    1.00000    1.00000
     1.00000   -11.9178   -16.5583    39.7096    1.00000    1.00000
     1.00000    9.29132   -3.62425   -35.5071    1.00000    1.00000
     1.00000   -9.71887   -33.4000    26.8869    1.00000    1.00000
     1.00000    1.42960    6.51830    4.47176    1.00000    1.00000
     1.00000   -10.6101    6.35770    16.3665    1.00000    1.00000
     1.00000    9.18738    14.8288   -35.5400    1.00000    1.00000
     1.00000   -9.17053E-03   -16.8816    29.5646    1.00000    1.00000
     1.00000   0.646667    12.3469   -16.3464    1.00000    1.00000
     1.00000   -29.7060   -7.87568    52.9949    1.00000    1.00000
     1.00000   -4.95815    19.2423   -32.5429    1.00000    1.00000
     1.00000   -15.1885   -31.0366    38.0254    1.00000    1.00000
     1.00000    1.90987    19.8671   -9.90036    1.00000    1.00000
     1.00000    7.19848    1.43669    22.6061    1.00000    1.00000
     1.00000    16.8720    21.3281   -58.6490    1.00000    1.00000
     1.00000    15.5980   -29.7467    8.91989    1.00000    1.00000
     1.00000   -8.68225E-03    3.68988   -19.4232    1.00000    1.00000
     1.00000   -6.77637   -5.97858    29.2238    1.00000    1.00000
     1.00000    2.56183   -4.71630   -31.4804    1.00000    1.00000
     1.00000   -8.01603   -23.2451    19.7164    1.00000    1.00000
     1.00000    1.69998    6.03029    7.46831    1.00000    1.00000
     1.00000   -13.8868   -3.13469    13.1480    1.00000    1.00000
     1.00000    19.4849    14.6533   -41.1917    1.00000    1.00000
     1.00000    8.51488   -12.7488    5.60452    1.00000    1.00000
     1.00000    2.98866    29.3482   -14.5430    1.00000    1.00000
     1.00000   -16.2802   -12.1787    44.4555    1.00000    1.00000
     1.00000   -8.73645   10.22464   -27.1706    1.00000    1.00000
     1.00000   -23.4899   -27.1203    38.3345    1.00000    1.00000
     1.00000   -6.74109    18.9397   -5.44029    1.00000    1.00000
     1.00000   -4.67930   -5.21856    20.0699    1.00000    1.00000
     1.00000    13.6760    23.1011   -51.4434    1.00000    1.00000
     1.00000    13.9542   -16.6598   -3.93051    1.00000    1.00000
     1.00000   -1.36228   -1.56858   -15.5174    1.00000    1.00000
     1.00000  -10.17791   -10.7463    28.8128    1.00000    1.00000
     1.00000    8.89722   -10.5865   -38.8670    1.00000    1.00000
     1.00000   -2.57977   -34.5830    23.3645    1.00000    1.00000
     1.00000   0.508244    10.7963    2.48573    1.00000    1.00000
     1.00000   -11.2992    8.98365    13.4676    1.00000    1.00000
     1.00000    24.9413    17.9298   -32.5402    1.00000    1.00000
     1.00000    3.46944   -12.1131    17.7692    1.00000    1.00000
     1.00000    4.75875    23.4762   -18.4412    1.00000    1.00000
     1.00000   -34.9443   -2.57492    47.7278    1.00000    1.00000
     1.00000    4.54865    22.3061   -35.2829    1.00000    1.00000
     1.00000   -7.32677   -30.1649    32.5133    1.00000    1.00000
     1.00000    6.26692    14.2582   -9.96235    1.00000    1.00000
     1.00000    1.23640    12.4584    22.0987    1.00000    1.00000
     1.00000    23.8289    16.4233   -53.1172    1.00000    1.00000
     1.00000    15.3658   -27.8704    4.80640    1.00000    1.00000
     1.00000   -13.0091    1.83414   -18.4936    1.00000    1.00000
     1.00000   -5.07674   -9.43600    19.5378    1.00000    1.00000
     1.00000  -0.352634    1.97211   -30.1102    1.00000    1.00000
     1.00000   -3.38730   -25.7568    22.9489    1.00000    1.00000
     1.00000    1.86855   -4.80423    9.37839    1.00000    1.00000
     1.00000   -6.19039   0.168900    16.9760    1.00000    1.00000
     1.00000    25.9554    8.88079   -40.8391    1.00000    1.00000
     1.00000    7.36541   -9.31020    4.11276    1.00000    1.00000
     1.00000    4.23935    31.5409   -16.4368    1.00000    1.00000
     1.00000   -18.8755   -4.33376    40.4003    1.00000    1.00000
     1.00000   -3.22404    22.1163   -29.4653    1.00000    1.00000
     1.00000   -26.3758   -27.6427    36.6208    1.00000    1.00000
     1.00000   0.383934    17.0195   -4.01213    1.00000    1.00000
     1.00000    2.15028   -2.96554    26.0090    1.00000    1.00000
     1.00000    17.0863    21.6118   -50.6125    1.00000    1.00000
     1.00000    17.5172   -13.0093  -0.272003    1.00000    1.00000
     1.00000    2.30046    7.29191   -8.38037    1.00000    1.00000
     1.00000   -13.3007   -19.7805    40.4438    1.00000    1.00000
     1.00000    16.2919   -6.46087   -33.1454    1.00000    1.00000
     1.00000   -10.5845   -30.8566    19.9839    1.00000    1.00000
     1.00000    1.41816    13.2257    3.94556    1.00000    1.00000
     1.00000   -14.6243    3.39010    16.6984    1.00000    1.00000
     1.00000    11.7163    19.7037   -39.4306    1.00000    1.00000
     1.00000    4.09297   -14.4252    26.7985    1.00000    1.00000
     1.00000    3.11521    19.2083   -17.1737    1.00000    1.00000
     1.00000   -28.4307   -7.17406    47.5949    1.00000    1.00000
     1.00000    1.27687    22.2071   -37.1497    1.00000    1.00000
     1.00000   -12.4309   -28.4187    37.5630    1.00000    1.00000
     1.00000    5.71410    20.3883   -11.0696    1.00000    1.00000
     1.00000    6.65013   0.982094    19.2776    1.00000    1.00000
     1.00000    22.6411    24.3313   -59.1337    1.00000    1.00000
     1.00000    17.7325   -24.3125    6.34380    1.00000    1.00000
     1.00000   -2.23438   0.565113   -23.3566    1.00000    1.00000
     1.00000   -5.14420   -7.69729    26.0188    1.00000    1.00000
     1.00000    4.46478   -7.72386   -33.9052    1.00000    1.00000
     1.00000   0.997658   -20.4776    22.5737    1.00000    1.00000
     1.00000    3.73377    5.34149    12.0356    1.00000    1.00000
     1.00000   -9.78445   -2.83167    17.5775    1.00000    1.00000
     1.00000    19.3343    18.1895   -42.8793    1.00000    1.00000
     1.00000    5.71303   -14.1729    14.2516    1.00000    1.00000
     1.00000    7.84663    26.9177   -22.3760    1.00000    1.00000
     1.00000   -18.4562   -9.82950    40.5706    1.00000    1.00000
     1.00000   -6.24303    14.7969   -26.9937    1.00000    1.00000
     1.00000   -24.9786   -20.8336    37.3515    1.00000    1.00000
     1.00000   -4.53787    23.4079    1.96709    1.00000    1.00000
     1.00000   -4.52301    1.63695    27.4041    1.00000    1.00000
     1.00000    12.8108    21.9334   -55.1410    1.00000    1.00000
     1.00000    15.5801   -17.1812    2.52624    1.00000    1.00000
     1.00000   -7.64179    3.92308   -11.5180    1.00000    1.00000
     1.00000   -8.49500   -14.3034    39.9987    1.00000    1.00000
     1.00000    4.85442   -5.32568   -36.3020    1.00000    1.00000
     1.00000    1.43690   -28.4764    19.3298    1.00000    1.00000
     1.00000   -3.21176    8.00942  -0.461971    1.00000    1.00000
     1.00000   -9.48316    5.91206    14.6805    1.00000    1.00000
     1.00000    17.1239    20.2661   -36.1509    1.00000    1.00000
     1.00000   0.473343   -15.4668    22.0664    1.00000    1.00000
     1.00000    8.53671    28.3379   -14.7199    1.00000    1.00000
     1.00000   -32.6644    2.17200    50.9099    1.00000    1.00000
     1.00000    4.02193    25.8626   -39.3805    1.00000    1.00000
     1.00000   -11.3780   -29.0409    31.6321    1.00000    1.00000
     1.00000    7.47346    16.7371   -7.21834    1.00000    1.00000
     1.00000    2.79580    3.08092    24.8908    1.00000    1.00000
     1.00000    21.3831    14.6650   -55.0340    1.00000    1.00000
     1.00000    13.3871   -29.7842    5.59729    1.00000    1.00000
     1.00000   -5.12072    1.62629   -22.2861    1.00000    1.00000
     1.00000   -11.2810   -8.82091    20.5979    1.00000    1.00000
     1.00000   -6.69289E-02    3.09593   -25.0464    1.00000    1.00000
     1.00000  -0.330650   -26.4907    16.2322    1.00000    1.00000
     1.00000    9.79201   -1.86748    9.89090    1.00000    1.00000
     1.00000   -4.75173    4.44045    25.0718    1.00000    1.00000
     1.00000    20.0076    12.6117   -47.4136    1.00000    1.00000
     1.00000    14.4740   -11.8955    6.38741    1.00000    1.00000
     1.00000   -3.91625    32.7680   -11.8535    1.00000    1.00000
     1.00000   -18.4817   -1.66370    34.9380    1.00000    1.00000
     1.00000   -1.88104    14.2994   -29.4602    1.00000    1.00000
     1.00000   -21.8085   -30.1123    41.1385    1.00000    1.00000
     1.00000  -0.413795    14.1411   -4.70294    1.00000    1.00000
     1.00000   0.799538   -8.38047    25.5824    1.00000    1.00000
     1.00000    18.8483    26.7753   -51.6884    1.00000    1.00000
     1.00000    19.0751   -11.3470   -3.44871    1.00000    1.00000
     1.00000    1.25510    8.18919   -13.1065    1.00000    1.00000
     1.00000   -13.9684   -19.4495    43.1693    1.00000    1.00000
     1.00000    9.85625   -2.86854   -37.5462    1.00000    1.00000
     1.00000   -13.2351   -31.4989    24.5682    1.00000    1.00000
     1.00000   0.837360    8.29036    3.75830    1.00000    1.00000
     1.00000   -12.1637    5.71024    18.6333    1.00000    1.00000
     1.00000    14.4109    19.7050   -37.2881    1.00000    1.00000
     1.00000    1.11388   -11.5617    26.5315    1.00000    1.00000
     1.00000   0.974720    7.04316   -19.5220    1.00000    1.00000
     1.00000   -31.3307   -11.3912    49.1188    1.00000    1.00000
     1.00000   -2.81346    20.7113   -34.6403    1.00000    1.00000
     1.00000   -16.9896   -29.6569    39.9660    1.00000    1.00000
     1.00000  -0.843376    14.0188   -11.5406    1.00000    1.00000
     1.00000    2.91754   0.343246    24.0904    1.00000    1.00000
     1.00000    14.2075    18.3463   -55.7571    1.00000    1.00000
     1.00000    18.7813   -27.2064    7.80118    1.00000    1.00000
     1.00000   -1.13352    4.68989   -15.8989    1.00000    1.00000
     1.00000   -8.47540   -8.97377    32.0598    1.00000    1.00000
     1.00000    1.32522   -1.70113   -32.1779    1.00000    1.00000
     1.00000   -6.52471   -21.8399    21.5736    1.00000    1.00000
     1.00000   0.712139    7.30998    8.64583    1.00000    1.00000
     1.00000   -13.0508    3.30305    13.0206    1.00000    1.00000
     1.00000    17.2268    16.0307   -39.1936    1.00000    1.00000
     1.00000    9.37215   -16.4523    9.06721    1.00000    1.00000
     1.00000    4.85250    29.9409   -14.1249    1.00000    1.00000
     1.00000   -17.4674   -15.5292    46.9821    1.00000    1.00000
     1.00000   -6.82384    15.2911   -28.8426    1.00000    1.00000
     1.00000   -20.6868   -21.7100    37.0028    1.00000    1.00000
     1.00000   -3.09715    19.9419  -0.941883    1.00000    1.00000
     1.00000   -3.19923   -3.68627    23.3279    1.00000    1.00000
     1.00000    14.6885    21.1210   -49.0413    1.00000    1.00000
     1.00000    16.6609   -17.9998   -3.68930    1.00000    1.00000
     1.00000   -3.26986    1.95818   -17.1495    1.00000    1.00000
     1.00000   -7.53599   -12.0096    31.9719    1.00000    1.00000
     1.00000    5.23531   -13.1933   -36.2408    1.00000    1.00000
     1.00000   -5.64302   -28.4661    26.4274    1.00000    1.00000
     1.00000  -0.457859    9.13262    1.93908    1.00000    1.00000
     1.00000   -11.5253    12.1219    16.8099    1.00000    1.00000
     1.00000    21.5417    22.0691   -31.2763    1.00000    1.00000
     1.00000    2.71844   -13.9274    17.3894    1.00000    1.00000
     1.00000    6.03607    20.7901   -15.9956    1.00000    1.00000
     1.00000   -30.2067   -5.12849    47.8525    1.00000    1.00000
     1.00000    5.27647    21.4901   -38.1999    1.00000    1.00000
     1.00000   -12.0811   -31.6087    29.2819    1.00000    1.00000
     1.00000    3.89408    13.0696   -9.79838    1.00000    1.00000
     1.00000    1.66708    11.3353    23.9763    1.00000    1.00000
     1.00000    26.8380    16.7484   -55.1130    1.00000    1.00000
     1.00000    12.0379   -29.1069    3.58932    1.00000    1.00000
     1.00000  -10.26485    1.25905   -20.7855    1.00000    1.00000
     1.00000   -6.80253   -8.66644    22.5629    1.00000    1.00000
     1.00000   -3.32287    1.14216   -29.7688    1.00000    1.00000
     1.00000   -2.57981   -27.2402    19.9871    1.00000    1.00000
     1.00000    4.29894   -1.53170    10.9509    1.00000    1.00000
     1.00000   -5.18410    3.51968    17.7552    1.00000    1.00000
     1.00000    22.7249    9.86802   -45.0010    1.00000    1.00000
     1.00000    11.2596   -9.48733    3.67889    1.00000    1.00000
     1.00000   -1.76170    36.3888   -13.2584    1.00000    1.00000
     1.00000   -22.1903   -5.63780    41.8744    1.00000    1.00000
     1.00000   -2.23538    20.3915   -29.6832    1.00000    1.00000
     1.00000   -24.9286   -28.5734    35.2461    1.00000    1.00000
     1.00000   -2.98272    16.5378   -4.40101    1.00000    1.00000
     1.00000   -2.17440   0.645958    25.4700    1.00000    1.00000
     1.00000    19.2446    20.3638   -53.3469    1.00000    1.00000
     1.00000    16.0574  -10.39852   -7.47681E-02    1.00000    1.00000
     1.00000  -0.199738    5.99463   -8.59044    1.00000    1.00000
     1.00000   -10.6373   -18.5163    37.2726    1.00000    1.00000
     1.00000    15.3763   -5.05541   -35.8074    1.00000    1.00000
     1.00000   -8.88409   -31.7272    21.7987    1.00000    1.00000
     1.00000   -2.36823    14.7274    3.11826    1.00000    1.00000
     1.00000   -13.6003    5.19774    13.6172    1.00000    1.00000
     1.00000    7.79092    21.3890   -40.7907    1.00000    1.00000
     1.00000    3.95961   -16.1233    27.8467    1.00000    1.00000
     1.00000   -2.06914    13.5676   -17.5713    1.00000    1.00000
     1.00000   -25.7274   -8.32199    45.1930    1.00000    1.00000
     1.00000  -0.802406    21.7899   -35.5345    1.00000    1.00000
     1.00000   -12.1644   -26.4807    33.9131    1.00000    1.00000
     1.00000    2.79817    16.5551   -9.15219    1.00000    1.00000
     1.00000    7.90564    1.28619    13.7154    1.00000    1.00000
     1.00000    20.3078    22.0911   -55.4561    1.00000    1.00000
     1.00000    17.9021   -20.2764    2.18075    1.00000    1.00000
     1.00000  -0.853020    1.35439   -20.1144    1.00000    1.00000
     1.00000   -3.48274   -11.7611    26.7314    1.00000    1.00000
     1.00000    5.37395   -5.97468   -34.2425    1.00000    1.00000
     1.00000    1.38449   -20.8870    20.6547    1.00000    1.00000
     1.00000    4.37418    6.45098   10.49968    1.00000    1.00000
     1.00000   -10.5883   -3.48881    15.6672    1.00000    1.00000
     1.00000    17.0644    17.9051   -46.8032    1.00000    1.00000
     1.00000    7.91064   -16.7368    13.0150    1.00000    1.00000
     1.00000    2.41055    26.0560   -20.6639    1.00000    1.00000
     1.00000   -19.7713   -8.55082    41.3679    1.00000    1.00000
     1.00000   -6.88345    19.2278   -28.4524    1.00000    1.00000
     1.00000   -25.7623   -21.7499    32.3190    1.00000    1.00000
     1.00000   -2.68449    24.7731    3.73245    1.00000    1.00000
     1.00000   -7.22153   -4.14198    28.5690    1.00000    1.00000
     1.00000    9.97395    20.0121   -55.1259    1.00000    1.00000
     1.00000    18.6417   -18.3487    7.31186    1.00000    1.00000
     1.00000   -1.80362    1.98191   -11.6243    1.00000    1.00000
     1.00000   -10.6918   -15.3492    38.6922    1.00000    1.00000
     1.00000    7.93018   -7.09290   -39.7704    1.00000    1.00000
     1.00000  -0.410904   -28.4929    23.3222    1.00000    1.00000
     1.00000  -0.393173    8.86524   -4.17997    1.00000    1.00000
     1.00000   -11.6206    4.01098    8.52531    1.00000    1.00000
     1.00000    21.9546    17.7931   -33.0623    1.00000    1.00000
     1.00000  -0.405579   -17.2616    22.1450    1.00000    1.00000
     1.00000    8.29366    24.1220   -16.4119    1.00000    1.00000
     1.00000   -35.7100  -0.983383    46.7894    1.00000    1.00000
     1.00000    8.36446    24.6028   -39.5257    1.00000    1.00000
     1.00000   -7.13902   -26.5035    33.7499    1.00000    1.00000
     1.00000    12.3816    12.5868   -2.46158    1.00000    1.00000
     1.00000    4.29618    6.21344    23.8907    1.00000    1.00000
     1.00000    18.6901    15.2246   -52.1128    1.00000    1.00000
     1.00000    7.54335   -32.9053    7.31371    1.00000    1.00000
     1.00000   -5.93466    3.22757   -24.5387    1.00000    1.00000
     1.00000   -8.72366   -8.34801    23.0188    1.00000    1.00000
     1.00000    1.37918    6.66437   -25.9021    1.00000    1.00000
     1.00000   0.252861   -26.1633    20.5544    1.00000    1.00000
     1.00000    6.64860   -3.60891    13.7110    1.00000    1.00000
     1.00000   -7.57235    5.63805    21.5280    1.00000    1.00000
     1.00000    20.1843    15.2392   -49.3727    1.00000    1.00000
     1.00000    15.3754  -10.42031    2.84805    1.00000    1.00000
     1.00000   -3.23874    31.7322   -15.1609    1.00000    1.00000
     1.00000   -19.2450   0.985813    37.7433    1.00000    1.00000
     1.00000   -3.27542    12.5652   -25.6362    1.00000    1.00000
     1.00000   -23.6087   -31.8230    35.3151    1.00000    1.00000
     1.00000    1.06908    11.7647   -4.73312    1.00000    1.00000
     1.00000    3.43609   -5.87916    27.2465    1.00000    1.00000
     1.00000    23.9258    24.5273   -46.6434    1.00000    1.00000
     1.00000    23.1264   -10.6586   -6.24721    1.00000    1.00000
     1.00000   -1.66875    7.18919   -13.0163    1.00000    1.00000
     1.00000   -12.9529   -15.7133    41.1978    1.00000    1.00000
     1.00000    12.8075   -2.50665   -36.1220    1.00000    1.00000
     1.00000   -8.91434   -29.9629    27.8374    1.00000    1.00000
     1.00000    1.00593    6.01735    2.01884    1.00000    1.00000
     1.00000   -8.99936    6.30590    17.5509    1.00000    1.00000
     1.00000    11.2758    17.8014   -34.8570    1.00000    1.00000
     1.00000    2.52547   -14.9645    29.4663    1.00000    1.00000
     1.00000   -1.14364   10.40192   -14.1507    1.00000    1.00000
     1.00000   -30.7525   -7.14317    50.1782    1.00000    1.00000
     1.00000   -6.38033    20.6484   -32.5499    1.00000    1.00000
     1.00000   -14.9295   -31.0742    41.9196    1.00000    1.00000
     1.00000    1.11591    17.3197   -12.1242    1.00000    1.00000
     1.00000    8.03870    1.39109    24.5336    1.00000    1.00000
     1.00000    19.9085    22.2532   -57.6583    1.00000    1.00000
     1.00000    16.1390   -31.2692    7.74115    1.00000    1.00000
     1.00000    1.35770    4.29713   -16.1480    1.00000    1.00000
     1.00000   -6.73143   -7.82391    29.9937    1.00000    1.00000
     1.00000    2.20541   -5.72161   -29.7886    1.00000    1.00000
     1.00000   -6.64119   -25.9494    20.0956    1.00000    1.00000
     1.00000   -1.48376    3.66926    6.47632    1.00000    1.00000
     1.00000   -15.9611    1.40126    12.7791    1.00000    1.00000
     1.00000    18.1915    13.2689   -41.8324    1.00000    1.00000
     1.00000    7.22249   -13.6840    4.39820    1.00000    1.00000
     1.00000    4.28362    25.4087   -18.2415    1.00000    1.00000
     1.00000   -13.8567   -11.5367    43.2895    1.00000    1.00000
     1.00000  -10.40600    13.6091   -27.1826    1.00000    1.00000
     1.00000   -21.0883   -24.6877    36.3745    1.00000    1.00000
     1.00000   -6.46390    20.8079   -4.78222    1.00000    1.00000
     1.00000   -5.87612   -2.75402    19.8228    1.00000    1.00000
     1.00000    13.6670    23.0365   -49.4068    1.00000    1.00000
     1.00000    13.7695   -19.5742   -2.38451    1.00000    1.00000
     1.00000   -8.09860E-03  -0.157345   -15.0996    1.00000    1.00000
     1.00000   -8.18443  -10.44333    28.0818    1.00000    1.00000
     1.00000    8.21827   -12.1149   -37.7702    1.00000    1.00000
     1.00000   -3.04125   -36.5097    23.6376    1.00000    1.00000
     1.00000    1.39059    12.7262  -0.261082    1.00000    1.00000
     1.00000   -11.9347    8.26334    16.0839    1.00000    1.00000
     1.00000    23.5254    19.8997   -32.2636    1.00000    1.00000
     1.00000    3.21540   -9.98731    16.4953    1.00000    1.00000
     1.00000    8.41698    22.0396   -18.1872    1.00000    1.00000
     1.00000   -35.0351   -3.22811    44.6305    1.00000    1.00000
     1.00000    8.14497    22.0790   -35.8990    1.00000    1.00000
     1.00000   -9.00138   -32.1340    31.6030    1.00000    1.00000
     1.00000    2.66026    13.5475   -7.08590    1.00000    1.00000
     1.00000   0.829941    15.5143    21.7187    1.00000    1.00000
     1.00000    25.4813    17.5151   -53.3958    1.00000    1.00000
     1.00000    16.2096   -25.3630    5.58423    1.00000    1.00000
     1.00000   -11.1020    1.91735   -17.8970    1.00000    1.00000
     1.00000   -4.36249   -11.1226    18.7345    1.00000    1.00000
     1.00000   -1.55241    3.54646   -29.1551    1.00000    1.00000
     1.00000   -6.26883   -27.4896    24.4778    1.00000    1.00000
     1.00000    2.74526   -3.47353    12.8996    1.00000    1.00000
     1.00000   -8.12481   0.676861    16.9719    1.00000    1.00000
     1.00000    23.7304    9.68758   -41.3967    1.00000    1.00000
     1.00000    10.9260   -9.39622    5.64877    1.00000    1.00000
     1.00000    3.86665    35.5535   -12.8275    1.00000    1.00000
     1.00000   -18.9254   -2.73605    38.7893    1.00000    1.00000
     1.00000   -2.72426    22.9884   -27.0022    1.00000    1.00000
     1.00000   -28.2911   -29.0784    38.3872    1.00000    1.00000
     1.00000    1.87054    19.0857   -5.08214    1.00000    1.00000
     1.00000   0.197945   -3.23022    25.6651    1.00000    1.00000
     1.00000    17.4409    23.5189   -52.9915    1.00000    1.00000
     1.00000    15.6299   -15.1220  -0.689472    1.00000    1.00000
     1.00000    3.33244    6.00084   -9.50650    1.00000    1.00000
     1.00000   -13.6506   -21.4127    37.1180    1.00000    1.00000
     1.00000    16.6004   -5.59735   -31.0900    1.00000    1.00000
     1.00000   -12.4243   -34.6357    17.7502    1.00000    1.00000
     1.00000  -0.478855    14.1916    3.49666    1.00000    1.00000
     1.00000   -16.2814    3.12977    15.2307    1.00000    1.00000
     1.00000    10.7872    22.7101   -39.0176    1.00000    1.00000
     1.00000    2.63320   -11.0898    25.3195    1.00000    1.00000
     1.00000    1.52153    18.0063   -17.2983    1.00000    1.00000
     1.00000   -27.4182   -9.95871    49.7869    1.00000    1.00000
     1.00000    1.73812    23.6883   -39.0372    1.00000    1.00000
     1.00000   -14.0142   -27.5564    38.4288    1.00000    1.00000
     1.00000    7.58138    18.1978   -8.58028    1.00000    1.00000
     1.00000    3.84715   -1.33196    20.8903    1.00000    1.00000
     1.00000    24.8890    23.5945   -57.2353    1.00000    1.00000
     1.00000    20.4549   -23.0139    5.85631    1.00000    1.00000
     1.00000   -3.54538  -0.626331   -25.4385    1.00000    1.00000
     1.00000   -3.99018   -6.21468    27.9584    1.00000    1.00000
     1.00000    3.45928   -4.90681   -34.9315    1.00000    1.00000
     1.00000   -2.82927   -23.1456    23.5757    1.00000    1.00000
     1.00000    2.70013    1.88249    11.3415    1.00000    1.00000
     1.00000   -7.60572   -3.60117    17.8897    1.00000    1.00000
     1.00000    17.4342    17.5654   -42.8691    1.00000    1.00000
     1.00000    8.07628   -12.2970    14.7414    1.00000    1.00000
     1.00000    4.27277    28.2953   -22.0938    1.00000    1.00000
     1.00000   -17.3352   -9.39356    44.3718    1.00000    1.00000
     1.00000   -5.85165    14.8975   -25.0350    1.00000    1.00000
     1.00000   -22.6392   -21.8441    36.5902    1.00000    1.00000
     1.00000   -5.70893    22.5309   0.603420    1.00000    1.00000
     1.00000   -4.15488   0.901512    25.5811    1.00000    1.00000
     1.00000    14.6268    22.6692   -54.7397    1.00000    1.00000
     1.00000    15.0105   -16.1671   0.899269    1.00000    1.00000
     1.00000   -7.02324   0.408138   -12.8179    1.00000    1.00000
     1.00000   -9.47174   -12.4373    36.0633    1.00000    1.00000
     1.00000    6.35730   -5.26688   -37.6203    1.00000    1.00000
     1.00000    1.35221   -28.9654    22.5048    1.00000    1.00000
     1.00000   -4.08587    10.9766    1.42193    1.00000    1.00000
     1.00000   -9.46827    5.05560    12.8733    1.00000    1.00000
     1.00000    16.0476    18.6900   -36.7486    1.00000    1.00000
     1.00000    1.81776   -15.8673    20.6409    1.00000    1.00000
     1.00000    7.37196    25.7820   -15.7834    1.00000    1.00000
     1.00000   -29.1469    1.41612    49.7790    1.00000    1.00000
     1.00000    5.52851    24.3019   -40.9203    1.00000    1.00000
     1.00000   -10.8231   -32.8128    35.3772    1.00000    1.00000
     1.00000    7.81314    14.6611   -6.01046    1.00000    1.00000
     1.00000    1.89313    3.86359    21.9208    1.00000    1.00000
     1.00000    21.0314    11.7406   -56.4346    1.00000    1.00000
     1.00000    12.0320   -31.5187    7.64452    1.00000    1.00000
     1.00000   -5.00931    3.30059   -20.9101    1.00000    1.00000
     1.00000   -11.8263   -9.39333    18.7608    1.00000    1.00000
     1.00000   -8.86459E-02    4.12173   -27.9196    1.00000    1.00000
     1.00000  -0.914581   -24.9693    17.3915    1.00000    1.00000
     1.00000    6.53768  -0.681919   10.11804    1.00000    1.00000
     1.00000   -3.62424    3.11060    24.0919    1.00000    1.00000
     1.00000    22.1714    12.2901   -45.5730    1.00000    1.00000
     1.00000    16.2285   -14.0669    8.79352    1.00000    1.00000
     1.00000   -4.04694    33.5708   -9.19066    1.00000    1.00000
     1.00000   -19.2061   -3.61500    33.5181    1.00000    1.00000
     1.00000   -2.43024    15.1801   -26.1665    1.00000    1.00000
     1.00000   -24.5590   -30.5809    40.2592    1.00000    1.00000
     1.00000   -2.23108    13.4016   -2.27312    1.00000    1.00000
     1.00000   0.865334   -6.51585    24.8621    1.00000    1.00000
     1.00000    19.5549    26.5432   -49.8318    1.00000    1.00000
     1.00000    19.5287   -8.94181   -4.26034    1.00000    1.00000
     1.00000    7.91779E-02    6.77765   -13.8969    1.00000    1.00000
     1.00000   -16.7820   -16.8041    43.0805    1.00000    1.00000
     1.00000    7.53532   -2.98307   -40.0707    1.00000    1.00000
     1.00000   -10.8951   -32.3711    24.3800    1.00000    1.00000
     1.00000    1.21357   10.39933    6.07268    1.00000    1.00000
     1.00000   -11.0647    6.49130    20.1105    1.00000    1.00000
     1.00000    13.3485    18.3327   -39.4050    1.00000    1.00000
     1.00000   0.262634   -13.1017    27.4822    1.00000    1.00000
     1.00000    1.21730   10.46896   -16.7307    1.00000    1.00000
     1.00000   -32.3056   -11.8437    51.3991    1.00000    1.00000
     1.00000   -6.02705    21.3299   -34.3967    1.00000    1.00000
     1.00000   -18.2549   -28.9671    41.8019    1.00000    1.00000
     1.00000   -2.45827    12.8359   -14.2236    1.00000    1.00000
     1.00000    5.52222  -0.767300    24.6326    1.00000    1.00000
     1.00000    15.0433    20.7734   -58.0587    1.00000    1.00000
     1.00000    19.1204   -25.2354    7.79600    1.00000    1.00000
     1.00000   -3.31959    4.17419   -16.4804    1.00000    1.00000
     1.00000   -4.19505   -7.06084    34.3051    1.00000    1.00000
     1.00000   0.288445    1.94931E-03   -32.0210    1.00000    1.00000
     1.00000   -3.63168   -22.8540    21.7552    1.00000    1.00000
     1.00000    3.49738    9.20687    9.05527    1.00000    1.00000
     1.00000   -11.3859    4.22246    13.6392    1.00000    1.00000
     1.00000    18.2380    18.5868   -40.4535    1.00000    1.00000
     1.00000    8.66117   -15.9996    6.08134    1.00000    1.00000
     1.00000    3.90121    29.6099   -12.3970    1.00000    1.00000
     1.00000   -17.3394   -13.5404    47.1499    1.00000    1.00000
     1.00000   -9.50484    15.2066   -27.9801    1.00000    1.00000
     1.00000   -21.3324   -24.4715    38.3477    1.00000    1.00000
     1.00000   -5.03548    19.6440   -1.33443    1.00000    1.00000
     1.00000   -2.56487   -5.51346    22.8190    1.00000    1.00000
     1.00000    17.1673    18.7348   -50.3747    1.00000    1.00000
     1.00000    16.0576   -19.9327   -1.36201    1.00000    1.00000
     1.00000   -4.21838   0.202969   -17.2893    1.00000    1.00000
     1.00000   -7.45592   -12.7460    33.8297    1.00000    1.00000
     1.00000    7.62321  -10.45707   -34.0370    1.00000    1.00000
     1.00000   -5.51652   -30.3297    25.7126    1.00000    1.00000
     1.00000   -2.94601    8.28255    4.44331    1.00000    1.00000
     1.00000   -10.9816   10.23492    16.4310    1.00000    1.00000
     1.00000    23.0819    23.8226   -31.8341    1.00000    1.00000
     1.00000    3.44630   -17.5539    15.5043    1.00000    1.00000
     1.00000    4.31783    19.8119   -15.6940    1.00000    1.00000
     1.00000   -31.8590   -4.41145    46.9830    1.00000    1.00000
     1.00000    3.96788    22.8738   -38.8106    1.00000    1.00000
     1.00000   -13.9908   -32.8789    32.2901    1.00000    1.00000
     1.00000   0.121391    15.2617   -8.35717    1.00000    1.00000
     1.00000    2.58160   10.20808    25.3522    1.00000    1.00000
     1.00000    26.7497    16.1140   -51.7579    1.00000    1.00000
     1.00000    16.3038   -29.0531    3.32825    1.00000    1.00000
     1.00000  -10.43035   0.841148   -22.7344    1.00000    1.00000
     1.00000   -4.81530   -8.88803    22.5200    1.00000    1.00000
     1.00000   -3.07156   -1.30749   -31.1015    1.00000    1.00000
     1.00000   -3.67582   -26.8414    18.3624    1.00000    1.00000
     1.00000    3.83455   -4.61489    9.06371    1.00000    1.00000
     1.00000   -5.27729    1.95034    18.9915    1.00000    1.00000
     1.00000    21.6032    11.0981   -42.5680    1.00000    1.00000
     1.00000    12.4665   -9.70829    1.59403    1.00000    1.00000
     1.00000   0.167721    36.8437   -13.5237    1.00000    1.00000
     1.00000   -23.5811   -6.67871    43.5099    1.00000    1.00000
     1.00000   -2.53966    17.2369   -28.0330    1.00000    1.00000
     1.00000   -26.9677   -29.8415    35.3677    1.00000    1.00000
     1.00000   -2.60516    19.8291   -3.40871    1.00000    1.00000
     1.00000   0.140472  -0.923134    26.6565    1.00000    1.00000
     1.00000    16.7834    23.1866   -54.8508    1.00000    1.00000
     1.00000    17.7469   -9.19939   0.164932    1.00000    1.00000
     1.00000   -1.70715    10.8571   -7.98177    1.00000    1.00000
     1.00000  -10.16064   -19.5062    34.9629    1.00000    1.00000
     1.00000    16.0210   -1.68655   -33.8240    1.00000    1.00000
     1.00000   -7.78064   -33.9411    23.9604    1.00000    1.00000
     1.00000   -1.01627    15.1571    8.36534    1.00000    1.00000
     1.00000   -15.3753    6.85128    15.4420    1.00000    1.00000
     1.00000    8.58939    19.4985   -37.3671    1.00000    1.00000
     1.00000    2.99331   -16.6422    26.1743    1.00000    1.00000
     1.00000   -7.35283E-02    16.9182   -17.8196    1.00000    1.00000
     1.00000   -25.2952   -8.82729    47.0793    1.00000    1.00000
     1.00000   -1.21015    20.2105   -36.6984    1.00000    1.00000
     1.00000   -12.5641   -25.7003    36.2926    1.00000    1.00000
     1.00000    4.22323    19.4184   -7.50940    1.00000    1.00000
     1.00000   10.49797  -0.121689    14.3987    1.00000    1.00000
     1.00000    20.8284    20.4826   -57.7949    1.00000    1.00000
     1.00000    17.3355   -21.6655    3.50340    1.00000    1.00000
     1.00000   -1.15179    3.04943   -23.2717    1.00000    1.00000
     1.00000   -5.24634   -9.22369    24.7305    1.00000    1.00000
     1.00000    7.88075   -5.96421   -35.4392    1.00000    1.00000
     1.00000   -1.36774   -20.4583    22.0002    1.00000    1.00000
     1.00000    2.29436    7.27381    11.9419    1.00000    1.00000
     1.00000   -10.6403   -3.60134    13.0355    1.00000    1.00000
     1.00000    20.9958    19.1106   -45.2037    1.00000    1.00000
     1.00000    8.96033   -15.0949    13.4650    1.00000    1.00000
     1.00000    1.59370    29.5361   -20.3261    1.00000    1.00000
     1.00000   -19.9676   -7.37703    42.9753    1.00000    1.00000
     1.00000   -6.35667    19.7737   -25.6825    1.00000    1.00000
     1.00000   -25.9585   -17.6769    35.3428    1.00000    1.00000
     1.00000   -4.14992    25.9252    4.87637    1.00000    1.00000
     1.00000   -5.33624   -2.07200    27.1691    1.00000    1.00000
     1.00000   10.55995    16.9563   -54.5649    1.00000    1.00000
     1.00000    19.7663   -17.9648    5.70317    1.00000    1.00000
     1.00000   -1.60828   0.473782   -13.3067    1.00000    1.00000
     1.00000   -9.41158   -13.1597    33.7641    1.00000    1.00000
     1.00000    7.09081   -7.12580   -37.5405    1.00000    1.00000
     1.00000   -1.25903   -31.8008    24.9747    1.00000    1.00000
     1.00000   -1.34807    7.29066   -3.39968    1.00000    1.00000
     1.00000  -10.27159    2.69854    7.84874    1.00000    1.00000
     1.00000    19.0899    17.9204   -35.0282    1.00000    1.00000
     1.00000  -0.849640   -17.4952    24.0939    1.00000    1.00000
     1.00000   10.23376    23.6906   -16.6351    1.00000    1.00000
     1.00000   -32.1176   0.249580    50.8366    1.00000    1.00000
     1.00000    7.37856    26.3396   -39.4174    1.00000    1.00000
     1.00000   -10.7145   -25.8517    32.6875    1.00000    1.00000
     1.00000   10.41293    12.6849   -4.04964    1.00000    1.00000
     1.00000    5.90388    5.03269    23.7454    1.00000    1.00000
     1.00000    19.4688    16.3021   -54.0081    1.00000    1.00000
     1.00000    8.76041   -31.7552    6.22005    1.00000    1.00000
     1.00000   -4.29195    3.58625   -23.2406    1.00000    1.00000
     1.00000   -9.00961   -6.95560    25.0860    1.00000    1.00000
     1.00000   -3.72832    7.98966   -26.7887    1.00000    1.00000
     1.00000    1.52910   -26.1066    18.8058    1.00000    1.00000
     1.00000    8.42937  -0.602436    12.6034    1.00000    1.00000
     1.00000   -7.03854    3.63680    21.6981    1.00000    1.00000
     1.00000    18.9343    12.5968   -49.1011    1.00000    1.00000
     1.00000    17.0458   -7.69050    2.72176    1.00000    1.00000
     1.00000   0.827011    33.4495   -13.2657    1.00000    1.00000
     1.00000   -19.2178  -0.361584    36.2656    1.00000    1.00000
     1.00000   -5.21023    9.24086   -26.3003    1.00000    1.00000
     1.00000   -23.7579   -32.5421    37.7341    1.00000    1.00000
     1.00000    1.61195    12.2740   -2.19667    1.00000    1.00000
     1.00000    2.69627   -6.78101    25.6219    1.00000    1.00000
     1.00000    21.0722    26.7150   -47.5040    1.00000    1.00000
     1.00000    24.2627   -11.2695   -4.71892    1.00000    1.00000
     1.00000   -6.21332    4.12873   -13.4462    1.00000    1.00000
     1.00000   -12.9699   -18.1998    39.2640    1.00000    1.00000
     1.00000    11.1560   -3.62946   -36.2303    1.00000    1.00000
     1.00000   -11.2483   -32.3371    27.6158    1.00000    1.00000
     1.00000   0.630421    4.70374    4.73386    1.00000    1.00000
     1.00000   -12.1063    5.04985    16.1411    1.00000    1.00000
     1.00000   10.13282    16.5500   -35.9189    1.00000    1.00000
     1.00000   -1.49121   -15.9834    28.5662    1.00000    1.00000
     1.00000    1.77767    13.4797   -17.5454    1.00000    1.00000
