     1.00000   -13.3861   -23.0975   -61.6320    1.00000    1.00000
     1.00000    3.35685  -0.518795    29.6420    1.00000    1.00000
     1.00000    5.23472   -4.07477   -31.6196    1.00000    1.00000
     1.00000   -17.9909    30.2277    39.1070    1.00000    1.00000
     1.00000   -4.30263   -4.34000   -35.3514    1.00000    1.00000
     1.00000    29.5413   -13.0635    31.2615    1.00000    1.00000
     1.00000    14.9184    6.26268    5.15973    1.00000    1.00000
     1.00000   -12.0729    8.23435    31.0102    1.00000    1.00000
     1.00000   -25.0089   -21.1401   -71.9710    1.00000    1.00000
     1.00000    7.02879    12.8369    47.4596    1.00000    1.00000
     1.00000   -4.98892   -20.0568   -14.1443    1.00000    1.00000
     1.00000   -8.00270    12.2051    31.3396    1.00000    1.00000
     1.00000    2.70489   -20.3973   -41.3255    1.00000    1.00000
     1.00000    19.7235    2.63012    27.4362    1.00000    1.00000
     1.00000    26.7266  -0.694302   -21.5084    1.00000    1.00000
     1.00000   -27.5113    25.8940    44.5016    1.00000    1.00000
     1.00000   -12.3545   -30.8654   -48.6261    1.00000    1.00000
     1.00000  -0.688992    9.22622    35.1594    1.00000    1.00000
     1.00000    13.5005   -6.07669   -16.1292    1.00000    1.00000
     1.00000   -15.1843    38.5119    31.9138    1.00000    1.00000
     1.00000   -12.3024    1.86208   -33.9424    1.00000    1.00000
     1.00000    22.3928   -11.8547    20.8626    1.00000    1.00000
     1.00000    15.7907  -0.397758  -10.38364    1.00000    1.00000
     1.00000   -8.22696    6.88137    46.2050    1.00000    1.00000
     1.00000   -16.3159   -29.6577   -75.2863    1.00000    1.00000
     1.00000    8.27570    21.2320    31.6527    1.00000    1.00000
     1.00000   0.283962  -10.12295   -24.5092    1.00000    1.00000
     1.00000   -10.5992    26.3557    40.8740    1.00000    1.00000
     1.00000   -3.08578   -23.7080   -53.1161    1.00000    1.00000
     1.00000    23.7645   -1.91592    28.1242    1.00000    1.00000
     1.00000    22.7065    6.13825   -11.7454    1.00000    1.00000
     1.00000   -16.0790    24.3468    43.2713    1.00000    1.00000
     1.00000   -9.66804   -24.1288   -64.9524    1.00000    1.00000
     1.00000   10.19318    1.86330    27.1264    1.00000    1.00000
     1.00000    1.12138   -4.41402   -24.0575    1.00000    1.00000
     1.00000   -13.1392    27.6355    52.9843    1.00000    1.00000
     1.00000   -9.89888   -1.30394   -35.6673    1.00000    1.00000
     1.00000    29.4714   -11.2021    27.5720    1.00000    1.00000
     1.00000    16.7535   -7.89776    4.76453    1.00000    1.00000
     1.00000   -16.7188    14.8214    35.1981    1.00000    1.00000
     1.00000   -23.7595   -25.1071   -71.9852    1.00000    1.00000
     1.00000    13.9988    13.9789    39.7838    1.00000    1.00000
     1.00000   -4.09545   -16.1829   -14.5848    1.00000    1.00000
     1.00000   -7.20532    19.4527    26.5115    1.00000    1.00000
     1.00000   10.19610   -22.2674   -35.5300    1.00000    1.00000
     1.00000    13.6672    1.77329    34.5020    1.00000    1.00000
     1.00000    25.1177   0.234867   -23.9419    1.00000    1.00000
     1.00000   -35.8712    33.5226    33.7962    1.00000    1.00000
     1.00000   -13.7250   -25.4518   -54.1470    1.00000    1.00000
     1.00000    2.37536    8.64032    27.1177    1.00000    1.00000
     1.00000    5.96182   -11.7867   -29.9402    1.00000    1.00000
     1.00000   -24.0085    42.0863    33.9708    1.00000    1.00000
     1.00000   -9.90512    6.77874   -37.3625    1.00000    1.00000
     1.00000    15.4323   -9.10718    25.5158    1.00000    1.00000
     1.00000    23.7906   0.954578   -4.48370    1.00000    1.00000
     1.00000   -8.97846    17.6337    55.3235    1.00000    1.00000
     1.00000   -18.2111   -25.8734   -65.9841    1.00000    1.00000
     1.00000    9.57605    8.58251    32.9836    1.00000    1.00000
     1.00000   -9.74624   -17.6080   -19.6855    1.00000    1.00000
     1.00000   -9.58699    16.7863    43.2768    1.00000    1.00000
     1.00000   -7.12333   -28.5903   -47.3976    1.00000    1.00000
     1.00000    23.2143   -1.35062    19.1310    1.00000    1.00000
     1.00000    21.7053    6.24266   -17.9493    1.00000    1.00000
     1.00000   -11.9190    19.0671    46.8415    1.00000    1.00000
     1.00000   -16.0022   -28.4092   -58.0993    1.00000    1.00000
     1.00000   10.36091   -1.69938    30.9677    1.00000    1.00000
     1.00000    3.75405  -10.02785   -30.3726    1.00000    1.00000
     1.00000   -19.1218    32.3415    37.1684    1.00000    1.00000
     1.00000   0.380711  -10.05979   -35.6747    1.00000    1.00000
     1.00000    30.3825   -20.0571    35.6194    1.00000    1.00000
     1.00000    18.5474   -2.25401    2.87933E-02    1.00000    1.00000
     1.00000   -12.6640    15.6874    27.3446    1.00000    1.00000
     1.00000   -26.6280   -27.9445   -69.4075    1.00000    1.00000
     1.00000    8.47638    10.6299    44.9963    1.00000    1.00000
     1.00000   -1.92153   -18.5633   -7.05832    1.00000    1.00000
     1.00000   -2.61296    14.8934    28.7848    1.00000    1.00000
     1.00000   0.831421   -11.6199   -34.5072    1.00000    1.00000
     1.00000    17.3153   -4.93179    25.4311    1.00000    1.00000
     1.00000    29.6851    1.25200   -15.6238    1.00000    1.00000
     1.00000   -30.5704    26.5952    36.0416    1.00000    1.00000
     1.00000   -9.73224   -36.5223   -53.3857    1.00000    1.00000
     1.00000   0.343159    13.1295    28.5581    1.00000    1.00000
     1.00000    13.0713   -8.45881   -22.3066    1.00000    1.00000
     1.00000   -23.8827    47.3564    30.2835    1.00000    1.00000
     1.00000   -18.7920    1.53025   -33.3702    1.00000    1.00000
     1.00000    20.7702   -13.2479    18.1046    1.00000    1.00000
     1.00000    18.5462   -8.02638   -17.7351    1.00000    1.00000
     1.00000   -6.87038   10.16936    49.7992    1.00000    1.00000
     1.00000   -18.0504   -34.0422   -67.7901    1.00000    1.00000
     1.00000    15.8432    9.87033    34.2990    1.00000    1.00000
     1.00000   -1.84490   -8.97076   -26.5981    1.00000    1.00000
     1.00000   -9.06361    21.6169    38.3423    1.00000    1.00000
     1.00000   -1.72588   -18.9218   -57.5563    1.00000    1.00000
     1.00000    19.8514   -5.76855    24.0611    1.00000    1.00000
     1.00000    23.3014    8.71582  -10.06290    1.00000    1.00000
     1.00000   -19.4801    25.3530    45.6123    1.00000    1.00000
     1.00000   -11.7499   -23.5169   -57.0902    1.00000    1.00000
     1.00000   0.712177    2.86292    31.8328    1.00000    1.00000
     1.00000   -2.24381   -7.20446   -29.8566    1.00000    1.00000
     1.00000   -14.7391    29.1529    50.4707    1.00000    1.00000
     1.00000   -7.22198  -0.899151   -34.1824    1.00000    1.00000
     1.00000    26.7773   -12.8354    24.9831    1.00000    1.00000
     1.00000    15.3000   -13.3387   0.143921    1.00000    1.00000
     1.00000   -9.69726    9.62038    33.8681    1.00000    1.00000
     1.00000   -21.8060   -28.8762   -67.1537    1.00000    1.00000
     1.00000    23.6010    13.4220    44.2677    1.00000    1.00000
     1.00000   -2.75102   -18.9696   -14.0472    1.00000    1.00000
     1.00000   -8.22345    19.0667    31.4798    1.00000    1.00000
     1.00000    8.04976   -17.6321   -31.4955    1.00000    1.00000
     1.00000    8.47513   -1.49501    35.1189    1.00000    1.00000
     1.00000    32.6218    2.93429   -24.5623    1.00000    1.00000
     1.00000   -31.8132    32.2073    31.0644    1.00000    1.00000
     1.00000   -11.1718   -29.8416   -62.3236    1.00000    1.00000
     1.00000    4.24284    6.46024    29.2175    1.00000    1.00000
     1.00000    8.62117   -12.6101   -28.1179    1.00000    1.00000
     1.00000   -26.4657    33.9235    39.6131    1.00000    1.00000
     1.00000   -13.9036    10.5772   -36.0182    1.00000    1.00000
     1.00000    13.1662   -3.92598    13.9836    1.00000    1.00000
     1.00000    18.7928  -0.244534   -5.54236    1.00000    1.00000
     1.00000   -12.2581    15.3053    48.3764    1.00000    1.00000
     1.00000   -14.6432   -26.1647   -67.9442    1.00000    1.00000
     1.00000    12.5845   10.02581    29.3412    1.00000    1.00000
     1.00000   -8.88757   -9.08297   -25.2736    1.00000    1.00000
     1.00000   -11.7034    19.3851    39.4075    1.00000    1.00000
     1.00000   0.379467   -20.9544   -47.1728    1.00000    1.00000
     1.00000    24.0938   -4.21737    12.4162    1.00000    1.00000
     1.00000    20.4023   0.451843   -16.7705    1.00000    1.00000
     1.00000   -11.0370    24.1968    47.3398    1.00000    1.00000
     1.00000   -13.9875   -18.1759   -61.0536    1.00000    1.00000
     1.00000    2.12011    1.49377    28.6053    1.00000    1.00000
     1.00000    7.46510   -5.30997   -33.0411    1.00000    1.00000
     1.00000   -19.1497    33.7082    43.2828    1.00000    1.00000
     1.00000   -6.71120E-02   -3.16979   -40.0829    1.00000    1.00000
     1.00000    32.2847   -17.4042    29.1614    1.00000    1.00000
     1.00000    15.6165    4.97258    3.80016    1.00000    1.00000
     1.00000   -13.4007    7.84520    34.6337    1.00000    1.00000
     1.00000   -24.3685   -21.6477   -73.7965    1.00000    1.00000
     1.00000    14.4176    14.9526    45.0811    1.00000    1.00000
     1.00000   -5.49644   -17.7139   -8.66611    1.00000    1.00000
     1.00000   -7.97570    11.3013    28.5836    1.00000    1.00000
     1.00000   0.265556   -20.0465   -43.6062    1.00000    1.00000
     1.00000    17.5414  -0.514408    24.0345    1.00000    1.00000
     1.00000    29.7713   -5.56936   -13.5429    1.00000    1.00000
     1.00000   -29.3097    25.9585    43.6288    1.00000    1.00000
     1.00000   -13.0679   -33.5383   -52.1258    1.00000    1.00000
     1.00000   -4.37114    10.7744    32.6043    1.00000    1.00000
     1.00000    15.2323   -6.05774   -18.7058    1.00000    1.00000
     1.00000   -17.1112    44.0805    31.1470    1.00000    1.00000
     1.00000   -11.9861    6.64821   -35.7504    1.00000    1.00000
     1.00000    20.7662   -13.3373    24.1592    1.00000    1.00000
     1.00000    17.8849   -2.27549   -9.94070    1.00000    1.00000
     1.00000   -8.55371    5.50368    41.1479    1.00000    1.00000
     1.00000   -18.5995   -30.1929   -70.8994    1.00000    1.00000
     1.00000    7.09461    21.9408    27.9432    1.00000    1.00000
     1.00000    2.44766   -15.0799   -24.5198    1.00000    1.00000
     1.00000   -5.82274    27.7980    41.3896    1.00000    1.00000
     1.00000   -3.61285   -27.2894   -51.2980    1.00000    1.00000
     1.00000    22.9916   -4.26931    26.8123    1.00000    1.00000
     1.00000    18.7139    4.60541   -14.7069    1.00000    1.00000
     1.00000   -20.1756    22.6116    40.9385    1.00000    1.00000
     1.00000   -7.17375   -19.9458   -60.2730    1.00000    1.00000
     1.00000    8.38989    5.90612    31.4829    1.00000    1.00000
     1.00000    2.46212   -3.63561   -26.9258    1.00000    1.00000
     1.00000   -16.2599    27.5065    51.2583    1.00000    1.00000
     1.00000   -8.07884  -0.211178   -38.1586    1.00000    1.00000
     1.00000    33.1173   -11.5525    26.8476    1.00000    1.00000
     1.00000    17.5516   -3.76796    8.43414    1.00000    1.00000
     1.00000   -16.2448    19.6384    38.0796    1.00000    1.00000
     1.00000   -21.1121   -27.6791   -70.1314    1.00000    1.00000
     1.00000    14.5987    11.3072    36.8319    1.00000    1.00000
     1.00000   -7.73480   -15.3772   -15.7919    1.00000    1.00000
     1.00000   -10.7479    13.9666    26.4715    1.00000    1.00000
     1.00000    7.14825   -23.5737   -36.4212    1.00000    1.00000
     1.00000    13.1540  -0.630123    34.3237    1.00000    1.00000
     1.00000    26.4734   0.981163   -20.4239    1.00000    1.00000
     1.00000   -34.1437    30.7977    34.5443    1.00000    1.00000
     1.00000   -13.6662   -24.9916   -52.2016    1.00000    1.00000
     1.00000    2.69336    10.8395    23.4640    1.00000    1.00000
     1.00000    3.62754   -17.3483   -33.7875    1.00000    1.00000
     1.00000   -26.3861    37.7387    32.4969    1.00000    1.00000
     1.00000   -12.1976    8.51990   -35.0781    1.00000    1.00000
     1.00000    13.1174   -5.79266    19.9105    1.00000    1.00000
     1.00000    24.4553    3.49133   -7.21851    1.00000    1.00000
     1.00000  -10.38462    14.4497    54.9718    1.00000    1.00000
     1.00000   -15.1636   -26.2598   -73.2586    1.00000    1.00000
     1.00000    11.2653    6.60891    32.9026    1.00000    1.00000
     1.00000   -5.45233   -16.2970   -23.9496    1.00000    1.00000
     1.00000   -8.52439    20.8172    46.4466    1.00000    1.00000
     1.00000   -5.41479   -27.9636   -42.1779    1.00000    1.00000
     1.00000    22.6940   0.386089    15.3649    1.00000    1.00000
     1.00000    24.6194    3.94104   -14.1219    1.00000    1.00000
     1.00000   -9.95765    24.6999    49.7777    1.00000    1.00000
     1.00000   -14.5591   -25.4875   -62.9081    1.00000    1.00000
     1.00000    5.38877  -0.355831    30.7904    1.00000    1.00000
     1.00000    1.74793   -8.91981   -34.7632    1.00000    1.00000
     1.00000   -22.3670    29.7123    40.1786    1.00000    1.00000
     1.00000   -1.99548   -7.38008   -39.6743    1.00000    1.00000
     1.00000    29.1565   -18.9024    30.7081    1.00000    1.00000
     1.00000    17.2721  -0.812515    2.75018    1.00000    1.00000
     1.00000   -11.2405    15.1581    28.6460    1.00000    1.00000
     1.00000   -25.6676   -24.9386   -71.4101    1.00000    1.00000
     1.00000    8.48072    12.9940    50.3523    1.00000    1.00000
     1.00000   -3.74149   -18.6125   -4.23999    1.00000    1.00000
     1.00000   -4.10891    15.6342    31.5613    1.00000    1.00000
     1.00000  -0.181309   -19.2448   -38.4902    1.00000    1.00000
     1.00000    20.2512   -3.25555    26.3823    1.00000    1.00000
     1.00000    32.6521   0.935822   -14.2237    1.00000    1.00000
     1.00000   -30.1105    28.4229    38.9969    1.00000    1.00000
     1.00000   -11.8972   -33.5049   -56.1781    1.00000    1.00000
     1.00000    4.59265    9.86951    33.1766    1.00000    1.00000
     1.00000    9.93352   -9.33126   -23.3247    1.00000    1.00000
     1.00000   -20.2036    42.6106    31.8941    1.00000    1.00000
     1.00000   -16.9310   0.308289   -39.1069    1.00000    1.00000
     1.00000    23.6707   -10.6515    19.9039    1.00000    1.00000
     1.00000    21.0701   -3.59563   -16.1362    1.00000    1.00000
     1.00000   -8.12553   10.24044    44.5413    1.00000    1.00000
     1.00000   -16.1021   -32.4069   -66.8415    1.00000    1.00000
     1.00000    11.5392    17.0445    35.1042    1.00000    1.00000
     1.00000   -5.83701  -10.22039   -26.4104    1.00000    1.00000
     1.00000   -11.4807    22.9428    42.5904    1.00000    1.00000
     1.00000   -2.86235   -20.9597   -59.3686    1.00000    1.00000
     1.00000    23.7840   -3.09480    19.9267    1.00000    1.00000
     1.00000    23.0288    7.46472   -6.78485    1.00000    1.00000
     1.00000   -23.1149    26.2714    43.6079    1.00000    1.00000
     1.00000   -11.2321   -25.1985   -58.8681    1.00000    1.00000
     1.00000    3.83067    5.13161    32.3436    1.00000    1.00000
     1.00000   -2.25776   -7.18084   -27.3892    1.00000    1.00000
     1.00000   -13.8882    27.8664    41.2186    1.00000    1.00000
     1.00000   -7.68918   -3.63298   -37.4284    1.00000    1.00000
     1.00000    31.5940   -9.99556    23.9001    1.00000    1.00000
     1.00000    13.5542   -9.54354    3.43338    1.00000    1.00000
     1.00000  -10.49342    9.74912    35.6983    1.00000    1.00000
     1.00000   -24.7913   -31.0932   -66.6796    1.00000    1.00000
     1.00000    17.9353    14.9615    40.6395    1.00000    1.00000
     1.00000    1.36695   -18.1296   -10.8439    1.00000    1.00000
     1.00000   -6.63694    18.7626    33.3066    1.00000    1.00000
     1.00000    6.97227   -21.3040   -31.7416    1.00000    1.00000
     1.00000    12.1314   -3.53952    33.5754    1.00000    1.00000
     1.00000    30.4612    2.31324   -24.1198    1.00000    1.00000
     1.00000   -28.7066    32.5359    34.2403    1.00000    1.00000
     1.00000   -11.0609   -30.1445   -57.2421    1.00000    1.00000
     1.00000  -0.180058    6.72214    24.9570    1.00000    1.00000
     1.00000    8.30468   -10.6354   -28.0949    1.00000    1.00000
     1.00000   -27.3414    36.9601    34.0721    1.00000    1.00000
     1.00000   -14.6033    10.7311   -39.6976    1.00000    1.00000
     1.00000    11.4830   -2.74138    19.0235    1.00000    1.00000
     1.00000    17.2167   -1.12638   -3.29733    1.00000    1.00000
     1.00000   -9.58345    14.3960    46.6903    1.00000    1.00000
     1.00000   -12.1956   -26.1085   -64.9428    1.00000    1.00000
     1.00000    11.0472    12.7196    29.5594    1.00000    1.00000
     1.00000   -8.92263   -11.9184   -24.7513    1.00000    1.00000
     1.00000   -7.56097    20.2577    37.8947    1.00000    1.00000
     1.00000   -3.68909   -24.1710   -48.6243    1.00000    1.00000
     1.00000    22.2076   -2.29892   10.28246    1.00000    1.00000
     1.00000    23.8628    1.68502   -17.7986    1.00000    1.00000
     1.00000   -18.3790    27.9714    44.3318    1.00000    1.00000
     1.00000   -13.8895   -24.0698   -65.1506    1.00000    1.00000
     1.00000    1.90981   -1.88916    29.8099    1.00000    1.00000
     1.00000    6.62973   -6.98851   -31.7342    1.00000    1.00000
     1.00000   -15.6382    28.0822    40.2747    1.00000    1.00000
     1.00000   -3.60485   -1.74723   -37.6641    1.00000    1.00000
     1.00000    33.6793   -15.9813    29.3359    1.00000    1.00000
     1.00000    15.6917    2.10512    3.82991    1.00000    1.00000
     1.00000   -11.5413    10.8750    32.6229    1.00000    1.00000
     1.00000   -26.7076   -21.3574   -70.9380    1.00000    1.00000
     1.00000    6.99122    11.3433    46.1301    1.00000    1.00000
     1.00000   -8.47209   -20.8563   -15.1681    1.00000    1.00000
     1.00000   -6.37212    12.7220    30.3033    1.00000    1.00000
     1.00000    1.58535   -18.2221   -39.2174    1.00000    1.00000
     1.00000    19.9959   -1.21791    26.7211    1.00000    1.00000
     1.00000    29.0476   -1.76446   -18.4470    1.00000    1.00000
     1.00000   -24.9142    25.7676    45.3487    1.00000    1.00000
     1.00000   -12.2513   -28.0505   -47.7792    1.00000    1.00000
     1.00000    1.58857    8.25653    33.5463    1.00000    1.00000
     1.00000    14.8445   -5.07755   -15.0358    1.00000    1.00000
     1.00000   -13.3012    38.1627    29.7214    1.00000    1.00000
     1.00000   -10.7178   0.643009   -33.9967    1.00000    1.00000
     1.00000    20.0658   -11.7564    23.1541    1.00000    1.00000
     1.00000    19.0752   -1.14072   -12.3611    1.00000    1.00000
     1.00000   -8.06266    8.51577    42.2074    1.00000    1.00000
     1.00000   -16.0488   -28.4708   -73.6989    1.00000    1.00000
     1.00000    11.4541    19.6603    33.4992    1.00000    1.00000
     1.00000   -1.87033   -10.8031   -22.9733    1.00000    1.00000
     1.00000   -8.54052    27.7486    42.7605    1.00000    1.00000
     1.00000   -1.30612   -20.6065   -54.7939    1.00000    1.00000
     1.00000    24.6279   -1.08688    26.5219    1.00000    1.00000
     1.00000    20.1439    6.35697   -11.4218    1.00000    1.00000
     1.00000   -18.5121    23.6805    43.3995    1.00000    1.00000
     1.00000  -10.00402   -21.8795   -62.5774    1.00000    1.00000
     1.00000    7.43026    6.82576    27.1117    1.00000    1.00000
     1.00000   0.344959   -4.84220   -25.8503    1.00000    1.00000
     1.00000   -13.6066    31.5230    53.2716    1.00000    1.00000
     1.00000   -11.1639   -1.19787   -32.3794    1.00000    1.00000
     1.00000    30.2731   -14.6459    27.3744    1.00000    1.00000
     1.00000    16.3447   -6.98252    8.54120    1.00000    1.00000
     1.00000   -14.1839    16.9885    34.9609    1.00000    1.00000
     1.00000   -20.1755   -25.7633   -74.4678    1.00000    1.00000
     1.00000    14.7470    15.1335    41.2354    1.00000    1.00000
     1.00000   -5.92511   -15.2447   -14.9508    1.00000    1.00000
     1.00000   -8.30353    20.2409    29.8628    1.00000    1.00000
     1.00000    7.16401   -20.2916   -36.4187    1.00000    1.00000
     1.00000    15.7506    1.23321    33.4454    1.00000    1.00000
     1.00000    28.1434    1.12062   -24.7541    1.00000    1.00000
     1.00000   -35.3860    32.4118    31.7055    1.00000    1.00000
     1.00000   -11.4213   -27.0896   -53.9530    1.00000    1.00000
     1.00000   0.360714    11.3890    27.2493    1.00000    1.00000
     1.00000    4.62304   -13.2724   -29.9564    1.00000    1.00000
     1.00000   -21.6914    41.1890    37.0415    1.00000    1.00000
     1.00000   -10.9467    8.46204   -37.9652    1.00000    1.00000
     1.00000    17.2079   -9.40128    23.2354    1.00000    1.00000
     1.00000    25.2837    1.98447   -3.64114    1.00000    1.00000
     1.00000  -10.19409    16.1784    55.9594    1.00000    1.00000
     1.00000   -19.4490   -23.6721   -68.5725    1.00000    1.00000
     1.00000    11.9331    10.6230    32.4879    1.00000    1.00000
     1.00000   -7.87083   -18.5545   -20.2076    1.00000    1.00000
     1.00000   -11.6527    18.3213    42.6000    1.00000    1.00000
     1.00000   -8.76426   -29.5964   -46.8542    1.00000    1.00000
     1.00000    20.8844  -0.813671    16.1259    1.00000    1.00000
     1.00000    19.8966    7.47370   -15.0351    1.00000    1.00000
     1.00000   -12.9274    20.6977    47.4110    1.00000    1.00000
     1.00000   -16.1136   -29.8392   -60.6852    1.00000    1.00000
     1.00000    8.41874   -2.15519    30.8256    1.00000    1.00000
     1.00000    1.19871   -6.00360   -30.8714    1.00000    1.00000
     1.00000   -21.0383    31.1254    38.1308    1.00000    1.00000
     1.00000   -1.63705   -9.08785   -38.6971    1.00000    1.00000
     1.00000    28.4498   -19.8044    32.3472    1.00000    1.00000
     1.00000    16.2253   -1.66917   -1.64728    1.00000    1.00000
     1.00000   -14.0690    17.8036    29.5617    1.00000    1.00000
     1.00000   -23.3445   -26.2454   -68.7627    1.00000    1.00000
     1.00000    9.87544   10.01279    48.2326    1.00000    1.00000
     1.00000   -1.54099   -17.7945   -8.86502    1.00000    1.00000
     1.00000   -1.54263    14.6989    30.4630    1.00000    1.00000
     1.00000  -0.105038   -14.6935   -34.1868    1.00000    1.00000
     1.00000    16.9465   -2.03365    28.7998    1.00000    1.00000
     1.00000    30.0608    1.00288E-01   -18.8306    1.00000    1.00000
     1.00000   -29.3307    25.2100    40.8836    1.00000    1.00000
     1.00000   -6.42382   -33.4154   -54.0715    1.00000    1.00000
     1.00000    2.65758    10.9372    31.1366    1.00000    1.00000
     1.00000    12.7658   -6.92371   -19.7838    1.00000    1.00000
     1.00000   -24.5041    44.2945    32.5032    1.00000    1.00000
     1.00000   -14.1221    2.34782   -31.9634    1.00000    1.00000
     1.00000    20.8608   -11.3220    17.5730    1.00000    1.00000
     1.00000    20.3063   -6.70423   -14.4208    1.00000    1.00000
     1.00000   -7.26831    12.1946    51.4939    1.00000    1.00000
     1.00000   -17.8179   -31.7234   -71.9226    1.00000    1.00000
     1.00000    14.3968   10.09580    32.9364    1.00000    1.00000
     1.00000   -3.73733   -9.44639   -27.0369    1.00000    1.00000
     1.00000   -11.8739    22.3719    36.4181    1.00000    1.00000
     1.00000   0.368000   -21.7592   -57.6611    1.00000    1.00000
     1.00000    21.5214   -5.25988    21.1830    1.00000    1.00000
     1.00000    25.2976    6.55227   -9.28378    1.00000    1.00000
     1.00000   -19.9985    24.9804    43.7169    1.00000    1.00000
     1.00000  -10.31321   -21.5220   -57.7795    1.00000    1.00000
     1.00000    1.59465    5.09209    33.4416    1.00000    1.00000
     1.00000    3.67966E-02   -7.73289   -29.0079    1.00000    1.00000
     1.00000   -12.6430    30.1837    46.2654    1.00000    1.00000
     1.00000   -5.97057   -2.25604   -34.9524    1.00000    1.00000
     1.00000    25.5489   -11.4914    24.1557    1.00000    1.00000
     1.00000    14.3302   -11.3530   0.896820    1.00000    1.00000
     1.00000  -10.24236    13.2656    34.3979    1.00000    1.00000
     1.00000   -23.5517   -29.1430   -68.6592    1.00000    1.00000
     1.00000    23.3285    13.1823    42.3009    1.00000    1.00000
     1.00000    4.97055E-03   -19.3769   -11.9101    1.00000    1.00000
     1.00000   -9.27096    21.5331    32.7186    1.00000    1.00000
     1.00000    7.57357   -18.0322   -33.8026    1.00000    1.00000
     1.00000    9.60447    3.80211E-02    40.5446    1.00000    1.00000
     1.00000    33.4041   -1.00900   -21.3399    1.00000    1.00000
     1.00000   -29.4321    31.6318    29.9988    1.00000    1.00000
     1.00000   -13.2494   -27.1212   -61.5480    1.00000    1.00000
     1.00000    1.16121    7.06164    28.7420    1.00000    1.00000
     1.00000   10.47748   -13.0988   -27.5564    1.00000    1.00000
     1.00000   -22.2268    35.7276    41.1711    1.00000    1.00000
     1.00000   -12.7241    12.3322   -36.7036    1.00000    1.00000
     1.00000    11.1937   -6.75454    15.7566    1.00000    1.00000
     1.00000    19.2076   -1.19063   -3.82980    1.00000    1.00000
     1.00000   -9.49154    15.6484    50.1566    1.00000    1.00000
     1.00000   -15.4143   -26.6257   -71.3084    1.00000    1.00000
     1.00000    11.5140    8.77225    28.2085    1.00000    1.00000
     1.00000   -10.6612   -9.44056   -28.4359    1.00000    1.00000
     1.00000   -9.76650    15.7437    41.5795    1.00000    1.00000
     1.00000   -1.40622   -23.3059   -47.9994    1.00000    1.00000
     1.00000    22.1334   -5.84907    10.9683    1.00000    1.00000
     1.00000    21.2024    2.52438   -18.2820    1.00000    1.00000
     1.00000   -13.8798    24.4844    44.8668    1.00000    1.00000
     1.00000   -16.9426   -19.4010   -58.7909    1.00000    1.00000
     1.00000    3.98960    2.55074    30.5430    1.00000    1.00000
     1.00000    10.9794   -5.68350   -32.6085    1.00000    1.00000
     1.00000   -17.1454    32.0344    39.2523    1.00000    1.00000
     1.00000   -1.71621   -5.53902   -40.4041    1.00000    1.00000
     1.00000    28.6667   -15.1514    28.4534    1.00000    1.00000
     1.00000    13.8869    5.40194  -0.208069    1.00000    1.00000
     1.00000   -12.6264    9.52845    33.6275    1.00000    1.00000
     1.00000   -24.9557   -20.4259   -75.2670    1.00000    1.00000
     1.00000    11.5896    14.1792    44.1761    1.00000    1.00000
     1.00000   -4.89859   -20.1211   -11.5274    1.00000    1.00000
     1.00000   -8.97336    15.0680    25.1390    1.00000    1.00000
     1.00000    2.41077   -20.2650   -43.2993    1.00000    1.00000
     1.00000    18.3545    2.31615    24.4931    1.00000    1.00000
     1.00000    29.2529   -3.75284   -15.8696    1.00000    1.00000
     1.00000   -30.5236    26.2874    42.0738    1.00000    1.00000
     1.00000   -11.8491   -29.9812   -51.8439    1.00000    1.00000
     1.00000   -2.12792    9.97976    33.9925    1.00000    1.00000
     1.00000    15.1963   -7.42880   -17.2195    1.00000    1.00000
     1.00000   -17.2742    41.4385    32.9795    1.00000    1.00000
     1.00000   -13.5340    3.04009   -34.9891    1.00000    1.00000
     1.00000    23.9444  -10.40575    23.3336    1.00000    1.00000
     1.00000    16.3709   -2.47451   -7.60715    1.00000    1.00000
     1.00000   -8.13386    4.08261    39.8047    1.00000    1.00000
     1.00000   -19.8210   -29.8271   -68.1964    1.00000    1.00000
     1.00000    4.71727    23.9356    25.9072    1.00000    1.00000
     1.00000    1.65219   -17.1275   -26.5829    1.00000    1.00000
     1.00000   -5.65150    24.5879    42.9970    1.00000    1.00000
     1.00000   -6.24507   -26.2530   -53.3052    1.00000    1.00000
     1.00000    19.5334   -2.36954    23.9863    1.00000    1.00000
     1.00000    17.2539    7.40953   -13.4531    1.00000    1.00000
     1.00000   -23.4680    19.9053    40.0248    1.00000    1.00000
     1.00000   -11.6167   -21.4138   -61.4900    1.00000    1.00000
     1.00000    8.75836    3.58434    29.7657    1.00000    1.00000
     1.00000    2.36158   -1.64323   -27.0683    1.00000    1.00000
     1.00000   -17.5918    30.4366    52.8470    1.00000    1.00000
     1.00000   -3.92299  -0.944096   -39.4679    1.00000    1.00000
     1.00000    32.3461   -9.75211    26.4429    1.00000    1.00000
     1.00000    18.2664   -6.50275    8.26358    1.00000    1.00000
     1.00000   -14.9921    18.1031    38.3510    1.00000    1.00000
     1.00000   -20.5440   -29.5198   -70.6693    1.00000    1.00000
     1.00000    17.8064    12.8660    37.6184    1.00000    1.00000
     1.00000   -8.26261   -14.5336   -13.3570    1.00000    1.00000
     1.00000   -8.85988    18.9769    25.4936    1.00000    1.00000
     1.00000    3.97226   -21.0299   -39.9135    1.00000    1.00000
     1.00000    17.0631  -0.712681    30.2969    1.00000    1.00000
     1.00000    22.6851    1.07306   -21.7719    1.00000    1.00000
     1.00000   -33.0675    33.6929    34.6053    1.00000    1.00000
     1.00000   -13.6887   -28.5721   -51.4777    1.00000    1.00000
     1.00000    1.26571    7.94126    25.6077    1.00000    1.00000
     1.00000    4.65322   -16.8241   -32.1525    1.00000    1.00000
     1.00000   -25.7322    41.0960    34.1898    1.00000    1.00000
     1.00000   -11.3386    13.1523   -35.5171    1.00000    1.00000
     1.00000    15.8308   -8.67482    20.1475    1.00000    1.00000
     1.00000    21.6109    2.97667   -6.12430    1.00000    1.00000
     1.00000   -9.74092    11.9224    56.2575    1.00000    1.00000
     1.00000   -18.5962   -25.9447   -70.5720    1.00000    1.00000
     1.00000   10.02929    4.88677    35.3722    1.00000    1.00000
     1.00000   -3.93676   -15.9576   -21.3435    1.00000    1.00000
     1.00000  -10.27216    21.5591    45.8183    1.00000    1.00000
     1.00000   -5.12718   -26.4947   -45.7871    1.00000    1.00000
     1.00000    23.1833   -2.32015    16.2303    1.00000    1.00000
     1.00000    24.4367    4.59251   -16.9876    1.00000    1.00000
     1.00000   -10.6559    23.0330    48.9210    1.00000    1.00000
     1.00000   -15.7160   -29.2839   -62.5650    1.00000    1.00000
     1.00000    6.22150   -2.12051    33.3773    1.00000    1.00000
     1.00000    3.79381   -7.94697   -31.6260    1.00000    1.00000
     1.00000   -22.5420    32.5169    40.3388    1.00000    1.00000
     1.00000   -2.32885   -7.80674   -44.8414    1.00000    1.00000
     1.00000    30.0133   -15.8812    32.6266    1.00000    1.00000
     1.00000    18.6379   -2.93129    5.81578    1.00000    1.00000
     1.00000   -12.9694    11.4470    31.3448    1.00000    1.00000
     1.00000   -26.1831   -27.4482   -72.6070    1.00000    1.00000
     1.00000    9.15271    8.60770    50.5296    1.00000    1.00000
     1.00000   -4.39601   -16.2461   -1.21991    1.00000    1.00000
     1.00000   -4.17852    18.1627    29.2353    1.00000    1.00000
     1.00000   -1.04481   -18.5058   -36.8445    1.00000    1.00000
     1.00000    19.8963   -2.54205    28.2166    1.00000    1.00000
     1.00000    32.2559    2.13324   -16.3024    1.00000    1.00000
     1.00000   -33.9867    28.9597    36.0463    1.00000    1.00000
     1.00000   -11.0919   -34.9049   -54.9986    1.00000    1.00000
     1.00000    3.93141    7.29006    31.3498    1.00000    1.00000
     1.00000    12.7687   -7.13150   -24.4344    1.00000    1.00000
     1.00000   -20.6614    43.4405    30.1329    1.00000    1.00000
     1.00000   -19.3658    1.50322   -35.2860    1.00000    1.00000
     1.00000    23.0920   -8.27748    21.1722    1.00000    1.00000
     1.00000    18.6875   -2.21966   -15.1357    1.00000    1.00000
     1.00000   -6.75880   10.57038    43.0334    1.00000    1.00000
     1.00000   -15.9446   -36.2348   -67.1863    1.00000    1.00000
     1.00000    13.2925    14.9698    35.3153    1.00000    1.00000
     1.00000   -7.00719   -8.70251   -25.8388    1.00000    1.00000
     1.00000   -9.47844    23.1260    41.2094    1.00000    1.00000
     1.00000   -3.98864   -18.3799   -59.6821    1.00000    1.00000
     1.00000    20.7281   -1.64383    22.5559    1.00000    1.00000
     1.00000    23.3499    5.03653   -6.59436    1.00000    1.00000
     1.00000   -23.5874    24.3700    45.8838    1.00000    1.00000
     1.00000   -13.0126   -24.6729   -58.1241    1.00000    1.00000
     1.00000    6.48037    6.44440    31.7358    1.00000    1.00000
     1.00000    1.62558   -7.27456   -27.3928    1.00000    1.00000
     1.00000   -13.2392    28.7097    42.9120    1.00000    1.00000
     1.00000   -6.54227   -6.21260   -40.2577    1.00000    1.00000
     1.00000    30.2399   -10.6566    25.2152    1.00000    1.00000
     1.00000    14.1333   -9.21201   0.763794    1.00000    1.00000
     1.00000   -8.09128    8.53856    38.6143    1.00000    1.00000
     1.00000   -23.3517   -33.7185   -65.8103    1.00000    1.00000
     1.00000    20.5793    13.0419    40.8451    1.00000    1.00000
     1.00000   0.707417   -16.9860   -12.3463    1.00000    1.00000
     1.00000   -8.11478    19.7377    36.0446    1.00000    1.00000
     1.00000    9.46968   -18.8505   -30.4781    1.00000    1.00000
     1.00000    11.3482   -1.92495    32.6924    1.00000    1.00000
     1.00000    30.6409  -0.112938   -25.8496    1.00000    1.00000
     1.00000   -30.7375    29.3137    33.9431    1.00000    1.00000
     1.00000  -10.53092   -27.1946   -59.6047    1.00000    1.00000
     1.00000    1.27432    5.11699    25.7061    1.00000    1.00000
     1.00000    9.76123   -9.91071   -26.9317    1.00000    1.00000
     1.00000   -27.7131    33.7369    38.0609    1.00000    1.00000
     1.00000   -14.0932    8.44920   -42.2809    1.00000    1.00000
     1.00000    12.1996   -6.12583    17.5720    1.00000    1.00000
     1.00000    15.6669   -3.07889   -4.98444    1.00000    1.00000
     1.00000   -9.84755    13.3752    44.9908    1.00000    1.00000
     1.00000   -12.5115   -27.8158   -68.2385    1.00000    1.00000
     1.00000    13.7089    12.8035    31.3646    1.00000    1.00000
     1.00000   -6.70031   -14.9918   -23.0900    1.00000    1.00000
     1.00000   -6.24596    18.1126    35.7648    1.00000    1.00000
     1.00000   -4.02806   -24.7648   -50.5038    1.00000    1.00000
     1.00000    20.8847   -2.22972    12.9576    1.00000    1.00000
     1.00000    23.4744   0.403919   -19.5938    1.00000    1.00000
     1.00000   -18.6250    28.4624    42.4087    1.00000    1.00000
     1.00000   -13.9402   -21.1775   -61.5503    1.00000    1.00000
     1.00000    2.43515  -0.160358    31.3804    1.00000    1.00000
     1.00000    3.61797   -5.19697   -31.9756    1.00000    1.00000
     1.00000   -19.8910    29.6564    38.8560    1.00000    1.00000
     1.00000   -3.15173   -2.87261   -36.0741    1.00000    1.00000
     1.00000    30.9366   -14.4654    31.5575    1.00000    1.00000
     1.00000    13.7657    4.71257    4.64175    1.00000    1.00000
     1.00000   -11.5617   10.05993    30.3731    1.00000    1.00000
     1.00000   -23.0735   -20.6358   -71.9700    1.00000    1.00000
     1.00000    8.86090    12.8384    46.6575    1.00000    1.00000
     1.00000   -6.43377   -19.8412   -12.7784    1.00000    1.00000
     1.00000   -8.83689    12.8238    29.6304    1.00000    1.00000
     1.00000    1.38686   -20.1093   -39.8490    1.00000    1.00000
     1.00000    20.5214    4.12911    26.3796    1.00000    1.00000
     1.00000    27.9705   -1.31924   -20.0723    1.00000    1.00000
     1.00000   -26.7931    24.1333    43.8819    1.00000    1.00000
     1.00000   -12.4243   -29.2089   -49.7448    1.00000    1.00000
     1.00000   0.991673    9.92119    35.9915    1.00000    1.00000
     1.00000    13.3227   -5.96685   -18.1182    1.00000    1.00000
     1.00000   -16.1547    40.2580    31.8162    1.00000    1.00000
     1.00000   -13.3076   0.671341   -32.6887    1.00000    1.00000
     1.00000    20.4247   -11.9725    21.1985    1.00000    1.00000
     1.00000    15.1662   0.479107   -12.0692    1.00000    1.00000
     1.00000   -8.29005    6.58684    44.2278    1.00000    1.00000
     1.00000   -17.0103   -30.8201   -73.8144    1.00000    1.00000
     1.00000    9.88928    20.5086    32.5871    1.00000    1.00000
     1.00000    1.73629   -11.4916   -24.6412    1.00000    1.00000
     1.00000   -9.01869    25.9492    42.0301    1.00000    1.00000
     1.00000   -4.52395   -25.0643   -53.4195    1.00000    1.00000
     1.00000    24.1210   -3.86273    28.4120    1.00000    1.00000
     1.00000    21.2830    4.73461   -11.6872    1.00000    1.00000
     1.00000   -17.5210    25.0540    44.4631    1.00000    1.00000
     1.00000  -10.02760   -25.3987   -63.4498    1.00000    1.00000
     1.00000    9.19214    3.55556    27.4928    1.00000    1.00000
     1.00000   -7.02667E-02   -2.80780   -24.0514    1.00000    1.00000
     1.00000   -14.6226    26.3518    52.5951    1.00000    1.00000
     1.00000   -8.99435   -1.80888   -37.3781    1.00000    1.00000
     1.00000    30.7814   -12.6874    27.2930    1.00000    1.00000
     1.00000    17.2499   -7.02477    6.49413    1.00000    1.00000
     1.00000   -15.2815    15.2093    33.8625    1.00000    1.00000
     1.00000   -22.1065   -26.2096   -72.2139    1.00000    1.00000
     1.00000    14.2013    13.8940    37.7959    1.00000    1.00000
     1.00000   -4.53377   -18.1224   -14.3701    1.00000    1.00000
     1.00000   -7.22799    19.2469    28.5007    1.00000    1.00000
     1.00000    8.28556   -21.8898   -35.9852    1.00000    1.00000
     1.00000    12.9599    2.80619    36.0617    1.00000    1.00000
     1.00000    26.6797  -0.193626   -25.1151    1.00000    1.00000
     1.00000   -34.0832    33.3161    32.9241    1.00000    1.00000
     1.00000   -11.7568   -25.1192   -54.0230    1.00000    1.00000
     1.00000   0.563999    9.41159    27.4700    1.00000    1.00000
     1.00000    4.73227   -11.3870   -31.4661    1.00000    1.00000
     1.00000   -22.7917    43.6097    34.4164    1.00000    1.00000
     1.00000   -8.70842    6.01852   -38.7732    1.00000    1.00000
     1.00000    15.1079   -7.84808    23.9961    1.00000    1.00000
     1.00000    24.3436  -0.752552   -5.36688    1.00000    1.00000
     1.00000   -7.80536    19.0510    54.5392    1.00000    1.00000
     1.00000   -18.0278   -24.5542   -67.4760    1.00000    1.00000
     1.00000    8.25281    9.29402    34.3038    1.00000    1.00000
     1.00000   -8.18911   -17.6887   -18.4330    1.00000    1.00000
     1.00000   -9.94355    18.7348    43.5529    1.00000    1.00000
     1.00000   -6.70219   -26.6747   -47.0065    1.00000    1.00000
     1.00000    22.4645  -0.828396    17.3519    1.00000    1.00000
     1.00000    21.4973    4.31784   -17.4475    1.00000    1.00000
     1.00000   -11.9343    17.2813    47.7419    1.00000    1.00000
     1.00000   -14.1450   -27.7479   -57.7625    1.00000    1.00000
     1.00000    9.66150    3.79333E-02    30.2659    1.00000    1.00000
     1.00000    2.82543   -8.31647   -29.9156    1.00000    1.00000
     1.00000   -18.6647    34.2456    37.5752    1.00000    1.00000
     1.00000   0.949562  -10.47670   -37.5462    1.00000    1.00000
     1.00000    30.3348   -20.7416    37.4980    1.00000    1.00000
     1.00000    17.2144  -0.952286   0.755890    1.00000    1.00000
     1.00000   -14.3646    16.4407    26.6095    1.00000    1.00000
     1.00000   -25.6050   -26.3183   -69.9636    1.00000    1.00000
     1.00000    8.48577    11.6554    43.2792    1.00000    1.00000
     1.00000   -3.23891   -19.5581   -5.92917    1.00000    1.00000
     1.00000   -3.48092    13.2339    29.4866    1.00000    1.00000
     1.00000   0.535473   -13.3296   -35.5019    1.00000    1.00000
     1.00000    17.4341   -3.39687    26.7078    1.00000    1.00000
     1.00000    30.2917  -0.193489   -16.8658    1.00000    1.00000
     1.00000   -29.4780    26.7578    37.7090    1.00000    1.00000
     1.00000   -8.60729   -35.3857   -54.5868    1.00000    1.00000
     1.00000  -0.451527    13.0242    30.3904    1.00000    1.00000
     1.00000    11.8290   -7.09003   -21.5430    1.00000    1.00000
     1.00000   -23.7546    45.5554    31.1437    1.00000    1.00000
     1.00000   -17.7967    2.57280   -31.9837    1.00000    1.00000
     1.00000    18.9709   -14.0884    18.3412    1.00000    1.00000
     1.00000    19.2420   -7.34872   -15.9868    1.00000    1.00000
     1.00000   -7.98606    9.33760    48.3627    1.00000    1.00000
     1.00000   -17.5667   -33.2396   -69.5570    1.00000    1.00000
     1.00000    14.1365    10.6378    35.0048    1.00000    1.00000
     1.00000  -0.393124  -10.32895   -26.3798    1.00000    1.00000
     1.00000   -8.75573    21.4900    40.3144    1.00000    1.00000
     1.00000  -0.651035   -20.3547   -56.6667    1.00000    1.00000
     1.00000    19.8699   -4.90931    22.2552    1.00000    1.00000
     1.00000    23.3629    9.41816   -8.19128    1.00000    1.00000
     1.00000   -17.8182    24.9782    46.6599    1.00000    1.00000
     1.00000   -12.1832   -21.9925   -58.3102    1.00000    1.00000
     1.00000  -0.674068    1.56628    32.4629    1.00000    1.00000
     1.00000  -0.848248   -8.37505   -30.6825    1.00000    1.00000
     1.00000   -15.1174    30.3051    48.8804    1.00000    1.00000
     1.00000   -8.13165  -0.926331   -32.4015    1.00000    1.00000
     1.00000    28.6404   -13.1207    25.6520    1.00000    1.00000
     1.00000    14.5633   -14.3610   -1.40921    1.00000    1.00000
     1.00000   -10.6507    11.3081    34.3605    1.00000    1.00000
     1.00000   -22.6124   -30.6647   -67.5420    1.00000    1.00000
     1.00000    21.6428    13.1750    44.5905    1.00000    1.00000
     1.00000  -0.815952   -19.3662   -13.7339    1.00000    1.00000
     1.00000   -7.48549    20.7233    32.3232    1.00000    1.00000
     1.00000    8.64145   -19.2032   -32.5826    1.00000    1.00000
     1.00000    8.65373   -1.26393    37.0975    1.00000    1.00000
     1.00000    32.2078    2.48963   -22.6568    1.00000    1.00000
     1.00000   -31.1490    30.6081    30.0637    1.00000    1.00000
     1.00000   -11.0205   -30.0534   -60.3407    1.00000    1.00000
     1.00000    2.66484    5.89551    28.1261    1.00000    1.00000
     1.00000    8.36303   -14.4176   -28.9342    1.00000    1.00000
     1.00000   -24.5110    33.6902    39.2602    1.00000    1.00000
     1.00000   -13.4065    11.1230   -34.1594    1.00000    1.00000
     1.00000    14.2515   -5.48980    14.5972    1.00000    1.00000
     1.00000    19.2311    1.38348   -4.46649    1.00000    1.00000
     1.00000  -10.45204    16.1584    48.4781    1.00000    1.00000
     1.00000   -13.8085   -24.5619   -67.0874    1.00000    1.00000
     1.00000    12.1100    11.4416    30.6717    1.00000    1.00000
     1.00000   -8.42889  -10.27051   -23.7311    1.00000    1.00000
     1.00000  -10.54918    18.0498    38.4670    1.00000    1.00000
     1.00000  -0.627316   -22.4765   -46.3545    1.00000    1.00000
     1.00000    23.9610   -6.09568    11.7422    1.00000    1.00000
     1.00000    21.9516   0.636330   -18.0217    1.00000    1.00000
     1.00000   -12.8439    24.5840    46.5748    1.00000    1.00000
     1.00000   -15.1166   -19.5969   -61.8938    1.00000    1.00000
     1.00000    2.00076    2.44165    30.3624    1.00000    1.00000
     1.00000    9.24585   -4.72108   -32.3468    1.00000    1.00000
     1.00000   -18.1536    33.6624    41.5490    1.00000    1.00000
     1.00000    1.78033   -3.27925   -40.8412    1.00000    1.00000
     1.00000    30.9297   -17.8028    27.7455    1.00000    1.00000
     1.00000    14.5023    5.58147    2.25485    1.00000    1.00000
     1.00000   -14.4825    6.19524    34.3060    1.00000    1.00000
     1.00000   -25.5196   -23.2829   -73.8294    1.00000    1.00000
     1.00000    13.3637    14.6838    43.4027    1.00000    1.00000
     1.00000   -6.42672   -18.9312   -9.95178    1.00000    1.00000
     1.00000   -8.04170    13.1505    27.8246    1.00000    1.00000
     1.00000  -0.107601   -19.8716   -45.5633    1.00000    1.00000
     1.00000    16.3405   -1.84148    23.1419    1.00000    1.00000
     1.00000    28.2288   -4.98806   -14.6756    1.00000    1.00000
     1.00000   -30.4669    26.1508    45.2487    1.00000    1.00000
     1.00000   -12.4331   -31.7157   -52.6504    1.00000    1.00000
     1.00000   -5.88140    9.84714    33.5312    1.00000    1.00000
     1.00000    16.9305   -6.89324   -18.0594    1.00000    1.00000
     1.00000   -18.3810    43.2300    32.4370    1.00000    1.00000
     1.00000   -12.8984    4.88037   -35.9565    1.00000    1.00000
     1.00000    22.5769   -12.5027    24.3176    1.00000    1.00000
     1.00000    17.9234   -1.34628   -8.17007    1.00000    1.00000
     1.00000   -9.44918    5.59578    42.9339    1.00000    1.00000
     1.00000   -18.6073   -30.0440   -72.8938    1.00000    1.00000
     1.00000    7.72882    21.8727    29.8387    1.00000    1.00000
     1.00000    1.30967   -13.4448   -24.6973    1.00000    1.00000
     1.00000   -6.30339    26.4689    42.8047    1.00000    1.00000
     1.00000   -5.05825   -25.9731   -51.7199    1.00000    1.00000
     1.00000    22.1146   -2.73630    25.8738    1.00000    1.00000
     1.00000    19.4682    5.60478   -13.1474    1.00000    1.00000
     1.00000   -21.1776    22.5232    39.2098    1.00000    1.00000
     1.00000   -8.64439   -21.1586   -60.8782    1.00000    1.00000
     1.00000    8.27912    5.51114    29.5254    1.00000    1.00000
     1.00000    3.29666   -3.88393   -25.1252    1.00000    1.00000
     1.00000   -16.1304    25.5346    51.5661    1.00000    1.00000
     1.00000   -7.31277   -2.91405E-02   -39.9971    1.00000    1.00000
     1.00000    33.2514   -13.5455    26.9476    1.00000    1.00000
     1.00000    19.3165   -3.78295    7.49336    1.00000    1.00000
     1.00000   -16.2488    21.6133    38.3952    1.00000    1.00000
     1.00000   -20.9657   -27.8496   -72.1188    1.00000    1.00000
     1.00000    15.8131    12.7453    37.5081    1.00000    1.00000
     1.00000   -8.49485   -17.0607   -16.5589    1.00000    1.00000
     1.00000  -10.51849    15.8987    26.9343    1.00000    1.00000
     1.00000    6.72614   -21.9298   -37.4792    1.00000    1.00000
     1.00000    14.2367    9.35478E-02    32.8057    1.00000    1.00000
     1.00000    26.1297   0.996593   -22.3941    1.00000    1.00000
     1.00000   -33.7166    30.8896    36.4960    1.00000    1.00000
     1.00000   -14.2865   -24.3693   -50.4049    1.00000    1.00000
     1.00000    1.64004    9.69405    24.7203    1.00000    1.00000
     1.00000    2.26568   -15.9412   -33.3808    1.00000    1.00000
     1.00000   -25.2977    39.3804    32.8438    1.00000    1.00000
     1.00000   -10.9143    9.50159   -36.2569    1.00000    1.00000
     1.00000    14.5372   -7.15448    20.2706    1.00000    1.00000
     1.00000    23.4967    2.35741   -5.87860    1.00000    1.00000
     1.00000  -10.34552    14.0948    53.0040    1.00000    1.00000
     1.00000   -16.1872   -24.5510   -73.0788    1.00000    1.00000
     1.00000    9.27839    6.61025    33.1306    1.00000    1.00000
     1.00000   -5.57899   -16.8650   -22.0362    1.00000    1.00000
     1.00000   -6.72812    20.1074    46.9659    1.00000    1.00000
     1.00000   -5.14880   -27.6126   -44.1288    1.00000    1.00000
     1.00000    21.7945  -0.822620    14.0495    1.00000    1.00000
     1.00000    25.4457    5.24823   -15.3902    1.00000    1.00000
     1.00000   -10.9048    26.1067    50.8377    1.00000    1.00000
     1.00000   -12.8779   -25.0076   -61.9371    1.00000    1.00000
     1.00000    4.71136  -0.696281    32.6411    1.00000    1.00000
     1.00000    3.60610   -9.38675   -34.1894    1.00000    1.00000
     1.00000   -23.1867    30.9997    41.4711    1.00000    1.00000
     1.00000   -2.50051   -7.31083   -41.6083    1.00000    1.00000
     1.00000    27.6266   -17.6832    31.1238    1.00000    1.00000
     1.00000    17.3534    1.05404    3.46387    1.00000    1.00000
     1.00000   -11.9432    13.8231    29.9590    1.00000    1.00000
     1.00000   -26.4829   -25.5423   -73.1337    1.00000    1.00000
     1.00000   10.18235    12.1852    51.0234    1.00000    1.00000
     1.00000   -5.63136   -18.6960   -3.59079    1.00000    1.00000
     1.00000   -6.06731    15.6363    31.9671    1.00000    1.00000
     1.00000  -0.266308   -17.7229   -39.7850    1.00000    1.00000
     1.00000    19.1112   -4.89727    26.3107    1.00000    1.00000
     1.00000    30.8367   0.753429   -13.4047    1.00000    1.00000
     1.00000   -31.3065    27.5655    37.6425    1.00000    1.00000
     1.00000   -12.2839   -32.6598   -54.4072    1.00000    1.00000
     1.00000    3.38900    9.17556    31.7379    1.00000    1.00000
     1.00000    11.5723   -8.72855   -24.2999    1.00000    1.00000
     1.00000   -21.6755    43.8188    32.5054    1.00000    1.00000
     1.00000   -16.2434   0.904926   -37.3262    1.00000    1.00000
     1.00000    22.1551   -9.35345    19.7706    1.00000    1.00000
     1.00000    19.3448   -2.92076   -16.8897    1.00000    1.00000
     1.00000   -8.02510    9.42557    46.3651    1.00000    1.00000
     1.00000   -16.6866   -30.5967   -66.2240    1.00000    1.00000
     1.00000    12.6853    16.0886    33.7727    1.00000    1.00000
     1.00000   -5.45911  -10.27809   -24.4472    1.00000    1.00000
     1.00000  -10.54187    24.6631    42.1916    1.00000    1.00000
     1.00000   -1.99654   -21.4699   -57.6394    1.00000    1.00000
     1.00000    23.2170   -2.69587    21.8027    1.00000    1.00000
     1.00000    23.7423    8.80707   -5.48521    1.00000    1.00000
     1.00000   -21.8057    27.7366    43.9810    1.00000    1.00000
     1.00000   -9.24235   -25.0612   -59.0162    1.00000    1.00000
     1.00000    3.39299    5.32358    34.2856    1.00000    1.00000
     1.00000   -3.68967   -7.15056   -25.9932    1.00000    1.00000
     1.00000   -12.5815    26.4694    40.6347    1.00000    1.00000
     1.00000   -8.15009   -2.62906   -35.7611    1.00000    1.00000
     1.00000    33.4800  -10.35580    24.4598    1.00000    1.00000
     1.00000    14.8527   -8.46226    4.50331    1.00000    1.00000
     1.00000   -9.08886    9.20345    37.0134    1.00000    1.00000
     1.00000   -25.0668   -30.4442   -68.5512    1.00000    1.00000
     1.00000    16.5582    15.1014    42.0831    1.00000    1.00000
     1.00000    1.66325   -18.8632   -9.00705    1.00000    1.00000
     1.00000   -8.08721    19.9199    34.0531    1.00000    1.00000
     1.00000    8.74283   -20.5902   -31.1453    1.00000    1.00000
     1.00000    12.5231   -2.34700    35.1325    1.00000    1.00000
     1.00000    31.5464    1.66106   -25.6680    1.00000    1.00000
     1.00000   -30.6066    32.3165    33.6553    1.00000    1.00000
     1.00000   -12.5614   -28.8235   -57.1832    1.00000    1.00000
     1.00000  -0.581142    5.39537    26.3988    1.00000    1.00000
     1.00000    7.88871   -11.2510   -29.9518    1.00000    1.00000
     1.00000   -28.1226    36.9942    35.9129    1.00000    1.00000
     1.00000   -15.0621    9.02074   -40.6273    1.00000    1.00000
     1.00000    11.5575   -4.23581    17.6964    1.00000    1.00000
     1.00000    17.3286   -1.97261   -5.10605    1.00000    1.00000
     1.00000   -11.5829    14.3853    46.7339    1.00000    1.00000
     1.00000   -12.5803   -27.5679   -66.2551    1.00000    1.00000
     1.00000    11.4295    14.1965    28.2661    1.00000    1.00000
     1.00000   -7.83605   -13.3623   -25.6084    1.00000    1.00000
     1.00000   -9.35006    19.6483    38.5488    1.00000    1.00000
     1.00000   -3.41363   -24.8898   -46.7784    1.00000    1.00000
     1.00000    20.8105   -1.60292    9.03195    1.00000    1.00000
     1.00000    25.2839   0.686314   -18.7901    1.00000    1.00000
     1.00000   -16.8802    26.8565    45.0466    1.00000    1.00000
     1.00000   -14.3718   -23.3284   -63.3568    1.00000    1.00000
     1.00000    2.01275   -3.04884    28.1837    1.00000    1.00000
     1.00000    5.51970   -5.68618   -32.7694    1.00000    1.00000
     1.00000   -17.1865    28.3975    39.0486    1.00000    1.00000
     1.00000   -1.77679   -2.55096   -37.7746    1.00000    1.00000
     1.00000    31.9442   -15.5999    30.2545    1.00000    1.00000
     1.00000    13.9990    3.10807    3.47079    1.00000    1.00000
     1.00000   -10.9747    11.8716    30.9840    1.00000    1.00000
     1.00000   -26.2029   -23.0630   -71.8523    1.00000    1.00000
     1.00000    5.02140    11.5753    46.3868    1.00000    1.00000
     1.00000   -8.17126   -19.5164   -13.7141    1.00000    1.00000
     1.00000   -7.20105    14.0402    31.5584    1.00000    1.00000
     1.00000    2.41015   -16.8211   -38.0525    1.00000    1.00000
     1.00000    19.9731   0.781944    26.7137    1.00000    1.00000
     1.00000    28.2666  -0.153164   -17.5561    1.00000    1.00000
     1.00000   -26.1620    27.2882    44.9869    1.00000    1.00000
     1.00000   -13.1656   -27.3789   -49.4264    1.00000    1.00000
     1.00000    1.36720   10.18085    34.0443    1.00000    1.00000
     1.00000    13.5250   -6.18497   -14.0196    1.00000    1.00000
     1.00000   -14.6218    37.0243    30.7012    1.00000    1.00000
     1.00000   -9.81495    2.19584   -33.1172    1.00000    1.00000
     1.00000    18.7960   -10.6469    24.2296    1.00000    1.00000
     1.00000    17.6668  -0.619209   -11.0403    1.00000    1.00000
     1.00000   -7.34529    8.34221    44.0662    1.00000    1.00000
     1.00000   -17.3844   -27.8485   -72.3464    1.00000    1.00000
     1.00000    11.8361    17.7491    33.0505    1.00000    1.00000
     1.00000   -5.68275E-02   -11.6106   -23.2166    1.00000    1.00000
     1.00000   -8.38893    28.9473    41.1667    1.00000    1.00000
     1.00000   -2.31763   -22.2388   -54.2348    1.00000    1.00000
     1.00000    24.9797   0.877460    26.6544    1.00000    1.00000
     1.00000    21.0156    6.20807   -9.62793    1.00000    1.00000
     1.00000   -20.2063    22.7246    42.9350    1.00000    1.00000
     1.00000   -10.7515   -23.7342   -62.6098    1.00000    1.00000
     1.00000    7.75827    4.93697    27.6817    1.00000    1.00000
     1.00000    1.05669   -4.81683   -27.7191    1.00000    1.00000
     1.00000   -13.0241    29.6097    53.2830    1.00000    1.00000
     1.00000   -11.4121   -1.19632   -34.3640    1.00000    1.00000
     1.00000    28.8864   -13.2283    27.6339    1.00000    1.00000
     1.00000    15.5224   -7.91185    6.97269    1.00000    1.00000
     1.00000   -13.7478    15.0444    35.1355    1.00000    1.00000
     1.00000   -20.2145   -25.6155   -72.4737    1.00000    1.00000
     1.00000    14.3707    16.3071    42.8105    1.00000    1.00000
     1.00000   -4.38884   -15.0680   -16.2191    1.00000    1.00000
     1.00000   -9.84738    20.6716    28.6665    1.00000    1.00000
     1.00000    5.19596   -19.9503   -36.3173    1.00000    1.00000
     1.00000    15.4995    2.22828    35.1620    1.00000    1.00000
     1.00000    28.8409  -0.298347   -23.5292    1.00000    1.00000
     1.00000   -36.3935    31.0196    30.6823    1.00000    1.00000
     1.00000   -12.1306   -27.4587   -55.7862    1.00000    1.00000
     1.00000    1.36638    13.0688    26.8408    1.00000    1.00000
     1.00000    3.43818   -14.7606   -30.5740    1.00000    1.00000
     1.00000   -22.7312    41.9318    35.5030    1.00000    1.00000
     1.00000   -8.94842    8.40535   -38.0249    1.00000    1.00000
     1.00000    17.3042   -9.73888    25.2043    1.00000    1.00000
     1.00000    27.2154    2.22728   -3.18306    1.00000    1.00000
     1.00000   -11.6363    17.4405    56.5315    1.00000    1.00000
     1.00000   -18.2999   -24.0070   -70.1748    1.00000    1.00000
     1.00000   10.02329   10.27106    32.0096    1.00000    1.00000
     1.00000   -7.49667   -17.0864   -21.5132    1.00000    1.00000
     1.00000   -12.3692    16.8455    41.4562    1.00000    1.00000
     1.00000   -10.6841   -29.1341   -47.1711    1.00000    1.00000
     1.00000    19.1500   0.117611    16.4787    1.00000    1.00000
     1.00000    20.2107    7.15671   -16.9847    1.00000    1.00000
     1.00000   -14.5501    21.7329    47.9542    1.00000    1.00000
     1.00000   -16.9504   -29.9901   -58.8750    1.00000    1.00000
     1.00000    6.83620   -3.01358    31.6967    1.00000    1.00000
     1.00000    3.11448   -6.41777   -30.4736    1.00000    1.00000
     1.00000   -21.0369    32.4073    36.5957    1.00000    1.00000
     1.00000  -0.988003   -9.13966   -36.8060    1.00000    1.00000
     1.00000    29.5184   -19.3284    33.9694    1.00000    1.00000
     1.00000    16.4970   -2.68277    5.53131E-02    1.00000    1.00000
     1.00000   -14.6519    16.1676    28.5699    1.00000    1.00000
     1.00000   -24.2584   -24.8434   -69.8577    1.00000    1.00000
     1.00000    9.80057    9.80120    46.2452    1.00000    1.00000
     1.00000   -2.57780   -18.0745  -10.55222    1.00000    1.00000
     1.00000   -1.50473    16.4355    31.4545    1.00000    1.00000
     1.00000  -0.943272   -15.3281   -35.8882    1.00000    1.00000
     1.00000    17.1717   -1.42431    26.9082    1.00000    1.00000
     1.00000    29.5731   0.917648   -20.5896    1.00000    1.00000
     1.00000   -30.1590    25.4732    39.0824    1.00000    1.00000
     1.00000   -8.36720   -33.4006   -54.5438    1.00000    1.00000
     1.00000   0.940639    11.5890    30.3446    1.00000    1.00000
     1.00000    14.3634   -8.09335   -19.5014    1.00000    1.00000
     1.00000   -22.8940    45.2242    33.2404    1.00000    1.00000
     1.00000   -15.9463    2.74064   -31.2437    1.00000    1.00000
     1.00000    22.7261   -10.9004    18.1587    1.00000    1.00000
     1.00000    21.5051   -5.33604   -15.2520    1.00000    1.00000
     1.00000   -7.58889   10.22785    51.6647    1.00000    1.00000
     1.00000   -18.7321   -33.3395   -71.1793    1.00000    1.00000
     1.00000    13.8530    12.0034    33.1919    1.00000    1.00000
     1.00000   -5.26313   -9.80201   -28.2800    1.00000    1.00000
     1.00000  -10.49633    21.0709    37.0581    1.00000    1.00000
     1.00000    1.38753   -20.0395   -57.7172    1.00000    1.00000
     1.00000    22.1220   -6.26008    22.8075    1.00000    1.00000
     1.00000    24.2070    7.12107   -10.8608    1.00000    1.00000
     1.00000   -21.6173    25.1249    42.5514    1.00000    1.00000
     1.00000   -9.65520   -19.8279   -58.6143    1.00000    1.00000
     1.00000    2.46989    3.59684    32.4426    1.00000    1.00000
     1.00000   0.107796   -5.74493   -29.2152    1.00000    1.00000
     1.00000   -14.1347    31.0283    47.2957    1.00000    1.00000
     1.00000   -5.98731   -3.65850   -36.3782    1.00000    1.00000
     1.00000    26.3505   -9.70494    23.7481    1.00000    1.00000
     1.00000    14.6997   -11.8211   -1.01221    1.00000    1.00000
     1.00000   -11.9994    14.1361    34.7917    1.00000    1.00000
     1.00000   -21.6412   -29.6261   -69.0005    1.00000    1.00000
     1.00000    21.4268    12.6476    42.6132    1.00000    1.00000
     1.00000    1.30328   -20.1108   -10.5775    1.00000    1.00000
     1.00000   -7.81031    22.6660    33.4821    1.00000    1.00000
     1.00000    6.33269   -19.1949   -34.8553    1.00000    1.00000
     1.00000    9.61820  -0.327667    38.5784    1.00000    1.00000
     1.00000    32.6987   0.578335   -22.3312    1.00000    1.00000
     1.00000   -29.7743    32.3419    31.8369    1.00000    1.00000
     1.00000   -12.9632   -29.0733   -61.8756    1.00000    1.00000
     1.00000    4.67110E-02    5.46180    28.2965    1.00000    1.00000
     1.00000    12.0000   -13.7188   -28.6955    1.00000    1.00000
     1.00000   -22.7106    34.4176    39.7394    1.00000    1.00000
     1.00000   -13.7561    11.1382   -37.9322    1.00000    1.00000
     1.00000    12.6377   -5.37085    15.7725    1.00000    1.00000
     1.00000    18.5599   -2.06842   -2.15350    1.00000    1.00000
     1.00000   -8.98737    14.3063    51.5512    1.00000    1.00000
     1.00000   -15.6780   -27.0934   -69.3818    1.00000    1.00000
     1.00000   10.36941    7.13271    28.1675    1.00000    1.00000
     1.00000   -9.17145   -8.84950   -27.2396    1.00000    1.00000
     1.00000   -9.85495    16.9363    39.9763    1.00000    1.00000
     1.00000   -3.05904   -22.9280   -46.9385    1.00000    1.00000
     1.00000    20.8667   -6.69585    9.67271    1.00000    1.00000
     1.00000    21.7734    1.42392   -19.8514    1.00000    1.00000
     1.00000   -15.3633    25.6478    45.5343    1.00000    1.00000
     1.00000   -15.5369   -18.4090   -59.8106    1.00000    1.00000
     1.00000    4.03573   0.973278    31.7716    1.00000    1.00000
     1.00000    10.7632   -6.93231   -34.1556    1.00000    1.00000
     1.00000   -18.6114    31.9566    40.6106    1.00000    1.00000
     1.00000   -1.71701   -3.91670   -39.2344    1.00000    1.00000
     1.00000    30.0426   -16.5038    28.9806    1.00000    1.00000
     1.00000    14.3803    3.96132    1.08856    1.00000    1.00000
     1.00000   -14.5943    9.23101    33.8245    1.00000    1.00000
     1.00000   -23.5311   -20.5220   -76.6674    1.00000    1.00000
     1.00000   10.50077    13.3357    45.6262    1.00000    1.00000
     1.00000   -4.52366   -18.5114  -10.40134    1.00000    1.00000
     1.00000   -8.82520    14.8510    27.1216    1.00000    1.00000
     1.00000    1.49756   -18.4874   -43.3791    1.00000    1.00000
     1.00000    18.4264   0.568996    25.4639    1.00000    1.00000
     1.00000    30.0822   -2.18091   -16.7868    1.00000    1.00000
     1.00000   -31.2645    26.8556    40.3051    1.00000    1.00000
     1.00000   -11.6930   -31.3948   -50.4378    1.00000    1.00000
     1.00000   -3.28853    9.09291    32.6263    1.00000    1.00000
     1.00000    16.5458   -6.44875   -16.1157    1.00000    1.00000
     1.00000   -16.0286    42.8389    32.2811    1.00000    1.00000
     1.00000   -12.9139    4.64566   -33.9704    1.00000    1.00000
     1.00000    24.1288   -12.3786    23.0621    1.00000    1.00000
     1.00000    17.5452   -3.51204   -6.36429    1.00000    1.00000
     1.00000   -9.89801    3.66814    38.9585    1.00000    1.00000
     1.00000   -18.7397   -28.7675   -69.5035    1.00000    1.00000
     1.00000    6.07157    23.5447    27.3260    1.00000    1.00000
     1.00000    3.03363   -15.7040   -26.3273    1.00000    1.00000
     1.00000   -7.29660    24.9386    41.9150    1.00000    1.00000
     1.00000   -6.79405   -27.6446   -54.6326    1.00000    1.00000
     1.00000    21.1542   -1.43673    24.6954    1.00000    1.00000
     1.00000    18.1489    6.50228   -14.9945    1.00000    1.00000
     1.00000   -22.5313    21.1257    38.7469    1.00000    1.00000
     1.00000  -10.37388   -20.2597   -60.4301    1.00000    1.00000
     1.00000    7.73661    2.99173    31.3796    1.00000    1.00000
     1.00000    1.57996   -1.88060   -25.2427    1.00000    1.00000
     1.00000   -16.3554    29.4741    51.6041    1.00000    1.00000
     1.00000   -5.54898  -0.741581   -40.6147    1.00000    1.00000
     1.00000    30.8256   -9.74017    27.7421    1.00000    1.00000
     1.00000    19.9568   -5.44344    8.40588    1.00000    1.00000
     1.00000   -15.0870    16.9163    36.7440    1.00000    1.00000
     1.00000   -21.5873   -29.9957   -72.3078    1.00000    1.00000
     1.00000    18.9357    11.2315    37.3885    1.00000    1.00000
     1.00000   -9.32025   -15.6783   -14.6105    1.00000    1.00000
     1.00000   -9.92250    17.7943    26.7070    1.00000    1.00000
     1.00000    5.73305   -21.0319   -38.9650    1.00000    1.00000
     1.00000    15.3284  -0.214077    31.1584    1.00000    1.00000
     1.00000    24.4175    1.99990   -22.1459    1.00000    1.00000
     1.00000   -32.4994    31.8442    34.0958    1.00000    1.00000
     1.00000   -13.9730   -26.6296   -51.0957    1.00000    1.00000
     1.00000    2.60568    7.52140    24.1836    1.00000    1.00000
     1.00000    5.22356   -15.0494   -31.4279    1.00000    1.00000
     1.00000   -25.0797    41.2954    32.3098    1.00000    1.00000
     1.00000   -11.1667    11.1842   -35.2056    1.00000    1.00000
     1.00000    15.9789   -9.88445    21.7333    1.00000    1.00000
     1.00000    21.1804    1.44741   -4.90941    1.00000    1.00000
     1.00000   -10.7475    12.5123    54.6331    1.00000    1.00000
     1.00000   -17.4041   -25.8560   -72.1754    1.00000    1.00000
     1.00000    8.66491    6.30335    35.0092    1.00000    1.00000
     1.00000   -3.83582   -14.5006   -19.9771    1.00000    1.00000
     1.00000   -9.31924    20.3669    44.5258    1.00000    1.00000
     1.00000   -3.55249   -26.8767   -46.9594    1.00000    1.00000
     1.00000    21.5632   -2.52388    15.0753    1.00000    1.00000
     1.00000    23.5124    5.56331   -18.4720    1.00000    1.00000
     1.00000   -11.4918    22.0895    47.3682    1.00000    1.00000
     1.00000   -15.1927   -27.3536   -62.5667    1.00000    1.00000
     1.00000    6.63507  -0.220184    32.9107    1.00000    1.00000
     1.00000    2.36511   -8.19843   -33.0028    1.00000    1.00000
     1.00000   -21.9202    32.8872    38.4743    1.00000    1.00000
     1.00000   -3.19777   -8.39380   -43.1383    1.00000    1.00000
     1.00000    28.7536   -17.4292    32.7564    1.00000    1.00000
     1.00000    17.7384   -1.84052    4.40115    1.00000    1.00000
     1.00000   -12.8847    13.4175    31.6763    1.00000    1.00000
     1.00000   -25.9213   -29.3984   -72.2487    1.00000    1.00000
     1.00000   10.03374   10.37151    50.1938    1.00000    1.00000
     1.00000   -5.18567   -17.9994   -1.76978    1.00000    1.00000
     1.00000   -3.18837    17.1614    30.6555    1.00000    1.00000
     1.00000   -1.52259   -17.1845   -35.4212    1.00000    1.00000
     1.00000    19.4625   -1.69414    29.9753    1.00000    1.00000
     1.00000    32.0413   0.172993   -15.9687    1.00000    1.00000
     1.00000   -32.3044    27.8833    35.9387    1.00000    1.00000
     1.00000  -10.49610   -34.6960   -53.1009    1.00000    1.00000
     1.00000    2.35787    6.76035    32.4648    1.00000    1.00000
     1.00000    13.9470   -8.70980   -24.0871    1.00000    1.00000
     1.00000   -20.7024    41.5020    29.6425    1.00000    1.00000
     1.00000   -18.0642    1.54670   -36.8039    1.00000    1.00000
     1.00000    21.2934   -7.43859    21.4202    1.00000    1.00000
     1.00000    18.1109  -0.647354   -14.0424    1.00000    1.00000
     1.00000   -8.70678   10.36110    42.6315    1.00000    1.00000
     1.00000   -16.4361   -34.3701   -66.6558    1.00000    1.00000
     1.00000    14.2180    13.3285    34.6448    1.00000    1.00000
     1.00000   -7.52604   -6.83129   -25.3599    1.00000    1.00000
     1.00000   -9.42942    23.3399    43.1974    1.00000    1.00000
     1.00000   -2.61793   -19.4556   -60.6639    1.00000    1.00000
     1.00000    21.3872   -3.46375    22.0525    1.00000    1.00000
     1.00000    24.5801    6.37682   -7.42520    1.00000    1.00000
     1.00000   -22.3413    24.5757    44.3330    1.00000    1.00000
     1.00000   -13.5394   -24.2539   -60.0075    1.00000    1.00000
     1.00000    4.92735    6.68091    32.9736    1.00000    1.00000
     1.00000  -0.304726   -6.76061   -27.2939    1.00000    1.00000
     1.00000   -12.5402    28.8475    44.7808    1.00000    1.00000
     1.00000   -7.09885   -4.86209   -38.8915    1.00000    1.00000
     1.00000    28.9935   -11.8223    24.1723    1.00000    1.00000
     1.00000    12.8257  -10.35428    1.75648    1.00000    1.00000
     1.00000   -7.87169    9.38150    40.4146    1.00000    1.00000
     1.00000   -25.1828   -32.9592   -66.0755    1.00000    1.00000
     1.00000    18.8693    13.5737    41.7357    1.00000    1.00000
     1.00000   -1.26269   -16.6574   -12.2428    1.00000    1.00000
     1.00000   -9.31758    18.2462    35.4712    1.00000    1.00000
     1.00000    10.7617   -20.1199   -29.6300    1.00000    1.00000
     1.00000    9.67303   -2.28311    33.7247    1.00000    1.00000
     1.00000    28.6612  -0.299168   -26.0641    1.00000    1.00000
     1.00000   -30.0741    30.9006    34.9637    1.00000    1.00000
     1.00000   -11.5761   -28.7573   -58.9224    1.00000    1.00000
     1.00000   0.669079    4.07442    24.1103    1.00000    1.00000
     1.00000    9.57176  -10.37085   -24.9946    1.00000    1.00000
     1.00000   -28.3056    35.3277    37.0035    1.00000    1.00000
     1.00000   -14.1663    8.58092   -44.2752    1.00000    1.00000
     1.00000    11.4603   -6.74640    19.3236    1.00000    1.00000
     1.00000    15.2569   -5.03329   -4.87378    1.00000    1.00000
     1.00000   -8.22544    12.2217    44.7954    1.00000    1.00000
     1.00000   -13.3754   -26.4860   -69.4573    1.00000    1.00000
     1.00000    13.0444    12.7875    29.4783    1.00000    1.00000
     1.00000   -7.31292   -15.1887   -24.9836    1.00000    1.00000
     1.00000   -5.88756    19.6652    36.9735    1.00000    1.00000
     1.00000   -4.71039   -23.4727   -51.8695    1.00000    1.00000
     1.00000    22.5299   -3.00500    12.1257    1.00000    1.00000
     1.00000    25.0555  -0.492565   -20.4283    1.00000    1.00000
     1.00000   -19.8989    29.9620    42.0500    1.00000    1.00000
