     1.00000    10.7786   -3.67595    14.4008    1.00000    1.00000
     1.00000   -8.78030   -21.3514   -18.5686    1.00000    1.00000
     1.00000   -8.46165    35.4546    14.2649    1.00000    1.00000
     1.00000    13.0977   -47.3867   -47.7734    1.00000    1.00000
     1.00000    3.55591    12.1262    8.00343    1.00000    1.00000
     1.00000    6.80949    9.08172  -10.29503    1.00000    1.00000
     1.00000    5.42195    39.8275    22.7168    1.00000    1.00000
     1.00000   -4.00999   -29.3792   -23.7157    1.00000    1.00000
     1.00000   -2.82332    7.89361    16.4366    1.00000    1.00000
     1.00000   -18.5829   -18.2265    5.61802    1.00000    1.00000
     1.00000   -13.8970    31.3570   0.302498    1.00000    1.00000
     1.00000    4.16468   -34.6907   -28.3634    1.00000    1.00000
     1.00000   -20.5146    4.72477    6.66271    1.00000    1.00000
     1.00000   0.262833   -5.05597   -5.71378    1.00000    1.00000
     1.00000    11.4419    35.8739    18.9439    1.00000    1.00000
     1.00000   -8.15499   -31.1437   -4.30785    1.00000    1.00000
     1.00000    16.2680    3.77462    20.7189    1.00000    1.00000
     1.00000   -4.73722   -17.4241    1.51778    1.00000    1.00000
     1.00000    8.23444    45.2665    15.9208    1.00000    1.00000
     1.00000    15.1406   -49.1701   -45.0294    1.00000    1.00000
     1.00000   -5.76119    6.51482    2.27326    1.00000    1.00000
     1.00000   -1.66823    5.38580   -3.40010    1.00000    1.00000
     1.00000    18.1661    37.8951    26.9577    1.00000    1.00000
     1.00000  -0.424526   -32.8613   -20.3865    1.00000    1.00000
     1.00000  -0.338793    11.0859    25.7292    1.00000    1.00000
     1.00000   -6.87406   -15.8881    13.9093    1.00000    1.00000
     1.00000   -17.2035    34.6255    3.80667    1.00000    1.00000
     1.00000    7.26169   -23.8685   -32.9694    1.00000    1.00000
     1.00000   -20.0233    19.9447    9.58839    1.00000    1.00000
     1.00000   -7.16922   -19.8066   -19.4070    1.00000    1.00000
     1.00000    3.43634    36.2230    7.63479    1.00000    1.00000
     1.00000   0.898060   -25.0469   -4.74535    1.00000    1.00000
     1.00000    12.4953    2.69614    8.29140    1.00000    1.00000
     1.00000   -6.77653   -20.9472   -17.6700    1.00000    1.00000
     1.00000   0.127333    44.7256    16.0825    1.00000    1.00000
     1.00000    9.65852   -38.6080   -39.6474    1.00000    1.00000
     1.00000   -1.65823    9.26299    3.10666    1.00000    1.00000
     1.00000    13.3687    12.5302   -3.52412    1.00000    1.00000
     1.00000    14.4072    37.4481    32.3495    1.00000    1.00000
     1.00000   -2.47900   -34.4852   -29.7876    1.00000    1.00000
     1.00000    8.82596    3.97946    10.6262    1.00000    1.00000
     1.00000   -15.9788   -31.3111    9.14317    1.00000    1.00000
     1.00000   -4.70118    31.9696    12.2864    1.00000    1.00000
     1.00000    5.31388   -31.7362   -34.3505    1.00000    1.00000
     1.00000   -15.2837    11.3687    2.00327    1.00000    1.00000
     1.00000    8.10661    4.57941   -5.43282    1.00000    1.00000
     1.00000    30.3862    37.1665    17.5987    1.00000    1.00000
     1.00000   -13.8290   -36.6080   -6.02740    1.00000    1.00000
     1.00000    11.9061    10.7711    22.9353    1.00000    1.00000
     1.00000   -15.5419   -12.7104   -10.6168    1.00000    1.00000
     1.00000  -0.338003    40.8317    25.7295    1.00000    1.00000
     1.00000    22.5044   -50.8538   -46.1153    1.00000    1.00000
     1.00000   -9.18190   0.242615    4.63194    1.00000    1.00000
     1.00000   -17.2039  -0.854275   -9.32049    1.00000    1.00000
     1.00000    18.4618    38.3943    37.7873    1.00000    1.00000
     1.00000   -2.10473   -29.6256   -17.7914    1.00000    1.00000
     1.00000   0.244287    2.99108    18.2364    1.00000    1.00000
     1.00000   -4.10135   -21.3232    17.9600    1.00000    1.00000
     1.00000   -18.1382    26.7380    1.94892    1.00000    1.00000
     1.00000    3.75594   -20.7911   -41.3369    1.00000    1.00000
     1.00000   -17.4800    14.6388    11.6753    1.00000    1.00000
     1.00000    7.20861   -7.58087   -9.58128    1.00000    1.00000
     1.00000    15.1908    33.4961    14.6584    1.00000    1.00000
     1.00000   -2.92215   -25.5203    3.72698    1.00000    1.00000
     1.00000    11.7729    1.69368    16.7845    1.00000    1.00000
     1.00000   -16.2842   -20.5504   -11.4546    1.00000    1.00000
     1.00000   -6.79865    41.4745    16.5919    1.00000    1.00000
     1.00000    13.4932   -41.9678   -41.1863    1.00000    1.00000
     1.00000   -1.15080    17.9245    4.93473    1.00000    1.00000
     1.00000   0.743126    13.7797  -10.22749    1.00000    1.00000
     1.00000    10.8386    36.8002    25.0695    1.00000    1.00000
     1.00000  -10.30786   -34.6969   -18.5942    1.00000    1.00000
     1.00000   -2.52225    7.54225    14.4908    1.00000    1.00000
     1.00000   -12.5481   -22.3465    5.90501    1.00000    1.00000
     1.00000   -8.09179    31.4020    4.66771    1.00000    1.00000
     1.00000    8.09922   -31.9706   -31.1073    1.00000    1.00000
     1.00000   -24.2274    9.24053    12.4075    1.00000    1.00000
     1.00000    3.28222   -6.96042   -2.42200    1.00000    1.00000
     1.00000    15.3292    40.9491    18.0278    1.00000    1.00000
     1.00000   -6.48669   -33.5906    2.35070    1.00000    1.00000
     1.00000    9.63673    6.52985    20.2497    1.00000    1.00000
     1.00000   -11.9410   -16.2166   -1.32563    1.00000    1.00000
     1.00000    4.55115    38.6427    24.3143    1.00000    1.00000
     1.00000    13.3615   -55.0518   -43.4720    1.00000    1.00000
     1.00000   -9.01302    8.79638    2.79559    1.00000    1.00000
     1.00000  -10.17517    2.25320   -6.58022    1.00000    1.00000
     1.00000    22.0281    37.7662    25.7952    1.00000    1.00000
     1.00000   0.585117   -35.4526   -18.1175    1.00000    1.00000
     1.00000    8.72142    6.56850    26.9895    1.00000    1.00000
     1.00000  -10.02147   -21.1737    11.6525    1.00000    1.00000
     1.00000   -19.4722    26.8932    7.50423    1.00000    1.00000
     1.00000    7.24786   -28.2190   -33.3254    1.00000    1.00000
     1.00000   -15.7033    15.4374    7.81150    1.00000    1.00000
     1.00000   0.383316   -11.7247   -19.8884    1.00000    1.00000
     1.00000    9.68993    30.0483    7.92789    1.00000    1.00000
     1.00000  -0.710407   -30.3272   -12.5321    1.00000    1.00000
     1.00000    10.7632  -0.408096    9.36423    1.00000    1.00000
     1.00000  -0.611565   -23.4335   -16.6741    1.00000    1.00000
     1.00000    1.63009    45.2765   10.15341    1.00000    1.00000
     1.00000    4.59391   -39.9363   -35.5930    1.00000    1.00000
     1.00000    9.16443E-02    9.09162    8.03875    1.00000    1.00000
     1.00000    18.4511    9.50696   -3.78853    1.00000    1.00000
     1.00000    16.8452    27.5985    24.7639    1.00000    1.00000
     1.00000   -2.16339   -37.4656   -27.6269    1.00000    1.00000
     1.00000    6.50412    1.47978    8.64982    1.00000    1.00000
     1.00000   -11.1390   -23.6032    7.91822    1.00000    1.00000
     1.00000   -14.8436    36.6766    13.1445    1.00000    1.00000
     1.00000   0.180592   -32.5071   -37.5341    1.00000    1.00000
     1.00000   -17.3245    12.3036    5.78672    1.00000    1.00000
     1.00000    3.55615   -3.02995   -7.09994    1.00000    1.00000
     1.00000    19.5756    41.2796    22.7980    1.00000    1.00000
     1.00000   -15.0361   -37.2548  -0.173668    1.00000    1.00000
     1.00000    9.19336    15.3196    17.1052    1.00000    1.00000
     1.00000   -15.5375   -12.9637   -8.17043    1.00000    1.00000
     1.00000   0.384808    37.3429    32.1157    1.00000    1.00000
     1.00000    21.1607   -44.4730   -48.7992    1.00000    1.00000
     1.00000   -12.9636    2.17541    3.34556    1.00000    1.00000
     1.00000   -13.7623  -0.679623   -7.97840    1.00000    1.00000
     1.00000    21.4109    37.0835    32.2387    1.00000    1.00000
     1.00000   -7.79216   -38.1255   -16.0023    1.00000    1.00000
     1.00000   -3.77941E-02    9.83599    22.3033    1.00000    1.00000
     1.00000   -3.40683   -18.1967    18.9467    1.00000    1.00000
     1.00000   -17.0551    29.5009    3.51631    1.00000    1.00000
     1.00000    1.12951   -16.5635   -43.2070    1.00000    1.00000
     1.00000   -24.5100    21.0835    15.6361    1.00000    1.00000
     1.00000    2.96588   -8.99413   -18.7222    1.00000    1.00000
     1.00000    8.69200    36.8693    14.2602    1.00000    1.00000
     1.00000    2.77298   -28.1810  -0.761772    1.00000    1.00000
     1.00000   10.14141   -2.52893    17.2960    1.00000    1.00000
     1.00000   -12.3902   -18.9695   -14.5701    1.00000    1.00000
     1.00000   -8.17490    39.1523    13.1116    1.00000    1.00000
     1.00000    13.3292   -40.9251   -45.0837    1.00000    1.00000
     1.00000    4.13897    14.1515    4.19949    1.00000    1.00000
     1.00000    5.99528    9.98444   -4.88545    1.00000    1.00000
     1.00000    8.27126    39.1668    27.3459    1.00000    1.00000
     1.00000   -3.43032   -30.1119   -21.9473    1.00000    1.00000
     1.00000  -0.636206    9.06956    18.9754    1.00000    1.00000
     1.00000   -17.2795   -21.5472    3.59415    1.00000    1.00000
     1.00000   -10.5876    31.0076    5.73945    1.00000    1.00000
     1.00000    4.96740   -37.9575   -27.9995    1.00000    1.00000
     1.00000   -18.8548    11.8877    8.00049    1.00000    1.00000
     1.00000    3.93933   -2.03839  -0.371429    1.00000    1.00000
     1.00000    18.1513    36.7530    16.8008    1.00000    1.00000
     1.00000   -5.61190   -31.7385  -0.556496    1.00000    1.00000
     1.00000    17.3222    7.28030    19.1500    1.00000    1.00000
     1.00000   -9.45526   -18.8996    3.46469    1.00000    1.00000
     1.00000    5.73391    42.9462    17.8714    1.00000    1.00000
     1.00000    18.7026   -47.3972   -46.0543    1.00000    1.00000
     1.00000   -4.09429    4.61962    2.93267    1.00000    1.00000
     1.00000    4.93946    5.38634   -5.51705    1.00000    1.00000
     1.00000    13.7381    39.6245    31.8326    1.00000    1.00000
     1.00000   0.681385   -28.8258   -21.9338    1.00000    1.00000
     1.00000    3.09778    2.98905    27.9444    1.00000    1.00000
     1.00000   -13.1544   -17.0590    17.0967    1.00000    1.00000
     1.00000   -20.9489    35.6981    4.25359    1.00000    1.00000
     1.00000    6.27127   -28.1669   -28.9559    1.00000    1.00000
     1.00000   -20.0058    22.7673    6.90485    1.00000    1.00000
     1.00000   -4.76338   -16.3145   -16.9188    1.00000    1.00000
     1.00000    7.37891    37.1416    8.51576    1.00000    1.00000
     1.00000   0.909260   -26.1885   -7.31300    1.00000    1.00000
     1.00000    12.0173    2.10287    12.7562    1.00000    1.00000
     1.00000   -4.20890   -22.9952   -14.5458    1.00000    1.00000
     1.00000    2.88985    41.7905    15.3267    1.00000    1.00000
     1.00000    11.5595   -41.0816   -38.4200    1.00000    1.00000
     1.00000   -1.33059    9.29251    5.94578    1.00000    1.00000
     1.00000    7.69426   10.49381   -3.96133    1.00000    1.00000
     1.00000    18.0405    31.9284    32.6171    1.00000    1.00000
     1.00000   0.874699   -34.6522   -26.1562    1.00000    1.00000
     1.00000    3.31976    4.86976    11.4859    1.00000    1.00000
     1.00000   -15.4315   -27.0896    6.84900    1.00000    1.00000
     1.00000   -9.23672    32.4286    13.4986    1.00000    1.00000
     1.00000    2.10399   -29.6345   -41.0911    1.00000    1.00000
     1.00000   -12.6712    14.3324    4.14588    1.00000    1.00000
     1.00000    8.20621    1.13279   -5.41212    1.00000    1.00000
     1.00000    24.3156    41.0657    18.6596    1.00000    1.00000
     1.00000  -10.50485   -36.4406   -7.85073    1.00000    1.00000
     1.00000    9.69874    10.5955    19.3521    1.00000    1.00000
     1.00000   -11.9850   -17.8955   -12.0879    1.00000    1.00000
     1.00000    1.72742    42.6809    26.0323    1.00000    1.00000
     1.00000    22.9243   -48.9639   -45.6134    1.00000    1.00000
     1.00000   -6.27422    1.58196    1.91344    1.00000    1.00000
     1.00000   -15.3145    1.74519   -6.53120    1.00000    1.00000
     1.00000    19.4020    37.5151    34.0280    1.00000    1.00000
     1.00000   -3.74691   -25.5471   -14.4114    1.00000    1.00000
     1.00000    5.66864  -0.344391    18.9887    1.00000    1.00000
     1.00000   -4.94941   -23.0896    18.3611    1.00000    1.00000
     1.00000   -15.0260    26.8872    4.79434    1.00000    1.00000
     1.00000    2.88618   -25.2698   -34.2372    1.00000    1.00000
     1.00000   -19.8499    13.6986    11.9452    1.00000    1.00000
     1.00000    7.03391   -6.59123   -6.42504    1.00000    1.00000
     1.00000    14.0706    35.5420    15.0102    1.00000    1.00000
     1.00000   0.766010   -29.9660  -0.177414    1.00000    1.00000
     1.00000    9.89189    3.69363    15.0724    1.00000    1.00000
     1.00000   -16.1721   -20.8015   -17.0305    1.00000    1.00000
     1.00000   -2.70831    42.9847    17.8443    1.00000    1.00000
     1.00000    11.6030   -39.0202   -39.8692    1.00000    1.00000
     1.00000    1.67991   10.57143    1.27344    1.00000    1.00000
     1.00000   0.569168    7.85084   -4.17029    1.00000    1.00000
     1.00000    14.0920    36.9741    25.0240    1.00000    1.00000
     1.00000   -7.02078   -32.2921   -23.1975    1.00000    1.00000
     1.00000   0.328184    4.52134    13.0742    1.00000    1.00000
     1.00000   -12.4191   -21.4012    7.66280    1.00000    1.00000
     1.00000   -11.9162    37.9743    9.59769    1.00000    1.00000
     1.00000    10.7839   -32.9280   -32.4032    1.00000    1.00000
     1.00000   -19.1826    7.99900    11.3024    1.00000    1.00000
     1.00000    5.26210   -6.75358   -2.61511    1.00000    1.00000
     1.00000    18.6126    38.6972    16.8884    1.00000    1.00000
     1.00000   -1.50824   -31.5199    3.41704    1.00000    1.00000
     1.00000    9.77850    5.57645    22.0021    1.00000    1.00000
     1.00000   -5.13609   -18.2488   -2.14970    1.00000    1.00000
     1.00000   0.341705    38.9428    17.6607    1.00000    1.00000
     1.00000    15.3854   -51.2698   -43.0446    1.00000    1.00000
     1.00000   -12.3805    11.0429    2.79893    1.00000    1.00000
     1.00000   -7.56897    1.53426   -4.04186    1.00000    1.00000
     1.00000    26.1964    38.6149    24.6302    1.00000    1.00000
     1.00000   -4.63839   -37.2285   -18.6889    1.00000    1.00000
     1.00000    2.80534    6.63152    26.4771    1.00000    1.00000
     1.00000  -10.04762   -21.5845    15.5031    1.00000    1.00000
     1.00000   -21.4295    32.8256    4.64206    1.00000    1.00000
     1.00000    9.11647   -27.9975   -32.6478    1.00000    1.00000
     1.00000   -16.1550    16.3937    9.74812    1.00000    1.00000
     1.00000   -1.85706   -10.9906   -15.5396    1.00000    1.00000
     1.00000    12.3828    34.9602    12.6399    1.00000    1.00000
     1.00000   0.719425   -24.5108   -15.6409    1.00000    1.00000
     1.00000    8.43083   0.452148    3.53501    1.00000    1.00000
     1.00000   -2.46172   -20.1595   -14.4931    1.00000    1.00000
     1.00000    5.26407    46.9898    9.57154    1.00000    1.00000
     1.00000    2.03688   -39.3901   -40.2009    1.00000    1.00000
     1.00000   -2.03247   10.36416    11.5554    1.00000    1.00000
     1.00000    18.8051    12.0767   -5.33746    1.00000    1.00000
     1.00000    14.5040    32.6634    26.8917    1.00000    1.00000
     1.00000   -3.54306   -33.8131   -27.2982    1.00000    1.00000
     1.00000    5.85545  -0.493660    5.54031    1.00000    1.00000
     1.00000   -12.5095   -28.9141    10.5899    1.00000    1.00000
     1.00000   -13.1460    32.7957    12.4035    1.00000    1.00000
     1.00000   0.662983   -39.9166   -31.0201    1.00000    1.00000
     1.00000   -14.6995    13.3476    5.15068    1.00000    1.00000
     1.00000    7.48980   0.329296   -3.72654    1.00000    1.00000
     1.00000    22.4332    44.3171    19.4391    1.00000    1.00000
     1.00000   -12.6541   -39.3836   -4.13943    1.00000    1.00000
     1.00000    8.21149    12.6591    19.8900    1.00000    1.00000
     1.00000   -12.6698   -15.9729   -6.30750    1.00000    1.00000
     1.00000   0.753342    35.7393    29.9987    1.00000    1.00000
     1.00000    18.3456   -49.8601   -49.7919    1.00000    1.00000
     1.00000   -9.88536    6.56158    5.25972    1.00000    1.00000
     1.00000   -11.9205  -0.702747   -9.22368    1.00000    1.00000
     1.00000    23.0267    39.0718    31.0453    1.00000    1.00000
     1.00000   -3.17099   -35.0039   -14.7316    1.00000    1.00000
     1.00000    2.18431    5.28123    22.2597    1.00000    1.00000
     1.00000   -9.04813   -15.5612    16.4529    1.00000    1.00000
     1.00000   -15.4161    26.5855   -1.48417    1.00000    1.00000
     1.00000    5.28474   -18.4212   -43.0352    1.00000    1.00000
     1.00000   -22.1112    17.7058    13.6171    1.00000    1.00000
     1.00000    7.74934  -10.03952   -17.1146    1.00000    1.00000
     1.00000    7.27895    40.3957    20.1167    1.00000    1.00000
     1.00000    3.39025   -27.5890    1.04615    1.00000    1.00000
     1.00000    10.8587   -4.83047    16.0320    1.00000    1.00000
     1.00000   -8.89062   -19.9153   -17.1811    1.00000    1.00000
     1.00000   -6.86612    36.0171    17.1965    1.00000    1.00000
     1.00000    11.5241   -46.2944   -48.3484    1.00000    1.00000
     1.00000    1.36865    12.3419    9.48067    1.00000    1.00000
     1.00000    7.16960   10.30627   -8.59396    1.00000    1.00000
     1.00000    7.07056    39.0615    21.5920    1.00000    1.00000
     1.00000   -2.96832   -32.7314   -24.8017    1.00000    1.00000
     1.00000   -4.58866    7.01305    16.1076    1.00000    1.00000
     1.00000   -19.3012   -19.9664    4.94235    1.00000    1.00000
     1.00000   -13.1619    31.7133    2.72486    1.00000    1.00000
     1.00000    2.51769   -34.4809   -29.4785    1.00000    1.00000
     1.00000   -20.6523    6.27679    4.98501    1.00000    1.00000
     1.00000   0.388908   -4.28025   -2.89659    1.00000    1.00000
     1.00000    14.9090    36.0441    19.2020    1.00000    1.00000
     1.00000   -10.6397   -33.2782   -5.89255    1.00000    1.00000
     1.00000    15.8578    1.10742    17.9616    1.00000    1.00000
     1.00000   -7.75257   -18.9324    5.21851E-03    1.00000    1.00000
     1.00000    6.76319    43.9252    15.7302    1.00000    1.00000
     1.00000    16.9605   -46.7726   -42.6801    1.00000    1.00000
     1.00000   -6.66925    8.12550    1.51093    1.00000    1.00000
     1.00000   -4.65253    3.31785   -2.41363    1.00000    1.00000
     1.00000    16.8065    39.2364    30.9046    1.00000    1.00000
     1.00000    3.10320   -32.0378   -21.8627    1.00000    1.00000
     1.00000   0.841021    7.45309    26.7270    1.00000    1.00000
     1.00000  -10.41052   -16.3823    15.2405    1.00000    1.00000
     1.00000   -17.5787    37.6584    3.07484    1.00000    1.00000
     1.00000    5.37547   -23.6050   -33.5799    1.00000    1.00000
     1.00000   -21.2319    20.0889    11.1754    1.00000    1.00000
     1.00000   -5.99662   -19.1032   -17.9474    1.00000    1.00000
     1.00000    8.14604    34.5422    9.68872    1.00000    1.00000
     1.00000    1.60486   -27.1396   -5.69699    1.00000    1.00000
     1.00000    13.3291    3.35299    9.98650    1.00000    1.00000
     1.00000   -7.07387   -20.5562   -14.0603    1.00000    1.00000
     1.00000   -1.35593    43.4326    16.4406    1.00000    1.00000
     1.00000    7.76091   -37.8384   -39.0050    1.00000    1.00000
     1.00000   -1.42065    6.46233    1.44440    1.00000    1.00000
     1.00000    11.0811    12.8979   -2.87099    1.00000    1.00000
     1.00000    12.7113    35.1802    28.5193    1.00000    1.00000
     1.00000   -3.72320   -33.9039   -31.2416    1.00000    1.00000
     1.00000    8.14977    5.32904    11.9382    1.00000    1.00000
     1.00000   -13.0014   -32.2258    9.17638    1.00000    1.00000
     1.00000   -6.26535    33.0533    11.5560    1.00000    1.00000
     1.00000    2.91470   -30.7728   -36.5053    1.00000    1.00000
     1.00000   -15.9977    9.50352    1.89720    1.00000    1.00000
     1.00000    6.22527    4.86229   -6.95644    1.00000    1.00000
     1.00000    28.4128    37.6862    21.4914    1.00000    1.00000
     1.00000   -13.0855   -35.2954   -7.34052    1.00000    1.00000
     1.00000    10.9617    7.24725    23.2158    1.00000    1.00000
     1.00000   -13.9173   -12.6704   -11.7827    1.00000    1.00000
     1.00000   -1.87830    40.8289    22.6183    1.00000    1.00000
     1.00000    22.9347   -51.8492   -43.6428    1.00000    1.00000
     1.00000   -5.74694  -0.628689    4.65621    1.00000    1.00000
     1.00000   -17.7764    1.46229  -10.01105    1.00000    1.00000
     1.00000    16.2987    36.2684    37.7396    1.00000    1.00000
     1.00000   -6.16517   -33.5220   -16.1875    1.00000    1.00000
     1.00000    1.52455   0.785362    20.9641    1.00000    1.00000
     1.00000   -1.04082   -20.8689    17.4293    1.00000    1.00000
     1.00000   -15.3112    25.5390    3.34483    1.00000    1.00000
     1.00000    2.25234   -19.7485   -40.5293    1.00000    1.00000
     1.00000   -14.9191    12.9690    9.73566    1.00000    1.00000
     1.00000    6.75587   -5.56857   -12.7189    1.00000    1.00000
     1.00000    15.1452    32.8545    12.3981    1.00000    1.00000
     1.00000   -1.77896   -28.4745    3.82849    1.00000    1.00000
     1.00000    13.4267    4.40933    17.4072    1.00000    1.00000
     1.00000   -17.2590   -22.2315   -11.9276    1.00000    1.00000
     1.00000   -5.95207    37.7597    17.5545    1.00000    1.00000
     1.00000    11.5170   -42.8614   -41.4404    1.00000    1.00000
     1.00000   0.658337    14.7264    3.75890    1.00000    1.00000
     1.00000    2.82258    11.7048   -5.42337    1.00000    1.00000
     1.00000   10.03414    35.5075    27.1806    1.00000    1.00000
     1.00000   -8.53476   -34.3660   -20.9257    1.00000    1.00000
     1.00000   -1.95554    6.95525    12.4461    1.00000    1.00000
     1.00000   -13.2134   -24.1923    4.00140    1.00000    1.00000
     1.00000   -9.48889    32.8326    4.62959    1.00000    1.00000
     1.00000    7.52026   -34.4911   -28.5406    1.00000    1.00000
     1.00000   -21.3089    7.94822    12.0563    1.00000    1.00000
     1.00000   -3.99017E-02   -6.98925   -4.55840    1.00000    1.00000
     1.00000    17.9666    44.2397    20.2880    1.00000    1.00000
     1.00000   -4.68338   -30.1770   0.279846    1.00000    1.00000
     1.00000    10.5802    6.71152    16.4108    1.00000    1.00000
     1.00000   -11.1618   -18.0183  -0.942307    1.00000    1.00000
     1.00000    2.40178    41.2868    24.7667    1.00000    1.00000
     1.00000    11.8315   -56.1463   -41.3434    1.00000    1.00000
     1.00000  -10.14304   10.42793    3.04283    1.00000    1.00000
     1.00000   -10.8555    2.43440   -4.70824    1.00000    1.00000
     1.00000    17.8043    40.9546    25.4858    1.00000    1.00000
     1.00000   -1.11271   -34.4925   -19.4561    1.00000    1.00000
     1.00000    5.78017    8.30724    27.1300    1.00000    1.00000
     1.00000   -11.7736   -22.0373    11.2234    1.00000    1.00000
     1.00000   -20.8205    27.7433    6.29626    1.00000    1.00000
     1.00000    3.53437   -28.8333   -33.6234    1.00000    1.00000
     1.00000   -12.4332    16.8882    8.39066    1.00000    1.00000
     1.00000   0.913887   -10.7950   -15.5911    1.00000    1.00000
     1.00000    11.1471    33.2636   10.48246    1.00000    1.00000
     1.00000   -1.01096   -27.4776  -10.43084    1.00000    1.00000
     1.00000    9.10846  -0.888103    8.08993    1.00000    1.00000
     1.00000   -2.11143   -24.6436   -19.5506    1.00000    1.00000
     1.00000  -0.508968    45.1942    12.4764    1.00000    1.00000
     1.00000    4.70034   -39.8574   -37.5886    1.00000    1.00000
     1.00000  -0.457420    7.56808    11.2712    1.00000    1.00000
     1.00000    17.1210    12.9572   -6.18866    1.00000    1.00000
     1.00000    15.0558    28.4917    24.7787    1.00000    1.00000
     1.00000   -1.79616   -39.4875   -28.2810    1.00000    1.00000
     1.00000    7.24807   -1.57663    7.83524    1.00000    1.00000
     1.00000   -11.6264   -25.5020    8.31422    1.00000    1.00000
     1.00000   -13.8210    37.7170   10.15061    1.00000    1.00000
     1.00000    1.14819   -34.9685   -35.1084    1.00000    1.00000
     1.00000   -16.5967    13.0893    8.65331    1.00000    1.00000
     1.00000    3.47314   -1.94763   -5.42015    1.00000    1.00000
     1.00000    23.4410    42.2249    22.4500    1.00000    1.00000
     1.00000   -18.2740   -38.6417  -0.780396    1.00000    1.00000
     1.00000    9.82589    17.9455    13.9344    1.00000    1.00000
     1.00000   -13.6999   -15.4861   -7.95123    1.00000    1.00000
     1.00000    1.47204    39.8396    29.5173    1.00000    1.00000
     1.00000    19.2693   -48.3455   -48.8684    1.00000    1.00000
     1.00000  -10.54722    2.93857    6.21646    1.00000    1.00000
     1.00000   -11.3827    1.07082   -9.97552    1.00000    1.00000
     1.00000    20.7906    38.7065    31.2483    1.00000    1.00000
     1.00000   -3.95819   -35.6152   -16.4656    1.00000    1.00000
     1.00000    2.45883    7.25236    22.0615    1.00000    1.00000
     1.00000   -4.96544   -19.6229    17.3581    1.00000    1.00000
     1.00000   -16.1969    32.5844    1.71610    1.00000    1.00000
     1.00000    4.31909   -16.3892   -41.2541    1.00000    1.00000
     1.00000   -23.9602    21.0891    17.5591    1.00000    1.00000
     1.00000    6.42024   -8.04975   -17.5949    1.00000    1.00000
     1.00000    7.55640    41.2354    15.2599    1.00000    1.00000
     1.00000    1.35624   -26.6805   -2.64878    1.00000    1.00000
     1.00000    9.48589  -0.752510    16.6521    1.00000    1.00000
     1.00000   -12.7255   -20.1542   -16.1462    1.00000    1.00000
     1.00000   -7.41611    40.4302    11.7732    1.00000    1.00000
     1.00000    11.7413   -43.3341   -47.6369    1.00000    1.00000
     1.00000   0.828339    13.3636    6.43835    1.00000    1.00000
     1.00000    3.66944    12.4042   -3.75193    1.00000    1.00000
     1.00000    9.77388    40.3485    26.7580    1.00000    1.00000
     1.00000   -2.35950   -29.3677   -20.4309    1.00000    1.00000
     1.00000  -0.968084    8.53305    16.0503    1.00000    1.00000
     1.00000   -15.2273   -23.2154    2.85753    1.00000    1.00000
     1.00000   -12.5913    33.6072    5.82201    1.00000    1.00000
     1.00000    2.30382   -35.8805   -31.5056    1.00000    1.00000
     1.00000   -19.0523    7.44875    4.72688    1.00000    1.00000
     1.00000    2.01811   -3.86601   -1.81302    1.00000    1.00000
     1.00000    18.0830    34.0276    16.6902    1.00000    1.00000
     1.00000   -6.47258   -30.7782   -2.08527    1.00000    1.00000
     1.00000    12.3446    6.64896    18.2888    1.00000    1.00000
     1.00000   -11.4079   -19.2606    3.70353    1.00000    1.00000
     1.00000    2.90781    41.8238    17.9669    1.00000    1.00000
     1.00000    14.5770   -47.0434   -45.9300    1.00000    1.00000
     1.00000   -5.55879    3.72803   0.688217    1.00000    1.00000
     1.00000    2.00488    5.89153   -3.18258    1.00000    1.00000
     1.00000    15.9849    38.6450    32.6295    1.00000    1.00000
     1.00000   0.916759   -31.9126   -23.1493    1.00000    1.00000
     1.00000    2.37560    4.64461    24.9760    1.00000    1.00000
     1.00000   -10.8268   -19.1239    17.7118    1.00000    1.00000
     1.00000   -22.7932    32.6488    2.45805    1.00000    1.00000
     1.00000    4.78736   -27.1419   -29.8205    1.00000    1.00000
     1.00000   -17.8239    23.0307    7.23517    1.00000    1.00000
     1.00000   -2.78252   -14.6445   -16.5613    1.00000    1.00000
     1.00000    3.02978    39.8038    10.6699    1.00000    1.00000
     1.00000   0.420460   -22.8107   -9.94033    1.00000    1.00000
     1.00000    12.3663    2.93222    14.5424    1.00000    1.00000
     1.00000   -5.87044   -24.0193   -14.9823    1.00000    1.00000
     1.00000    1.89035    40.4994    14.1716    1.00000    1.00000
     1.00000    9.75615   -38.3488   -37.1863    1.00000    1.00000
     1.00000   -3.05795    9.99406    5.22188    1.00000    1.00000
     1.00000   10.41549    9.73263   -3.93237    1.00000    1.00000
     1.00000    15.3929    35.0955    31.6413    1.00000    1.00000
     1.00000   -1.59809   -34.7373   -28.0098    1.00000    1.00000
     1.00000    2.44076    4.41841    9.74700    1.00000    1.00000
     1.00000   -14.6632   -28.1775    9.03565    1.00000    1.00000
     1.00000   -11.6170    32.5710    13.6731    1.00000    1.00000
     1.00000    1.85365   -32.8018   -40.2133    1.00000    1.00000
     1.00000   -12.6355    12.3713    4.53690    1.00000    1.00000
     1.00000   10.19077    2.50035   -6.44852    1.00000    1.00000
     1.00000    25.8924    39.9934    18.0563    1.00000    1.00000
     1.00000  -10.32293   -33.4789   -8.86380    1.00000    1.00000
     1.00000    11.2449    11.9442    21.4565    1.00000    1.00000
     1.00000   -12.0423   -15.8202   -14.0114    1.00000    1.00000
     1.00000   -1.55277E-02    42.3723    26.9634    1.00000    1.00000
     1.00000    21.7714   -47.4595   -46.2520    1.00000    1.00000
     1.00000   -8.60743    3.35788    4.30650    1.00000    1.00000
     1.00000   -14.5858   -2.76987   -7.98318    1.00000    1.00000
     1.00000    18.3079    36.0244    34.7903    1.00000    1.00000
     1.00000   -4.70079   -27.8295   -15.6199    1.00000    1.00000
     1.00000    3.55979   -1.81709    21.0041    1.00000    1.00000
     1.00000   -6.09718   -21.7006    21.5075    1.00000    1.00000
     1.00000   -17.5963    26.0222    4.91850    1.00000    1.00000
     1.00000    2.22022   -23.0485   -36.5288    1.00000    1.00000
     1.00000   -20.7386    13.4461    14.2689    1.00000    1.00000
     1.00000    6.75547   -8.36193   -7.79673    1.00000    1.00000
     1.00000    9.83248    37.5712    16.5755    1.00000    1.00000
     1.00000  -0.306042   -28.3543  -0.680473    1.00000    1.00000
     1.00000    8.29533    2.44096    14.9738    1.00000    1.00000
     1.00000   -17.4389   -20.5878   -14.0928    1.00000    1.00000
     1.00000   -3.25384    42.3920    16.0137    1.00000    1.00000
     1.00000   10.42970   -40.0302   -43.3920    1.00000    1.00000
     1.00000    2.41320    9.13678    8.85162E-02    1.00000    1.00000
     1.00000    1.89008    8.80790   -5.32755    1.00000    1.00000
     1.00000    12.5274    38.2091    25.1876    1.00000    1.00000
     1.00000   -6.22239   -31.9109   -20.2985    1.00000    1.00000
     1.00000    1.79717    5.72984    12.4564    1.00000    1.00000
     1.00000   -14.5466   -24.2656    8.76949    1.00000    1.00000
     1.00000   -12.7541    37.2173    6.29240    1.00000    1.00000
     1.00000    9.01793   -30.9432   -32.5565    1.00000    1.00000
     1.00000   -20.1132   10.18191    9.16822    1.00000    1.00000
     1.00000    5.86971   -8.00047   -4.13562    1.00000    1.00000
     1.00000    21.1783    39.2357    19.2878    1.00000    1.00000
     1.00000   -2.61921   -32.3248    4.87235    1.00000    1.00000
     1.00000    5.18783    3.70965    20.6490    1.00000    1.00000
     1.00000   -9.10871   -20.4160   -1.32883    1.00000    1.00000
     1.00000    1.45965    39.4842    20.0772    1.00000    1.00000
     1.00000    15.2642   -54.4367   -43.4348    1.00000    1.00000
     1.00000   -11.7185    12.5699   0.811790    1.00000    1.00000
     1.00000   -5.70104    2.02462   -3.52187    1.00000    1.00000
     1.00000    23.1523    37.7980    23.0526    1.00000    1.00000
     1.00000   -1.88429   -36.3376   -19.4674    1.00000    1.00000
     1.00000    4.67575    6.99694    29.3015    1.00000    1.00000
     1.00000  -10.38779   -18.0261    12.9445    1.00000    1.00000
     1.00000   -21.8131    29.1905    4.59174    1.00000    1.00000
     1.00000    9.16396   -26.3881   -31.4614    1.00000    1.00000
     1.00000   -18.2394    18.9446    8.22301    1.00000    1.00000
     1.00000  -0.118874   -12.4269   -16.1108    1.00000    1.00000
     1.00000    10.7486    33.8430    12.3548    1.00000    1.00000
     1.00000  -0.408558   -29.3997   -14.2781    1.00000    1.00000
     1.00000    8.98771    1.44084    5.85417    1.00000    1.00000
     1.00000   -1.12543   -20.7682   -19.0432    1.00000    1.00000
     1.00000    3.01121    47.6790    10.5885    1.00000    1.00000
     1.00000    1.32109   -38.9547   -36.3339    1.00000    1.00000
     1.00000   0.733616   10.27332    12.8050    1.00000    1.00000
     1.00000    18.9710    13.8081   -4.35009    1.00000    1.00000
     1.00000    14.8745    31.5973    25.2406    1.00000    1.00000
     1.00000   -4.61991   -32.1526   -27.0097    1.00000    1.00000
     1.00000    4.82635   -2.15366    8.07426    1.00000    1.00000
     1.00000   -9.61668   -27.2351   10.35434    1.00000    1.00000
     1.00000   -17.4839    32.9610    12.0547    1.00000    1.00000
     1.00000    2.51051   -38.2071   -33.4186    1.00000    1.00000
     1.00000   -16.9755    14.8842    6.17738    1.00000    1.00000
     1.00000    6.15023   -1.04376   -2.80415    1.00000    1.00000
     1.00000    19.5558    44.7992    21.3659    1.00000    1.00000
     1.00000   -13.7827   -37.3474   -2.49310    1.00000    1.00000
     1.00000    9.15587    13.5607    16.1540    1.00000    1.00000
     1.00000   -10.6968   -16.2345   -3.64549    1.00000    1.00000
     1.00000    1.10992    37.3861    27.7933    1.00000    1.00000
     1.00000    18.6791   -49.4184   -45.6310    1.00000    1.00000
     1.00000   -9.90142    4.56172    5.24263    1.00000    1.00000
     1.00000   -7.44625   -1.26941  -10.44202    1.00000    1.00000
     1.00000    20.7484    36.6396    28.7450    1.00000    1.00000
     1.00000   -1.72917   -32.0356   -12.7409    1.00000    1.00000
     1.00000   0.527670    2.01409    22.1874    1.00000    1.00000
     1.00000   -8.22115   -18.2575    16.3179    1.00000    1.00000
     1.00000   -16.2984    29.5103    1.66500    1.00000    1.00000
     1.00000    4.38494   -18.3480   -40.8559    1.00000    1.00000
     1.00000   -23.9072    18.5677    13.7948    1.00000    1.00000
     1.00000    7.15337   -6.44771   -14.4708    1.00000    1.00000
     1.00000    8.46160    42.0921    18.2388    1.00000    1.00000
     1.00000    4.51493   -29.0880   0.347595    1.00000    1.00000
     1.00000    11.1947   -1.91064    13.5579    1.00000    1.00000
     1.00000   -9.26675   -22.6746   -19.9873    1.00000    1.00000
     1.00000   -8.28675    33.5514    14.8539    1.00000    1.00000
     1.00000    15.0941   -47.5035   -47.8065    1.00000    1.00000
     1.00000    3.70982    13.0811    6.25290    1.00000    1.00000
     1.00000    8.65515    9.43359   -9.60963    1.00000    1.00000
     1.00000    7.09268    39.7601    23.8141    1.00000    1.00000
     1.00000   -4.05825   -31.0545   -24.8071    1.00000    1.00000
     1.00000   -1.85500    6.14384    16.4112    1.00000    1.00000
     1.00000   -18.6829   -19.4429    7.20244    1.00000    1.00000
     1.00000   -14.6568    30.6047    1.99267    1.00000    1.00000
     1.00000    2.40324   -34.8530   -27.4302    1.00000    1.00000
     1.00000   -20.6000    3.28981    5.27217    1.00000    1.00000
     1.00000    1.10001   -3.24218   -5.61725    1.00000    1.00000
     1.00000    13.1718    35.1603    19.6500    1.00000    1.00000
     1.00000   -7.38966   -32.9288   -3.83041    1.00000    1.00000
     1.00000    16.7072    5.61544    20.0721    1.00000    1.00000
     1.00000   -6.65849   -17.4376   0.962288    1.00000    1.00000
     1.00000    9.76830    44.0235    15.6009    1.00000    1.00000
     1.00000    14.6528   -49.4098   -43.1047    1.00000    1.00000
     1.00000   -4.36409    7.93353    2.46131    1.00000    1.00000
     1.00000   -2.89765    3.81719   -3.23282    1.00000    1.00000
     1.00000    18.0611    38.7335    28.7704    1.00000    1.00000
     1.00000    1.32148   -32.0094   -19.9113    1.00000    1.00000
     1.00000   0.644297    11.5577    27.4058    1.00000    1.00000
     1.00000   -7.40100   -14.3313    12.7697    1.00000    1.00000
     1.00000   -15.5532    33.6203    4.32225    1.00000    1.00000
     1.00000    6.86785   -21.9648   -33.4391    1.00000    1.00000
     1.00000   -19.7900    21.6285    8.53473    1.00000    1.00000
     1.00000   -7.49240   -21.6672   -20.0656    1.00000    1.00000
     1.00000    4.62187    36.1177    9.24210    1.00000    1.00000
     1.00000  -0.275616   -26.5051   -5.44970    1.00000    1.00000
     1.00000    10.7900    2.40640    9.29531    1.00000    1.00000
     1.00000   -5.00655   -20.7419   -18.5783    1.00000    1.00000
     1.00000  -0.940689    44.8282    14.3946    1.00000    1.00000
     1.00000    9.10363   -40.5208   -39.8307    1.00000    1.00000
     1.00000   -1.32364    7.48981    3.96915    1.00000    1.00000
     1.00000    14.9417    11.8312   -4.54240    1.00000    1.00000
     1.00000    13.5277    35.6731    32.0742    1.00000    1.00000
     1.00000   -1.49369   -35.9836   -30.6730    1.00000    1.00000
     1.00000    9.58220    4.91704    9.02964    1.00000    1.00000
     1.00000   -14.3512   -30.1489    9.16325    1.00000    1.00000
     1.00000   -5.96235    31.1695    10.9562    1.00000    1.00000
     1.00000    3.95934   -30.3529   -34.8523    1.00000    1.00000
     1.00000   -14.3236    12.3392    3.46493    1.00000    1.00000
     1.00000    7.50420    2.84192   -4.64657    1.00000    1.00000
     1.00000    28.9957    38.5412    18.0189    1.00000    1.00000
     1.00000   -12.7604   -38.2841   -5.80673    1.00000    1.00000
     1.00000    10.7610    9.22091    23.4696    1.00000    1.00000
     1.00000   -14.0365   -12.3616   -9.34709    1.00000    1.00000
     1.00000   -1.97252    41.0688    24.6017    1.00000    1.00000
     1.00000    21.2906   -51.6697   -47.4795    1.00000    1.00000
     1.00000   -7.70580    1.58986    4.55388    1.00000    1.00000
     1.00000   -19.0151   -3.22304E-02   -9.52951    1.00000    1.00000
     1.00000    17.8011    37.1794    36.3425    1.00000    1.00000
     1.00000   -3.67338   -30.5645   -16.9804    1.00000    1.00000
     1.00000    1.52517    1.86386    19.2798    1.00000    1.00000
     1.00000   -3.87833   -20.4669    19.7536    1.00000    1.00000
     1.00000   -19.5631    27.5423    3.09896    1.00000    1.00000
     1.00000    5.30734   -21.0089   -40.0936    1.00000    1.00000
     1.00000   -15.8715    14.5580   10.48946    1.00000    1.00000
     1.00000    5.87985   -7.53782   -11.0755    1.00000    1.00000
     1.00000    13.8387    33.8705    16.0838    1.00000    1.00000
     1.00000   -1.22918   -26.5711    3.55473    1.00000    1.00000
     1.00000    11.5213    3.59823    16.2283    1.00000    1.00000
     1.00000   -17.3839   -19.3005   -12.5631    1.00000    1.00000
     1.00000   -6.56033    39.4969    16.7723    1.00000    1.00000
     1.00000    15.2125   -40.9492   -41.1057    1.00000    1.00000
     1.00000  -0.696125    16.0529    4.39610    1.00000    1.00000
     1.00000    1.74751    12.6475   -8.92003    1.00000    1.00000
     1.00000    10.6220    38.7478    25.4694    1.00000    1.00000
     1.00000  -10.09977   -34.8943   -16.6149    1.00000    1.00000
     1.00000   -1.67542    5.78621    14.0445    1.00000    1.00000
     1.00000   -11.9583   -20.6419    5.04098    1.00000    1.00000
     1.00000   -6.39617    31.7684    5.66302    1.00000    1.00000
     1.00000    8.61370   -33.4173   -29.8257    1.00000    1.00000
     1.00000   -22.6224    8.60197    13.4155    1.00000    1.00000
     1.00000    3.44982   -6.73100  -0.442291    1.00000    1.00000
     1.00000    17.1967    40.7059    18.7010    1.00000    1.00000
     1.00000   -6.09892   -31.6519    2.04921    1.00000    1.00000
     1.00000   10.35109    6.76771    18.3969    1.00000    1.00000
     1.00000   -12.7544   -17.7539   -2.31300    1.00000    1.00000
     1.00000    4.12601    40.5780    24.0425    1.00000    1.00000
     1.00000    13.3699   -56.7747   -42.4563    1.00000    1.00000
     1.00000   -9.15518    8.51383    4.77041    1.00000    1.00000
     1.00000   -11.1132    1.19957   -7.99795    1.00000    1.00000
     1.00000    20.8584    39.3879    25.7515    1.00000    1.00000
     1.00000    2.28102   -35.5294   -19.1748    1.00000    1.00000
     1.00000    8.24646    4.64698    26.7029    1.00000    1.00000
     1.00000  -10.44349   -22.5336    13.0569    1.00000    1.00000
     1.00000   -17.5934    26.3609    7.07194    1.00000    1.00000
     1.00000    5.54149   -27.8493   -32.3499    1.00000    1.00000
     1.00000   -13.8595    14.9285    8.39603    1.00000    1.00000
     1.00000    1.74426  -10.55121   -19.0105    1.00000    1.00000
     1.00000   10.00279    31.0560    9.62692    1.00000    1.00000
     1.00000   -1.51451   -29.3284   -10.9972    1.00000    1.00000
     1.00000    12.1614   -1.35720   10.43396    1.00000    1.00000
     1.00000  -0.468807   -24.3416   -18.4503    1.00000    1.00000
     1.00000    3.07225    45.8572    11.4116    1.00000    1.00000
     1.00000    4.12398   -39.3440   -33.7415    1.00000    1.00000
     1.00000  -0.369631    7.21255    7.53247    1.00000    1.00000
     1.00000    17.2981    11.0169   -4.41357    1.00000    1.00000
     1.00000    18.8190    27.7565    24.4823    1.00000    1.00000
     1.00000   -2.50555   -36.7484   -25.7915    1.00000    1.00000
     1.00000    5.36077    2.13882   10.15263    1.00000    1.00000
     1.00000   -9.62274   -24.0042    6.67728    1.00000    1.00000
     1.00000   -15.1350    34.7376    13.5387    1.00000    1.00000
     1.00000  -0.173748   -33.7993   -36.0493    1.00000    1.00000
     1.00000   -17.5593    13.6802    4.35506    1.00000    1.00000
     1.00000    1.68479   -3.61610   -7.49294    1.00000    1.00000
     1.00000    20.9387    39.9211    22.2535    1.00000    1.00000
     1.00000   -15.6742   -36.8880   -2.03331    1.00000    1.00000
     1.00000    11.1406    15.5007    16.6866    1.00000    1.00000
     1.00000   -15.5447   -14.8517   -7.51050    1.00000    1.00000
     1.00000   0.616522    39.0843    31.1597    1.00000    1.00000
     1.00000    21.8498   -45.8653   -47.5397    1.00000    1.00000
     1.00000   -12.8113    3.91381    4.32269    1.00000    1.00000
     1.00000   -13.4897    1.30106   -8.02929    1.00000    1.00000
     1.00000    21.0142    35.9348    30.6502    1.00000    1.00000
     1.00000   -6.75647   -36.4153   -16.0536    1.00000    1.00000
     1.00000   0.646872    7.96857    22.5130    1.00000    1.00000
     1.00000   -5.26213   -17.4515    18.8956    1.00000    1.00000
     1.00000   -16.4391    31.3917    3.30317    1.00000    1.00000
     1.00000    2.34138   -16.2976   -41.6383    1.00000    1.00000
     1.00000   -24.0395    21.5995    13.7620    1.00000    1.00000
     1.00000    4.53601   -7.85450   -18.2364    1.00000    1.00000
     1.00000    8.72291    38.5978    15.2659    1.00000    1.00000
     1.00000    1.16292   -26.9971  -0.683464    1.00000    1.00000
     1.00000    11.0414   -3.99112    18.3217    1.00000    1.00000
     1.00000   -10.7002   -19.9871   -14.2408    1.00000    1.00000
     1.00000   -8.70068    37.4156    13.9527    1.00000    1.00000
     1.00000    14.4126   -39.3406   -44.5219    1.00000    1.00000
     1.00000    2.56674    15.3230    3.80485    1.00000    1.00000
     1.00000    6.26808    9.86791   -6.86333    1.00000    1.00000
     1.00000    7.12138    39.1241    25.7101    1.00000    1.00000
     1.00000   -4.96203   -30.1358   -20.6615    1.00000    1.00000
     1.00000   -1.03329   10.16591    20.6003    1.00000    1.00000
     1.00000   -15.3820   -21.7382    4.19686    1.00000    1.00000
     1.00000   -9.84701    29.2130    5.25890    1.00000    1.00000
     1.00000    4.59163   -38.5192   -29.8819    1.00000    1.00000
     1.00000   -18.7464   10.25285    6.85349    1.00000    1.00000
     1.00000    3.86715   -3.90706   0.337708    1.00000    1.00000
     1.00000    18.3936    37.5825    18.6045    1.00000    1.00000
     1.00000   -6.43614   -33.1529   -1.70550    1.00000    1.00000
     1.00000    16.0329    6.46582    17.8561    1.00000    1.00000
     1.00000   -8.06961   -17.4928    3.14700    1.00000    1.00000
     1.00000    5.24108    43.4031    19.7551    1.00000    1.00000
     1.00000    16.8439   -46.6917   -45.8368    1.00000    1.00000
     1.00000   -6.03418    4.54164    2.45232    1.00000    1.00000
     1.00000    3.85411    5.96687   -3.94066    1.00000    1.00000
     1.00000    13.4181    38.7631    33.6090    1.00000    1.00000
     1.00000    2.65720   -28.5203   -21.8804    1.00000    1.00000
     1.00000    2.89069    2.97851    25.9552    1.00000    1.00000
     1.00000   -11.3541   -17.6550    16.4611    1.00000    1.00000
     1.00000   -19.1915    34.7940    3.94699    1.00000    1.00000
     1.00000    6.91887   -28.7417   -27.1531    1.00000    1.00000
     1.00000   -20.8591    21.7674    5.39746    1.00000    1.00000
     1.00000   -5.29955   -18.1407   -16.3044    1.00000    1.00000
     1.00000    5.46607    37.7070    8.36955    1.00000    1.00000
     1.00000    1.96551   -24.5555   -7.77956    1.00000    1.00000
     1.00000    11.3666    3.02798    11.1067    1.00000    1.00000
     1.00000   -4.26839   -21.0056   -14.3515    1.00000    1.00000
     1.00000    1.18855    41.9637    16.3638    1.00000    1.00000
     1.00000   10.04019   -42.1540   -39.1559    1.00000    1.00000
     1.00000   -1.80954    9.68246    7.84802    1.00000    1.00000
     1.00000    9.14127   10.36919   -5.33633    1.00000    1.00000
     1.00000    18.1965    33.7479    31.8017    1.00000    1.00000
     1.00000   0.113605   -33.7332   -27.7613    1.00000    1.00000
     1.00000    4.63333    6.10689    10.6233    1.00000    1.00000
     1.00000   -14.0816   -28.5332    7.15543    1.00000    1.00000
     1.00000   -9.55190    33.4999    11.8394    1.00000    1.00000
     1.00000    3.09286   -31.3503   -40.8113    1.00000    1.00000
     1.00000   -11.3490    14.1686    5.63743    1.00000    1.00000
     1.00000    8.00346   0.333500   -7.23422    1.00000    1.00000
     1.00000    23.1570    40.0967    19.9706    1.00000    1.00000
     1.00000   -11.3979   -38.1308   -7.26282    1.00000    1.00000
     1.00000    9.02346    10.9335    17.5001    1.00000    1.00000
     1.00000   -13.1893   -17.4084   -13.6086    1.00000    1.00000
     1.00000    3.46954    43.6410    25.8240    1.00000    1.00000
     1.00000    24.6766   -49.7330   -46.1945    1.00000    1.00000
     1.00000   -6.96750    1.81937    5.25284E-02    1.00000    1.00000
     1.00000   -14.9923  -0.227642   -6.46743    1.00000    1.00000
     1.00000    17.7090    38.5041    33.6333    1.00000    1.00000
     1.00000   -3.37222   -26.4367   -16.1630    1.00000    1.00000
     1.00000    5.09731  -0.542679    20.8951    1.00000    1.00000
     1.00000   -6.32389   -22.4726    19.6765    1.00000    1.00000
     1.00000   -16.7827    27.8122    4.55271    1.00000    1.00000
     1.00000    1.44972   -24.1266   -35.0308    1.00000    1.00000
     1.00000   -18.7949    14.0581   10.28461    1.00000    1.00000
     1.00000    7.72019   -5.54044   -7.98224    1.00000    1.00000
     1.00000    12.4782    36.7044    15.3463    1.00000    1.00000
     1.00000   -1.07785   -30.4428   0.433220    1.00000    1.00000
     1.00000    8.08068    4.30838    15.6569    1.00000    1.00000
     1.00000   -15.4999   -22.5234   -16.2668    1.00000    1.00000
     1.00000   -3.44635    44.0384    19.3757    1.00000    1.00000
     1.00000    11.3559   -39.1574   -41.8491    1.00000    1.00000
     1.00000    1.74628    12.4796   0.678017    1.00000    1.00000
     1.00000   -1.21326    8.43193   -3.47367    1.00000    1.00000
     1.00000    13.1557    35.5156    26.0221    1.00000    1.00000
     1.00000   -6.91175   -33.3503   -21.5038    1.00000    1.00000
     1.00000   -1.51704    4.75413    12.3387    1.00000    1.00000
     1.00000   -12.9416   -23.0829    8.61103    1.00000    1.00000
     1.00000   -11.5237    37.0624    7.86150    1.00000    1.00000
     1.00000    12.3865   -32.6323   -33.5626    1.00000    1.00000
     1.00000   -18.8705    9.97234    11.3945    1.00000    1.00000
     1.00000    4.25011   -5.38423   -3.66427    1.00000    1.00000
     1.00000    16.7644    39.3339    17.3115    1.00000    1.00000
     1.00000   -3.11184   -30.3617    3.12207    1.00000    1.00000
     1.00000    8.94779    4.04453    21.0207    1.00000    1.00000
     1.00000   -6.81998   -17.5794   -1.30331    1.00000    1.00000
     1.00000    1.52898    40.4160    18.3089    1.00000    1.00000
     1.00000    16.3974   -52.9605   -42.7021    1.00000    1.00000
     1.00000   -12.2543    13.0355    2.68159    1.00000    1.00000
     1.00000   -9.41411    1.04951   -4.64224    1.00000    1.00000
     1.00000    24.2524    38.1486    24.6857    1.00000    1.00000
     1.00000   -3.90017   -37.5745   -16.8626    1.00000    1.00000
     1.00000    3.78919    8.18092    27.2717    1.00000    1.00000
     1.00000   -11.5895   -21.4018    14.2425    1.00000    1.00000
     1.00000   -19.4442    32.6192    4.76847    1.00000    1.00000
     1.00000    10.6763   -27.9063   -33.8963    1.00000    1.00000
     1.00000   -18.0378    16.7900    9.20210    1.00000    1.00000
     1.00000   -1.88313  -10.23724   -17.3921    1.00000    1.00000
     1.00000    13.2030    36.6051    11.8517    1.00000    1.00000
     1.00000  -0.212337   -26.2708   -15.4566    1.00000    1.00000
     1.00000   10.13615    1.23235    4.23011    1.00000    1.00000
     1.00000   -2.08141   -21.0164   -16.2598    1.00000    1.00000
     1.00000    6.15343    46.8061    11.3535    1.00000    1.00000
     1.00000    3.62104   -39.0068   -39.0418    1.00000    1.00000
     1.00000  -0.845303    9.07841    12.5236    1.00000    1.00000
     1.00000    19.6715   10.28184   -5.17059    1.00000    1.00000
     1.00000    12.8852    33.8261    27.0577    1.00000    1.00000
     1.00000   -3.33708   -34.9346   -25.6551    1.00000    1.00000
     1.00000    6.87508   0.364979    7.03130    1.00000    1.00000
     1.00000   -11.5041   -27.4205    9.71918    1.00000    1.00000
     1.00000   -14.2415    33.0262    14.0608    1.00000    1.00000
     1.00000   -5.62248E-02   -38.3913   -32.0954    1.00000    1.00000
     1.00000   -15.8912    13.3064    6.75634    1.00000    1.00000
     1.00000    5.50501   0.562145   -3.80653    1.00000    1.00000
     1.00000    21.8928    43.2543    21.0448    1.00000    1.00000
     1.00000   -12.8884   -39.4046   -2.15331    1.00000    1.00000
     1.00000    8.83144    12.8607    17.9992    1.00000    1.00000
     1.00000   -12.3892   -15.4734   -4.39133    1.00000    1.00000
     1.00000    1.01742    37.7080    29.7651    1.00000    1.00000
     1.00000    16.9960   -49.6608   -48.3295    1.00000    1.00000
     1.00000   -8.94472    6.12109    3.55058    1.00000    1.00000
     1.00000  -10.16490   -1.06709   -8.33765    1.00000    1.00000
     1.00000    21.8014    38.6439    29.5236    1.00000    1.00000
     1.00000   -2.94423   -33.3845   -13.5800    1.00000    1.00000
     1.00000    3.52418    4.30111    23.3751    1.00000    1.00000
     1.00000   -7.23235   -15.9300    17.2058    1.00000    1.00000
     1.00000   -16.3094    28.3592   -1.72071    1.00000    1.00000
     1.00000    3.55226   -17.5677   -43.5548    1.00000    1.00000
     1.00000   -21.6772    16.1230    12.4742    1.00000    1.00000
     1.00000    6.71237   -9.95461   -15.4065    1.00000    1.00000
     1.00000    7.54795    39.8673    18.2066    1.00000    1.00000
     1.00000    3.73400   -26.3129  -0.454964    1.00000    1.00000
     1.00000    8.90308   -4.60948    15.6758    1.00000    1.00000
     1.00000   -9.84838   -20.9575   -15.7681    1.00000    1.00000
     1.00000   -7.11473    34.2351    16.3232    1.00000    1.00000
     1.00000    12.9145   -44.8707   -48.1493    1.00000    1.00000
     1.00000    2.91004    13.5867    9.20748    1.00000    1.00000
     1.00000    8.12968    11.3080   -7.15353    1.00000    1.00000
     1.00000    5.34886    39.6036    20.7307    1.00000    1.00000
     1.00000   -2.69586   -34.4540   -23.8227    1.00000    1.00000
     1.00000   -4.04106    5.90179    14.5375    1.00000    1.00000
     1.00000   -19.2021   -21.0883    3.28959    1.00000    1.00000
     1.00000   -14.2110    31.5437    4.41911    1.00000    1.00000
     1.00000    1.57222   -36.2321   -29.6777    1.00000    1.00000
     1.00000   -21.8942    4.72552    4.75857    1.00000    1.00000
     1.00000  -0.893700   -5.24163   -4.09268    1.00000    1.00000
     1.00000    16.3681    35.5967    17.9092    1.00000    1.00000
     1.00000   -9.21550   -33.4041   -4.49403    1.00000    1.00000
     1.00000    16.2387    2.78545    18.9809    1.00000    1.00000
     1.00000   -7.42421   -18.9813    1.97748    1.00000    1.00000
     1.00000    4.77681    44.0402    15.9328    1.00000    1.00000
     1.00000    16.4659   -47.8781   -44.2717    1.00000    1.00000
     1.00000   -8.40867    7.17800    1.78782    1.00000    1.00000
     1.00000   -3.38306    3.11233  -0.881897    1.00000    1.00000
     1.00000    16.5434    37.7362    29.6083    1.00000    1.00000
     1.00000    1.41413   -33.0762   -21.6005    1.00000    1.00000
     1.00000   0.276609    9.19221    25.9165    1.00000    1.00000
     1.00000   -8.81685   -16.3467    14.0326    1.00000    1.00000
     1.00000   -17.5587    35.8348    2.25379    1.00000    1.00000
     1.00000    4.09756   -24.8656   -32.6980    1.00000    1.00000
     1.00000   -20.0693    18.9478    12.3356    1.00000    1.00000
     1.00000   -4.11957   -18.4148   -17.8958    1.00000    1.00000
     1.00000    6.45630    35.3592    8.99789    1.00000    1.00000
     1.00000    3.35437   -27.8508   -6.35541    1.00000    1.00000
     1.00000    14.0751    4.29650    8.38861    1.00000    1.00000
     1.00000   -7.72928   -20.9349   -15.9116    1.00000    1.00000
     1.00000  -0.675047    41.7115    15.6830    1.00000    1.00000
     1.00000    9.24970   -36.6505   -39.6154    1.00000    1.00000
     1.00000    8.53844E-02    7.06243    2.61562    1.00000    1.00000
     1.00000    11.7322    12.1673   -4.61521    1.00000    1.00000
     1.00000    12.3648    35.3314    30.4833    1.00000    1.00000
     1.00000   -5.13556   -32.5195   -30.9438    1.00000    1.00000
     1.00000    6.19033    5.71010    11.8142    1.00000    1.00000
     1.00000   -13.1219   -30.8180    10.5919    1.00000    1.00000
     1.00000   -7.73485    34.2868    12.1208    1.00000    1.00000
     1.00000    2.12564   -32.1059   -37.7703    1.00000    1.00000
     1.00000   -16.2783    9.99699    3.81496    1.00000    1.00000
     1.00000    7.68170    6.17487   -6.56153    1.00000    1.00000
     1.00000    27.9168    37.8675    19.5623    1.00000    1.00000
     1.00000   -11.9215   -34.8098   -5.78829    1.00000    1.00000
     1.00000    11.1067    5.26817    23.4653    1.00000    1.00000
     1.00000   -14.2775   -14.6259   -11.5678    1.00000    1.00000
     1.00000   -3.63483    39.9525    22.2355    1.00000    1.00000
     1.00000    21.3546   -50.9553   -44.4820    1.00000    1.00000
     1.00000   -6.98539   0.192497    3.31760    1.00000    1.00000
     1.00000   -15.9432   0.685688   -9.82054    1.00000    1.00000
     1.00000    17.5446    35.2109    36.5865    1.00000    1.00000
     1.00000   -4.98146   -31.9135   -16.2955    1.00000    1.00000
     1.00000    3.37940   0.692024    20.2219    1.00000    1.00000
     1.00000   -2.69057   -19.9070    18.0234    1.00000    1.00000
     1.00000   -16.2364    27.0789    2.46587    1.00000    1.00000
     1.00000    1.30490   -21.3637   -39.8269    1.00000    1.00000
     1.00000   -14.4916    12.9268    11.6890    1.00000    1.00000
     1.00000    5.72411   -7.24989   -13.0485    1.00000    1.00000
     1.00000    14.2402    34.4558    13.1835    1.00000    1.00000
     1.00000   -1.54026   -29.5696    2.17205    1.00000    1.00000
     1.00000    12.1613    5.49174    16.2994    1.00000    1.00000
     1.00000   -17.4957   -24.2153   -12.0210    1.00000    1.00000
     1.00000   -5.31582    38.1663    15.7025    1.00000    1.00000
     1.00000    12.7226   -42.4231   -42.9749    1.00000    1.00000
     1.00000    1.13540    13.3870    2.35233    1.00000    1.00000
     1.00000    1.82447    12.5739   -6.92287    1.00000    1.00000
     1.00000    9.39346    35.4348    25.2874    1.00000    1.00000
     1.00000   -9.08801   -33.2935   -19.3308    1.00000    1.00000
     1.00000   -3.21648    6.99847    10.8943    1.00000    1.00000
     1.00000   -14.2962   -23.0548    5.23974    1.00000    1.00000
     1.00000   -10.8363    34.2349    5.09664    1.00000    1.00000
     1.00000    5.92562   -35.5449   -27.9520    1.00000    1.00000
     1.00000   -20.7233    7.23320   10.28268    1.00000    1.00000
     1.00000    1.79187   -6.98420   -3.75554    1.00000    1.00000
     1.00000    17.2812    42.4946    19.5917    1.00000    1.00000
     1.00000   -4.13536   -31.4072    1.75845    1.00000    1.00000
     1.00000    11.0114    8.63943    16.0990    1.00000    1.00000
     1.00000  -10.34873   -19.5832    1.12152E-03    1.00000    1.00000
     1.00000    2.52201    40.8066    22.8290    1.00000    1.00000
     1.00000   10.14521   -55.5199   -40.4693    1.00000    1.00000
     1.00000   -9.00845   10.33497    1.39843    1.00000    1.00000
     1.00000   -11.9807    2.98178   -3.14799    1.00000    1.00000
     1.00000    18.8631    39.2693    25.6826    1.00000    1.00000
     1.00000   0.543064   -35.3724   -20.1520    1.00000    1.00000
     1.00000    6.73273    6.58431    26.7777    1.00000    1.00000
     1.00000   -10.8574   -23.1652    9.84925    1.00000    1.00000
     1.00000   -20.3601    29.6464    5.88830    1.00000    1.00000
     1.00000    3.59857   -27.8630   -31.8757    1.00000    1.00000
     1.00000   -14.2772    16.7335    9.14941    1.00000    1.00000
     1.00000    1.18453   -11.5997   -17.4020    1.00000    1.00000
     1.00000    9.27602    32.9026    9.87535    1.00000    1.00000
     1.00000   0.618259   -26.3189  -10.48676    1.00000    1.00000
     1.00000    9.55779   0.992874    8.59985    1.00000    1.00000
     1.00000   -3.20589   -22.9904   -19.2877    1.00000    1.00000
     1.00000  -0.239595    45.8293    10.5992    1.00000    1.00000
     1.00000    6.40429   -38.8824   -37.9708    1.00000    1.00000
     1.00000  -0.122372    6.77161    9.46752    1.00000    1.00000
     1.00000    16.1356    11.2243   -6.02777    1.00000    1.00000
     1.00000    14.4551    27.8791    22.9721    1.00000    1.00000
     1.00000   -1.03394   -38.7471   -26.5866    1.00000    1.00000
     1.00000    6.93321  -0.335423    9.37156    1.00000    1.00000
     1.00000  -10.17875   -25.4334    9.69251    1.00000    1.00000
     1.00000   -15.3107    37.6900    11.4848    1.00000    1.00000
     1.00000   0.687511   -36.8709   -34.6975    1.00000    1.00000
     1.00000   -17.9583    13.5104    7.25021    1.00000    1.00000
     1.00000    4.10515   -8.04405E-02   -5.08225    1.00000    1.00000
     1.00000    22.1591    41.1951    21.3114    1.00000    1.00000
     1.00000   -16.6720   -38.6205   -1.97747    1.00000    1.00000
     1.00000    10.8401    16.6651    15.0885    1.00000    1.00000
     1.00000   -12.5981   -15.8456   -9.58123    1.00000    1.00000
     1.00000   0.333675    41.1143    28.4784    1.00000    1.00000
     1.00000    20.1442   -46.6772   -48.1966    1.00000    1.00000
     1.00000   -11.0449    2.97692    4.27974    1.00000    1.00000
     1.00000   -13.1353    2.02732   -9.85874    1.00000    1.00000
     1.00000    19.0915    38.2061    32.1770    1.00000    1.00000
     1.00000   -5.74489   -35.1670   -17.2446    1.00000    1.00000
     1.00000    3.23918    8.19513    20.4797    1.00000    1.00000
     1.00000   -4.83364   -17.6686    16.9542    1.00000    1.00000
     1.00000   -18.1738    32.8463    1.86823    1.00000    1.00000
     1.00000    3.64864   -15.4060   -42.8615    1.00000    1.00000
     1.00000   -25.5001    19.8274    17.3676    1.00000    1.00000
     1.00000    6.78584   -6.16207   -17.0444    1.00000    1.00000
     1.00000    8.62495    40.1341    16.5426    1.00000    1.00000
     1.00000  -0.377621   -27.1129   -3.54703    1.00000    1.00000
     1.00000   10.55887  -0.642696    14.9678    1.00000    1.00000
     1.00000   -14.3756   -19.0350   -15.9886    1.00000    1.00000
     1.00000   -5.87331    40.0490    12.9875    1.00000    1.00000
     1.00000    13.0249   -42.2718   -46.5307    1.00000    1.00000
     1.00000    2.32373    14.3224    5.51941    1.00000    1.00000
     1.00000    5.07325    11.7542   -5.01952    1.00000    1.00000
     1.00000    10.8856    40.7017    25.1334    1.00000    1.00000
     1.00000  -0.899090   -30.0144   -21.6347    1.00000    1.00000
     1.00000  -0.285009    9.99181    17.2358    1.00000    1.00000
     1.00000   -13.8654   -22.1801    1.82153    1.00000    1.00000
     1.00000   -12.3821    31.7146    5.21023    1.00000    1.00000
     1.00000    3.07357   -37.5790   -30.7827    1.00000    1.00000
     1.00000   -18.0031    8.62788    5.95523    1.00000    1.00000
     1.00000    2.34492   -5.06541  -0.246292    1.00000    1.00000
     1.00000    16.8730    35.4526    15.9794    1.00000    1.00000
     1.00000   -7.54313   -29.5581   -3.25367    1.00000    1.00000
     1.00000    14.2006    7.26730    17.8728    1.00000    1.00000
     1.00000   -10.8825   -17.4567    3.01781    1.00000    1.00000
     1.00000    4.34410    42.2169    16.6318    1.00000    1.00000
     1.00000    15.4832   -45.7022   -44.7554    1.00000    1.00000
     1.00000   -5.22393    4.66273   -1.04794    1.00000    1.00000
     1.00000    5.82733E-02    6.31228   -2.99905    1.00000    1.00000
     1.00000    15.2166    39.0825    34.4234    1.00000    1.00000
     1.00000    1.73349   -30.0886   -23.0732    1.00000    1.00000
     1.00000    1.14915    5.52663    26.2867    1.00000    1.00000
     1.00000   -9.85028   -20.8303    17.3449    1.00000    1.00000
     1.00000   -21.9885    34.2473    3.35109    1.00000    1.00000
     1.00000    3.74114   -26.0226   -31.1060    1.00000    1.00000
     1.00000   -19.0328    24.4850    6.58450    1.00000    1.00000
     1.00000   -3.83809   -15.7217   -15.2477    1.00000    1.00000
     1.00000    4.33341    38.5885    9.76242    1.00000    1.00000
     1.00000    1.23053   -24.6142   -9.63868    1.00000    1.00000
     1.00000    13.6978    1.83108    15.5496    1.00000    1.00000
     1.00000   -7.09114   -22.4811   -14.6031    1.00000    1.00000
     1.00000    2.62801    42.1138    13.2499    1.00000    1.00000
     1.00000   10.24898   -40.2865   -37.1353    1.00000    1.00000
     1.00000   -3.20893    8.39761    4.02666    1.00000    1.00000
     1.00000    11.0437    10.9396   -2.46655    1.00000    1.00000
     1.00000    16.8048    34.2941    30.4732    1.00000    1.00000
     1.00000   -6.95152E-02   -36.0203   -27.8779    1.00000    1.00000
     1.00000    4.16336    3.50110    9.30975    1.00000    1.00000
     1.00000   -16.4751   -28.1152    9.88016    1.00000    1.00000
     1.00000   -10.5779    31.5041    12.3382    1.00000    1.00000
     1.00000    3.51915   -32.4535   -39.1622    1.00000    1.00000
     1.00000   -10.8685    11.9447    5.37091    1.00000    1.00000
     1.00000    9.93679   0.542210   -6.76659    1.00000    1.00000
     1.00000    27.6086    39.6434    17.0909    1.00000    1.00000
     1.00000   -11.4189   -35.1399   -9.06425    1.00000    1.00000
     1.00000    10.9454   10.07021    20.8251    1.00000    1.00000
     1.00000   -12.5060   -15.3738   -12.1178    1.00000    1.00000
     1.00000   -1.01175E-01    43.5032    28.6107    1.00000    1.00000
     1.00000    20.4322   -48.9302   -46.4608    1.00000    1.00000
     1.00000   -7.01289    2.95179    3.16959    1.00000    1.00000
     1.00000   -15.9639   -1.32916   -7.82485    1.00000    1.00000
     1.00000    19.8121    34.9269    35.5204    1.00000    1.00000
     1.00000   -5.30088   -29.5992   -16.3328    1.00000    1.00000
     1.00000    2.12728  -0.824913    21.9857    1.00000    1.00000
     1.00000   -5.47184   -23.3001    22.5324    1.00000    1.00000
     1.00000   -17.0668    24.6192    6.24188    1.00000    1.00000
     1.00000    1.59085   -22.7372   -38.4015    1.00000    1.00000
     1.00000   -21.6754    14.1298    12.6394    1.00000    1.00000
     1.00000    6.86198   -8.48435   -5.80332    1.00000    1.00000
     1.00000    11.4285    36.4551    17.0303    1.00000    1.00000
     1.00000    1.07788   -29.0239   -1.95970    1.00000    1.00000
     1.00000    9.36420   0.854073    14.3913    1.00000    1.00000
     1.00000   -15.8070   -20.1665   -15.1695    1.00000    1.00000
     1.00000   -5.16115    41.9900    15.5659    1.00000    1.00000
     1.00000    11.5719   -41.4195   -44.2666    1.00000    1.00000
     1.00000    2.43464    10.8543  -0.936012    1.00000    1.00000
     1.00000    3.52584    9.86655   -5.77870    1.00000    1.00000
     1.00000    12.4332    39.6553    26.5658    1.00000    1.00000
     1.00000   -4.77684   -31.3105   -19.0535    1.00000    1.00000
     1.00000    2.98026    6.99001    11.4503    1.00000    1.00000
     1.00000   -13.5000   -25.1129    7.29072    1.00000    1.00000
     1.00000   -11.2516    35.9104    6.10667    1.00000    1.00000
     1.00000    9.24102   -32.6121   -33.6359    1.00000    1.00000
     1.00000   -18.4878    11.1469    9.82163    1.00000    1.00000
     1.00000    4.46312   -8.57388   -2.83457    1.00000    1.00000
     1.00000    20.3030    39.5602    17.5191    1.00000    1.00000
     1.00000   -4.42459   -31.6466    5.40221    1.00000    1.00000
     1.00000    7.12516    3.93238    20.2050    1.00000    1.00000
     1.00000   -7.54672   -19.3290   -1.94420    1.00000    1.00000
     1.00000    2.45047    39.1092    21.7736    1.00000    1.00000
     1.00000    14.7466   -55.0629   -45.2624    1.00000    1.00000
     1.00000   -9.77554    12.1421    1.01660    1.00000    1.00000
     1.00000   -5.86401   0.579716   -2.14867    1.00000    1.00000
     1.00000    21.6182    38.6232    24.0352    1.00000    1.00000
     1.00000   -2.89639   -38.0466   -19.2330    1.00000    1.00000
     1.00000    4.82919    8.92892    28.8076    1.00000    1.00000
     1.00000   -10.7114   -19.6089    14.1235    1.00000    1.00000
     1.00000   -21.3794    30.9932    3.84217    1.00000    1.00000
     1.00000    7.19519   -26.2678   -31.7923    1.00000    1.00000
     1.00000   -18.8234    18.4162   10.06144    1.00000    1.00000
     1.00000   -2.01575   -12.9694   -15.7827    1.00000    1.00000
     1.00000    8.84927    33.3123    12.0216    1.00000    1.00000
     1.00000   -1.05383   -28.0767   -15.6321    1.00000    1.00000
     1.00000   10.01014  -0.169338    6.45580    1.00000    1.00000
     1.00000   -2.02814   -22.1462   -17.9092    1.00000    1.00000
     1.00000    4.59400    47.9864    11.7718    1.00000    1.00000
     1.00000    2.61073   -38.0786   -37.5866    1.00000    1.00000
     1.00000   0.804474    11.3831    11.1427    1.00000    1.00000
     1.00000    17.7019    15.3269   -4.06306    1.00000    1.00000
     1.00000    16.0485    30.0194    25.6038    1.00000    1.00000
     1.00000   -5.00714   -32.2187   -28.9708    1.00000    1.00000
     1.00000    4.58591  -0.432457    7.08450    1.00000    1.00000
     1.00000   -7.97579   -27.5914    11.4409    1.00000    1.00000
     1.00000   -15.8956    32.3951    13.1304    1.00000    1.00000
     1.00000    1.13270   -36.9216   -32.7484    1.00000    1.00000
     1.00000   -18.4310    15.8548    5.20814    1.00000    1.00000
     1.00000    5.06469   -2.70961   -2.58842    1.00000    1.00000
     1.00000    20.0408    42.8888    21.7052    1.00000    1.00000
     1.00000   -12.1952   -37.7169   -1.33411    1.00000    1.00000
     1.00000    9.81858    12.3882    14.6755    1.00000    1.00000
     1.00000   -9.81665   -17.4191   -2.29562    1.00000    1.00000
     1.00000    2.32419    37.1861    26.2168    1.00000    1.00000
     1.00000    17.1990   -48.5636   -46.6696    1.00000    1.00000
     1.00000   -11.7458    4.88729    5.94415    1.00000    1.00000
     1.00000   -9.39321  -0.897869  -10.17500    1.00000    1.00000
     1.00000    22.6019    36.8117    29.4765    1.00000    1.00000
     1.00000   -2.74939   -31.0230   -14.1315    1.00000    1.00000
     1.00000   0.642149    4.00813    22.2908    1.00000    1.00000
     1.00000   -6.72739   -17.8293    17.5770    1.00000    1.00000
     1.00000   -16.5420    29.7529  -0.305229    1.00000    1.00000
     1.00000    2.71360   -18.4206   -41.9519    1.00000    1.00000
     1.00000   -25.1913    19.2642    15.1607    1.00000    1.00000
     1.00000    6.52055   -7.97314   -15.5989    1.00000    1.00000
     1.00000    8.21671    42.1591    20.2226    1.00000    1.00000
     1.00000    2.86289   -29.5917    1.35611    1.00000    1.00000
