     1.00000    58.0372    33.6654    7.78172    1.00000    1.00000
     1.00000   -1.37485   -7.35860   -29.1933    1.00000    1.00000
     1.00000    32.3839  -0.573029    3.59801    1.00000    1.00000
     1.00000   -42.2994   -22.8590   -16.8264    1.00000    1.00000
     1.00000    45.4270    59.6266    24.4971    1.00000    1.00000
     1.00000   -22.4110   -24.1218   -2.34347    1.00000    1.00000
     1.00000    24.5209   -7.80029   -5.70397    1.00000    1.00000
     1.00000   -60.5387   -22.1742    9.70872    1.00000    1.00000
     1.00000    60.4665    48.3601    3.95470    1.00000    1.00000
     1.00000   -12.9941  -0.221649   -19.6686    1.00000    1.00000
     1.00000    55.1209    13.3732   -3.10278    1.00000    1.00000
     1.00000   -57.7982   -38.6770    7.09231    1.00000    1.00000
     1.00000    48.2950    37.2065    14.4786    1.00000    1.00000
     1.00000   -31.9873   -29.7941   -10.5887    1.00000    1.00000
     1.00000    4.55881   -19.4639   -16.4332    1.00000    1.00000
     1.00000   -68.7681    12.2163    12.7424    1.00000    1.00000
     1.00000    34.1853    16.6069    15.4050    1.00000    1.00000
     1.00000   -17.7392   -5.42701   -26.5121    1.00000    1.00000
     1.00000    47.4731    10.7889    7.73338    1.00000    1.00000
     1.00000   -51.6317   -38.6016   -9.34927    1.00000    1.00000
     1.00000    46.3025    66.7799    15.0490    1.00000    1.00000
     1.00000   -20.0602   -13.7917    3.30587    1.00000    1.00000
     1.00000    13.8306   -22.2466   -6.74751    1.00000    1.00000
     1.00000   -70.7335   -17.1235    3.36752    1.00000    1.00000
     1.00000    59.7873    43.2638    16.6866    1.00000    1.00000
     1.00000   -9.98740   -10.7147  -10.10603    1.00000    1.00000
     1.00000    40.5193    8.33709   -9.99528    1.00000    1.00000
     1.00000   -51.1099   -37.7002    2.05494    1.00000    1.00000
     1.00000    46.6201    57.6340    21.9014    1.00000    1.00000
     1.00000   -27.5067   -21.5608   -8.71258    1.00000    1.00000
     1.00000    2.29899   -28.2119  -10.42492    1.00000    1.00000
     1.00000   -77.9448   -8.62201    19.1459    1.00000    1.00000
     1.00000    48.1422    32.3567    8.81157    1.00000    1.00000
     1.00000   -5.59769   -15.1659   -21.6650    1.00000    1.00000
     1.00000    37.0570    4.20172    4.98837    1.00000    1.00000
     1.00000   -43.2876   -36.4966   -16.3036    1.00000    1.00000
     1.00000    49.4940    58.7526    22.8035    1.00000    1.00000
     1.00000   -15.0196   -15.2288    1.79423    1.00000    1.00000
     1.00000    22.7805   -17.2633   -5.19155    1.00000    1.00000
     1.00000   -62.8817   -23.3251    8.45926    1.00000    1.00000
     1.00000    66.8928    44.0041    3.01740    1.00000    1.00000
     1.00000   -11.0936   -6.51348   -13.8155    1.00000    1.00000
     1.00000    49.9319    5.73914   -17.4846    1.00000    1.00000
     1.00000   -62.8303   -29.8878    3.13683    1.00000    1.00000
     1.00000    42.1557    42.1142    18.2107    1.00000    1.00000
     1.00000   -37.9861   -37.0378   -17.6106    1.00000    1.00000
     1.00000   -1.57394   -14.4684   -17.7664    1.00000    1.00000
     1.00000   -72.3258    6.51113   10.06421    1.00000    1.00000
     1.00000    50.2710    26.5959    10.7787    1.00000    1.00000
     1.00000   -8.11098   -16.4934   -25.6541    1.00000    1.00000
     1.00000    47.5465    12.2993    3.23452    1.00000    1.00000
     1.00000   -51.3290   -31.5769   -14.7100    1.00000    1.00000
     1.00000    37.8653    60.2828    24.1483    1.00000    1.00000
     1.00000   -27.3686   -14.2401    8.94813    1.00000    1.00000
     1.00000    17.8674   -16.6283   -4.37640    1.00000    1.00000
     1.00000   -69.7930   -14.8370    7.82011    1.00000    1.00000
     1.00000    58.9982    25.4355    6.56101    1.00000    1.00000
     1.00000   -5.83560   -12.6777   0.796577    1.00000    1.00000
     1.00000    48.0871    4.77728   -25.1161    1.00000    1.00000
     1.00000   -45.4112   -39.8888  -0.289680    1.00000    1.00000
     1.00000    49.8522    48.8058    20.1408    1.00000    1.00000
     1.00000   -31.2166   -24.2607   -3.85841    1.00000    1.00000
     1.00000    3.24715   -23.6673   -9.90977    1.00000    1.00000
     1.00000   -75.9734   -14.0954    18.6288    1.00000    1.00000
     1.00000    56.2943    27.9086    3.07841    1.00000    1.00000
     1.00000   -3.15569   -12.2929   -21.9004    1.00000    1.00000
     1.00000    28.8680   0.524605    1.68818    1.00000    1.00000
     1.00000   -43.2199   -29.7443   -15.8735    1.00000    1.00000
     1.00000    50.7417    65.1583    21.4148    1.00000    1.00000
     1.00000   -24.8763   -18.9926   -5.45948    1.00000    1.00000
     1.00000    21.8221   -7.06213   -1.73589    1.00000    1.00000
     1.00000   -55.8901   -18.2138    19.3210    1.00000    1.00000
     1.00000    58.7609    44.1536    6.85389    1.00000    1.00000
     1.00000   -11.7966   -3.63278   -13.3017    1.00000    1.00000
     1.00000    51.6132    9.21432   -5.37543    1.00000    1.00000
     1.00000   -61.0656   -32.8998    2.74438    1.00000    1.00000
     1.00000    44.2507    39.9003    19.1206    1.00000    1.00000
     1.00000   -28.4158   -25.2473   -7.10914    1.00000    1.00000
     1.00000    12.7635   -17.7718   -11.0906    1.00000    1.00000
     1.00000   -70.9802    12.6398    7.04336    1.00000    1.00000
     1.00000    45.8575    14.3187    13.9280    1.00000    1.00000
     1.00000   -19.5029   -8.53599   -25.1550    1.00000    1.00000
     1.00000    46.2492    18.6804    11.5037    1.00000    1.00000
     1.00000   -52.6836   -36.0174   -6.58685    1.00000    1.00000
     1.00000    38.2875    62.9289    24.6999    1.00000    1.00000
     1.00000   -15.5022   -13.8367    6.05679    1.00000    1.00000
     1.00000    16.1175   -25.8857   -11.2444    1.00000    1.00000
     1.00000   -72.8394   -23.9266    4.78833    1.00000    1.00000
     1.00000    61.9916    38.3604    9.85064    1.00000    1.00000
     1.00000   -5.41965   -12.0858   -6.73533    1.00000    1.00000
     1.00000    46.6466    5.76711   -16.6479    1.00000    1.00000
     1.00000   -54.8341   -39.6233   0.996162    1.00000    1.00000
     1.00000    55.2469    56.6877    13.0412    1.00000    1.00000
     1.00000   -29.0279   -15.1576   -9.90517    1.00000    1.00000
     1.00000    4.08450   -25.7811   -14.5677    1.00000    1.00000
     1.00000   -77.9802  -0.565010    12.2845    1.00000    1.00000
     1.00000    47.2490    35.1639    6.75002    1.00000    1.00000
     1.00000   -6.40217   -22.1248   -20.4929    1.00000    1.00000
     1.00000    42.6400    4.61684    7.51093    1.00000    1.00000
     1.00000   -44.0563   -39.2531   -14.2231    1.00000    1.00000
     1.00000    43.7181    59.6539    30.0729    1.00000    1.00000
     1.00000   -16.5107   -20.6016   -5.35203    1.00000    1.00000
     1.00000    26.7221   -11.1225   0.448463    1.00000    1.00000
     1.00000   -61.4310   -24.4870    9.81411    1.00000    1.00000
     1.00000    65.1065    38.8970   -1.07046    1.00000    1.00000
     1.00000   -13.9678   -3.39831   -17.3157    1.00000    1.00000
     1.00000    54.7903    2.43767   -8.49487    1.00000    1.00000
     1.00000   -64.3151   -28.8920   -1.61039    1.00000    1.00000
     1.00000    50.2356    48.6379    16.5535    1.00000    1.00000
     1.00000   -38.3181   -37.6668   -11.2373    1.00000    1.00000
     1.00000    3.43894   -20.7849   -21.3462    1.00000    1.00000
     1.00000   -70.3615    9.18408    15.5643    1.00000    1.00000
     1.00000    47.2452    20.6436    10.7236    1.00000    1.00000
     1.00000   -12.3567   -4.70096   -22.1113    1.00000    1.00000
     1.00000    50.9508    14.0565    2.16621    1.00000    1.00000
     1.00000   -54.0984   -39.5345   -14.6933    1.00000    1.00000
     1.00000    36.6178    62.5273    28.6167    1.00000    1.00000
     1.00000   -22.6834   -15.1752    10.9820    1.00000    1.00000
     1.00000    15.7382   -11.4277   -2.03245    1.00000    1.00000
     1.00000   -63.4388   -16.1558    5.19996    1.00000    1.00000
     1.00000    65.5538    31.5906    7.35036    1.00000    1.00000
     1.00000  -10.44042   -21.2980  -0.242378    1.00000    1.00000
     1.00000    44.1132    6.97080   -16.9338    1.00000    1.00000
     1.00000   -51.3099   -37.4522   -3.47999    1.00000    1.00000
     1.00000    40.4680    53.7264    18.7012    1.00000    1.00000
     1.00000   -30.8676   -24.9198   -1.27847    1.00000    1.00000
     1.00000  -0.170052   -24.1905   -11.2685    1.00000    1.00000
     1.00000   -69.8349   -12.7712    5.58991    1.00000    1.00000
     1.00000    55.2803    32.3435    4.78472    1.00000    1.00000
     1.00000   -2.51872   -8.86837   -26.9518    1.00000    1.00000
     1.00000    31.7337   0.467003    1.77753    1.00000    1.00000
     1.00000   -39.2088   -27.2564   -18.7611    1.00000    1.00000
     1.00000    42.6627    65.5925    25.7867    1.00000    1.00000
     1.00000   -19.7436   -24.7788   -8.65240    1.00000    1.00000
     1.00000    27.2553   -4.21610   -3.57030    1.00000    1.00000
     1.00000   -59.1231   -15.2724    11.9273    1.00000    1.00000
     1.00000    60.0393    51.4144    3.14114    1.00000    1.00000
     1.00000   -15.3918    4.26865   -18.0587    1.00000    1.00000
     1.00000    51.8290    7.61456   -3.25216    1.00000    1.00000
     1.00000   -57.5670   -38.7493    5.10704    1.00000    1.00000
     1.00000    46.5872    37.7914    11.8272    1.00000    1.00000
     1.00000   -31.1996   -32.2856   -11.2843    1.00000    1.00000
     1.00000    2.88126   -21.2603   -13.3140    1.00000    1.00000
     1.00000   -67.1560    15.1454    10.6310    1.00000    1.00000
     1.00000    39.6852    14.4945    15.3055    1.00000    1.00000
     1.00000   -15.6435   -5.31539   -32.5331    1.00000    1.00000
     1.00000    45.4409    9.41276    11.2519    1.00000    1.00000
     1.00000   -51.9556   -36.6304   -9.25375    1.00000    1.00000
     1.00000    40.6441    66.2892    20.6660    1.00000    1.00000
     1.00000   -21.4125   -10.9668    4.13371    1.00000    1.00000
     1.00000    17.9253   -22.0812   -9.42194    1.00000    1.00000
     1.00000   -73.4505   -15.5244    5.14899    1.00000    1.00000
     1.00000    56.9008    45.9469    20.2405    1.00000    1.00000
     1.00000   -11.7165   -11.3736   -9.34699    1.00000    1.00000
     1.00000    36.8709    9.13860   -15.2472    1.00000    1.00000
     1.00000   -53.7578   -38.2859    4.95936    1.00000    1.00000
     1.00000    47.3420    56.2133    19.9678    1.00000    1.00000
     1.00000   -33.5512   -21.3063   -4.38605    1.00000    1.00000
     1.00000  -0.320503   -29.0155   -11.8560    1.00000    1.00000
     1.00000   -79.1638   -5.55089    14.8716    1.00000    1.00000
     1.00000    53.2543    29.6208    5.77637    1.00000    1.00000
     1.00000   -3.66570   -16.5159   -18.2522    1.00000    1.00000
     1.00000    36.9205   0.423080    4.53872    1.00000    1.00000
     1.00000   -42.0751   -36.7988   -17.8652    1.00000    1.00000
     1.00000    49.4780    54.9086    24.6510    1.00000    1.00000
     1.00000   -12.8750   -18.6703   -1.04171    1.00000    1.00000
     1.00000    22.2692   -14.8316   -1.95329    1.00000    1.00000
     1.00000   -64.5120   -21.4013    6.74101    1.00000    1.00000
     1.00000    64.9566    45.1151    1.31754    1.00000    1.00000
     1.00000   -11.0402   -6.55354   -11.8166    1.00000    1.00000
     1.00000    51.3094    3.47821   -10.8306    1.00000    1.00000
     1.00000   -62.8164   -32.3743    6.95203    1.00000    1.00000
     1.00000    39.6606    40.9088    14.7666    1.00000    1.00000
     1.00000   -36.4609   -34.8790   -13.9586    1.00000    1.00000
     1.00000   -1.21702   -18.2914   -17.4774    1.00000    1.00000
     1.00000   -74.2649    6.62383    14.1568    1.00000    1.00000
     1.00000    50.6717    30.8871    11.9463    1.00000    1.00000
     1.00000   -13.0436   -12.4571   -22.2601    1.00000    1.00000
     1.00000    51.6428    11.5106    5.02222    1.00000    1.00000
     1.00000   -52.0862   -34.4193   -18.0264    1.00000    1.00000
     1.00000    36.4248    60.6582    25.4840    1.00000    1.00000
     1.00000   -25.4203   -16.3174    8.11106    1.00000    1.00000
     1.00000    17.1752   -18.3577   -3.64848    1.00000    1.00000
     1.00000   -68.0266   -15.3453    2.89458    1.00000    1.00000
     1.00000    62.4558    28.2441    4.65247    1.00000    1.00000
     1.00000   -7.44729   -11.9338   -1.50588    1.00000    1.00000
     1.00000    51.5692    5.00482   -25.4706    1.00000    1.00000
     1.00000   -50.4518   -37.9851   -1.75379    1.00000    1.00000
     1.00000    47.8686    50.9429    16.9442    1.00000    1.00000
     1.00000   -30.8489   -25.3097   -7.54375    1.00000    1.00000
     1.00000    2.06719   -24.3647   -6.77378    1.00000    1.00000
     1.00000   -70.8929   -12.4059   10.31831    1.00000    1.00000
     1.00000    59.9365    30.3072    2.29786    1.00000    1.00000
     1.00000   -1.91115   -9.37708   -23.9222    1.00000    1.00000
     1.00000    26.3875    3.32101    3.66287E-02    1.00000    1.00000
     1.00000   -46.3699   -35.6305   -17.1694    1.00000    1.00000
     1.00000    46.7472    65.2833    21.5425    1.00000    1.00000
     1.00000   -22.7020   -22.8531   -8.12601    1.00000    1.00000
     1.00000    23.7050   -7.32853   -2.35516    1.00000    1.00000
     1.00000   -57.6460   -16.4068    15.4521    1.00000    1.00000
     1.00000    54.5750    43.0522    2.62897    1.00000    1.00000
     1.00000   -15.4140   -2.47604   -14.8737    1.00000    1.00000
     1.00000    50.8857    8.80332   -8.62901    1.00000    1.00000
     1.00000   -62.3101   -36.0126    2.14730    1.00000    1.00000
     1.00000    43.7208    39.6137    14.2716    1.00000    1.00000
     1.00000   -28.3488   -30.1418   -7.63651    1.00000    1.00000
     1.00000    10.9942   -18.6660   -11.3554    1.00000    1.00000
     1.00000   -66.8682    15.4389    7.09299    1.00000    1.00000
     1.00000    46.6654    17.3992    15.0117    1.00000    1.00000
     1.00000   -17.2585   -1.74499   -23.4945    1.00000    1.00000
     1.00000    46.0685    14.5236    8.44538    1.00000    1.00000
     1.00000   -47.9096   -41.7617   -5.21508    1.00000    1.00000
     1.00000    40.2314    67.0432    23.4492    1.00000    1.00000
     1.00000   -18.8574   -12.3481    7.59426    1.00000    1.00000
     1.00000    14.0116   -23.0416   -10.7145    1.00000    1.00000
     1.00000   -72.7244   -19.2609    5.68911    1.00000    1.00000
     1.00000    64.7459    36.3406    11.8406    1.00000    1.00000
     1.00000   -5.73817   -12.7641   -2.13006    1.00000    1.00000
     1.00000    44.1132    8.32667   -15.1486    1.00000    1.00000
     1.00000   -53.9297   -43.0704   0.219582    1.00000    1.00000
     1.00000    50.0164    57.1354    15.1005    1.00000    1.00000
     1.00000   -27.3505   -17.8175   -3.42274    1.00000    1.00000
     1.00000    5.71393   -25.6574   -12.7974    1.00000    1.00000
     1.00000   -77.5908    4.65659    12.2110    1.00000    1.00000
     1.00000    46.8830    36.7391    5.57317    1.00000    1.00000
     1.00000   -4.39130   -18.7719   -21.4177    1.00000    1.00000
     1.00000    40.9160    3.61474    7.35728    1.00000    1.00000
     1.00000   -40.4128   -39.7633   -15.0230    1.00000    1.00000
     1.00000    46.4442    58.0431    29.7276    1.00000    1.00000
     1.00000   -17.3912   -21.4080   -2.72001    1.00000    1.00000
     1.00000    23.2294   -13.3547    1.22194    1.00000    1.00000
     1.00000   -61.5860   -29.3666    9.17607    1.00000    1.00000
     1.00000    64.9711    39.7659    2.66592    1.00000    1.00000
     1.00000   -15.7556   -6.09264   -15.8991    1.00000    1.00000
     1.00000    50.1603    2.18105   -9.43980    1.00000    1.00000
     1.00000   -60.3510   -28.8846    1.19352    1.00000    1.00000
     1.00000    42.8845    45.6679    17.2443    1.00000    1.00000
     1.00000   -42.1981   -34.2974   -12.1799    1.00000    1.00000
     1.00000   0.738441   -18.6303   -17.7251    1.00000    1.00000
     1.00000   -71.9154    6.08842    11.9755    1.00000    1.00000
     1.00000    48.4785    18.4637    11.3297    1.00000    1.00000
     1.00000   -11.5076  -10.34046   -22.8822    1.00000    1.00000
     1.00000    55.9949    15.7604  -0.543434    1.00000    1.00000
     1.00000   -53.0896   -41.3760   -12.6398    1.00000    1.00000
     1.00000    31.4497    60.1819    24.8805    1.00000    1.00000
     1.00000   -20.2423   -15.4652    7.89351    1.00000    1.00000
     1.00000    16.9467   -11.4279   -3.95400    1.00000    1.00000
     1.00000   -62.5304   -17.2229    6.77670    1.00000    1.00000
     1.00000    65.8542    37.1637    7.88542    1.00000    1.00000
     1.00000   -7.22347   -17.6868  -0.111229    1.00000    1.00000
     1.00000    43.6808    2.92662   -19.6441    1.00000    1.00000
     1.00000   -53.5227   -41.4573   -5.83549    1.00000    1.00000
     1.00000    45.2043    53.0484    19.1207    1.00000    1.00000
     1.00000   -30.6314   -30.9278    1.08477    1.00000    1.00000
     1.00000    1.11677   -17.5490  -10.31051    1.00000    1.00000
     1.00000   -67.9000   -9.05721    4.72758    1.00000    1.00000
     1.00000    59.4943    30.8503    6.82866    1.00000    1.00000
     1.00000  -0.936996   -7.34492   -27.2419    1.00000    1.00000
     1.00000    35.9021  -0.404297    6.04816    1.00000    1.00000
     1.00000   -39.4157   -25.3545   -19.3443    1.00000    1.00000
     1.00000    44.5120    63.1622    24.8519    1.00000    1.00000
     1.00000   -21.3483   -23.1755   -3.74877    1.00000    1.00000
     1.00000    28.7795   -7.37106   -6.00240    1.00000    1.00000
     1.00000   -58.5363   -17.0757    9.73705    1.00000    1.00000
     1.00000    60.2060    46.9268    5.49148    1.00000    1.00000
     1.00000   -11.6893    1.06849   -20.4643    1.00000    1.00000
     1.00000    55.3308    15.3595   -3.20502    1.00000    1.00000
     1.00000   -56.5407   -41.4047    9.41090    1.00000    1.00000
     1.00000    46.6094    39.3656    16.2488    1.00000    1.00000
     1.00000   -33.2461   -30.7477   -11.8160    1.00000    1.00000
     1.00000    6.10456   -16.7790   -11.8094    1.00000    1.00000
     1.00000   -68.3868    12.8917    10.8990    1.00000    1.00000
     1.00000    37.3476    14.4848    15.4187    1.00000    1.00000
     1.00000   -18.8639   -5.49897   -29.7888    1.00000    1.00000
     1.00000    47.1263    9.24484    8.95631    1.00000    1.00000
     1.00000   -50.7766   -40.0132   -8.21949    1.00000    1.00000
     1.00000    44.2553    66.0888    15.7686    1.00000    1.00000
     1.00000   -16.9679   -15.3462    2.23049    1.00000    1.00000
     1.00000    12.7009   -20.7139   -6.13561    1.00000    1.00000
     1.00000   -72.0554   -14.7957    2.71572    1.00000    1.00000
     1.00000    59.8417    43.4014    19.0536    1.00000    1.00000
     1.00000   -10.9792   -7.59760   -7.55451    1.00000    1.00000
     1.00000    40.8070   10.14034   -12.9308    1.00000    1.00000
     1.00000   -50.9992   -36.6868    5.78746    1.00000    1.00000
     1.00000    44.3155    58.0328    20.4535    1.00000    1.00000
     1.00000   -26.1624   -19.6134   -6.85967    1.00000    1.00000
     1.00000    1.37104   -25.4256   -12.7515    1.00000    1.00000
     1.00000   -77.3365   -11.6631    20.5334    1.00000    1.00000
     1.00000    48.4082    34.1138    14.0313    1.00000    1.00000
     1.00000   -4.82994   -16.9562   -24.4914    1.00000    1.00000
     1.00000    36.5982    4.36831    6.97820    1.00000    1.00000
     1.00000   -42.8581   -32.6010   -15.2144    1.00000    1.00000
     1.00000    48.6156    59.6966    24.3323    1.00000    1.00000
     1.00000   -12.2948   -17.7296   0.625145    1.00000    1.00000
     1.00000    21.1383   -16.9164   -4.10404    1.00000    1.00000
     1.00000   -62.1890   -21.0963    9.37014    1.00000    1.00000
     1.00000    65.0184    42.3568    4.69762    1.00000    1.00000
     1.00000   -14.7928   -7.70560   -16.5856    1.00000    1.00000
     1.00000    48.6936    3.94511   -15.5793    1.00000    1.00000
     1.00000   -64.2288   -29.3949    1.79475    1.00000    1.00000
     1.00000    43.6253    41.5640    14.7042    1.00000    1.00000
     1.00000   -37.5428   -36.7930   -15.6758    1.00000    1.00000
     1.00000   0.396538   -14.9625   -17.4094    1.00000    1.00000
     1.00000   -73.2982    4.85694    11.1306    1.00000    1.00000
     1.00000    48.0611    25.1811    11.4749    1.00000    1.00000
     1.00000  -10.54690   -15.0321   -23.3676    1.00000    1.00000
     1.00000    49.1473    12.4402    6.84234    1.00000    1.00000
     1.00000   -49.7986   -32.8135   -16.7474    1.00000    1.00000
     1.00000    40.7136    59.1634    21.6527    1.00000    1.00000
     1.00000   -23.8982   -12.8309    7.89333    1.00000    1.00000
     1.00000    19.8877   -16.0033   -2.83817    1.00000    1.00000
     1.00000   -69.2243   -14.3558    4.53339    1.00000    1.00000
     1.00000    62.6823    27.2028    6.34491    1.00000    1.00000
     1.00000   -2.82428   -12.3556  -0.720741    1.00000    1.00000
     1.00000    47.8425    5.15111   -23.1667    1.00000    1.00000
     1.00000   -43.6338   -40.3678   -1.07163    1.00000    1.00000
     1.00000    46.9762    49.5115    22.1488    1.00000    1.00000
     1.00000   -27.8598   -22.0411   -3.56911    1.00000    1.00000
     1.00000    6.33271   -21.3419   -9.38349    1.00000    1.00000
     1.00000   -75.0100   -14.5026    16.9241    1.00000    1.00000
     1.00000    54.2528    30.6716    4.39845    1.00000    1.00000
     1.00000    1.24708   -13.2266   -21.8708    1.00000    1.00000
     1.00000    28.4209   0.596596    4.78107    1.00000    1.00000
     1.00000   -44.8480   -30.7886   -15.3650    1.00000    1.00000
     1.00000    46.7702    67.0056    19.1593    1.00000    1.00000
     1.00000   -21.9516   -21.0186   -3.08500    1.00000    1.00000
     1.00000    19.8488   -6.73239   -4.87489    1.00000    1.00000
     1.00000   -59.7779   -15.8690    17.2505    1.00000    1.00000
     1.00000    56.4118    44.3884    4.50424    1.00000    1.00000
     1.00000   -14.8281  -0.908867   -13.0819    1.00000    1.00000
     1.00000    53.4670    12.6411   -5.90104    1.00000    1.00000
     1.00000   -59.1473   -30.5335    2.68983    1.00000    1.00000
     1.00000    42.9734    37.9755    16.2272    1.00000    1.00000
     1.00000   -27.2632   -24.3184   -9.71146    1.00000    1.00000
     1.00000    13.3649   -20.3178   -12.8421    1.00000    1.00000
     1.00000   -71.7245    14.3370   10.23508    1.00000    1.00000
     1.00000    44.0942    11.2711    13.4620    1.00000    1.00000
     1.00000   -17.2287   -6.51033   -24.9103    1.00000    1.00000
     1.00000    47.6302    17.5828    9.21612    1.00000    1.00000
     1.00000   -53.6916   -34.8626   -7.87156    1.00000    1.00000
     1.00000    35.8593    63.5789    25.0950    1.00000    1.00000
     1.00000   -18.5033   -12.9895    5.57951    1.00000    1.00000
     1.00000    15.5163   -26.5076   -13.0477    1.00000    1.00000
     1.00000   -71.9259   -21.7667    2.05947    1.00000    1.00000
     1.00000    59.9612    40.0485    12.3006    1.00000    1.00000
     1.00000   -7.04026   -15.0441   -7.44425    1.00000    1.00000
     1.00000    49.5749    8.45341   -16.4648    1.00000    1.00000
     1.00000   -54.9345   -40.7918    3.64526    1.00000    1.00000
     1.00000    50.7082    53.5093    13.6608    1.00000    1.00000
     1.00000   -28.9923   -14.4105   -7.36953    1.00000    1.00000
     1.00000    3.22274   -25.6650   -17.4208    1.00000    1.00000
     1.00000   -76.4884    1.57915    13.3796    1.00000    1.00000
     1.00000    49.1821    35.3926    9.98431    1.00000    1.00000
     1.00000   -6.08566   -19.2266   -20.4573    1.00000    1.00000
     1.00000    44.1349    6.12756    9.41004    1.00000    1.00000
     1.00000   -45.2555   -37.7779   -12.6724    1.00000    1.00000
     1.00000    43.4624    61.4107    28.9320    1.00000    1.00000
     1.00000   -17.2710   -20.0507   -7.56506    1.00000    1.00000
     1.00000    25.2406   -11.2714   -2.67495    1.00000    1.00000
     1.00000   -60.5104   -26.6824    11.2982    1.00000    1.00000
     1.00000    64.6416    39.7996   0.693527    1.00000    1.00000
     1.00000   -15.4694   -4.74025   -17.4253    1.00000    1.00000
     1.00000    54.2624    5.63972   -7.50611    1.00000    1.00000
     1.00000   -61.6352   -28.4062   -2.06603    1.00000    1.00000
     1.00000    47.8831    46.2124    19.0478    1.00000    1.00000
     1.00000   -37.9332   -35.6603   -12.8532    1.00000    1.00000
     1.00000    1.49342   -21.2238   -21.1970    1.00000    1.00000
     1.00000   -70.7087    10.9001    11.4232    1.00000    1.00000
     1.00000    47.0789    26.2072    9.72057    1.00000    1.00000
     1.00000   -14.2693   -4.07470   -20.5708    1.00000    1.00000
     1.00000    53.3611    12.6813    2.04141    1.00000    1.00000
     1.00000   -54.1208   -37.6772   -15.4350    1.00000    1.00000
     1.00000    32.7616    64.9203    29.1229    1.00000    1.00000
     1.00000   -24.4390   -15.0962    11.9367    1.00000    1.00000
     1.00000    13.1335   -12.3331   -3.31501    1.00000    1.00000
     1.00000   -66.9280   -16.5635    6.09216    1.00000    1.00000
     1.00000    67.3362    34.0992    9.75822    1.00000    1.00000
     1.00000   -11.8657   -21.6643   -1.59679    1.00000    1.00000
     1.00000    45.7174    5.63611   -20.1483    1.00000    1.00000
     1.00000   -51.8037   -40.2736   -2.08501    1.00000    1.00000
     1.00000    43.6163    52.0343    19.7914    1.00000    1.00000
     1.00000   -32.6107   -26.6511   -3.26887    1.00000    1.00000
     1.00000  -0.107689   -22.1975   -11.1127    1.00000    1.00000
     1.00000   -68.9415   -13.3442   10.37841    1.00000    1.00000
     1.00000    56.4572    33.8543    5.36133    1.00000    1.00000
     1.00000   -1.44865   -10.5861   -30.2262    1.00000    1.00000
     1.00000    31.6637    1.22981    6.85285    1.00000    1.00000
     1.00000   -41.8840   -27.5059   -20.0470    1.00000    1.00000
     1.00000    41.0433    65.8607    27.2526    1.00000    1.00000
     1.00000   -18.7136   -26.4831   -8.83791    1.00000    1.00000
     1.00000    28.1605   -3.32473   -2.02564    1.00000    1.00000
     1.00000   -58.6374   -17.3414    12.3904    1.00000    1.00000
     1.00000    62.1025    51.9934    3.90206    1.00000    1.00000
     1.00000   -14.6615   0.875870   -19.5455    1.00000    1.00000
     1.00000    52.5892   10.48558   -1.90314    1.00000    1.00000
     1.00000   -58.8888   -37.2539    5.23577    1.00000    1.00000
     1.00000    45.7945    37.4817    13.6371    1.00000    1.00000
     1.00000   -34.6819   -33.8406   -9.96014    1.00000    1.00000
     1.00000    2.03799   -18.2215   -15.1759    1.00000    1.00000
     1.00000   -65.0736    16.5691    11.1257    1.00000    1.00000
     1.00000    42.2767    14.1205    15.8010    1.00000    1.00000
     1.00000   -16.1537   -6.00349   -27.5862    1.00000    1.00000
     1.00000    46.4749    10.9910    11.9153    1.00000    1.00000
     1.00000   -54.4154   -37.1147   -13.5384    1.00000    1.00000
     1.00000    43.0635    65.6315    20.0936    1.00000    1.00000
     1.00000   -22.3735   -12.7195    4.06521    1.00000    1.00000
     1.00000    17.2907   -22.7237   -7.36712    1.00000    1.00000
     1.00000   -75.3261   -15.5184    1.71613    1.00000    1.00000
     1.00000    60.2345    45.1109    20.0145    1.00000    1.00000
     1.00000   -8.48980   -13.1419   -8.50018    1.00000    1.00000
     1.00000    38.3542    9.19318   -12.5954    1.00000    1.00000
     1.00000   -49.6338   -41.4099    6.17879    1.00000    1.00000
     1.00000    48.5476    54.7620    14.6410    1.00000    1.00000
     1.00000   -28.2936   -20.3433   -4.53297    1.00000    1.00000
     1.00000  -0.997986   -28.6446   -13.7008    1.00000    1.00000
     1.00000   -79.7467   -7.41477    16.9961    1.00000    1.00000
     1.00000    50.9743    31.9037    7.66666    1.00000    1.00000
     1.00000   -1.21158   -15.8693   -20.4659    1.00000    1.00000
     1.00000    39.4046    2.40347    2.71858    1.00000    1.00000
     1.00000   -40.8203   -40.5112   -18.9083    1.00000    1.00000
     1.00000    47.8174    57.8986    23.4814    1.00000    1.00000
     1.00000   -15.9295   -20.9572   -1.43145    1.00000    1.00000
     1.00000    20.4424   -15.4994    3.07308    1.00000    1.00000
     1.00000   -63.9801   -21.9038    3.69836    1.00000    1.00000
     1.00000    63.3779    47.3840    3.31446    1.00000    1.00000
     1.00000   -13.3424   -7.94595   -9.32090    1.00000    1.00000
     1.00000    50.6922    3.92991   -14.5836    1.00000    1.00000
     1.00000   -60.8780   -31.1099    6.97512    1.00000    1.00000
     1.00000    38.1388    39.6914    14.3171    1.00000    1.00000
     1.00000   -36.1962   -31.9450   -11.9113    1.00000    1.00000
     1.00000  -0.795128   -20.1356   -14.1269    1.00000    1.00000
     1.00000   -73.7083    4.80432    13.5406    1.00000    1.00000
     1.00000    51.2369    28.9748    12.1009    1.00000    1.00000
     1.00000  -10.35863   -11.9737   -22.9944    1.00000    1.00000
     1.00000    50.9135    12.5413    3.47111    1.00000    1.00000
     1.00000   -54.0209   -33.5605   -16.4771    1.00000    1.00000
     1.00000    34.6195    58.6001    26.7087    1.00000    1.00000
     1.00000   -27.6506   -16.3918    6.22700    1.00000    1.00000
     1.00000    15.9168   -21.8216   -4.24010    1.00000    1.00000
     1.00000   -68.7785   -15.8289    6.28196    1.00000    1.00000
     1.00000    62.7463    31.5464    6.68377    1.00000    1.00000
     1.00000   -9.12195   -13.8760  -0.921074    1.00000    1.00000
     1.00000    51.9472    2.06837   -26.8491    1.00000    1.00000
     1.00000   -48.0330   -37.8437   -1.85839    1.00000    1.00000
     1.00000    45.9571    49.5063    18.0090    1.00000    1.00000
     1.00000   -32.4705   -27.0278   -6.37368    1.00000    1.00000
     1.00000    1.58250   -26.6175   -8.53303    1.00000    1.00000
     1.00000   -71.6766   -13.0559    14.1822    1.00000    1.00000
     1.00000    59.3534    29.4162    4.51357    1.00000    1.00000
     1.00000   -2.39633   -12.5298   -23.7510    1.00000    1.00000
     1.00000    25.8999   -1.82603  -0.622032    1.00000    1.00000
     1.00000   -48.2520   -34.0680   -16.9314    1.00000    1.00000
     1.00000    46.6869    61.9521    22.6600    1.00000    1.00000
     1.00000   -21.6511   -20.0359   -6.77334    1.00000    1.00000
     1.00000    24.6692   -9.36121   -2.83164    1.00000    1.00000
     1.00000   -56.1691   -17.0885    16.7151    1.00000    1.00000
     1.00000    56.5718    42.3341    3.96920    1.00000    1.00000
     1.00000   -12.5051   -1.08298   -16.7932    1.00000    1.00000
     1.00000    53.4697    7.15627   -6.23740    1.00000    1.00000
     1.00000   -58.8095   -35.7476    2.67196    1.00000    1.00000
     1.00000    42.1508    36.7055    14.9194    1.00000    1.00000
     1.00000   -29.5574   -26.8366   -7.52253    1.00000    1.00000
     1.00000    7.52668   -17.2761  -10.49397    1.00000    1.00000
     1.00000   -70.3978    15.6555    7.25610    1.00000    1.00000
     1.00000    48.7584    15.0891    17.2398    1.00000    1.00000
     1.00000   -17.6357   -5.85365   -21.2702    1.00000    1.00000
     1.00000    48.5792    12.9130    9.83083    1.00000    1.00000
     1.00000   -51.7261   -38.2794   -6.97897    1.00000    1.00000
     1.00000    37.7063    64.9824    24.2522    1.00000    1.00000
     1.00000   -21.4026   -13.2144    9.95274    1.00000    1.00000
     1.00000    15.4959   -20.1079  -10.16433    1.00000    1.00000
     1.00000   -74.3231   -22.0129    3.32362    1.00000    1.00000
     1.00000    64.2277    36.0015    7.82578    1.00000    1.00000
     1.00000   -5.10497   -14.3751   -4.86242    1.00000    1.00000
     1.00000    41.3743   10.06625   -14.8472    1.00000    1.00000
     1.00000   -55.3848   -43.5970   -3.86225    1.00000    1.00000
     1.00000    50.9626    56.5875    13.4259    1.00000    1.00000
     1.00000   -29.6382   -17.9849   -5.95884    1.00000    1.00000
     1.00000    6.19292   -26.5003   -14.5468    1.00000    1.00000
     1.00000   -75.9014    1.94473   10.54886    1.00000    1.00000
     1.00000    43.5560    37.9832    5.69905    1.00000    1.00000
     1.00000   -5.47849   -17.8897   -22.8458    1.00000    1.00000
     1.00000    39.6424    4.65958    2.59316    1.00000    1.00000
     1.00000   -42.2196   -38.8707   -13.5300    1.00000    1.00000
     1.00000    45.8783    58.6288    27.9009    1.00000    1.00000
     1.00000   -18.3875   -21.2417   -5.61283    1.00000    1.00000
     1.00000    26.8873   -13.8073  -0.254295    1.00000    1.00000
     1.00000   -58.4654   -27.7471    8.61805    1.00000    1.00000
     1.00000    67.0392    40.2863    6.45516    1.00000    1.00000
     1.00000   -16.3813   -6.92454   -11.9342    1.00000    1.00000
     1.00000    52.1704    3.26126   -7.77454    1.00000    1.00000
     1.00000   -62.2953   -29.3441    1.28582    1.00000    1.00000
     1.00000    44.8538    45.8010    16.9216    1.00000    1.00000
     1.00000   -40.3336   -35.0123   -12.2936    1.00000    1.00000
     1.00000    2.04704   -18.3577   -19.2128    1.00000    1.00000
     1.00000   -73.4842    8.94019    13.3474    1.00000    1.00000
     1.00000    48.6181    20.2894    12.1341    1.00000    1.00000
     1.00000   -16.1770   -7.18380   -21.5907    1.00000    1.00000
     1.00000    55.3772    13.9805   -1.21459    1.00000    1.00000
     1.00000   -54.8521   -40.9273   -13.4719    1.00000    1.00000
     1.00000    36.4220    62.4254    26.6289    1.00000    1.00000
     1.00000   -23.5696   -15.5688    8.23055    1.00000    1.00000
     1.00000    17.3304   -13.5972  -0.746841    1.00000    1.00000
     1.00000   -60.9001   -18.3545    3.75475    1.00000    1.00000
     1.00000    67.6894    38.9314    9.67737    1.00000    1.00000
     1.00000   -8.71989   -19.0043    4.59061E-02    1.00000    1.00000
     1.00000    44.3869    4.68301   -18.9988    1.00000    1.00000
     1.00000   -53.6901   -40.5880   -4.04209    1.00000    1.00000
     1.00000    47.1945    52.8775    19.0219    1.00000    1.00000
     1.00000   -31.1581   -27.5805   -1.08869    1.00000    1.00000
     1.00000   0.549660   -21.3911   -9.40466    1.00000    1.00000
     1.00000   -68.9933   -9.09193    7.09777    1.00000    1.00000
     1.00000    59.4538    32.3142    8.19086    1.00000    1.00000
     1.00000   -3.18501   -6.73801   -28.6118    1.00000    1.00000
     1.00000    32.9622   -1.35324    5.34641    1.00000    1.00000
     1.00000   -42.4821   -24.6438   -17.7103    1.00000    1.00000
     1.00000    45.1949    61.5282    23.9226    1.00000    1.00000
     1.00000   -22.0861   -26.0009   -1.74036    1.00000    1.00000
     1.00000    25.6420   -6.14806   -5.81947    1.00000    1.00000
     1.00000   -59.6471   -20.4760    9.14212    1.00000    1.00000
     1.00000    62.0141    47.3967    4.77731    1.00000    1.00000
     1.00000   -13.7126   -1.51915   -18.3268    1.00000    1.00000
     1.00000    54.9191    11.3879   -2.96918    1.00000    1.00000
     1.00000   -56.5725   -39.8927    8.10217    1.00000    1.00000
     1.00000    47.3838    35.7380    13.4721    1.00000    1.00000
     1.00000   -30.1574   -29.0938  -10.18731    1.00000    1.00000
     1.00000    4.34869   -18.5080   -14.6890    1.00000    1.00000
     1.00000   -70.7380    12.0616    13.0512    1.00000    1.00000
     1.00000    35.4268    15.0401    15.4668    1.00000    1.00000
     1.00000   -19.2149   -5.71232   -27.8315    1.00000    1.00000
     1.00000    47.3146   10.44079    5.77029    1.00000    1.00000
     1.00000   -50.6258   -39.8304  -10.56518    1.00000    1.00000
     1.00000    45.9564    65.0686    16.0245    1.00000    1.00000
     1.00000   -18.9359   -15.2781    2.58019    1.00000    1.00000
     1.00000    15.7521   -22.2189   -6.19332    1.00000    1.00000
     1.00000   -71.9246   -18.6935    3.70856    1.00000    1.00000
     1.00000    58.9276    41.9543    15.4432    1.00000    1.00000
     1.00000  -10.49945   -8.91704   -9.39452    1.00000    1.00000
     1.00000    42.3243    8.95419   -10.5963    1.00000    1.00000
     1.00000   -52.4579   -38.9094    1.20606    1.00000    1.00000
     1.00000    46.2463    57.8863    19.9530    1.00000    1.00000
     1.00000   -28.6638   -20.1330   -7.92373    1.00000    1.00000
     1.00000    1.24186   -29.8371   -10.9158    1.00000    1.00000
     1.00000   -79.8848   -8.29324    18.7875    1.00000    1.00000
     1.00000    48.2854    33.6403   10.33864    1.00000    1.00000
     1.00000   -4.12003   -16.4934   -21.8976    1.00000    1.00000
     1.00000    38.2804    3.46228    6.38712    1.00000    1.00000
     1.00000   -43.7671   -34.9581   -17.4882    1.00000    1.00000
     1.00000    51.2515    58.0151    23.4096    1.00000    1.00000
     1.00000   -13.1995   -14.6608    1.19022    1.00000    1.00000
     1.00000    22.2211   -15.4475   -5.81582    1.00000    1.00000
     1.00000   -63.3614   -23.0250    6.54099    1.00000    1.00000
     1.00000    65.3206    44.2761    4.22332    1.00000    1.00000
     1.00000   -13.0132   -6.97619   -13.4976    1.00000    1.00000
     1.00000    48.3410    4.52731   -17.4600    1.00000    1.00000
     1.00000   -61.0597   -30.8156    3.20292    1.00000    1.00000
     1.00000    41.3142    43.7589    17.4447    1.00000    1.00000
     1.00000   -36.0086   -37.1924   -17.8667    1.00000    1.00000
     1.00000   -1.06028   -16.3168   -17.2010    1.00000    1.00000
     1.00000   -73.9440    6.06438    8.97707    1.00000    1.00000
     1.00000    48.9837    26.7514    12.3013    1.00000    1.00000
     1.00000   -6.20397   -17.0224   -25.9432    1.00000    1.00000
     1.00000    46.0974    13.5878    2.74475    1.00000    1.00000
     1.00000   -51.1439   -29.5861   -14.7591    1.00000    1.00000
     1.00000    39.3310    59.4552    23.0681    1.00000    1.00000
     1.00000   -26.9628   -12.4447    9.73036    1.00000    1.00000
     1.00000    18.8223   -14.8907   -4.11375    1.00000    1.00000
     1.00000   -71.6653   -15.2687    8.37551    1.00000    1.00000
     1.00000    60.5147    26.6127    7.12192    1.00000    1.00000
     1.00000   -3.91095   -13.2162   0.720985    1.00000    1.00000
     1.00000    48.7165    3.62621   -26.6257    1.00000    1.00000
     1.00000   -46.9849   -39.5001   -1.46108    1.00000    1.00000
     1.00000    48.5161    49.4207    18.7856    1.00000    1.00000
     1.00000   -29.6213   -23.0713   -3.65778    1.00000    1.00000
     1.00000    1.82583   -24.2800   -11.1764    1.00000    1.00000
     1.00000   -76.7661   -13.5746    20.3896    1.00000    1.00000
     1.00000    55.6282    29.6624    2.38542    1.00000    1.00000
     1.00000   -1.18266   -12.4901   -22.1618    1.00000    1.00000
     1.00000    27.0869  -0.234772    1.18725    1.00000    1.00000
     1.00000   -42.6162   -28.9815   -17.6210    1.00000    1.00000
     1.00000    48.7460    65.2755    21.4723    1.00000    1.00000
     1.00000   -23.8177   -20.3621   -4.45753    1.00000    1.00000
     1.00000    21.0181   -7.53899    3.22037E-02    1.00000    1.00000
     1.00000   -57.5289   -17.6334    18.3323    1.00000    1.00000
     1.00000    57.0228    45.1019    7.13679    1.00000    1.00000
     1.00000   -12.6818   -1.86976   -13.6304    1.00000    1.00000
     1.00000    52.5835    10.8494   -5.99607    1.00000    1.00000
     1.00000   -62.5572   -34.0308    2.04011    1.00000    1.00000
     1.00000    45.4084    38.5170    19.9844    1.00000    1.00000
     1.00000   -26.6527   -24.6433   -7.83482    1.00000    1.00000
     1.00000    11.9327   -16.2670   -12.1130    1.00000    1.00000
     1.00000   -70.3480    13.2214    5.23726    1.00000    1.00000
     1.00000    46.2382    14.1646    15.8853    1.00000    1.00000
     1.00000   -20.1729   -9.08624   -23.3527    1.00000    1.00000
     1.00000    45.8174    18.3455    9.57978    1.00000    1.00000
     1.00000   -50.9151   -36.4976   -7.38796    1.00000    1.00000
     1.00000    36.9744    63.1105    23.2022    1.00000    1.00000
     1.00000   -13.8699   -14.4300    5.06509    1.00000    1.00000
     1.00000    15.5154   -24.0131   -11.6060    1.00000    1.00000
     1.00000   -72.8768   -23.3219    2.88229    1.00000    1.00000
     1.00000    61.6130    39.7827    11.2048    1.00000    1.00000
     1.00000   -4.65637   -10.9445   -5.28112    1.00000    1.00000
     1.00000    46.7201    4.21102   -15.3937    1.00000    1.00000
     1.00000   -55.3519   -41.4701   0.429344    1.00000    1.00000
     1.00000    53.5833    55.7267    12.4854    1.00000    1.00000
     1.00000   -29.3184   -16.1919   -8.21822    1.00000    1.00000
     1.00000    3.81722   -26.2739   -12.6479    1.00000    1.00000
     1.00000   -77.5757   -2.34725    13.0969    1.00000    1.00000
     1.00000    48.7796    35.1756    8.03728    1.00000    1.00000
     1.00000   -7.59043   -22.5921   -18.9535    1.00000    1.00000
     1.00000    42.3979    6.36699    8.44814    1.00000    1.00000
     1.00000   -43.1040   -40.0807   -15.7750    1.00000    1.00000
     1.00000    45.0651    58.9814    31.3894    1.00000    1.00000
     1.00000   -14.7842   -21.5834   -5.58686    1.00000    1.00000
     1.00000    28.4317  -10.55334    1.31638    1.00000    1.00000
     1.00000   -62.5349   -25.9504    10.6141    1.00000    1.00000
     1.00000    64.7793    37.1160   -1.91959    1.00000    1.00000
     1.00000   -13.9598   -4.80689   -18.7355    1.00000    1.00000
     1.00000    54.0180    3.68893   -7.13917    1.00000    1.00000
     1.00000   -63.5560   -27.3889  -0.531227    1.00000    1.00000
     1.00000    48.2357    48.6451    16.5309    1.00000    1.00000
     1.00000   -39.5368   -36.8241   -12.5807    1.00000    1.00000
     1.00000    4.92005   -20.5974   -20.0153    1.00000    1.00000
     1.00000   -71.8133   10.21889    14.6580    1.00000    1.00000
     1.00000    46.3155    22.3709   10.33344    1.00000    1.00000
     1.00000   -12.3516   -3.51094   -20.5039    1.00000    1.00000
     1.00000    52.8348    14.5080    2.66290    1.00000    1.00000
     1.00000   -54.9064   -39.5938   -16.5219    1.00000    1.00000
     1.00000    36.4317    64.0221    29.9324    1.00000    1.00000
     1.00000   -21.1231   -15.3703    12.2179    1.00000    1.00000
     1.00000    14.1055   -11.3666  -0.878990    1.00000    1.00000
     1.00000   -63.7112   -14.2852    4.54681    1.00000    1.00000
     1.00000    67.5533    31.5480    7.37165    1.00000    1.00000
     1.00000   -10.6929   -19.3286   -1.68610E-03    1.00000    1.00000
     1.00000    43.1187    6.27944   -15.3422    1.00000    1.00000
     1.00000   -52.5967   -37.2237   -4.99393    1.00000    1.00000
     1.00000    41.6012    55.1551    19.5225    1.00000    1.00000
     1.00000   -32.4793   -26.1019   -1.35026    1.00000    1.00000
     1.00000   -1.96240   -23.9253  -10.42161    1.00000    1.00000
     1.00000   -69.3880   -11.7334    7.24014    1.00000    1.00000
     1.00000    54.2241    33.7755    3.87155    1.00000    1.00000
     1.00000   -4.20134   -8.01357   -26.2899    1.00000    1.00000
     1.00000    31.6829    1.30007    3.59507    1.00000    1.00000
     1.00000   -39.9642   -27.4396   -20.6039    1.00000    1.00000
     1.00000    41.5093    65.6760    24.1549    1.00000    1.00000
     1.00000   -19.7596   -24.1776   -6.74499    1.00000    1.00000
     1.00000    25.5961   -5.22709   -4.04473    1.00000    1.00000
     1.00000   -57.5027   -16.1967    11.2064    1.00000    1.00000
     1.00000    58.1180    51.0039    3.51533    1.00000    1.00000
     1.00000   -14.3421    4.12342   -19.7549    1.00000    1.00000
     1.00000    52.5309    9.45198   -3.61437    1.00000    1.00000
     1.00000   -55.8703   -39.0845    4.10264    1.00000    1.00000
     1.00000    44.7973    38.5866    12.2320    1.00000    1.00000
     1.00000   -32.7350   -32.5627  -10.03288    1.00000    1.00000
     1.00000    3.52132   -19.3787   -13.0899    1.00000    1.00000
     1.00000   -66.0417    13.7428    9.74176    1.00000    1.00000
     1.00000    40.8716    12.9024    15.0649    1.00000    1.00000
     1.00000   -14.9222   -6.40060   -31.0159    1.00000    1.00000
     1.00000    44.9412    7.73949   10.27699    1.00000    1.00000
     1.00000   -52.5185   -35.3218   -10.6576    1.00000    1.00000
     1.00000    41.5392    64.5016    20.7261    1.00000    1.00000
     1.00000   -19.7690   -12.0915    4.31792    1.00000    1.00000
     1.00000    18.1939   -20.1195   -9.70437    1.00000    1.00000
     1.00000   -73.1703   -14.0201    6.43693    1.00000    1.00000
     1.00000    57.4587    46.6502    18.4533    1.00000    1.00000
     1.00000  -10.07147   -11.9267   -8.35302    1.00000    1.00000
     1.00000    36.7741    7.97986   -13.6200    1.00000    1.00000
     1.00000   -51.8140   -38.6328    5.27798    1.00000    1.00000
     1.00000    47.0569    55.9805    18.0020    1.00000    1.00000
     1.00000   -31.7264   -20.5896   -4.78172    1.00000    1.00000
     1.00000    1.33443   -29.3795   -12.9183    1.00000    1.00000
     1.00000   -78.3024   -3.92442    14.0890    1.00000    1.00000
     1.00000    52.6419    31.2324    6.79008    1.00000    1.00000
     1.00000   -3.15494   -16.2339   -20.1652    1.00000    1.00000
     1.00000    38.8310   0.996384    4.39317    1.00000    1.00000
     1.00000   -40.8796   -38.2932   -17.2843    1.00000    1.00000
     1.00000    50.1809    53.0371    24.7069    1.00000    1.00000
     1.00000   -11.0180   -18.2540   -1.65670    1.00000    1.00000
     1.00000    22.8415   -14.8595   -3.71170E-02    1.00000    1.00000
     1.00000   -65.0655   -22.5907    5.23135    1.00000    1.00000
     1.00000    64.3170    45.6267    3.14217    1.00000    1.00000
     1.00000   -10.8288   -6.01213   -9.90292    1.00000    1.00000
     1.00000    50.9517    3.13271   -12.7678    1.00000    1.00000
     1.00000   -62.0672   -31.4338    8.55018    1.00000    1.00000
     1.00000    41.5529    40.7880    15.4029    1.00000    1.00000
     1.00000   -37.8529   -34.8374   -15.3942    1.00000    1.00000
     1.00000   -1.98662   -19.8863   -16.5478    1.00000    1.00000
     1.00000   -76.2423    6.73621    13.8794    1.00000    1.00000
     1.00000    50.2526    30.1651   10.12887    1.00000    1.00000
     1.00000   -14.2198   -12.5734   -23.8735    1.00000    1.00000
     1.00000    49.7504    10.9024    5.24371    1.00000    1.00000
     1.00000   -52.7067   -32.5644   -17.6088    1.00000    1.00000
     1.00000    36.2240    58.6685    25.5167    1.00000    1.00000
     1.00000   -26.6438   -14.9943    7.24351    1.00000    1.00000
     1.00000    17.1680   -20.2615   -4.26138    1.00000    1.00000
     1.00000   -68.3340   -16.5422    4.46714    1.00000    1.00000
     1.00000    63.0227    29.7606    5.82671    1.00000    1.00000
     1.00000   -7.71421   -12.9774   0.179283    1.00000    1.00000
     1.00000    51.9848    3.11472   -24.9658    1.00000    1.00000
     1.00000   -50.3316   -38.0288   0.242104    1.00000    1.00000
     1.00000    47.1582    50.8888    18.8129    1.00000    1.00000
     1.00000   -30.8288   -25.2643   -5.54438    1.00000    1.00000
     1.00000    1.89275   -24.2047   -4.78783    1.00000    1.00000
     1.00000   -71.1944   -12.7283    12.2690    1.00000    1.00000
     1.00000    59.1744    31.2977    3.85929    1.00000    1.00000
     1.00000   -3.59766   -9.41455   -24.9965    1.00000    1.00000
     1.00000    26.8194    1.36825    2.15988E-02    1.00000    1.00000
     1.00000   -45.4453   -33.8731   -17.4070    1.00000    1.00000
     1.00000    44.8046    65.0208    21.1458    1.00000    1.00000
     1.00000   -21.8511   -22.6913   -6.32327    1.00000    1.00000
     1.00000    23.8752   -6.24606   -4.02828    1.00000    1.00000
     1.00000   -58.2875   -15.7080    13.6914    1.00000    1.00000
     1.00000    55.4049    41.2380    2.77053    1.00000    1.00000
     1.00000   -16.2754   -3.12923   -16.5564    1.00000    1.00000
     1.00000    50.5244   10.42036   -7.50890    1.00000    1.00000
     1.00000   -61.7980   -37.6785    3.12849    1.00000    1.00000
     1.00000    42.2599    38.3416    13.7743    1.00000    1.00000
     1.00000   -26.9559   -31.5770   -7.64185    1.00000    1.00000
     1.00000   10.21561   -18.3208   -13.1650    1.00000    1.00000
     1.00000   -67.9212    16.2134    8.60677    1.00000    1.00000
     1.00000    46.4943    18.6840    13.4885    1.00000    1.00000
     1.00000   -17.2124   -3.66094   -24.0663    1.00000    1.00000
     1.00000    47.5299    14.6155    9.80764    1.00000    1.00000
     1.00000   -49.0239   -40.1435   -5.58892    1.00000    1.00000
     1.00000    41.6936    67.2142    22.0953    1.00000    1.00000
     1.00000   -19.9311   -13.6484    8.66964    1.00000    1.00000
     1.00000    13.1564   -21.8938   -9.31763    1.00000    1.00000
     1.00000   -73.3838   -17.7289    6.79276    1.00000    1.00000
     1.00000    62.9406    36.6769    11.0482    1.00000    1.00000
     1.00000   -6.23872   -12.9368   -4.05869    1.00000    1.00000
     1.00000    45.4964    6.92307   -15.4900    1.00000    1.00000
     1.00000   -55.8898   -43.3269   -8.35648E-02    1.00000    1.00000
     1.00000    49.4467    55.6474    16.3094    1.00000    1.00000
     1.00000   -28.2450   -16.9362   -4.97938    1.00000    1.00000
     1.00000    5.22710   -26.4902   -11.0454    1.00000    1.00000
     1.00000   -77.1616    2.72997    11.8888    1.00000    1.00000
     1.00000    45.0724    36.8896    6.40936    1.00000    1.00000
     1.00000   -3.10417   -19.2233   -22.8804    1.00000    1.00000
     1.00000    39.9858    4.98629    6.23765    1.00000    1.00000
     1.00000   -38.6976   -40.1331   -14.0631    1.00000    1.00000
     1.00000    45.9509    57.1900    31.4679    1.00000    1.00000
     1.00000   -18.4185   -20.1798   -3.91836    1.00000    1.00000
     1.00000    25.0865   -13.3403   0.479790    1.00000    1.00000
     1.00000   -60.3640   -29.2792    7.59521    1.00000    1.00000
     1.00000    64.1756    39.3026    4.44149    1.00000    1.00000
     1.00000   -15.5564   -5.27055   -14.0868    1.00000    1.00000
     1.00000    51.5899    1.50499   -10.6642    1.00000    1.00000
     1.00000   -60.3897   -27.6097  -0.346977    1.00000    1.00000
     1.00000    42.8931    44.1915    18.5935    1.00000    1.00000
     1.00000   -42.0492   -34.5789  -10.20542    1.00000    1.00000
     1.00000   0.377388   -19.1295   -15.8223    1.00000    1.00000
     1.00000   -70.0052    6.30788    12.5260    1.00000    1.00000
     1.00000    50.2591    18.6406   10.43634    1.00000    1.00000
     1.00000   -13.1675   -9.46084   -22.1960    1.00000    1.00000
     1.00000    56.0592    15.4748    1.43503    1.00000    1.00000
     1.00000   -53.2422   -41.4670   -10.6477    1.00000    1.00000
     1.00000    33.1911    61.0793    25.2834    1.00000    1.00000
     1.00000   -21.2898   -15.5432    9.59547    1.00000    1.00000
     1.00000    17.2457   -12.8804   -2.61204    1.00000    1.00000
     1.00000   -61.1528   -17.6744    8.15452    1.00000    1.00000
     1.00000    66.1878    35.3945    8.75652    1.00000    1.00000
     1.00000   -6.03051   -16.0981   0.118813    1.00000    1.00000
     1.00000    42.4452    3.77508   -20.9683    1.00000    1.00000
     1.00000   -54.6176   -40.7282   -7.34200    1.00000    1.00000
     1.00000    44.2883    54.4553    20.2077    1.00000    1.00000
     1.00000   -29.9545   -29.0757   0.750328    1.00000    1.00000
     1.00000   -6.97250E-02   -19.1587  -10.34084    1.00000    1.00000
     1.00000   -68.7110  -10.55978    5.76897    1.00000    1.00000
     1.00000    60.8980    32.1162    6.17485    1.00000    1.00000
     1.00000   0.470154   -7.06522   -25.8484    1.00000    1.00000
     1.00000    34.3211   -1.36040    6.81380    1.00000    1.00000
     1.00000   -41.0542   -24.2454   -19.0528    1.00000    1.00000
     1.00000    44.5623    65.0742    25.4365    1.00000    1.00000
     1.00000   -20.7432   -24.5701   -5.04839    1.00000    1.00000
     1.00000    27.4225   -6.36237   -4.93414    1.00000    1.00000
     1.00000   -59.8950   -18.5172    9.46123    1.00000    1.00000
     1.00000    60.3370    45.3809    6.75361    1.00000    1.00000
     1.00000  -10.06269    5.34973E-02   -21.0333    1.00000    1.00000
     1.00000    53.5324    15.8879   -3.90241    1.00000    1.00000
     1.00000   -55.6154   -43.0030    8.64338    1.00000    1.00000
     1.00000    46.5884    37.5226    15.4723    1.00000    1.00000
     1.00000   -32.5334   -30.0407   -13.5459    1.00000    1.00000
     1.00000    5.29534   -17.1179   -13.6067    1.00000    1.00000
     1.00000   -66.5247    13.1381    11.5860    1.00000    1.00000
     1.00000    38.4667    15.8295    14.4495    1.00000    1.00000
     1.00000   -18.3136   -4.40295   -31.3687    1.00000    1.00000
     1.00000    48.0757    7.50916    8.66288    1.00000    1.00000
     1.00000   -48.9979   -39.4810   -7.47584    1.00000    1.00000
     1.00000    44.9129    66.8276    17.5069    1.00000    1.00000
     1.00000   -16.7441   -14.4663   0.448463    1.00000    1.00000
     1.00000    13.4342   -18.9942   -6.84635    1.00000    1.00000
     1.00000   -71.5823   -15.6719    4.45023    1.00000    1.00000
     1.00000    59.7061    44.9369    17.7793    1.00000    1.00000
     1.00000  -10.17281   -9.42664   -7.48832    1.00000    1.00000
     1.00000    39.7783    9.68044   -11.2784    1.00000    1.00000
     1.00000   -51.5614   -37.1758    3.93140    1.00000    1.00000
     1.00000    44.6293    56.2980    19.5090    1.00000    1.00000
     1.00000   -28.0310   -19.3001   -6.21908    1.00000    1.00000
     1.00000    2.33798   -26.4186   -11.3097    1.00000    1.00000
     1.00000   -77.3255   -9.67288    20.7308    1.00000    1.00000
     1.00000    48.8002    33.3092    12.2427    1.00000    1.00000
     1.00000   -3.60403   -15.6329   -23.6277    1.00000    1.00000
     1.00000    38.3434    5.27486    7.34194    1.00000    1.00000
     1.00000   -43.7034   -34.3773   -15.5754    1.00000    1.00000
     1.00000    47.0858    59.5371    25.6108    1.00000    1.00000
     1.00000   -11.6917   -15.9653    1.34869    1.00000    1.00000
     1.00000    22.6352   -15.6393   -3.74595    1.00000    1.00000
     1.00000   -62.4190   -22.8297   10.34087    1.00000    1.00000
     1.00000    64.6393    41.5392    6.48305    1.00000    1.00000
     1.00000   -13.2235   -7.71108   -15.3458    1.00000    1.00000
     1.00000    49.2276    2.10805   -16.1625    1.00000    1.00000
     1.00000   -64.2217   -31.3744    1.50977    1.00000    1.00000
     1.00000    42.5891    42.2660    16.2641    1.00000    1.00000
     1.00000   -37.9716   -38.3087   -14.4434    1.00000    1.00000
     1.00000    8.65860E-02   -13.0001   -17.1791    1.00000    1.00000
     1.00000   -74.9543    5.88985    10.6942    1.00000    1.00000
     1.00000    48.0842    23.4833    12.5319    1.00000    1.00000
     1.00000   -9.75014   -15.4642   -25.1504    1.00000    1.00000
     1.00000    48.1450    12.1464    5.13674    1.00000    1.00000
     1.00000   -51.2886   -31.4799   -16.7073    1.00000    1.00000
     1.00000    40.7382    57.5948    20.4122    1.00000    1.00000
     1.00000   -25.0045   -12.1761    9.42545    1.00000    1.00000
     1.00000    18.2985   -15.0485   -2.08811    1.00000    1.00000
     1.00000   -70.5192   -14.8989    5.95762    1.00000    1.00000
     1.00000    61.1600    28.4546    6.68488    1.00000    1.00000
     1.00000   -2.23726   -11.7074   -2.51942    1.00000    1.00000
     1.00000    46.4757    5.98235   -21.9663    1.00000    1.00000
     1.00000   -42.0948   -39.3339   -1.82174    1.00000    1.00000
     1.00000    47.9072    48.6761    20.5882    1.00000    1.00000
     1.00000   -28.0086   -23.8784   -2.79307    1.00000    1.00000
     1.00000    4.75204   -22.5542   -9.20527    1.00000    1.00000
     1.00000   -74.6082   -15.3745    15.1696    1.00000    1.00000
     1.00000    53.7530    30.3503    2.48877    1.00000    1.00000
     1.00000  -0.106506   -12.7133   -20.4909    1.00000    1.00000
     1.00000    29.8754   0.463142    3.41485    1.00000    1.00000
     1.00000   -45.7707   -32.5615   -15.2924    1.00000    1.00000
     1.00000    47.9373    65.4580    19.6522    1.00000    1.00000
     1.00000   -22.7062   -22.0140   -4.64697    1.00000    1.00000
     1.00000    20.7457   -7.62357   -3.32526    1.00000    1.00000
     1.00000   -58.7276   -17.4920    16.7376    1.00000    1.00000
     1.00000    58.0263    45.2271    5.33469    1.00000    1.00000
     1.00000   -13.5353  -0.265335   -14.4656    1.00000    1.00000
     1.00000    52.3951    14.2015   -5.25597    1.00000    1.00000
     1.00000   -59.2393   -32.4041    3.39150    1.00000    1.00000
     1.00000    43.0760    38.6333    18.1132    1.00000    1.00000
     1.00000   -25.3426   -24.1529  -10.24454    1.00000    1.00000
     1.00000    14.0729   -19.2701   -11.2927    1.00000    1.00000
     1.00000   -70.6117    13.4265    8.84481    1.00000    1.00000
     1.00000    44.2656    13.2601    13.3403    1.00000    1.00000
     1.00000   -19.1872   -6.66119   -24.5341    1.00000    1.00000
     1.00000    46.0176    16.4031    9.12717    1.00000    1.00000
     1.00000   -55.1519   -34.3830   -9.15115    1.00000    1.00000
     1.00000    37.5071    64.1637    26.0660    1.00000    1.00000
     1.00000   -17.0746   -13.0138    6.97893    1.00000    1.00000
     1.00000    15.6554   -25.0652   -14.4262    1.00000    1.00000
     1.00000   -70.9577   -20.1589    2.75068    1.00000    1.00000
     1.00000    59.3384    40.4845    14.1505    1.00000    1.00000
     1.00000   -5.40103   -14.0840   -6.81884    1.00000    1.00000
     1.00000    48.0232    7.19403   -16.3853    1.00000    1.00000
     1.00000   -53.5136   -40.0956    2.42202    1.00000    1.00000
     1.00000    52.0963    54.9463    13.5716    1.00000    1.00000
     1.00000   -28.8149   -13.3480   -9.05465    1.00000    1.00000
     1.00000    2.82001   -26.7413   -15.7840    1.00000    1.00000
     1.00000   -78.4320    1.12376    13.2560    1.00000    1.00000
     1.00000    48.4036    37.2178    9.73421    1.00000    1.00000
     1.00000   -6.26468   -20.6903   -19.1061    1.00000    1.00000
     1.00000    45.0581    6.23280    7.63898    1.00000    1.00000
     1.00000   -45.9425   -39.4223   -13.5802    1.00000    1.00000
     1.00000    43.1286    61.3750    30.9036    1.00000    1.00000
     1.00000   -16.1962   -21.6491   -7.02651    1.00000    1.00000
     1.00000    25.2412   -11.7593  -0.735359    1.00000    1.00000
     1.00000   -61.5304   -27.4548    9.76105    1.00000    1.00000
     1.00000    66.5308    39.2923   0.276817    1.00000    1.00000
     1.00000   -13.9146   -5.58399   -16.4923    1.00000    1.00000
     1.00000    53.5880    7.38155   -8.22115    1.00000    1.00000
     1.00000   -62.7317   -30.0728   -1.92426    1.00000    1.00000
     1.00000    48.9494    47.6002    18.0798    1.00000    1.00000
     1.00000   -36.5173   -36.6953   -11.8920    1.00000    1.00000
     1.00000    1.95780   -19.2907   -20.9796    1.00000    1.00000
     1.00000   -71.8112    9.82285    12.6976    1.00000    1.00000
     1.00000    46.6738    24.3384   10.30645    1.00000    1.00000
     1.00000   -15.2899   -5.79122   -20.4620    1.00000    1.00000
     1.00000    54.9789    11.6195    1.53641    1.00000    1.00000
     1.00000   -52.6340   -36.3399   -15.4730    1.00000    1.00000
     1.00000    34.7539    64.9068    29.2983    1.00000    1.00000
     1.00000   -25.3283   -16.4593    13.0990    1.00000    1.00000
     1.00000    14.9820   -11.7871   -3.84876    1.00000    1.00000
     1.00000   -65.3014   -15.5257    5.56569    1.00000    1.00000
     1.00000    66.3669    33.1637    8.27995    1.00000    1.00000
     1.00000   -13.6417   -22.4440   -2.08433    1.00000    1.00000
     1.00000    45.4303    6.32109   -18.2913    1.00000    1.00000
     1.00000   -52.3778   -39.1368   -3.62711    1.00000    1.00000
     1.00000    41.8971    53.0474    19.9246    1.00000    1.00000
     1.00000   -33.7679   -27.0456   -4.85172    1.00000    1.00000
     1.00000  -0.517883   -21.7819   -13.0256    1.00000    1.00000
     1.00000   -69.9340   -13.0173    8.67311    1.00000    1.00000
     1.00000    57.3832    32.4012    6.37669    1.00000    1.00000
     1.00000   -1.94241   -9.24170   -28.8303    1.00000    1.00000
     1.00000    32.8327    1.29943    5.23151    1.00000    1.00000
     1.00000   -41.5665   -29.3287   -19.2875    1.00000    1.00000
     1.00000    42.3606    64.3578    27.3308    1.00000    1.00000
     1.00000   -20.0900   -26.4640   -7.38703    1.00000    1.00000
     1.00000    27.3880   -3.09203  -0.195580    1.00000    1.00000
     1.00000   -59.5015   -18.9475    13.2112    1.00000    1.00000
     1.00000    61.4058    50.1205    3.81853    1.00000    1.00000
     1.00000   -13.8773    2.37632   -20.6102    1.00000    1.00000
     1.00000    54.5048   10.01041   -1.57960    1.00000    1.00000
     1.00000   -58.4719   -35.3198    4.94335    1.00000    1.00000
     1.00000    43.9592    36.8166    14.0724    1.00000    1.00000
     1.00000   -34.3843   -32.2356   -11.1157    1.00000    1.00000
     1.00000    2.22466   -20.1891   -14.8701    1.00000    1.00000
     1.00000   -66.6500    16.9598    9.95853    1.00000    1.00000
     1.00000    43.6861    12.8322    15.2061    1.00000    1.00000
     1.00000   -16.2158   -6.57787   -29.5010    1.00000    1.00000
     1.00000    47.7483   10.30463   10.53428    1.00000    1.00000
     1.00000   -53.8765   -36.0624   -11.9253    1.00000    1.00000
     1.00000    43.6777    65.4167    18.2024    1.00000    1.00000
     1.00000   -23.8035   -12.2545    2.74654    1.00000    1.00000
     1.00000    16.5639   -21.1202   -8.31602    1.00000    1.00000
     1.00000   -74.0432   -15.6614    3.24377    1.00000    1.00000
     1.00000    59.3446    46.6620    19.1189    1.00000    1.00000
     1.00000   -7.23956   -12.8841   -6.96055    1.00000    1.00000
     1.00000    38.7085    8.81544   -14.5271    1.00000    1.00000
     1.00000   -51.3499   -40.5478    5.62026    1.00000    1.00000
     1.00000    47.4607    55.6377    16.0734    1.00000    1.00000
     1.00000   -30.1124   -19.7166   -3.98606    1.00000    1.00000
     1.00000  -0.814629   -30.5684   -14.2160    1.00000    1.00000
     1.00000   -80.4507   -7.05471    15.1590    1.00000    1.00000
     1.00000    49.4423    30.8815    8.44653    1.00000    1.00000
     1.00000   -1.39548   -14.0274   -19.7087    1.00000    1.00000
     1.00000    38.6655    2.98750    4.48284    1.00000    1.00000
     1.00000   -40.4202   -40.2144   -16.9714    1.00000    1.00000
     1.00000    49.1278    56.8769    24.5946    1.00000    1.00000
     1.00000   -14.7435   -19.3607   -1.22053    1.00000    1.00000
     1.00000    21.6232   -15.3721    1.46391    1.00000    1.00000
     1.00000   -64.7804   -20.8713    2.18391    1.00000    1.00000
     1.00000    64.9905    47.3743    2.13152    1.00000    1.00000
     1.00000   -12.2572   -6.44269   -8.57085    1.00000    1.00000
     1.00000    49.7297    5.59573   -15.1300    1.00000    1.00000
     1.00000   -61.2848   -31.5214    5.06065    1.00000    1.00000
     1.00000    38.2387    37.9754    15.3395    1.00000    1.00000
     1.00000   -35.6416   -33.1360   -13.4192    1.00000    1.00000
     1.00000   -2.62177   -20.6047   -14.7927    1.00000    1.00000
     1.00000   -74.1339    3.38555    12.1968    1.00000    1.00000
     1.00000    49.8578    28.2215    13.3380    1.00000    1.00000
     1.00000   -11.7006   -13.3988   -23.4044    1.00000    1.00000
     1.00000    49.3195    11.3781    3.14536    1.00000    1.00000
     1.00000   -53.7703   -34.7899   -14.9196    1.00000    1.00000
     1.00000    33.2407    57.1837    27.0131    1.00000    1.00000
     1.00000   -28.7183   -17.2255    7.69840    1.00000    1.00000
     1.00000    15.2368   -20.1575   -3.36347    1.00000    1.00000
     1.00000   -68.5830   -16.4705    8.16613    1.00000    1.00000
     1.00000    63.8662    31.0051    8.24990    1.00000    1.00000
     1.00000   -7.67788   -15.2223  -0.601753    1.00000    1.00000
     1.00000    50.7163    3.63200   -26.6487    1.00000    1.00000
     1.00000   -48.7985   -39.0845  -0.489372    1.00000    1.00000
     1.00000    45.1529    49.3885    16.1817    1.00000    1.00000
     1.00000   -32.6949   -25.0456   -6.22991    1.00000    1.00000
     1.00000    1.96093   -24.6655   -8.74818    1.00000    1.00000
     1.00000   -73.4352   -13.8043    14.7713    1.00000    1.00000
     1.00000    57.3964    29.1158    4.23085    1.00000    1.00000
     1.00000   -1.29640   -11.1302   -24.6628    1.00000    1.00000
     1.00000    25.3601    9.41696E-02  -0.475624    1.00000    1.00000
     1.00000   -46.6795   -34.2920   -15.7160    1.00000    1.00000
     1.00000    46.6617    63.3152    21.1967    1.00000    1.00000
     1.00000   -21.4983   -21.2702   -8.33961    1.00000    1.00000
     1.00000    22.7137   -9.05512   -2.54499    1.00000    1.00000
     1.00000   -55.7139   -16.0950    15.0400    1.00000    1.00000
     1.00000    58.0299    43.2591    4.97836    1.00000    1.00000
     1.00000   -14.3426   -1.23395   -16.0180    1.00000    1.00000
     1.00000    52.0161    8.24355   -7.07700    1.00000    1.00000
     1.00000   -59.8908   -37.2091    3.50547    1.00000    1.00000
     1.00000    40.9562    35.1074    14.7814    1.00000    1.00000
     1.00000   -29.4566   -28.6461   -8.36839    1.00000    1.00000
     1.00000    9.14278   -18.4463   -10.6315    1.00000    1.00000
     1.00000   -69.0797    14.6062    8.33368    1.00000    1.00000
     1.00000    47.3920    15.7964    15.9621    1.00000    1.00000
     1.00000   -17.3449   -5.46351   -23.2101    1.00000    1.00000
     1.00000    46.7727    12.3504   10.47898    1.00000    1.00000
     1.00000   -50.9654   -39.7971   -5.92164    1.00000    1.00000
     1.00000    38.2575    66.7219    23.4334    1.00000    1.00000
     1.00000   -22.4680   -11.5438    9.68058    1.00000    1.00000
     1.00000    15.3069   -22.0141   -9.58912    1.00000    1.00000
     1.00000   -73.4933   -20.8168    4.69502    1.00000    1.00000
     1.00000    63.5328    37.2495    9.22569    1.00000    1.00000
     1.00000   -6.44000   -14.9089   -3.47216    1.00000    1.00000
     1.00000    42.4725    8.60325   -14.0387    1.00000    1.00000
     1.00000   -56.1522   -43.7465   -2.02137    1.00000    1.00000
     1.00000    49.4474    55.8131    12.3751    1.00000    1.00000
     1.00000   -28.3701   -17.7969   -7.49398    1.00000    1.00000
     1.00000    6.59789   -28.3961   -14.0551    1.00000    1.00000
     1.00000   -75.2317    3.82893    10.5849    1.00000    1.00000
     1.00000    42.3847    36.7058    6.69719    1.00000    1.00000
     1.00000   -7.04288   -19.1354   -22.8738    1.00000    1.00000
     1.00000    39.2958    5.41846    4.41085    1.00000    1.00000
     1.00000   -41.8296   -40.7674   -14.0307    1.00000    1.00000
     1.00000    47.6379    58.2430    27.0321    1.00000    1.00000
     1.00000   -20.1216   -20.2515   -5.50282    1.00000    1.00000
     1.00000    28.3592   -14.5207   0.896637    1.00000    1.00000
     1.00000   -59.6395   -29.0809    9.53603    1.00000    1.00000
     1.00000    65.1719    39.6418    6.14221    1.00000    1.00000
     1.00000   -17.2999   -5.67014   -13.1922    1.00000    1.00000
     1.00000    52.0742    1.50347   -8.72372    1.00000    1.00000
     1.00000   -62.9184   -27.4452    1.36355    1.00000    1.00000
     1.00000    46.6198    45.3619    17.7514    1.00000    1.00000
     1.00000   -39.6943   -33.5069   -11.1425    1.00000    1.00000
     1.00000   0.473244   -17.1435   -19.4341    1.00000    1.00000
     1.00000   -73.4639    7.34292    12.1439    1.00000    1.00000
     1.00000    46.8203    20.5849    12.9591    1.00000    1.00000
     1.00000   -14.3233   -7.84898   -21.9390    1.00000    1.00000
     1.00000    54.9437    12.2196  -0.371101    1.00000    1.00000
     1.00000   -56.2434   -39.5146   -13.7333    1.00000    1.00000
     1.00000    34.7940    61.2756    26.4634    1.00000    1.00000
     1.00000   -21.9123   -16.6767    8.06982    1.00000    1.00000
     1.00000    19.2903   -13.9940  -0.708145    1.00000    1.00000
     1.00000   -62.4780   -17.8822    4.88921    1.00000    1.00000
     1.00000    66.7350    38.9590    7.91998    1.00000    1.00000
     1.00000   -8.45114   -19.6382    1.92367    1.00000    1.00000
     1.00000    45.1123    4.11872   -17.2225    1.00000    1.00000
     1.00000   -54.5811   -39.2847   -5.26995    1.00000    1.00000
     1.00000    48.7967    53.4587    20.0685    1.00000    1.00000
     1.00000   -29.4630   -28.6407   -1.13889    1.00000    1.00000
     1.00000    1.38393   -19.6096   -9.04334    1.00000    1.00000
     1.00000   -69.8649   -9.19640    8.89482    1.00000    1.00000
