     1.00000   -37.0449   -39.5691   -49.2160    1.00000    1.00000
     1.00000    25.5446    24.5491    3.78525    1.00000    1.00000
     1.00000   -20.1449    1.53283  -0.127670    1.00000    1.00000
     1.00000    3.25345    5.13905    31.2222    1.00000    1.00000
     1.00000   -27.4784   -13.2953   -12.5506    1.00000    1.00000
     1.00000    30.9061    8.18954    20.7536    1.00000    1.00000
     1.00000   -20.0196   10.20658    1.00438    1.00000    1.00000
     1.00000    8.20538   10.15705    14.5932    1.00000    1.00000
     1.00000   -33.6613   -30.9809   -30.9755    1.00000    1.00000
     1.00000    48.6169    26.5439    7.97267    1.00000    1.00000
     1.00000   -22.3073   -2.34545   -21.5657    1.00000    1.00000
     1.00000    3.68944   -10.5974    28.2654    1.00000    1.00000
     1.00000   -15.0055   -18.3550   -34.1906    1.00000    1.00000
     1.00000    34.2903    16.0557    37.5215    1.00000    1.00000
     1.00000   -5.88794   0.279060    4.29520    1.00000    1.00000
     1.00000    14.2832    17.7732    1.54822    1.00000    1.00000
     1.00000   -42.8152   -48.1095   -48.5159    1.00000    1.00000
     1.00000    38.1979    23.4237   -3.56779    1.00000    1.00000
     1.00000   -29.8535   -15.0847   -2.75690    1.00000    1.00000
     1.00000    1.78423    19.4886    41.8771    1.00000    1.00000
     1.00000   -32.8670   -22.8631   -15.0694    1.00000    1.00000
     1.00000    39.0481    11.0665    12.4501    1.00000    1.00000
     1.00000   -3.71916    25.0192    4.87465    1.00000    1.00000
     1.00000    11.2899    11.5346    17.3122    1.00000    1.00000
     1.00000   -29.3291   -22.6914   -30.1684    1.00000    1.00000
     1.00000    38.7875    9.08115    6.14288    1.00000    1.00000
     1.00000   -21.4829    4.81815   -4.03499    1.00000    1.00000
     1.00000    12.2938    11.6328    33.8500    1.00000    1.00000
     1.00000   -2.23199   -18.6345   -36.2041    1.00000    1.00000
     1.00000    20.2276    19.9647    19.4475    1.00000    1.00000
     1.00000    2.99977   -8.55657    15.8049    1.00000    1.00000
     1.00000    10.6813    20.0371  -0.776566    1.00000    1.00000
     1.00000   -39.2073   -44.4549   -54.0980    1.00000    1.00000
     1.00000    36.7717    26.0671   -3.14024    1.00000    1.00000
     1.00000   -25.4894   -4.46673    4.27280    1.00000    1.00000
     1.00000    5.36581    2.93224    40.6875    1.00000    1.00000
     1.00000   -23.9318   -7.67952   -17.9912    1.00000    1.00000
     1.00000    28.9712   0.777634    25.5317    1.00000    1.00000
     1.00000   -8.09067    7.77123   -1.63788    1.00000    1.00000
     1.00000   10.00096    17.1044    26.4984    1.00000    1.00000
     1.00000   -39.2385   -32.7518   -42.0838    1.00000    1.00000
     1.00000    44.7330    12.5852    6.70772    1.00000    1.00000
     1.00000   -18.8273   -2.01229   -13.9748    1.00000    1.00000
     1.00000    9.71162    4.20681    24.0732    1.00000    1.00000
     1.00000   -17.7282   -12.3439   -27.2116    1.00000    1.00000
     1.00000    27.9802    19.8404    31.7344    1.00000    1.00000
     1.00000    5.89397   -9.39390    5.22633    1.00000    1.00000
     1.00000    16.1230    5.28437    9.23517    1.00000    1.00000
     1.00000   -37.3773   -37.1262   -44.7396    1.00000    1.00000
     1.00000    41.9878    24.3039   0.212479    1.00000    1.00000
     1.00000   -22.0654   -16.7666   -13.2928    1.00000    1.00000
     1.00000   0.741058    25.1003    41.2263    1.00000    1.00000
     1.00000   -22.1725   -23.3773   -18.4093    1.00000    1.00000
     1.00000    33.6258    7.48346    14.8121    1.00000    1.00000
     1.00000   0.141724    11.8139    1.20825    1.00000    1.00000
     1.00000    6.30449    14.3311    27.9028    1.00000    1.00000
     1.00000   -31.6564   -13.4701   -25.6317    1.00000    1.00000
     1.00000    25.9003    4.46054    3.27783    1.00000    1.00000
     1.00000   -18.1428  -0.632774   -9.87785    1.00000    1.00000
     1.00000    15.1605    7.59909    27.0419    1.00000    1.00000
     1.00000   -11.3184   -24.1811   -39.0277    1.00000    1.00000
     1.00000    29.4743    9.18580    24.3184    1.00000    1.00000
     1.00000    6.28616   -11.6392    8.21652    1.00000    1.00000
     1.00000    1.64531    18.2942    6.74187    1.00000    1.00000
     1.00000   -29.1752   -38.0464   -45.5598    1.00000    1.00000
     1.00000    32.4684    30.5920    1.82077    1.00000    1.00000
     1.00000   -26.1932   -4.35732    2.16890    1.00000    1.00000
     1.00000    1.82587    13.2626    35.2081    1.00000    1.00000
     1.00000   -30.9317   -14.6929   -18.8226    1.00000    1.00000
     1.00000    29.9451    10.7921    13.7612    1.00000    1.00000
     1.00000   -14.2848    9.64599    4.13896    1.00000    1.00000
     1.00000    8.34624    13.2982    16.6250    1.00000    1.00000
     1.00000   -36.3756   -26.8221   -37.3205    1.00000    1.00000
     1.00000    48.7894    24.4317    7.55588    1.00000    1.00000
     1.00000   -19.9697   0.197578   -27.5274    1.00000    1.00000
     1.00000    4.74998   -13.8927    22.1192    1.00000    1.00000
     1.00000   -18.1816   -14.0913   -33.7879    1.00000    1.00000
     1.00000    34.6412    19.6389    33.8347    1.00000    1.00000
     1.00000   -7.00192   -3.10961    2.44717    1.00000    1.00000
     1.00000    11.5773    12.0186    4.80087    1.00000    1.00000
     1.00000   -50.8222   -38.2743   -53.3242    1.00000    1.00000
     1.00000    36.3754    18.8999   -5.48366    1.00000    1.00000
     1.00000   -32.3528   -19.0089   -3.61240    1.00000    1.00000
     1.00000    2.54562    11.2254    41.2582    1.00000    1.00000
     1.00000   -37.6713   -16.7716   -14.5193    1.00000    1.00000
     1.00000    37.8263    10.7216    15.1532    1.00000    1.00000
     1.00000   -5.19403    18.6026    4.43771    1.00000    1.00000
     1.00000    6.73866    4.77979    16.5927    1.00000    1.00000
     1.00000   -36.5526   -28.8645   -31.2210    1.00000    1.00000
     1.00000    41.2387    11.3100    11.7859    1.00000    1.00000
     1.00000   -23.1117    7.63882   -2.68906    1.00000    1.00000
     1.00000    8.22513    9.48504    39.0464    1.00000    1.00000
     1.00000   -5.07147   -16.2932   -40.9280    1.00000    1.00000
     1.00000    22.1769    18.3099    21.6324    1.00000    1.00000
     1.00000   -1.52475   -5.78777    15.1369    1.00000    1.00000
     1.00000    5.66411    14.3942  -0.763260    1.00000    1.00000
     1.00000   -39.9514   -40.9358   -50.5940    1.00000    1.00000
     1.00000    31.1034    27.1412    1.29295    1.00000    1.00000
     1.00000   -28.4561   -6.86246   -2.44792    1.00000    1.00000
     1.00000    5.33833    4.26614    36.0916    1.00000    1.00000
     1.00000   -22.8220   -11.4888   -18.5936    1.00000    1.00000
     1.00000    27.8466   0.639908    22.2512    1.00000    1.00000
     1.00000  -0.315903    5.25767   -6.87260    1.00000    1.00000
     1.00000    7.59627    16.2359    20.9674    1.00000    1.00000
     1.00000   -36.4300   -31.7729   -44.8207    1.00000    1.00000
     1.00000    44.9033    22.8305    5.81880    1.00000    1.00000
     1.00000   -25.1876   -4.93284   -18.4102    1.00000    1.00000
     1.00000    9.13136   -5.03153    21.1736    1.00000    1.00000
     1.00000   -15.1169   -12.1127   -33.4985    1.00000    1.00000
     1.00000    24.4131    22.0976    24.7972    1.00000    1.00000
     1.00000    11.6710   -4.90711    1.39209    1.00000    1.00000
     1.00000    12.0766    7.88826    7.38466    1.00000    1.00000
     1.00000   -37.2529   -43.5307   -42.7321    1.00000    1.00000
     1.00000    37.7660    22.8411    5.80333    1.00000    1.00000
     1.00000   -27.2310   -12.1853   -7.80154    1.00000    1.00000
     1.00000    3.55342    25.3632    41.0451    1.00000    1.00000
     1.00000   -26.3860   -20.2517   -20.1268    1.00000    1.00000
     1.00000    36.7815    3.17970    19.3718    1.00000    1.00000
     1.00000   -1.63785    10.9968   -3.02324    1.00000    1.00000
     1.00000    5.27458    6.84288    23.1567    1.00000    1.00000
     1.00000   -34.1583   -15.0716   -23.2179    1.00000    1.00000
     1.00000    34.7121    5.59750    11.9330    1.00000    1.00000
     1.00000   -19.4462   0.777550   -7.52197    1.00000    1.00000
     1.00000    14.6726    3.85347    24.7333    1.00000    1.00000
     1.00000   -17.1669   -19.0062   -35.5102    1.00000    1.00000
     1.00000    15.7139    11.4080    25.4254    1.00000    1.00000
     1.00000    1.30901   -14.7458    15.0949    1.00000    1.00000
     1.00000    3.83000    14.5196    5.59499    1.00000    1.00000
     1.00000   -33.7070   -38.5100   -45.9363    1.00000    1.00000
     1.00000    30.5352    25.5669    6.30803    1.00000    1.00000
     1.00000   -20.9352  -0.256172    3.12025    1.00000    1.00000
     1.00000    5.97357    9.51606    36.8831    1.00000    1.00000
     1.00000   -29.2752   -11.4438   -17.7594    1.00000    1.00000
     1.00000    27.7581    5.83056    19.7672    1.00000    1.00000
     1.00000   -15.8592    8.49824    3.68730    1.00000    1.00000
     1.00000    2.16560    8.09743    11.8961    1.00000    1.00000
     1.00000   -31.0550   -30.1183   -33.1823    1.00000    1.00000
     1.00000    51.2052    23.9833    11.5880    1.00000    1.00000
     1.00000   -22.8116   -6.91120   -22.7132    1.00000    1.00000
     1.00000    6.74324   -9.51196    24.2561    1.00000    1.00000
     1.00000   -16.1815   -17.0110   -33.2902    1.00000    1.00000
     1.00000    33.0790    15.5020    33.9407    1.00000    1.00000
     1.00000   -2.53145   -1.46111    5.21762    1.00000    1.00000
     1.00000    11.7611    15.3110    2.46429E-02    1.00000    1.00000
     1.00000   -42.0646   -45.5625   -48.0555    1.00000    1.00000
     1.00000    36.8007    20.4694   -7.24615    1.00000    1.00000
     1.00000   -28.7802   -13.2533   -7.12395    1.00000    1.00000
     1.00000   0.622665    20.1835    43.5737    1.00000    1.00000
     1.00000   -36.1947   -19.3697   -18.0678    1.00000    1.00000
     1.00000    44.7371    11.5503    10.8486    1.00000    1.00000
     1.00000   -7.56339    22.5827    3.41090    1.00000    1.00000
     1.00000    13.3147    7.40539    13.6193    1.00000    1.00000
     1.00000   -32.4627   -21.4063   -30.1030    1.00000    1.00000
     1.00000    33.6076    8.30050    6.00525    1.00000    1.00000
     1.00000   -20.7131    8.11642   -6.64261    1.00000    1.00000
     1.00000    15.2453    11.0005    34.7209    1.00000    1.00000
     1.00000   -5.48354   -22.3250   -38.5231    1.00000    1.00000
     1.00000    21.1390    18.2127    19.1315    1.00000    1.00000
     1.00000    2.11525   -9.01183    13.2658    1.00000    1.00000
     1.00000    9.96465    21.7040   -1.61790    1.00000    1.00000
     1.00000   -41.5923   -42.9161   -53.0911    1.00000    1.00000
     1.00000    36.4847    26.7034    1.64951    1.00000    1.00000
     1.00000   -31.5047   -5.06859    4.15015    1.00000    1.00000
     1.00000    9.50267    3.24757    36.9186    1.00000    1.00000
     1.00000   -30.2636   -8.06483   -20.5379    1.00000    1.00000
     1.00000    31.1596   0.315521    20.7345    1.00000    1.00000
     1.00000   -6.60556    5.83639   0.431290    1.00000    1.00000
     1.00000    4.69008    23.7817    22.6513    1.00000    1.00000
     1.00000   -37.1449   -33.6929   -39.6614    1.00000    1.00000
     1.00000    45.8510    19.0973    6.73926    1.00000    1.00000
     1.00000   -22.0793   0.711723   -14.2021    1.00000    1.00000
     1.00000    9.33134    1.36691    26.8820    1.00000    1.00000
     1.00000   -19.8199   -9.58633   -21.9037    1.00000    1.00000
     1.00000    26.6898    15.9006    31.2050    1.00000    1.00000
     1.00000    3.15135   -6.05198    2.10817    1.00000    1.00000
     1.00000    16.1704    8.08851    8.72525    1.00000    1.00000
     1.00000   -35.2491   -40.0727   -41.9803    1.00000    1.00000
     1.00000    40.0152    23.7344   -2.79271    1.00000    1.00000
     1.00000   -23.1440   -8.45827   -13.6603    1.00000    1.00000
     1.00000  -0.234512    26.5292    43.1717    1.00000    1.00000
     1.00000   -23.0443   -21.7090   -20.3701    1.00000    1.00000
     1.00000    35.8554   10.52662    14.8754    1.00000    1.00000
     1.00000   -4.19040    13.2861    5.15849    1.00000    1.00000
     1.00000    4.64638    9.09650    25.9812    1.00000    1.00000
     1.00000   -29.5341  -10.53800   -26.1796    1.00000    1.00000
     1.00000    26.7144    8.74457    4.27113    1.00000    1.00000
     1.00000   -24.5569  -0.508476   -9.35164    1.00000    1.00000
     1.00000    13.6546    8.89983    24.8244    1.00000    1.00000
     1.00000   -9.88313   -20.2436   -39.7040    1.00000    1.00000
     1.00000    22.6969   10.05299    23.3367    1.00000    1.00000
     1.00000    6.90526   -12.4725    9.92598    1.00000    1.00000
     1.00000   0.328232    21.1574    4.25555    1.00000    1.00000
     1.00000   -28.8105   -41.1378   -45.5875    1.00000    1.00000
     1.00000    35.0292    30.6242   -1.91660    1.00000    1.00000
     1.00000   -22.5206   -1.34473   -1.68922    1.00000    1.00000
     1.00000    6.25447    12.1069    35.0481    1.00000    1.00000
     1.00000   -28.6348   -14.3842   -16.3415    1.00000    1.00000
     1.00000    28.1516    11.1693    17.0036    1.00000    1.00000
     1.00000   -7.63390    6.33999    2.07108    1.00000    1.00000
     1.00000    2.58302    12.1731    19.9242    1.00000    1.00000
     1.00000   -32.9080   -28.5510   -39.9153    1.00000    1.00000
     1.00000    50.8529    20.8337    9.28320    1.00000    1.00000
     1.00000   -19.3408   -2.54896   -24.9026    1.00000    1.00000
     1.00000    5.12273   -8.47595    19.8907    1.00000    1.00000
     1.00000   -18.3237   -13.0054   -37.8926    1.00000    1.00000
     1.00000    34.3547    21.5765    33.4306    1.00000    1.00000
     1.00000   -4.35007    1.21326   0.769821    1.00000    1.00000
     1.00000    12.2708    13.2397   0.865784    1.00000    1.00000
     1.00000   -47.3790   -43.4160   -52.4726    1.00000    1.00000
     1.00000    31.9814    21.7281    2.38771    1.00000    1.00000
     1.00000   -28.8125   -19.3484  -0.456421    1.00000    1.00000
     1.00000   0.522659    16.6530    40.1612    1.00000    1.00000
     1.00000   -32.0454   -18.0533   -17.5034    1.00000    1.00000
     1.00000    36.3501    8.43452    19.6689    1.00000    1.00000
     1.00000   -3.31445    15.6819    3.02377    1.00000    1.00000
     1.00000    3.58772    5.85149    18.7754    1.00000    1.00000
     1.00000   -33.0702   -25.0015   -29.4086    1.00000    1.00000
     1.00000    41.9498    15.1013    11.2153    1.00000    1.00000
     1.00000   -22.1264    1.35885   -1.89349    1.00000    1.00000
     1.00000    10.8129   10.10578    35.1152    1.00000    1.00000
     1.00000   -3.41061   -18.2201   -37.7658    1.00000    1.00000
     1.00000    24.8215    17.3496    22.0391    1.00000    1.00000
     1.00000   0.629456   -8.86251    14.9518    1.00000    1.00000
     1.00000    8.04199    15.0597   -1.33421    1.00000    1.00000
     1.00000   -37.0753   -40.7482   -50.8312    1.00000    1.00000
     1.00000    33.7178    27.0017    1.33357    1.00000    1.00000
     1.00000   -24.3060   -7.28963   -5.07910    1.00000    1.00000
     1.00000    4.59273    7.72639    36.3631    1.00000    1.00000
     1.00000   -24.6488   -11.1077   -21.9974    1.00000    1.00000
     1.00000    26.1561    4.64516    19.9361    1.00000    1.00000
     1.00000   -1.52739    8.05019   -2.90652    1.00000    1.00000
     1.00000    7.10915    19.9827    18.5044    1.00000    1.00000
     1.00000   -31.4433   -31.9483   -43.4843    1.00000    1.00000
     1.00000    46.6752    21.0864    7.62860    1.00000    1.00000
     1.00000   -23.8322   -2.13264   -16.3251    1.00000    1.00000
     1.00000    9.61769   -3.57676    24.8054    1.00000    1.00000
     1.00000   -13.6319   -11.5295   -32.2925    1.00000    1.00000
     1.00000    22.7228    22.1855    28.4431    1.00000    1.00000
     1.00000    4.21410   -9.48641   0.467575    1.00000    1.00000
     1.00000    12.7102    9.31767    12.6189    1.00000    1.00000
     1.00000   -40.6906   -43.4276   -44.4038    1.00000    1.00000
     1.00000    41.1058    20.8564    3.90211    1.00000    1.00000
     1.00000   -31.0665   -12.7095  -10.20319    1.00000    1.00000
     1.00000    5.02309    28.5423    38.8540    1.00000    1.00000
     1.00000   -29.7037   -20.3982   -17.4136    1.00000    1.00000
     1.00000    34.7901    2.68019    21.3896    1.00000    1.00000
     1.00000   0.416214    11.9785   -5.21355    1.00000    1.00000
     1.00000    9.05699    8.61433    22.6503    1.00000    1.00000
     1.00000   -31.9122   -12.5590   -23.0903    1.00000    1.00000
     1.00000    33.0432    4.78052    11.1931    1.00000    1.00000
     1.00000   -22.9664    5.06483   -8.98300    1.00000    1.00000
     1.00000    13.9447    5.64324    25.2499    1.00000    1.00000
     1.00000   -14.6106   -23.0993   -39.8334    1.00000    1.00000
     1.00000    19.4946    10.9993    21.2054    1.00000    1.00000
     1.00000    5.30804   -18.0278    10.7979    1.00000    1.00000
     1.00000    1.70236    15.3698    2.80605    1.00000    1.00000
     1.00000   -34.7360   -36.5886   -46.4886    1.00000    1.00000
     1.00000    24.4626    26.3186    3.14622    1.00000    1.00000
     1.00000   -22.0749  -0.555626    1.50427    1.00000    1.00000
     1.00000    6.01643    8.50811    35.1562    1.00000    1.00000
     1.00000   -28.2679   -11.5895   -13.5167    1.00000    1.00000
     1.00000    31.8734    5.77707    17.7694    1.00000    1.00000
     1.00000   -16.8215    9.12746    1.38329    1.00000    1.00000
     1.00000    5.11092    9.24226    12.4450    1.00000    1.00000
     1.00000   -33.7031   -29.0392   -30.4981    1.00000    1.00000
     1.00000    48.9716    28.9418    10.8754    1.00000    1.00000
     1.00000   -24.2219   -3.76528   -25.2507    1.00000    1.00000
     1.00000    5.44899   -9.36806    25.7741    1.00000    1.00000
     1.00000   -12.5495   -18.6389   -34.1187    1.00000    1.00000
     1.00000    32.0277    13.1618    36.2965    1.00000    1.00000
     1.00000   -4.78452   -2.50556    3.50037    1.00000    1.00000
     1.00000    14.5553    15.9530    2.33109    1.00000    1.00000
     1.00000   -44.7662   -48.1314   -48.9556    1.00000    1.00000
     1.00000    38.3538    23.2475   -5.55391    1.00000    1.00000
     1.00000   -31.6461   -18.1590   -1.00854    1.00000    1.00000
     1.00000   -2.41801    18.2501    41.8966    1.00000    1.00000
     1.00000   -32.3458   -26.1671   -18.1938    1.00000    1.00000
     1.00000    41.9148    11.0869    13.7919    1.00000    1.00000
     1.00000   -4.22415    20.7417    4.42378    1.00000    1.00000
     1.00000    11.6558    8.75861    15.3820    1.00000    1.00000
     1.00000   -30.5134   -23.1153   -28.6135    1.00000    1.00000
     1.00000    38.8487    8.60096    8.08342    1.00000    1.00000
     1.00000   -19.1571    4.38825  -0.847733    1.00000    1.00000
     1.00000    13.7498    7.12817    34.5091    1.00000    1.00000
     1.00000   -4.42308   -20.8659   -37.6591    1.00000    1.00000
     1.00000    21.7765    22.6755    19.2029    1.00000    1.00000
     1.00000    2.52626   -7.34246    14.2877    1.00000    1.00000
     1.00000    9.10863    17.3001   -2.84790    1.00000    1.00000
     1.00000   -38.4455   -46.3017   -54.1913    1.00000    1.00000
     1.00000    34.5360    27.9393   -2.76740    1.00000    1.00000
     1.00000   -26.7350   -5.79634    3.44781    1.00000    1.00000
     1.00000    3.42395  -0.791328    38.5587    1.00000    1.00000
     1.00000   -23.7569   -8.94444   -19.5305    1.00000    1.00000
     1.00000    31.3524    2.33545    22.9020    1.00000    1.00000
     1.00000   -3.51166    7.91956   -2.69292    1.00000    1.00000
     1.00000    8.75546    19.8422    25.2944    1.00000    1.00000
     1.00000   -35.2817   -34.4260   -41.3518    1.00000    1.00000
     1.00000    44.0066    15.7057    7.22314    1.00000    1.00000
     1.00000   -22.0215   -2.36432   -13.5363    1.00000    1.00000
     1.00000    8.79767    3.14410    21.7071    1.00000    1.00000
     1.00000   -19.9924   -11.2529   -25.3897    1.00000    1.00000
     1.00000    32.7291    20.4154    33.3339    1.00000    1.00000
     1.00000    4.31245   -7.26366    1.02022    1.00000    1.00000
     1.00000    20.1908    4.20786    9.88937    1.00000    1.00000
     1.00000   -37.4968   -37.7685   -42.2234    1.00000    1.00000
     1.00000    40.7020    23.7479    2.90703    1.00000    1.00000
     1.00000   -22.2464   -14.7920   -13.0316    1.00000    1.00000
     1.00000    4.00478    23.7629    38.0763    1.00000    1.00000
     1.00000   -21.2653   -22.5359   -19.9807    1.00000    1.00000
     1.00000    34.3609    5.85811    18.2833    1.00000    1.00000
     1.00000   -1.38036    12.4856    3.99628    1.00000    1.00000
     1.00000    5.62007    12.5166    27.4139    1.00000    1.00000
     1.00000   -32.5904   -16.7020   -29.6153    1.00000    1.00000
     1.00000    26.9066    4.00594  -0.180771    1.00000    1.00000
     1.00000   -16.2926   -3.96456  -10.48769    1.00000    1.00000
     1.00000    16.3757   10.14277    28.2435    1.00000    1.00000
     1.00000   -14.3822   -23.8699   -41.7297    1.00000    1.00000
     1.00000    26.9491   10.25887    22.3245    1.00000    1.00000
     1.00000    3.87878   -12.1059    8.00073    1.00000    1.00000
     1.00000    4.89772    19.5003    7.28525    1.00000    1.00000
     1.00000   -28.6288   -39.5187   -44.3213    1.00000    1.00000
     1.00000    31.2669    28.5457    2.70741    1.00000    1.00000
     1.00000   -24.3244   -3.78724    1.74155    1.00000    1.00000
     1.00000    4.24921    14.7680    38.4320    1.00000    1.00000
     1.00000   -30.5257   -12.6516   -19.2151    1.00000    1.00000
     1.00000    29.9908    11.8983    17.2965    1.00000    1.00000
     1.00000   -12.1653    8.39193    2.56868    1.00000    1.00000
     1.00000    11.1412    13.3554    18.8248    1.00000    1.00000
     1.00000   -38.8039   -28.3242   -35.3462    1.00000    1.00000
     1.00000    49.7145    21.9064    6.66856    1.00000    1.00000
     1.00000   -22.8496  -0.572197   -26.1343    1.00000    1.00000
     1.00000    3.70973   -8.47192    22.2495    1.00000    1.00000
     1.00000   -21.7982   -12.9851   -34.4065    1.00000    1.00000
     1.00000    33.1475    20.3156    37.8148    1.00000    1.00000
     1.00000   -5.83435   0.586662    1.95482    1.00000    1.00000
     1.00000    11.6939    9.74055    6.73462    1.00000    1.00000
     1.00000   -49.0950   -39.1834   -53.7603    1.00000    1.00000
     1.00000    36.4250    20.8163  -0.881729    1.00000    1.00000
     1.00000   -28.1949   -19.4541   -2.35573    1.00000    1.00000
     1.00000    1.00768   10.38807    42.2244    1.00000    1.00000
     1.00000   -34.7701   -17.4470   -15.3470    1.00000    1.00000
     1.00000    42.5510   10.46339    17.2109    1.00000    1.00000
     1.00000   -5.03647    21.8272    6.42915    1.00000    1.00000
     1.00000    9.21509    5.38304    15.3732    1.00000    1.00000
     1.00000   -37.7200   -28.2670   -29.7110    1.00000    1.00000
     1.00000    40.1292    9.66825    11.5141    1.00000    1.00000
     1.00000   -21.3365    3.18473   -1.68805    1.00000    1.00000
     1.00000    6.86139    6.19348    40.8176    1.00000    1.00000
     1.00000   -3.62059   -14.0694   -40.5946    1.00000    1.00000
     1.00000    23.3411    20.4385    25.1110    1.00000    1.00000
     1.00000   -2.94560   -3.82172    14.4965    1.00000    1.00000
     1.00000    3.15889    15.5605    1.44876    1.00000    1.00000
     1.00000   -41.7419   -40.9735   -54.8553    1.00000    1.00000
     1.00000    31.5851    23.6991   -1.66983    1.00000    1.00000
     1.00000   -27.2707   -6.95824   -4.05586    1.00000    1.00000
     1.00000    5.03914    5.14285    33.8201    1.00000    1.00000
     1.00000   -23.6364   -11.7588   -20.4001    1.00000    1.00000
     1.00000    28.9169    1.19133    19.5687    1.00000    1.00000
     1.00000   -1.84895    4.16196   -6.20238    1.00000    1.00000
     1.00000    5.82634    16.9718    18.9279    1.00000    1.00000
     1.00000   -36.5786   -35.2934   -44.7934    1.00000    1.00000
     1.00000    43.3578    21.7494    6.48439    1.00000    1.00000
     1.00000   -24.9793   -7.93835   -23.2392    1.00000    1.00000
     1.00000    7.97609   -7.82661    18.8513    1.00000    1.00000
     1.00000   -17.8306   -11.6726   -31.0071    1.00000    1.00000
     1.00000    26.4749    18.7941    27.5379    1.00000    1.00000
     1.00000   10.20288   -7.72144    1.66472    1.00000    1.00000
     1.00000    12.3793    7.64476    11.2237    1.00000    1.00000
     1.00000   -35.7741   -42.2631   -40.2670    1.00000    1.00000
     1.00000    37.6758    25.9440    4.98868    1.00000    1.00000
     1.00000   -25.4751   -9.89869   -8.65051    1.00000    1.00000
     1.00000    1.96582    23.0764    41.4863    1.00000    1.00000
     1.00000   -26.8267   -18.5051   -20.9957    1.00000    1.00000
     1.00000    38.1373    1.91521    18.1620    1.00000    1.00000
     1.00000  -0.250854    11.8045  -0.752823    1.00000    1.00000
     1.00000    6.17006    5.57671    26.1967    1.00000    1.00000
     1.00000   -34.0221   -14.4839   -25.1247    1.00000    1.00000
     1.00000    34.5926    4.82953    13.7758    1.00000    1.00000
     1.00000   -19.8742    2.71572   -7.76775    1.00000    1.00000
     1.00000    12.1931   0.695366    23.7299    1.00000    1.00000
     1.00000   -15.4019   -18.8902   -38.2937    1.00000    1.00000
     1.00000    18.8823    11.0098    24.1233    1.00000    1.00000
     1.00000    4.08014   -17.3118    13.8985    1.00000    1.00000
     1.00000    3.16927    16.5490    8.20518    1.00000    1.00000
     1.00000   -34.7879   -37.4077   -44.6648    1.00000    1.00000
     1.00000    30.2071    27.0024    3.41098    1.00000    1.00000
     1.00000   -17.7545  -0.551643    6.31264    1.00000    1.00000
     1.00000    8.39110    11.3308    38.2943    1.00000    1.00000
     1.00000   -26.0154   -12.2528   -16.1175    1.00000    1.00000
     1.00000    28.5672    8.25220    22.8000    1.00000    1.00000
     1.00000   -15.9940    5.94723    3.51801    1.00000    1.00000
     1.00000    4.08241    7.56282    12.0962    1.00000    1.00000
     1.00000   -31.8309   -27.3347   -35.4920    1.00000    1.00000
     1.00000    50.1000    26.6175    11.0942    1.00000    1.00000
     1.00000   -19.8212   -4.34244   -21.5383    1.00000    1.00000
     1.00000    7.13837   -5.61884    21.4811    1.00000    1.00000
     1.00000   -16.8660   -14.0217   -35.2927    1.00000    1.00000
     1.00000    34.7183    16.6475    33.9255    1.00000    1.00000
     1.00000   -1.56165   -1.68079    2.15074    1.00000    1.00000
     1.00000    14.0950    17.8559   -1.89748    1.00000    1.00000
     1.00000   -44.7463   -44.0196   -48.2381    1.00000    1.00000
     1.00000    35.5391    21.4460   -5.37657    1.00000    1.00000
     1.00000   -31.2976   -14.4731   -3.99806    1.00000    1.00000
     1.00000   -2.32977    19.9851    44.8130    1.00000    1.00000
     1.00000   -35.9219   -21.3289   -18.3631    1.00000    1.00000
     1.00000    46.0258    14.2904    13.4983    1.00000    1.00000
     1.00000   -5.76781    22.0484    4.11121    1.00000    1.00000
     1.00000    17.1025    6.61045    14.2588    1.00000    1.00000
     1.00000   -32.7111   -18.4228   -28.6031    1.00000    1.00000
     1.00000    37.1297    9.22242    5.03305    1.00000    1.00000
     1.00000   -20.1164    7.79365   -3.28973    1.00000    1.00000
     1.00000    14.3248    9.79575    30.0945    1.00000    1.00000
     1.00000   -6.31239   -23.0904   -40.1745    1.00000    1.00000
     1.00000    21.2106    14.5955    18.6297    1.00000    1.00000
     1.00000    4.50020   -11.1944    11.5331    1.00000    1.00000
     1.00000    7.65907    20.2331   -3.57564    1.00000    1.00000
     1.00000   -43.5366   -43.1625   -52.6923    1.00000    1.00000
     1.00000    35.6894    27.2161   -1.12454    1.00000    1.00000
     1.00000   -31.1915   -5.50571   -7.05566E-02    1.00000    1.00000
     1.00000    6.71309    1.16293    38.1761    1.00000    1.00000
     1.00000   -27.5928   -6.60516   -18.0527    1.00000    1.00000
     1.00000    33.0469  -0.238914    21.0962    1.00000    1.00000
     1.00000   -8.42986    6.46349  -0.163162    1.00000    1.00000
     1.00000    7.21439    20.9891    22.0763    1.00000    1.00000
     1.00000   -34.5075   -28.8038   -38.7416    1.00000    1.00000
     1.00000    46.1548    17.5189    4.26735    1.00000    1.00000
     1.00000   -19.9023    2.04565   -11.6324    1.00000    1.00000
     1.00000    5.53383    1.05660    24.9888    1.00000    1.00000
     1.00000   -21.7981   -11.9088   -24.0119    1.00000    1.00000
     1.00000    28.2670    17.9446    31.1654    1.00000    1.00000
     1.00000  -0.731979   -3.48710    2.37190    1.00000    1.00000
     1.00000    17.7306    7.83804    7.49916    1.00000    1.00000
     1.00000   -36.3624   -40.1206   -40.3195    1.00000    1.00000
     1.00000    38.9242    23.8889   0.531021    1.00000    1.00000
     1.00000   -25.4283   -11.1694   -10.5806    1.00000    1.00000
     1.00000   -2.18834    25.0240    42.4179    1.00000    1.00000
     1.00000   -25.6749   -16.9262   -22.4505    1.00000    1.00000
     1.00000    33.3112    8.44261    12.8704    1.00000    1.00000
     1.00000   -6.09921    11.3092    4.75130    1.00000    1.00000
     1.00000    4.92667    7.14044    26.2899    1.00000    1.00000
     1.00000   -31.2580   -9.66956   -24.9950    1.00000    1.00000
     1.00000    28.5351    6.85052    6.32027    1.00000    1.00000
     1.00000   -20.6475  -0.247078   -8.74954    1.00000    1.00000
     1.00000    11.7556    8.61829    24.2634    1.00000    1.00000
     1.00000   -8.55663   -20.7414   -41.1156    1.00000    1.00000
     1.00000    20.7951    9.77102    22.7858    1.00000    1.00000
     1.00000    4.95221   -12.0639    9.78960    1.00000    1.00000
     1.00000   0.320251    17.8718    5.30458    1.00000    1.00000
     1.00000   -30.8709   -39.1163   -43.3999    1.00000    1.00000
     1.00000    32.7679    30.5850  -0.156662    1.00000    1.00000
     1.00000   -24.2550  -0.500298   -1.16109    1.00000    1.00000
     1.00000    4.77693    13.1566    35.8938    1.00000    1.00000
     1.00000   -28.1085   -17.2517   -13.7903    1.00000    1.00000
     1.00000    29.8789    8.25516    19.0388    1.00000    1.00000
     1.00000   -6.96730    4.47881    2.37383    1.00000    1.00000
     1.00000    7.83823    12.7571    18.7822    1.00000    1.00000
     1.00000   -32.8486   -27.0012   -38.6525    1.00000    1.00000
     1.00000    51.8815    21.6211    11.4890    1.00000    1.00000
     1.00000   -22.1341   -3.94347   -26.4776    1.00000    1.00000
     1.00000    5.44066   -8.74124    17.9340    1.00000    1.00000
     1.00000   -21.1388   -11.9659   -35.9959    1.00000    1.00000
     1.00000    34.7199    22.4989    35.1672    1.00000    1.00000
     1.00000   -3.25385    4.82313   -3.13396    1.00000    1.00000
     1.00000    9.81389    15.2645  -0.429565    1.00000    1.00000
     1.00000   -46.5937   -43.8426   -48.9836    1.00000    1.00000
     1.00000    34.9786    20.7466   0.497787    1.00000    1.00000
     1.00000   -28.4716   -20.0882    1.37016    1.00000    1.00000
     1.00000    1.64557    15.0740    40.6568    1.00000    1.00000
     1.00000   -31.0350   -17.7623   -19.2047    1.00000    1.00000
     1.00000    38.5359    9.47498    17.2760    1.00000    1.00000
     1.00000   -3.45244    18.0290    3.63908    1.00000    1.00000
     1.00000    5.53850    6.29234    18.7868    1.00000    1.00000
     1.00000   -34.7690   -26.8957   -26.8766    1.00000    1.00000
     1.00000    40.4308    17.8977    7.91615    1.00000    1.00000
     1.00000   -19.6024    1.94247   -2.52220    1.00000    1.00000
     1.00000    8.96458    7.30501    37.2331    1.00000    1.00000
     1.00000   -1.67885   -17.8436   -38.6928    1.00000    1.00000
     1.00000    23.3000    20.4726    22.0224    1.00000    1.00000
     1.00000  -0.774231   -7.47364    15.9080    1.00000    1.00000
     1.00000    5.44749    12.6651   -2.16313    1.00000    1.00000
     1.00000   -35.1545   -41.3183   -53.7796    1.00000    1.00000
     1.00000    32.6373    24.6778    3.13820    1.00000    1.00000
     1.00000   -23.9787   -9.02050   -6.02617    1.00000    1.00000
     1.00000    3.94769    7.60454    38.7880    1.00000    1.00000
     1.00000   -24.2624   -14.0764   -23.1514    1.00000    1.00000
     1.00000    25.3537    5.63525    18.3947    1.00000    1.00000
     1.00000   -1.41980    7.98133   -5.56194    1.00000    1.00000
     1.00000    7.91096    17.8814    19.3376    1.00000    1.00000
     1.00000   -34.9146   -32.4127   -43.6830    1.00000    1.00000
     1.00000    48.0759    23.5302   10.11058    1.00000    1.00000
     1.00000   -21.7173   -2.31658   -15.5124    1.00000    1.00000
     1.00000    9.26350   -2.21592    26.2276    1.00000    1.00000
     1.00000   -15.0201   -12.5687   -31.2961    1.00000    1.00000
     1.00000    25.3415    18.3076    29.1123    1.00000    1.00000
     1.00000    8.27837   -8.52380  -0.710861    1.00000    1.00000
     1.00000    14.9299    8.65421   10.18848    1.00000    1.00000
     1.00000   -39.1710   -43.2832   -45.6960    1.00000    1.00000
     1.00000    37.2354    21.2894    4.65852    1.00000    1.00000
     1.00000   -29.1680   -12.6364   -11.1259    1.00000    1.00000
     1.00000    6.99001    27.2430    37.3833    1.00000    1.00000
     1.00000   -28.3426   -17.9204   -19.8295    1.00000    1.00000
     1.00000    35.9837    4.52031    16.6650    1.00000    1.00000
     1.00000    1.15225   10.30683   -4.05649    1.00000    1.00000
     1.00000    6.47331    6.06161    20.5398    1.00000    1.00000
     1.00000   -29.3653   -13.1499   -22.4068    1.00000    1.00000
     1.00000    31.8215    6.00679    7.87195    1.00000    1.00000
     1.00000   -20.2226    5.28048   -7.98410    1.00000    1.00000
     1.00000    17.3564    4.97222    22.8844    1.00000    1.00000
     1.00000   -14.1819   -20.4652   -38.4701    1.00000    1.00000
     1.00000    20.3298    12.9142    21.0846    1.00000    1.00000
     1.00000    5.29318   -16.0384    11.0033    1.00000    1.00000
     1.00000    2.63202    12.9864    3.81902    1.00000    1.00000
     1.00000   -36.7038   -37.6205   -48.9217    1.00000    1.00000
     1.00000    27.2749    25.3926    4.32817    1.00000    1.00000
     1.00000   -19.9188   0.712257    1.68219    1.00000    1.00000
     1.00000    4.45515    6.33083    32.2879    1.00000    1.00000
     1.00000   -27.0863   -15.1667   -13.1371    1.00000    1.00000
     1.00000    32.0503    6.56109    20.9510    1.00000    1.00000
     1.00000   -20.4513    8.39710   0.269882    1.00000    1.00000
     1.00000    8.97926    11.6908    15.6172    1.00000    1.00000
     1.00000   -34.8351   -31.3909   -29.4090    1.00000    1.00000
     1.00000    49.4238    27.5835    9.47874    1.00000    1.00000
     1.00000   -23.5741   -3.89095   -21.6469    1.00000    1.00000
     1.00000    3.60219   -9.17300    29.6666    1.00000    1.00000
     1.00000   -15.3764   -19.8974   -32.9726    1.00000    1.00000
     1.00000    33.4639    14.2772    37.1290    1.00000    1.00000
     1.00000   -4.42000  -0.812782    5.10329    1.00000    1.00000
     1.00000    13.4434    19.5327    1.99434    1.00000    1.00000
     1.00000   -42.7888   -49.8124   -49.5644    1.00000    1.00000
     1.00000    36.2650    22.9521   -3.36441    1.00000    1.00000
     1.00000   -30.5284   -16.6753   -1.74959    1.00000    1.00000
     1.00000   0.307983    18.4464    41.0200    1.00000    1.00000
     1.00000   -32.7988   -22.6428   -17.0561    1.00000    1.00000
     1.00000    40.1836   10.08570    13.7725    1.00000    1.00000
     1.00000   -3.79942    23.1493    5.57959    1.00000    1.00000
     1.00000    12.4545   10.44254    16.1076    1.00000    1.00000
     1.00000   -30.9456   -22.1161   -31.1960    1.00000    1.00000
     1.00000    39.3574    9.38117    4.24942    1.00000    1.00000
     1.00000   -20.3425    4.84585   -2.39224    1.00000    1.00000
     1.00000    11.3414   10.00306    33.1891    1.00000    1.00000
     1.00000   -2.98866   -20.4822   -36.3193    1.00000    1.00000
     1.00000    19.7381    21.1597    17.9203    1.00000    1.00000
     1.00000    4.17322   -9.02535    14.2546    1.00000    1.00000
     1.00000   10.40822    18.2743   -1.68083    1.00000    1.00000
     1.00000   -37.7502   -43.5490   -53.0703    1.00000    1.00000
     1.00000    36.8480    24.5839   -4.47981    1.00000    1.00000
     1.00000   -25.7122   -2.66354    5.10880    1.00000    1.00000
     1.00000    5.04207    1.77567    39.0883    1.00000    1.00000
     1.00000   -25.6430   -6.71294   -17.6204    1.00000    1.00000
     1.00000    29.1964    1.24078    23.5991    1.00000    1.00000
     1.00000   -6.40001    6.70617   -1.72354    1.00000    1.00000
     1.00000    9.48627    18.9844    26.9467    1.00000    1.00000
     1.00000   -37.3295   -32.6709   -41.4929    1.00000    1.00000
     1.00000    45.4695    14.3447    7.30917    1.00000    1.00000
     1.00000   -20.2234   -2.77612   -12.7634    1.00000    1.00000
     1.00000    9.75725    2.37048    23.2821    1.00000    1.00000
     1.00000   -18.1317   -11.6172   -29.0307    1.00000    1.00000
     1.00000    29.4642    18.7750    32.5484    1.00000    1.00000
     1.00000    4.76968   -8.21784    4.06320    1.00000    1.00000
     1.00000    17.1578    3.72527    9.94118    1.00000    1.00000
     1.00000   -38.6752   -38.4470   -43.9839    1.00000    1.00000
     1.00000    43.9715    24.3555   0.462753    1.00000    1.00000
     1.00000   -20.7539   -16.2424   -14.7088    1.00000    1.00000
     1.00000    1.16418    25.8411    39.4174    1.00000    1.00000
     1.00000   -23.3544   -23.7613   -16.8423    1.00000    1.00000
     1.00000    35.5526    7.03719    14.5148    1.00000    1.00000
     1.00000  -0.654236    13.5253    1.86960    1.00000    1.00000
     1.00000    6.19099    16.1268    28.7760    1.00000    1.00000
     1.00000   -32.3679   -14.9737   -26.7420    1.00000    1.00000
     1.00000    26.3763    5.53890    4.89355    1.00000    1.00000
     1.00000   -19.6835   0.570930  -10.29921    1.00000    1.00000
     1.00000    14.3473    9.38108    26.6378    1.00000    1.00000
     1.00000   -12.6621   -22.7185   -38.7923    1.00000    1.00000
     1.00000    28.7200    10.6406    23.1719    1.00000    1.00000
     1.00000    6.15051   -11.0564    6.30812    1.00000    1.00000
     1.00000   0.876205    16.4491    6.80521    1.00000    1.00000
     1.00000   -28.2897   -38.3844   -47.3210    1.00000    1.00000
     1.00000    30.9522    30.4772    3.11998    1.00000    1.00000
     1.00000   -26.8696   -3.74709   0.388428    1.00000    1.00000
     1.00000    2.25929    12.5584    37.0292    1.00000    1.00000
     1.00000   -30.1579   -15.4160   -17.1260    1.00000    1.00000
     1.00000    28.8823    9.70975    15.0647    1.00000    1.00000
     1.00000   -12.4328    8.96534    4.46596    1.00000    1.00000
     1.00000    8.36087    15.0969    15.7506    1.00000    1.00000
     1.00000   -34.4812   -26.3200   -37.7196    1.00000    1.00000
     1.00000    50.5433    24.1316    6.64273    1.00000    1.00000
     1.00000   -21.9535   0.138496   -27.7750    1.00000    1.00000
     1.00000    5.47037   -12.0277    22.0662    1.00000    1.00000
     1.00000   -19.2694   -15.7219   -33.3906    1.00000    1.00000
     1.00000    33.5512    18.1353    34.5771    1.00000    1.00000
     1.00000   -7.37813   -4.75497    1.37419    1.00000    1.00000
     1.00000    12.5319    11.4446    3.13980    1.00000    1.00000
     1.00000   -52.7816   -38.4171   -53.6991    1.00000    1.00000
     1.00000    36.6197    19.3725   -3.55573    1.00000    1.00000
     1.00000   -30.8866   -19.6831   -2.43088    1.00000    1.00000
     1.00000    2.04033    13.1421    40.9919    1.00000    1.00000
     1.00000   -35.7840   -16.2716   -14.0858    1.00000    1.00000
     1.00000    39.2995    9.39732    15.4292    1.00000    1.00000
     1.00000   -6.65140    18.2340    5.75690    1.00000    1.00000
     1.00000    8.54729    3.92633    16.5699    1.00000    1.00000
     1.00000   -35.1278   -28.8868   -32.6244    1.00000    1.00000
     1.00000    41.8826    13.2027    11.8405    1.00000    1.00000
     1.00000   -22.4385    5.77450   -2.42253    1.00000    1.00000
     1.00000    7.49727    7.94849    40.0996    1.00000    1.00000
     1.00000   -4.22769   -17.5585   -39.6291    1.00000    1.00000
     1.00000    21.4610    19.9189    22.5803    1.00000    1.00000
     1.00000   -2.38107   -7.53407    14.6708    1.00000    1.00000
     1.00000    4.11107    15.5701  -0.309998    1.00000    1.00000
     1.00000   -39.4990   -39.6277   -52.0376    1.00000    1.00000
     1.00000    30.5595    25.8275  -0.113586    1.00000    1.00000
     1.00000   -29.7232   -6.55622  -0.931061    1.00000    1.00000
     1.00000    5.28957    2.69672    37.3304    1.00000    1.00000
     1.00000   -22.1476   -12.5294   -17.0244    1.00000    1.00000
     1.00000    26.5223  -0.716118    22.8893    1.00000    1.00000
     1.00000   -1.51530    5.98687   -5.44792    1.00000    1.00000
     1.00000    6.04912    15.3434    20.0675    1.00000    1.00000
     1.00000   -36.8171   -31.3501   -42.9046    1.00000    1.00000
     1.00000    43.4558    22.7367    4.44186    1.00000    1.00000
     1.00000   -24.8338   -6.27082   -19.8540    1.00000    1.00000
     1.00000    9.32236   -4.80236    23.1512    1.00000    1.00000
     1.00000   -16.8638   -11.2160   -33.8785    1.00000    1.00000
     1.00000    25.1553    20.7988    26.1247    1.00000    1.00000
     1.00000    11.2378   -6.58170   0.388046    1.00000    1.00000
     1.00000    13.6456    7.97670    8.62178    1.00000    1.00000
     1.00000   -35.4265   -43.0553   -42.0702    1.00000    1.00000
     1.00000    39.7231    22.9390    6.20337    1.00000    1.00000
     1.00000   -25.5833   -12.2889   -8.93053    1.00000    1.00000
     1.00000    3.98766    26.5982    39.5330    1.00000    1.00000
     1.00000   -25.8831   -20.3673   -22.0591    1.00000    1.00000
     1.00000    36.3981    1.27162    18.9110    1.00000    1.00000
     1.00000   -1.77985    12.6199   -1.86340    1.00000    1.00000
     1.00000    5.22543    5.22813    21.9776    1.00000    1.00000
     1.00000   -32.2035   -15.4777   -23.3345    1.00000    1.00000
     1.00000    35.7134    4.29012    10.7981    1.00000    1.00000
     1.00000   -17.4477   0.847099   -7.48579    1.00000    1.00000
     1.00000    12.9030    3.23782    25.4328    1.00000    1.00000
     1.00000   -16.1219   -17.8382   -36.7526    1.00000    1.00000
     1.00000    17.1380   10.21189    24.6895    1.00000    1.00000
     1.00000    2.29742   -13.3827    16.1743    1.00000    1.00000
     1.00000    4.49562    13.8776    7.36833    1.00000    1.00000
     1.00000   -32.4537   -39.3208   -44.6053    1.00000    1.00000
     1.00000    29.5973    27.3121    6.03485    1.00000    1.00000
     1.00000   -20.0914   -1.15086    4.69746    1.00000    1.00000
     1.00000    5.98070    11.5045    37.0973    1.00000    1.00000
     1.00000   -27.9088   -11.6388   -16.3120    1.00000    1.00000
     1.00000    27.9348    6.97028    21.4012    1.00000    1.00000
     1.00000   -16.1460    7.37095    2.06035    1.00000    1.00000
     1.00000    2.45338    6.81810   10.38597    1.00000    1.00000
     1.00000   -32.3922   -29.0944   -34.2609    1.00000    1.00000
     1.00000    51.5886    22.7491    13.1144    1.00000    1.00000
     1.00000   -21.8986   -5.53471   -23.8409    1.00000    1.00000
     1.00000    5.54982   -8.47279    23.0331    1.00000    1.00000
     1.00000   -17.2628   -18.6749   -33.5401    1.00000    1.00000
     1.00000    33.4416    13.9104    35.0963    1.00000    1.00000
     1.00000   -1.01756   -2.56736    5.91357    1.00000    1.00000
     1.00000    12.9085    16.7805  -0.699219    1.00000    1.00000
     1.00000   -42.4912   -46.5586   -49.7365    1.00000    1.00000
     1.00000    37.0224    18.5700   -7.83197    1.00000    1.00000
     1.00000   -29.4483   -14.1395   -5.46013    1.00000    1.00000
     1.00000    1.09341    21.3596    42.0260    1.00000    1.00000
     1.00000   -36.2606   -18.2468   -16.4141    1.00000    1.00000
     1.00000    43.7785    12.4733    12.3417    1.00000    1.00000
     1.00000   -7.39958    24.5536    3.11313    1.00000    1.00000
     1.00000    13.9975    6.90721    15.4319    1.00000    1.00000
     1.00000   -33.7886   -20.2066   -30.9990    1.00000    1.00000
     1.00000    35.5961    8.49564    6.09142    1.00000    1.00000
     1.00000   -19.4167    8.18797   -5.12138    1.00000    1.00000
     1.00000    14.0167    10.9009    33.1459    1.00000    1.00000
     1.00000   -3.66655   -23.1029   -38.2176    1.00000    1.00000
     1.00000    19.8327    17.1229    18.0798    1.00000    1.00000
     1.00000    1.74637   -10.7251    12.3022    1.00000    1.00000
     1.00000    9.83902    23.5434   -2.39316    1.00000    1.00000
     1.00000   -39.5971   -42.7818   -53.0566    1.00000    1.00000
     1.00000    35.1379    25.9887   0.355118    1.00000    1.00000
     1.00000   -30.4082   -5.36852    2.50465    1.00000    1.00000
     1.00000    8.46431    1.58272    37.3060    1.00000    1.00000
     1.00000   -30.7979   -7.46877   -22.3707    1.00000    1.00000
     1.00000    30.7234   -1.63017    20.8895    1.00000    1.00000
     1.00000   -8.07959    4.51727   0.136063    1.00000    1.00000
     1.00000    6.33755    22.7864    22.1080    1.00000    1.00000
     1.00000   -36.3949   -32.1528   -38.6291    1.00000    1.00000
     1.00000    44.5708    17.5607    6.73257    1.00000    1.00000
     1.00000   -23.7956    1.52128   -13.5705    1.00000    1.00000
     1.00000    9.36668    1.24162    24.8862    1.00000    1.00000
     1.00000   -21.3363   -10.7812   -22.4259    1.00000    1.00000
     1.00000    26.3054    17.8201    30.7956    1.00000    1.00000
     1.00000    1.95557   -4.44894    2.08955    1.00000    1.00000
     1.00000    16.3952    6.92943   10.33955    1.00000    1.00000
     1.00000   -33.7061   -40.9077   -41.0202    1.00000    1.00000
     1.00000    40.3827    23.7180  -0.826813    1.00000    1.00000
     1.00000   -23.3592   -9.92382   -12.3165    1.00000    1.00000
     1.00000  -0.428726    26.7221    41.1906    1.00000    1.00000
     1.00000   -23.4965   -19.9063   -21.1087    1.00000    1.00000
     1.00000    34.6890    9.05653    14.1836    1.00000    1.00000
     1.00000   -2.30067    13.9285    5.03120    1.00000    1.00000
     1.00000    5.04131    8.98154    27.9385    1.00000    1.00000
     1.00000   -30.6461   -8.98462   -26.7717    1.00000    1.00000
     1.00000    27.6786    7.01012    4.52000    1.00000    1.00000
     1.00000   -22.6060  -0.124443   -9.13605    1.00000    1.00000
     1.00000    15.6393    8.94289    25.0677    1.00000    1.00000
     1.00000   -10.9337   -21.7137   -38.8466    1.00000    1.00000
     1.00000    24.2282    11.3372    23.2606    1.00000    1.00000
     1.00000    7.42258   -14.3912   10.15193    1.00000    1.00000
     1.00000    1.38655    19.7284    5.17093    1.00000    1.00000
     1.00000   -30.1243   -40.8299   -44.1113    1.00000    1.00000
     1.00000    33.0600    30.3401   -2.12003    1.00000    1.00000
     1.00000   -22.4191   0.130470  -0.342575    1.00000    1.00000
     1.00000    5.99280    12.0020    33.0681    1.00000    1.00000
     1.00000   -27.9756   -15.5800   -14.8802    1.00000    1.00000
     1.00000    28.1851    11.4479    18.9839    1.00000    1.00000
     1.00000   -9.60414    6.21546    2.39146    1.00000    1.00000
     1.00000    4.57808    12.1539    19.7848    1.00000    1.00000
     1.00000   -33.9172   -29.9654   -40.9056    1.00000    1.00000
     1.00000    51.4855    21.5331    7.51950    1.00000    1.00000
     1.00000   -18.1113   -3.29556   -26.2921    1.00000    1.00000
     1.00000    4.76851  -10.37640    20.4034    1.00000    1.00000
     1.00000   -18.7891   -11.3976   -38.9874    1.00000    1.00000
     1.00000    34.8084    22.1080    31.5567    1.00000    1.00000
     1.00000   -4.10651    2.72871  -0.512405    1.00000    1.00000
     1.00000    11.4028    11.5503    1.49239    1.00000    1.00000
     1.00000   -47.8770   -41.4938   -52.2332    1.00000    1.00000
     1.00000    33.1146    21.4188   0.768967    1.00000    1.00000
     1.00000   -27.7177   -17.7226  -0.854172    1.00000    1.00000
     1.00000    1.13844    15.8352    38.4430    1.00000    1.00000
     1.00000   -33.2153   -16.4436   -17.7039    1.00000    1.00000
     1.00000    36.2568    7.59417    17.8564    1.00000    1.00000
     1.00000   -2.19478    14.7788    1.63425    1.00000    1.00000
     1.00000    2.10670    4.58974    18.3123    1.00000    1.00000
     1.00000   -33.7531   -26.6925   -28.5874    1.00000    1.00000
     1.00000    41.7608    14.9011    9.23441    1.00000    1.00000
     1.00000   -21.2729    1.89510   -3.62090    1.00000    1.00000
     1.00000    9.97377    8.52914    36.0153    1.00000    1.00000
     1.00000   -4.42784   -16.6868   -36.9821    1.00000    1.00000
     1.00000    24.2797    19.0126    21.0691    1.00000    1.00000
     1.00000   0.385605   -8.01353    13.1574    1.00000    1.00000
     1.00000    6.65265    16.2735  -0.561966    1.00000    1.00000
     1.00000   -38.5728   -41.4787   -51.9374    1.00000    1.00000
     1.00000    32.3642    26.6219    2.75604    1.00000    1.00000
     1.00000   -25.6683   -5.90053   -4.61603    1.00000    1.00000
     1.00000    5.57167    6.29652    35.3646    1.00000    1.00000
     1.00000   -23.6761   -12.1779   -23.3790    1.00000    1.00000
     1.00000    27.2253    3.57732    21.2462    1.00000    1.00000
     1.00000   -1.04659    9.49453   -4.20372    1.00000    1.00000
     1.00000    7.89507    20.6025    20.2359    1.00000    1.00000
     1.00000   -30.4284   -31.9042   -41.7615    1.00000    1.00000
     1.00000    45.4920    20.9301    6.02376    1.00000    1.00000
     1.00000   -25.1100   -3.17776   -17.4543    1.00000    1.00000
     1.00000    10.9878   -3.71390    23.3549    1.00000    1.00000
     1.00000   -12.6382   -13.1976   -32.7721    1.00000    1.00000
     1.00000    24.3970    21.1332    28.1435    1.00000    1.00000
     1.00000    5.20639   -10.9592  -0.452316    1.00000    1.00000
     1.00000    11.4093   10.51075    13.5592    1.00000    1.00000
     1.00000   -41.5979   -43.3681   -46.1851    1.00000    1.00000
     1.00000    39.7173    22.0126    3.04468    1.00000    1.00000
     1.00000   -30.7251   -11.5974   -11.8300    1.00000    1.00000
     1.00000    5.31740    28.2277    36.9009    1.00000    1.00000
     1.00000   -31.5612   -21.0725   -17.1053    1.00000    1.00000
     1.00000    34.7254    2.38422    19.4127    1.00000    1.00000
     1.00000    1.55243   10.53417   -6.00281    1.00000    1.00000
     1.00000    7.62025    7.67488    23.6765    1.00000    1.00000
     1.00000   -31.0686   -14.1931   -22.3041    1.00000    1.00000
     1.00000    31.7688    5.29134    9.73886    1.00000    1.00000
     1.00000   -23.1569    7.05570   -8.97420    1.00000    1.00000
     1.00000    15.3709    6.97688    24.8170    1.00000    1.00000
     1.00000   -14.6736   -21.1516   -40.2831    1.00000    1.00000
     1.00000    20.0560    12.0011    22.8428    1.00000    1.00000
     1.00000    5.27112   -18.4401    12.7546    1.00000    1.00000
     1.00000    2.10005    13.5888    1.98761    1.00000    1.00000
     1.00000   -35.5799   -36.1138   -48.2386    1.00000    1.00000
     1.00000    25.3149    25.0448    1.86131    1.00000    1.00000
     1.00000   -21.7849    1.36275    1.98978    1.00000    1.00000
     1.00000    5.41609    7.63640    33.4592    1.00000    1.00000
     1.00000   -26.7939   -12.6737   -14.3240    1.00000    1.00000
     1.00000    32.1900    7.25414    19.0801    1.00000    1.00000
     1.00000   -18.6440    8.34541    1.12495    1.00000    1.00000
     1.00000    6.83354    9.24241    13.4611    1.00000    1.00000
     1.00000   -33.1619   -29.1906   -32.4175    1.00000    1.00000
     1.00000    47.2082    28.4157    11.6587    1.00000    1.00000
     1.00000   -23.6271   -4.58001   -23.5237    1.00000    1.00000
     1.00000    4.08871   -10.7327    26.3103    1.00000    1.00000
     1.00000   -13.7088   -17.5798   -32.8800    1.00000    1.00000
     1.00000    30.7429    14.2504    37.3754    1.00000    1.00000
     1.00000   -4.60205  -0.572273    3.02173    1.00000    1.00000
     1.00000    12.7040    16.1185    1.59268    1.00000    1.00000
     1.00000   -45.2662   -46.9621   -50.4992    1.00000    1.00000
     1.00000    38.9698    23.3599   -7.45337    1.00000    1.00000
     1.00000   -30.6761   -19.3530   0.269577    1.00000    1.00000
     1.00000   -1.49057    18.5771    40.1551    1.00000    1.00000
     1.00000   -32.7370   -24.6397   -16.9634    1.00000    1.00000
     1.00000    43.3981    12.1138    14.6554    1.00000    1.00000
     1.00000   -3.78836    22.5437    3.67351    1.00000    1.00000
     1.00000    12.3382    7.24451    16.4964    1.00000    1.00000
     1.00000   -32.0951   -24.1135   -27.9050    1.00000    1.00000
     1.00000    37.4802    7.30150    8.74574    1.00000    1.00000
     1.00000   -18.5841    5.65496   0.590012    1.00000    1.00000
     1.00000    12.5622    8.66808    34.0420    1.00000    1.00000
     1.00000   -4.40872   -21.8885   -35.9403    1.00000    1.00000
     1.00000    20.0194    21.9237    19.7924    1.00000    1.00000
     1.00000    2.16930   -5.58601    13.4003    1.00000    1.00000
     1.00000    8.87965    15.3333   -3.12961    1.00000    1.00000
     1.00000   -39.5769   -47.9051   -54.5773    1.00000    1.00000
     1.00000    36.3793    27.9866   -3.54196    1.00000    1.00000
     1.00000   -27.9309   -6.27784    1.91879    1.00000    1.00000
     1.00000    5.15060  -0.200424    39.3769    1.00000    1.00000
     1.00000   -22.0685   -9.64019   -18.7150    1.00000    1.00000
     1.00000    29.9307    1.51538    21.7592    1.00000    1.00000
     1.00000   -4.55798    6.24905   -2.35439    1.00000    1.00000
     1.00000    7.37648    20.1285    23.8744    1.00000    1.00000
     1.00000   -35.6200   -32.6707   -40.4549    1.00000    1.00000
     1.00000    42.2318    16.4414    6.66748    1.00000    1.00000
     1.00000   -21.8840  -0.564644   -12.6747    1.00000    1.00000
     1.00000    7.70184    4.36176    22.8544    1.00000    1.00000
     1.00000   -19.7229   -12.2972   -27.0740    1.00000    1.00000
     1.00000    31.4071    19.2301    32.4133    1.00000    1.00000
     1.00000    3.96637   -8.75156    2.31111    1.00000    1.00000
     1.00000    18.7135    3.58878    8.69176    1.00000    1.00000
     1.00000   -39.1937   -38.8185   -42.0884    1.00000    1.00000
     1.00000    41.1512    22.7867    1.21159    1.00000    1.00000
     1.00000   -23.3807   -13.1476   -13.1288    1.00000    1.00000
     1.00000    2.74586    24.6179    39.3741    1.00000    1.00000
     1.00000   -20.1608   -24.1939   -19.8039    1.00000    1.00000
     1.00000    34.1375    6.30854    16.3476    1.00000    1.00000
     1.00000  -0.470016    11.0445    2.95006    1.00000    1.00000
     1.00000    4.66795    11.0378    26.4617    1.00000    1.00000
     1.00000   -33.2905   -16.4255   -27.7623    1.00000    1.00000
     1.00000    26.9605    3.65224    1.78697    1.00000    1.00000
     1.00000   -16.7818   -2.03365  -10.30811    1.00000    1.00000
     1.00000    15.2280    8.59375    28.7757    1.00000    1.00000
     1.00000   -12.8366   -23.0558   -40.7560    1.00000    1.00000
     1.00000    25.1648    9.59907    22.9419    1.00000    1.00000
     1.00000    5.07883   -12.7307    6.52779    1.00000    1.00000
     1.00000    3.61739    18.0093    6.91415    1.00000    1.00000
     1.00000   -28.0406   -39.3719   -42.4154    1.00000    1.00000
     1.00000    31.5815    29.1792    4.57817    1.00000    1.00000
     1.00000   -23.5845   -2.48522   0.415909    1.00000    1.00000
     1.00000    2.37325    14.3731    37.8620    1.00000    1.00000
     1.00000   -31.6511   -13.7620   -20.4400    1.00000    1.00000
     1.00000    30.4662   10.37855    16.0864    1.00000    1.00000
     1.00000  -10.39529    7.81307    3.29796    1.00000    1.00000
     1.00000    9.61247    12.4418    17.9147    1.00000    1.00000
     1.00000   -37.0276   -27.4233   -35.5279    1.00000    1.00000
     1.00000    49.6787    23.1688    5.11772    1.00000    1.00000
     1.00000   -23.4497   -2.43809   -26.5322    1.00000    1.00000
     1.00000    4.60970  -10.25220    22.3932    1.00000    1.00000
     1.00000   -20.4882   -14.4963   -34.3967    1.00000    1.00000
     1.00000    33.1808    19.5046    35.9870    1.00000    1.00000
     1.00000   -6.53807   -1.17027    2.60133    1.00000    1.00000
     1.00000    12.8542    11.2564    6.13820    1.00000    1.00000
     1.00000   -49.2030   -40.0239   -51.9487    1.00000    1.00000
     1.00000    36.9724    21.1780   -2.77103    1.00000    1.00000
     1.00000   -29.4914   -19.6657   -3.86375    1.00000    1.00000
     1.00000  -0.767822    9.47605    42.3503    1.00000    1.00000
     1.00000   -33.2766   -16.1712   -15.7235    1.00000    1.00000
     1.00000    41.1905    9.88038    15.8658    1.00000    1.00000
     1.00000   -5.15308    19.8834    5.97325    1.00000    1.00000
     1.00000    10.7192    6.07031    16.4981    1.00000    1.00000
     1.00000   -36.9358   -26.4404   -29.9314    1.00000    1.00000
     1.00000    38.9224    9.22494    9.98216    1.00000    1.00000
     1.00000   -22.9019    3.85456   -2.73723    1.00000    1.00000
     1.00000    6.58839    6.88397    42.6747    1.00000    1.00000
     1.00000   -5.54271   -14.3546   -41.0680    1.00000    1.00000
     1.00000    22.0979    21.3431    23.8318    1.00000    1.00000
     1.00000   -2.97778   -5.68348    13.7665    1.00000    1.00000
     1.00000    4.79692    16.1545    2.43060    1.00000    1.00000
     1.00000   -40.2263   -40.1854   -53.8152    1.00000    1.00000
     1.00000    32.0336    25.6359   -1.45172    1.00000    1.00000
     1.00000   -26.3000   -7.15127   -2.31790    1.00000    1.00000
     1.00000    3.63063    4.47096    35.0709    1.00000    1.00000
     1.00000   -22.9550   -13.4401   -19.5583    1.00000    1.00000
     1.00000    27.2934    1.67522    20.6319    1.00000    1.00000
     1.00000   -3.36130    3.96510   -7.49623    1.00000    1.00000
     1.00000    5.17491    18.5619    17.9045    1.00000    1.00000
     1.00000   -36.0533   -33.5586   -45.6387    1.00000    1.00000
     1.00000    41.6781    22.0118    5.43100    1.00000    1.00000
     1.00000   -24.5683   -6.60279   -21.8083    1.00000    1.00000
     1.00000    8.11824   -6.07014    19.7971    1.00000    1.00000
     1.00000   -18.1916   -12.3166   -32.8659    1.00000    1.00000
     1.00000    24.8068    18.8542    26.4362    1.00000    1.00000
     1.00000    8.33223   -8.31358    1.27733    1.00000    1.00000
     1.00000    11.7303    7.93253    9.35396    1.00000    1.00000
     1.00000   -36.6680   -41.3186   -38.7475    1.00000    1.00000
     1.00000    37.4709    24.0894    4.26877    1.00000    1.00000
     1.00000   -25.7616   -11.0581   -7.04625    1.00000    1.00000
     1.00000    3.81615    23.3960    40.7978    1.00000    1.00000
     1.00000   -28.6176   -19.3564   -21.2566    1.00000    1.00000
     1.00000    37.8366   -6.03714E-02    18.2435    1.00000    1.00000
     1.00000   0.185547    11.7539   -2.70396    1.00000    1.00000
     1.00000    5.98135    5.30626    24.2240    1.00000    1.00000
     1.00000   -35.2462   -15.3195   -26.4675    1.00000    1.00000
     1.00000    35.6478    3.14443    13.9926    1.00000    1.00000
     1.00000   -19.3431    3.98026   -9.22337    1.00000    1.00000
     1.00000    11.5703    2.55850    24.1051    1.00000    1.00000
     1.00000   -16.7438   -20.3278   -38.6577    1.00000    1.00000
     1.00000    19.2171    9.06600    23.7923    1.00000    1.00000
     1.00000    2.70210   -15.9056    14.2498    1.00000    1.00000
     1.00000    2.68948    14.6854    7.66057    1.00000    1.00000
     1.00000   -35.2508   -39.1186   -43.7381    1.00000    1.00000
     1.00000    29.1781    25.8777    4.70563    1.00000    1.00000
     1.00000   -18.2494  -0.440208    4.37805    1.00000    1.00000
     1.00000    7.70787    12.4672    36.7970    1.00000    1.00000
     1.00000   -24.1256   -12.4157   -16.7518    1.00000    1.00000
     1.00000    30.5341    8.59286    22.6769    1.00000    1.00000
     1.00000   -17.0273    5.58871    1.84355    1.00000    1.00000
     1.00000    4.30554    8.04716   10.16864    1.00000    1.00000
     1.00000   -33.3230   -28.5832   -35.9557    1.00000    1.00000
     1.00000    49.5116    24.7250    10.8254    1.00000    1.00000
     1.00000   -21.6787   -4.96850   -21.9353    1.00000    1.00000
     1.00000    5.80672   -6.52324    22.6680    1.00000    1.00000
     1.00000   -16.3480   -15.9248   -34.9613    1.00000    1.00000
     1.00000    34.4355    17.3374    32.0697    1.00000    1.00000
     1.00000   -1.62843  -0.464714    3.73715    1.00000    1.00000
     1.00000    14.9615    16.8843  -0.379211    1.00000    1.00000
     1.00000   -42.8367   -43.7505   -47.7081    1.00000    1.00000
     1.00000    36.8781    22.3459   -6.55862    1.00000    1.00000
     1.00000   -31.2947   -13.4058   -5.68950    1.00000    1.00000
     1.00000  -0.811783    21.2436    44.4784    1.00000    1.00000
     1.00000   -34.2231   -22.3817   -18.4358    1.00000    1.00000
     1.00000    44.1182    13.7805    13.8167    1.00000    1.00000
     1.00000   -4.83208    21.1827    2.57014    1.00000    1.00000
     1.00000    15.8332    6.17665    15.7423    1.00000    1.00000
     1.00000   -33.8935   -18.3695   -30.2153    1.00000    1.00000
     1.00000    37.0354    10.6243    3.60970    1.00000    1.00000
     1.00000   -21.7130    6.80399   -3.97621    1.00000    1.00000
     1.00000    15.2735   10.06358    31.8346    1.00000    1.00000
     1.00000   -6.64029   -21.3045   -41.0128    1.00000    1.00000
     1.00000    19.3616    15.3306    18.8319    1.00000    1.00000
     1.00000    3.26054   -9.62615    11.5955    1.00000    1.00000
     1.00000    8.02400    21.3884   -1.98433    1.00000    1.00000
     1.00000   -43.1499   -44.8526   -53.6893    1.00000    1.00000
     1.00000    36.2977    25.3237   -1.34503    1.00000    1.00000
     1.00000   -29.3863   -5.49783   0.790314    1.00000    1.00000
     1.00000    5.28853   0.194382    37.1599    1.00000    1.00000
     1.00000   -29.0847   -7.52644   -19.0146    1.00000    1.00000
     1.00000    33.7014    1.24773    22.2630    1.00000    1.00000
     1.00000   -9.20656    8.22013   0.394424    1.00000    1.00000
     1.00000    8.57417    22.2752    22.7812    1.00000    1.00000
     1.00000   -35.3344   -30.5620   -39.2161    1.00000    1.00000
     1.00000    44.9705    18.9801    4.94733    1.00000    1.00000
     1.00000   -20.4161   0.780296   -13.0935    1.00000    1.00000
     1.00000    7.42140    1.70558    24.8626    1.00000    1.00000
     1.00000   -20.8567   -13.0561   -25.3525    1.00000    1.00000
     1.00000    29.2702    16.5218    30.1809    1.00000    1.00000
     1.00000   0.232437   -5.19022    2.78331    1.00000    1.00000
     1.00000    19.0835    6.43945    7.96118    1.00000    1.00000
     1.00000   -36.6762   -38.1490   -40.4396    1.00000    1.00000
     1.00000    38.0876    25.6974   0.359451    1.00000    1.00000
     1.00000   -23.9683   -11.7610   -11.8127    1.00000    1.00000
     1.00000   -2.25394    26.9719    41.9692    1.00000    1.00000
     1.00000   -24.8548   -18.6607   -21.8856    1.00000    1.00000
     1.00000    32.8098    6.71192    12.0024    1.00000    1.00000
     1.00000   -6.18495    13.2318    5.29573    1.00000    1.00000
     1.00000    3.06505    7.53093    25.6719    1.00000    1.00000
     1.00000   -31.5616   -11.6396   -24.8315    1.00000    1.00000
     1.00000    30.5185    6.78424    6.56895    1.00000    1.00000
     1.00000   -21.7572  -0.806053   -7.18231    1.00000    1.00000
     1.00000    11.8656    10.5967    23.9916    1.00000    1.00000
     1.00000  -10.19009   -21.3696   -42.0837    1.00000    1.00000
     1.00000    20.9477   10.20515    24.7321    1.00000    1.00000
     1.00000    3.37178   -13.0752   10.48198    1.00000    1.00000
     1.00000   0.660812    18.7900    3.56075    1.00000    1.00000
     1.00000   -30.7175   -37.1814   -43.8823    1.00000    1.00000
     1.00000    33.9086    28.9517    2.02789E-02    1.00000    1.00000
     1.00000   -24.2258   -2.47474   -1.47847    1.00000    1.00000
     1.00000    5.44960    13.3112    37.7709    1.00000    1.00000
     1.00000   -27.7495   -18.2743   -12.1095    1.00000    1.00000
     1.00000    28.8988    9.50513    17.8235    1.00000    1.00000
     1.00000   -8.32701    3.02753    2.58598    1.00000    1.00000
     1.00000    6.13335    13.3988    19.6078    1.00000    1.00000
     1.00000   -31.8500   -26.1814   -37.1258    1.00000    1.00000
     1.00000    50.2458    22.2684   10.53743    1.00000    1.00000
     1.00000   -21.1153   -3.46803   -24.8235    1.00000    1.00000
     1.00000    5.12218   -8.60463    15.9643    1.00000    1.00000
     1.00000   -20.0503   -11.1403   -37.4566    1.00000    1.00000
     1.00000    34.5898    22.7033    37.1525    1.00000    1.00000
     1.00000   -4.31422    4.46918   -1.47554    1.00000    1.00000
     1.00000   10.42461    13.4421   0.123718    1.00000    1.00000
     1.00000   -47.1781   -44.4758   -50.7885    1.00000    1.00000
     1.00000    36.2114    21.7993    1.66914    1.00000    1.00000
     1.00000   -28.0666   -19.8223    3.31059    1.00000    1.00000
     1.00000    3.28603    16.0707    41.2185    1.00000    1.00000
     1.00000   -32.4145   -18.8632   -20.1453    1.00000    1.00000
     1.00000    38.2247    8.92496    19.1735    1.00000    1.00000
     1.00000   -4.96841    16.7825    3.25430    1.00000    1.00000
     1.00000    4.96770    4.85472    17.5190    1.00000    1.00000
     1.00000   -35.7091   -27.2873   -28.5979    1.00000    1.00000
     1.00000    40.7175    15.9190    7.86496    1.00000    1.00000
     1.00000   -18.7101   0.220390   -2.03406    1.00000    1.00000
     1.00000    8.46535    6.56790    39.0240    1.00000    1.00000
     1.00000   -2.85817   -16.2539   -38.9793    1.00000    1.00000
     1.00000    22.4273    21.9014    20.9284    1.00000    1.00000
     1.00000  -0.418060   -9.31844    16.5934    1.00000    1.00000
     1.00000    6.64293    14.2327   -2.49988    1.00000    1.00000
     1.00000   -35.4092   -40.6055   -51.9283    1.00000    1.00000
     1.00000    34.4869    25.4103    2.93245    1.00000    1.00000
     1.00000   -23.8679   -10.9807   -6.40753    1.00000    1.00000
     1.00000    5.76024    7.85841    37.9816    1.00000    1.00000
     1.00000   -26.0071   -15.0498   -23.0578    1.00000    1.00000
     1.00000    24.3465    7.22453    17.7167    1.00000    1.00000
     1.00000   0.391113    8.21415   -4.74562    1.00000    1.00000
     1.00000    6.16414    18.7547    19.7688    1.00000    1.00000
     1.00000   -33.1305   -32.8410   -42.8872    1.00000    1.00000
     1.00000    46.7856    22.2832    9.22716    1.00000    1.00000
     1.00000   -22.1884   -1.51895   -17.2850    1.00000    1.00000
     1.00000    8.51476  -0.457649    26.8174    1.00000    1.00000
     1.00000   -13.4839   -12.8561   -30.0481    1.00000    1.00000
     1.00000    24.9637    20.1506    29.7908    1.00000    1.00000
     1.00000    6.83611   -9.89478  -0.911621    1.00000    1.00000
     1.00000    14.1748    8.12403    11.9629    1.00000    1.00000
     1.00000   -37.4340   -43.2561   -44.7049    1.00000    1.00000
     1.00000    39.0302    20.5338    4.20271    1.00000    1.00000
     1.00000   -28.5835   -12.6062   -9.21346    1.00000    1.00000
     1.00000    5.39394    26.3060    38.1413    1.00000    1.00000
     1.00000   -28.8855   -18.6942   -18.0670    1.00000    1.00000
     1.00000    35.2369    4.06931    18.4646    1.00000    1.00000
     1.00000    2.16447    11.4771   -2.78928    1.00000    1.00000
     1.00000    7.03482    6.20422    22.4541    1.00000    1.00000
     1.00000   -27.9373   -12.8309   -23.7702    1.00000    1.00000
     1.00000    33.5618    6.63673    7.11420    1.00000    1.00000
     1.00000   -21.3571    6.92262   -8.11237    1.00000    1.00000
     1.00000    16.2844    6.65065    23.0680    1.00000    1.00000
     1.00000   -14.1268   -20.4114   -36.4716    1.00000    1.00000
     1.00000    20.0246    14.8435    20.6549    1.00000    1.00000
     1.00000    3.87733   -14.9683   10.08122    1.00000    1.00000
     1.00000    4.56447    13.4237    4.09187    1.00000    1.00000
