     1.00000   -31.7000   -4.63518   -25.7316    1.00000    1.00000
     1.00000    4.78833   -11.3087   -28.0768    1.00000    1.00000
     1.00000    1.75670   -10.6780    2.57423    1.00000    1.00000
     1.00000    10.9311  -0.318069   -9.78757    1.00000    1.00000
     1.00000    4.62717    5.76988    20.5454    1.00000    1.00000
     1.00000   0.627350   -2.13197   -11.8055    1.00000    1.00000
     1.00000   -3.43460   -9.59877    11.0249    1.00000    1.00000
     1.00000    22.9832    40.9177    1.15201    1.00000    1.00000
     1.00000   -42.0536    4.89885    13.4605    1.00000    1.00000
     1.00000    25.2931   -31.1785   -25.0674    1.00000    1.00000
     1.00000    5.97243   -26.0294    12.5626    1.00000    1.00000
     1.00000    20.3238    14.1980    11.6045    1.00000    1.00000
     1.00000   -34.3627    5.21469   -1.41374    1.00000    1.00000
     1.00000    15.5630   -35.1980    7.42461    1.00000    1.00000
     1.00000   -23.4570   -26.6395   -2.03587    1.00000    1.00000
     1.00000    4.13989    46.8406    15.9993    1.00000    1.00000
     1.00000   -39.3279  -0.204720   -4.06966    1.00000    1.00000
     1.00000    17.7803   -17.9415   -26.9342    1.00000    1.00000
     1.00000    1.04852   -19.2063   -12.1320    1.00000    1.00000
     1.00000    8.46567    14.8990   -9.25835    1.00000    1.00000
     1.00000   -8.63474    8.84289    13.6218    1.00000    1.00000
     1.00000    17.2073   -15.2050  -10.16090    1.00000    1.00000
     1.00000   -4.75284  -0.270546    8.86223    1.00000    1.00000
     1.00000    24.4519    54.6509    31.0840    1.00000    1.00000
     1.00000   -37.1156    3.58369  -0.934128    1.00000    1.00000
     1.00000    24.8216   -30.2888   -19.6756    1.00000    1.00000
     1.00000    6.33279   -16.0715    4.81415    1.00000    1.00000
     1.00000    11.5647    21.9164    11.5521    1.00000    1.00000
     1.00000   -13.1587    16.8054    8.65767    1.00000    1.00000
     1.00000    19.0683   -17.0244   -12.4515    1.00000    1.00000
     1.00000  -10.53351   -16.0722    7.29974    1.00000    1.00000
     1.00000    15.1847    25.8652    15.1684    1.00000    1.00000
     1.00000   -38.7826   -7.63854   -18.5836    1.00000    1.00000
     1.00000    4.49609   -1.41517   -22.8716    1.00000    1.00000
     1.00000    3.73665   -12.6670    13.3212    1.00000    1.00000
     1.00000    12.5291    12.2553   -13.8608    1.00000    1.00000
     1.00000   -8.99268    9.52673    21.1857    1.00000    1.00000
     1.00000   -4.23476    4.58252   -11.9125    1.00000    1.00000
     1.00000   -14.7280   -12.1672   10.47012    1.00000    1.00000
     1.00000    25.2450    43.8949    21.1787    1.00000    1.00000
     1.00000   -38.4180    11.3930    11.6296    1.00000    1.00000
     1.00000    24.6590   -25.6016   -34.7243    1.00000    1.00000
     1.00000    5.98010   -26.6942   -3.31201    1.00000    1.00000
     1.00000    11.7469    24.6371    13.1646    1.00000    1.00000
     1.00000   -24.8875    11.5989    5.84290    1.00000    1.00000
     1.00000    23.7993   -24.7296    5.66353    1.00000    1.00000
     1.00000   -23.8259   -19.9381    2.30058    1.00000    1.00000
     1.00000    16.9121    36.9038    7.35664    1.00000    1.00000
     1.00000   -41.0951   -2.69961   -9.75090    1.00000    1.00000
     1.00000    3.32394   -14.8879   -34.8095    1.00000    1.00000
     1.00000   -3.83237   -17.5741   -4.86888    1.00000    1.00000
     1.00000    13.1085    5.63858   -5.75969    1.00000    1.00000
     1.00000   -13.9607    11.9451    13.5307    1.00000    1.00000
     1.00000    5.94373  -10.50475   -10.9505    1.00000    1.00000
     1.00000   -8.02295    2.31985    15.0990    1.00000    1.00000
     1.00000    18.1362    45.0669    27.5712    1.00000    1.00000
     1.00000   -43.7906    10.7595   0.194962    1.00000    1.00000
     1.00000    19.8179   -22.7320   -26.3017    1.00000    1.00000
     1.00000    5.80264   -17.3086    11.8870    1.00000    1.00000
     1.00000    8.89432    13.0712   -2.02625    1.00000    1.00000
     1.00000   -6.69913    12.6138    7.35512    1.00000    1.00000
     1.00000    19.4031   -15.9769   -17.5025    1.00000    1.00000
     1.00000   -13.8003   -21.3563   -1.07147    1.00000    1.00000
     1.00000    20.8042    36.1944    7.04739    1.00000    1.00000
     1.00000   -26.8426   -4.52333   -14.3153    1.00000    1.00000
     1.00000    10.9131   -5.26042   -27.8822    1.00000    1.00000
     1.00000  -0.654022   -11.2273    8.67316    1.00000    1.00000
     1.00000    12.0726   0.960968   -14.2845    1.00000    1.00000
     1.00000    3.50342E-02    4.18317    19.1159    1.00000    1.00000
     1.00000    4.41058    2.18624   -9.83678    1.00000    1.00000
     1.00000   -9.14169   -9.88607    3.60492    1.00000    1.00000
     1.00000    20.5768    44.6243    7.48105    1.00000    1.00000
     1.00000   -38.1847    4.49606    18.7780    1.00000    1.00000
     1.00000    28.9729   -31.7904   -26.7420    1.00000    1.00000
     1.00000    2.72772   -27.6939    6.34216    1.00000    1.00000
     1.00000    17.2131    20.8237    6.23891    1.00000    1.00000
     1.00000   -28.9762    9.47737    1.87421    1.00000    1.00000
     1.00000    20.3145   -27.7137    3.75177    1.00000    1.00000
     1.00000   -18.2876   -29.4664   -2.53046    1.00000    1.00000
     1.00000    2.15817    50.1311    21.1163    1.00000    1.00000
     1.00000   -33.5881   -3.29585   -6.52112    1.00000    1.00000
     1.00000    11.2235   -15.3428   -27.5477    1.00000    1.00000
     1.00000    1.86066   -26.8241   -8.00749    1.00000    1.00000
     1.00000    7.27124    9.49101   -9.99156    1.00000    1.00000
     1.00000   -10.9883    11.9291    13.5621    1.00000    1.00000
     1.00000    19.4729   -12.1162   -3.29228    1.00000    1.00000
     1.00000   -8.49634   -8.34413    9.06847    1.00000    1.00000
     1.00000    22.4099    52.3098    35.5820    1.00000    1.00000
     1.00000   -40.3026    6.52883   0.211197    1.00000    1.00000
     1.00000    27.0434   -24.6295   -18.5125    1.00000    1.00000
     1.00000    3.46350   -22.4370    2.42216    1.00000    1.00000
     1.00000    17.8784    12.4990    5.83130    1.00000    1.00000
     1.00000   -20.2307    12.5179    7.07072    1.00000    1.00000
     1.00000    21.0081   -18.1167   -5.10712    1.00000    1.00000
     1.00000   -17.4235   -12.9498   0.832626    1.00000    1.00000
     1.00000    25.1620    29.2200    11.0434    1.00000    1.00000
     1.00000   -38.2986   -5.83849   -16.5714    1.00000    1.00000
     1.00000    3.63159   -6.40863   -25.9445    1.00000    1.00000
     1.00000    1.74304   -14.9347    9.92984    1.00000    1.00000
     1.00000    12.8344    9.37165   -12.5985    1.00000    1.00000
     1.00000   -9.25256    1.08164    30.1675    1.00000    1.00000
     1.00000   -4.85854    2.04494  -10.18074    1.00000    1.00000
     1.00000   -11.6784   -10.9064    13.5109    1.00000    1.00000
     1.00000    19.6219    40.1991    17.8098    1.00000    1.00000
     1.00000   -40.7203    8.52740    13.2263    1.00000    1.00000
     1.00000    25.7972   -23.3995   -28.0595    1.00000    1.00000
     1.00000    11.5350   -25.0783    1.35448    1.00000    1.00000
     1.00000    15.2038    17.6215    14.4739    1.00000    1.00000
     1.00000   -14.7693    9.77715    2.61043    1.00000    1.00000
     1.00000    22.0780   -24.9056    6.66669    1.00000    1.00000
     1.00000   -15.4075   -22.5499  -0.394073    1.00000    1.00000
     1.00000    8.39166    43.5884    16.4301    1.00000    1.00000
     1.00000   -43.6856   -7.87224   -11.7987    1.00000    1.00000
     1.00000    11.6803   -16.6084   -34.4469    1.00000    1.00000
     1.00000   -2.47647   -14.8144   -3.36380    1.00000    1.00000
     1.00000   10.04213    9.44491   -4.75960    1.00000    1.00000
     1.00000   -8.40857    16.8492    15.9237    1.00000    1.00000
     1.00000    13.1964   -15.2277   -9.75586    1.00000    1.00000
     1.00000   -4.13409  -0.846458    11.5399    1.00000    1.00000
     1.00000    23.7004    45.5879    30.1663    1.00000    1.00000
     1.00000   -41.7624    11.0352    9.74403    1.00000    1.00000
     1.00000    20.6891   -20.3953   -22.0775    1.00000    1.00000
     1.00000    4.83255   -23.0549    7.04585    1.00000    1.00000
     1.00000    13.7540    15.3159    3.40135    1.00000    1.00000
     1.00000   -3.46973    15.0287    6.83119    1.00000    1.00000
     1.00000    22.1959   -20.2501   -14.1618    1.00000    1.00000
     1.00000   -13.3652   -16.6064  -0.140976    1.00000    1.00000
     1.00000    15.1083    28.9988    7.96172    1.00000    1.00000
     1.00000   -31.1142   -6.32800   -20.3313    1.00000    1.00000
     1.00000    5.99500   -8.09941   -28.6422    1.00000    1.00000
     1.00000    1.51389   -14.3311    4.00288    1.00000    1.00000
     1.00000    14.0641    7.81908   -12.8763    1.00000    1.00000
     1.00000    5.84584   10.47887    20.4111    1.00000    1.00000
     1.00000    2.39557   -5.61447   -11.0269    1.00000    1.00000
     1.00000   -12.3909   -11.0442    3.76657    1.00000    1.00000
     1.00000    19.8122    37.2226    5.64763    1.00000    1.00000
     1.00000   -39.4913    5.39522    6.30263    1.00000    1.00000
     1.00000    23.6355   -30.0700   -24.9136    1.00000    1.00000
     1.00000    6.57797   -29.4176    11.5374    1.00000    1.00000
     1.00000    20.0227    11.7164   10.43610    1.00000    1.00000
     1.00000   -29.9783    7.32684    1.16986    1.00000    1.00000
     1.00000    16.0770   -32.8273    7.39366    1.00000    1.00000
     1.00000   -23.9570   -23.4949    2.03008    1.00000    1.00000
     1.00000    3.21295    45.9352    13.5426    1.00000    1.00000
     1.00000   -36.6332   -2.40112   -3.08376    1.00000    1.00000
     1.00000    18.3324   -21.5630   -27.0603    1.00000    1.00000
     1.00000    5.62134   -21.3371   -10.6396    1.00000    1.00000
     1.00000   10.45410    9.35775   -6.71477    1.00000    1.00000
     1.00000   -1.84875    7.15482    13.5795    1.00000    1.00000
     1.00000    18.3525   -10.6161   -8.56209    1.00000    1.00000
     1.00000   -8.99606   -3.22778    8.26711    1.00000    1.00000
     1.00000    25.1329    58.1548    31.9095    1.00000    1.00000
     1.00000   -32.2965   -1.47140  -0.375900    1.00000    1.00000
     1.00000    26.8009   -28.1536   -18.5686    1.00000    1.00000
     1.00000    7.46536   -11.3687    5.63611    1.00000    1.00000
     1.00000   10.31952    17.2099    12.1291    1.00000    1.00000
     1.00000   -9.75423    14.1058    8.87984    1.00000    1.00000
     1.00000    15.2570   -13.2004   -3.78160    1.00000    1.00000
     1.00000   -7.87369   -16.1492    5.13820    1.00000    1.00000
     1.00000    17.5265    25.0003    9.77124    1.00000    1.00000
     1.00000   -38.6777   -7.88020   -14.5481    1.00000    1.00000
     1.00000  -0.108856  -0.811440   -24.8217    1.00000    1.00000
     1.00000    5.22299   -14.2532    12.6673    1.00000    1.00000
     1.00000    8.24228    12.5466   -12.2029    1.00000    1.00000
     1.00000   -3.70988   10.21156    19.6567    1.00000    1.00000
     1.00000   -5.25204    4.21509  -10.23015    1.00000    1.00000
     1.00000   -16.3035   -9.39731    11.6482    1.00000    1.00000
     1.00000    20.9265    44.8944    20.9004    1.00000    1.00000
     1.00000   -38.0971    10.9084    13.5433    1.00000    1.00000
     1.00000    25.1204   -29.1080   -31.1959    1.00000    1.00000
     1.00000    4.30267   -27.4789   -2.55672    1.00000    1.00000
     1.00000    11.9499    24.1527    15.4553    1.00000    1.00000
     1.00000   -25.8487    9.88715    1.44569    1.00000    1.00000
     1.00000    28.6876   -23.9865    4.74013    1.00000    1.00000
     1.00000   -20.0667   -20.7082  -0.381592    1.00000    1.00000
     1.00000    13.9803    40.9328    12.4319    1.00000    1.00000
     1.00000   -45.6962   -4.53812   -12.1480    1.00000    1.00000
     1.00000    7.06300   -12.4280   -31.2359    1.00000    1.00000
     1.00000   -1.31526   -21.0818   -7.45720    1.00000    1.00000
     1.00000    12.1882    1.07357   -6.71684    1.00000    1.00000
     1.00000  -10.27020    14.8720    18.1990    1.00000    1.00000
     1.00000    6.24983   -9.18845   -7.46065    1.00000    1.00000
     1.00000  -10.38852    1.10496    17.6289    1.00000    1.00000
     1.00000    19.5714    43.4889    24.8424    1.00000    1.00000
     1.00000   -44.0493    14.5850    5.43459    1.00000    1.00000
     1.00000    18.9678   -21.3883   -21.8517    1.00000    1.00000
     1.00000    4.41919   -21.4445    8.74651    1.00000    1.00000
     1.00000   10.16962    16.3319   0.341660    1.00000    1.00000
     1.00000  -10.35446    12.8584    5.91962    1.00000    1.00000
     1.00000    18.5540   -10.7936   -16.5774    1.00000    1.00000
     1.00000   -14.7260   -27.6405  -0.616104    1.00000    1.00000
     1.00000    17.9880    34.7469    10.5921    1.00000    1.00000
     1.00000   -28.7180   -4.77399   -20.3347    1.00000    1.00000
     1.00000    7.68582   -5.37684   -25.5622    1.00000    1.00000
     1.00000   -1.58334   -14.4234    4.36967    1.00000    1.00000
     1.00000    13.7942    2.11353   -12.8979    1.00000    1.00000
     1.00000   -4.98988    7.42781    17.7028    1.00000    1.00000
     1.00000    2.29593   0.389114   -11.3331    1.00000    1.00000
     1.00000   -11.4756   -13.6936  -0.490265    1.00000    1.00000
     1.00000    18.1733    43.1367    14.9537    1.00000    1.00000
     1.00000   -43.5250    4.88399    16.4843    1.00000    1.00000
     1.00000    29.6135   -27.9177   -24.6333    1.00000    1.00000
     1.00000    3.72736   -29.2432  -0.182602    1.00000    1.00000
     1.00000    17.2539    18.6529    11.6771    1.00000    1.00000
     1.00000   -28.8257    13.7661    2.46434    1.00000    1.00000
     1.00000    19.9592   -29.7076    7.37920    1.00000    1.00000
     1.00000   -19.9384   -29.4818   -5.82104    1.00000    1.00000
     1.00000    4.03403    48.0649    19.3766    1.00000    1.00000
     1.00000   -39.2622   -3.87033   -8.30493    1.00000    1.00000
     1.00000    13.0835   -14.9151   -28.1455    1.00000    1.00000
     1.00000    4.78210E-02   -22.2071   -8.39304    1.00000    1.00000
     1.00000    6.11459    5.13627   -10.6278    1.00000    1.00000
     1.00000   -10.9529    14.5118   10.42848    1.00000    1.00000
     1.00000    17.8113  -10.55497   -5.73402    1.00000    1.00000
     1.00000   -7.09329   -6.26878    7.62178    1.00000    1.00000
     1.00000    19.4758    47.0821    28.1861    1.00000    1.00000
     1.00000   -41.0329    2.73280   0.328156    1.00000    1.00000
     1.00000    26.5077   -19.2584   -18.9230    1.00000    1.00000
     1.00000    1.62680   -18.0356    1.58087    1.00000    1.00000
     1.00000    14.2173    15.1422    8.00175    1.00000    1.00000
     1.00000   -12.7346    13.7536    7.40334    1.00000    1.00000
     1.00000    19.7846   -17.4637   -9.27916    1.00000    1.00000
     1.00000   -12.0186   -15.0443    2.93916    1.00000    1.00000
     1.00000    21.5277    29.2404   10.04771    1.00000    1.00000
     1.00000   -33.0667   -5.69942   -22.0079    1.00000    1.00000
     1.00000   0.134613   -8.57871   -24.9716    1.00000    1.00000
     1.00000    1.43153   -9.33917    11.6788    1.00000    1.00000
     1.00000    13.2147    9.98766  -10.02777    1.00000    1.00000
     1.00000   -9.55731    5.38057    27.1958    1.00000    1.00000
     1.00000  -0.977264   -1.03188   -12.2691    1.00000    1.00000
     1.00000   -8.62518  -10.53851    10.7615    1.00000    1.00000
     1.00000    20.1017    43.5656    19.4551    1.00000    1.00000
     1.00000   -38.4991    9.22518    19.7251    1.00000    1.00000
     1.00000    27.2122   -27.3867   -30.5564    1.00000    1.00000
     1.00000    13.5759   -23.4788  -0.956070    1.00000    1.00000
     1.00000    15.1619    21.3993    15.6571    1.00000    1.00000
     1.00000   -21.4506    10.6603    5.44960    1.00000    1.00000
     1.00000    20.7314   -20.6487   0.889084    1.00000    1.00000
     1.00000   -18.3850   -24.3027   -4.02046    1.00000    1.00000
     1.00000    9.85059    44.9272    18.2976    1.00000    1.00000
     1.00000   -47.7363   -9.59912   -11.5172    1.00000    1.00000
     1.00000   10.30850   -14.4516   -31.2343    1.00000    1.00000
     1.00000   -1.20340   -17.1127    1.92081    1.00000    1.00000
     1.00000    12.3607    13.0018   -2.80040    1.00000    1.00000
     1.00000   -11.2940    19.9228    15.7708    1.00000    1.00000
     1.00000    10.9000   -12.8707   -9.70477    1.00000    1.00000
     1.00000   -7.58961    2.68366    13.1807    1.00000    1.00000
     1.00000    23.2716    46.8578    27.0289    1.00000    1.00000
     1.00000   -42.2279    7.95979    4.10614    1.00000    1.00000
     1.00000    22.3546   -18.9036   -19.7633    1.00000    1.00000
     1.00000    2.99867   -22.2579    7.00603    1.00000    1.00000
     1.00000    13.8423    12.9476    4.19453    1.00000    1.00000
     1.00000   -2.84996    9.23154    7.94118    1.00000    1.00000
     1.00000    21.8161   -20.6732   -18.0548    1.00000    1.00000
     1.00000   -9.32483   -20.1075   -1.20975    1.00000    1.00000
     1.00000    17.6214    32.0569    5.85286    1.00000    1.00000
     1.00000   -33.0842   -6.19063   -24.6029    1.00000    1.00000
     1.00000    7.78967   -10.8839   -26.7877    1.00000    1.00000
     1.00000  -0.180908   -8.26831    3.74500    1.00000    1.00000
     1.00000    9.90540   0.946251   -12.1183    1.00000    1.00000
     1.00000    2.96490    5.01700    19.7268    1.00000    1.00000
     1.00000    1.33069   -2.45507   -13.6496    1.00000    1.00000
     1.00000   -8.13597  -10.26983    8.66624    1.00000    1.00000
     1.00000    21.5249    43.4206    3.83812    1.00000    1.00000
     1.00000   -42.1187    5.06226    9.83606    1.00000    1.00000
     1.00000    27.0734   -32.5234   -20.6533    1.00000    1.00000
     1.00000    5.02521   -25.7846    10.8182    1.00000    1.00000
     1.00000    20.9467    15.3108    8.57420    1.00000    1.00000
     1.00000   -32.3212    6.10063   -2.88394    1.00000    1.00000
     1.00000    15.6118   -32.6540   10.50868    1.00000    1.00000
     1.00000   -20.3581   -28.2412   -2.25740    1.00000    1.00000
     1.00000    4.80414    43.4266    17.1313    1.00000    1.00000
     1.00000   -40.3028    1.83513   -5.33731    1.00000    1.00000
     1.00000    13.9894   -18.0339   -26.4127    1.00000    1.00000
     1.00000    4.04890   -16.2089   -12.7834    1.00000    1.00000
     1.00000    10.7081    14.1208   -6.80458    1.00000    1.00000
     1.00000   -7.34976    7.93034    11.7875    1.00000    1.00000
     1.00000    17.2935   -12.2613   -8.97633    1.00000    1.00000
     1.00000   -5.57629   -2.87363    9.35690    1.00000    1.00000
     1.00000    26.2201    55.5630    30.8803    1.00000    1.00000
     1.00000   -34.3197    1.73412  -0.258255    1.00000    1.00000
     1.00000    23.2594   -33.3071   -17.8968    1.00000    1.00000
     1.00000    5.40990   -14.8113    6.06316    1.00000    1.00000
     1.00000    11.2501    18.9704    12.3147    1.00000    1.00000
     1.00000  -10.48730    15.8452    6.04945    1.00000    1.00000
     1.00000    17.8253   -15.7977   -7.20912    1.00000    1.00000
     1.00000   -9.78242   -15.5240    5.52905    1.00000    1.00000
     1.00000    18.0168    24.0453    11.4587    1.00000    1.00000
     1.00000   -38.2467   -8.50792   -16.8640    1.00000    1.00000
     1.00000    3.43898   -3.71600   -22.4481    1.00000    1.00000
     1.00000    1.28899   -12.3990    14.8341    1.00000    1.00000
     1.00000    11.9463    14.4656   -15.8484    1.00000    1.00000
     1.00000   -9.18846    7.46435    23.0828    1.00000    1.00000
     1.00000   -5.21790    6.16483   -12.6403    1.00000    1.00000
     1.00000   -12.8350   -12.7789    10.6755    1.00000    1.00000
     1.00000    23.2926    43.7469    21.5863    1.00000    1.00000
     1.00000   -36.5970    12.1215    7.42867    1.00000    1.00000
     1.00000    25.0369   -29.0765   -35.0342    1.00000    1.00000
     1.00000    4.11411   -25.6821   -3.92989    1.00000    1.00000
     1.00000    8.94272    22.9535    14.5528    1.00000    1.00000
     1.00000   -24.6406    14.0597    2.96393    1.00000    1.00000
     1.00000    25.0320   -26.1660    2.42543    1.00000    1.00000
     1.00000   -20.4184   -23.1105    2.56813    1.00000    1.00000
     1.00000    14.1252    39.4694    11.0763    1.00000    1.00000
     1.00000   -42.4925   -3.72137   -10.7526    1.00000    1.00000
     1.00000    6.31226   -12.4069   -34.7748    1.00000    1.00000
     1.00000   -1.71858   -16.1508   -4.64435    1.00000    1.00000
     1.00000    13.1933    7.29930   -4.64847    1.00000    1.00000
     1.00000   -13.9217    12.1106    15.5235    1.00000    1.00000
     1.00000    8.72992   -12.6648  -10.53573    1.00000    1.00000
     1.00000   -9.99632  -0.437973    16.4183    1.00000    1.00000
     1.00000    21.6243    46.7704    28.1598    1.00000    1.00000
     1.00000   -43.2846    9.62633    3.47945    1.00000    1.00000
     1.00000    18.3663   -24.3859   -22.3614    1.00000    1.00000
     1.00000    6.38924   -16.3545    8.65402    1.00000    1.00000
     1.00000    6.77078    13.6192  -0.794189    1.00000    1.00000
     1.00000   -6.76218    11.1531    5.99040    1.00000    1.00000
     1.00000    18.5463   -17.3919   -18.6266    1.00000    1.00000
     1.00000   -14.7162   -24.2804   0.902985    1.00000    1.00000
     1.00000    19.7786    33.2420    7.09161    1.00000    1.00000
     1.00000   -29.7730   -4.77499   -18.6356    1.00000    1.00000
     1.00000    7.81006   -8.85560   -31.2104    1.00000    1.00000
     1.00000   -1.49709   -12.8031    7.77534    1.00000    1.00000
     1.00000    9.22401    1.17112   -16.1229    1.00000    1.00000
     1.00000   -3.36688    6.95625    18.7721    1.00000    1.00000
     1.00000    7.82811    3.67707  -10.34500    1.00000    1.00000
     1.00000   -9.11026   -10.7089    1.78232    1.00000    1.00000
     1.00000    19.2254    44.5424    8.95309    1.00000    1.00000
     1.00000   -41.9758    1.29775    16.8383    1.00000    1.00000
     1.00000    26.8515   -30.1235   -24.3906    1.00000    1.00000
     1.00000    4.03650   -27.9716    4.85555    1.00000    1.00000
     1.00000    17.1178    20.0538   10.25623    1.00000    1.00000
     1.00000   -30.6339    9.30790   0.251663    1.00000    1.00000
     1.00000    19.1113   -25.5706    1.81563    1.00000    1.00000
     1.00000   -21.2513   -30.2487   -4.52180    1.00000    1.00000
     1.00000    1.49869    47.9759    21.2139    1.00000    1.00000
     1.00000   -35.9977   -4.79210   -9.01962    1.00000    1.00000
     1.00000   10.08093   -16.7634   -30.2297    1.00000    1.00000
     1.00000    4.37917   -25.1715   -8.95871    1.00000    1.00000
     1.00000    8.17493    8.14159   -8.82434    1.00000    1.00000
     1.00000   -8.49442    12.4115    13.1966    1.00000    1.00000
     1.00000    19.0528  -10.19688   -2.91843    1.00000    1.00000
     1.00000   -6.78581   -7.44579    9.58527    1.00000    1.00000
     1.00000    23.9366    51.2980    32.9491    1.00000    1.00000
     1.00000   -39.7134    8.03230    1.39116    1.00000    1.00000
     1.00000    28.8786   -28.5325   -16.3594    1.00000    1.00000
     1.00000    4.13895   -19.0642    3.69397    1.00000    1.00000
     1.00000    19.5582    13.3582    5.16811    1.00000    1.00000
     1.00000   -17.1159    12.9174    8.53423    1.00000    1.00000
     1.00000    21.1927   -21.3406  -0.929825    1.00000    1.00000
     1.00000   -18.3611   -15.0561    1.07613    1.00000    1.00000
     1.00000    23.0692    31.7390    9.72275    1.00000    1.00000
     1.00000   -33.9365   -5.68087   -17.3400    1.00000    1.00000
     1.00000    6.68097   -6.38366   -24.1563    1.00000    1.00000
     1.00000    1.96117   -11.2100    11.2105    1.00000    1.00000
     1.00000    14.5192   10.43404   -12.4177    1.00000    1.00000
     1.00000   -10.7176    3.87878    27.8270    1.00000    1.00000
     1.00000   -5.04156    2.49634E-02   -13.1228    1.00000    1.00000
     1.00000   -13.6194   -11.2132    13.1390    1.00000    1.00000
     1.00000    14.9823    40.9597    17.8372    1.00000    1.00000
     1.00000   -40.3363    5.65574    14.4264    1.00000    1.00000
     1.00000    23.8333   -25.4904   -26.7051    1.00000    1.00000
     1.00000    8.68185   -23.7345  -0.355911    1.00000    1.00000
     1.00000    13.5480    18.3851    13.6521    1.00000    1.00000
     1.00000   -15.7805    11.5010    2.68558    1.00000    1.00000
     1.00000    18.5973   -23.8446    2.98271    1.00000    1.00000
     1.00000   -18.0805   -21.1288    1.22464    1.00000    1.00000
     1.00000    5.45599    44.6140    13.7914    1.00000    1.00000
     1.00000   -46.2184   -8.35847   -11.9133    1.00000    1.00000
     1.00000   10.39366   -14.0646   -34.4151    1.00000    1.00000
     1.00000   -2.48476   -15.9412   0.928009    1.00000    1.00000
     1.00000    12.4776    8.77270   -3.20058    1.00000    1.00000
     1.00000   -11.0136    17.9171    15.8958    1.00000    1.00000
     1.00000    12.4526   -13.6738   -12.4917    1.00000    1.00000
     1.00000   -3.95834   -2.83845    11.5726    1.00000    1.00000
     1.00000    23.3596    42.5523    28.1108    1.00000    1.00000
     1.00000   -42.3090    9.18163    6.37633    1.00000    1.00000
     1.00000    20.9601   -18.4767   -21.5819    1.00000    1.00000
     1.00000    4.75162   -24.8633    7.89636    1.00000    1.00000
     1.00000    14.4008    14.1799    1.88771    1.00000    1.00000
     1.00000   -3.35808    15.6266    8.73645    1.00000    1.00000
     1.00000    20.3446   -18.3899   -13.1631    1.00000    1.00000
     1.00000   -11.2118   -15.6183   -1.46637E-02    1.00000    1.00000
     1.00000    16.3340    30.5791    7.95268    1.00000    1.00000
     1.00000   -32.3255   -4.70398   -20.1381    1.00000    1.00000
     1.00000    4.03867   -7.95801   -28.2513    1.00000    1.00000
     1.00000   0.249603   -13.1606    5.02113    1.00000    1.00000
     1.00000    12.9894    4.27602   -12.3303    1.00000    1.00000
     1.00000    4.40517    10.6758    19.0379    1.00000    1.00000
     1.00000    3.38651   -6.78064   -9.73921    1.00000    1.00000
     1.00000   -9.67865   -9.67746    5.52019    1.00000    1.00000
     1.00000    20.8256    39.2255    4.91148    1.00000    1.00000
     1.00000   -41.2499    5.86870    8.22520    1.00000    1.00000
     1.00000    23.4857   -27.4444   -28.8632    1.00000    1.00000
     1.00000    9.38547   -27.1338    11.8013    1.00000    1.00000
     1.00000    18.7398    10.7717    9.22708    1.00000    1.00000
     1.00000   -29.9041    5.39817    2.05235    1.00000    1.00000
     1.00000    17.0182   -31.5974    8.65916    1.00000    1.00000
     1.00000   -22.1105   -24.2150    2.29848    1.00000    1.00000
     1.00000    1.37860    44.7930    14.0696    1.00000    1.00000
     1.00000   -34.7979   -3.72417   -4.18575    1.00000    1.00000
     1.00000    16.0407   -22.4554   -28.1613    1.00000    1.00000
     1.00000    7.07938   -18.7054   -13.2087    1.00000    1.00000
     1.00000    9.28741    9.84231   -8.26527    1.00000    1.00000
     1.00000   -4.77313    9.00882    13.7385    1.00000    1.00000
     1.00000    20.1521   -9.48758   -7.01027    1.00000    1.00000
     1.00000  -10.04626   -4.24561    6.90289    1.00000    1.00000
     1.00000    25.2126    57.1448    30.1851    1.00000    1.00000
     1.00000   -35.3376  -0.161491   -1.22314    1.00000    1.00000
     1.00000    27.8948   -30.2825   -20.0336    1.00000    1.00000
     1.00000    6.03134   -10.5974    6.79750    1.00000    1.00000
     1.00000    12.0881    13.4534   10.56773    1.00000    1.00000
     1.00000   -7.76630    17.3383    6.84082    1.00000    1.00000
     1.00000    16.8310   -14.4344   -3.78973    1.00000    1.00000
     1.00000   -9.37756   -18.4906    5.72499    1.00000    1.00000
     1.00000    17.7659    26.4970    8.46645    1.00000    1.00000
     1.00000   -38.1951   -9.43095   -11.2806    1.00000    1.00000
     1.00000   0.175293   0.786247   -25.9907    1.00000    1.00000
     1.00000    3.79027   -12.9327    9.27228    1.00000    1.00000
     1.00000    9.86780    12.9952   -13.2782    1.00000    1.00000
     1.00000   -6.67546    9.53206    21.3656    1.00000    1.00000
     1.00000   -3.13843    6.53390  -10.26228    1.00000    1.00000
     1.00000   -14.9916   -8.35918    12.7442    1.00000    1.00000
     1.00000    21.9257    47.4115    21.7403    1.00000    1.00000
     1.00000   -40.0069    11.3787    16.7347    1.00000    1.00000
     1.00000    22.8404   -29.2118   -33.4364    1.00000    1.00000
     1.00000    4.99771   -24.6544  -0.361145    1.00000    1.00000
     1.00000    15.1850    22.7020    17.1745    1.00000    1.00000
     1.00000   -21.4820    8.71365    4.64496    1.00000    1.00000
     1.00000    26.4142   -21.6049    7.33910    1.00000    1.00000
     1.00000   -19.9415   -23.2938   -3.27255    1.00000    1.00000
     1.00000    10.9626    40.6004    14.4053    1.00000    1.00000
     1.00000   -42.8316   -2.83070   -8.46590    1.00000    1.00000
     1.00000    7.50055   -12.2230   -33.1767    1.00000    1.00000
     1.00000   -1.99713   -21.0332   -5.57765    1.00000    1.00000
     1.00000    11.0080    2.23215   -5.59224    1.00000    1.00000
     1.00000   -13.0117    13.6362    14.6046    1.00000    1.00000
     1.00000    5.10989   -8.93784   -9.08476    1.00000    1.00000
     1.00000   -11.7110  -0.427628    18.6361    1.00000    1.00000
     1.00000    21.2081    46.3064    24.2693    1.00000    1.00000
     1.00000   -45.3731    11.1050    4.53909    1.00000    1.00000
     1.00000    19.1234   -16.4927   -20.3172    1.00000    1.00000
     1.00000    7.20775   -20.3770    11.3514    1.00000    1.00000
     1.00000    12.1731    14.8747   -3.47658    1.00000    1.00000
     1.00000   -9.39932    12.1591    4.12556    1.00000    1.00000
     1.00000    19.0280   -12.6556   -17.1327    1.00000    1.00000
     1.00000   -12.8118   -30.2457    1.66876    1.00000    1.00000
     1.00000    18.8260    31.6304    9.01068    1.00000    1.00000
     1.00000   -26.5784   -3.84598   -19.6031    1.00000    1.00000
     1.00000    8.68536   -4.20081   -26.8342    1.00000    1.00000
     1.00000   -1.98741   -18.1647    4.93231    1.00000    1.00000
     1.00000    13.8636   0.285027   -13.7052    1.00000    1.00000
     1.00000   -6.65387    6.45529    18.2370    1.00000    1.00000
     1.00000    2.38052  -0.221260   -8.81602    1.00000    1.00000
     1.00000   -10.9119   -12.8332   -2.20549    1.00000    1.00000
     1.00000    17.0643    44.8138    11.7439    1.00000    1.00000
     1.00000   -44.7272    4.64959    18.0654    1.00000    1.00000
     1.00000    32.6834   -29.4014   -26.4749    1.00000    1.00000
     1.00000    5.27884   -27.4415    1.35690    1.00000    1.00000
     1.00000    16.2276    15.2882    11.2920    1.00000    1.00000
     1.00000   -27.4821    10.7688    2.19048    1.00000    1.00000
     1.00000    21.8537   -27.9560    5.00566    1.00000    1.00000
     1.00000   -22.0031   -29.1520   -7.62334    1.00000    1.00000
     1.00000    4.14017    49.0953    21.0874    1.00000    1.00000
     1.00000   -40.0141   -6.06239   -11.4144    1.00000    1.00000
     1.00000    13.7836   -15.8455   -25.8355    1.00000    1.00000
     1.00000    7.44324E-02   -19.7920  -10.48640    1.00000    1.00000
     1.00000    6.49121    8.07266   -11.1662    1.00000    1.00000
     1.00000   -9.69598    13.9987    13.0042    1.00000    1.00000
     1.00000    17.7335   -8.60207   -6.15845    1.00000    1.00000
     1.00000   -6.13254   -5.42924    9.16196    1.00000    1.00000
     1.00000    21.7186    48.6034    31.1035    1.00000    1.00000
     1.00000   -39.5939    1.36726   0.582535    1.00000    1.00000
     1.00000    26.8296   -23.1143   -19.8003    1.00000    1.00000
     1.00000    4.54953   -15.5321    4.08678    1.00000    1.00000
     1.00000    13.2628    14.9527    9.95757    1.00000    1.00000
     1.00000   -15.3707    13.7848    8.98357    1.00000    1.00000
     1.00000    21.7685   -19.0062   -6.72902    1.00000    1.00000
     1.00000   -14.5027   -15.1834   0.684250    1.00000    1.00000
     1.00000    18.8743    26.3657   10.33598    1.00000    1.00000
     1.00000   -35.1719   -6.44460   -19.8405    1.00000    1.00000
     1.00000    3.38797   -6.43380   -22.7466    1.00000    1.00000
     1.00000   0.727890   -10.6934    7.32956    1.00000    1.00000
     1.00000    16.5207    8.39890   -9.02704    1.00000    1.00000
     1.00000   -9.68375    8.94348    24.3345    1.00000    1.00000
     1.00000   -1.96606  -0.270905   -13.8322    1.00000    1.00000
     1.00000   -8.32681   -9.47803    12.4307    1.00000    1.00000
     1.00000    20.2785    44.0060    17.4856    1.00000    1.00000
     1.00000   -38.4090    6.05417    14.7826    1.00000    1.00000
     1.00000    24.1580   -26.3496   -30.6229    1.00000    1.00000
     1.00000    15.5117   -23.5918  -0.466141    1.00000    1.00000
     1.00000    15.5776    22.5929    14.1071    1.00000    1.00000
     1.00000   -18.2549   10.06172    4.76634    1.00000    1.00000
     1.00000    18.5136   -22.7348    1.32091    1.00000    1.00000
     1.00000   -14.8512   -22.5759   -3.59966    1.00000    1.00000
     1.00000    11.1130    41.6110    16.1246    1.00000    1.00000
     1.00000   -50.0782   -11.1706   -13.9786    1.00000    1.00000
     1.00000   10.20734   -12.6256   -33.0387    1.00000    1.00000
     1.00000  -0.530624   -17.4263    3.77797    1.00000    1.00000
     1.00000    12.1001    9.70401   -1.47136    1.00000    1.00000
     1.00000   -14.2518    19.5647    16.3525    1.00000    1.00000
     1.00000    12.0501   -16.1562   -8.40535    1.00000    1.00000
     1.00000   -6.51498    5.29679    14.0605    1.00000    1.00000
     1.00000    25.4230    44.3745    28.8698    1.00000    1.00000
     1.00000   -40.0103    9.14380    3.75739    1.00000    1.00000
     1.00000    25.7109   -19.7052   -20.7022    1.00000    1.00000
     1.00000    7.00708   -21.2442    4.12653    1.00000    1.00000
     1.00000    16.3090    11.5296    6.60413    1.00000    1.00000
     1.00000   -2.78038    12.8453    7.28358    1.00000    1.00000
     1.00000    19.3472   -20.3060   -17.9789    1.00000    1.00000
     1.00000   -11.8038   -20.5047   0.581879    1.00000    1.00000
     1.00000    15.5650    34.5025    7.02777    1.00000    1.00000
     1.00000   -31.6146   -4.14521   -23.7945    1.00000    1.00000
     1.00000    6.17935   -11.1276   -29.5023    1.00000    1.00000
     1.00000   0.952072   -9.85023    4.20747    1.00000    1.00000
     1.00000    12.3662   0.753838   -8.89783    1.00000    1.00000
     1.00000    5.33842    6.85334    19.0221    1.00000    1.00000
     1.00000    1.49594   -3.92128   -11.5959    1.00000    1.00000
     1.00000   -4.58310   -10.7736    9.88438    1.00000    1.00000
     1.00000    24.8180    40.8548    1.94539    1.00000    1.00000
     1.00000   -41.8203    4.78190    15.4434    1.00000    1.00000
     1.00000    25.2569   -32.7676   -23.8535    1.00000    1.00000
     1.00000    7.21277   -27.3886    13.3462    1.00000    1.00000
     1.00000    20.0118    16.1735    11.6017    1.00000    1.00000
     1.00000   -34.2560    6.60567   -2.84685    1.00000    1.00000
     1.00000    16.7440   -36.7293    7.93509    1.00000    1.00000
     1.00000   -22.2835   -25.9354  -0.577393    1.00000    1.00000
     1.00000    4.03705    48.2764    17.3878    1.00000    1.00000
     1.00000   -38.5283   -1.76215   -3.10266    1.00000    1.00000
     1.00000    15.9462   -17.6947   -26.1759    1.00000    1.00000
     1.00000   0.747940   -17.2291   -12.1506    1.00000    1.00000
     1.00000    8.75064    12.9515   -9.61333    1.00000    1.00000
     1.00000   -7.54536    9.85730    12.2861    1.00000    1.00000
     1.00000    15.8665   -14.1612   -11.2159    1.00000    1.00000
     1.00000   -3.93198   -1.82897    9.80959    1.00000    1.00000
     1.00000    23.8825    53.2022    32.3398    1.00000    1.00000
     1.00000   -38.7004    4.77461  -0.669022    1.00000    1.00000
     1.00000    24.9226   -29.6892   -17.7703    1.00000    1.00000
     1.00000    8.31500   -16.1850    4.57346    1.00000    1.00000
     1.00000    13.3190    21.5687    12.4474    1.00000    1.00000
     1.00000   -11.5274    15.8585    7.99271    1.00000    1.00000
     1.00000    18.4586   -16.7098  -10.57285    1.00000    1.00000
     1.00000   -9.00896   -15.0269    8.06337    1.00000    1.00000
     1.00000    16.2250    24.4845    14.1627    1.00000    1.00000
     1.00000   -39.3763   -8.53626   -20.2693    1.00000    1.00000
     1.00000    2.58475   -1.99148   -22.9924    1.00000    1.00000
     1.00000    5.05354   -13.5575    14.5347    1.00000    1.00000
     1.00000    13.8791    10.8373   -14.2691    1.00000    1.00000
     1.00000  -10.02693   10.52237    19.7932    1.00000    1.00000
     1.00000   -3.06343    3.10264   -11.2507    1.00000    1.00000
     1.00000   -16.1223   -13.5709   10.17752    1.00000    1.00000
     1.00000    26.7543    43.3914    22.3906    1.00000    1.00000
     1.00000   -36.8922    11.9517   10.46353    1.00000    1.00000
     1.00000    25.9803   -26.1819   -36.1091    1.00000    1.00000
     1.00000    7.53091   -26.4726   -2.06870    1.00000    1.00000
     1.00000    12.4546    23.9890    11.4099    1.00000    1.00000
     1.00000   -23.3535    10.7885    4.84779    1.00000    1.00000
     1.00000    24.2376   -23.0511    4.66832    1.00000    1.00000
     1.00000   -21.9421   -20.4122    1.82449    1.00000    1.00000
     1.00000    16.2649    37.3561    9.19415    1.00000    1.00000
     1.00000   -41.3550  -0.758553   -9.34500    1.00000    1.00000
     1.00000    5.02843   -15.8842   -34.4897    1.00000    1.00000
     1.00000   -2.19252   -17.8844   -3.76678    1.00000    1.00000
     1.00000    14.1695    4.13467   -6.54224    1.00000    1.00000
     1.00000   -15.0278    13.6364    13.5036    1.00000    1.00000
     1.00000    5.53674   -12.4614   -10.8730    1.00000    1.00000
     1.00000   -9.80183    1.41841    15.2505    1.00000    1.00000
     1.00000    19.7519    44.3394    26.6435    1.00000    1.00000
     1.00000   -42.8719    9.57954    1.52306    1.00000    1.00000
     1.00000    18.2397   -22.7082   -25.0734    1.00000    1.00000
     1.00000    5.90651   -17.7986    9.95078    1.00000    1.00000
     1.00000    9.71753    14.7269   -1.26411    1.00000    1.00000
     1.00000   -8.26389    12.8049    8.58598    1.00000    1.00000
     1.00000    21.3047   -15.3629   -17.4193    1.00000    1.00000
     1.00000   -13.5600   -22.7465   0.346085    1.00000    1.00000
     1.00000    22.5029    36.2580    8.10112    1.00000    1.00000
     1.00000   -27.5291   -4.07603   -16.1397    1.00000    1.00000
     1.00000   10.22214   -6.96521   -28.6672    1.00000    1.00000
     1.00000   -2.01779  -10.51512    9.95102    1.00000    1.00000
     1.00000    11.1781   0.749481   -16.0608    1.00000    1.00000
     1.00000  -0.382843    5.76379    20.2679    1.00000    1.00000
     1.00000    3.75995    4.06387   -9.61052    1.00000    1.00000
     1.00000   -7.93265   -11.2671    4.39931    1.00000    1.00000
     1.00000    20.8307    43.8065    5.67361    1.00000    1.00000
     1.00000   -40.0416    4.10360    18.1470    1.00000    1.00000
     1.00000    28.6529   -31.5963   -24.7773    1.00000    1.00000
     1.00000    4.01392   -26.6766    7.48708    1.00000    1.00000
     1.00000    16.6718    20.7705    8.16351    1.00000    1.00000
     1.00000   -30.2412    9.14143    3.38640    1.00000    1.00000
     1.00000    19.8709   -25.7659    3.65540    1.00000    1.00000
     1.00000   -18.3842   -27.7877   -3.61331    1.00000    1.00000
     1.00000    2.21088    48.8642    19.5696    1.00000    1.00000
     1.00000   -34.3072   -4.10002   -8.20523    1.00000    1.00000
     1.00000    11.1335   -17.2328   -28.1958    1.00000    1.00000
     1.00000    3.74438   -27.0416   -8.64326    1.00000    1.00000
     1.00000    7.37698   10.43314   -8.23053    1.00000    1.00000
     1.00000   -9.43466    10.6714    13.4934    1.00000    1.00000
     1.00000    19.2004   -13.6107   -4.59308    1.00000    1.00000
     1.00000  -10.01048   -7.99783   10.32841    1.00000    1.00000
     1.00000    22.4878    50.8251    34.2442    1.00000    1.00000
     1.00000   -40.6470    4.61111  -0.240219    1.00000    1.00000
     1.00000    27.8309   -25.9574   -17.2410    1.00000    1.00000
     1.00000    2.26501   -22.3265    4.01949    1.00000    1.00000
     1.00000    16.5148    13.9436    5.60013    1.00000    1.00000
     1.00000   -22.0814    12.9666    6.45963    1.00000    1.00000
     1.00000    20.1818   -19.3598   -3.77603    1.00000    1.00000
     1.00000   -16.4017   -14.6580    1.02730    1.00000    1.00000
     1.00000    24.6275    27.6612    12.1768    1.00000    1.00000
     1.00000   -36.3920   -5.37251   -16.1869    1.00000    1.00000
     1.00000    5.38197   -7.22408   -25.4237    1.00000    1.00000
     1.00000    1.63287   -12.9802   10.33934    1.00000    1.00000
     1.00000    11.3813    7.99747   -12.5863    1.00000    1.00000
     1.00000   -8.16843    2.70272    30.6111    1.00000    1.00000
     1.00000   -3.42297    1.13528   -11.2351    1.00000    1.00000
     1.00000   -9.76094   -10.7679    12.9594    1.00000    1.00000
     1.00000    17.8682    40.0077    16.8676    1.00000    1.00000
     1.00000   -40.1387    6.96410    12.1227    1.00000    1.00000
     1.00000    24.4551   -24.8203   -28.4839    1.00000    1.00000
     1.00000   10.55710   -24.4236  -0.262634    1.00000    1.00000
     1.00000    15.8864    17.5197    12.5967    1.00000    1.00000
     1.00000   -16.5912    9.00039    2.33243    1.00000    1.00000
     1.00000    21.1277   -24.8431    4.90799    1.00000    1.00000
     1.00000   -16.0411   -23.8507   -1.77478    1.00000    1.00000
     1.00000    8.27292    45.2832    15.3748    1.00000    1.00000
     1.00000   -44.7506   -6.32819   -11.1046    1.00000    1.00000
     1.00000    11.9955   -14.8405   -35.3274    1.00000    1.00000
     1.00000   -2.82634   -16.2171   -1.98169    1.00000    1.00000
     1.00000    12.0042    9.82565   -4.83371    1.00000    1.00000
     1.00000  -10.11160    16.0258    16.5731    1.00000    1.00000
     1.00000    13.9324   -14.5834   -11.5003    1.00000    1.00000
     1.00000   -5.56512   0.459564    11.0434    1.00000    1.00000
     1.00000    25.2063    44.4668    30.8558    1.00000    1.00000
     1.00000   -41.1351    11.5010    7.90298    1.00000    1.00000
     1.00000    21.9359   -21.4779   -23.2060    1.00000    1.00000
     1.00000    3.44687   -23.8750    5.85948    1.00000    1.00000
     1.00000    12.2740    15.5590    2.07820    1.00000    1.00000
     1.00000   -1.96454    15.2820    5.53880    1.00000    1.00000
     1.00000    22.3226   -20.2957   -16.1572    1.00000    1.00000
     1.00000   -14.6245   -17.6019   -1.33403    1.00000    1.00000
     1.00000    14.0860    30.7105    8.11963    1.00000    1.00000
     1.00000   -30.0790   -5.88014   -21.9828    1.00000    1.00000
     1.00000    7.31966   -6.96922   -29.6260    1.00000    1.00000
     1.00000    2.78740   -13.1318    4.97235    1.00000    1.00000
     1.00000    13.0960    6.09229   -13.1608    1.00000    1.00000
     1.00000    5.48499    8.53810    20.0899    1.00000    1.00000
     1.00000    3.19839   -6.54446   -12.6051    1.00000    1.00000
     1.00000   -10.8753   -11.2127    5.06055    1.00000    1.00000
     1.00000    21.4542    37.3687    4.51506    1.00000    1.00000
     1.00000   -39.2504    5.82606    8.24077    1.00000    1.00000
     1.00000    22.8604   -29.5922   -26.6943    1.00000    1.00000
     1.00000    6.61284   -27.5161    10.9185    1.00000    1.00000
     1.00000    19.2216    13.5144   10.08212    1.00000    1.00000
     1.00000   -31.0292    7.50657  -0.522293    1.00000    1.00000
     1.00000    15.2412   -32.2465    5.67198    1.00000    1.00000
     1.00000   -23.4032   -24.8902   0.708572    1.00000    1.00000
     1.00000    4.41071    47.5367    13.5163    1.00000    1.00000
     1.00000   -34.8809   -2.99577   -2.32495    1.00000    1.00000
     1.00000    18.3583   -19.6805   -27.7353    1.00000    1.00000
     1.00000    6.12965   -19.8365   -11.8602    1.00000    1.00000
     1.00000    11.9434    8.03200   -6.55901    1.00000    1.00000
     1.00000   -3.40974    7.84328    14.6232    1.00000    1.00000
     1.00000    20.3155  -10.33012   -8.81676    1.00000    1.00000
     1.00000   -8.49985   -1.57217    9.27345    1.00000    1.00000
     1.00000    25.9425    56.9477    33.2834    1.00000    1.00000
     1.00000   -34.2048   -1.77598  -0.891418    1.00000    1.00000
     1.00000    26.3077   -29.0880   -20.2667    1.00000    1.00000
     1.00000    9.36642   -11.7510    5.14642    1.00000    1.00000
     1.00000    9.87970    16.5307   10.30006    1.00000    1.00000
     1.00000   -9.17621    14.7325    7.07065    1.00000    1.00000
     1.00000    13.6306   -12.8401   -2.67480    1.00000    1.00000
     1.00000   -9.38239   -16.6473    3.92343    1.00000    1.00000
     1.00000    16.0827    26.3833    9.82487    1.00000    1.00000
     1.00000   -38.9895   -9.22939   -13.1050    1.00000    1.00000
     1.00000   0.609390   -1.85499   -23.2741    1.00000    1.00000
     1.00000    4.23711   -13.9038    10.9626    1.00000    1.00000
     1.00000    9.37924    11.5497   -10.8938    1.00000    1.00000
     1.00000   -2.84641    9.84549    17.8902    1.00000    1.00000
     1.00000   -4.87747    6.00771   -9.42628    1.00000    1.00000
     1.00000   -15.5076  -10.36519   10.08940    1.00000    1.00000
     1.00000    22.7414    45.6447    21.2788    1.00000    1.00000
     1.00000   -39.3831    9.56960    14.2873    1.00000    1.00000
     1.00000    24.7816   -29.5682   -33.1125    1.00000    1.00000
     1.00000    3.91071   -25.7477   -1.63510    1.00000    1.00000
     1.00000    13.5859    23.1825    16.0735    1.00000    1.00000
     1.00000   -24.2211    9.34808    2.47534    1.00000    1.00000
     1.00000    26.7625   -24.4030    5.08727    1.00000    1.00000
     1.00000   -20.2514   -22.5151   0.455597    1.00000    1.00000
     1.00000    12.0023    40.8453    12.7143    1.00000    1.00000
     1.00000   -44.4919   -3.69630   -10.7911    1.00000    1.00000
     1.00000    8.08456   -11.7116   -29.6728    1.00000    1.00000
     1.00000   -1.62973   -20.8882   -9.42281    1.00000    1.00000
     1.00000    14.1823   0.930229   -6.77309    1.00000    1.00000
     1.00000  -10.26730    13.1756    17.1397    1.00000    1.00000
     1.00000    6.51108   -7.43542   -6.53404    1.00000    1.00000
     1.00000   -9.71390  -0.520050    18.5798    1.00000    1.00000
     1.00000    21.4511    43.5701    24.1639    1.00000    1.00000
     1.00000   -43.4506    15.3764    3.69814    1.00000    1.00000
     1.00000    18.5999   -19.5717   -22.6030    1.00000    1.00000
     1.00000    5.56088   -19.8813    8.24384    1.00000    1.00000
     1.00000    11.7224    15.0775   0.217072    1.00000    1.00000
     1.00000   -8.46933    12.1908    5.89589    1.00000    1.00000
     1.00000    18.2691   -9.21439   -15.3838    1.00000    1.00000
     1.00000   -14.0384   -27.5983    1.26152    1.00000    1.00000
     1.00000    17.5547    32.9821    9.75679    1.00000    1.00000
     1.00000   -27.4133   -3.71105   -21.4155    1.00000    1.00000
     1.00000    9.14249   -6.43319   -26.4353    1.00000    1.00000
     1.00000   -4.91333E-02   -15.0871    5.46773    1.00000    1.00000
     1.00000    15.6568    1.80466   -12.2380    1.00000    1.00000
     1.00000   -3.72585    8.41998    16.5120    1.00000    1.00000
     1.00000    2.52124    2.18997  -10.49274    1.00000    1.00000
     1.00000  -10.55154   -13.8273    1.27843    1.00000    1.00000
     1.00000    16.6151    42.0077    15.4991    1.00000    1.00000
     1.00000   -43.1101    2.93623    16.6688    1.00000    1.00000
     1.00000    29.7398   -29.0984   -23.0240    1.00000    1.00000
     1.00000    2.72395   -28.2020   -1.56429    1.00000    1.00000
     1.00000    16.4639    17.1547    10.6135    1.00000    1.00000
     1.00000   -27.1746    14.4847    1.59401    1.00000    1.00000
     1.00000    20.3122   -27.8708    8.08763    1.00000    1.00000
     1.00000   -19.7778   -28.0430   -7.20088    1.00000    1.00000
     1.00000    5.13376    46.6209    20.2164    1.00000    1.00000
     1.00000   -40.8684   -2.80710   -7.76668    1.00000    1.00000
     1.00000    14.2101   -16.4997   -27.6767    1.00000    1.00000
     1.00000    1.39957   -22.9655   -9.65700    1.00000    1.00000
     1.00000    6.02090    6.87154   -9.63780    1.00000    1.00000
     1.00000   -10.8235    15.4392    12.1957    1.00000    1.00000
     1.00000    19.3213   -9.61980   -4.81445    1.00000    1.00000
     1.00000   -8.71556   -5.70678    6.59592    1.00000    1.00000
     1.00000    20.7110    47.9227    29.5156    1.00000    1.00000
     1.00000   -40.9040    3.76372    2.03712    1.00000    1.00000
     1.00000    26.6116   -20.5542   -17.4030    1.00000    1.00000
     1.00000    3.21805   -17.5885    2.70692    1.00000    1.00000
     1.00000    15.9054    14.2010    7.48756    1.00000    1.00000
     1.00000   -13.0155    13.0905    9.26918    1.00000    1.00000
     1.00000    20.0623   -19.0766   -8.12959    1.00000    1.00000
     1.00000   -13.8156   -14.3698    2.37720    1.00000    1.00000
     1.00000    20.0144    30.0219    8.99922    1.00000    1.00000
     1.00000   -35.0446   -5.77907   -21.7223    1.00000    1.00000
     1.00000    1.85388   -7.64804   -25.3935    1.00000    1.00000
     1.00000    2.32236   -8.39214   10.15910    1.00000    1.00000
     1.00000    14.5834    8.64500   -9.45882    1.00000    1.00000
     1.00000   -7.97340    6.36034    26.4669    1.00000    1.00000
     1.00000   -1.48993   0.623329   -11.2704    1.00000    1.00000
     1.00000   -7.23662   -11.8609    11.3298    1.00000    1.00000
     1.00000    18.9540    44.7126    20.6244    1.00000    1.00000
     1.00000   -38.4553    8.36769    17.9187    1.00000    1.00000
     1.00000    25.5859   -27.2321   -31.7102    1.00000    1.00000
     1.00000    11.6804   -22.8595  -0.802963    1.00000    1.00000
     1.00000    15.4666    19.5232    15.0345    1.00000    1.00000
     1.00000   -19.5651    11.3030    5.62819    1.00000    1.00000
     1.00000    18.7384   -20.8075   0.836411    1.00000    1.00000
     1.00000   -18.2850   -24.2207   -2.02464    1.00000    1.00000
     1.00000   10.21890    43.3022    17.1913    1.00000    1.00000
     1.00000   -49.6452  -10.00547   -11.9541    1.00000    1.00000
     1.00000    8.57745   -14.4918   -30.2334    1.00000    1.00000
     1.00000   0.425110   -16.0707    1.40868    1.00000    1.00000
     1.00000    12.7325    12.4640   -4.69049    1.00000    1.00000
     1.00000   -9.72694    19.1775    16.7652    1.00000    1.00000
     1.00000    9.34172   -12.0972   -8.71815    1.00000    1.00000
     1.00000   -5.98889    2.07052    12.1503    1.00000    1.00000
     1.00000    24.8013    46.0992    28.0703    1.00000    1.00000
     1.00000   -43.5048    7.76146    5.63264    1.00000    1.00000
     1.00000    22.2395   -17.0989   -18.9091    1.00000    1.00000
     1.00000    4.26056   -20.7103    6.89291    1.00000    1.00000
     1.00000    14.3050    12.2439    2.38049    1.00000    1.00000
     1.00000   -3.35545    9.06553    6.01324    1.00000    1.00000
     1.00000    21.4349   -22.3359   -17.0107    1.00000    1.00000
     1.00000   -10.9444   -19.1194  -0.576721    1.00000    1.00000
     1.00000    17.5831    34.0564    5.87639    1.00000    1.00000
     1.00000   -31.5796   -6.08019   -23.2898    1.00000    1.00000
     1.00000    5.84995  -10.42210   -26.6321    1.00000    1.00000
     1.00000    1.65726   -7.48146    3.69991    1.00000    1.00000
     1.00000    11.7120   0.758842   -11.2810    1.00000    1.00000
     1.00000    1.42276    4.04484    20.5495    1.00000    1.00000
     1.00000    2.81180   -3.45528   -14.5473    1.00000    1.00000
     1.00000   -6.58070   -10.6802    9.85483    1.00000    1.00000
     1.00000    22.1964    41.9284    2.68806    1.00000    1.00000
     1.00000   -41.4505    4.43032    11.6121    1.00000    1.00000
     1.00000    26.2188   -33.4176   -22.2249    1.00000    1.00000
     1.00000    3.78860   -26.5974    9.47275    1.00000    1.00000
     1.00000    19.3870    15.7250    9.75551    1.00000    1.00000
     1.00000   -31.6883    5.68840   -1.03206    1.00000    1.00000
     1.00000    15.5286   -33.9291    8.97012    1.00000    1.00000
     1.00000   -22.0964   -27.9197   -1.32196    1.00000    1.00000
     1.00000    4.66925    44.9213    15.8094    1.00000    1.00000
     1.00000   -41.0606   0.764366   -3.82761    1.00000    1.00000
     1.00000    13.2989   -18.6472   -24.6387    1.00000    1.00000
     1.00000    2.10814   -15.8084   -12.5132    1.00000    1.00000
     1.00000   10.43408    13.2135   -8.56577    1.00000    1.00000
     1.00000   -6.23712    7.09092    13.2218    1.00000    1.00000
     1.00000    17.1717   -12.6731   -10.9297    1.00000    1.00000
     1.00000   -7.08003   -2.69695    8.05017    1.00000    1.00000
     1.00000    27.1357    54.0307    29.9783    1.00000    1.00000
     1.00000   -35.1294    3.50526  -0.713745    1.00000    1.00000
     1.00000    24.1181   -32.1124   -19.2515    1.00000    1.00000
     1.00000    4.97456   -13.0569    5.20720    1.00000    1.00000
     1.00000    12.5645    20.1009    11.3176    1.00000    1.00000
     1.00000   -12.1898    16.8408    6.38145    1.00000    1.00000
     1.00000    17.6635   -17.0405   -8.76772    1.00000    1.00000
     1.00000   -11.4911   -16.0091    4.60979    1.00000    1.00000
     1.00000    17.6731    25.2518    13.0164    1.00000    1.00000
     1.00000   -39.6514   -7.25883   -16.1809    1.00000    1.00000
     1.00000    1.95740   -5.05855   -22.4974    1.00000    1.00000
     1.00000    2.05515   -11.5947    13.1709    1.00000    1.00000
     1.00000    12.8901    14.2074   -14.1041    1.00000    1.00000
     1.00000   -7.86089    7.94986    21.6679    1.00000    1.00000
     1.00000   -7.01312    5.54314   -12.0153    1.00000    1.00000
     1.00000   -11.7269   -11.3724    11.5666    1.00000    1.00000
     1.00000    24.0825    44.1196    23.3855    1.00000    1.00000
     1.00000   -37.6485    11.1244    8.80714    1.00000    1.00000
     1.00000    24.4510   -27.4703   -36.0718    1.00000    1.00000
     1.00000    4.89366   -27.2499   -4.89659    1.00000    1.00000
     1.00000   10.23978    24.4736    14.4691    1.00000    1.00000
     1.00000   -24.7243    12.3486    3.99591    1.00000    1.00000
     1.00000    23.8170   -25.7927    3.96959    1.00000    1.00000
     1.00000   -21.9495   -22.3864    1.50441    1.00000    1.00000
     1.00000    14.4616    37.9396    9.83276    1.00000    1.00000
     1.00000   -42.8064   -5.65205  -10.33557    1.00000    1.00000
     1.00000    6.25137   -14.3258   -34.2143    1.00000    1.00000
     1.00000   -2.58018   -15.4502   -6.30775    1.00000    1.00000
     1.00000    12.0517    6.31438   -3.33444    1.00000    1.00000
     1.00000   -12.3928    11.1015    14.7207    1.00000    1.00000
     1.00000    7.26617   -11.5001   -9.82790    1.00000    1.00000
     1.00000   -9.47551  -0.401398    14.4877    1.00000    1.00000
     1.00000    20.7471    46.0686    26.5052    1.00000    1.00000
     1.00000   -43.8914   10.02833    5.34230    1.00000    1.00000
     1.00000    17.9493   -22.5743   -23.0991    1.00000    1.00000
     1.00000    7.66769   -17.8831    8.48361    1.00000    1.00000
     1.00000    8.14099    14.8665   -4.13818E-02    1.00000    1.00000
     1.00000   -5.02423   10.16647    6.06868    1.00000    1.00000
     1.00000    18.4823   -19.2255   -19.4227    1.00000    1.00000
     1.00000   -14.0191   -25.8270  -0.156448    1.00000    1.00000
     1.00000    19.7437    34.9249    8.17165    1.00000    1.00000
     1.00000   -28.1873   -3.73645   -17.9975    1.00000    1.00000
     1.00000    9.07996   -7.80372   -30.0787    1.00000    1.00000
     1.00000   -1.59962   -14.3085    6.46263    1.00000    1.00000
     1.00000    9.79419   0.985847   -18.0309    1.00000    1.00000
     1.00000   -1.38943    7.00694    19.0673    1.00000    1.00000
     1.00000    5.97948    3.40934   -9.63025    1.00000    1.00000
     1.00000   -8.99231   -12.5869    1.10455    1.00000    1.00000
     1.00000    18.5915    43.9741    10.7628    1.00000    1.00000
     1.00000   -40.7691    2.24075    18.1246    1.00000    1.00000
     1.00000    28.6607   -29.6190   -25.0780    1.00000    1.00000
     1.00000    3.28580   -27.8127    3.00859    1.00000    1.00000
     1.00000    16.1070    21.7255    9.82751    1.00000    1.00000
     1.00000   -30.4890    10.7604    1.61888    1.00000    1.00000
     1.00000    17.7273   -26.6775   0.888733    1.00000    1.00000
     1.00000   -20.1431   -30.1359   -2.86076    1.00000    1.00000
     1.00000    3.05573    46.8138    21.6886    1.00000    1.00000
     1.00000   -37.8863   -4.50349   -9.61105    1.00000    1.00000
     1.00000   10.34576   -15.0057   -29.3129    1.00000    1.00000
     1.00000    2.48305   -24.5503   -9.09630    1.00000    1.00000
     1.00000    8.23593    6.56511  -10.05356    1.00000    1.00000
     1.00000   -6.59421    11.9618    12.7643    1.00000    1.00000
     1.00000    17.4222   -9.86229   -1.80969    1.00000    1.00000
     1.00000   -6.09929   -7.69704    11.4469    1.00000    1.00000
     1.00000    23.0776    49.8725    31.8402    1.00000    1.00000
     1.00000   -38.6409    7.85820    3.07030    1.00000    1.00000
     1.00000    28.6537   -27.5671   -18.0965    1.00000    1.00000
     1.00000    4.22208   -21.0622    3.66089    1.00000    1.00000
     1.00000    18.3446    14.7857    5.86765    1.00000    1.00000
     1.00000   -18.2405    12.6270    6.90602    1.00000    1.00000
     1.00000    21.4285   -20.5362   -2.74568    1.00000    1.00000
     1.00000   -17.2444   -15.3882    2.70174    1.00000    1.00000
     1.00000    23.4021    29.8692   10.34975    1.00000    1.00000
     1.00000   -35.8019   -5.96023   -18.0052    1.00000    1.00000
     1.00000    8.45483   -6.74015   -23.3041    1.00000    1.00000
     1.00000    3.88843   -10.9959    10.7208    1.00000    1.00000
     1.00000    13.5775    11.6257   -11.1164    1.00000    1.00000
     1.00000  -10.22363    2.57874    29.2643    1.00000    1.00000
     1.00000   -5.56915    1.58929   -11.9939    1.00000    1.00000
     1.00000   -13.6352   -9.78494    11.7390    1.00000    1.00000
     1.00000    16.8311    41.6161    17.4485    1.00000    1.00000
     1.00000   -40.7301    7.54087    14.9660    1.00000    1.00000
     1.00000    22.2826   -26.0740   -27.8252    1.00000    1.00000
     1.00000    8.62106   -21.8242   0.233017    1.00000    1.00000
     1.00000    11.7176    18.9160    14.2586    1.00000    1.00000
     1.00000   -15.1173    10.9727   0.874222    1.00000    1.00000
     1.00000    20.4168   -23.4198    3.69594    1.00000    1.00000
     1.00000   -16.5083   -20.9284    4.77600E-03    1.00000    1.00000
     1.00000    6.53427    44.2972    15.4458    1.00000    1.00000
     1.00000   -46.4607   -6.38619   -12.1400    1.00000    1.00000
     1.00000    9.09756   -13.5824   -35.8600    1.00000    1.00000
     1.00000   -3.45949   -14.9888  -0.535828    1.00000    1.00000
     1.00000    13.0569    7.33389   -1.93791    1.00000    1.00000
     1.00000  -10.28839    16.5336    14.6467    1.00000    1.00000
     1.00000    11.3279   -12.2360   -13.3089    1.00000    1.00000
     1.00000   -2.19942   -2.10336    12.1775    1.00000    1.00000
     1.00000    24.1536    43.0824    29.8682    1.00000    1.00000
     1.00000   -42.7332   10.30086    7.97862    1.00000    1.00000
     1.00000    22.8325   -19.0776   -21.9469    1.00000    1.00000
     1.00000    5.18842   -23.8396    9.55809    1.00000    1.00000
     1.00000    15.4198    12.9882   0.646149    1.00000    1.00000
     1.00000   -3.34775    13.6477    9.02553    1.00000    1.00000
     1.00000    20.2583   -20.3223   -13.6714    1.00000    1.00000
     1.00000   -11.6682   -17.5236   0.387253    1.00000    1.00000
     1.00000    17.3597    32.2911    7.82179    1.00000    1.00000
     1.00000   -30.5502   -4.24278   -20.9355    1.00000    1.00000
     1.00000    3.90219   -9.70178   -27.2814    1.00000    1.00000
     1.00000    1.48401   -12.3105    3.69691    1.00000    1.00000
     1.00000    12.5650    2.56477   -11.3861    1.00000    1.00000
     1.00000    3.98801    12.4463    19.8693    1.00000    1.00000
     1.00000    3.72238   -7.88260   -8.10432    1.00000    1.00000
     1.00000   -9.28769   -10.8087    7.12250    1.00000    1.00000
     1.00000    21.0076    40.4631    3.35091    1.00000    1.00000
     1.00000   -42.0917    7.38744    7.23289    1.00000    1.00000
     1.00000    23.9463   -27.9372   -26.9804    1.00000    1.00000
     1.00000    8.28566   -28.7238    12.3136    1.00000    1.00000
     1.00000    19.3289    9.65019    7.67949    1.00000    1.00000
     1.00000   -31.6318    6.26208    1.53371    1.00000    1.00000
     1.00000    18.0533   -30.0892    7.85065    1.00000    1.00000
     1.00000   -21.2842   -24.5815   0.514435    1.00000    1.00000
     1.00000    2.75983    45.3554    15.4023    1.00000    1.00000
     1.00000   -35.4538   -2.93036   -5.90027    1.00000    1.00000
     1.00000    16.6750   -22.3530   -26.2673    1.00000    1.00000
     1.00000    5.36499   -17.6811   -13.1005    1.00000    1.00000
     1.00000    9.47186    11.7301   -7.63103    1.00000    1.00000
     1.00000   -6.05917    8.07590    14.9533    1.00000    1.00000
     1.00000    19.6828   -7.93851   -5.83549    1.00000    1.00000
     1.00000   -11.5449   -5.53932    7.18622    1.00000    1.00000
     1.00000    25.6812    58.4811    28.7728    1.00000    1.00000
     1.00000   -34.1487    1.14449   -2.16170    1.00000    1.00000
     1.00000    28.4118   -29.0593   -21.5290    1.00000    1.00000
     1.00000    5.48488   -11.1401    4.95171    1.00000    1.00000
     1.00000    10.5946    14.6795   10.05159    1.00000    1.00000
     1.00000   -9.22845    16.5321    7.94179    1.00000    1.00000
     1.00000    17.7473   -15.4644   -5.23863    1.00000    1.00000
     1.00000   -7.78613   -17.5841    6.52858    1.00000    1.00000
     1.00000    16.8167    26.4863    6.70610    1.00000    1.00000
     1.00000   -38.7916   -7.55991   -10.9019    1.00000    1.00000
     1.00000    2.06622   0.665520   -25.3506    1.00000    1.00000
     1.00000    4.58353   -14.4958    8.30911    1.00000    1.00000
     1.00000    11.0903    14.5776   -13.3144    1.00000    1.00000
     1.00000   -5.43774    9.21870    19.8261    1.00000    1.00000
     1.00000   -1.82660    8.03800  -10.39165    1.00000    1.00000
     1.00000   -13.8174   -8.51445    14.3557    1.00000    1.00000
     1.00000    23.1839    48.3352    20.4899    1.00000    1.00000
     1.00000   -40.9257   10.40073    15.2516    1.00000    1.00000
     1.00000    23.0069   -27.2229   -33.3084    1.00000    1.00000
     1.00000    6.72784   -23.7437  -0.782227    1.00000    1.00000
     1.00000    14.9868    24.6863    17.0225    1.00000    1.00000
     1.00000   -23.4364    8.88034    4.25452    1.00000    1.00000
     1.00000    25.7932   -22.8595    5.91068    1.00000    1.00000
     1.00000   -19.5706   -21.8297   -1.96153    1.00000    1.00000
     1.00000    9.95410    40.9190    12.7078    1.00000    1.00000
     1.00000   -44.3550   -4.07381   -8.83188    1.00000    1.00000
     1.00000    7.86072   -10.8414   -34.5771    1.00000    1.00000
     1.00000   -2.82906   -19.2957   -5.04001    1.00000    1.00000
     1.00000    12.5830    3.46304   -5.52650    1.00000    1.00000
     1.00000   -11.1927    13.3172    15.3723    1.00000    1.00000
     1.00000    6.79649   -8.87849  -10.15800    1.00000    1.00000
     1.00000   -12.6749    1.16959E-02    16.9397    1.00000    1.00000
     1.00000    20.7355    44.9366    22.8908    1.00000    1.00000
     1.00000   -44.8479    13.0331    4.45792    1.00000    1.00000
     1.00000    18.4216   -18.1275   -21.2310    1.00000    1.00000
     1.00000    5.66415   -19.7631   10.23766    1.00000    1.00000
     1.00000    11.4905    15.5344   -1.71620    1.00000    1.00000
     1.00000  -10.31639    13.2043    2.68803    1.00000    1.00000
     1.00000    18.1498   -14.4184   -17.4812    1.00000    1.00000
     1.00000   -12.4653   -28.3589    2.23454    1.00000    1.00000
     1.00000    19.6388    31.2512    7.22304    1.00000    1.00000
     1.00000   -25.0133   -4.80833   -18.8129    1.00000    1.00000
     1.00000    10.6207   -3.75467   -26.5988    1.00000    1.00000
     1.00000   -2.08879   -16.1823    5.17648    1.00000    1.00000
     1.00000    14.1006  -0.576920   -11.9161    1.00000    1.00000
     1.00000   -6.82057    8.40937    18.6291    1.00000    1.00000
     1.00000    1.28098  -0.989799  -10.29939    1.00000    1.00000
     1.00000   -9.68033   -13.9863   -3.27957    1.00000    1.00000
     1.00000    17.0081    43.9559    13.5496    1.00000    1.00000
     1.00000   -44.1725    6.56828    18.1703    1.00000    1.00000
     1.00000    31.1637   -29.0327   -25.2281    1.00000    1.00000
     1.00000    3.32455   -27.6910    1.01268    1.00000    1.00000
     1.00000    18.1756    15.3917    11.7329    1.00000    1.00000
     1.00000   -28.7822    12.0701    1.40529    1.00000    1.00000
     1.00000    20.9278   -26.9162    6.44148    1.00000    1.00000
     1.00000   -21.0066   -27.8483   -8.76677    1.00000    1.00000
     1.00000    4.02570    49.7542    22.9723    1.00000    1.00000
     1.00000   -39.9621   -4.63354  -10.01595    1.00000    1.00000
     1.00000    12.9765   -14.0175   -25.9192    1.00000    1.00000
     1.00000   0.859528   -20.4156   -8.75586    1.00000    1.00000
     1.00000    6.11911    6.73538   -12.6061    1.00000    1.00000
     1.00000   -8.69577    15.6598    13.4946    1.00000    1.00000
     1.00000    16.4174   -9.04685   -7.59721    1.00000    1.00000
     1.00000   -6.20129   -5.72351    11.1390    1.00000    1.00000
     1.00000    20.4434    49.1689    32.5367    1.00000    1.00000
     1.00000   -39.6480  -0.628830   0.695206    1.00000    1.00000
     1.00000    25.9362   -22.2413   -18.2383    1.00000    1.00000
     1.00000    3.48364   -17.1328    4.63614    1.00000    1.00000
     1.00000    14.6396    13.6674    9.28494    1.00000    1.00000
     1.00000   -13.7454    14.9446    9.09726    1.00000    1.00000
     1.00000    21.0886   -20.6949   -7.55734    1.00000    1.00000
     1.00000   -14.2102   -14.0087  -0.907761    1.00000    1.00000
     1.00000    20.3701    27.6169    9.89200    1.00000    1.00000
     1.00000   -34.6119   -4.54324   -19.5737    1.00000    1.00000
     1.00000    3.56044   -7.61530   -24.3511    1.00000    1.00000
     1.00000    1.34560   -9.47598    8.79118    1.00000    1.00000
     1.00000    17.4626    8.80060   -10.7450    1.00000    1.00000
     1.00000   -8.22830    7.82629    25.1305    1.00000    1.00000
     1.00000   -1.49460   -1.86753   -14.9406    1.00000    1.00000
     1.00000   -9.13725   -7.80648    13.1718    1.00000    1.00000
     1.00000    20.1635    42.1036    18.0918    1.00000    1.00000
     1.00000   -38.1991    6.90282    16.5814    1.00000    1.00000
     1.00000    22.3394   -26.1166   -29.8240    1.00000    1.00000
     1.00000    14.4119   -23.7839    1.19324    1.00000    1.00000
     1.00000    14.7088    23.9012    12.8688    1.00000    1.00000
     1.00000   -16.8879    11.4611    4.35059    1.00000    1.00000
     1.00000    17.4913   -23.3964  -0.265656    1.00000    1.00000
     1.00000   -16.7183   -23.2924   -3.57190    1.00000    1.00000
     1.00000    11.5207    43.5199    15.6886    1.00000    1.00000
     1.00000   -48.5572   -11.4977   -12.7218    1.00000    1.00000
     1.00000    8.76556   -13.2961   -31.8255    1.00000    1.00000
     1.00000    1.38095   -17.9744    3.56477    1.00000    1.00000
     1.00000    13.0276    11.1386   -2.51137    1.00000    1.00000
     1.00000   -12.9523    19.2743    14.8601    1.00000    1.00000
     1.00000    11.6211   -14.2027   -8.39870    1.00000    1.00000
     1.00000   -5.78873    3.96607    12.7560    1.00000    1.00000
     1.00000    26.2464    42.6013    28.4480    1.00000    1.00000
     1.00000   -41.3778    8.58751    2.40814    1.00000    1.00000
     1.00000    23.7623   -20.1123   -20.5099    1.00000    1.00000
     1.00000    5.38419   -21.1119    5.28784    1.00000    1.00000
     1.00000    14.5655    12.2248    5.91339    1.00000    1.00000
     1.00000   -3.60342    11.0648    7.67389    1.00000    1.00000
     1.00000    20.5573   -20.3316   -19.5710    1.00000    1.00000
     1.00000   -12.0178   -22.2571    1.52174    1.00000    1.00000
     1.00000    16.5128    35.7430    5.77763    1.00000    1.00000
