     1.00000   0.485306    26.1584    3.35793    1.00000    1.00000
     1.00000    9.41612   -32.3457    5.79368    1.00000    1.00000
     1.00000    13.2524    46.2509   -41.9702    1.00000    1.00000
     1.00000   -1.12573   -15.5241    1.30112    1.00000    1.00000
     1.00000   -8.97134   -8.22220E-02    5.97649    1.00000    1.00000
     1.00000   -3.48557   -26.9778    27.7820    1.00000    1.00000
     1.00000    33.8958    41.2845   -44.7089    1.00000    1.00000
     1.00000   -13.4627   -3.58176    19.3083    1.00000    1.00000
     1.00000    1.84825    8.13813   10.40450    1.00000    1.00000
     1.00000   -15.1390   -35.5482    28.3555    1.00000    1.00000
     1.00000   -3.18939    33.5216   -12.3439    1.00000    1.00000
     1.00000   -1.11978   -12.1753    18.9333    1.00000    1.00000
     1.00000   -29.4289   -5.68137   -16.6173    1.00000    1.00000
     1.00000    3.41977   -43.2562    36.2635    1.00000    1.00000
     1.00000    23.3232    39.1045   -28.4199    1.00000    1.00000
     1.00000   -22.0632   -7.42815    34.0085    1.00000    1.00000
     1.00000   -6.73552    28.7538   -13.2925    1.00000    1.00000
     1.00000   -1.14723   -24.0618   -4.16919    1.00000    1.00000
     1.00000    11.9539    50.9329   -38.2997    1.00000    1.00000
     1.00000   -3.58557   -21.4498    6.40193    1.00000    1.00000
     1.00000   -6.94766   -2.60810  -0.804184    1.00000    1.00000
     1.00000   -8.04825   -31.0674    28.9144    1.00000    1.00000
     1.00000    38.6755    44.1623   -50.5507    1.00000    1.00000
     1.00000   -11.5194   -15.3805    10.8650    1.00000    1.00000
     1.00000   -4.50781    12.5567    4.16937    1.00000    1.00000
     1.00000   -7.13557   -39.1436    5.95208    1.00000    1.00000
     1.00000    14.9915    42.1439   -23.7535    1.00000    1.00000
     1.00000    2.66823   -7.71025    20.2491    1.00000    1.00000
     1.00000  -10.18919   -4.40767   -10.9605    1.00000    1.00000
     1.00000    10.9986   -55.6618    15.3382    1.00000    1.00000
     1.00000    21.5307    34.2011   -43.4552    1.00000    1.00000
     1.00000   -33.7029   -21.4042    32.3126    1.00000    1.00000
     1.00000   -5.90439    28.2413   -4.46361    1.00000    1.00000
     1.00000    3.16785   -26.6641    13.0148    1.00000    1.00000
     1.00000    17.9592    49.9454   -30.4627    1.00000    1.00000
     1.00000    5.19905   -23.9729    3.24237    1.00000    1.00000
     1.00000   -13.2106    2.98082    12.7677    1.00000    1.00000
     1.00000   -2.34964   -30.0582    29.0576    1.00000    1.00000
     1.00000    26.0073    31.7726   -39.9758    1.00000    1.00000
     1.00000   -8.35811  -0.719837    15.4306    1.00000    1.00000
     1.00000   -5.78792    9.97292    3.63546    1.00000    1.00000
     1.00000  -10.09865   -41.1160    19.3444    1.00000    1.00000
     1.00000    7.07152    44.1183   -14.3062    1.00000    1.00000
     1.00000   -1.11191   -11.3127    12.9216    1.00000    1.00000
     1.00000   -18.2935    2.30095   -19.8746    1.00000    1.00000
     1.00000    6.31618   -49.5919    30.6310    1.00000    1.00000
     1.00000    26.4827    24.8380   -26.2875    1.00000    1.00000
     1.00000   -30.6044   -12.4877    35.5959    1.00000    1.00000
     1.00000   -12.9791    22.2358   -15.9452    1.00000    1.00000
     1.00000   -4.79453   -29.3009    7.20427    1.00000    1.00000
     1.00000    11.5969    55.6440   -40.1859    1.00000    1.00000
     1.00000   -1.26004   -10.7799   10.49071    1.00000    1.00000
     1.00000   -12.6766   -9.46597   -6.68254    1.00000    1.00000
     1.00000   -13.1605   -35.3142    28.1791    1.00000    1.00000
     1.00000    28.3988    39.9384   -43.4262    1.00000    1.00000
     1.00000   -6.47739   -11.3894    12.0482    1.00000    1.00000
     1.00000    3.02092    21.1270    4.18636    1.00000    1.00000
     1.00000   -11.6583   -34.2543    14.7050    1.00000    1.00000
     1.00000    13.5997    40.2311   -15.0457    1.00000    1.00000
     1.00000    6.04668   -4.08829    15.1410    1.00000    1.00000
     1.00000   -8.64081  -10.36983   -12.0139    1.00000    1.00000
     1.00000    6.38287   -52.5285    28.7234    1.00000    1.00000
     1.00000    16.6897    42.0448   -42.0593    1.00000    1.00000
     1.00000   -29.8181   -21.1048    33.7099    1.00000    1.00000
     1.00000   -4.20177    29.0830   -3.83698    1.00000    1.00000
     1.00000    5.08775   -26.5997   10.01715    1.00000    1.00000
     1.00000    18.1534    47.8364   -36.6507    1.00000    1.00000
     1.00000    1.28642   -19.3653  -0.957794    1.00000    1.00000
     1.00000   -9.58430   -3.23648    7.13232    1.00000    1.00000
     1.00000   -2.12161   -29.7069    21.9320    1.00000    1.00000
     1.00000    31.8277    35.6339   -41.0749    1.00000    1.00000
     1.00000   -18.9394   -8.96336    18.3467    1.00000    1.00000
     1.00000    3.78426   0.557232    3.16017    1.00000    1.00000
     1.00000   -9.39651   -33.5718    19.3948    1.00000    1.00000
     1.00000   -1.42380    35.2409  -10.40188    1.00000    1.00000
     1.00000   -7.66753   -18.3743    16.2681    1.00000    1.00000
     1.00000   -19.4106   -6.80922   -18.4878    1.00000    1.00000
     1.00000    1.56693   -40.3016    32.9914    1.00000    1.00000
     1.00000    23.7328    37.5166   -35.9959    1.00000    1.00000
     1.00000   -20.0646   -12.1706    19.7962    1.00000    1.00000
     1.00000   -3.23882    26.1917   -15.8528    1.00000    1.00000
     1.00000   0.975098   -27.1310   -1.33347    1.00000    1.00000
     1.00000    11.4985    47.6149   -39.1885    1.00000    1.00000
     1.00000   -1.43512   -18.6707    11.5551    1.00000    1.00000
     1.00000   -2.13712   0.694458   0.832214    1.00000    1.00000
     1.00000   -8.00539   -24.3276    30.4764    1.00000    1.00000
     1.00000    33.7426    40.5994   -50.7927    1.00000    1.00000
     1.00000  -10.55119   -2.55974    12.0204    1.00000    1.00000
     1.00000   -3.91846E-02    14.9047    4.59601    1.00000    1.00000
     1.00000   -10.6121   -41.0460    11.2767    1.00000    1.00000
     1.00000    19.3949    46.0122   -23.4162    1.00000    1.00000
     1.00000    5.24329   -11.8211    24.3551    1.00000    1.00000
     1.00000   -19.8769   -9.59361   -13.4808    1.00000    1.00000
     1.00000    11.2782   -55.9806    19.2006    1.00000    1.00000
     1.00000    27.3313    37.7588   -36.7904    1.00000    1.00000
     1.00000   -25.6917   -17.3879    25.2145    1.00000    1.00000
     1.00000   -11.1126    35.3213   -8.44724    1.00000    1.00000
     1.00000   -6.79182   -29.6197    14.3468    1.00000    1.00000
     1.00000    18.6573    47.3473   -28.3882    1.00000    1.00000
     1.00000   -1.32008   -23.9276    5.09663    1.00000    1.00000
     1.00000   -11.3522   -1.39065    9.22443    1.00000    1.00000
     1.00000   -6.56729   -35.4502    40.7067    1.00000    1.00000
     1.00000    29.9328    35.0489   -41.3334    1.00000    1.00000
     1.00000   -8.09018   -7.45022    18.1568    1.00000    1.00000
     1.00000   -8.02318    6.57465    1.79663    1.00000    1.00000
     1.00000   -9.78218   -36.9828    19.5926    1.00000    1.00000
     1.00000    3.15614    42.5435   -15.3566    1.00000    1.00000
     1.00000  -0.386414   -17.6678    16.9733    1.00000    1.00000
     1.00000   -16.8807   0.964981   -19.4065    1.00000    1.00000
     1.00000    8.70094   -43.7646    31.9209    1.00000    1.00000
     1.00000    26.0997    31.9923   -32.8867    1.00000    1.00000
     1.00000   -24.2788   -9.82983    37.3678    1.00000    1.00000
     1.00000   -6.87685    30.8411   -18.0395    1.00000    1.00000
     1.00000   -4.15485   -26.0719    5.03561    1.00000    1.00000
     1.00000    17.6133    56.0025   -36.4043    1.00000    1.00000
     1.00000   -1.35837   -14.0851    6.84213    1.00000    1.00000
     1.00000   -9.51924   -12.4137    5.46036E-02    1.00000    1.00000
     1.00000   -10.9958   -37.6108    32.1004    1.00000    1.00000
     1.00000    26.3782    43.2477   -43.6148    1.00000    1.00000
     1.00000   -9.57631   -15.1674    14.7166    1.00000    1.00000
     1.00000    5.62877    15.8874    4.02818    1.00000    1.00000
     1.00000   -7.21902   -33.8182    11.1539    1.00000    1.00000
     1.00000    19.0947    37.7779   -18.7921    1.00000    1.00000
     1.00000    3.04572   -7.75756    14.9779    1.00000    1.00000
     1.00000   -6.23651   -6.16998   -12.5953    1.00000    1.00000
     1.00000    12.2058   -47.6093    24.7688    1.00000    1.00000
     1.00000    19.2737    41.4007   -44.3395    1.00000    1.00000
     1.00000   -35.1641   -15.2028    36.9167    1.00000    1.00000
     1.00000    5.37035    24.1570    5.78864    1.00000    1.00000
     1.00000    9.11678   -35.7381    7.57122    1.00000    1.00000
     1.00000    13.1887    44.1464   -39.8582    1.00000    1.00000
     1.00000  -0.142731   -20.0980    3.28204    1.00000    1.00000
     1.00000   -8.30151   -3.17658   10.51431    1.00000    1.00000
     1.00000   -2.14203   -24.7874    32.3737    1.00000    1.00000
     1.00000    35.6675    43.1734   -42.2141    1.00000    1.00000
     1.00000   -16.9173   -3.85772    15.9187    1.00000    1.00000
     1.00000    4.06783    3.49104    9.69044    1.00000    1.00000
     1.00000   -13.4829   -35.1383    22.0720    1.00000    1.00000
     1.00000  -0.387909    31.9949   -15.0741    1.00000    1.00000
     1.00000   -4.78975   -14.1275    19.7986    1.00000    1.00000
     1.00000   -24.2453   -5.55688   -17.1270    1.00000    1.00000
     1.00000    1.46974   -43.4940    32.4077    1.00000    1.00000
     1.00000    26.3586    41.5742   -32.8370    1.00000    1.00000
     1.00000   -19.8087   -9.97002    25.7759    1.00000    1.00000
     1.00000   -9.81230    32.2437   -10.7628    1.00000    1.00000
     1.00000   -2.99219   -24.1904   -3.01171    1.00000    1.00000
     1.00000    17.2150    52.2225   -42.0295    1.00000    1.00000
     1.00000   -1.20514   -19.1823    4.70775    1.00000    1.00000
     1.00000   -5.49274   0.158989    1.18819    1.00000    1.00000
     1.00000   -6.82542   -29.1790    31.3749    1.00000    1.00000
     1.00000    37.2247    42.9317   -49.9333    1.00000    1.00000
     1.00000   -8.92468   -9.08891    9.63722    1.00000    1.00000
     1.00000   -1.17084    10.9701    5.78041    1.00000    1.00000
     1.00000   -8.26595   -38.1320    8.20503    1.00000    1.00000
     1.00000    14.2698    45.5497   -22.2434    1.00000    1.00000
     1.00000    5.99538   -8.11472    24.0838    1.00000    1.00000
     1.00000  -10.22884   -6.30797   -7.40824    1.00000    1.00000
     1.00000    14.7159   -51.1548    17.9941    1.00000    1.00000
     1.00000    21.4257    32.3685   -44.4376    1.00000    1.00000
     1.00000   -30.5357   -17.3722    28.9673    1.00000    1.00000
     1.00000   -7.63516    32.5913   -6.07173    1.00000    1.00000
     1.00000   -2.58549   -27.7470    13.8945    1.00000    1.00000
     1.00000    21.4678    52.8085   -34.6193    1.00000    1.00000
     1.00000    1.65112   -22.5390    3.04271    1.00000    1.00000
     1.00000   -11.3621    2.31638    13.1440    1.00000    1.00000
     1.00000   -3.83936   -35.8837    32.6452    1.00000    1.00000
     1.00000    25.7862    32.2479   -36.5134    1.00000    1.00000
     1.00000   -8.38480   -5.47418    16.3469    1.00000    1.00000
     1.00000   -1.18867    7.55575    4.67483    1.00000    1.00000
     1.00000   -12.6273   -39.3805    22.7358    1.00000    1.00000
     1.00000    11.5095    42.7664   -16.4872    1.00000    1.00000
     1.00000  -0.215210   -14.1367    14.8089    1.00000    1.00000
     1.00000   -17.5196    3.61774   -24.8918    1.00000    1.00000
     1.00000   10.00670   -48.6011    30.7132    1.00000    1.00000
     1.00000    24.1274    26.5422   -29.1980    1.00000    1.00000
     1.00000   -25.2523   -13.0183    35.8742    1.00000    1.00000
     1.00000   -12.7568    25.9752   -15.3773    1.00000    1.00000
     1.00000  -0.754257   -28.8285    8.49046    1.00000    1.00000
     1.00000    14.5718    55.8630   -43.5206    1.00000    1.00000
     1.00000   -1.41682   -6.12369   10.22922    1.00000    1.00000
     1.00000  -10.16714   -9.03442   -3.25342    1.00000    1.00000
     1.00000   -11.2326   -34.6323    25.5963    1.00000    1.00000
     1.00000    29.1086    38.8052   -44.9135    1.00000    1.00000
     1.00000   -7.52177   -14.6710    11.5363    1.00000    1.00000
     1.00000    5.68457    20.0184    2.11457    1.00000    1.00000
     1.00000   -8.60912   -37.8313    13.0019    1.00000    1.00000
     1.00000    15.4983    40.4979   -15.6149    1.00000    1.00000
     1.00000    4.19234   -3.86683    19.3164    1.00000    1.00000
     1.00000  -10.32565  -10.56366   -10.6530    1.00000    1.00000
     1.00000    5.42847   -51.5795    27.2441    1.00000    1.00000
     1.00000    13.9473    43.3075   -41.5077    1.00000    1.00000
     1.00000   -33.9181   -23.0213    33.4696    1.00000    1.00000
     1.00000   0.213348    27.7215   -2.57843    1.00000    1.00000
     1.00000    9.61015   -31.1969   10.29877    1.00000    1.00000
     1.00000    20.1693    51.7013   -38.9835    1.00000    1.00000
     1.00000    2.31654   -16.2672  -0.875702    1.00000    1.00000
     1.00000   -6.74982   -9.19948    6.91760    1.00000    1.00000
     1.00000   -4.06764   -25.6154    26.4385    1.00000    1.00000
     1.00000    36.7347    36.3584   -48.3519    1.00000    1.00000
     1.00000   -15.5017   -9.22471    18.5063    1.00000    1.00000
     1.00000    2.53716   0.978527    8.73519    1.00000    1.00000
     1.00000   -11.8158   -34.1828    21.5172    1.00000    1.00000
     1.00000   -1.11951    37.7187   -11.5243    1.00000    1.00000
     1.00000   -8.08878   -15.1312    16.0530    1.00000    1.00000
     1.00000   -24.2226   -2.68546   -14.6563    1.00000    1.00000
     1.00000   -4.06364   -38.1220    33.3027    1.00000    1.00000
     1.00000    27.1533    36.1294   -31.8363    1.00000    1.00000
     1.00000   -18.4222   -13.1374    25.1544    1.00000    1.00000
     1.00000   -5.11398    30.4358   -13.0809    1.00000    1.00000
     1.00000    9.37042E-02   -28.6779   -2.47252    1.00000    1.00000
     1.00000    9.56723    47.3501   -41.1579    1.00000    1.00000
     1.00000   -1.67499   -16.7726    8.11246    1.00000    1.00000
     1.00000   -2.44859   -2.74921    6.70613    1.00000    1.00000
     1.00000   -9.51695   -28.0369    29.3917    1.00000    1.00000
     1.00000    32.5875    42.9893   -48.7516    1.00000    1.00000
     1.00000   -14.9886   -5.68094    12.3625    1.00000    1.00000
     1.00000   0.457382    17.7828    2.44131    1.00000    1.00000
     1.00000   -7.33359   -44.2106    11.5768    1.00000    1.00000
     1.00000    20.6266    48.0927   -26.6799    1.00000    1.00000
     1.00000    2.01031   -8.09632    25.1705    1.00000    1.00000
     1.00000   -14.8394   -5.92035   -12.8276    1.00000    1.00000
     1.00000    10.9451   -51.7318    21.5677    1.00000    1.00000
     1.00000    20.1879    36.3854   -40.6674    1.00000    1.00000
     1.00000   -29.7020   -11.4357    29.7451    1.00000    1.00000
     1.00000   -12.2507    37.8583   -13.8908    1.00000    1.00000
     1.00000   -3.21941   -29.5279    13.2415    1.00000    1.00000
     1.00000    14.1713    50.6301   -26.8284    1.00000    1.00000
     1.00000    4.88835   -26.4511    7.11800    1.00000    1.00000
     1.00000   -11.9025    3.03868    7.42551    1.00000    1.00000
     1.00000   -7.52588   -32.1968    36.9289    1.00000    1.00000
     1.00000    28.9688    33.1437   -45.1801    1.00000    1.00000
     1.00000   -12.3403   -4.34358    17.8386    1.00000    1.00000
     1.00000   -6.77632    4.95863   0.737793    1.00000    1.00000
     1.00000   -14.4540   -38.6536    14.7418    1.00000    1.00000
     1.00000    4.10698    41.4673   -18.8716    1.00000    1.00000
     1.00000    3.09479   -13.4389    19.2970    1.00000    1.00000
     1.00000   -20.9148   -3.09325   -18.8031    1.00000    1.00000
     1.00000    5.69298   -42.4342    28.2555    1.00000    1.00000
     1.00000    26.1154    28.2848   -31.6924    1.00000    1.00000
     1.00000   -25.6810   -9.85312    34.5414    1.00000    1.00000
     1.00000   -8.26491    24.2664   -15.0850    1.00000    1.00000
     1.00000   0.478836   -27.7513    5.18570    1.00000    1.00000
     1.00000    16.3261    57.7339   -39.1685    1.00000    1.00000
     1.00000  -0.772430   -12.9674    8.86957    1.00000    1.00000
     1.00000   -8.37312   -8.69635  -0.673767    1.00000    1.00000
     1.00000   -9.98541   -36.9579    29.9085    1.00000    1.00000
     1.00000    28.6384    44.7975   -41.2045    1.00000    1.00000
     1.00000   -9.45863   -17.7862    12.5690    1.00000    1.00000
     1.00000    1.28156    14.1505    8.22105    1.00000    1.00000
     1.00000   -4.60335   -37.2001    13.5087    1.00000    1.00000
     1.00000    17.7087    34.9700   -16.6169    1.00000    1.00000
     1.00000   -1.87946   -4.74054    16.3539    1.00000    1.00000
     1.00000   -6.67731   -7.45014   -14.3999    1.00000    1.00000
     1.00000    8.34386   -48.5618    24.2486    1.00000    1.00000
     1.00000    19.2454    39.3819   -39.5923    1.00000    1.00000
     1.00000   -31.9292   -19.5663    36.1537    1.00000    1.00000
     1.00000   0.762955    28.9522    1.40335    1.00000    1.00000
     1.00000   10.56313   -34.2028    7.87962    1.00000    1.00000
     1.00000    18.1242    46.1049   -40.1675    1.00000    1.00000
     1.00000   -2.61435   -16.5758    5.86700E-02    1.00000    1.00000
     1.00000   -5.44759   0.235191    5.78458    1.00000    1.00000
     1.00000   -2.90845   -25.9773    30.9606    1.00000    1.00000
     1.00000    31.9954    38.1017   -43.3503    1.00000    1.00000
     1.00000   -12.9453   -6.54998    20.9335    1.00000    1.00000
     1.00000    9.43604E-02    6.55367   10.28356    1.00000    1.00000
     1.00000   -14.2213   -37.1063    24.9210    1.00000    1.00000
     1.00000  -0.911911    29.9260   -12.3046    1.00000    1.00000
     1.00000   -3.03755   -8.92863    21.7534    1.00000    1.00000
     1.00000   -28.3099   -4.55177   -13.5199    1.00000    1.00000
     1.00000    5.17868   -44.0534    33.2090    1.00000    1.00000
     1.00000    25.3866    37.6743   -31.5325    1.00000    1.00000
     1.00000   -21.4769  -10.46862    32.8144    1.00000    1.00000
     1.00000   -8.31310    30.1780   -12.6500    1.00000    1.00000
     1.00000   -3.32732   -21.5744   -6.38255    1.00000    1.00000
     1.00000    15.0118    50.8677   -38.7550    1.00000    1.00000
     1.00000   -1.87431   -21.9791    7.29161    1.00000    1.00000
     1.00000   -6.36183   -2.27901   -2.68793    1.00000    1.00000
     1.00000   -8.99165   -31.0492    26.4602    1.00000    1.00000
     1.00000    36.0478    45.7067   -52.6880    1.00000    1.00000
     1.00000   -12.3727   -13.2846    9.14276    1.00000    1.00000
     1.00000   -2.75157    14.1194    6.49347    1.00000    1.00000
     1.00000   -8.77693   -38.0037    5.87160    1.00000    1.00000
     1.00000    15.9404    44.4589   -22.3822    1.00000    1.00000
     1.00000    5.03818   -7.69590    20.5488    1.00000    1.00000
     1.00000   -12.3716   -6.36711   -9.83827    1.00000    1.00000
     1.00000    12.3866   -54.1268    13.6979    1.00000    1.00000
     1.00000    19.7676    31.8399   -42.9626    1.00000    1.00000
     1.00000   -33.3535   -17.7991    31.4971    1.00000    1.00000
     1.00000   -7.00949    26.7874   -3.64832    1.00000    1.00000
     1.00000    4.89549   -26.6427    12.0075    1.00000    1.00000
     1.00000    17.3686    47.6261   -34.8232    1.00000    1.00000
     1.00000    3.24907   -27.2314    2.84270    1.00000    1.00000
     1.00000   -15.3248    2.10001    15.5304    1.00000    1.00000
     1.00000   -1.82994   -30.1621    26.9470    1.00000    1.00000
     1.00000    27.3864    29.4537   -39.9200    1.00000    1.00000
     1.00000   -10.7297   -1.10422    14.3226    1.00000    1.00000
     1.00000   -4.83754    8.77988    5.25742    1.00000    1.00000
     1.00000   -9.02356   -40.1802    21.3778    1.00000    1.00000
     1.00000    7.11548    41.2779   -17.0990    1.00000    1.00000
     1.00000    1.58534  -10.48397    15.0834    1.00000    1.00000
     1.00000   -17.9832    4.09361   -20.7053    1.00000    1.00000
     1.00000    9.13322   -46.9912    31.5833    1.00000    1.00000
     1.00000    27.6031    25.7261   -24.8889    1.00000    1.00000
     1.00000   -28.7074   -14.4190    33.1370    1.00000    1.00000
     1.00000   -11.7284    25.1373   -18.0583    1.00000    1.00000
     1.00000   -1.31689   -29.8721    6.87979    1.00000    1.00000
     1.00000    9.75940    55.7137   -39.3994    1.00000    1.00000
     1.00000   -1.29471   -7.15985    11.9355    1.00000    1.00000
     1.00000   -9.62732   -9.39828   -5.14450    1.00000    1.00000
     1.00000   -15.5349   -31.8793    27.8293    1.00000    1.00000
     1.00000    31.7904    42.7009   -44.8460    1.00000    1.00000
     1.00000   -5.49234   -10.5870    14.8430    1.00000    1.00000
     1.00000    4.77171    21.3544   0.710434    1.00000    1.00000
     1.00000   -11.9712   -30.9638    18.6104    1.00000    1.00000
     1.00000    12.2337    44.0984   -17.7916    1.00000    1.00000
     1.00000    3.52322   -7.04825    17.9415    1.00000    1.00000
     1.00000   -10.7201   -11.2314   -14.2598    1.00000    1.00000
     1.00000    5.41309   -50.9464    29.4693    1.00000    1.00000
     1.00000    15.6909    42.8846   -43.5749    1.00000    1.00000
     1.00000   -30.9102   -22.1083    35.0900    1.00000    1.00000
     1.00000   -2.76041    30.0853   -1.53469    1.00000    1.00000
     1.00000    7.23532   -29.6732    9.54082    1.00000    1.00000
     1.00000    19.4028    45.3863   -38.0213    1.00000    1.00000
     1.00000   -1.80283   -18.1981   -2.29341    1.00000    1.00000
     1.00000   -5.86229   -4.59403    4.16365    1.00000    1.00000
     1.00000   -2.67210   -27.4187    24.5601    1.00000    1.00000
     1.00000    33.3500    36.3895   -42.1293    1.00000    1.00000
     1.00000   -17.4610   -11.7511    16.1328    1.00000    1.00000
     1.00000   -8.58612E-02   0.368923    4.14663    1.00000    1.00000
     1.00000   -9.11093   -32.8631    21.2431    1.00000    1.00000
     1.00000   -1.44331    34.2049   -8.69121    1.00000    1.00000
     1.00000   -7.88933   -16.0570    19.7731    1.00000    1.00000
     1.00000   -20.4938   -6.57628   -15.1837    1.00000    1.00000
     1.00000    1.32211   -37.5225    34.8426    1.00000    1.00000
     1.00000    25.1667    38.6679   -33.8680    1.00000    1.00000
     1.00000   -19.7811   -12.3502    22.2954    1.00000    1.00000
     1.00000   -6.14841    27.9586   -17.0186    1.00000    1.00000
     1.00000    2.14771   -26.0294  -0.145416    1.00000    1.00000
     1.00000    14.0840    49.3122   -37.1265    1.00000    1.00000
     1.00000   0.396255   -18.1463    12.1644    1.00000    1.00000
     1.00000   -6.48843   -1.94392    2.60099    1.00000    1.00000
     1.00000   -9.20724   -23.2509    27.6564    1.00000    1.00000
     1.00000    33.9080    41.3564   -52.6364    1.00000    1.00000
     1.00000   -12.2583   -5.28411   10.24557    1.00000    1.00000
     1.00000  -0.765091    17.4105    5.94212    1.00000    1.00000
     1.00000   -6.88052   -38.9067    11.1089    1.00000    1.00000
     1.00000    18.2755    46.5318   -24.9900    1.00000    1.00000
     1.00000    3.61519  -10.45495    22.8426    1.00000    1.00000
     1.00000   -19.5339   -7.07913   -13.5027    1.00000    1.00000
     1.00000    11.0956   -54.2577    20.4415    1.00000    1.00000
     1.00000    25.0442    37.8716   -37.4636    1.00000    1.00000
     1.00000   -28.7544   -14.9498    25.8341    1.00000    1.00000
     1.00000  -10.25858    31.8417   -7.57233    1.00000    1.00000
     1.00000   -7.77032   -29.3328    17.0032    1.00000    1.00000
     1.00000    18.8556    46.9469   -31.1191    1.00000    1.00000
     1.00000    2.41872   -25.0809    5.75110    1.00000    1.00000
     1.00000  -10.35716    1.42914    10.8660    1.00000    1.00000
     1.00000   -7.75735   -33.9722    38.6802    1.00000    1.00000
     1.00000    28.6723    34.5402   -43.7794    1.00000    1.00000
     1.00000   -7.73683   -3.95823    21.4531    1.00000    1.00000
     1.00000   -5.57780    6.54642   0.531700    1.00000    1.00000
     1.00000   -11.8186   -36.8067    16.7286    1.00000    1.00000
     1.00000    3.12994    40.2332   -14.2209    1.00000    1.00000
     1.00000   0.748047   -16.0371    16.7412    1.00000    1.00000
     1.00000   -18.1693   -1.22791   -20.1789    1.00000    1.00000
     1.00000    8.33127   -42.2964    34.3103    1.00000    1.00000
     1.00000    24.9279    29.8638   -32.0034    1.00000    1.00000
     1.00000   -25.0303  -10.31372    41.4429    1.00000    1.00000
     1.00000   -10.5882    27.7533   -19.8633    1.00000    1.00000
     1.00000   -6.18893   -24.4966    4.94603    1.00000    1.00000
     1.00000    20.1274    54.4945   -36.6391    1.00000    1.00000
     1.00000   -3.38452   -15.4798    5.94086    1.00000    1.00000
     1.00000   -11.5356   -13.7502   -2.97301    1.00000    1.00000
     1.00000   -9.28128   -36.3525    33.8891    1.00000    1.00000
     1.00000    27.0945    41.4816   -43.0085    1.00000    1.00000
     1.00000   -8.28503   -15.4455    13.2149    1.00000    1.00000
     1.00000    3.90889    15.3340    3.17044    1.00000    1.00000
     1.00000   -6.34242   -31.5679    14.2467    1.00000    1.00000
     1.00000    19.7485    39.3334   -16.6738    1.00000    1.00000
     1.00000    1.20723   -6.91308    16.4471    1.00000    1.00000
     1.00000   -5.84474   -8.06648   -12.0955    1.00000    1.00000
     1.00000    11.4969   -49.2973    23.9637    1.00000    1.00000
     1.00000    19.5123    40.7097   -46.2010    1.00000    1.00000
     1.00000   -36.1818   -14.8766    38.6072    1.00000    1.00000
     1.00000    2.21013    25.3909    2.69765    1.00000    1.00000
     1.00000    9.41652   -38.7678    11.5126    1.00000    1.00000
     1.00000    8.04437    43.9901   -38.7694    1.00000    1.00000
     1.00000    1.92400   -17.0574    2.23814    1.00000    1.00000
     1.00000   -8.26151   -1.53957    7.14793    1.00000    1.00000
     1.00000   -5.13518   -25.2545    34.1944    1.00000    1.00000
     1.00000    36.3269    40.0014   -43.9413    1.00000    1.00000
     1.00000   -17.6887   -5.29748    17.8882    1.00000    1.00000
     1.00000    4.65207    4.82239    11.5936    1.00000    1.00000
     1.00000   -14.8199   -35.9843    20.8486    1.00000    1.00000
     1.00000   -2.88811    30.0949   -13.6251    1.00000    1.00000
     1.00000   -2.61061   -13.8034    19.1388    1.00000    1.00000
     1.00000   -26.1892   -3.72852   -16.2630    1.00000    1.00000
     1.00000    3.09703   -42.2155    31.0072    1.00000    1.00000
     1.00000    28.0328    40.2340   -31.5663    1.00000    1.00000
     1.00000   -21.8280  -10.26802    30.8557    1.00000    1.00000
     1.00000   -9.99516    31.1107   -13.1983    1.00000    1.00000
     1.00000   -1.28043   -25.0491   -2.43499    1.00000    1.00000
     1.00000    15.3169    53.7682   -39.0850    1.00000    1.00000
     1.00000   -2.97025   -19.1386    8.97157    1.00000    1.00000
     1.00000   -4.34048   0.179207  -0.446404    1.00000    1.00000
     1.00000   -7.75549   -28.6927    28.7082    1.00000    1.00000
     1.00000    36.1803    43.4659   -48.3135    1.00000    1.00000
     1.00000   -9.96292   -10.7947    9.52594    1.00000    1.00000
     1.00000  -0.711563    13.4962    3.34544    1.00000    1.00000
     1.00000   -7.73474   -37.4668   10.01481    1.00000    1.00000
     1.00000    13.3442    43.1757   -19.4596    1.00000    1.00000
     1.00000    5.88573   -11.3195    21.7515    1.00000    1.00000
     1.00000   -12.4337   -7.01806   -7.94819    1.00000    1.00000
     1.00000    12.9500   -52.0755    17.8101    1.00000    1.00000
     1.00000    23.1163    32.7585   -47.9331    1.00000    1.00000
     1.00000   -30.3195   -16.0815    26.3537    1.00000    1.00000
     1.00000   -7.10413    31.1154   -2.44591    1.00000    1.00000
     1.00000  -0.171631   -25.7634    11.1905    1.00000    1.00000
     1.00000    16.3658    50.1857   -34.4328    1.00000    1.00000
     1.00000  -0.295547   -22.0840    3.10129    1.00000    1.00000
     1.00000   -11.2859    3.64677    16.8333    1.00000    1.00000
     1.00000   -5.34332   -33.1780    31.7111    1.00000    1.00000
     1.00000    27.7409    34.3102   -38.4086    1.00000    1.00000
     1.00000   -6.29707   -3.43548    16.2802    1.00000    1.00000
     1.00000    7.08923E-02    9.38766    7.74805    1.00000    1.00000
     1.00000   -15.5473   -41.4774    24.4209    1.00000    1.00000
     1.00000    7.48026    41.0286   -13.5169    1.00000    1.00000
     1.00000   0.179443   -13.2840    16.5744    1.00000    1.00000
     1.00000   -18.3360    2.42750   -23.4909    1.00000    1.00000
     1.00000    9.65504   -45.0088    30.6792    1.00000    1.00000
     1.00000    23.6439    25.2722   -27.7306    1.00000    1.00000
     1.00000   -25.8811   -16.2289    34.6502    1.00000    1.00000
     1.00000   -12.9971    26.1182   -13.2456    1.00000    1.00000
     1.00000   -3.20331   -31.9059    9.06808    1.00000    1.00000
     1.00000    14.4605    54.5555   -40.7118    1.00000    1.00000
     1.00000   0.548584   -6.54293    8.79131    1.00000    1.00000
     1.00000   -7.28650   -5.72926   -1.24802    1.00000    1.00000
     1.00000   -12.0514   -32.9470    26.3958    1.00000    1.00000
     1.00000    28.1346    38.3383   -46.5967    1.00000    1.00000
     1.00000   -9.33310   -13.8294    11.6404    1.00000    1.00000
     1.00000    7.19873    21.6429    7.27938    1.00000    1.00000
     1.00000  -10.46149   -35.8565    14.6791    1.00000    1.00000
     1.00000    20.5451    39.8590   -14.9162    1.00000    1.00000
     1.00000    1.53040   -3.91359    15.7446    1.00000    1.00000
     1.00000   -11.5535   -11.4067   -9.31818    1.00000    1.00000
     1.00000    5.65268   -53.2190    25.7330    1.00000    1.00000
     1.00000    16.4931    39.3385   -39.9531    1.00000    1.00000
     1.00000   -33.4601   -23.3211    35.7506    1.00000    1.00000
     1.00000  -0.564346    29.1010   -1.35695    1.00000    1.00000
     1.00000    11.8653   -32.8556    8.57944    1.00000    1.00000
     1.00000    20.5202    49.7324   -39.0010    1.00000    1.00000
     1.00000    1.89703   -17.6847   -2.22285    1.00000    1.00000
     1.00000   -8.85858   -6.65238    7.82517    1.00000    1.00000
     1.00000   -2.41821   -22.7270    25.4483    1.00000    1.00000
     1.00000    34.7552    37.4811   -46.6748    1.00000    1.00000
     1.00000   -16.1510   -9.92846    20.2622    1.00000    1.00000
     1.00000   0.931442    2.17080    8.72114    1.00000    1.00000
     1.00000   -11.6855   -34.9236    19.6640    1.00000    1.00000
     1.00000    2.03503    39.0633   -13.0240    1.00000    1.00000
     1.00000   -6.53247   -13.6446    18.9444    1.00000    1.00000
     1.00000   -22.7648   -6.70516   -14.9927    1.00000    1.00000
     1.00000   -1.97935   -38.9069    33.9648    1.00000    1.00000
     1.00000    26.5210    37.2975   -33.3315    1.00000    1.00000
     1.00000   -20.1484   -12.9858    24.1558    1.00000    1.00000
     1.00000   -3.24356    27.1144   -14.0784    1.00000    1.00000
     1.00000    1.48633   -30.6263   -1.35613    1.00000    1.00000
     1.00000    13.3117    48.1599   -41.3769    1.00000    1.00000
     1.00000   -3.51549   -16.6021   10.29362    1.00000    1.00000
     1.00000   -3.43182   -1.02126    6.92384    1.00000    1.00000
     1.00000   -8.18063   -25.5843    32.0223    1.00000    1.00000
     1.00000    33.1920    41.1973   -46.5789    1.00000    1.00000
     1.00000   -13.6349   -7.88596   10.32695    1.00000    1.00000
     1.00000    1.98517E-02    20.0720    1.26030    1.00000    1.00000
     1.00000   -8.83292   -42.9343    11.2260    1.00000    1.00000
     1.00000    19.3848    48.1912   -25.1152    1.00000    1.00000
     1.00000    3.23116   -8.37524    23.6111    1.00000    1.00000
     1.00000   -13.2254   -5.33991   -11.7990    1.00000    1.00000
     1.00000    12.8529   -48.9408    21.8020    1.00000    1.00000
     1.00000    23.0270    34.8544   -38.5505    1.00000    1.00000
     1.00000   -28.5184   -14.0710    28.2452    1.00000    1.00000
     1.00000   -10.9464    35.8569  -10.36700    1.00000    1.00000
     1.00000   -2.36703   -31.2809    12.7936    1.00000    1.00000
     1.00000    17.3561    49.9762   -27.7652    1.00000    1.00000
     1.00000    6.96658   -27.8109    5.78870    1.00000    1.00000
     1.00000   -13.9604   0.236046    9.34486    1.00000    1.00000
     1.00000   -5.46040   -30.2560    34.1243    1.00000    1.00000
     1.00000    31.5578    36.0734   -45.8752    1.00000    1.00000
     1.00000   -10.9215   -6.11237    19.0138    1.00000    1.00000
     1.00000   -7.54514    3.18306    1.24403    1.00000    1.00000
     1.00000   -12.4072   -38.7902    17.8133    1.00000    1.00000
     1.00000    6.15826    44.2019   -17.4371    1.00000    1.00000
     1.00000    1.31680   -15.1534    21.5214    1.00000    1.00000
     1.00000   -20.4847   -3.22742   -15.3637    1.00000    1.00000
     1.00000    2.43097   -43.9550    26.8392    1.00000    1.00000
     1.00000    24.4374    23.5627   -32.2642    1.00000    1.00000
     1.00000   -25.1693   -8.57703    35.9939    1.00000    1.00000
     1.00000   -8.39847    26.7050   -17.9859    1.00000    1.00000
     1.00000   0.680115   -28.1274    3.23174    1.00000    1.00000
     1.00000    16.3475    55.7957   -42.6028    1.00000    1.00000
     1.00000   -2.60158  -10.56395    9.02318    1.00000    1.00000
     1.00000   -9.99887  -10.15637   -1.60632    1.00000    1.00000
     1.00000  -10.20546   -38.7863    30.6885    1.00000    1.00000
     1.00000    26.6598    42.1677   -40.2106    1.00000    1.00000
     1.00000   -11.3077   -18.7855    12.2814    1.00000    1.00000
     1.00000    1.66718    13.9364    4.20786    1.00000    1.00000
     1.00000   -4.92659   -35.3825    12.7393    1.00000    1.00000
     1.00000    14.1201    33.2092   -18.0224    1.00000    1.00000
     1.00000   -2.35486   -5.84736    13.0095    1.00000    1.00000
     1.00000   -6.94505   -7.01901   -16.3344    1.00000    1.00000
     1.00000    6.56573   -50.4050    23.3912    1.00000    1.00000
     1.00000    19.8786    37.8948   -41.9426    1.00000    1.00000
     1.00000   -34.6756   -17.8402    35.6023    1.00000    1.00000
     1.00000  -0.204285    25.4178    1.63282    1.00000    1.00000
     1.00000    9.44774   -34.2990    6.22233    1.00000    1.00000
     1.00000    14.4536    45.5381   -40.5388    1.00000    1.00000
     1.00000   -1.09248   -17.5217    1.39381    1.00000    1.00000
     1.00000  -10.26654  -0.835068    4.65146    1.00000    1.00000
     1.00000   -2.51962   -27.2923    29.5048    1.00000    1.00000
     1.00000    32.6685    39.8550   -44.0378    1.00000    1.00000
     1.00000   -14.8271   -4.45749    18.1372    1.00000    1.00000
     1.00000    1.84785    6.30921    11.2139    1.00000    1.00000
     1.00000   -14.3332   -36.5889    26.8497    1.00000    1.00000
     1.00000   -1.53169    33.4233   -11.2293    1.00000    1.00000
     1.00000   -2.26808   -12.4292    20.5510    1.00000    1.00000
     1.00000   -29.0697   -3.88277   -17.4148    1.00000    1.00000
     1.00000    5.17993   -42.5346    36.8810    1.00000    1.00000
     1.00000    21.3664    39.0727   -28.0074    1.00000    1.00000
     1.00000   -20.6252   -7.47760    32.6193    1.00000    1.00000
     1.00000   -6.78554    27.9492   -15.1228    1.00000    1.00000
     1.00000  -0.638840   -22.5135   -5.32872    1.00000    1.00000
     1.00000    13.5258    52.1636   -38.4203    1.00000    1.00000
     1.00000   -2.43195   -19.8363    6.14552    1.00000    1.00000
     1.00000   -7.41405   -1.60340   0.861076    1.00000    1.00000
     1.00000   -9.25133   -32.6525    28.7148    1.00000    1.00000
     1.00000    36.9907    45.1324   -51.0203    1.00000    1.00000
     1.00000   -11.2386   -14.9194    8.93925    1.00000    1.00000
     1.00000   -2.67606    12.9784    4.85266    1.00000    1.00000
     1.00000   -5.14450   -39.0940    5.76986    1.00000    1.00000
     1.00000    13.4056    41.4276   -24.7393    1.00000    1.00000
     1.00000    1.28326   -6.32288    20.6454    1.00000    1.00000
     1.00000   -11.2764   -3.25951   -12.1850    1.00000    1.00000
     1.00000    10.5860   -53.7172    15.5579    1.00000    1.00000
     1.00000    20.2635    35.0856   -42.1856    1.00000    1.00000
     1.00000   -33.3226   -19.4628    32.6066    1.00000    1.00000
     1.00000   -6.45758    29.2634   -2.83591    1.00000    1.00000
     1.00000    1.63010   -27.9410    12.9459    1.00000    1.00000
     1.00000    18.5767    48.7486   -31.9413    1.00000    1.00000
     1.00000    6.57413   -25.1592    2.40461    1.00000    1.00000
     1.00000   -14.8975    2.26644    11.9652    1.00000    1.00000
     1.00000   -3.94514   -29.8903    30.2518    1.00000    1.00000
     1.00000    25.7239    30.0121   -40.8814    1.00000    1.00000
     1.00000   -7.63326   -2.02670    16.7597    1.00000    1.00000
     1.00000   -5.45937    10.7940    5.42931    1.00000    1.00000
     1.00000   -9.05336   -42.0793    20.7513    1.00000    1.00000
     1.00000    5.24945    43.3583   -13.9860    1.00000    1.00000
     1.00000    5.19104E-02   -12.2309    14.2642    1.00000    1.00000
     1.00000   -16.6877    2.45390   -21.0570    1.00000    1.00000
     1.00000    4.80980   -48.7001    29.6638    1.00000    1.00000
     1.00000    26.6467    26.8278   -26.4059    1.00000    1.00000
     1.00000   -30.3478   -13.7396    34.0574    1.00000    1.00000
     1.00000   -12.8958    24.1166   -16.6203    1.00000    1.00000
     1.00000   -4.80003   -27.5967    6.15750    1.00000    1.00000
     1.00000   10.32304    56.9273   -41.0405    1.00000    1.00000
     1.00000   -2.34810   -9.10684    10.6212    1.00000    1.00000
     1.00000   -10.6846   -9.56031   -6.83447    1.00000    1.00000
     1.00000   -12.7744   -33.3522    28.2160    1.00000    1.00000
     1.00000    28.1104    41.4269   -44.7304    1.00000    1.00000
     1.00000   -5.76939   -12.2211    13.7236    1.00000    1.00000
     1.00000    3.18443    23.0267    4.79019    1.00000    1.00000
     1.00000   -10.9523   -32.5002    15.3566    1.00000    1.00000
     1.00000    13.5108    41.9314   -16.0952    1.00000    1.00000
     1.00000    4.69226   -4.41003    16.5770    1.00000    1.00000
     1.00000  -10.54028  -10.13737   -12.5952    1.00000    1.00000
     1.00000    7.74713   -53.9903    28.7692    1.00000    1.00000
     1.00000    17.3413    41.3677   -43.8247    1.00000    1.00000
     1.00000   -30.1834   -20.2906    35.4998    1.00000    1.00000
     1.00000   -3.47212    30.8181   -4.51311    1.00000    1.00000
     1.00000    5.74879   -28.4825   10.15116    1.00000    1.00000
     1.00000    16.3679    48.3261   -37.4072    1.00000    1.00000
     1.00000   0.739456   -17.8986   0.287079    1.00000    1.00000
     1.00000   -8.35445   -4.81059    7.23048    1.00000    1.00000
     1.00000   -3.60239   -28.7114    21.0286    1.00000    1.00000
     1.00000    32.4053    33.7561   -41.4494    1.00000    1.00000
     1.00000   -18.8103   -10.8687    18.9407    1.00000    1.00000
     1.00000    2.80008   0.431393    4.89671    1.00000    1.00000
     1.00000   -10.8086   -33.7154    17.9857    1.00000    1.00000
     1.00000   -3.55682E-02    36.6681  -10.21230    1.00000    1.00000
     1.00000   -9.10616   -17.3022    17.1518    1.00000    1.00000
     1.00000   -19.8400   -5.34069   -17.1997    1.00000    1.00000
     1.00000    1.13794   -42.0853    33.7880    1.00000    1.00000
     1.00000    23.3106    38.8698   -34.5850    1.00000    1.00000
     1.00000   -21.4032   -11.8367    21.2442    1.00000    1.00000
     1.00000   -4.97937    25.5839   -15.0775    1.00000    1.00000
     1.00000    1.98538   -27.0067   -3.05505    1.00000    1.00000
     1.00000    10.9733    45.9221   -40.1152    1.00000    1.00000
     1.00000   -3.19254   -19.6137    11.7043    1.00000    1.00000
     1.00000   -3.63538   0.123154    2.02757    1.00000    1.00000
     1.00000   -9.47797   -23.2652    29.6379    1.00000    1.00000
     1.00000    32.8830    38.8895   -50.2116    1.00000    1.00000
     1.00000   -10.7589  -0.604504    12.3863    1.00000    1.00000
     1.00000   0.742371    16.7325    4.81614    1.00000    1.00000
     1.00000   -9.35352   -41.0913    12.8304    1.00000    1.00000
     1.00000    18.2253    47.4598   -22.6836    1.00000    1.00000
     1.00000    3.28102   -12.0296    24.0295    1.00000    1.00000
     1.00000   -19.0884   -8.43284   -14.9059    1.00000    1.00000
     1.00000    9.67137   -54.8829    18.7387    1.00000    1.00000
     1.00000    28.4686    39.1389   -37.6857    1.00000    1.00000
     1.00000   -27.1224   -16.1040    25.7663    1.00000    1.00000
     1.00000   -9.93456    33.7694   -7.99560    1.00000    1.00000
     1.00000   -7.06705   -28.0887    15.6040    1.00000    1.00000
     1.00000    18.4279    45.7671   -27.1839    1.00000    1.00000
     1.00000   -2.29272   -22.7645    3.79240    1.00000    1.00000
     1.00000   -11.4211   -2.72575    7.73689    1.00000    1.00000
     1.00000   -8.38716   -35.4455    39.8772    1.00000    1.00000
     1.00000    28.9548    33.9712   -39.9614    1.00000    1.00000
     1.00000   -8.86444   -5.81730    19.0135    1.00000    1.00000
     1.00000   -9.75616    6.27433   0.844498    1.00000    1.00000
     1.00000   -9.51326   -37.8651    17.8180    1.00000    1.00000
     1.00000    4.79993    41.4043   -15.3438    1.00000    1.00000
     1.00000  -0.604736   -16.9387    18.8228    1.00000    1.00000
     1.00000   -18.6629   0.218994   -18.8894    1.00000    1.00000
     1.00000    7.10382   -42.7333    31.2998    1.00000    1.00000
     1.00000    27.8788    32.7901   -33.3319    1.00000    1.00000
     1.00000   -25.3525   -9.32427    38.9777    1.00000    1.00000
     1.00000   -7.45099    28.9307   -18.1840    1.00000    1.00000
     1.00000   -2.22011   -25.6741    4.72173    1.00000    1.00000
     1.00000    18.3517    54.5451   -37.5579    1.00000    1.00000
     1.00000   0.133698   -15.3772    6.51897    1.00000    1.00000
     1.00000   -9.47643   -13.4948   -1.62745    1.00000    1.00000
     1.00000   -9.95355   -35.9043    32.0596    1.00000    1.00000
     1.00000    26.5689    44.7463   -42.3041    1.00000    1.00000
     1.00000   -11.1190   -14.9701    13.4592    1.00000    1.00000
     1.00000    5.71245    17.8742    4.24219    1.00000    1.00000
     1.00000   -5.52113   -33.5572    12.1781    1.00000    1.00000
     1.00000    18.8676    36.4385   -17.3244    1.00000    1.00000
     1.00000    2.07373   -8.34198    13.3306    1.00000    1.00000
     1.00000   -4.62056   -6.21310   -11.4177    1.00000    1.00000
     1.00000    11.8814   -47.3923    22.8073    1.00000    1.00000
     1.00000    18.7701    40.9553   -42.4558    1.00000    1.00000
     1.00000   -36.2245   -16.6511    36.0347    1.00000    1.00000
     1.00000    4.88022    23.6345    3.92136    1.00000    1.00000
     1.00000    8.57532   -36.0367    9.47323    1.00000    1.00000
     1.00000    11.9620    43.3512   -38.4934    1.00000    1.00000
     1.00000   -5.34058E-03   -20.1630    1.28783    1.00000    1.00000
     1.00000   -6.81602   -2.53657    9.33800    1.00000    1.00000
     1.00000   -3.48782   -25.9452    33.2948    1.00000    1.00000
     1.00000    35.5230    41.8130   -43.6730    1.00000    1.00000
     1.00000   -18.2301   -5.36586    15.9641    1.00000    1.00000
     1.00000    2.57390    3.26011    8.38092    1.00000    1.00000
     1.00000   -14.6689   -34.9622    23.6728    1.00000    1.00000
     1.00000   -1.00395    30.2690   -14.2728    1.00000    1.00000
     1.00000   -4.20740   -12.9439    18.2954    1.00000    1.00000
     1.00000   -24.1926   -3.70329   -16.3777    1.00000    1.00000
     1.00000    2.02011   -45.0225    33.5743    1.00000    1.00000
     1.00000    26.4764    41.2747   -30.8631    1.00000    1.00000
     1.00000   -20.3975   -10.7804    27.5070    1.00000    1.00000
     1.00000   -10.9442    30.7561   -11.4739    1.00000    1.00000
     1.00000   -4.29962   -25.2753   -1.95645    1.00000    1.00000
     1.00000    15.2251    52.2718   -42.2241    1.00000    1.00000
     1.00000  -0.285446   -20.0495    6.25763    1.00000    1.00000
     1.00000   -6.09402    1.97097   0.592224    1.00000    1.00000
     1.00000   -6.69957   -30.7324    32.6284    1.00000    1.00000
     1.00000    38.1834    41.2148   -50.2980    1.00000    1.00000
     1.00000  -10.08455   -7.53924    9.13396    1.00000    1.00000
     1.00000   -2.52441    11.3117    7.21262    1.00000    1.00000
     1.00000   -7.86052   -40.0417    7.77031    1.00000    1.00000
     1.00000    14.6611    45.1242   -20.3288    1.00000    1.00000
     1.00000    4.79019   -7.73732    22.5330    1.00000    1.00000
     1.00000   -10.7535   -8.07865   -8.17598    1.00000    1.00000
     1.00000    15.6557   -51.2123    16.2296    1.00000    1.00000
     1.00000    21.4483    30.7856   -43.2152    1.00000    1.00000
     1.00000   -29.6717   -15.7334    28.2136    1.00000    1.00000
     1.00000   -8.85434    31.0393   -6.39580    1.00000    1.00000
     1.00000  -0.677628   -27.2129    13.6209    1.00000    1.00000
     1.00000    19.6096    52.0945   -34.8126    1.00000    1.00000
     1.00000    3.52943   -22.9333    3.60527    1.00000    1.00000
     1.00000   -11.1440    2.65325    15.1033    1.00000    1.00000
     1.00000   -3.64890   -33.8987    32.4919    1.00000    1.00000
     1.00000    24.1919    31.9238   -35.3502    1.00000    1.00000
     1.00000   -8.27956   -5.82233    14.3803    1.00000    1.00000
     1.00000   -2.89287    8.59092    4.83018    1.00000    1.00000
     1.00000   -12.7976   -38.7496    20.8456    1.00000    1.00000
     1.00000    9.53342    42.7581   -16.1789    1.00000    1.00000
     1.00000   -1.34174   -13.6360    13.2340    1.00000    1.00000
     1.00000   -18.0368    5.24093   -23.8440    1.00000    1.00000
     1.00000   10.17223   -49.6394    32.4145    1.00000    1.00000
     1.00000    25.1422    27.2837   -27.6423    1.00000    1.00000
     1.00000   -24.8186   -14.5345    34.6441    1.00000    1.00000
     1.00000   -13.2587    24.1791   -14.6545    1.00000    1.00000
     1.00000   -1.81702   -30.5073    8.71880    1.00000    1.00000
     1.00000    13.3241    54.8487   -42.3313    1.00000    1.00000
     1.00000   -1.36847   -6.37712    8.24593    1.00000    1.00000
     1.00000   -9.33768   -7.25879   -2.85455    1.00000    1.00000
     1.00000   -11.3208   -34.0604    23.6818    1.00000    1.00000
     1.00000    31.0531    39.1569   -45.2216    1.00000    1.00000
     1.00000   -6.08475   -13.2800    11.5271    1.00000    1.00000
     1.00000    6.01151    19.8450    4.08004    1.00000    1.00000
     1.00000  -10.51736   -37.3270    13.3246    1.00000    1.00000
     1.00000    17.3276    40.3097   -14.8285    1.00000    1.00000
     1.00000    2.98361   -5.18198    18.4167    1.00000    1.00000
     1.00000  -10.19653   -12.4789   -11.2144    1.00000    1.00000
     1.00000    6.57599   -51.0896    25.6810    1.00000    1.00000
     1.00000    14.9001    41.5909   -41.1264    1.00000    1.00000
     1.00000   -33.4421   -21.5055    34.6844    1.00000    1.00000
     1.00000   0.575485    27.3528  -0.646362    1.00000    1.00000
     1.00000    9.00349   -31.1803    12.2045    1.00000    1.00000
     1.00000    18.7541    52.9187   -39.7012    1.00000    1.00000
     1.00000    3.26538   -14.6461   -1.56236    1.00000    1.00000
     1.00000   -5.42975   -7.94324    7.74182    1.00000    1.00000
     1.00000   -3.72215   -25.7188    24.4713    1.00000    1.00000
     1.00000    35.8618    35.8156   -46.6363    1.00000    1.00000
     1.00000   -14.5965   -7.47789    18.8659    1.00000    1.00000
     1.00000    3.14093   0.726254    6.84527    1.00000    1.00000
     1.00000   -11.3171   -32.2460    21.5108    1.00000    1.00000
     1.00000   0.303223    39.0325   -12.0240    1.00000    1.00000
     1.00000   -8.02686   -13.9212    17.6443    1.00000    1.00000
     1.00000   -22.7650   -3.92937   -14.0838    1.00000    1.00000
     1.00000   -2.39456   -37.0268    33.4236    1.00000    1.00000
     1.00000    27.9011    34.2816   -31.9996    1.00000    1.00000
     1.00000   -17.2164   -12.8427    23.5861    1.00000    1.00000
     1.00000   -5.30901    31.9932   -11.8413    1.00000    1.00000
     1.00000  -0.976486   -28.2942  -0.827072    1.00000    1.00000
     1.00000    9.72610    46.3966   -42.9088    1.00000    1.00000
     1.00000   -1.90208   -17.7045    9.86742    1.00000    1.00000
     1.00000   -3.78021   -3.84065    5.68851    1.00000    1.00000
     1.00000   -9.34746   -26.5442    30.7119    1.00000    1.00000
     1.00000    31.9651    43.3309   -50.6214    1.00000    1.00000
     1.00000   -13.2810   -6.36763    11.5797    1.00000    1.00000
     1.00000    6.12946E-02    15.8643    2.84408    1.00000    1.00000
     1.00000   -7.18121   -46.1978    11.7441    1.00000    1.00000
     1.00000    20.0894    46.2340   -26.1733    1.00000    1.00000
     1.00000    1.23944   -9.63150    24.1463    1.00000    1.00000
     1.00000   -15.9080   -7.13071   -14.0079    1.00000    1.00000
     1.00000    12.4475   -52.8428    20.8546    1.00000    1.00000
     1.00000    21.7151    35.2807   -39.9986    1.00000    1.00000
     1.00000   -29.9644   -9.50718    29.2846    1.00000    1.00000
     1.00000   -12.7266    35.9664   -13.4500    1.00000    1.00000
     1.00000   -5.08270   -30.2100    13.4922    1.00000    1.00000
     1.00000    15.4069    49.8535   -28.1959    1.00000    1.00000
     1.00000    4.28917   -25.6795    5.37282    1.00000    1.00000
     1.00000   -12.2421    2.43602    9.30207    1.00000    1.00000
     1.00000   -6.57130   -31.0928    35.5615    1.00000    1.00000
     1.00000    29.4847    34.4933   -46.5631    1.00000    1.00000
     1.00000   -10.6835   -3.32193    17.3791    1.00000    1.00000
     1.00000   -5.09825    4.16375   -5.35583E-03    1.00000    1.00000
     1.00000   -12.8380   -38.4174    15.8962    1.00000    1.00000
     1.00000    4.77585    40.0092   -17.6772    1.00000    1.00000
     1.00000    1.26607   -13.9561    19.9202    1.00000    1.00000
     1.00000   -19.6927   -3.34653   -17.2404    1.00000    1.00000
     1.00000    5.87671   -43.5156    29.9279    1.00000    1.00000
     1.00000    24.6708    27.0588   -31.0521    1.00000    1.00000
     1.00000   -25.2534   -11.0311    36.1001    1.00000    1.00000
     1.00000   -7.96382    25.8914   -16.2114    1.00000    1.00000
     1.00000   -1.50089   -27.4703    5.22784    1.00000    1.00000
     1.00000    16.4239    56.1075   -38.0087    1.00000    1.00000
     1.00000   -1.14413   -14.9199    8.64694    1.00000    1.00000
     1.00000   -8.78578  -10.55704   -6.75201E-02    1.00000    1.00000
     1.00000   -11.5717   -36.3073    28.8787    1.00000    1.00000
     1.00000    28.3373    43.2348   -39.9931    1.00000    1.00000
     1.00000  -10.24495   -17.3161    10.7912    1.00000    1.00000
     1.00000   0.453156    12.8172    6.98170    1.00000    1.00000
     1.00000   -3.39821   -37.9018    14.9423    1.00000    1.00000
     1.00000    16.2797    34.2192   -17.7977    1.00000    1.00000
     1.00000  -0.574661   -6.14305    16.9287    1.00000    1.00000
     1.00000   -8.12384   -7.18277   -13.0449    1.00000    1.00000
     1.00000    8.56351   -50.3974    23.4856    1.00000    1.00000
     1.00000    21.0359    40.1214   -39.0952    1.00000    1.00000
     1.00000   -30.5872   -18.0987    35.9411    1.00000    1.00000
     1.00000  -0.382996    27.3397    1.10895    1.00000    1.00000
     1.00000    11.4712   -35.0915    9.42410    1.00000    1.00000
     1.00000    16.3480    45.9048   -41.0648    1.00000    1.00000
     1.00000   -2.61723   -18.5118   0.560303    1.00000    1.00000
     1.00000   -7.16811   0.174805    6.80249    1.00000    1.00000
     1.00000   -3.35582   -24.6904    29.4964    1.00000    1.00000
     1.00000    33.2709    38.3658   -41.8326    1.00000    1.00000
     1.00000   -13.8474   -5.69271    19.3678    1.00000    1.00000
     1.00000   -6.52924E-02    7.56830    8.56744    1.00000    1.00000
     1.00000   -14.3154   -38.4858    23.4759    1.00000    1.00000
     1.00000   -1.09764    31.4785   -11.0574    1.00000    1.00000
     1.00000   -3.24799   -10.7181    20.8853    1.00000    1.00000
     1.00000   -28.5078   -4.30589   -15.4949    1.00000    1.00000
     1.00000    5.24579   -43.0911    34.9611    1.00000    1.00000
     1.00000    24.3650    38.3520   -29.9523    1.00000    1.00000
     1.00000   -22.6856   -9.32705    33.9262    1.00000    1.00000
     1.00000   -8.64549    28.6308   -13.8729    1.00000    1.00000
     1.00000   -2.57912   -22.9677   -5.15833    1.00000    1.00000
     1.00000    13.7534    50.2087   -40.1628    1.00000    1.00000
     1.00000   -1.71201   -22.2237    9.26994    1.00000    1.00000
     1.00000   -7.29137   -4.02318   -2.99424    1.00000    1.00000
     1.00000  -10.51906   -32.0316    27.2980    1.00000    1.00000
     1.00000    35.6596    47.6660   -52.5859    1.00000    1.00000
     1.00000   -11.5719   -11.5352    8.59694    1.00000    1.00000
     1.00000   -4.00722    12.6055    6.85577    1.00000    1.00000
     1.00000   -7.66136   -36.7201    6.92410    1.00000    1.00000
     1.00000    15.8229    43.8810   -24.2933    1.00000    1.00000
     1.00000    4.02467   -8.60946    19.0866    1.00000    1.00000
     1.00000   -10.6694   -5.45190   -9.32370    1.00000    1.00000
     1.00000   10.53125   -53.3885    13.5859    1.00000    1.00000
     1.00000    20.2809    33.1822   -41.5718    1.00000    1.00000
     1.00000   -31.6182   -17.2839    30.6467    1.00000    1.00000
     1.00000   -5.28951    25.8140   -3.34148    1.00000    1.00000
     1.00000    3.86902   -24.9301    11.8914    1.00000    1.00000
     1.00000    17.9990    49.2225   -33.7965    1.00000    1.00000
     1.00000    5.06552   -26.4690    2.49734    1.00000    1.00000
     1.00000   -15.9002    2.55882    13.6708    1.00000    1.00000
     1.00000   -2.10106   -28.4342    27.9170    1.00000    1.00000
     1.00000    27.7036    30.3641   -38.1676    1.00000    1.00000
     1.00000   -8.88330   -1.18994    13.5589    1.00000    1.00000
     1.00000   -5.01804    8.14637    3.36902    1.00000    1.00000
     1.00000   -10.7919   -39.4363    21.9432    1.00000    1.00000
     1.00000    6.99664    42.8043   -15.8122    1.00000    1.00000
     1.00000   0.538574  -10.28518    13.3909    1.00000    1.00000
     1.00000   -19.8484    4.69468   -21.1051    1.00000    1.00000
     1.00000    7.62787   -48.1022    30.8764    1.00000    1.00000
     1.00000    25.9657    25.8053   -23.7433    1.00000    1.00000
     1.00000   -28.8620   -12.8539    31.9016    1.00000    1.00000
     1.00000   -11.7779    23.1403   -17.9609    1.00000    1.00000
     1.00000   -3.22633   -30.4480    6.73000    1.00000    1.00000
     1.00000    8.17825    56.8458   -39.8667    1.00000    1.00000
     1.00000   -2.56352   -8.58307    12.5393    1.00000    1.00000
     1.00000   -8.36935   -10.9194   -5.46670    1.00000    1.00000
     1.00000   -14.6079   -33.6128    27.4608    1.00000    1.00000
     1.00000    29.8291    42.4351   -44.5582    1.00000    1.00000
     1.00000   -5.90056   -11.1667    16.7132    1.00000    1.00000
     1.00000    3.86501    20.7966    2.40357    1.00000    1.00000
     1.00000   -12.1443   -31.8312    16.8166    1.00000    1.00000
     1.00000    14.0014    43.1892   -17.5707    1.00000    1.00000
     1.00000    4.43318   -6.37282    16.2935    1.00000    1.00000
     1.00000   -11.4497   -9.51873   -14.9908    1.00000    1.00000
     1.00000    4.31836   -52.4468    30.2110    1.00000    1.00000
     1.00000    14.7158    44.5017   -42.9160    1.00000    1.00000
     1.00000   -30.1393   -23.8669    35.6493    1.00000    1.00000
     1.00000   -2.30818    29.5671   -3.41270    1.00000    1.00000
     1.00000    9.21309   -29.3773    9.56990    1.00000    1.00000
     1.00000    17.9016    46.6848   -38.2664    1.00000    1.00000
     1.00000   -5.52368E-03   -17.7166   -1.56004    1.00000    1.00000
     1.00000   -6.88895   -4.64841    5.87918    1.00000    1.00000
     1.00000   -2.24521   -29.2484    23.8748    1.00000    1.00000
     1.00000    33.0519    36.2732   -44.1036    1.00000    1.00000
     1.00000   -17.3158   -11.9147    18.1208    1.00000    1.00000
     1.00000    1.68912    8.19778E-02    3.27078    1.00000    1.00000
     1.00000   -7.66240   -32.0058    20.1629    1.00000    1.00000
     1.00000   -2.11116    32.7556   -7.48557    1.00000    1.00000
     1.00000   -7.68274   -16.0474    17.7838    1.00000    1.00000
     1.00000   -20.2933   -7.61214   -16.8827    1.00000    1.00000
     1.00000   0.632462   -39.3669    34.4925    1.00000    1.00000
     1.00000    25.7400    40.4182   -34.6475    1.00000    1.00000
     1.00000   -19.6707  -10.53427    23.1261    1.00000    1.00000
     1.00000   -4.74162    26.5410   -17.1254    1.00000    1.00000
     1.00000    3.68384   -24.9568  -0.845215    1.00000    1.00000
     1.00000    12.6860    49.0872   -38.5390    1.00000    1.00000
     1.00000  -0.847229   -18.6236    13.6563    1.00000    1.00000
     1.00000   -4.78773   -1.05360    3.16217    1.00000    1.00000
     1.00000   -8.47363   -23.9610    25.9366    1.00000    1.00000
     1.00000    33.6414    43.0961   -51.6866    1.00000    1.00000
     1.00000   -11.8206   -4.08754    11.7872    1.00000    1.00000
     1.00000   -2.41129    16.9707    4.89493    1.00000    1.00000
     1.00000   -8.63286   -39.4864    11.8792    1.00000    1.00000
     1.00000    16.8258    45.5845   -23.9895    1.00000    1.00000
     1.00000    3.05765   -11.9731    21.6660    1.00000    1.00000
     1.00000   -17.6951   -6.30662   -13.6513    1.00000    1.00000
     1.00000    11.3821   -53.8749    18.4995    1.00000    1.00000
     1.00000    26.6055    37.3909   -38.6174    1.00000    1.00000
     1.00000   -29.8885   -13.6527    26.8496    1.00000    1.00000
     1.00000   -9.48154    31.0154   -9.21956    1.00000    1.00000
     1.00000   -9.57030   -29.2021    17.8652    1.00000    1.00000
     1.00000    19.0569    45.7528   -29.5274    1.00000    1.00000
     1.00000   0.505524   -24.5029    5.67650    1.00000    1.00000
     1.00000   -11.4698   0.595451    9.42831    1.00000    1.00000
     1.00000   -6.11160   -33.3724    37.7150    1.00000    1.00000
     1.00000    30.2123    35.6821   -43.2098    1.00000    1.00000
     1.00000   -8.26477   -3.97893    19.5242    1.00000    1.00000
     1.00000   -6.37109    7.68858    1.96912    1.00000    1.00000
     1.00000   -9.87389   -36.3919    16.5143    1.00000    1.00000
     1.00000    3.44664    40.2029   -16.1954    1.00000    1.00000
     1.00000   0.770004   -15.8761    14.7478    1.00000    1.00000
     1.00000   -18.9826   -2.77850   -19.2124    1.00000    1.00000
     1.00000    6.69179   -42.7464    33.2569    1.00000    1.00000
     1.00000    24.6170    30.9094   -33.6797    1.00000    1.00000
     1.00000   -26.2030   -10.8692    39.9210    1.00000    1.00000
     1.00000   -8.79666    28.6108   -19.6286    1.00000    1.00000
     1.00000   -6.09218   -26.4856    4.76064    1.00000    1.00000
     1.00000    20.4869    56.1026   -37.7726    1.00000    1.00000
     1.00000   -3.32642   -13.8693    7.12526    1.00000    1.00000
     1.00000  -10.27150   -12.2010   -2.92892    1.00000    1.00000
     1.00000   -8.80077   -34.4113    33.9154    1.00000    1.00000
     1.00000    28.4267    41.3773   -41.5204    1.00000    1.00000
     1.00000   -6.40680   -15.2342    13.8688    1.00000    1.00000
     1.00000    2.03015    15.0151    2.56327    1.00000    1.00000
     1.00000   -5.86736   -33.5081    14.1473    1.00000    1.00000
     1.00000    20.4217    39.2554   -18.5554    1.00000    1.00000
     1.00000    1.79636   -8.79969    16.1411    1.00000    1.00000
     1.00000   -7.41092   -9.04281   -12.8662    1.00000    1.00000
     1.00000   10.01656   -48.1750    23.2227    1.00000    1.00000
     1.00000    18.3681    39.1583   -46.7340    1.00000    1.00000
     1.00000   -35.1584   -16.0913    39.8225    1.00000    1.00000
     1.00000    3.27475    23.6981    2.73038    1.00000    1.00000
     1.00000    9.85449   -37.4536   10.07001    1.00000    1.00000
     1.00000    9.97513    43.4751   -38.6860    1.00000    1.00000
     1.00000   0.488663   -18.4495    2.19331    1.00000    1.00000
     1.00000   -7.19887   -3.19900    7.49013    1.00000    1.00000
     1.00000   -6.51718   -26.6662    34.5061    1.00000    1.00000
     1.00000    37.3636    40.8835   -42.4760    1.00000    1.00000
     1.00000   -16.6446   -3.70264    18.4935    1.00000    1.00000
     1.00000    2.83409    4.62318    10.7841    1.00000    1.00000
     1.00000   -13.7760   -37.2221    22.0225    1.00000    1.00000
     1.00000   -2.49240    31.8675   -14.4625    1.00000    1.00000
     1.00000   -2.43671   -15.2467    17.7653    1.00000    1.00000
     1.00000   -27.5731   -2.53847   -15.4454    1.00000    1.00000
     1.00000    3.44902   -43.7377    32.2558    1.00000    1.00000
     1.00000    27.2137    38.4293   -31.8351    1.00000    1.00000
     1.00000   -20.7138   -9.84918    29.2485    1.00000    1.00000
     1.00000   -9.70923    33.0863   -13.3232    1.00000    1.00000
     1.00000   0.619064   -25.5726   -2.77831    1.00000    1.00000
     1.00000    14.9153    52.1928   -40.2498    1.00000    1.00000
     1.00000   -1.34732   -19.5435    7.87515    1.00000    1.00000
     1.00000   -4.96191   -1.18051   -1.77494    1.00000    1.00000
     1.00000   -8.43814   -29.6841    30.3054    1.00000    1.00000
     1.00000    34.4801    43.2487   -49.3440    1.00000    1.00000
     1.00000   -9.43509   -11.6134    7.77921    1.00000    1.00000
     1.00000  -0.657867    11.5904    3.94951    1.00000    1.00000
     1.00000   -7.28204   -35.5725    9.56033    1.00000    1.00000
     1.00000    15.3064    43.2991   -19.8261    1.00000    1.00000
     1.00000    6.11278   -9.60355    22.7535    1.00000    1.00000
     1.00000   -13.1937   -8.69571   -8.72787    1.00000    1.00000
     1.00000    12.2167   -53.5740    16.7070    1.00000    1.00000
     1.00000    22.3209    32.1280   -46.2098    1.00000    1.00000
     1.00000   -28.8067   -17.3663    26.6004    1.00000    1.00000
     1.00000   -7.49065    31.5797   -4.35246    1.00000    1.00000
     1.00000   0.823456   -26.1118    12.8901    1.00000    1.00000
     1.00000    17.8340    51.2787   -35.2389    1.00000    1.00000
     1.00000   -1.96982   -21.0115    2.88527    1.00000    1.00000
     1.00000  -10.12431    2.07916    17.2731    1.00000    1.00000
     1.00000   -5.08821   -31.4668    30.7078    1.00000    1.00000
     1.00000    26.5999    32.6719   -38.2905    1.00000    1.00000
     1.00000   -7.28111   -4.11499    14.6771    1.00000    1.00000
     1.00000  -0.780304    9.01842    5.97629    1.00000    1.00000
     1.00000   -14.1794   -40.4777    23.3581    1.00000    1.00000
     1.00000    8.47371    42.4518   -14.5106    1.00000    1.00000
     1.00000  -0.601608   -14.4796    17.9747    1.00000    1.00000
     1.00000   -19.3632    4.05125   -22.9356    1.00000    1.00000
     1.00000   10.43581   -46.7515    30.0847    1.00000    1.00000
     1.00000    24.8165    23.9133   -28.6129    1.00000    1.00000
     1.00000   -27.5813   -15.9991    33.6223    1.00000    1.00000
     1.00000   -14.4840    26.5123   -14.5239    1.00000    1.00000
     1.00000   -1.99936   -33.3837    9.67372    1.00000    1.00000
     1.00000    12.5675    53.9323   -40.5440    1.00000    1.00000
     1.00000   0.418823   -7.71903   10.40375    1.00000    1.00000
     1.00000   -7.87164   -5.93081   -3.14986    1.00000    1.00000
     1.00000   -13.1891   -34.2624    25.4082    1.00000    1.00000
     1.00000    28.1397    37.0525   -48.1286    1.00000    1.00000
     1.00000   -9.03807   -12.4057   10.26710    1.00000    1.00000
     1.00000    6.36807    20.3740    5.97557    1.00000    1.00000
     1.00000   -8.73595   -35.9216    13.6700    1.00000    1.00000
     1.00000    18.8141    39.0944   -14.2689    1.00000    1.00000
     1.00000    1.30899   -5.11898    17.3251    1.00000    1.00000
     1.00000   -13.3781   -10.6747   -8.95089    1.00000    1.00000
     1.00000    6.25220   -52.2536    24.0872    1.00000    1.00000
     1.00000    15.1340    39.6225   -41.3927    1.00000    1.00000
     1.00000   -32.3995   -21.7444    36.3744    1.00000    1.00000
     1.00000  -0.997238    30.7243   -2.44207    1.00000    1.00000
     1.00000    11.4502   -31.1386    9.51732    1.00000    1.00000
     1.00000    18.8935    48.9628   -38.1283    1.00000    1.00000
     1.00000    1.92459   -19.5868   -2.84027    1.00000    1.00000
     1.00000   -7.45454   -7.35710    6.58743    1.00000    1.00000
     1.00000   -2.41515   -24.6987    25.7836    1.00000    1.00000
     1.00000    33.3488    37.8475   -45.3008    1.00000    1.00000
     1.00000   -15.6065   -11.4010    19.0232    1.00000    1.00000
     1.00000  -0.418198    1.95403   10.18111    1.00000    1.00000
     1.00000   -12.1548   -33.0160    19.2891    1.00000    1.00000
     1.00000    1.48502    40.8512   -12.3161    1.00000    1.00000
     1.00000   -7.51164   -11.9619    19.4026    1.00000    1.00000
     1.00000   -21.7471   -5.03346   -15.4047    1.00000    1.00000
     1.00000  -0.624939   -37.4969    34.3862    1.00000    1.00000
     1.00000    25.4058    35.7261   -32.7957    1.00000    1.00000
     1.00000   -20.9914   -11.4240    25.0779    1.00000    1.00000
     1.00000   -4.22548    28.6531   -13.2609    1.00000    1.00000
     1.00000   0.885010   -28.9349  -0.474442    1.00000    1.00000
     1.00000    11.3387    48.2742   -41.0699    1.00000    1.00000
     1.00000   -5.33777   -17.1929    10.8683    1.00000    1.00000
     1.00000   -4.07277   -1.00558    5.02940    1.00000    1.00000
     1.00000   -8.12329   -25.0687    33.9539    1.00000    1.00000
     1.00000    32.1096    42.8625   -46.8137    1.00000    1.00000
     1.00000   -11.6499   -7.64619   10.37430    1.00000    1.00000
     1.00000   0.926117    18.4149   0.602623    1.00000    1.00000
     1.00000   -9.71962   -43.0488    13.0150    1.00000    1.00000
     1.00000    21.2645    48.5132   -24.5126    1.00000    1.00000
     1.00000    4.44386   -9.69602    24.4971    1.00000    1.00000
     1.00000   -13.0300   -4.48562  -10.00119    1.00000    1.00000
     1.00000    12.2116   -50.6315    22.6565    1.00000    1.00000
     1.00000    23.6505    36.7441   -38.3504    1.00000    1.00000
     1.00000   -28.4901   -13.0143    29.9430    1.00000    1.00000
     1.00000   -11.0889    35.6386   -12.3499    1.00000    1.00000
     1.00000   -2.82420   -32.0911    11.0231    1.00000    1.00000
     1.00000    19.1799    49.2663   -28.1775    1.00000    1.00000
     1.00000    5.05057   -27.5271    5.29033    1.00000    1.00000
     1.00000   -13.5065    1.67849    10.6538    1.00000    1.00000
     1.00000   -4.84465   -31.9003    33.1667    1.00000    1.00000
     1.00000    31.3656    34.6162   -47.2315    1.00000    1.00000
     1.00000  -10.00296   -5.19931    17.4898    1.00000    1.00000
     1.00000   -9.47321    3.00995   0.741432    1.00000    1.00000
     1.00000   -10.6254   -39.3784    18.5058    1.00000    1.00000
     1.00000    5.67438    42.3415   -17.9890    1.00000    1.00000
     1.00000   0.846954   -16.5117    20.1306    1.00000    1.00000
     1.00000   -19.2079   -1.83604   -16.0224    1.00000    1.00000
     1.00000    4.29828   -43.2900    27.1056    1.00000    1.00000
     1.00000    24.2322    25.5520   -32.2919    1.00000    1.00000
     1.00000   -23.6507   -7.53012    35.2206    1.00000    1.00000
     1.00000  -10.14925    26.1379   -18.7690    1.00000    1.00000
     1.00000   0.413528   -29.0298    1.46687    1.00000    1.00000
     1.00000    16.1535    57.0083   -41.0242    1.00000    1.00000
     1.00000   -2.40608   -12.2502    7.96571    1.00000    1.00000
     1.00000   -11.2073   -11.6607   -1.08012    1.00000    1.00000
     1.00000   -8.51241   -39.6459    30.0602    1.00000    1.00000
     1.00000    26.4830    40.5370   -41.3550    1.00000    1.00000
     1.00000   -11.2142   -16.8572    12.8037    1.00000    1.00000
     1.00000    2.15349    13.1643    5.98755    1.00000    1.00000
     1.00000   -6.88498   -35.3754    13.1451    1.00000    1.00000
     1.00000    15.1600    33.4482   -16.3308    1.00000    1.00000
     1.00000   -1.31912   -4.91113    14.4415    1.00000    1.00000
     1.00000   -7.78975   -5.68359   -17.5605    1.00000    1.00000
     1.00000    6.92633   -50.0828    21.4506    1.00000    1.00000
     1.00000    18.4978    39.2525   -41.4427    1.00000    1.00000
     1.00000   -32.7477   -17.7417    36.1252    1.00000    1.00000
