   1    33.6431    561.253
   2    41.0042    571.035
   3    41.6370    568.673
   4    52.3105    607.062
   5    41.3997    556.147
   6    63.6340    621.020
   7    45.5109    585.274
   8    37.5783    575.087
   9    47.7092    575.430
   10    34.2731    531.076
   11    47.6238    587.006
   12    40.5653    592.762
   13    37.2791    578.867
   14    37.3913    567.960
   15    44.6418    578.530
   16    39.4570    565.457
   17    48.4415    582.609
   18    47.0534    585.875
   19    42.6620    568.905
   20    48.3125    587.887
   21    47.7942    565.980
   22    37.7073    550.403
   23    45.2318    598.589
   24    37.3887    568.256
   25    51.5067    593.885
