      1.00000      1.04743     0.990090     -1.87511      1.00000      1.00000
      1.00000     -2.80376      5.72376      4.58006      1.00000      1.00000
      1.00000     -1.98149     -6.04714     -4.15909      1.00000      1.00000
      1.00000      1.21431      1.61395      3.34011      1.00000      1.00000
      1.00000      2.66408     -2.79105     -3.33154      1.00000      1.00000
      1.00000     -2.55679      3.69886      6.46645      1.00000      1.00000
      1.00000     0.694022     -3.02406     -4.21505      1.00000      1.00000
      1.00000      1.49664      2.03682      1.40582      1.00000      1.00000
      1.00000     0.844197    -0.978315     -2.16507      1.00000      1.00000
      1.00000     -1.68981      4.06719      4.70217      1.00000      1.00000
      1.00000    -0.581996     -6.06577     -5.58776      1.00000      1.00000
      1.00000    0.0480318      1.78326      4.95601      1.00000      1.00000
      1.00000      1.58564     -1.24639     -4.00311      1.00000      1.00000
      1.00000     -1.52915      2.00978      6.16481      1.00000      1.00000
      1.00000     0.176717     -4.22087     -5.73164      1.00000      1.00000
      1.00000      1.37192      2.44990    -0.547078      1.00000      1.00000
      1.00000     0.176717     -4.22087     -6.73164      1.00000      1.00000
      1.00000      1.14974     -2.51410     -7.30307      1.00000      1.00000
      1.00000      2.02929     -4.30148     -7.48097      1.00000      1.00000
      1.00000      1.71460     -2.84048     -9.19368      1.00000      1.00000
