      1.00000     -1.58239      1.34699     -2.79327      1.00000      1.00000
      1.00000    -0.561439     -4.12881      1.85228      1.00000      1.00000
      1.00000     -2.07331     0.849640      1.87142      1.00000      1.00000
      1.00000      4.15140      2.31685      2.19021      1.00000      1.00000
      1.00000    -0.420634     -2.16019     -6.09088      1.00000      1.00000
      1.00000     -1.69375     -2.13212      2.52326      1.00000      1.00000
      1.00000    0.0843258      2.14333     -1.64970      1.00000      1.00000
      1.00000     0.779814     0.871778      2.93181      1.00000      1.00000
      1.00000     -2.00224   -0.0707741     -4.13999      1.00000      1.00000
      1.00000     -2.47479     -3.66389      1.50166      1.00000      1.00000
      1.00000    -0.436731     0.313222     0.854633      1.00000      1.00000
      1.00000      5.87123      3.23926      1.75279      1.00000      1.00000
      1.00000    -0.320289    -0.384761     -5.17558      1.00000      1.00000
      1.00000    -0.778683    -0.372714      2.78237      1.00000      1.00000
      1.00000     -1.26493     0.888025    -0.872704      1.00000      1.00000
      1.00000      2.72242     0.944142      2.46168      1.00000      1.00000
      1.00000      2.31801     -2.68052     -9.21428      1.00000      1.00000
      1.00000     -2.03894     -1.55063     -8.09564      1.00000      1.00000
      1.00000     0.357838     -2.41967     -8.91480      1.00000      1.00000
      1.00000    -0.420634     -2.16019     -7.09088      1.00000      1.00000
