      1.00000      2.87903      3.38971    0.0635390      1.00000      1.00000
      1.00000     -1.20181     -6.81130     0.572389      1.00000      1.00000
      1.00000    -0.785436      2.51700      2.97403      1.00000      1.00000
      1.00000    -0.416028     -3.20083     -1.06470      1.00000      1.00000
      1.00000      3.35368      5.20999    -0.615640      1.00000      1.00000
      1.00000     -1.81638     -4.45898     -1.74003      1.00000      1.00000
      1.00000    -0.670241      1.89012      1.07830      1.00000      1.00000
      1.00000   -0.0649848    0.0542831     0.565129      1.00000      1.00000
      1.00000      2.51270      1.46378    -0.332203      1.00000      1.00000
      1.00000     -1.12823     -6.29784     -1.35918      1.00000      1.00000
      1.00000     -1.76386      3.80614      4.14910      1.00000      1.00000
      1.00000     -1.23743     -1.46705    -0.499643      1.00000      1.00000
      1.00000      4.30664      6.42351     -1.88814      1.00000      1.00000
      1.00000     -3.34812     -4.44890     -3.02598      1.00000      1.00000
      1.00000      1.29343      1.55207      1.25070      1.00000      1.00000
      1.00000     -1.91297     0.378292    -0.127668      1.00000      1.00000
      1.00000     -3.47533     -4.94692     -5.95880      1.00000      1.00000
      1.00000     -1.21151     -6.07942     -7.78710      1.00000      1.00000
      1.00000     -3.34812     -4.44890     -4.02598      1.00000      1.00000
      1.00000     -3.15989     -5.62866     -7.81237      1.00000      1.00000
