      1.00000     -1.23249    -0.616096     -1.47664      1.00000      1.00000
      1.00000    -0.692026      1.43269     -1.18032      1.00000      1.00000
      1.00000      1.96083      1.40596     0.381674      1.00000      1.00000
      1.00000     -1.03230     -2.97247      3.17486      1.00000      1.00000
      1.00000      2.02662    -0.511703    -0.182445      1.00000      1.00000
      1.00000     -2.52947      2.19790      1.04818      1.00000      1.00000
      1.00000      6.08752      2.37114     -1.07005      1.00000      1.00000
      1.00000     -3.36462    -0.986253     0.237666      1.00000      1.00000
      1.00000   -0.0476179     -1.82853    -0.415465      1.00000      1.00000
      1.00000     -2.29510     0.612576    -0.309933      1.00000      1.00000
      1.00000      3.01793      2.02048     -1.20102      1.00000      1.00000
      1.00000     -1.57957     -2.98749      1.25125      1.00000      1.00000
      1.00000      1.72582     -2.43312     0.284107      1.00000      1.00000
      1.00000     -4.00803      1.63625    -0.175907      1.00000      1.00000
      1.00000      4.61203      2.14970     -2.40191      1.00000      1.00000
      1.00000     -2.64951     -1.49100      2.03595      1.00000      1.00000
      1.00000      3.95106      2.28897     -5.28439      1.00000      1.00000
      1.00000      5.82389      2.78377     -7.32016      1.00000      1.00000
      1.00000      4.61203      2.14970     -3.40191      1.00000      1.00000
      1.00000      5.57893      3.43949     -5.44666      1.00000      1.00000
