      1.00000    -0.770659    -0.834135     -1.46508      1.00000      1.00000
      1.00000    -0.341895     -2.66441      1.43597      1.00000      1.00000
      1.00000     -3.66658     -2.17261     0.226877      1.00000      1.00000
      1.00000      2.15337      4.80371    -0.124447      1.00000      1.00000
      1.00000      1.63896     0.479936     -2.47812      1.00000      1.00000
      1.00000     0.901670     0.896973      1.13888      1.00000      1.00000
      1.00000     -1.52305    -0.203462     0.277380      1.00000      1.00000
      1.00000      3.22410      1.63510     -1.29635      1.00000      1.00000
      1.00000     -1.49848     -2.60260    -0.879605      1.00000      1.00000
      1.00000    -0.122114    -0.703651      1.76327      1.00000      1.00000
      1.00000     -4.83820     -1.92415      1.82862      1.00000      1.00000
      1.00000      3.30139      3.63344     -1.27010      1.00000      1.00000
      1.00000     0.671521     -1.24265     -2.78918      1.00000      1.00000
      1.00000      1.67277      1.19520      2.95999      1.00000      1.00000
      1.00000     -2.11522     -1.73986      1.41263      1.00000      1.00000
      1.00000      1.31243      1.44320    -0.740726      1.00000      1.00000
      1.00000      2.24771     -2.08819     -4.68398      1.00000      1.00000
      1.00000     0.671521     -1.24265     -3.78918      1.00000      1.00000
      1.00000      4.23243     -1.87344     -4.56244      1.00000      1.00000
      1.00000    -0.361979     0.214707     -4.68807      1.00000      1.00000
