      1.00000     -1.77720      3.91576      1.09627      1.00000      1.00000
      1.00000     0.325024     -1.55737     -1.67444      1.00000      1.00000
      1.00000    -0.695383      3.24565    -0.446665      1.00000      1.00000
      1.00000      2.79594     -3.23750     0.866507      1.00000      1.00000
      1.00000     -5.22267      5.79343      3.13680      1.00000      1.00000
      1.00000      5.74849     -3.41743     -2.59179      1.00000      1.00000
      1.00000     0.334545     0.206138    -0.731066      1.00000      1.00000
      1.00000     -2.16972     -5.20199    -0.941751      1.00000      1.00000
      1.00000     -2.22000      3.53030      3.00816      1.00000      1.00000
      1.00000      2.16376     -2.30516     -1.91907      1.00000      1.00000
      1.00000     0.726774      4.50597     0.177087      1.00000      1.00000
      1.00000      1.45234     -3.59909    -0.570151      1.00000      1.00000
      1.00000     -3.89386      4.39875      3.67450      1.00000      1.00000
      1.00000      4.00949     -3.03736     -1.67997      1.00000      1.00000
      1.00000     -1.30335      1.35067    -0.645212      1.00000      1.00000
      1.00000    -0.274179     -4.59076    -0.759207      1.00000      1.00000
      1.00000      5.74849     -3.41743     -3.59179      1.00000      1.00000
      1.00000      6.96471     -3.21084     -5.16600      1.00000      1.00000
      1.00000      4.07062     -3.45123     -4.67973      1.00000      1.00000
      1.00000      7.16271     -1.59628     -4.00239      1.00000      1.00000
