      1.00000     -1.58590      3.63667     -3.27296      1.00000      1.00000
      1.00000     -3.25348     -1.70672     0.271988      1.00000      1.00000
      1.00000      1.41085     0.394549    0.0638361      1.00000      1.00000
      1.00000     0.216047    -0.967762     0.910336      1.00000      1.00000
      1.00000      1.93010      3.93905     -4.51320      1.00000      1.00000
      1.00000     -2.88637     -2.85586      3.50421      1.00000      1.00000
      1.00000      3.68738      2.47281    0.0338211      1.00000      1.00000
      1.00000     -1.01216     -3.30417      2.96908      1.00000      1.00000
      1.00000   -0.0987434      3.06344     -2.06474      1.00000      1.00000
      1.00000     -4.06567     -2.17884      2.03762      1.00000      1.00000
      1.00000      2.22901    0.0417881     -1.72674      1.00000      1.00000
      1.00000      2.08431    -0.823540      1.60947      1.00000      1.00000
      1.00000      1.61378      2.65435     -3.01337      1.00000      1.00000
      1.00000     -3.69688     -4.25907      2.33200      1.00000      1.00000
      1.00000      2.96094      1.90300     -1.74033      1.00000      1.00000
      1.00000     0.466802     -2.00969      2.59898      1.00000      1.00000
      1.00000      1.71776      4.05516     -9.16503      1.00000      1.00000
      1.00000     0.942990      2.28505     -6.05163      1.00000      1.00000
      1.00000      2.19061      3.27947     -7.38326      1.00000      1.00000
      1.00000      1.93010      3.93905     -5.51320      1.00000      1.00000
