      1.00000      3.97860      1.81377      3.04592      1.00000      1.00000
      1.00000     -5.24434     -1.99263     -1.63506      1.00000      1.00000
      1.00000      3.15148    -0.180582     0.173356      1.00000      1.00000
      1.00000     -1.27321    -0.723215     -2.00468      1.00000      1.00000
      1.00000      2.27590      1.79342      1.99692      1.00000      1.00000
      1.00000     -3.36775     0.705093     0.564680      1.00000      1.00000
      1.00000     0.314046     0.152256     0.357050      1.00000      1.00000
      1.00000      1.69523     -3.31883     -2.16431      1.00000      1.00000
      1.00000      4.36179     0.447583      1.63642      1.00000      1.00000
      1.00000     -4.28984     -1.61363    0.0811219      1.00000      1.00000
      1.00000      1.86609      1.32634    -0.104122      1.00000      1.00000
      1.00000     -1.87416     0.726850    -0.765260      1.00000      1.00000
      1.00000      2.60424      3.73318      1.63707      1.00000      1.00000
      1.00000     -5.20936   -0.0171309     0.859367      1.00000      1.00000
      1.00000     0.949296    -0.676056     -1.34893      1.00000      1.00000
      1.00000    0.0619702     -2.17640     -2.32955      1.00000      1.00000
      1.00000    0.0619702     -2.17640     -3.32955      1.00000      1.00000
      1.00000      1.10924     -1.65406     -5.25104      1.00000      1.00000
      1.00000     -1.21983     -1.65481     -4.77348      1.00000      1.00000
      1.00000    0.0168919   -0.0872900     -4.65774      1.00000      1.00000
