      1.00000    0.0686636   -0.0983973      3.41512      1.00000      1.00000
      1.00000     0.653047     -1.32868     -1.60123      1.00000      1.00000
      1.00000      1.55057  -0.00895119      2.07500      1.00000      1.00000
      1.00000    -0.705919     -2.72733     -3.75928      1.00000      1.00000
      1.00000     -3.13618      1.50724      4.08196      1.00000      1.00000
      1.00000      1.68817     0.896842     -1.95727      1.00000      1.00000
      1.00000      2.36939      3.95302      1.31761      1.00000      1.00000
      1.00000     0.712259     -3.12526    -0.724401      1.00000      1.00000
      1.00000     -1.00496     0.892508      2.04931      1.00000      1.00000
      1.00000     -1.06275    -0.318907     -1.41045      1.00000      1.00000
      1.00000     0.918796      1.43353     0.842061      1.00000      1.00000
      1.00000     -2.53635     -3.52555     -3.87040      1.00000      1.00000
      1.00000     -1.68686      2.46060      3.08667      1.00000      1.00000
      1.00000    0.0153198      1.29778    -0.937066      1.00000      1.00000
      1.00000      2.09037      2.67738    -0.197285      1.00000      1.00000
      1.00000    0.0664444     -3.98581     -2.41033      1.00000      1.00000
      1.00000     -2.86527     -3.89911     -7.95389      1.00000      1.00000
      1.00000     -2.53635     -3.52555     -4.87040      1.00000      1.00000
      1.00000     -3.87939     -3.30463     -6.33581      1.00000      1.00000
      1.00000    -0.719829     -4.30970     -5.16254      1.00000      1.00000
