      1.00000      2.18563     -3.42421     -2.20961      1.00000      1.00000
      1.00000     -2.39501      1.59805      3.29860      1.00000      1.00000
      1.00000      1.42602     -1.91691     -3.28247      1.00000      1.00000
      1.00000    -0.461064   -0.0525093      2.73900      1.00000      1.00000
      1.00000      1.35185     -3.03056    -0.361795      1.00000      1.00000
      1.00000     -1.07108      2.88876      2.53618      1.00000      1.00000
      1.00000     0.788590      1.13134     -3.59612      1.00000      1.00000
      1.00000     0.591554    -0.852974      1.23858      1.00000      1.00000
      1.00000      2.48608     -1.64818     -1.34044      1.00000      1.00000
      1.00000     -3.20402      2.01000      1.51653      1.00000      1.00000
      1.00000      2.29861    -0.173405     -3.72833      1.00000      1.00000
      1.00000     -2.27760    -0.387730      3.50570      1.00000      1.00000
      1.00000     0.583781     -1.25388    -0.865254      1.00000      1.00000
      1.00000    -0.620185      3.41400      4.41256      1.00000      1.00000
      1.00000    -0.599408      2.51053     -4.01001      1.00000      1.00000
      1.00000     -1.08372    -0.812304     0.146890      1.00000      1.00000
      1.00000    -0.599408      2.51053     -5.01001      1.00000      1.00000
      1.00000     -1.96363      4.76535     -7.18304      1.00000      1.00000
      1.00000     -1.68370      2.85688     -6.65450      1.00000      1.00000
      1.00000    0.0195520      4.86608     -6.94466      1.00000      1.00000
