      1.00000      3.70754     0.879333      1.40758      1.00000      1.00000
      1.00000     -3.97965     0.429423    -0.253682      1.00000      1.00000
      1.00000      3.39924    -0.215391     -2.33594      1.00000      1.00000
      1.00000     -2.12949     0.361594     0.502826      1.00000      1.00000
      1.00000      5.08561     0.377956    0.0475917      1.00000      1.00000
      1.00000     -7.78081    -0.473443     0.438565      1.00000      1.00000
      1.00000      3.26049     -1.10858    -0.551858      1.00000      1.00000
      1.00000     0.700043     0.470125     0.570189      1.00000      1.00000
      1.00000      2.24859    -0.468365      1.64244      1.00000      1.00000
      1.00000     -5.84765    -0.246207   -0.0210829      1.00000      1.00000
      1.00000      3.31057      1.42151     -1.19021      1.00000      1.00000
      1.00000    -0.701305     0.891328    -0.793193      1.00000      1.00000
      1.00000      5.66951     -1.53447   0.00667143      1.00000      1.00000
      1.00000     -9.13294     -1.89858    0.0634327      1.00000      1.00000
      1.00000      1.37494     -1.34534    0.0715566      1.00000      1.00000
      1.00000     0.815338      2.45911     0.395111      1.00000      1.00000
      1.00000      3.39924    -0.215391     -3.33594      1.00000      1.00000
      1.00000      6.42713     -1.03630     -4.84287      1.00000      1.00000
      1.00000      1.97661    0.0526520     -4.71589      1.00000      1.00000
      1.00000      5.04815     -1.34357     -3.42724      1.00000      1.00000
