      1.00000    -0.353155      4.65157      1.14836      1.00000      1.00000
      1.00000     -1.75096     -6.45807   -0.0463614      1.00000      1.00000
      1.00000      3.03767    -0.390866    -0.673944      1.00000      1.00000
      1.00000     -1.44175     -2.57988     -4.27372      1.00000      1.00000
      1.00000     0.559538      5.62564    -0.340995      1.00000      1.00000
      1.00000     -1.11927     -2.74014     0.896066      1.00000      1.00000
      1.00000     0.461762      2.31259     0.401697      1.00000      1.00000
      1.00000    -0.304215     -1.45699    -0.866535      1.00000      1.00000
      1.00000      1.09139      3.48631      1.89365      1.00000      1.00000
      1.00000     -1.31548     -4.73020     0.861828      1.00000      1.00000
      1.00000      2.33267    0.0470772      1.14572      1.00000      1.00000
      1.00000    -0.235835     -1.97642     -2.79669      1.00000      1.00000
      1.00000     0.346686      6.97419     -1.80253      1.00000      1.00000
      1.00000    -0.427588     -2.40992      2.74337      1.00000      1.00000
      1.00000     0.371633     0.395411     0.964117      1.00000      1.00000
      1.00000     -1.25311    -0.750282     0.745966      1.00000      1.00000
      1.00000     -2.69521     -4.04639     -5.80117      1.00000      1.00000
      1.00000     -1.44175     -2.57988     -5.27372      1.00000      1.00000
      1.00000     -2.14683     -5.87488     -6.39775      1.00000      1.00000
      1.00000     0.294924     -2.35145     -6.23902      1.00000      1.00000
