      1.00000     0.552387     -2.09092     -1.81443      1.00000      1.00000
      1.00000     0.393495    -0.906190     0.694013      1.00000      1.00000
      1.00000    -0.849488     0.183097     -4.58544      1.00000      1.00000
      1.00000     0.840925      1.20057      3.53475      1.00000      1.00000
      1.00000     -1.00369     -4.48816    0.0832815      1.00000      1.00000
      1.00000     -3.03027     0.329345      1.74768      1.00000      1.00000
      1.00000      1.28727      3.79093     -2.25464      1.00000      1.00000
      1.00000      1.38469    -0.291173      2.31860      1.00000      1.00000
      1.00000    -0.549391     -1.31094     -3.29013      1.00000      1.00000
      1.00000     -1.55893    -0.874518      1.12650      1.00000      1.00000
      1.00000     -1.22348      1.72490     -3.36766      1.00000      1.00000
      1.00000      2.34509      2.48697      3.82222      1.00000      1.00000
      1.00000    -0.237187     -2.64667   -0.0629406      1.00000      1.00000
      1.00000     -2.33596     0.498273      3.61567      1.00000      1.00000
      1.00000     0.698151      2.27673     -3.42091      1.00000      1.00000
      1.00000      3.28637     0.117774      1.85343      1.00000      1.00000
      1.00000    -0.460602     0.749987     -7.46358      1.00000      1.00000
      1.00000   -0.0561520     -1.12099     -6.87772      1.00000      1.00000
      1.00000    -0.849488     0.183097     -5.58544      1.00000      1.00000
      1.00000      1.64518    -0.844144     -5.86341      1.00000      1.00000
