      1.00000    -0.321970     -2.88240     -1.67502      1.00000      1.00000
      1.00000     -2.33264      2.40959     0.384332      1.00000      1.00000
      1.00000      2.86859     -5.84264      1.63361      1.00000      1.00000
      1.00000     0.441139      4.87646    -0.774223      1.00000      1.00000
      1.00000     0.227682     -1.20010    -0.743482      1.00000      1.00000
      1.00000    -0.967764     0.359697     -1.11488      1.00000      1.00000
      1.00000      2.46458     -2.87981    0.0591335      1.00000      1.00000
      1.00000     -3.81184      5.00399      1.25764      1.00000      1.00000
      1.00000      1.32341     -3.92060     -1.21148      1.00000      1.00000
      1.00000     -2.53065     0.435637     0.130758      1.00000      1.00000
      1.00000      2.43541     -3.89573      1.78164      1.00000      1.00000
      1.00000    -0.271882      5.26581      1.05334      1.00000      1.00000
      1.00000      2.04022    -0.590969    -0.157253      1.00000      1.00000
      1.00000    -0.126917      1.70026     -2.33794      1.00000      1.00000
      1.00000     0.537078     -3.06030     0.561270      1.00000      1.00000
      1.00000     -1.97445      4.22109      1.15253      1.00000      1.00000
      1.00000     -2.67421      2.50839     -4.06007      1.00000      1.00000
      1.00000    -0.837527      3.17506     -4.48686      1.00000      1.00000
      1.00000     -4.41853      1.66908     -3.55717      1.00000      1.00000
      1.00000    -0.126917      1.70026     -3.33794      1.00000      1.00000
