      1.00000     -1.55792     -6.44964      2.25213      1.00000      1.00000
      1.00000    -0.222572      6.46107     0.635198      1.00000      1.00000
      1.00000    -0.484154    -0.818647     0.204353      1.00000      1.00000
      1.00000      2.62042      1.61347     -2.81772      1.00000      1.00000
      1.00000    -0.978192     -3.44732      3.57891      1.00000      1.00000
      1.00000    -0.102956      4.82682    -0.511506      1.00000      1.00000
      1.00000     -1.96871     -2.33386    -0.766107      1.00000      1.00000
      1.00000     0.755539     -1.32984     -3.14548      1.00000      1.00000
      1.00000    -0.197973     -5.20944      3.03471      1.00000      1.00000
      1.00000      1.46206      7.36660      1.22004      1.00000      1.00000
      1.00000    -0.413218     0.649900     -1.15150      1.00000      1.00000
      1.00000     0.668704      1.76723     -2.40888      1.00000      1.00000
      1.00000     0.204742     -3.56465      1.97053      1.00000      1.00000
      1.00000    -0.339787      2.94479     -1.14542      1.00000      1.00000
      1.00000     -1.20812     -2.46514      1.07896      1.00000      1.00000
      1.00000      1.76215   -0.0113468     -2.02820      1.00000      1.00000
      1.00000     0.755539     -1.32984     -4.14548      1.00000      1.00000
      1.00000    -0.775663     -4.54080     -5.70581      1.00000      1.00000
      1.00000    -0.307252     -1.93320     -5.72865      1.00000      1.00000
      1.00000    -0.143784     -3.32107     -7.15942      1.00000      1.00000
