      1.00000     -3.08221     0.606454     -1.06442      1.00000      1.00000
      1.00000     0.337728      1.09175      1.48949      1.00000      1.00000
      1.00000     -2.19849      2.23700     0.989660      1.00000      1.00000
      1.00000      3.83871     -3.31664     -2.10938      1.00000      1.00000
      1.00000    -0.611536      1.17300     -2.19484      1.00000      1.00000
      1.00000      1.38740    -0.762493     0.329979      1.00000      1.00000
      1.00000     -3.19467     0.646043      1.67993      1.00000      1.00000
      1.00000      5.13931     -3.79099    0.0981436      1.00000      1.00000
      1.00000     -4.62532      1.84431    -0.770255      1.00000      1.00000
      1.00000     0.289973     0.704586    -0.472099      1.00000      1.00000
      1.00000     -4.15177      2.66674     0.990246      1.00000      1.00000
      1.00000      5.20010     -1.94670     -1.58988      1.00000      1.00000
      1.00000     -2.01925      2.28298     -1.30810      1.00000      1.00000
      1.00000      3.23073    -0.550992      1.07658      1.00000      1.00000
      1.00000     -3.96108    -0.954049      2.60315      1.00000      1.00000
      1.00000      4.42039     -1.93100     0.251805      1.00000      1.00000
      1.00000    -0.611536      1.17300     -3.19484      1.00000      1.00000
      1.00000   -0.0697340   -0.0550880     -4.67749      1.00000      1.00000
      1.00000     -1.82895      2.75686     -3.29135      1.00000      1.00000
      1.00000    -0.685416      1.05916     -6.22001      1.00000      1.00000
