   1    4.82752    11.9720
   2    5.16781    12.0110
   3    4.87149    11.7876
   4    4.32750    12.0536
   5    5.38959    11.9504
   6    4.79944    11.6874
   7    5.23797    12.4552
   8    4.77352    11.8436
   9    5.26093    11.5990
   10    6.65408    13.1891
   11    4.88958    11.9523
   12    5.54438    12.6789
   13    5.00460    12.3772
   14    4.24788    11.4434
   15    4.02089    11.7090
   16    5.69307    12.5374
   17    4.41271    11.0366
   18    4.91502    12.6460
   19    5.23269    12.2858
   20    4.12405    11.5525
   21    4.00686    11.6613
   22    4.46729    11.9944
   23    4.24449    12.3431
   24    4.39867    11.9443
   25    5.36471    11.0480
