     1.00000   -22.6170   -7.98919    8.09450    1.00000    1.00000
     1.00000    19.3957   -21.4563   -13.8380    1.00000    1.00000
     1.00000   -10.5984    15.9477    7.71061    1.00000    1.00000
     1.00000   -7.88624    6.18992   -3.87684    1.00000    1.00000
     1.00000    1.80755    4.06160   -15.4756    1.00000    1.00000
     1.00000    23.8457   -19.9007   -15.8414    1.00000    1.00000
     1.00000   -11.8347    9.88869    16.4245    1.00000    1.00000
     1.00000    24.7078    20.3704   -4.99331    1.00000    1.00000
     1.00000   -10.7508   -12.6573   -2.60681    1.00000    1.00000
     1.00000    5.08024   -21.2115   -5.91583    1.00000    1.00000
     1.00000   0.515114    12.3683    11.9344    1.00000    1.00000
     1.00000  -0.706322    17.1154    5.10552    1.00000    1.00000
     1.00000   -8.95006  -0.568333    4.90087    1.00000    1.00000
     1.00000    24.5677   -18.9510   -32.2500    1.00000    1.00000
     1.00000   -11.2176    1.30853    15.6433    1.00000    1.00000
     1.00000    2.98185    8.51360   -1.19698    1.00000    1.00000
     1.00000   -14.7623   -7.54860    11.9264    1.00000    1.00000
     1.00000    6.78652   -20.4733   -6.65312    1.00000    1.00000
     1.00000   -10.8478    19.8196    12.3634    1.00000    1.00000
     1.00000   -8.46868    11.5080   -9.54942    1.00000    1.00000
     1.00000   -1.69526   -2.38585   -2.26902    1.00000    1.00000
     1.00000    29.8111   -8.46748   -9.68472    1.00000    1.00000
     1.00000   -13.7120    9.79327    8.62488    1.00000    1.00000
     1.00000    17.6786    12.1944   -2.50258    1.00000    1.00000
     1.00000   -22.0826   -11.8143   -1.70007    1.00000    1.00000
     1.00000   -2.12354   -3.25491    4.11900    1.00000    1.00000
     1.00000    6.23622    8.36505    12.2771    1.00000    1.00000
     1.00000    2.37222    12.3070   0.866386    1.00000    1.00000
     1.00000   -15.8608    6.95588    4.71909    1.00000    1.00000
     1.00000    21.1600   -15.7497   -22.5386    1.00000    1.00000
     1.00000   -15.0962    1.40992   10.50333    1.00000    1.00000
     1.00000    8.29488    9.90869  -0.298737    1.00000    1.00000
     1.00000   -22.8501   -9.46515    6.76513    1.00000    1.00000
     1.00000    17.3466   -17.7331   -11.1877    1.00000    1.00000
     1.00000   -7.79601    12.7150    12.8069    1.00000    1.00000
     1.00000   -6.13715    4.26118    1.52076    1.00000    1.00000
     1.00000    1.46978   -3.03243   -14.8158    1.00000    1.00000
     1.00000    27.1915   -14.7919   -13.6927    1.00000    1.00000
     1.00000   -16.2126    6.87489    15.6034    1.00000    1.00000
     1.00000    16.0662    21.5858   -3.91006    1.00000    1.00000
     1.00000   -13.4662   -16.1768   -8.81195E-02    1.00000    1.00000
     1.00000   -3.90609   -14.0991   -3.74100    1.00000    1.00000
     1.00000  -0.892830    14.0688    17.6620    1.00000    1.00000
     1.00000    3.18319    18.6155    1.37578    1.00000    1.00000
     1.00000   -13.4653   -5.60637    8.28528    1.00000    1.00000
     1.00000    30.8219   -21.9766   -26.8655    1.00000    1.00000
     1.00000   -4.90343   -10.6697    19.9576    1.00000    1.00000
     1.00000    2.42799   -3.44310   0.488495    1.00000    1.00000
     1.00000   -15.8706   -13.1039    12.3558    1.00000    1.00000
     1.00000    13.4863   -21.3969   -11.8617    1.00000    1.00000
     1.00000   -15.1745    20.6553   10.47756    1.00000    1.00000
     1.00000   -7.97150    2.74868   -2.77012    1.00000    1.00000
     1.00000    1.46932    8.96072E-03   -7.98951    1.00000    1.00000
     1.00000    26.8642   -7.53960   -12.0176    1.00000    1.00000
     1.00000   -12.7525    14.8664    4.81601    1.00000    1.00000
     1.00000    22.3692   10.02254   -1.72567    1.00000    1.00000
     1.00000   -19.5973   -12.7911   0.723045    1.00000    1.00000
     1.00000   -1.39066   -8.10476   0.923561    1.00000    1.00000
     1.00000    7.21789    8.23072    14.0144    1.00000    1.00000
     1.00000  -0.444481    13.2926   -1.40475    1.00000    1.00000
     1.00000   -12.7275   -1.95999E-02    5.70933    1.00000    1.00000
     1.00000    22.0408   -18.3765   -22.5285    1.00000    1.00000
     1.00000   -7.33881    6.72456    9.33026    1.00000    1.00000
     1.00000   -1.68851    7.93816   0.608589    1.00000    1.00000
     1.00000   -21.1594   -2.57749    10.9977    1.00000    1.00000
     1.00000    21.6800   -21.1833   -17.9718    1.00000    1.00000
     1.00000   -10.9808    13.9502    10.7404    1.00000    1.00000
     1.00000   -6.96659    6.06170   -1.25777    1.00000    1.00000
     1.00000   0.952049  -0.400471   -11.7062    1.00000    1.00000
     1.00000    24.8391   -16.2599   -18.7855    1.00000    1.00000
     1.00000   -12.3739    12.3342    12.2227    1.00000    1.00000
     1.00000    20.2290    16.5254   -1.75815    1.00000    1.00000
     1.00000   -11.7483   -10.7305   -7.92241    1.00000    1.00000
     1.00000    1.51133   -17.4752   -4.67581    1.00000    1.00000
     1.00000   -1.39181    14.7138    12.9516    1.00000    1.00000
     1.00000    1.38375    15.2005    3.59505    1.00000    1.00000
     1.00000   -9.83355   -3.10646    3.16499    1.00000    1.00000
     1.00000    28.5734   -18.4837   -28.1092    1.00000    1.00000
     1.00000   -9.47965   0.564808    17.0324    1.00000    1.00000
     1.00000   0.594948    1.23193   -2.02418    1.00000    1.00000
     1.00000   -13.8572  -10.49225    13.0213    1.00000    1.00000
     1.00000    10.8222   -21.7678  -10.08904    1.00000    1.00000
     1.00000   -13.5309    18.5070    17.3043    1.00000    1.00000
     1.00000   -5.36771    7.43654   -8.14127    1.00000    1.00000
     1.00000   -8.31385  -0.326668    1.10266    1.00000    1.00000
     1.00000    26.0931   -3.44846   -10.8355    1.00000    1.00000
     1.00000   -17.1436    12.8875    8.55795    1.00000    1.00000
     1.00000    12.4980   10.23159   -2.45729    1.00000    1.00000
     1.00000   -23.4735   -12.1147    2.08476    1.00000    1.00000
     1.00000   -2.85226   -3.94194    1.75603    1.00000    1.00000
     1.00000    1.67410    11.6641    13.4044    1.00000    1.00000
     1.00000    5.61988    15.6725   0.238312    1.00000    1.00000
     1.00000   -12.7878    3.67549    9.89416    1.00000    1.00000
     1.00000    19.7026   -12.3415   -23.0703    1.00000    1.00000
     1.00000   -9.35139    3.75254    11.9679    1.00000    1.00000
     1.00000    8.41904    9.54563   -3.96445    1.00000    1.00000
     1.00000   -23.9383   -5.14246    4.81366    1.00000    1.00000
     1.00000    16.4750   -17.7232   -9.38762    1.00000    1.00000
     1.00000   -7.64989    16.6957    7.71947    1.00000    1.00000
     1.00000  -0.920235    3.72238   0.443825    1.00000    1.00000
     1.00000    1.93729   0.613316   -16.6138    1.00000    1.00000
     1.00000    25.2900   -11.3785   -13.5821    1.00000    1.00000
     1.00000   -16.5167    9.15537    16.8564    1.00000    1.00000
     1.00000    19.2865    18.1737   -2.38646    1.00000    1.00000
     1.00000   -18.5962   -13.3712    4.08835    1.00000    1.00000
     1.00000   -3.76272   -17.5487   -2.24342    1.00000    1.00000
     1.00000  -0.907005    12.2763    22.5570    1.00000    1.00000
     1.00000   -1.55401    16.0524   -1.11298    1.00000    1.00000
     1.00000   -9.45229   -2.36497    6.16982    1.00000    1.00000
     1.00000    28.7609   -19.7121   -24.6184    1.00000    1.00000
     1.00000   -4.54914   -4.78173    20.2477    1.00000    1.00000
     1.00000    5.39639   -4.06518   -2.28986    1.00000    1.00000
     1.00000   -22.5149   -11.7316    11.0222    1.00000    1.00000
     1.00000    14.6265   -20.8994   -14.0841    1.00000    1.00000
     1.00000   -10.8532    18.7255    5.07198    1.00000    1.00000
     1.00000   -7.23225    6.05172   -5.96814    1.00000    1.00000
     1.00000    1.88698   -1.27426   -4.99606    1.00000    1.00000
     1.00000    31.7330  -10.21352   -13.2300    1.00000    1.00000
     1.00000   -17.4817    9.44253    8.14069    1.00000    1.00000
     1.00000    20.2196    14.8334  -0.691879    1.00000    1.00000
     1.00000   -18.1913   -13.0130   -1.92841    1.00000    1.00000
     1.00000    2.64376   -12.2783    2.46552    1.00000    1.00000
     1.00000    6.37782    6.49373    14.9016    1.00000    1.00000
     1.00000   -5.22945   10.03385   -1.11250    1.00000    1.00000
     1.00000   -16.9992    1.84135    5.96738    1.00000    1.00000
     1.00000    21.1092   -20.1278   -22.2737    1.00000    1.00000
     1.00000   -14.1992    5.22712    13.7494    1.00000    1.00000
     1.00000    5.35322    11.5106  -0.485390    1.00000    1.00000
     1.00000   -21.7700   -2.25561    8.05354    1.00000    1.00000
     1.00000    20.3472   -21.9215   -16.6761    1.00000    1.00000
     1.00000   -12.2873    19.8428    9.43081    1.00000    1.00000
     1.00000   -9.08540    4.13902   0.623253    1.00000    1.00000
     1.00000    2.72642   0.778820   -14.7836    1.00000    1.00000
     1.00000    24.5050   -18.0128   -15.8058    1.00000    1.00000
     1.00000   -11.5235    8.54454    18.8089    1.00000    1.00000
     1.00000    26.7307    19.5715   -7.89387    1.00000    1.00000
     1.00000   -13.2992   -11.9362   -1.18874    1.00000    1.00000
     1.00000    4.21339   -17.1534   -7.02964    1.00000    1.00000
     1.00000    1.46201    15.2555    14.1968    1.00000    1.00000
     1.00000    2.79273    17.4127    4.58852    1.00000    1.00000
     1.00000   -7.49619  -0.757122    2.87640    1.00000    1.00000
     1.00000    25.7380   -20.5337   -31.8962    1.00000    1.00000
     1.00000   -10.9377   -2.04276    14.5420    1.00000    1.00000
     1.00000    1.87289    5.01528  -0.242577    1.00000    1.00000
     1.00000   -13.9372   -5.66183    10.6904    1.00000    1.00000
     1.00000    8.40713   -20.1827   -7.78854    1.00000    1.00000
     1.00000   -13.5100    19.5359    12.7146    1.00000    1.00000
     1.00000   -9.23530    13.3467   -9.72715    1.00000    1.00000
     1.00000   -2.17608   -5.48094   -3.90103    1.00000    1.00000
     1.00000    25.6318   -8.31835   -5.95191    1.00000    1.00000
     1.00000  -10.26536    11.6616   10.43443    1.00000    1.00000
     1.00000    18.4087    13.9390   0.309540    1.00000    1.00000
     1.00000   -24.3444   -11.2279   0.211540    1.00000    1.00000
     1.00000    1.02769   -3.06079    1.86457    1.00000    1.00000
     1.00000    1.97147    8.72052    11.3247    1.00000    1.00000
     1.00000    1.99957    13.7810   -1.00411    1.00000    1.00000
     1.00000   -14.4674    5.79726    7.05747    1.00000    1.00000
     1.00000    20.4022   -14.1287   -19.5294    1.00000    1.00000
     1.00000   -16.2783   0.959496    12.2059    1.00000    1.00000
     1.00000    7.80775    8.78975   -2.21661    1.00000    1.00000
     1.00000   -21.4803  -10.29121    7.96557    1.00000    1.00000
     1.00000    17.9772   -18.2289   -13.0198    1.00000    1.00000
     1.00000   -4.11066    13.8193    12.4151    1.00000    1.00000
     1.00000   -5.34081    1.49252    1.54513    1.00000    1.00000
     1.00000    2.84645   -2.52562   -16.1752    1.00000    1.00000
     1.00000    25.3955   -15.1983   -14.4732    1.00000    1.00000
     1.00000   -19.8061    7.90945    14.5018    1.00000    1.00000
     1.00000    15.6020    20.0760   -1.69725    1.00000    1.00000
     1.00000   -14.4518   -14.4896   0.338661    1.00000    1.00000
     1.00000   -1.63027   -12.5802  -0.929375    1.00000    1.00000
     1.00000   -2.53452    13.4598    18.6284    1.00000    1.00000
     1.00000  -0.945702    15.7128   0.761757    1.00000    1.00000
     1.00000   -11.5116   -5.28422    8.00330    1.00000    1.00000
     1.00000    29.9798   -21.2582   -24.2665    1.00000    1.00000
     1.00000   -5.57532   -5.56061    22.3064    1.00000    1.00000
     1.00000    1.30572  -0.947842  -0.454407    1.00000    1.00000
     1.00000   -15.5479   -14.0006    10.5974    1.00000    1.00000
     1.00000    15.3596   -20.7984   -12.2260    1.00000    1.00000
     1.00000   -16.1648    21.6540    9.05555    1.00000    1.00000
     1.00000  -10.08288   -5.57480E-02   -4.48514    1.00000    1.00000
     1.00000    2.78407    2.39510   -8.36524    1.00000    1.00000
     1.00000    24.8366   -7.67911   -12.9247    1.00000    1.00000
     1.00000   -16.2642    14.7796    6.50962    1.00000    1.00000
     1.00000    22.2554    11.9971   -2.02267    1.00000    1.00000
     1.00000   -20.0347   -13.3767   -3.03062    1.00000    1.00000
     1.00000   -1.36979   -10.6695  -0.398735    1.00000    1.00000
     1.00000    6.27011    8.45822    17.9205    1.00000    1.00000
     1.00000   -2.22105    11.4718  -0.318542    1.00000    1.00000
     1.00000   -11.7442   0.418163    7.66555    1.00000    1.00000
     1.00000    20.5555   -17.7091   -21.3673    1.00000    1.00000
     1.00000   -9.44474    6.32131    7.89703    1.00000    1.00000
     1.00000  -0.227516    8.56631   -2.41963    1.00000    1.00000
     1.00000   -20.3571   -1.34254    6.73112    1.00000    1.00000
     1.00000    20.9463   -23.2597   -21.0798    1.00000    1.00000
     1.00000   -9.34369    13.9816    11.8889    1.00000    1.00000
     1.00000   -7.26772    10.6627    1.83493    1.00000    1.00000
     1.00000    3.81107  -0.808056   -14.2310    1.00000    1.00000
     1.00000    23.9923   -18.0106   -19.2525    1.00000    1.00000
     1.00000   -13.6524    12.1357    15.0838    1.00000    1.00000
     1.00000    22.4707    19.4155   -2.33508    1.00000    1.00000
     1.00000   -11.0135   -11.4562   -5.47518    1.00000    1.00000
     1.00000   -3.96957E-02   -16.2893   -5.10940    1.00000    1.00000
     1.00000   0.188728    13.3826    16.1260    1.00000    1.00000
     1.00000   0.482018    17.5465    2.17955    1.00000    1.00000
     1.00000   -11.9573   -2.11171    2.89745    1.00000    1.00000
     1.00000    27.9083   -17.5263   -29.9587    1.00000    1.00000
     1.00000   -8.94880   -2.94789    20.1258    1.00000    1.00000
     1.00000    3.74525   0.658054  -0.120605    1.00000    1.00000
     1.00000   -16.2419  -10.35658    10.9911    1.00000    1.00000
     1.00000    8.33221   -18.1646   -8.99302    1.00000    1.00000
     1.00000   -12.8528    17.8030    15.3577    1.00000    1.00000
     1.00000   -5.20037    9.36843   -8.96463    1.00000    1.00000
     1.00000   -5.11840  -0.984062  -0.801308    1.00000    1.00000
     1.00000    26.4174   -6.96566   -9.57838    1.00000    1.00000
     1.00000   -16.4887    12.0729   10.26313    1.00000    1.00000
     1.00000    15.9828    11.1376   -2.41637    1.00000    1.00000
     1.00000   -19.4000   -11.0690    4.10512    1.00000    1.00000
     1.00000   -2.38111   -5.81579    1.23959    1.00000    1.00000
     1.00000    2.01184    9.72416    13.0541    1.00000    1.00000
     1.00000    4.98275    14.2827   -1.10542    1.00000    1.00000
     1.00000   -12.7014    4.61309    6.33851    1.00000    1.00000
     1.00000    19.9618   -14.1670   -22.2954    1.00000    1.00000
     1.00000   -11.1692    3.94687    12.7790    1.00000    1.00000
     1.00000    9.88625    8.78371   -5.08995    1.00000    1.00000
     1.00000   -21.9876   -7.90223    5.86326    1.00000    1.00000
     1.00000    18.4377   -16.3105   -8.74007    1.00000    1.00000
     1.00000   -5.57307    15.7668   10.36330    1.00000    1.00000
     1.00000   -3.94755    5.88810   0.972389    1.00000    1.00000
     1.00000    4.20914   -9.76715E-02   -19.0713    1.00000    1.00000
     1.00000    23.5999   -9.10855   -12.2711    1.00000    1.00000
     1.00000   -16.8110    9.32243    14.8579    1.00000    1.00000
     1.00000    17.4461    17.9087   -1.38840    1.00000    1.00000
     1.00000   -21.0257   -15.7200    5.92589    1.00000    1.00000
     1.00000   -3.08291   -20.1462  -0.404213    1.00000    1.00000
     1.00000   -2.39857    9.74831    18.5772    1.00000    1.00000
     1.00000   -5.27077    15.9710  -0.904961    1.00000    1.00000
     1.00000   -9.74397   -1.81871    8.69920    1.00000    1.00000
     1.00000    26.9776   -19.5610   -23.7256    1.00000    1.00000
     1.00000   -8.21610   -4.36938    21.3269    1.00000    1.00000
     1.00000    4.91859   -4.27870  -0.359543    1.00000    1.00000
     1.00000   -19.3757   -10.7101    8.84142    1.00000    1.00000
     1.00000    14.7960   -17.7074   -16.1978    1.00000    1.00000
     1.00000   -14.3311    19.2983    7.29698    1.00000    1.00000
     1.00000   -7.24337    4.26954   -3.84566    1.00000    1.00000
     1.00000   0.654564   -1.18839   -3.42323    1.00000    1.00000
     1.00000    28.4239   -8.13142   -13.1209    1.00000    1.00000
     1.00000   -18.2697    14.5043    7.07253    1.00000    1.00000
     1.00000    21.0126    13.5641   -2.01850    1.00000    1.00000
     1.00000   -16.5093   -14.0387   -2.27290    1.00000    1.00000
     1.00000   0.460381  -10.20216    2.94421    1.00000    1.00000
     1.00000    2.51628    5.58628    15.4799    1.00000    1.00000
     1.00000   -4.15899    12.7544   -2.72490    1.00000    1.00000
     1.00000   -15.3448    2.22973    4.91268    1.00000    1.00000
     1.00000    19.7322   -20.3512   -23.7069    1.00000    1.00000
     1.00000   -12.1130    7.05912    12.1321    1.00000    1.00000
     1.00000    3.46769    12.1017  -0.794266    1.00000    1.00000
     1.00000   -21.8851   -6.12853    8.14161    1.00000    1.00000
     1.00000    18.5919   -20.0895   -12.6192    1.00000    1.00000
     1.00000   -10.9097    17.8710    7.25896    1.00000    1.00000
     1.00000   -9.04305    6.69481   -2.32542    1.00000    1.00000
     1.00000   0.895210    5.80491   -15.8341    1.00000    1.00000
     1.00000    24.0795   -20.0400   -17.8228    1.00000    1.00000
     1.00000   -11.3691    9.92565    14.4799    1.00000    1.00000
     1.00000    25.2981    19.0074   -6.33253    1.00000    1.00000
     1.00000   -11.4906   -14.4028   -1.96968    1.00000    1.00000
     1.00000    4.01020   -19.5482   -6.21320    1.00000    1.00000
     1.00000    2.04182    13.6272    11.6441    1.00000    1.00000
     1.00000   -8.71506E-02    19.0024    5.34177    1.00000    1.00000
     1.00000   -6.95306  -0.593704    4.79430    1.00000    1.00000
     1.00000    25.2411   -18.6328   -30.3938    1.00000    1.00000
     1.00000   -11.2392    1.86779    13.7232    1.00000    1.00000
     1.00000    1.91029    7.00543  -0.437248    1.00000    1.00000
     1.00000   -15.3180   -5.92193    12.9487    1.00000    1.00000
     1.00000    7.05025   -22.4193   -7.03218    1.00000    1.00000
     1.00000   -12.4245    20.4764    11.3228    1.00000    1.00000
     1.00000   -7.74834    12.6017   -8.03780    1.00000    1.00000
     1.00000   -1.79375   -2.90257  -0.339432    1.00000    1.00000
     1.00000    28.0396   -7.93517   -8.92400    1.00000    1.00000
     1.00000   -12.1908    9.33776    9.84076    1.00000    1.00000
     1.00000    16.5918    12.5223  -0.855949    1.00000    1.00000
     1.00000   -22.3484   -11.1141   0.154381    1.00000    1.00000
     1.00000   -3.96955   -4.02342    4.07848    1.00000    1.00000
     1.00000    4.48029    8.38272    11.3198    1.00000    1.00000
     1.00000    3.52764    13.8326   0.285202    1.00000    1.00000
     1.00000   -15.9485    8.63058    5.80889    1.00000    1.00000
     1.00000    21.7021   -14.6541   -20.9556    1.00000    1.00000
     1.00000   -14.1202    3.00005    11.2238    1.00000    1.00000
     1.00000    8.36243    11.4252    1.00337    1.00000    1.00000
     1.00000   -22.9096   -11.2836    5.93462    1.00000    1.00000
     1.00000    15.3631   -17.6823   -11.4387    1.00000    1.00000
     1.00000   -7.40048    14.4546    11.9029    1.00000    1.00000
     1.00000   -5.95291    4.53780  -0.451431    1.00000    1.00000
     1.00000   -8.81882E-02   -2.13000   -13.9450    1.00000    1.00000
     1.00000    26.4502   -15.3229   -11.9126    1.00000    1.00000
     1.00000   -15.9302    5.09211    14.7420    1.00000    1.00000
     1.00000    14.5878    20.3389   -3.40084    1.00000    1.00000
     1.00000   -11.6082   -16.0306  -0.813690    1.00000    1.00000
     1.00000   -3.04282   -15.0121   -5.29701    1.00000    1.00000
     1.00000   -2.03171E-02    15.3338    18.9420    1.00000    1.00000
     1.00000    1.50442    18.7048   0.292389    1.00000    1.00000
     1.00000   -13.9538   -4.07417    9.47427    1.00000    1.00000
     1.00000    32.5682   -21.0869   -26.4671    1.00000    1.00000
     1.00000   -4.69346   -8.68306    20.0529    1.00000    1.00000
     1.00000    3.12490   -1.62668    2.49100E-02    1.00000    1.00000
     1.00000   -16.8531   -14.8431    12.2552    1.00000    1.00000
     1.00000    12.1473   -20.1659   -11.0299    1.00000    1.00000
     1.00000   -13.5283    21.7725   10.27316    1.00000    1.00000
     1.00000   -7.56377    1.04320   -3.73194    1.00000    1.00000
     1.00000    3.30370  -0.373024   -7.29012    1.00000    1.00000
     1.00000    25.7965   -5.95380   -12.6051    1.00000    1.00000
     1.00000   -13.1688    13.5520    3.36718    1.00000    1.00000
     1.00000    20.8482    9.75114  -0.455681    1.00000    1.00000
     1.00000   -19.9979   -12.5301   -1.21898    1.00000    1.00000
     1.00000  -0.387764   -8.93806  -0.592949    1.00000    1.00000
     1.00000    7.20715    7.94902    15.9945    1.00000    1.00000
     1.00000   -1.85354    13.4101    9.73511E-03    1.00000    1.00000
     1.00000   -10.7874   0.422825    5.90931    1.00000    1.00000
     1.00000    23.2343   -19.2421   -23.8799    1.00000    1.00000
     1.00000   -8.23367    7.91016    7.99100    1.00000    1.00000
     1.00000   0.206520    8.41330   0.180748    1.00000    1.00000
     1.00000   -20.7680   -1.30843    9.50230    1.00000    1.00000
     1.00000    19.8842   -21.7161   -18.6727    1.00000    1.00000
     1.00000  -10.00053    15.0730    9.40687    1.00000    1.00000
     1.00000   -7.05253    7.95569  -0.621048    1.00000    1.00000
     1.00000   0.584419    7.53403E-03   -9.78310    1.00000    1.00000
     1.00000    25.2891   -15.7117   -16.9155    1.00000    1.00000
     1.00000   -11.7166    10.5897    11.4983    1.00000    1.00000
     1.00000    21.5338    17.6922   -2.72569    1.00000    1.00000
     1.00000   -12.7648   -10.8202   -6.20232    1.00000    1.00000
     1.00000    3.39144   -17.0502   -5.20927    1.00000    1.00000
     1.00000   -3.17675    14.8655    13.8410    1.00000    1.00000
     1.00000    2.57325    15.2053    5.20287    1.00000    1.00000
     1.00000  -10.30854   -1.20853    3.58001    1.00000    1.00000
     1.00000    27.9072   -19.5085   -29.6923    1.00000    1.00000
     1.00000   -9.40897   -1.11659    18.1131    1.00000    1.00000
     1.00000    2.28553    2.24124   -1.67316    1.00000    1.00000
     1.00000   -15.8418  -10.26720    13.1253    1.00000    1.00000
     1.00000    11.1700   -19.9647   -9.29664    1.00000    1.00000
     1.00000   -15.0790    19.6693    16.8019    1.00000    1.00000
     1.00000   -6.14797    7.89236   -9.92548    1.00000    1.00000
     1.00000   -6.56098   -1.13290   0.575935    1.00000    1.00000
     1.00000    25.7870   -5.41863   -10.6781    1.00000    1.00000
     1.00000   -15.2638    13.2257    9.15130    1.00000    1.00000
     1.00000    10.6690    11.0396   -2.50076    1.00000    1.00000
     1.00000   -23.0304   -11.5804    3.96046    1.00000    1.00000
     1.00000   -3.10026   -2.20846    2.72222    1.00000    1.00000
     1.00000    2.75669    10.7912    14.8418    1.00000    1.00000
     1.00000    4.53060    17.2310   0.858421    1.00000    1.00000
     1.00000   -13.4207    4.53555    8.20309    1.00000    1.00000
     1.00000    20.5135   -10.8386   -22.0292    1.00000    1.00000
     1.00000   -7.71430    4.35623    12.9454    1.00000    1.00000
     1.00000    9.24918    11.3628   -3.87175    1.00000    1.00000
     1.00000   -24.5094   -6.51524    3.47602    1.00000    1.00000
     1.00000    16.6918   -16.5378   -7.79138    1.00000    1.00000
     1.00000   -6.70673    18.2881    8.47750    1.00000    1.00000
     1.00000   -2.79527    3.40373  -0.174812    1.00000    1.00000
     1.00000    3.34689  -0.760002   -16.9703    1.00000    1.00000
     1.00000    25.9529   -12.2016   -15.2800    1.00000    1.00000
     1.00000   -15.0470    8.89336    18.1873    1.00000    1.00000
     1.00000    17.5965    17.7731   -3.37813    1.00000    1.00000
     1.00000   -16.9609   -12.9273    3.02585    1.00000    1.00000
     1.00000   -4.26940   -15.6324   -2.50930    1.00000    1.00000
     1.00000  -0.542358    11.4352    20.7795    1.00000    1.00000
     1.00000   -3.44364    15.7239   -1.67992    1.00000    1.00000
     1.00000   -8.40527   -2.88666    4.54762    1.00000    1.00000
     1.00000    28.1641   -18.5779   -26.1538    1.00000    1.00000
     1.00000   -4.79453   -3.75487    21.9463    1.00000    1.00000
     1.00000    6.59118   -2.51706   -1.87058    1.00000    1.00000
     1.00000   -21.1087   -11.0217    9.78996    1.00000    1.00000
     1.00000    14.3519   -19.0437   -14.7775    1.00000    1.00000
     1.00000   -11.3994    20.6488    5.12574    1.00000    1.00000
     1.00000   -6.44955    7.81313   -6.50182    1.00000    1.00000
     1.00000    3.11439   -2.11777   -6.33095    1.00000    1.00000
     1.00000    29.9131   -9.41988   -13.4704    1.00000    1.00000
     1.00000   -17.7710    11.2127    7.25591    1.00000    1.00000
     1.00000    20.2944    13.6143   0.891861    1.00000    1.00000
     1.00000   -16.9250   -11.6617   -2.68371    1.00000    1.00000
     1.00000    1.90673   -10.6578    1.55410    1.00000    1.00000
     1.00000    4.71535    5.38643    14.8014    1.00000    1.00000
     1.00000   -5.72153    11.7912   -1.93081    1.00000    1.00000
     1.00000   -18.5134    1.36275    4.75157    1.00000    1.00000
     1.00000    22.3722   -20.1717   -20.7236    1.00000    1.00000
     1.00000   -12.2521    5.51243    13.3924    1.00000    1.00000
     1.00000    6.40615    11.0350    1.14714    1.00000    1.00000
     1.00000   -22.2174   -4.18740    7.79287    1.00000    1.00000
     1.00000    20.9143   -20.9358   -15.0309    1.00000    1.00000
     1.00000   -10.7796    19.6675    8.12840    1.00000    1.00000
     1.00000   -8.75080    5.18225   -1.04998    1.00000    1.00000
     1.00000    2.70736    2.71883   -14.2978    1.00000    1.00000
     1.00000    26.0651   -16.8162   -15.4397    1.00000    1.00000
     1.00000   -13.1135    9.25534    17.8258    1.00000    1.00000
     1.00000    26.6250    17.7321   -7.11561    1.00000    1.00000
     1.00000   -12.7203   -12.6757   -2.95452    1.00000    1.00000
     1.00000    5.62031   -18.3639   -6.28445    1.00000    1.00000
     1.00000    1.81960    15.5211    12.2471    1.00000    1.00000
     1.00000    1.19309    16.6234    5.49307    1.00000    1.00000
     1.00000   -5.54381   -1.14293    3.07484    1.00000    1.00000
     1.00000    26.1786   -20.4818   -29.9461    1.00000    1.00000
     1.00000  -10.21865  -0.413563    15.4523    1.00000    1.00000
     1.00000   0.888832    3.35858  -0.778282    1.00000    1.00000
     1.00000   -13.3598   -6.05553    12.5644    1.00000    1.00000
     1.00000    9.65736   -19.9345   -6.24733    1.00000    1.00000
     1.00000   -14.0247    17.8976    13.7398    1.00000    1.00000
     1.00000   -8.00222    13.8003   -11.2351    1.00000    1.00000
     1.00000   -1.41514   -3.63377   -3.80663    1.00000    1.00000
     1.00000    26.8293   -8.67428   -7.51376    1.00000    1.00000
     1.00000   -12.0860    11.3283    9.67680    1.00000    1.00000
     1.00000    16.6674    14.4899  -0.505402    1.00000    1.00000
     1.00000   -25.3020   -12.5303    1.38915    1.00000    1.00000
     1.00000  -0.383751   -3.57371    3.18546    1.00000    1.00000
     1.00000    3.33277    9.36421   10.00839    1.00000    1.00000
     1.00000    1.08277    12.0157   -1.21217    1.00000    1.00000
     1.00000   -14.2899    7.55983    6.12910    1.00000    1.00000
     1.00000    21.5084   -15.4985   -18.5806    1.00000    1.00000
     1.00000   -15.3885    2.67085    12.7348    1.00000    1.00000
     1.00000    7.00317   10.54274   -1.68778    1.00000    1.00000
     1.00000   -21.0517   -8.75703    9.17495    1.00000    1.00000
     1.00000    19.5505   -17.9931   -11.8077    1.00000    1.00000
     1.00000   -5.63686    13.9192    11.1264    1.00000    1.00000
     1.00000   -5.08794    2.80876    6.06842E-02    1.00000    1.00000
     1.00000    2.67407   -4.18665   -17.2758    1.00000    1.00000
     1.00000    26.2423   -14.0811   -15.8995    1.00000    1.00000
     1.00000   -17.8384    7.61352    14.7027    1.00000    1.00000
     1.00000    13.8770    20.7673  -0.958099    1.00000    1.00000
     1.00000   -15.7610   -13.7958    1.68201    1.00000    1.00000
     1.00000   -3.06463   -13.1160   -2.21604    1.00000    1.00000
     1.00000   -3.74581    12.5013    19.8989    1.00000    1.00000
     1.00000   -1.79825E-02    17.4085   0.247978    1.00000    1.00000
     1.00000  -10.36712   -3.77876    8.65422    1.00000    1.00000
     1.00000    31.6405   -22.0909   -25.0072    1.00000    1.00000
     1.00000   -5.28547   -6.99009    20.9380    1.00000    1.00000
     1.00000   0.129189   -5.88074E-02   0.896667    1.00000    1.00000
     1.00000   -17.0803   -12.8230   10.08271    1.00000    1.00000
     1.00000    16.8219   -20.3480   -13.5139    1.00000    1.00000
     1.00000   -14.4212    21.0225    8.30656    1.00000    1.00000
     1.00000   -8.21391  -0.162666   -5.18907    1.00000    1.00000
     1.00000   0.851364    1.88322   -8.31400    1.00000    1.00000
     1.00000    25.8342   -9.39172   -13.1929    1.00000    1.00000
     1.00000   -14.3235    14.6713    6.03823    1.00000    1.00000
     1.00000    22.8381    12.2018  -0.120399    1.00000    1.00000
     1.00000   -20.8385   -11.5578   -3.24487    1.00000    1.00000
     1.00000   -2.55828   -9.79033   0.948303    1.00000    1.00000
     1.00000    6.57590    9.78903    16.4591    1.00000    1.00000
     1.00000   -3.51302    9.96252   -8.84094E-02    1.00000    1.00000
     1.00000   -13.6993    1.95541E-02    7.80322    1.00000    1.00000
     1.00000    20.3469   -15.9968   -20.3551    1.00000    1.00000
     1.00000   -11.2866    6.29544    8.67616    1.00000    1.00000
     1.00000   0.942360    9.64754   -1.21037    1.00000    1.00000
     1.00000   -20.2777    7.30400E-02    8.14173    1.00000    1.00000
     1.00000    21.5998   -21.8070   -19.8703    1.00000    1.00000
     1.00000   -8.72066    12.9259   10.30859    1.00000    1.00000
     1.00000   -6.81995    9.81429    8.00171E-02    1.00000    1.00000
     1.00000    2.20741   -1.13195   -13.0806    1.00000    1.00000
     1.00000    22.9204   -16.3797   -19.6896    1.00000    1.00000
     1.00000   -12.8306    11.0095    13.6498    1.00000    1.00000
     1.00000    23.4052    19.1553   -4.08406    1.00000    1.00000
     1.00000   -12.3021   -11.0273   -4.00698    1.00000    1.00000
     1.00000   -1.22677   -15.0480   -6.13405    1.00000    1.00000
     1.00000   -5.09262E-02    13.9477    14.2225    1.00000    1.00000
     1.00000  -0.361870    15.8800    2.89426    1.00000    1.00000
     1.00000   -13.0496  -0.752106    3.87637    1.00000    1.00000
     1.00000    29.3393   -16.2181   -29.4679    1.00000    1.00000
     1.00000   -7.85339   -2.27879    18.5921    1.00000    1.00000
     1.00000    2.44305   0.249512   -1.58260    1.00000    1.00000
     1.00000   -16.4104   -8.67376    12.0587    1.00000    1.00000
     1.00000    9.19549   -19.8640   -9.59876    1.00000    1.00000
     1.00000   -11.5978    18.3262    16.8244    1.00000    1.00000
     1.00000   -6.81046   10.55486   -8.96483    1.00000    1.00000
     1.00000   -3.48447   -2.10920   -1.05500    1.00000    1.00000
     1.00000    25.1368   -7.79539   -8.28539    1.00000    1.00000
     1.00000   -14.8729    11.1158    9.57528    1.00000    1.00000
     1.00000    14.0407    11.4348   -2.04219    1.00000    1.00000
     1.00000   -21.3203  -10.54453    3.91157    1.00000    1.00000
     1.00000   -2.30868   -6.93655  -0.415298    1.00000    1.00000
     1.00000    3.15963    11.0340    12.0709    1.00000    1.00000
     1.00000    3.73392    15.6900  -0.427170    1.00000    1.00000
     1.00000   -13.3414    2.77884    6.81384    1.00000    1.00000
     1.00000    18.3714   -14.8473   -23.2993    1.00000    1.00000
     1.00000   -12.6544    2.63012    12.5331    1.00000    1.00000
     1.00000    11.3719   10.12267   -5.09398    1.00000    1.00000
     1.00000   -23.5714   -7.84085    4.64352    1.00000    1.00000
     1.00000    18.5350   -17.1235   -6.91537    1.00000    1.00000
     1.00000   -7.18357    15.4568    9.21869    1.00000    1.00000
     1.00000   -4.00701    4.88466  -0.756645    1.00000    1.00000
     1.00000    5.12017   -1.27687   -17.7373    1.00000    1.00000
     1.00000    24.8791  -10.57167   -11.7988    1.00000    1.00000
     1.00000   -15.7349    10.6914    15.8417    1.00000    1.00000
     1.00000    17.0912    19.6324  -0.438095    1.00000    1.00000
     1.00000   -20.1516   -14.1246    5.09489    1.00000    1.00000
     1.00000   -4.35506   -19.3948   -1.75217    1.00000    1.00000
     1.00000   -2.06526    11.4992    19.4846    1.00000    1.00000
     1.00000   -4.95824    17.9425  -0.780899    1.00000    1.00000
     1.00000   -11.0716   -2.44504    7.34087    1.00000    1.00000
     1.00000    25.1505   -18.7639   -23.5642    1.00000    1.00000
     1.00000   -6.54690   -4.69049    20.2730    1.00000    1.00000
     1.00000    3.24479   -3.74035   -1.31274    1.00000    1.00000
     1.00000   -17.9575   -11.0305   10.21478    1.00000    1.00000
     1.00000    15.8150   -17.4720   -14.4931    1.00000    1.00000
     1.00000   -12.5593    19.7771    6.50224    1.00000    1.00000
     1.00000   -6.01286    5.74029   -4.41376    1.00000    1.00000
     1.00000   0.189857   -2.06156   -1.68495    1.00000    1.00000
     1.00000    28.9634   -6.36256   -12.3593    1.00000    1.00000
     1.00000   -17.1014    12.9640    6.55985    1.00000    1.00000
     1.00000    21.9426    14.1530   -3.68832    1.00000    1.00000
     1.00000   -15.0178   -15.1075   -1.47734    1.00000    1.00000
     1.00000    1.72958E-02  -10.31182   0.996986    1.00000    1.00000
     1.00000    4.10043    5.52692    16.6993    1.00000    1.00000
     1.00000   -5.28449    13.3539   -4.26565    1.00000    1.00000
     1.00000   -14.5259    1.21410    6.42855    1.00000    1.00000
     1.00000    17.9584   -21.1361   -23.2195    1.00000    1.00000
     1.00000   -11.4543    7.46711   10.28831    1.00000    1.00000
     1.00000    2.72489   10.44742   -1.63785    1.00000    1.00000
