     1.00000   -7.11053   0.224060   -4.22859    1.00000    1.00000
     1.00000   -1.58061   -12.5812   -19.4498    1.00000    1.00000
     1.00000   -22.7230   -12.6205   -16.2750    1.00000    1.00000
     1.00000    24.0793    15.8890    26.0637    1.00000    1.00000
     1.00000   -17.8194    3.08092    26.6724    1.00000    1.00000
     1.00000    14.4485  -0.673332   -5.57413    1.00000    1.00000
     1.00000   -11.1052   -11.7710   -17.6136    1.00000    1.00000
     1.00000    11.8354    7.81947    21.8860    1.00000    1.00000
     1.00000  -0.750816   -5.28128   -6.45650    1.00000    1.00000
     1.00000    4.87042   -9.66650   -12.0656    1.00000    1.00000
     1.00000   -19.7532   -11.6111   -9.97361    1.00000    1.00000
     1.00000    21.1851    20.3011    17.0986    1.00000    1.00000
     1.00000  -0.914459    3.69012    1.87296    1.00000    1.00000
     1.00000    1.86462    1.98135   -14.6764    1.00000    1.00000
     1.00000   -16.9877   -3.32560   -13.2143    1.00000    1.00000
     1.00000    20.3641    15.5594    32.4057    1.00000    1.00000
     1.00000   -11.2727   0.410133  -0.955833    1.00000    1.00000
     1.00000   -4.51307   -18.2473   -18.7348    1.00000    1.00000
     1.00000   -25.9928   -7.00043   -8.82149    1.00000    1.00000
     1.00000    19.5142    16.0632    22.1392    1.00000    1.00000
     1.00000   -22.0793   -13.9074    29.7220    1.00000    1.00000
     1.00000    12.9091    14.2732   -3.57512    1.00000    1.00000
     1.00000   -13.3853   -11.8674   -25.5028    1.00000    1.00000
     1.00000    11.7750    7.28329    27.9728    1.00000    1.00000
     1.00000  -10.07755  -0.821018   -10.7540    1.00000    1.00000
     1.00000    15.5364   -2.34889   -5.66952    1.00000    1.00000
     1.00000   -12.9443   -22.1212   -24.2537    1.00000    1.00000
     1.00000    14.9253   10.48468    8.17352    1.00000    1.00000
     1.00000   -4.49246    8.24051E-02    4.21235    1.00000    1.00000
     1.00000    5.38053    5.86938   -13.1501    1.00000    1.00000
     1.00000   -14.4039   -4.47313   -13.7030    1.00000    1.00000
     1.00000    26.8815    12.5106    27.3270    1.00000    1.00000
     1.00000   -1.98445    3.03807   -3.29753    1.00000    1.00000
     1.00000   0.687660   -8.48376   -18.2927    1.00000    1.00000
     1.00000   -19.2553   -14.5829   -8.52185    1.00000    1.00000
     1.00000    22.0598   10.01640    16.6756    1.00000    1.00000
     1.00000   -16.3397    1.79827    24.3767    1.00000    1.00000
     1.00000    12.3586    6.21147   -5.40517    1.00000    1.00000
     1.00000   -9.74549   -8.72830   -25.6452    1.00000    1.00000
     1.00000    9.09203    12.9334    22.2089    1.00000    1.00000
     1.00000    3.82196   0.816536   -12.1887    1.00000    1.00000
     1.00000    6.12436   -6.08181   -8.05159    1.00000    1.00000
     1.00000   -16.1218   -14.1856   -19.1489    1.00000    1.00000
     1.00000    14.4159    17.0640    11.7930    1.00000    1.00000
     1.00000   -1.39366   -2.46869    3.32471    1.00000    1.00000
     1.00000   10.08409    1.56598   -10.8131    1.00000    1.00000
     1.00000   -15.3057   0.339134   -8.08043    1.00000    1.00000
     1.00000    22.4047    10.9051    33.3925    1.00000    1.00000
     1.00000   -10.6391  -0.754715   -4.23672    1.00000    1.00000
     1.00000   0.128944  -10.12387   -17.2402    1.00000    1.00000
     1.00000   -23.5238   -4.98319   -7.84821    1.00000    1.00000
     1.00000    22.5080    18.9155    23.6032    1.00000    1.00000
     1.00000   -21.6959   -6.77122    28.5447    1.00000    1.00000
     1.00000    11.1271    12.9521  -0.489494    1.00000    1.00000
     1.00000   -13.6194   -5.66785   -28.1073    1.00000    1.00000
     1.00000    13.0768    9.83699    29.2086    1.00000    1.00000
     1.00000   -5.39490   -4.35447   -8.75171    1.00000    1.00000
     1.00000   10.35540   -4.91988   -6.70193    1.00000    1.00000
     1.00000   -12.6953   -15.5352   -30.0907    1.00000    1.00000
     1.00000    13.2161    15.2499    1.21193    1.00000    1.00000
     1.00000   -13.5745   -2.85793    17.2704    1.00000    1.00000
     1.00000    7.73611    5.05925   -8.34188    1.00000    1.00000
     1.00000   -17.1287   -6.73495   -10.9727    1.00000    1.00000
     1.00000    23.1834    7.20535    25.2848    1.00000    1.00000
     1.00000   -8.33219    5.24430  -0.357368    1.00000    1.00000
     1.00000   -3.56438   -15.5545   -19.9380    1.00000    1.00000
     1.00000   -25.5270   -11.8256   -17.8321    1.00000    1.00000
     1.00000    26.4512    11.7057    20.1629    1.00000    1.00000
     1.00000   -16.6149   0.645252    25.9875    1.00000    1.00000
     1.00000    11.7207   -3.45454   -7.13975    1.00000    1.00000
     1.00000   -12.0591   -9.65214   -15.2796    1.00000    1.00000
     1.00000    9.26813    2.23641    25.6713    1.00000    1.00000
     1.00000   -3.90269   -2.54191   -11.3638    1.00000    1.00000
     1.00000    4.82971   -7.08603   -11.8094    1.00000    1.00000
     1.00000   -17.1930   -12.2041   -14.2929    1.00000    1.00000
     1.00000    18.1747    19.8052    14.2923    1.00000    1.00000
     1.00000   -3.01002   -1.39870    2.83222    1.00000    1.00000
     1.00000    3.25073    4.10815   -14.4333    1.00000    1.00000
     1.00000   -13.4109   -4.00571   -8.82837    1.00000    1.00000
     1.00000    18.8801    13.3350    30.1189    1.00000    1.00000
     1.00000   -14.3550   -1.24056   -2.87057    1.00000    1.00000
     1.00000   -4.16561   -15.7919   -16.1737    1.00000    1.00000
     1.00000   -23.2606   -11.7258   -9.55888    1.00000    1.00000
     1.00000    20.8085    15.1266    25.2367    1.00000    1.00000
     1.00000   -21.1729  -10.48151    29.6667    1.00000    1.00000
     1.00000    10.8430    6.72968   -2.54807    1.00000    1.00000
     1.00000   -8.79646   -12.6077   -27.7137    1.00000    1.00000
     1.00000    11.4047    6.15078    31.9502    1.00000    1.00000
     1.00000   -7.11493   -8.27446E-02   -9.44277    1.00000    1.00000
     1.00000    14.0726   -4.14484   -9.81283    1.00000    1.00000
     1.00000   -11.8816   -21.9755   -27.1655    1.00000    1.00000
     1.00000    15.8470    14.5344    8.84386    1.00000    1.00000
     1.00000   -6.57866   -3.75028    8.54733    1.00000    1.00000
     1.00000    3.24110    8.34023   -11.5759    1.00000    1.00000
     1.00000   -12.3819   -3.84796   -19.2482    1.00000    1.00000
     1.00000    28.1672    15.0918    29.9510    1.00000    1.00000
     1.00000   -3.09677    1.71731   -4.30666    1.00000    1.00000
     1.00000  -0.483238   -11.3387   -20.5688    1.00000    1.00000
     1.00000   -21.3124   -12.8444   -9.75462    1.00000    1.00000
     1.00000    22.9452    12.6849    20.4541    1.00000    1.00000
     1.00000   -16.2130  -0.522614    22.3985    1.00000    1.00000
     1.00000    12.0923    4.34256   -7.68842    1.00000    1.00000
     1.00000   -9.33292   -9.01855   -22.3637    1.00000    1.00000
     1.00000    7.79130    7.31889    23.3528    1.00000    1.00000
     1.00000   -3.16274  -0.577377   -11.4461    1.00000    1.00000
     1.00000    7.17173   -3.41205   -10.9531    1.00000    1.00000
     1.00000   -13.8447   -15.6951   -22.7065    1.00000    1.00000
     1.00000    14.2485    18.9237    6.52901    1.00000    1.00000
     1.00000   -2.40289   -5.68068    3.71589    1.00000    1.00000
     1.00000    6.09581    2.04813   -12.8455    1.00000    1.00000
     1.00000   -15.4207   -3.93677E-03   -4.02598    1.00000    1.00000
     1.00000    22.6178    9.91457    30.5368    1.00000    1.00000
     1.00000   -9.64250  -0.740528   -1.09212    1.00000    1.00000
     1.00000  -0.880852   -15.3257   -15.4448    1.00000    1.00000
     1.00000   -21.9127   -1.48413   -6.81533    1.00000    1.00000
     1.00000    21.4102    16.6394    26.3983    1.00000    1.00000
     1.00000   -18.4948   -1.71712    29.9886    1.00000    1.00000
     1.00000    9.12592    12.4389    3.90607    1.00000    1.00000
     1.00000   -7.07253   -8.60765   -27.2011    1.00000    1.00000
     1.00000    15.9319    14.6770    28.7440    1.00000    1.00000
     1.00000   -3.29535   -5.49906   -6.47390    1.00000    1.00000
     1.00000    15.5309   -6.33980  -10.34760    1.00000    1.00000
     1.00000   -11.1858   -15.5623   -28.7790    1.00000    1.00000
     1.00000    18.6158    17.3243    6.60011    1.00000    1.00000
     1.00000   -5.86104   -3.26783    13.5999    1.00000    1.00000
     1.00000    6.59590    8.84930  -10.48958    1.00000    1.00000
     1.00000   -14.7651   -8.51940   -12.1941    1.00000    1.00000
     1.00000    24.9330    12.3423    26.9087    1.00000    1.00000
     1.00000   -6.60711    1.21714   0.729149    1.00000    1.00000
     1.00000    1.82632   -11.2175   -17.9899    1.00000    1.00000
     1.00000   -22.6164   -13.3672   -14.4227    1.00000    1.00000
     1.00000    21.9279    13.3752    26.8375    1.00000    1.00000
     1.00000   -16.6933   0.107708    27.9123    1.00000    1.00000
     1.00000    13.4996    1.56301   -7.86543    1.00000    1.00000
     1.00000   -8.91356   -12.6553   -21.9015    1.00000    1.00000
     1.00000    11.0176    6.89120    26.1638    1.00000    1.00000
     1.00000  -0.929794   -2.54013   -9.18170    1.00000    1.00000
     1.00000    8.10332   -7.44098   -14.3617    1.00000    1.00000
     1.00000   -18.8386   -13.1948   -14.8502    1.00000    1.00000
     1.00000    21.6988    20.1356    15.1728    1.00000    1.00000
     1.00000   -2.25229    3.92890    3.34035    1.00000    1.00000
     1.00000    2.02888  -0.821304   -13.9901    1.00000    1.00000
     1.00000   -16.5130   -1.50541   -12.5349    1.00000    1.00000
     1.00000    22.5746    12.5224    32.2283    1.00000    1.00000
     1.00000   -12.4188   0.623756   0.669235    1.00000    1.00000
     1.00000   -1.27457   -17.4373   -19.2020    1.00000    1.00000
     1.00000   -27.6160   -5.70329   -7.58164    1.00000    1.00000
     1.00000    20.1771    17.7620    19.2914    1.00000    1.00000
     1.00000   -21.8533   -12.0713    28.6618    1.00000    1.00000
     1.00000    10.8851   10.26115   -1.68505    1.00000    1.00000
     1.00000   -11.1420   -12.7259   -25.5204    1.00000    1.00000
     1.00000    11.3333    8.86120    29.1196    1.00000    1.00000
     1.00000  -10.54976  -0.522995   -7.18580    1.00000    1.00000
     1.00000    17.1369   -4.96875   -8.19968    1.00000    1.00000
     1.00000   -15.2868   -22.6152   -23.8263    1.00000    1.00000
     1.00000    16.7470    8.32115    9.53753    1.00000    1.00000
     1.00000   -6.72556   -1.97342    6.61208    1.00000    1.00000
     1.00000    3.39995    8.91284   -14.0691    1.00000    1.00000
     1.00000   -10.9025   -2.43147   -15.3501    1.00000    1.00000
     1.00000    29.6097    12.4441    27.1787    1.00000    1.00000
     1.00000   -4.70081    4.03981   -1.91693    1.00000    1.00000
     1.00000    2.27122   -6.45640   -15.7353    1.00000    1.00000
     1.00000   -20.0414   -12.7250   -6.10589    1.00000    1.00000
     1.00000    21.8935    8.05636    16.3142    1.00000    1.00000
     1.00000   -18.7691  -0.485409    22.1839    1.00000    1.00000
     1.00000    13.5602    7.81107   -7.79218    1.00000    1.00000
     1.00000   -10.7783   -7.23374   -23.5893    1.00000    1.00000
     1.00000    7.56125    10.6442    21.7986    1.00000    1.00000
     1.00000    1.69067E-02    1.11219   -12.1780    1.00000    1.00000
     1.00000    4.78711   -4.98402   -6.30093    1.00000    1.00000
     1.00000   -16.2300   -13.6516   -17.2245    1.00000    1.00000
     1.00000    15.9213    16.4803    9.29993    1.00000    1.00000
     1.00000   -1.75293   -3.30812  -0.205124    1.00000    1.00000
     1.00000    9.32779    2.56764   -9.22113    1.00000    1.00000
     1.00000   -16.1529  -0.223141   -9.80268    1.00000    1.00000
     1.00000    20.4119    10.9372    33.2265    1.00000    1.00000
     1.00000   -7.27350   -2.22337   -3.40776    1.00000    1.00000
     1.00000  -0.837021   -12.3077   -15.1331    1.00000    1.00000
     1.00000   -24.3780   -6.00684   -6.35741    1.00000    1.00000
     1.00000    20.9179    19.9680    23.0002    1.00000    1.00000
     1.00000   -21.1133   -8.66165    28.8394    1.00000    1.00000
     1.00000    9.26083    12.6624   0.535683    1.00000    1.00000
     1.00000  -10.07301   -4.30021   -26.4947    1.00000    1.00000
     1.00000    16.0455    8.75539    31.9096    1.00000    1.00000
     1.00000   -3.07053   -6.31416  -10.08493    1.00000    1.00000
     1.00000    6.66389   -5.26991   -5.67163    1.00000    1.00000
     1.00000   -11.7365   -15.1058   -33.9182    1.00000    1.00000
     1.00000    10.7436    16.7214    1.70553    1.00000    1.00000
     1.00000   -12.0304   -1.69870    16.7491    1.00000    1.00000
     1.00000    5.42319    9.36501   -8.95376    1.00000    1.00000
     1.00000   -16.2497   -5.24048   -13.6398    1.00000    1.00000
     1.00000    25.1195    9.82788    25.1121    1.00000    1.00000
     1.00000   -5.56316    3.72611  -0.139854    1.00000    1.00000
     1.00000   -2.27441   -17.2115   -22.0138    1.00000    1.00000
     1.00000   -25.4118   -12.8301   -16.1065    1.00000    1.00000
     1.00000    24.7064    12.8379    24.0264    1.00000    1.00000
     1.00000   -16.0598   -2.11640    28.0859    1.00000    1.00000
     1.00000    13.2730  -0.126236   -3.82772    1.00000    1.00000
     1.00000   -11.0091   -9.87768   -18.2510    1.00000    1.00000
     1.00000    7.69014    5.76730    26.5306    1.00000    1.00000
     1.00000   -3.22269   -1.60637   -9.73215    1.00000    1.00000
     1.00000    6.78162   -6.66757   -11.9317    1.00000    1.00000
     1.00000   -14.1632   -11.0847   -12.5550    1.00000    1.00000
     1.00000    17.1886    18.7765    15.8733    1.00000    1.00000
     1.00000   -6.68624  -0.480762    1.78313    1.00000    1.00000
     1.00000    4.33638    2.90200   -13.2643    1.00000    1.00000
     1.00000   -14.6657   -2.76957   -12.6885    1.00000    1.00000
     1.00000    18.0924    11.8039    31.1364    1.00000    1.00000
     1.00000   -12.1531   -2.56329   -5.23504    1.00000    1.00000
     1.00000   -4.69212   -18.8903   -15.9747    1.00000    1.00000
     1.00000   -23.3478   -9.85135   -8.86685    1.00000    1.00000
     1.00000    22.8411    13.3730    23.5420    1.00000    1.00000
     1.00000   -18.5880   -14.0785    31.3947    1.00000    1.00000
     1.00000    12.8716    10.6653   -3.01877    1.00000    1.00000
     1.00000   -10.5940   -8.31605   -27.8550    1.00000    1.00000
     1.00000    8.84657    5.74156    31.5911    1.00000    1.00000
     1.00000   -6.55959   -1.99976   -9.31377    1.00000    1.00000
     1.00000    16.7126   -4.22111   -11.6691    1.00000    1.00000
     1.00000   -11.8461   -18.8171   -28.0646    1.00000    1.00000
     1.00000    15.6979    12.4316    7.16039    1.00000    1.00000
     1.00000   -5.94316   -4.27784    11.8756    1.00000    1.00000
     1.00000    2.22937    9.55399  -10.34982    1.00000    1.00000
     1.00000   -14.2380   -5.40845   -18.6454    1.00000    1.00000
     1.00000    28.6864    15.6076    26.7945    1.00000    1.00000
     1.00000   -3.87019    2.01788   -1.85492    1.00000    1.00000
     1.00000  -0.245461   -13.0575   -21.5635    1.00000    1.00000
     1.00000   -21.7836   -15.2508   -11.2677    1.00000    1.00000
     1.00000    22.8416    13.0523    17.0813    1.00000    1.00000
     1.00000   -15.0638   -3.17039E-02    19.3730    1.00000    1.00000
     1.00000    14.9632    1.82559   -6.52784    1.00000    1.00000
     1.00000   -9.61886   -6.17143   -20.5658    1.00000    1.00000
     1.00000    9.72810    7.77870    23.1594    1.00000    1.00000
     1.00000   -4.77488   0.430759   -12.0663    1.00000    1.00000
     1.00000    7.36152   -1.93511   -12.2882    1.00000    1.00000
     1.00000   -12.9462   -17.4721   -22.8936    1.00000    1.00000
     1.00000    13.3656    18.2947    8.47639    1.00000    1.00000
     1.00000   -2.93874   -2.76493    5.09806    1.00000    1.00000
     1.00000    9.71900   0.562035   -13.8867    1.00000    1.00000
     1.00000   -18.7308  -0.214535   -1.84446    1.00000    1.00000
     1.00000    20.5977    11.1655    28.9420    1.00000    1.00000
     1.00000  -10.36003   -2.47081   -3.24825    1.00000    1.00000
     1.00000   -2.56070   -13.3221   -15.1234    1.00000    1.00000
     1.00000   -22.5387   -8.35114E-02   -5.53222    1.00000    1.00000
     1.00000    21.7856    17.5218    28.1535    1.00000    1.00000
     1.00000   -19.2476   -4.05981    27.4536    1.00000    1.00000
     1.00000    7.37157    12.2413    1.03899    1.00000    1.00000
     1.00000   -8.25814   -5.76458   -27.2316    1.00000    1.00000
     1.00000    15.4908    12.8507    31.1945    1.00000    1.00000
     1.00000   -3.56096   -3.54916   -6.11707    1.00000    1.00000
     1.00000    12.3968   -6.50538   -9.38073    1.00000    1.00000
     1.00000   -13.4267   -12.4796   -31.0154    1.00000    1.00000
     1.00000    15.4505    15.6838    4.00898    1.00000    1.00000
     1.00000   -8.68835   -3.94073    14.7942    1.00000    1.00000
     1.00000    8.07897    12.7539  -10.56652    1.00000    1.00000
     1.00000   -12.9872   -8.79063   -11.3191    1.00000    1.00000
     1.00000    26.2287    9.78342    27.8210    1.00000    1.00000
     1.00000   -6.95480   0.807278   -2.32187    1.00000    1.00000
     1.00000   -1.89768   -10.8790   -18.4487    1.00000    1.00000
     1.00000   -21.6461   -14.2264   -16.7863    1.00000    1.00000
     1.00000    25.0496    14.1402    26.0406    1.00000    1.00000
     1.00000   -16.6139    2.10599    27.9359    1.00000    1.00000
     1.00000    15.4913   0.835724   -4.77708    1.00000    1.00000
     1.00000   -9.62553   -12.5200   -18.7314    1.00000    1.00000
     1.00000    12.4369    8.09287    23.7737    1.00000    1.00000
     1.00000   0.320435   -3.60583   -6.24373    1.00000    1.00000
     1.00000    6.57747   -8.65395   -11.8192    1.00000    1.00000
     1.00000   -19.6265   -11.4050   -11.9589    1.00000    1.00000
     1.00000    19.8003    19.4240    18.2445    1.00000    1.00000
     1.00000   -1.85384    2.00194    2.39026    1.00000    1.00000
     1.00000    3.74772    1.36603   -14.4019    1.00000    1.00000
     1.00000   -18.9433   -2.91038   -13.1576    1.00000    1.00000
     1.00000    20.3298    15.1874    34.3705    1.00000    1.00000
     1.00000   -11.0908    1.64898   -2.51538    1.00000    1.00000
     1.00000   -5.70097   -19.4092   -17.6218    1.00000    1.00000
     1.00000   -27.9431   -7.44312   -8.83544    1.00000    1.00000
     1.00000    17.8754    16.0788    20.9929    1.00000    1.00000
     1.00000   -20.3143   -13.3026    29.0016    1.00000    1.00000
     1.00000    11.2963    14.0810   -2.40820    1.00000    1.00000
     1.00000   -12.5758   -13.0844   -26.8679    1.00000    1.00000
     1.00000    10.6718    5.65310    28.3270    1.00000    1.00000
     1.00000   -11.7103   -1.37118   -11.7696    1.00000    1.00000
     1.00000    16.0735   -2.30673   -3.74345    1.00000    1.00000
     1.00000   -13.4543   -21.2245   -25.9671    1.00000    1.00000
     1.00000    14.3146    11.1986    6.40792    1.00000    1.00000
     1.00000   -6.00949  -0.663643    5.28101    1.00000    1.00000
     1.00000    4.50211    7.65708   -12.9698    1.00000    1.00000
     1.00000   -12.7397   -3.36403   -13.7244    1.00000    1.00000
     1.00000    28.2749    11.4240    28.2639    1.00000    1.00000
     1.00000   -1.15667    4.68950   -2.53100    1.00000    1.00000
     1.00000   0.759117   -7.45957   -16.5763    1.00000    1.00000
     1.00000   -20.6643   -13.2985   -7.91782    1.00000    1.00000
     1.00000    21.4713    11.0521    18.2821    1.00000    1.00000
     1.00000   -17.5473   0.746964    23.1781    1.00000    1.00000
     1.00000    12.0802    5.51886   -3.54969    1.00000    1.00000
     1.00000   -9.40326   -6.76794   -25.4455    1.00000    1.00000
     1.00000    8.63445    12.2351    20.3915    1.00000    1.00000
     1.00000    1.89964   0.729588   -12.7338    1.00000    1.00000
     1.00000    6.79007   -7.13911   -9.61330    1.00000    1.00000
     1.00000   -14.6531   -13.8968   -20.4753    1.00000    1.00000
     1.00000    16.3238    16.9218    12.3757    1.00000    1.00000
     1.00000   0.248947   -1.55155    2.64597    1.00000    1.00000
     1.00000   10.40741   0.905525   -8.95321    1.00000    1.00000
     1.00000   -16.2793  -0.565460   -6.58578    1.00000    1.00000
     1.00000    23.6073    9.76904    32.2687    1.00000    1.00000
     1.00000   -8.90689   -1.07526   -3.28987    1.00000    1.00000
     1.00000   0.835602  -10.05300   -15.3705    1.00000    1.00000
     1.00000   -24.0293   -6.62363   -8.87457    1.00000    1.00000
     1.00000    24.4986    18.7253    23.6384    1.00000    1.00000
     1.00000   -20.7878   -5.33511    27.4898    1.00000    1.00000
     1.00000    12.1902    14.6435  -0.394264    1.00000    1.00000
     1.00000   -11.9294   -6.72450   -28.2731    1.00000    1.00000
     1.00000    12.9292    10.6877    31.0126    1.00000    1.00000
     1.00000   -6.16257   -3.76009   -7.00317    1.00000    1.00000
     1.00000    8.64980   -5.46262   -5.80955    1.00000    1.00000
     1.00000   -12.1013   -15.5404   -32.0004    1.00000    1.00000
     1.00000    14.1572    16.3141    2.61967    1.00000    1.00000
     1.00000   -14.0734   -1.05005    17.9652    1.00000    1.00000
     1.00000    7.41202    6.79514   -9.28085    1.00000    1.00000
     1.00000   -16.1463   -8.46260   -10.7488    1.00000    1.00000
     1.00000    22.7133    8.27190    26.9101    1.00000    1.00000
     1.00000   -8.94664    7.04257   0.266068    1.00000    1.00000
     1.00000   -1.89494   -14.5562   -19.4728    1.00000    1.00000
     1.00000   -26.0078   -9.95228   -18.3414    1.00000    1.00000
     1.00000    24.9264    12.9531    20.5081    1.00000    1.00000
     1.00000   -15.7356   -1.07650    25.4753    1.00000    1.00000
     1.00000    12.2762   -3.37956   -5.21990    1.00000    1.00000
     1.00000   -11.8055   -8.58330   -16.9509    1.00000    1.00000
     1.00000    8.46146    3.92934    26.3664    1.00000    1.00000
     1.00000   -4.48307   -4.40203   -10.9132    1.00000    1.00000
     1.00000    3.03968   -7.21904   -12.6915    1.00000    1.00000
     1.00000   -16.4994   -10.9601   -15.6970    1.00000    1.00000
     1.00000    17.0647    18.2680    13.6559    1.00000    1.00000
     1.00000   -3.22147   0.588531    2.75343    1.00000    1.00000
     1.00000    2.61153    3.51982   -16.2348    1.00000    1.00000
     1.00000   -15.2022   -4.05695   -9.71645    1.00000    1.00000
     1.00000    20.8590    13.4828    30.3678    1.00000    1.00000
     1.00000   -12.8548  -0.674564   -1.67524    1.00000    1.00000
     1.00000   -4.37279   -14.1634   -15.0313    1.00000    1.00000
     1.00000   -21.7411   -11.5784   -8.26685    1.00000    1.00000
     1.00000    20.5809    14.8095    23.2752    1.00000    1.00000
     1.00000   -20.1168   -11.2606    31.1759    1.00000    1.00000
     1.00000    9.81934    8.44751   -2.58083    1.00000    1.00000
     1.00000   -10.7486   -12.2785   -27.4296    1.00000    1.00000
     1.00000    13.3181    5.63380    32.2176    1.00000    1.00000
     1.00000   -9.09425   0.180618   -9.32924    1.00000    1.00000
     1.00000    13.2153   -2.75602   -8.65691    1.00000    1.00000
     1.00000   -12.9985   -20.4192   -27.7401    1.00000    1.00000
     1.00000    17.1697    13.7172    7.58589    1.00000    1.00000
     1.00000   -7.99282   -2.40979    8.09653    1.00000    1.00000
     1.00000    4.68275    8.01360  -10.22868    1.00000    1.00000
     1.00000   -13.2720   -4.10518   -17.4757    1.00000    1.00000
     1.00000    27.9174    13.5893    28.6548    1.00000    1.00000
     1.00000   -4.87460    1.37049   -3.45868    1.00000    1.00000
     1.00000  -0.432220   -9.71709   -19.3994    1.00000    1.00000
     1.00000   -21.7883   -12.0313   -11.5188    1.00000    1.00000
     1.00000    23.2541    11.8809    18.6491    1.00000    1.00000
     1.00000   -15.8039    1.26548    21.6014    1.00000    1.00000
     1.00000    13.2638    4.56159   -6.08230    1.00000    1.00000
     1.00000   -9.86697   -8.15456   -20.6408    1.00000    1.00000
     1.00000    7.96642    5.58781    24.3390    1.00000    1.00000
     1.00000   -1.58575   0.601795   -11.0958    1.00000    1.00000
     1.00000    6.87534   -5.32541  -10.45187    1.00000    1.00000
     1.00000   -14.1862   -13.7463   -22.4142    1.00000    1.00000
     1.00000    12.4462    18.0767    6.71369    1.00000    1.00000
     1.00000  -0.649063   -5.16801    4.52906    1.00000    1.00000
     1.00000    7.21314    1.76241   -11.2116    1.00000    1.00000
     1.00000   -16.8613   0.746422   -5.19289    1.00000    1.00000
     1.00000    22.5355   10.03622    28.5422    1.00000    1.00000
     1.00000   -7.65205  -0.755569   -1.28680    1.00000    1.00000
     1.00000    8.07495E-02   -15.3766   -13.6919    1.00000    1.00000
     1.00000   -22.8577   -3.17958   -7.29751    1.00000    1.00000
     1.00000    21.7036    17.3491    24.5516    1.00000    1.00000
     1.00000   -20.0456   -1.37033    28.7742    1.00000    1.00000
     1.00000    8.30408    13.9197    2.84222    1.00000    1.00000
     1.00000   -6.82019   -9.47903   -25.4187    1.00000    1.00000
     1.00000    16.4890    12.8954    29.4620    1.00000    1.00000
     1.00000   -2.51537   -6.22718   -8.16550    1.00000    1.00000
     1.00000    13.9682   -7.55025  -10.04324    1.00000    1.00000
     1.00000   -10.8559   -13.8019   -29.6691    1.00000    1.00000
     1.00000    16.6277    17.1728    6.44410    1.00000    1.00000
     1.00000   -7.74489   -2.59812    13.6508    1.00000    1.00000
     1.00000    7.23174    10.7448  -10.43700    1.00000    1.00000
     1.00000   -14.9273   -8.02753   -14.1259    1.00000    1.00000
     1.00000    23.5654    10.8903    27.0556    1.00000    1.00000
     1.00000   -6.62378    2.25390  -0.981079    1.00000    1.00000
     1.00000   -5.27954E-02   -11.6477   -18.5227    1.00000    1.00000
     1.00000   -24.3668   -14.2730   -14.0829    1.00000    1.00000
     1.00000    23.4213    13.0935    25.5374    1.00000    1.00000
     1.00000   -18.6007   -1.25122E-03    28.5040    1.00000    1.00000
     1.00000    13.2157   0.835953   -6.02402    1.00000    1.00000
     1.00000   -9.22154   -11.4246   -20.3553    1.00000    1.00000
     1.00000    12.7533    7.78210    25.7239    1.00000    1.00000
     1.00000   -1.21602   -3.62182   -7.52399    1.00000    1.00000
     1.00000    8.35545   -7.99674   -12.4571    1.00000    1.00000
     1.00000   -20.0582   -11.9876   -13.8229    1.00000    1.00000
     1.00000    20.1039    21.2465    15.6440    1.00000    1.00000
     1.00000   -2.92646    5.25528    4.67683    1.00000    1.00000
     1.00000    3.29657  -0.282745   -15.4402    1.00000    1.00000
     1.00000   -15.2085   -1.49941   -11.0189    1.00000    1.00000
     1.00000    20.9206    13.6389    32.3607    1.00000    1.00000
     1.00000   -13.7390   0.895962  -0.808258    1.00000    1.00000
     1.00000   -2.66748   -18.8724   -19.1854    1.00000    1.00000
     1.00000   -27.0818   -7.55109   -7.03365    1.00000    1.00000
     1.00000    18.6658    17.8728    20.5967    1.00000    1.00000
     1.00000   -21.0185  -10.57151    27.6352    1.00000    1.00000
     1.00000    10.7419    12.1632   -2.28649    1.00000    1.00000
     1.00000   -10.6404   -12.3170   -23.6280    1.00000    1.00000
     1.00000    9.83229    8.72264    30.4341    1.00000    1.00000
     1.00000   -10.9134   -1.28730   -8.99787    1.00000    1.00000
     1.00000    16.3325   -3.51575   -7.08540    1.00000    1.00000
     1.00000   -14.2932   -20.9420   -23.3648    1.00000    1.00000
     1.00000    16.3072    9.10242    7.74974    1.00000    1.00000
     1.00000   -4.97545   -2.83740    7.04871    1.00000    1.00000
     1.00000    4.05359    9.99000   -12.5159    1.00000    1.00000
     1.00000   -12.5917   -3.43717   -15.7176    1.00000    1.00000
     1.00000    30.6458    12.2585    28.8793    1.00000    1.00000
     1.00000   -3.12618    4.99604   -2.69550    1.00000    1.00000
     1.00000    1.54266   -6.63273   -13.8811    1.00000    1.00000
     1.00000   -18.0929   -12.6103   -5.66988    1.00000    1.00000
     1.00000    23.1199    7.62379    17.8338    1.00000    1.00000
     1.00000   -19.4526   -2.04251    21.1312    1.00000    1.00000
     1.00000    13.2356    7.95940   -5.82427    1.00000    1.00000
     1.00000   -8.83355   -7.67046   -23.7541    1.00000    1.00000
     1.00000    6.76012    12.3311    21.0827    1.00000    1.00000
     1.00000  -0.119469  -0.867603   -12.4266    1.00000    1.00000
     1.00000    4.16736   -6.28178   -7.69080    1.00000    1.00000
     1.00000   -18.0711   -13.0788   -16.6935    1.00000    1.00000
     1.00000    14.0611    16.9928    9.82605    1.00000    1.00000
     1.00000  -0.381287   -2.46985   0.984787    1.00000    1.00000
     1.00000   10.23923    4.15613   -8.41738    1.00000    1.00000
     1.00000   -17.8831   -1.21741   -9.66901    1.00000    1.00000
     1.00000    19.0456    9.78157    34.1196    1.00000    1.00000
     1.00000   -5.29706   -1.99773   -3.61457    1.00000    1.00000
     1.00000    1.13966   -12.0260   -15.2486    1.00000    1.00000
     1.00000   -25.9186   -4.78223   -6.71350    1.00000    1.00000
     1.00000    19.8891    20.8029    21.5020    1.00000    1.00000
     1.00000   -19.6060   -7.34766    28.8803    1.00000    1.00000
     1.00000    10.6370    11.2194   0.380882    1.00000    1.00000
     1.00000  -10.20373   -5.91278   -27.6705    1.00000    1.00000
     1.00000    14.1699    9.15385    31.3410    1.00000    1.00000
     1.00000   -5.02908   -5.99549   -9.83486    1.00000    1.00000
     1.00000    5.96397   -6.68366   -4.44222    1.00000    1.00000
     1.00000   -11.0625   -13.2369   -33.6881    1.00000    1.00000
     1.00000    12.4304    17.3228    2.59592    1.00000    1.00000
     1.00000   -10.8150   -1.51824    15.1710    1.00000    1.00000
     1.00000    6.81796    8.25385   -8.04826    1.00000    1.00000
     1.00000   -15.8510   -6.84033   -12.5077    1.00000    1.00000
     1.00000    23.1730    9.65057    25.5361    1.00000    1.00000
     1.00000   -7.40941    3.76864   0.627968    1.00000    1.00000
     1.00000   -1.62637   -15.4948   -21.2183    1.00000    1.00000
     1.00000   -24.0766   -11.7312   -15.1017    1.00000    1.00000
     1.00000    25.2218    12.0436    22.2647    1.00000    1.00000
     1.00000   -17.2985   -1.43862    26.6695    1.00000    1.00000
     1.00000    13.5105   -2.01871   -4.42953    1.00000    1.00000
     1.00000   -11.0299   -9.73298   -20.2457    1.00000    1.00000
     1.00000    9.13468    6.70661    25.5152    1.00000    1.00000
     1.00000   -2.14099   -1.40961   -8.06146    1.00000    1.00000
     1.00000    5.65552   -5.10257   -12.4633    1.00000    1.00000
     1.00000   -15.5578   -10.7395   -13.9463    1.00000    1.00000
     1.00000    18.4328    20.3055    16.2114    1.00000    1.00000
     1.00000   -4.71155  -0.567783    2.08813    1.00000    1.00000
     1.00000    5.98807    4.00027   -13.5206    1.00000    1.00000
     1.00000   -16.0187   -3.62692   -11.4909    1.00000    1.00000
     1.00000    17.9598    11.5755    29.1539    1.00000    1.00000
     1.00000   -13.1742   -2.71735   -3.52228    1.00000    1.00000
     1.00000   -3.43072   -17.4649   -15.3606    1.00000    1.00000
     1.00000   -24.6980   -8.45903   -8.37866    1.00000    1.00000
     1.00000    22.5084    15.2716    23.0082    1.00000    1.00000
     1.00000   -20.2956   -13.1381    31.8416    1.00000    1.00000
     1.00000    11.6179    9.11252   -3.14918    1.00000    1.00000
     1.00000   -10.7938  -10.30238   -27.7342    1.00000    1.00000
     1.00000   10.33177    5.97271    30.2718    1.00000    1.00000
     1.00000   -7.48131   -2.37068   -7.57801    1.00000    1.00000
     1.00000    16.0435   -4.48493   -9.80289    1.00000    1.00000
     1.00000   -12.5779   -17.2121   -29.0071    1.00000    1.00000
     1.00000    16.5541    13.3534    5.60564    1.00000    1.00000
     1.00000   -6.78423   -3.15915   10.44688    1.00000    1.00000
     1.00000   0.814560    10.9674  -10.37147    1.00000    1.00000
     1.00000   -12.4587   -6.17611   -18.1509    1.00000    1.00000
     1.00000    27.5477    16.1256    28.3550    1.00000    1.00000
     1.00000   -1.93680    1.57421   -1.59967    1.00000    1.00000
     1.00000   0.930779   -14.6042   -21.0902    1.00000    1.00000
     1.00000   -22.1594   -13.7286   -12.5094    1.00000    1.00000
     1.00000    21.1354    12.2132    16.4612    1.00000    1.00000
     1.00000   -14.3742    1.62789    20.2506    1.00000    1.00000
     1.00000    15.0998    3.81229   -6.34248    1.00000    1.00000
     1.00000   -11.1715   -6.86909   -19.5158    1.00000    1.00000
     1.00000    8.76958    9.51857    22.9269    1.00000    1.00000
     1.00000   -5.00570   -1.19219   -13.2121    1.00000    1.00000
     1.00000    9.28350   -1.99517   -11.7383    1.00000    1.00000
     1.00000   -12.9755   -19.4615   -23.0965    1.00000    1.00000
     1.00000    14.6966    17.0863    7.59986    1.00000    1.00000
     1.00000   -2.90664   -3.77583    3.37265    1.00000    1.00000
     1.00000    8.75951   0.933548   -12.1716    1.00000    1.00000
     1.00000   -17.6914   0.519394   -3.38751    1.00000    1.00000
     1.00000    22.0012    11.7910    30.2223    1.00000    1.00000
     1.00000   -9.07874   -2.55555   -1.71491    1.00000    1.00000
     1.00000   -2.10548   -14.8633   -13.9327    1.00000    1.00000
     1.00000   -22.3471   0.281731   -3.57521    1.00000    1.00000
     1.00000    22.1810    18.8363    26.6989    1.00000    1.00000
     1.00000   -19.1291   -2.08694    27.1474    1.00000    1.00000
     1.00000    7.14085    14.2175    1.24276    1.00000    1.00000
     1.00000   -8.84082   -7.67546   -27.1367    1.00000    1.00000
     1.00000    14.4268    11.6010    30.0517    1.00000    1.00000
     1.00000   -3.63220   -2.92767   -4.21742    1.00000    1.00000
     1.00000    11.6595   -6.17631   -7.55095    1.00000    1.00000
     1.00000   -12.1234   -12.2626   -29.5140    1.00000    1.00000
     1.00000    16.2331    15.3166    5.81249    1.00000    1.00000
     1.00000   -9.82040   -2.96756    16.1251    1.00000    1.00000
     1.00000    6.19577    12.3975   -9.99508    1.00000    1.00000
     1.00000   -12.3444  -10.25360   -12.5218    1.00000    1.00000
     1.00000    25.1270    11.2679    28.5844    1.00000    1.00000
