     1.00000   -6.02607    18.9775   -38.9545    1.00000    1.00000
     1.00000    1.42999   -2.42374   10.16351    1.00000    1.00000
     1.00000   -13.1154   -7.56242    1.10538    1.00000    1.00000
     1.00000   -7.32283   -6.59210    16.7010    1.00000    1.00000
     1.00000    8.49491    13.1640   -30.1450    1.00000    1.00000
     1.00000    1.90914   -8.54182    30.3630    1.00000    1.00000
     1.00000   -13.1505    15.0488   -6.76951    1.00000    1.00000
     1.00000   -1.58780   -24.3322    20.1568    1.00000    1.00000
     1.00000    3.79958    15.3661   -25.4625    1.00000    1.00000
     1.00000    4.45394    11.9214    4.73404    1.00000    1.00000
     1.00000   -5.76654    4.30625   -11.1596    1.00000    1.00000
     1.00000  -0.202507   -16.8484    25.8503    1.00000    1.00000
     1.00000    1.33286    5.47640   -32.1512    1.00000    1.00000
     1.00000    1.57600   -10.8340    10.7062    1.00000    1.00000
     1.00000   -8.97312    24.8334   -15.9298    1.00000    1.00000
     1.00000    8.90735   -37.2849    34.7016    1.00000    1.00000
     1.00000   -5.11747    24.6279   -31.1928    1.00000    1.00000
     1.00000    7.46324    5.71188    14.9337    1.00000    1.00000
     1.00000   -12.3957   -5.82705    13.9285    1.00000    1.00000
     1.00000  -0.863869   -9.61287    22.3936    1.00000    1.00000
     1.00000    5.19719    19.7667   -37.0996    1.00000    1.00000
     1.00000    6.16372   -4.74482    12.5661    1.00000    1.00000
     1.00000  -10.56603    13.1123   -11.3200    1.00000    1.00000
     1.00000    4.12975   -32.8917    20.0992    1.00000    1.00000
     1.00000    8.50118    19.5806   -25.2855    1.00000    1.00000
     1.00000    9.65953    7.36033    12.2955    1.00000    1.00000
     1.00000   -10.5961    5.57022E-02   -2.13361    1.00000    1.00000
     1.00000    5.36152   -17.3499    16.8720    1.00000    1.00000
     1.00000    1.60610    5.19463   -36.2975    1.00000    1.00000
     1.00000    4.17632   -12.5257    9.67127    1.00000    1.00000
     1.00000   0.218468    21.7640   -12.1132    1.00000    1.00000
     1.00000    7.12187   -34.9103    26.8463    1.00000    1.00000
     1.00000   -7.13049    16.1571   -31.2545    1.00000    1.00000
     1.00000    2.42886   -2.99441    7.55564    1.00000    1.00000
     1.00000   -13.6007    2.25752    5.70148    1.00000    1.00000
     1.00000   -4.47442   0.195644    10.8775    1.00000    1.00000
     1.00000    7.54365    15.1358   -27.6901    1.00000    1.00000
     1.00000    1.91521   -6.52497    14.3255    1.00000    1.00000
     1.00000   -11.3986    22.7534   -10.8040    1.00000    1.00000
     1.00000   0.586006   -29.3772    25.6974    1.00000    1.00000
     1.00000   0.835991    20.0659   -19.7387    1.00000    1.00000
     1.00000    5.11218    15.0725   10.19905    1.00000    1.00000
     1.00000   -5.10283   0.586716   -5.17164    1.00000    1.00000
     1.00000   -1.37013   -11.1531    24.2364    1.00000    1.00000
     1.00000    3.68011    8.30161   -33.5090    1.00000    1.00000
     1.00000   -4.11788   -8.32438    8.97764    1.00000    1.00000
     1.00000   -3.85392    17.2896   -16.9257    1.00000    1.00000
     1.00000    7.48803   -31.9356    30.8660    1.00000    1.00000
     1.00000   -1.51038    20.2411   -29.1102    1.00000    1.00000
     1.00000    11.4800   0.865669    21.2141    1.00000    1.00000
     1.00000   -13.7399   -9.26054    11.7725    1.00000    1.00000
     1.00000   -6.94204   -4.60340    16.9282    1.00000    1.00000
     1.00000    3.27991    14.6511   -35.5422    1.00000    1.00000
     1.00000    6.64067   -4.53477    17.1994    1.00000    1.00000
     1.00000   -13.3751    5.15804   -11.8894    1.00000    1.00000
     1.00000    3.14709   -29.1615    23.0429    1.00000    1.00000
     1.00000    3.25324    19.2227   -25.1694    1.00000    1.00000
     1.00000    8.11576    2.70364    7.91335    1.00000    1.00000
     1.00000   -11.9578   -2.85262    3.48177    1.00000    1.00000
     1.00000    4.66228   -22.5265    21.7521    1.00000    1.00000
     1.00000    6.01875    8.50635   -35.5000    1.00000    1.00000
     1.00000    6.78639   -14.1352    9.53491    1.00000    1.00000
     1.00000   0.640388    21.9942   -7.25717    1.00000    1.00000
     1.00000    9.40080   -38.4148    29.6464    1.00000    1.00000
     1.00000   -7.11610    15.1491   -35.4915    1.00000    1.00000
     1.00000    6.59048   0.979012    12.5079    1.00000    1.00000
     1.00000   -13.6476   -5.79769    4.97001    1.00000    1.00000
     1.00000   -4.84085   -2.62660    16.6980    1.00000    1.00000
     1.00000    7.21812    14.3178   -36.4235    1.00000    1.00000
     1.00000   0.733810   -8.08205    24.8615    1.00000    1.00000
     1.00000   -12.9907    16.7416   -9.94019    1.00000    1.00000
     1.00000    2.00308   -25.8599    24.6914    1.00000    1.00000
     1.00000    7.01217    20.1132   -20.1519    1.00000    1.00000
     1.00000    8.24925    8.55145   10.53250    1.00000    1.00000
     1.00000   -8.65233    2.53371   -16.4298    1.00000    1.00000
     1.00000   -1.34200   -19.7247    25.5650    1.00000    1.00000
     1.00000   -1.60835    6.42621   -32.2957    1.00000    1.00000
     1.00000  -0.728096   -8.65395    12.9518    1.00000    1.00000
     1.00000   -9.45230    22.7894   -13.2447    1.00000    1.00000
     1.00000    12.3194   -41.1878    37.4279    1.00000    1.00000
     1.00000   -2.50640    23.9273   -30.1194    1.00000    1.00000
     1.00000    3.10990    3.22217    14.5398    1.00000    1.00000
     1.00000   -16.4870   -3.80967   10.24946    1.00000    1.00000
     1.00000   -3.56040   -7.76647    21.1697    1.00000    1.00000
     1.00000    8.37009    19.5090   -36.9883    1.00000    1.00000
     1.00000    9.05798   -4.64569    18.5172    1.00000    1.00000
     1.00000   -8.18461    5.54546   -13.6203    1.00000    1.00000
     1.00000    9.76990   -34.5017    17.5394    1.00000    1.00000
     1.00000    5.79918    19.9931   -26.7538    1.00000    1.00000
     1.00000    13.4988    6.49015    9.12578    1.00000    1.00000
     1.00000  -10.03362    5.09492    3.36608    1.00000    1.00000
     1.00000   0.875641   -14.7883    20.6684    1.00000    1.00000
     1.00000    7.42451    4.56538   -39.5687    1.00000    1.00000
     1.00000    6.97491  -10.01009    9.62752    1.00000    1.00000
     1.00000  -0.496040    19.1928   -9.52628    1.00000    1.00000
     1.00000    5.00815   -34.2981    27.6086    1.00000    1.00000
     1.00000   -6.18860    22.2047   -33.8316    1.00000    1.00000
     1.00000    4.60049   -6.39748    6.93646    1.00000    1.00000
     1.00000   -14.7043   -4.64249    7.55721    1.00000    1.00000
     1.00000   -5.49854   -2.51305    9.73689    1.00000    1.00000
     1.00000    5.41869    13.9951   -31.0288    1.00000    1.00000
     1.00000    2.35408   -5.39898    19.5717    1.00000    1.00000
     1.00000   -13.3497    23.7889   -9.47619    1.00000    1.00000
     1.00000   0.498894   -23.0130    27.7511    1.00000    1.00000
     1.00000    5.19784    19.2945   -20.3469    1.00000    1.00000
     1.00000   10.18910    14.0955    9.95861    1.00000    1.00000
     1.00000   -4.55899    3.62929   -5.82204    1.00000    1.00000
     1.00000    4.30069E-02   -13.3251    25.6996    1.00000    1.00000
     1.00000    1.52140    7.62307   -31.5520    1.00000    1.00000
     1.00000   -3.30987   -6.81995    11.1113    1.00000    1.00000
     1.00000   -3.68551    19.3307   -16.4984    1.00000    1.00000
     1.00000    5.33790   -29.8368    29.0232    1.00000    1.00000
     1.00000   -2.74870    15.2329   -29.6685    1.00000    1.00000
     1.00000    7.60295    3.84535    15.6383    1.00000    1.00000
     1.00000   -11.4711   -6.67194    11.1875    1.00000    1.00000
     1.00000   -3.28077   -3.08635    20.6941    1.00000    1.00000
     1.00000    3.55917    17.7360   -36.5921    1.00000    1.00000
     1.00000    5.24378   -3.07756    21.0313    1.00000    1.00000
     1.00000   -11.2164    2.18250   -11.5684    1.00000    1.00000
     1.00000    4.08326   -28.4288    24.7360    1.00000    1.00000
     1.00000    1.29132    21.2083   -27.8688    1.00000    1.00000
     1.00000    7.32056    6.20098    9.60001    1.00000    1.00000
     1.00000   -9.64021   -1.62879   0.737434    1.00000    1.00000
     1.00000    1.40129   -19.6647    21.3809    1.00000    1.00000
     1.00000    7.51135    8.24383   -31.8027    1.00000    1.00000
     1.00000    6.46233   -13.3133    6.98184    1.00000    1.00000
     1.00000   -4.95475    24.0659   -11.5879    1.00000    1.00000
     1.00000    8.03941   -34.3079    30.5767    1.00000    1.00000
     1.00000   -7.25935    13.9930   -37.1172    1.00000    1.00000
     1.00000    3.68863    1.08068    12.3502    1.00000    1.00000
     1.00000   -11.8845   -8.10049  -0.376305    1.00000    1.00000
     1.00000  -10.29291   -8.26532    14.7417    1.00000    1.00000
     1.00000    7.76787    12.4847   -33.4399    1.00000    1.00000
     1.00000    3.14515   -7.89253    28.9309    1.00000    1.00000
     1.00000  -10.27343    16.7844   -6.45152    1.00000    1.00000
     1.00000   0.276428   -22.8161    21.7086    1.00000    1.00000
     1.00000    5.01895    13.7750   -23.3810    1.00000    1.00000
     1.00000    5.99322    11.0085    6.64791    1.00000    1.00000
     1.00000   -7.11269    2.73100   -12.0930    1.00000    1.00000
     1.00000   -2.34079   -17.3226    23.5228    1.00000    1.00000
     1.00000  -0.118515    6.58167   -30.9705    1.00000    1.00000
     1.00000    2.90211   -9.02872   10.22844    1.00000    1.00000
     1.00000   -6.81187    21.9952   -13.7998    1.00000    1.00000
     1.00000   10.09076   -35.9094    33.8605    1.00000    1.00000
     1.00000   -4.41291    24.5251   -33.0618    1.00000    1.00000
     1.00000    7.02445    6.99119    16.8436    1.00000    1.00000
     1.00000   -14.5980   -2.05492    12.1702    1.00000    1.00000
     1.00000   0.348671   -7.48183    20.2967    1.00000    1.00000
     1.00000    7.54172    19.2741   -38.7934    1.00000    1.00000
     1.00000    7.98585   -4.41930    9.46521    1.00000    1.00000
     1.00000   -11.5656    10.7283   -14.8397    1.00000    1.00000
     1.00000    6.01478   -33.5524    19.9984    1.00000    1.00000
     1.00000    7.82185    18.9190   -23.5245    1.00000    1.00000
     1.00000    9.02549    6.70833   10.51424    1.00000    1.00000
     1.00000   -10.7764    2.00688   -2.53410    1.00000    1.00000
     1.00000    3.82529   -16.4162    18.7982    1.00000    1.00000
     1.00000    4.33617    6.03273   -34.7014    1.00000    1.00000
     1.00000    6.18890   -11.8485    9.67542    1.00000    1.00000
     1.00000  -0.547836    21.1861   -13.8678    1.00000    1.00000
     1.00000    8.68275   -33.4738    28.1658    1.00000    1.00000
     1.00000   -5.31397    18.3717   -35.6702    1.00000    1.00000
     1.00000    4.62821   -4.53292    9.66859    1.00000    1.00000
     1.00000   -16.0457   0.386986    5.31670    1.00000    1.00000
     1.00000   -4.99852   -1.44168    8.12376    1.00000    1.00000
     1.00000    9.25098    17.0403   -30.3383    1.00000    1.00000
     1.00000    2.73309   -6.38391    11.9856    1.00000    1.00000
     1.00000   -11.3021    19.7341   -12.6566    1.00000    1.00000
     1.00000   -2.35834   -26.8555    24.6992    1.00000    1.00000
     1.00000    1.57064    19.8839   -16.8071    1.00000    1.00000
     1.00000    5.86478    13.9044    8.76064    1.00000    1.00000
     1.00000   -6.51572   0.475227   -7.57156    1.00000    1.00000
     1.00000   0.517067   -13.1237    21.7174    1.00000    1.00000
     1.00000    4.96367    6.01331   -31.6931    1.00000    1.00000
     1.00000   -3.51881   -9.70960    7.66528    1.00000    1.00000
     1.00000   -5.75558    19.6669   -14.8533    1.00000    1.00000
     1.00000    10.9406   -32.8768    31.4219    1.00000    1.00000
     1.00000   -2.29242    17.3838   -27.2738    1.00000    1.00000
     1.00000    9.69619   0.222733    20.5781    1.00000    1.00000
     1.00000   -13.0313   -7.72202    13.8567    1.00000    1.00000
     1.00000   -9.54224   -5.58320    17.7055    1.00000    1.00000
     1.00000    4.40100    13.0809   -35.0154    1.00000    1.00000
     1.00000    8.03419   -6.23673    19.1656    1.00000    1.00000
     1.00000   -12.1952    8.38536   -13.8916    1.00000    1.00000
     1.00000    7.53620   -30.7867    21.5808    1.00000    1.00000
     1.00000    1.78091    19.3663   -27.2627    1.00000    1.00000
     1.00000    7.48384    3.96626    9.55704    1.00000    1.00000
     1.00000   -12.1581   -3.30790    5.41894    1.00000    1.00000
     1.00000    5.49841   -20.3875    19.4197    1.00000    1.00000
     1.00000    5.20473    9.89446   -36.6876    1.00000    1.00000
     1.00000    7.79868   -17.1666    8.14687    1.00000    1.00000
     1.00000   -2.39601    22.1512   -9.48299    1.00000    1.00000
     1.00000    9.85078   -40.2577    29.0131    1.00000    1.00000
     1.00000   -7.96911    14.7318   -33.0625    1.00000    1.00000
     1.00000    5.41471    9.99222E-02    13.8679    1.00000    1.00000
     1.00000   -12.9426   -7.42230    3.09296    1.00000    1.00000
     1.00000   -5.10122   -5.74535    16.5714    1.00000    1.00000
     1.00000   10.03511    13.8551   -38.4809    1.00000    1.00000
     1.00000    1.85780   -5.57354    22.7514    1.00000    1.00000
     1.00000   -11.8053    14.1690  -10.15916    1.00000    1.00000
     1.00000   -1.72243   -25.4820    23.3918    1.00000    1.00000
     1.00000    6.06512    15.9921   -21.5527    1.00000    1.00000
     1.00000    7.43665    9.91679    7.49924    1.00000    1.00000
     1.00000   -7.13778    3.11394   -14.8645    1.00000    1.00000
     1.00000   0.926407   -19.5883    26.8579    1.00000    1.00000
     1.00000   -4.43258    5.76303   -32.6649    1.00000    1.00000
     1.00000   0.182549  -10.13047    11.9565    1.00000    1.00000
     1.00000   -12.0213    18.9965   -15.0279    1.00000    1.00000
     1.00000    12.9149   -37.6578    37.2455    1.00000    1.00000
     1.00000   -2.31998    24.2023   -28.1472    1.00000    1.00000
     1.00000    4.49552    6.46454    15.9647    1.00000    1.00000
     1.00000   -17.4415   -3.42651    11.9882    1.00000    1.00000
     1.00000   -4.22001   -7.89870    19.2862    1.00000    1.00000
     1.00000    7.69801    22.3372   -35.5167    1.00000    1.00000
     1.00000    9.99020   -6.03976    15.6034    1.00000    1.00000
     1.00000  -10.10681    9.39560   -14.5300    1.00000    1.00000
     1.00000    9.06055   -34.5914    19.4072    1.00000    1.00000
     1.00000    6.44660    20.1250   -24.8661    1.00000    1.00000
     1.00000    11.5038    7.45561    11.0395    1.00000    1.00000
     1.00000   -11.0019    1.69326    1.85172    1.00000    1.00000
     1.00000    2.10069   -14.6353    22.2419    1.00000    1.00000
     1.00000    4.56817    4.37080   -37.4388    1.00000    1.00000
     1.00000    5.50171   -8.84637    8.83899    1.00000    1.00000
     1.00000   -2.02028    21.0719   -12.5192    1.00000    1.00000
     1.00000    3.79027   -31.7807    29.2846    1.00000    1.00000
     1.00000   -6.84236    18.7363   -32.1183    1.00000    1.00000
     1.00000    1.50167   -6.01100    8.12645    1.00000    1.00000
     1.00000   -15.4023   -5.38635    5.83694    1.00000    1.00000
     1.00000   -4.40944   -4.18781    13.0820    1.00000    1.00000
     1.00000    6.88355    15.9952   -29.6456    1.00000    1.00000
     1.00000    1.62183   -6.16537    16.2709    1.00000    1.00000
     1.00000   -14.9589    25.3417   -11.9880    1.00000    1.00000
     1.00000  -0.942352   -26.0019    25.8245    1.00000    1.00000
     1.00000    2.96945    17.2480   -20.2021    1.00000    1.00000
     1.00000   10.28342    12.6093    11.2936    1.00000    1.00000
     1.00000   -7.49614    2.90314   -7.35684    1.00000    1.00000
     1.00000    1.15008   -11.6611    25.6258    1.00000    1.00000
     1.00000    1.81419    10.8589   -33.7117    1.00000    1.00000
     1.00000   -2.67244   -9.36073    9.89234    1.00000    1.00000
     1.00000   -4.28675    21.5194   -16.6838    1.00000    1.00000
     1.00000    7.09635   -28.9780    28.6106    1.00000    1.00000
     1.00000   -3.42073    16.9358   -28.8632    1.00000    1.00000
     1.00000    8.98838    1.55806    17.6709    1.00000    1.00000
     1.00000   -8.20309   -8.48205    11.4004    1.00000    1.00000
     1.00000   -5.52794   -4.26027    18.3003    1.00000    1.00000
     1.00000    5.25224    18.3305   -35.7089    1.00000    1.00000
     1.00000    2.45605   -4.30024    21.2398    1.00000    1.00000
     1.00000   -12.6998    4.16806   -14.5882    1.00000    1.00000
     1.00000    4.20870   -27.4512    26.4763    1.00000    1.00000
     1.00000    2.69456    22.6285   -27.9873    1.00000    1.00000
     1.00000    8.51973    7.98524    7.47130    1.00000    1.00000
     1.00000   -8.60812  -0.108398   -2.27856    1.00000    1.00000
     1.00000    3.32439   -19.9788    20.9303    1.00000    1.00000
     1.00000    6.51174    8.81262   -33.5860    1.00000    1.00000
     1.00000    7.71801   -14.6173    7.83205    1.00000    1.00000
     1.00000   -3.26145    23.1929   -10.9791    1.00000    1.00000
     1.00000    7.48289   -37.0060    29.5689    1.00000    1.00000
     1.00000   -6.27046    17.1843   -38.1032    1.00000    1.00000
     1.00000    1.40030  -0.494164    10.6887    1.00000    1.00000
     1.00000   -11.4175   -6.61560    1.57513    1.00000    1.00000
     1.00000   -8.90350   -7.61362    16.0242    1.00000    1.00000
     1.00000    8.62606    13.6689   -32.0757    1.00000    1.00000
     1.00000    2.07024  -10.25703    29.3470    1.00000    1.00000
     1.00000   -11.9573    16.1361   -5.58878    1.00000    1.00000
     1.00000   0.146355   -24.7099    21.0788    1.00000    1.00000
     1.00000    5.41662    16.2431   -24.6777    1.00000    1.00000
     1.00000    4.37227    12.1780    6.71583    1.00000    1.00000
     1.00000   -5.28512    3.89748   -9.26198    1.00000    1.00000
     1.00000   0.537331   -15.0997    26.4784    1.00000    1.00000
     1.00000    1.48903    5.50665   -30.1576    1.00000    1.00000
     1.00000    2.15722  -10.21571    12.5172    1.00000    1.00000
     1.00000   -8.41597    23.2103   -14.9026    1.00000    1.00000
     1.00000    9.22999   -39.1710    34.1196    1.00000    1.00000
     1.00000   -5.22376    24.4940   -29.2001    1.00000    1.00000
     1.00000    6.12735    7.19426    15.0677    1.00000    1.00000
     1.00000   -14.3714   -5.54150    14.0503    1.00000    1.00000
     1.00000   -2.48300   -10.7865    22.3611    1.00000    1.00000
     1.00000    6.41882    18.2358   -37.5046    1.00000    1.00000
     1.00000    8.06995   -4.33796    13.0142    1.00000    1.00000
     1.00000  -10.20464    11.7823   -12.7693    1.00000    1.00000
     1.00000    2.98491   -32.8407    18.4601    1.00000    1.00000
     1.00000   10.12354    20.3118   -26.1983    1.00000    1.00000
     1.00000    8.97523    6.08990    13.6803    1.00000    1.00000
     1.00000   -11.0284   0.412201  -0.213707    1.00000    1.00000
     1.00000    5.39077   -18.7069    18.3409    1.00000    1.00000
     1.00000    3.21819    4.50144   -35.3380    1.00000    1.00000
     1.00000    3.45193   -11.3760    11.1387    1.00000    1.00000
     1.00000    1.17903    21.2224  -10.44469    1.00000    1.00000
     1.00000    7.12680   -34.5505    28.8136    1.00000    1.00000
     1.00000   -5.79526    17.0623   -32.4367    1.00000    1.00000
     1.00000    3.06321   -3.31155    9.42567    1.00000    1.00000
     1.00000   -15.1556    1.50915    6.71255    1.00000    1.00000
     1.00000   -5.87224  -0.354313    9.55702    1.00000    1.00000
     1.00000    6.49969    16.8387   -27.5890    1.00000    1.00000
     1.00000    3.75693   -6.08989    13.6783    1.00000    1.00000
     1.00000   -13.1725    21.9767  -10.30367    1.00000    1.00000
     1.00000  -0.658150   -30.2292    24.3835    1.00000    1.00000
     1.00000    2.11858    19.0864   -18.5575    1.00000    1.00000
     1.00000    4.47869    14.1764    11.8710    1.00000    1.00000
     1.00000   -6.88672  -0.316704   -5.21096    1.00000    1.00000
     1.00000   -1.46616   -12.4682    22.7326    1.00000    1.00000
     1.00000    3.91719    9.63982   -32.0417    1.00000    1.00000
     1.00000   -3.83023   -6.50828    8.19086    1.00000    1.00000
     1.00000   -5.47288    18.1574   -16.1346    1.00000    1.00000
     1.00000    9.02544   -32.6277    31.9417    1.00000    1.00000
     1.00000   -1.76160    22.1959   -29.4504    1.00000    1.00000
     1.00000    10.9035    1.69074    19.4859    1.00000    1.00000
     1.00000   -14.8022   -8.10030    13.0076    1.00000    1.00000
     1.00000   -8.04945   -4.59178    18.5936    1.00000    1.00000
     1.00000    1.96846    13.4927   -34.5736    1.00000    1.00000
     1.00000    5.23002   -3.24728    17.7931    1.00000    1.00000
     1.00000   -13.7150    7.06235   -11.3814    1.00000    1.00000
     1.00000    4.41676   -30.3394    22.0426    1.00000    1.00000
     1.00000    4.53388    20.6808   -24.6856    1.00000    1.00000
     1.00000    8.90413    2.57097    9.74662    1.00000    1.00000
     1.00000  -10.40157   -2.71686    2.23292    1.00000    1.00000
     1.00000    6.05866   -23.7416    20.9947    1.00000    1.00000
     1.00000    6.23992    6.62621   -34.8549    1.00000    1.00000
     1.00000    7.42656   -16.0187    9.74181    1.00000    1.00000
     1.00000  -0.880470    20.7055   -7.41908    1.00000    1.00000
     1.00000    7.84695   -38.5868    28.3991    1.00000    1.00000
     1.00000   -8.94606    15.3248   -34.7038    1.00000    1.00000
     1.00000    7.37992   0.264442    14.2009    1.00000    1.00000
     1.00000   -12.5558   -7.27078    5.76876    1.00000    1.00000
     1.00000   -5.58127   -4.09122    15.5549    1.00000    1.00000
     1.00000    7.21228    12.5070   -35.5744    1.00000    1.00000
     1.00000   0.232674   -8.17653    26.7953    1.00000    1.00000
     1.00000   -12.8672    18.3289   -11.1506    1.00000    1.00000
     1.00000    1.02040   -24.5163    23.5828    1.00000    1.00000
     1.00000    6.82551    18.6591   -18.7914    1.00000    1.00000
     1.00000    7.51521   10.40709    10.6659    1.00000    1.00000
     1.00000   -6.84014    1.70612   -16.2536    1.00000    1.00000
     1.00000   0.505348   -20.2682    25.0247    1.00000    1.00000
     1.00000   -3.32405    7.12571   -31.5427    1.00000    1.00000
     1.00000   0.749580   -8.14529    14.1999    1.00000    1.00000
     1.00000  -10.20259    21.0036   -13.7427    1.00000    1.00000
     1.00000    12.1492   -39.3054    38.0817    1.00000    1.00000
     1.00000   -3.15478    25.0888   -31.6129    1.00000    1.00000
     1.00000    3.88449    5.06092    14.6776    1.00000    1.00000
     1.00000   -15.8806   -5.28417    9.04192    1.00000    1.00000
     1.00000   -3.77320   -9.26287    22.4794    1.00000    1.00000
     1.00000    7.46203    20.3536   -35.4191    1.00000    1.00000
     1.00000   10.11191   -4.46267    16.8273    1.00000    1.00000
     1.00000   -9.20634    6.31456   -15.1580    1.00000    1.00000
     1.00000    11.4209   -34.4318    18.6661    1.00000    1.00000
     1.00000    5.61508    18.0600   -26.2752    1.00000    1.00000
     1.00000    12.1668    7.97866    9.22655    1.00000    1.00000
     1.00000   -10.6916    3.22515    3.09951    1.00000    1.00000
     1.00000    2.07926   -15.5635    19.2718    1.00000    1.00000
     1.00000    6.30609    3.81651   -41.0480    1.00000    1.00000
     1.00000    7.32242   -8.88322    8.01215    1.00000    1.00000
     1.00000   -1.62559    20.3614   -10.6918    1.00000    1.00000
     1.00000    5.38360   -35.4504    26.0176    1.00000    1.00000
     1.00000   -5.28778    23.7686   -34.6935    1.00000    1.00000
     1.00000    5.87053   -6.56602    8.47224    1.00000    1.00000
     1.00000   -12.9528   -3.74480    7.20148    1.00000    1.00000
     1.00000   -5.04732   -3.75788    11.2358    1.00000    1.00000
     1.00000    5.80923    13.0342   -29.3187    1.00000    1.00000
     1.00000    2.24203   -6.66221    21.1182    1.00000    1.00000
     1.00000   -14.9426    23.8244   -10.6851    1.00000    1.00000
     1.00000    1.81022   -23.1387    29.2560    1.00000    1.00000
     1.00000    5.10529    21.1846   -20.9942    1.00000    1.00000
     1.00000    8.57477    14.8636    9.06194    1.00000    1.00000
     1.00000   -2.61084    3.19824   -5.68444    1.00000    1.00000
     1.00000   -1.50085   -13.5101    24.4417    1.00000    1.00000
     1.00000   0.807793    7.01348   -33.3181    1.00000    1.00000
     1.00000   -3.89644   -6.11110    12.8871    1.00000    1.00000
     1.00000   -3.36329    19.5981   -18.4541    1.00000    1.00000
     1.00000    5.95895   -30.6526    30.7405    1.00000    1.00000
     1.00000  -0.847328    15.4227   -29.0779    1.00000    1.00000
     1.00000    9.24634    3.22314    16.5934    1.00000    1.00000
     1.00000   -12.3326   -8.39386    10.6464    1.00000    1.00000
     1.00000   -2.46186   -1.87177    19.3324    1.00000    1.00000
     1.00000    2.81223    15.9281   -37.0087    1.00000    1.00000
     1.00000    6.45356   -4.63630    20.7045    1.00000    1.00000
     1.00000  -10.37858    3.98058   -11.8232    1.00000    1.00000
     1.00000    4.37730   -27.5876    22.9455    1.00000    1.00000
     1.00000   0.424042    20.5204   -29.5345    1.00000    1.00000
     1.00000    8.99933    5.20843    9.15662    1.00000    1.00000
     1.00000   -8.29365   -1.30179  -0.704735    1.00000    1.00000
     1.00000  -0.526192   -19.9504    20.9302    1.00000    1.00000
     1.00000    5.88702    9.41051   -31.7826    1.00000    1.00000
     1.00000    6.41122   -14.8359    5.68608    1.00000    1.00000
     1.00000   -5.61646    22.2795   -12.1969    1.00000    1.00000
     1.00000    9.65118   -33.3012    29.9531    1.00000    1.00000
     1.00000   -6.76936    15.2997   -38.5499    1.00000    1.00000
     1.00000    1.76009    1.11441    11.8214    1.00000    1.00000
     1.00000   -11.5622   -8.60078   -2.28570    1.00000    1.00000
     1.00000   -9.05407   -7.03444    13.7669    1.00000    1.00000
     1.00000    5.91121    12.1422   -34.0999    1.00000    1.00000
     1.00000    1.87808   -8.84742    27.7132    1.00000    1.00000
     1.00000   -8.84934    17.7521   -5.43390    1.00000    1.00000
     1.00000  -0.621216   -21.2059    22.4841    1.00000    1.00000
     1.00000    6.44707    15.1745   -23.3375    1.00000    1.00000
     1.00000    4.78525    9.70374    7.56361    1.00000    1.00000
     1.00000   -6.63443    4.47170   -12.9539    1.00000    1.00000
     1.00000  -0.781044   -18.1588    24.4545    1.00000    1.00000
     1.00000  -0.392838    4.68058   -31.5278    1.00000    1.00000
     1.00000   0.987244   -9.21922    9.68346    1.00000    1.00000
     1.00000   -6.81223    22.3803   -15.7624    1.00000    1.00000
     1.00000    11.8980   -36.0774    34.7005    1.00000    1.00000
     1.00000   -2.65193    24.3819   -33.9990    1.00000    1.00000
     1.00000    8.89494    6.60577    16.2497    1.00000    1.00000
     1.00000   -14.5722   -3.91564    12.9030    1.00000    1.00000
     1.00000   -1.22411   -8.65849    20.6733    1.00000    1.00000
     1.00000    7.97046    18.9318   -40.7167    1.00000    1.00000
     1.00000    6.38091   -4.84409    10.5804    1.00000    1.00000
     1.00000   -12.1280    11.8849   -13.3081    1.00000    1.00000
     1.00000    6.11108   -32.4563    21.6686    1.00000    1.00000
     1.00000    8.09641    19.2014   -21.5637    1.00000    1.00000
     1.00000   10.15021    7.62954    9.14079    1.00000    1.00000
     1.00000   -11.2625    2.76870   -4.31830    1.00000    1.00000
     1.00000    3.55318   -17.9201    17.5082    1.00000    1.00000
     1.00000    5.44181    4.67314   -35.6653    1.00000    1.00000
     1.00000    5.55898   -13.3131    10.8831    1.00000    1.00000
     1.00000    1.05932    21.2355   -15.0572    1.00000    1.00000
     1.00000    7.30264   -32.0355    28.0020    1.00000    1.00000
     1.00000   -5.54367    18.5956   -33.6961    1.00000    1.00000
     1.00000    6.07020   -4.58497    8.28368    1.00000    1.00000
     1.00000   -16.2087   -1.58408    5.61398    1.00000    1.00000
     1.00000   -6.54945  -0.612251    7.17158    1.00000    1.00000
     1.00000    8.76231    15.4371   -29.2471    1.00000    1.00000
     1.00000    1.85933   -4.70837    11.3305    1.00000    1.00000
     1.00000   -12.5955    20.3082   -11.2434    1.00000    1.00000
     1.00000   -2.07825   -28.8258    24.5002    1.00000    1.00000
     1.00000    2.56978    21.5495   -16.3300    1.00000    1.00000
     1.00000    7.62070    13.1242    9.31566    1.00000    1.00000
     1.00000   -6.34781    1.83563   -6.11516    1.00000    1.00000
     1.00000   0.332008   -11.6587    23.0663    1.00000    1.00000
     1.00000    3.33771    6.47879   -32.7606    1.00000    1.00000
     1.00000   -2.68207   -8.58116    6.24173    1.00000    1.00000
     1.00000   -5.78789    20.4646   -13.0196    1.00000    1.00000
     1.00000    10.6138   -34.3137    32.7742    1.00000    1.00000
     1.00000   -1.42802    18.2598   -28.8503    1.00000    1.00000
     1.00000    9.10088  -0.302109    18.7423    1.00000    1.00000
     1.00000   -13.2111   -9.34473    15.0118    1.00000    1.00000
     1.00000   -8.92640   -6.67264    19.2656    1.00000    1.00000
     1.00000    5.16953    13.1308   -36.8612    1.00000    1.00000
     1.00000    6.20184   -5.47779    18.9077    1.00000    1.00000
     1.00000   -13.4172    6.89680   -13.3521    1.00000    1.00000
     1.00000    6.09392   -30.9285    22.9591    1.00000    1.00000
     1.00000    1.99970    20.6656   -25.7581    1.00000    1.00000
     1.00000    7.40344    4.80865    11.3692    1.00000    1.00000
     1.00000   -10.8107   -4.03166    6.70770    1.00000    1.00000
     1.00000    5.44931   -20.7237    21.3907    1.00000    1.00000
     1.00000    4.78906    10.7020   -38.4695    1.00000    1.00000
     1.00000    6.15409   -16.1948    7.55437    1.00000    1.00000
     1.00000   -2.26394    20.2767   -8.79828    1.00000    1.00000
     1.00000   10.34982   -39.3751    27.2892    1.00000    1.00000
     1.00000   -8.52162    16.6025   -32.6207    1.00000    1.00000
     1.00000    4.47746    1.86063    14.0144    1.00000    1.00000
     1.00000   -13.6630   -8.48377    4.62737    1.00000    1.00000
     1.00000   -6.21385   -6.40702    15.0469    1.00000    1.00000
     1.00000    8.12669    13.4944   -38.0035    1.00000    1.00000
     1.00000    2.10141   -7.37527    23.5847    1.00000    1.00000
     1.00000   -12.8097    15.1539   -8.73746    1.00000    1.00000
     1.00000  -0.769577   -23.7417    23.1400    1.00000    1.00000
     1.00000    6.46987    17.6193   -20.4624    1.00000    1.00000
     1.00000    7.02055    11.2570    8.92429    1.00000    1.00000
     1.00000   -5.76490    2.48995   -13.5508    1.00000    1.00000
     1.00000    2.37049   -20.6925    27.6916    1.00000    1.00000
     1.00000   -2.86442    6.18317   -33.8330    1.00000    1.00000
     1.00000   -1.37085   -11.3880    11.8813    1.00000    1.00000
     1.00000  -10.06305    19.2664   -14.7240    1.00000    1.00000
     1.00000    12.6083   -35.8076    36.5506    1.00000    1.00000
     1.00000   -3.46109    23.7675   -26.5633    1.00000    1.00000
     1.00000    5.76756    4.92251    16.0285    1.00000    1.00000
     1.00000   -16.0328   -4.84351    11.9002    1.00000    1.00000
     1.00000   -5.00324   -6.11440    18.8359    1.00000    1.00000
     1.00000    7.47336    24.2563   -36.0332    1.00000    1.00000
     1.00000    9.36558   -4.47071    14.5320    1.00000    1.00000
     1.00000  -10.42447    7.47400   -14.0755    1.00000    1.00000
     1.00000    7.70950   -33.1722    19.0068    1.00000    1.00000
     1.00000    7.90977    21.4763   -25.0479    1.00000    1.00000
     1.00000    11.4543    7.90870    12.9869    1.00000    1.00000
     1.00000   -11.8514   -9.00803E-02    1.53853    1.00000    1.00000
     1.00000   0.675644   -14.5245    23.6408    1.00000    1.00000
     1.00000    6.53538    4.49149   -37.7787    1.00000    1.00000
     1.00000    4.89603  -10.05667   10.31152    1.00000    1.00000
     1.00000   -1.97793    23.0224   -12.9594    1.00000    1.00000
     1.00000    3.92745   -32.6206    27.4746    1.00000    1.00000
     1.00000   -6.13241    20.3989   -32.9737    1.00000    1.00000
     1.00000    3.44289   -5.58505    8.35064    1.00000    1.00000
     1.00000   -16.2361   -3.56859    5.86085    1.00000    1.00000
     1.00000   -3.89880   -3.31147    14.8057    1.00000    1.00000
     1.00000    7.22883    14.8219   -31.2281    1.00000    1.00000
     1.00000    1.10802   -5.32045    18.0093    1.00000    1.00000
     1.00000   -16.3042    25.7139  -10.55556    1.00000    1.00000
     1.00000   0.196228   -24.4653    26.4097    1.00000    1.00000
     1.00000    3.20206    19.2342   -20.2320    1.00000    1.00000
     1.00000   10.26807    14.3118    12.3428    1.00000    1.00000
     1.00000   -5.81595    3.98780   -7.33582    1.00000    1.00000
     1.00000    2.11501   -11.9976    23.9066    1.00000    1.00000
     1.00000    1.90514    9.01969   -32.9312    1.00000    1.00000
     1.00000   -2.08089   -8.34625    11.5113    1.00000    1.00000
     1.00000   -5.51902    19.9714   -16.9756    1.00000    1.00000
     1.00000    5.57059   -28.6111    27.3706    1.00000    1.00000
     1.00000   -3.17973    17.4253   -30.7874    1.00000    1.00000
     1.00000    10.8773    2.20473    17.5533    1.00000    1.00000
     1.00000   -9.85192   -7.52092    11.9984    1.00000    1.00000
     1.00000   -4.96630   -4.04685    20.2079    1.00000    1.00000
     1.00000    5.57116    16.6068   -34.7460    1.00000    1.00000
     1.00000    3.33042   -2.57127    20.7437    1.00000    1.00000
     1.00000   -12.1661    3.78593   -12.6990    1.00000    1.00000
     1.00000    2.41440   -26.5686    26.5158    1.00000    1.00000
     1.00000    1.14654    23.6775   -28.6967    1.00000    1.00000
     1.00000    6.85581    7.85308    8.57308    1.00000    1.00000
     1.00000   -8.59604  -0.609543   -4.21472    1.00000    1.00000
     1.00000    3.79116   -21.7502    20.1277    1.00000    1.00000
     1.00000    7.27091    10.6221   -33.9726    1.00000    1.00000
     1.00000    8.69840   -13.2724    6.72298    1.00000    1.00000
     1.00000   -1.51995    23.7982  -10.20403    1.00000    1.00000
     1.00000    6.58376   -35.6680    30.7527    1.00000    1.00000
