     1.00000    22.6813    14.0684    20.5281    1.00000    1.00000
     1.00000    16.3423   -15.9313   -27.8823    1.00000    1.00000
     1.00000   -7.06469    2.92641    1.44124    1.00000    1.00000
     1.00000   -22.3556    17.7077   -1.78940    1.00000    1.00000
     1.00000    15.8435    22.5943    12.5908    1.00000    1.00000
     1.00000  -0.952652   -18.6105   -5.80560    1.00000    1.00000
     1.00000    5.42095    15.1590    9.63247    1.00000    1.00000
     1.00000   -4.61584   -20.5219    1.44244    1.00000    1.00000
     1.00000    15.6814    2.73241    19.1726    1.00000    1.00000
     1.00000    5.89147   -13.5096   -26.9342    1.00000    1.00000
     1.00000   -2.91307  -0.168079   -2.48606    1.00000    1.00000
     1.00000   -25.9908    9.42430   -1.53028    1.00000    1.00000
     1.00000    11.8390    21.7112    17.7682    1.00000    1.00000
     1.00000  -0.929710   -26.6929   -8.83516    1.00000    1.00000
     1.00000    6.85962    11.7433    15.9873    1.00000    1.00000
     1.00000   -18.2439    5.22199    8.23137    1.00000    1.00000
     1.00000    20.2305    6.00544    23.5515    1.00000    1.00000
     1.00000    4.27398   -15.1203   -38.2546    1.00000    1.00000
     1.00000   -4.09203    8.75439   -2.06839    1.00000    1.00000
     1.00000   -24.8058    13.1215   -11.0385    1.00000    1.00000
     1.00000    17.5783    28.3511    6.07085    1.00000    1.00000
     1.00000   -4.01180   -18.1573   -1.72041    1.00000    1.00000
     1.00000   -4.09735    21.3403   10.28137    1.00000    1.00000
     1.00000   -7.61703  -10.10752    2.49610    1.00000    1.00000
     1.00000    12.7385   -2.47001    16.0924    1.00000    1.00000
     1.00000  -0.293091   -26.8330   -30.4812    1.00000    1.00000
     1.00000   -9.45279   -3.23849   -2.48638    1.00000    1.00000
     1.00000   -20.9458    1.57370    3.60068    1.00000    1.00000
     1.00000    5.05351    16.0558    26.1342    1.00000    1.00000
     1.00000   -1.08758   -20.9147   -21.1394    1.00000    1.00000
     1.00000    13.7464    13.9728    5.38153    1.00000    1.00000
     1.00000   -3.94684   -1.94070    4.45906    1.00000    1.00000
     1.00000    21.0029    12.3277    17.4662    1.00000    1.00000
     1.00000    9.30188   -18.5750   -29.0558    1.00000    1.00000
     1.00000   -7.07877    6.73673   0.933151    1.00000    1.00000
     1.00000   -24.9176    14.7409   -7.09745    1.00000    1.00000
     1.00000    11.0344    21.0659    6.58904    1.00000    1.00000
     1.00000   0.702095   -18.1898   -8.22585    1.00000    1.00000
     1.00000   -1.58212    15.8923    8.54675    1.00000    1.00000
     1.00000   -3.24266   -17.5075    4.02747    1.00000    1.00000
     1.00000    20.4158    1.27711    23.0541    1.00000    1.00000
     1.00000   0.210442   -17.4959   -20.6410    1.00000    1.00000
     1.00000   -8.79280   -10.6595   -13.3945    1.00000    1.00000
     1.00000   -25.9919    7.59835    2.01466    1.00000    1.00000
     1.00000    16.9491    16.1384    17.8444    1.00000    1.00000
     1.00000    1.76775   -30.3416   -6.66467    1.00000    1.00000
     1.00000    11.2261    8.53959    19.4021    1.00000    1.00000
     1.00000   -9.06373   0.398960    7.57688    1.00000    1.00000
     1.00000    21.4822   0.660645    18.2763    1.00000    1.00000
     1.00000    8.08558   -20.6876   -30.2656    1.00000    1.00000
     1.00000   -6.54422    6.45238   -8.56602    1.00000    1.00000
     1.00000   -23.8479    11.6997   -12.7787    1.00000    1.00000
     1.00000    16.3666    25.2575    8.10418    1.00000    1.00000
     1.00000   -13.6663   -20.3014   -7.10530    1.00000    1.00000
     1.00000   -6.88028    14.4518    5.11045    1.00000    1.00000
     1.00000   -5.54134   -11.1318   -5.50135    1.00000    1.00000
     1.00000    15.4303   -6.56865    11.2532    1.00000    1.00000
     1.00000    6.22715   -21.7072   -24.6858    1.00000    1.00000
     1.00000   -12.9252   -3.77770   -8.81774    1.00000    1.00000
     1.00000   -24.5945    2.07283    2.04855    1.00000    1.00000
     1.00000    14.7412    11.9291    22.5860    1.00000    1.00000
     1.00000   0.888100   -23.5897  -10.14552    1.00000    1.00000
     1.00000    2.57061    12.1115    7.55515    1.00000    1.00000
     1.00000   -13.8195   -3.33850    2.64018    1.00000    1.00000
     1.00000    18.4745    17.2586    19.2181    1.00000    1.00000
     1.00000    10.8736   -15.3272   -30.7245    1.00000    1.00000
     1.00000   -2.05354    2.40260    1.86452    1.00000    1.00000
     1.00000   -24.7551    13.4687    2.91600    1.00000    1.00000
     1.00000    11.0977    22.7861    12.4783    1.00000    1.00000
     1.00000  -0.528618   -14.9358   -8.30437    1.00000    1.00000
     1.00000    5.84975    17.7013   10.16666    1.00000    1.00000
     1.00000   -2.57322   -12.5169    3.76106    1.00000    1.00000
     1.00000    17.8417  -0.625504    18.9738    1.00000    1.00000
     1.00000    2.06239   -14.8531   -26.1686    1.00000    1.00000
     1.00000   -5.29397   -4.24173   -5.79183    1.00000    1.00000
     1.00000   -28.2960    12.8791   -7.03862    1.00000    1.00000
     1.00000    10.7946    23.6698    18.1612    1.00000    1.00000
     1.00000   -1.67055   -28.6983   -6.33864    1.00000    1.00000
     1.00000    8.42633    9.68771    12.5324    1.00000    1.00000
     1.00000   -19.1927    3.73995    5.15828    1.00000    1.00000
     1.00000    18.9117    3.33805    17.8252    1.00000    1.00000
     1.00000    2.25706   -17.5948   -32.9057    1.00000    1.00000
     1.00000   -1.35399    2.94300   -4.38343    1.00000    1.00000
     1.00000   -26.5051    13.2310   -13.5960    1.00000    1.00000
     1.00000    13.4368    32.1506    7.52426    1.00000    1.00000
     1.00000  -0.125610   -17.1813   -2.82430    1.00000    1.00000
     1.00000   -2.77133    19.0470    3.39781    1.00000    1.00000
     1.00000   -7.72394   -8.45763    7.03850E-02    1.00000    1.00000
     1.00000    13.1906    2.39214    16.4795    1.00000    1.00000
     1.00000    2.75343   -33.5929   -29.7673    1.00000    1.00000
     1.00000   -8.83265   -3.01805   -6.67587    1.00000    1.00000
     1.00000   -18.2614    2.70500    3.72245    1.00000    1.00000
     1.00000    11.9792    17.0846    24.6310    1.00000    1.00000
     1.00000    1.06743   -18.6019   -15.9493    1.00000    1.00000
     1.00000    14.6361    13.4631    2.36874    1.00000    1.00000
     1.00000   -8.14425   -1.08316    1.89500    1.00000    1.00000
     1.00000    23.4920    7.41822    17.7608    1.00000    1.00000
     1.00000    5.19951   -17.9347   -27.1544    1.00000    1.00000
     1.00000   -7.49419    12.9324    1.70781    1.00000    1.00000
     1.00000   -20.5965    13.8063   -6.01226    1.00000    1.00000
     1.00000    11.5680    21.1560    9.42682    1.00000    1.00000
     1.00000    2.25231   -16.8732  -10.29076    1.00000    1.00000
     1.00000  -0.256798    17.2615    7.93927    1.00000    1.00000
     1.00000   -2.44299   -16.5279    8.99683    1.00000    1.00000
     1.00000    20.7296   -1.40522    21.4302    1.00000    1.00000
     1.00000    4.99242   -20.6640   -23.5081    1.00000    1.00000
     1.00000   -6.98966   -8.68443   -6.98804    1.00000    1.00000
     1.00000   -28.6484    11.5057    2.92486    1.00000    1.00000
     1.00000    13.7703    19.8141    17.5398    1.00000    1.00000
     1.00000  -0.824547   -30.8249  -10.06996    1.00000    1.00000
     1.00000    13.3856    7.86076    16.5847    1.00000    1.00000
     1.00000   -14.0415   0.942364    3.84519    1.00000    1.00000
     1.00000    26.8111   -3.11586    16.7987    1.00000    1.00000
     1.00000    5.10427   -21.3630   -32.7885    1.00000    1.00000
     1.00000   -6.87389    6.42813   -5.06092    1.00000    1.00000
     1.00000   -22.3197    11.9670   -14.4954    1.00000    1.00000
     1.00000    14.7134    24.0787    10.6481    1.00000    1.00000
     1.00000   -9.94645   -18.1684   -3.61165    1.00000    1.00000
     1.00000   -3.58284    10.7781    3.08201    1.00000    1.00000
     1.00000   -7.64080   -12.6637   -3.17341    1.00000    1.00000
     1.00000    8.76696   -8.71627    15.4784    1.00000    1.00000
     1.00000   0.982948   -24.9451   -30.5029    1.00000    1.00000
     1.00000   -11.7607   -1.19460   -3.10735    1.00000    1.00000
     1.00000   -22.4891   0.429035   0.672245    1.00000    1.00000
     1.00000    14.1427    14.9755    23.4998    1.00000    1.00000
     1.00000   0.573105   -24.9767   -11.5516    1.00000    1.00000
     1.00000    9.03138    9.76427    6.84839    1.00000    1.00000
     1.00000  -10.10499   -3.72406    3.48049    1.00000    1.00000
     1.00000    21.5326    15.6980    20.3701    1.00000    1.00000
     1.00000    13.5074   -14.7047   -29.7623    1.00000    1.00000
     1.00000   -11.0662    2.36734   0.637676    1.00000    1.00000
     1.00000   -24.0551    16.2522   -4.53204    1.00000    1.00000
     1.00000    14.2424    27.5397    15.0032    1.00000    1.00000
     1.00000   -2.79150   -19.2619   -5.36485    1.00000    1.00000
     1.00000    4.12311    14.4678    8.27679    1.00000    1.00000
     1.00000   -3.03274   -17.4318    2.03994    1.00000    1.00000
     1.00000    17.6568   0.106995    20.8256    1.00000    1.00000
     1.00000    8.11638   -15.8641   -27.2082    1.00000    1.00000
     1.00000   -3.40319   -2.07544   -2.83499    1.00000    1.00000
     1.00000   -28.7901    11.8455   -1.89425    1.00000    1.00000
     1.00000    12.3049    23.2545    16.5846    1.00000    1.00000
     1.00000  -0.190674   -22.9322   -8.06906    1.00000    1.00000
     1.00000    10.8193    8.87325    14.1218    1.00000    1.00000
     1.00000   -16.2528    5.04085    8.28222    1.00000    1.00000
     1.00000    20.3703    6.15007    19.8542    1.00000    1.00000
     1.00000    5.89713   -16.9683   -40.1488    1.00000    1.00000
     1.00000   -2.54786    6.02282   -3.16159    1.00000    1.00000
     1.00000   -21.6387    13.1625   -9.98492    1.00000    1.00000
     1.00000    19.4037    29.3391    6.16752    1.00000    1.00000
     1.00000   -7.32488   -17.7888   -1.84713    1.00000    1.00000
     1.00000   -5.93496    22.0913   10.03799    1.00000    1.00000
     1.00000   -3.27232   -9.29664    1.55082    1.00000    1.00000
     1.00000    12.8096   -4.69615    16.2148    1.00000    1.00000
     1.00000   0.887718   -28.5025   -31.1661    1.00000    1.00000
     1.00000   -8.58315   -7.12381   -2.16441    1.00000    1.00000
     1.00000   -22.1323   -1.56779    4.25882    1.00000    1.00000
     1.00000    7.68963    13.6793    27.7724    1.00000    1.00000
     1.00000    1.35802   -18.7680   -19.0184    1.00000    1.00000
     1.00000    10.6963    10.8684    6.94352    1.00000    1.00000
     1.00000   -7.53803   -1.09510    3.80088    1.00000    1.00000
     1.00000    21.4886    8.61908    17.2682    1.00000    1.00000
     1.00000    8.05074   -17.0214   -28.9107    1.00000    1.00000
     1.00000   -6.15282    8.49661    1.14637    1.00000    1.00000
     1.00000   -21.9826    16.5829   -6.95350    1.00000    1.00000
     1.00000    11.1237    23.0593    4.28228    1.00000    1.00000
     1.00000   0.385696   -20.0962   -5.84346    1.00000    1.00000
     1.00000   -2.39795    15.1093    6.89710    1.00000    1.00000
     1.00000   -1.21063   -19.9112    4.99146    1.00000    1.00000
     1.00000    19.5179   0.490902    21.4492    1.00000    1.00000
     1.00000    2.76054   -16.7705   -22.1984    1.00000    1.00000
     1.00000   -9.02453   -7.60165   -15.2346    1.00000    1.00000
     1.00000   -27.6454    9.67833    3.36250    1.00000    1.00000
     1.00000    14.8281    19.1961    19.1206    1.00000    1.00000
     1.00000    3.97034E-02   -30.5261   -7.65452    1.00000    1.00000
     1.00000    11.9053    11.2800    21.6846    1.00000    1.00000
     1.00000   -10.6101  -0.802647    7.98285    1.00000    1.00000
     1.00000    22.8954   -1.71918    16.3288    1.00000    1.00000
     1.00000    6.47084   -20.8023   -31.4401    1.00000    1.00000
     1.00000   -8.65288    8.05996   -10.7599    1.00000    1.00000
     1.00000   -25.7898    11.4142   -13.1629    1.00000    1.00000
     1.00000    15.7551    26.3812    11.4491    1.00000    1.00000
     1.00000   -12.2539   -17.3001   -5.41302    1.00000    1.00000
     1.00000   -4.39874    17.1305    6.25976    1.00000    1.00000
     1.00000   -5.28091   -9.02963   -2.29300    1.00000    1.00000
     1.00000    11.7965   -6.70854    12.6157    1.00000    1.00000
     1.00000    2.87402   -21.1543   -27.2328    1.00000    1.00000
     1.00000   -12.0422   -5.08930   -7.36034    1.00000    1.00000
     1.00000   -26.4690    5.53525    1.68923    1.00000    1.00000
     1.00000    11.7886    12.0805    24.6105    1.00000    1.00000
     1.00000    1.87272   -22.7316   -11.7182    1.00000    1.00000
     1.00000    6.00106    11.9667    7.88675    1.00000    1.00000
     1.00000   -12.7838   -5.52736    2.07331    1.00000    1.00000
     1.00000    21.6645    14.0626    18.2093    1.00000    1.00000
     1.00000    11.9389   -16.9859   -31.0619    1.00000    1.00000
     1.00000   -4.88485    1.13396    3.38767    1.00000    1.00000
     1.00000   -22.5436    16.4618    1.43313    1.00000    1.00000
     1.00000    14.1692    21.5003    12.6060    1.00000    1.00000
     1.00000   -2.77042   -15.3045   -4.81505    1.00000    1.00000
     1.00000    6.22554    21.2148    7.83252    1.00000    1.00000
     1.00000   -2.37254   -14.5022    3.89559    1.00000    1.00000
     1.00000    17.0090   -3.84801    17.3825    1.00000    1.00000
     1.00000    4.58849   -14.9271   -27.4754    1.00000    1.00000
     1.00000   -6.33156   -7.53474   -5.48969    1.00000    1.00000
     1.00000   -30.2757    12.5387   -3.84452    1.00000    1.00000
     1.00000    10.9869    22.2315    19.5376    1.00000    1.00000
     1.00000   -3.84743   -29.5174   -3.63324    1.00000    1.00000
     1.00000    7.21593    7.80060    14.0431    1.00000    1.00000
     1.00000   -16.6055    2.54628    6.36437    1.00000    1.00000
     1.00000    19.5963    3.82098    21.6911    1.00000    1.00000
     1.00000    1.95573   -16.5406   -34.5783    1.00000    1.00000
     1.00000   -2.96732    2.37965   -5.42258    1.00000    1.00000
     1.00000   -22.6036    15.3697   -14.2127    1.00000    1.00000
     1.00000    15.5812    30.0637    4.55474    1.00000    1.00000
     1.00000   -3.18855   -17.2983   -3.32798    1.00000    1.00000
     1.00000  -0.925983    20.4741    6.46513    1.00000    1.00000
     1.00000   -8.99339   -6.97557    2.44381    1.00000    1.00000
     1.00000    10.7969   0.574265    15.2012    1.00000    1.00000
     1.00000    1.46265   -30.2613   -30.4070    1.00000    1.00000
     1.00000   -7.51654   -2.74974   -2.59621    1.00000    1.00000
     1.00000   -18.8267    6.82793E-02    1.67444    1.00000    1.00000
     1.00000    10.6404    13.4723    25.4734    1.00000    1.00000
     1.00000    1.10954   -19.3762   -12.3366    1.00000    1.00000
     1.00000    11.9555    12.4779    4.10921    1.00000    1.00000
     1.00000   -3.73328   -2.26115  -0.156483    1.00000    1.00000
     1.00000    25.4192    9.33316    16.8966    1.00000    1.00000
     1.00000    5.39365   -18.8864   -29.8563    1.00000    1.00000
     1.00000   -5.03783   10.41158    7.48520E-02    1.00000    1.00000
     1.00000   -22.5420    14.2341   -8.08544    1.00000    1.00000
     1.00000    9.27074    23.2516    11.8107    1.00000    1.00000
     1.00000  -0.319466   -18.2272   -13.1353    1.00000    1.00000
     1.00000    1.47957    16.6806    8.74403    1.00000    1.00000
     1.00000   -1.34147   -20.2520    7.86699    1.00000    1.00000
     1.00000    20.4599   -3.28482    22.0582    1.00000    1.00000
     1.00000    4.34882   -17.1413   -25.2019    1.00000    1.00000
     1.00000   -7.23055   -9.61279   -11.8160    1.00000    1.00000
     1.00000   -30.2264    12.2069  -0.550274    1.00000    1.00000
     1.00000    12.5690    24.1646    18.9401    1.00000    1.00000
     1.00000    7.96127E-02   -30.8686   -11.8534    1.00000    1.00000
     1.00000    13.0720   10.14042    14.5506    1.00000    1.00000
     1.00000   -13.4922  -0.324841    5.29171    1.00000    1.00000
     1.00000    24.8753   -5.00757    14.5668    1.00000    1.00000
     1.00000    1.17687   -21.1933   -33.2825    1.00000    1.00000
     1.00000   -5.38969    4.09943   -6.65965    1.00000    1.00000
     1.00000   -23.6396    13.7276   -15.9321    1.00000    1.00000
     1.00000    12.4080    22.9488    9.14394    1.00000    1.00000
     1.00000   -8.34876   -16.2883   -1.01039    1.00000    1.00000
     1.00000   -5.43293    13.9108    3.84060    1.00000    1.00000
     1.00000   -9.02338   -12.9067   -5.31091    1.00000    1.00000
     1.00000    10.7384   -5.81555    14.0590    1.00000    1.00000
     1.00000   0.977577   -21.2132   -27.8653    1.00000    1.00000
     1.00000   -10.7349   -3.57613   -7.32497    1.00000    1.00000
     1.00000   -22.5372    1.44107    2.39663    1.00000    1.00000
     1.00000    16.8887    15.4836    21.4473    1.00000    1.00000
     1.00000   -1.46114   -25.9659   -10.6631    1.00000    1.00000
     1.00000    8.83201    9.64698    8.83497    1.00000    1.00000
     1.00000  -10.46246   -1.97618    4.38444    1.00000    1.00000
     1.00000    22.5841    14.7886    22.3914    1.00000    1.00000
     1.00000    14.8252   -14.6833   -28.2580    1.00000    1.00000
     1.00000   -8.53535    2.83375    8.89931E-02    1.00000    1.00000
     1.00000   -21.9402    17.8807   0.159313    1.00000    1.00000
     1.00000    15.5270    24.0676    13.9057    1.00000    1.00000
     1.00000   -2.04066   -17.1609   -4.96002    1.00000    1.00000
     1.00000    5.54425    16.1358    11.3733    1.00000    1.00000
     1.00000   -3.19088   -19.1704    1.06413    1.00000    1.00000
     1.00000    13.9120    2.30732    18.3430    1.00000    1.00000
     1.00000    7.80005   -13.9916   -26.5806    1.00000    1.00000
     1.00000  -0.955719  -0.553978   -2.62695    1.00000    1.00000
     1.00000   -27.5690   10.33126   -2.35906    1.00000    1.00000
     1.00000    10.8477    20.3342    16.7094    1.00000    1.00000
     1.00000   -2.44094   -27.6304   -9.75021    1.00000    1.00000
     1.00000    8.45012   10.54622    16.1806    1.00000    1.00000
     1.00000   -19.8472    4.67466    9.29435    1.00000    1.00000
     1.00000    18.8341    6.72564    22.3139    1.00000    1.00000
     1.00000    3.06544   -15.3175   -36.6733    1.00000    1.00000
     1.00000   -2.33682    7.83666   -2.34584    1.00000    1.00000
     1.00000   -23.2985    12.0765  -10.24110    1.00000    1.00000
     1.00000    17.5372    29.6468    4.54781    1.00000    1.00000
     1.00000   -4.76543   -19.1698  -0.168949    1.00000    1.00000
     1.00000   -3.62115    20.8967    8.39021    1.00000    1.00000
     1.00000   -5.65687   -9.71501    2.43517    1.00000    1.00000
     1.00000    13.7663  -0.914841    16.8170    1.00000    1.00000
     1.00000    1.38289   -26.6028   -31.5480    1.00000    1.00000
     1.00000   -9.91681   -4.11520   -4.22306    1.00000    1.00000
     1.00000   -20.0026    2.50396    2.10236    1.00000    1.00000
     1.00000    3.56326    17.2667    26.6935    1.00000    1.00000
     1.00000   -4.88815E-02   -19.4438   -20.2690    1.00000    1.00000
     1.00000    13.7144    12.2918    6.46456    1.00000    1.00000
     1.00000   -3.22980   -3.00142    5.99553    1.00000    1.00000
     1.00000    22.4707    11.0604    16.9769    1.00000    1.00000
     1.00000    8.70900   -19.3464   -27.3084    1.00000    1.00000
     1.00000   -7.45623    4.88271    1.58133    1.00000    1.00000
     1.00000   -26.8262    14.2163   -6.81131    1.00000    1.00000
     1.00000   10.35988    21.2626    4.71653    1.00000    1.00000
     1.00000    2.52663   -17.3846   -8.37681    1.00000    1.00000
     1.00000   -2.06661    14.3158    9.67807    1.00000    1.00000
     1.00000   -2.12943   -18.2065    5.53480    1.00000    1.00000
     1.00000    19.4196    2.93676    23.5572    1.00000    1.00000
     1.00000    1.36253   -15.9138   -21.0531    1.00000    1.00000
     1.00000   -8.10672   -8.78092   -13.4098    1.00000    1.00000
     1.00000   -27.2558    7.72656    3.55936    1.00000    1.00000
     1.00000    16.6834    16.5682    19.7796    1.00000    1.00000
     1.00000    3.59174   -29.5219   -6.63114    1.00000    1.00000
     1.00000    11.1307   10.42988    20.0484    1.00000    1.00000
     1.00000   -10.8266    1.21576    7.10253    1.00000    1.00000
     1.00000    23.0053   0.689369    16.9803    1.00000    1.00000
     1.00000    9.67410   -20.0664   -31.3100    1.00000    1.00000
     1.00000   -5.92046    4.55241   -8.53397    1.00000    1.00000
     1.00000   -21.8597    11.6077   -12.5825    1.00000    1.00000
     1.00000    17.3788    26.7781    7.28974    1.00000    1.00000
     1.00000   -12.1032   -19.4927   -6.15497    1.00000    1.00000
     1.00000   -5.19851    15.4338    5.56577    1.00000    1.00000
     1.00000   -7.03718   -10.5878   -4.29035    1.00000    1.00000
     1.00000    13.6803   -7.29275    10.6104    1.00000    1.00000
     1.00000    4.54605   -22.4966   -25.4280    1.00000    1.00000
     1.00000   -13.6293   -3.55679   -10.6766    1.00000    1.00000
     1.00000   -25.6482    3.71346    1.60350    1.00000    1.00000
     1.00000    14.6540    12.5349    24.4900    1.00000    1.00000
     1.00000    2.06893   -22.0081   -9.82272    1.00000    1.00000
     1.00000    3.03934    13.8620    6.70889    1.00000    1.00000
     1.00000   -13.5218   -4.91854    3.82966    1.00000    1.00000
     1.00000    19.2506    16.2603    17.6685    1.00000    1.00000
     1.00000    9.65787   -16.7767   -30.0758    1.00000    1.00000
     1.00000   -3.66761    2.92480    2.92380    1.00000    1.00000
     1.00000   -24.3457    14.4018    1.19500    1.00000    1.00000
     1.00000    11.9717    21.8423    14.0097    1.00000    1.00000
     1.00000   -1.33982   -13.4868   -7.18980    1.00000    1.00000
     1.00000    7.10943    18.8176    9.08635    1.00000    1.00000
     1.00000   -4.50881   -12.0573    3.96668    1.00000    1.00000
     1.00000    16.2411   -1.75635    19.3726    1.00000    1.00000
     1.00000   0.970642   -13.1983   -25.9040    1.00000    1.00000
     1.00000   -5.22097   -5.18694   -4.03080    1.00000    1.00000
     1.00000   -27.9581    12.0561   -5.24739    1.00000    1.00000
     1.00000   10.34371    23.4190    16.2289    1.00000    1.00000
     1.00000   -2.31941   -27.1953   -7.48742    1.00000    1.00000
     1.00000   10.38208   10.09994    12.6039    1.00000    1.00000
     1.00000   -18.0848    3.81205    6.82183    1.00000    1.00000
     1.00000    19.7552    1.64798    18.4826    1.00000    1.00000
     1.00000    2.65911   -16.8809   -31.0812    1.00000    1.00000
     1.00000   -1.50364    1.20502   -3.40516    1.00000    1.00000
     1.00000   -25.4711    14.4417   -12.3856    1.00000    1.00000
     1.00000    14.9432    31.0264    8.20753    1.00000    1.00000
     1.00000  -0.602013   -17.7303  -0.961079    1.00000    1.00000
     1.00000   -2.25366    20.1013    5.01658    1.00000    1.00000
     1.00000   -7.94961   -8.99301   -1.84336    1.00000    1.00000
     1.00000    12.5966   0.526337    16.0721    1.00000    1.00000
     1.00000    1.88734   -32.1109   -28.7409    1.00000    1.00000
     1.00000   -8.23580   -4.33397   -5.29306    1.00000    1.00000
     1.00000   -19.0696   0.891552    3.48089    1.00000    1.00000
     1.00000    11.3044    15.3565    25.3781    1.00000    1.00000
     1.00000   0.777107   -17.0815   -17.2159    1.00000    1.00000
     1.00000    13.8147    11.6520    2.15640    1.00000    1.00000
     1.00000   -6.61208   -1.93372   0.931149    1.00000    1.00000
     1.00000    21.9269    7.00693    18.9361    1.00000    1.00000
     1.00000    4.47044   -17.3732   -28.9301    1.00000    1.00000
     1.00000   -8.33567    11.1191    1.64540    1.00000    1.00000
     1.00000   -22.5500    13.4471   -6.24678    1.00000    1.00000
     1.00000    12.0450    19.9491    7.90496    1.00000    1.00000
     1.00000    1.20013   -17.1171   -11.9740    1.00000    1.00000
     1.00000   0.212059    19.1352    7.42026    1.00000    1.00000
     1.00000   -1.45364   -17.1615    7.37826    1.00000    1.00000
     1.00000    22.1633   -1.24916    22.8159    1.00000    1.00000
     1.00000    3.13012   -21.3175   -23.1844    1.00000    1.00000
     1.00000   -8.51783   -9.19693   -8.17213    1.00000    1.00000
     1.00000   -30.0101    11.4496    1.46108    1.00000    1.00000
     1.00000    13.9629    21.6917    18.2013    1.00000    1.00000
     1.00000   -1.26208   -28.9650   -10.6608    1.00000    1.00000
     1.00000    12.8690    7.82092    18.5164    1.00000    1.00000
     1.00000   -14.7369  -0.537296    2.69319    1.00000    1.00000
     1.00000    25.4103   -2.15382    15.7441    1.00000    1.00000
     1.00000    3.10478   -21.4077   -32.7954    1.00000    1.00000
     1.00000   -6.49557    7.68831   -3.55466    1.00000    1.00000
     1.00000   -23.6826    13.3338   -13.9717    1.00000    1.00000
     1.00000    14.2017    22.3456    9.79109    1.00000    1.00000
     1.00000  -10.54410   -16.5785   -4.66754    1.00000    1.00000
     1.00000   -4.91602    12.2510    2.85172    1.00000    1.00000
     1.00000   -8.01879   -14.2906   -4.27369    1.00000    1.00000
     1.00000   10.28397   -7.63781    14.7466    1.00000    1.00000
     1.00000    2.16812   -24.8027   -28.8982    1.00000    1.00000
     1.00000   -11.5529   -2.99931   -3.94392    1.00000    1.00000
     1.00000   -21.5990    1.48111  -0.777164    1.00000    1.00000
     1.00000    15.4073    14.3096    22.1008    1.00000    1.00000
     1.00000    1.78152   -26.2783   -12.4711    1.00000    1.00000
     1.00000    7.78019    11.2526    7.31694    1.00000    1.00000
     1.00000  -10.19703   -5.38034    2.36322    1.00000    1.00000
     1.00000    22.8413    15.8683    18.8674    1.00000    1.00000
     1.00000    13.0064   -16.6092   -29.4131    1.00000    1.00000
     1.00000   -9.67880    1.22657  -0.241917    1.00000    1.00000
     1.00000   -24.0067    17.0246   -2.68782    1.00000    1.00000
     1.00000    14.8936    25.9639    13.9578    1.00000    1.00000
     1.00000   -4.09682   -20.7354   -5.71830    1.00000    1.00000
     1.00000    2.16790    14.8173    8.51138    1.00000    1.00000
     1.00000   -1.51488   -16.7545   0.927563    1.00000    1.00000
     1.00000    17.2533    1.53613    19.4859    1.00000    1.00000
     1.00000    8.29173   -17.6525   -26.3303    1.00000    1.00000
     1.00000   -4.02955   -3.96903   -2.98332    1.00000    1.00000
     1.00000   -29.2964    13.7790   -1.82269    1.00000    1.00000
     1.00000    12.8497    21.5085    15.7754    1.00000    1.00000
     1.00000  -0.977951   -24.7335   -8.43735    1.00000    1.00000
     1.00000    9.50439   10.33345    14.4944    1.00000    1.00000
     1.00000   -15.8007    3.09274    8.30359    1.00000    1.00000
     1.00000    18.6768    5.52972    20.7186    1.00000    1.00000
     1.00000    5.46879   -16.7236   -38.2105    1.00000    1.00000
     1.00000   -2.48668    4.58306   -4.54844    1.00000    1.00000
     1.00000   -22.5779    14.9281   -9.96082    1.00000    1.00000
     1.00000    18.5996    31.0458    5.50388    1.00000    1.00000
     1.00000   -5.61591   -17.2238  -0.975254    1.00000    1.00000
     1.00000   -6.19686    23.9528    9.35505    1.00000    1.00000
     1.00000   -4.07441   -10.9362    2.36838    1.00000    1.00000
     1.00000    11.1787   -3.60880    16.6123    1.00000    1.00000
     1.00000   -1.03728   -28.7532   -31.6473    1.00000    1.00000
     1.00000   -9.58493   -5.53704   -2.85623    1.00000    1.00000
     1.00000   -20.5926  -0.387257    3.77353    1.00000    1.00000
     1.00000    6.06614    14.5848    27.0347    1.00000    1.00000
     1.00000    2.15514   -19.5280   -17.3490    1.00000    1.00000
     1.00000    11.7497    12.3409    6.09386    1.00000    1.00000
     1.00000   -5.66035   -1.69234    3.45795    1.00000    1.00000
     1.00000    20.5878   10.39586    17.0905    1.00000    1.00000
     1.00000    6.22340   -16.7767   -29.6859    1.00000    1.00000
     1.00000   -5.61113    8.69134  -0.769005    1.00000    1.00000
     1.00000   -23.2723    15.3072   -6.11136    1.00000    1.00000
     1.00000    12.0844    24.7827    3.95518    1.00000    1.00000
     1.00000    1.77159   -18.9476   -6.71528    1.00000    1.00000
     1.00000   -1.57474    13.3001    7.11850    1.00000    1.00000
     1.00000  -0.586067   -18.9009    6.60057    1.00000    1.00000
     1.00000    20.9558    8.77876E-02    20.1188    1.00000    1.00000
     1.00000    3.24008   -18.1438   -23.5710    1.00000    1.00000
     1.00000   -7.58140   -8.98312   -15.3290    1.00000    1.00000
     1.00000   -27.1176    11.4120    4.20856    1.00000    1.00000
     1.00000    14.9615    17.2051    18.9862    1.00000    1.00000
     1.00000   -1.56689   -29.7484   -8.55671    1.00000    1.00000
     1.00000   10.57239    11.9209    23.0309    1.00000    1.00000
     1.00000  -10.04264   -1.77433    6.32943    1.00000    1.00000
     1.00000    24.5074  -0.552975    16.5328    1.00000    1.00000
     1.00000    7.11412   -20.1606   -33.2218    1.00000    1.00000
     1.00000   -6.79576    7.55592  -10.21494    1.00000    1.00000
     1.00000   -25.5498    9.54696   -13.8382    1.00000    1.00000
     1.00000    15.1836    25.7422    9.64220    1.00000    1.00000
     1.00000   -12.1078   -18.9138   -4.24060    1.00000    1.00000
     1.00000   -3.72813    18.8035    5.39296    1.00000    1.00000
     1.00000   -6.67873  -10.45965   -2.32691    1.00000    1.00000
     1.00000    12.1525   -8.28431    11.4366    1.00000    1.00000
     1.00000    2.57838   -22.5032   -25.7861    1.00000    1.00000
     1.00000   -13.6828   -5.57947   -8.39388    1.00000    1.00000
     1.00000   -25.6886    6.69307   0.257290    1.00000    1.00000
     1.00000    13.0219    13.3256    23.6468    1.00000    1.00000
     1.00000    1.00201   -21.0106   -11.1890    1.00000    1.00000
     1.00000    4.54972    12.5527    6.64167    1.00000    1.00000
     1.00000   -11.3032   -6.31781   0.985699    1.00000    1.00000
     1.00000    21.2253    15.9438    17.6915    1.00000    1.00000
     1.00000    13.6008   -18.0691   -30.8073    1.00000    1.00000
     1.00000   -5.19756    2.30329    1.79554    1.00000    1.00000
     1.00000   -22.9650    15.1679   -3.25127E-02    1.00000    1.00000
     1.00000    12.2545    21.1306    12.1622    1.00000    1.00000
     1.00000   -1.24049   -14.1075   -5.29117    1.00000    1.00000
     1.00000    5.35766    19.5090    8.41314    1.00000    1.00000
     1.00000   -1.37176   -15.5217    2.49588    1.00000    1.00000
     1.00000    17.7741   -2.99147    19.0199    1.00000    1.00000
     1.00000    3.94511   -15.2244   -25.6052    1.00000    1.00000
     1.00000   -6.98588   -5.79676   -4.74718    1.00000    1.00000
     1.00000   -28.8833    11.1061   -3.75023    1.00000    1.00000
     1.00000    11.5113    21.3453    21.2522    1.00000    1.00000
     1.00000   -2.39322   -29.9337   -4.94165    1.00000    1.00000
     1.00000    6.71928    9.68041    13.5744    1.00000    1.00000
     1.00000   -15.0691    1.96296    5.22449    1.00000    1.00000
     1.00000    19.0850    3.82391    19.7576    1.00000    1.00000
     1.00000    2.88403   -17.2524   -36.2005    1.00000    1.00000
     1.00000   -3.39655    3.97092   -6.55556    1.00000    1.00000
     1.00000   -23.5728    15.0626   -12.4904    1.00000    1.00000
     1.00000    15.5700    30.0911    6.55452    1.00000    1.00000
     1.00000   -1.61437   -18.4987   -3.04333    1.00000    1.00000
     1.00000   -2.77721    21.2178    6.60564    1.00000    1.00000
     1.00000   -7.44388   -8.17038    2.02974    1.00000    1.00000
     1.00000    11.7096   0.934208    13.4584    1.00000    1.00000
     1.00000    2.74380   -31.7826   -30.6173    1.00000    1.00000
     1.00000   -8.07396   -2.50453   -4.50125    1.00000    1.00000
     1.00000   -19.4146   -1.82190    1.38861    1.00000    1.00000
     1.00000    9.53574    13.2604    27.1271    1.00000    1.00000
     1.00000    1.83115   -18.8042   -14.1120    1.00000    1.00000
     1.00000    11.9573    11.1038    2.65605    1.00000    1.00000
     1.00000   -5.12554   -3.27007   0.865139    1.00000    1.00000
     1.00000    23.4321    9.31272    17.1226    1.00000    1.00000
     1.00000    7.15865   -19.3881   -29.0606    1.00000    1.00000
     1.00000   -5.90231    11.8538    1.15776    1.00000    1.00000
     1.00000   -23.7845    12.6700   -8.18389    1.00000    1.00000
     1.00000   10.17100    21.8894    10.6559    1.00000    1.00000
     1.00000  -0.406059   -17.9803   -11.1525    1.00000    1.00000
     1.00000    2.64976    16.0417   10.23483    1.00000    1.00000
     1.00000   -2.13932   -18.5770    8.61368    1.00000    1.00000
     1.00000    18.8714   -2.38336    21.2433    1.00000    1.00000
     1.00000    4.71405   -19.0148   -24.6048    1.00000    1.00000
     1.00000   -7.44857   -9.24869   -9.86151    1.00000    1.00000
     1.00000   -30.9230   10.41815    1.10130E-02    1.00000    1.00000
     1.00000    14.3500    23.3244    19.2896    1.00000    1.00000
     1.00000    1.13614   -32.3862   -11.0915    1.00000    1.00000
     1.00000    12.5872    8.21433    14.7854    1.00000    1.00000
     1.00000   -11.9697   0.958057    5.48172    1.00000    1.00000
     1.00000    24.8507   -3.99442    16.2910    1.00000    1.00000
     1.00000    2.06535   -19.4401   -33.6527    1.00000    1.00000
     1.00000   -6.62572    4.44464   -5.12569    1.00000    1.00000
     1.00000   -25.4958    13.8553   -16.6659    1.00000    1.00000
     1.00000    12.7765    24.9146    9.14098    1.00000    1.00000
     1.00000   -9.72974   -17.5473   -1.72293    1.00000    1.00000
     1.00000   -3.62643    14.5187    4.44643    1.00000    1.00000
     1.00000   -8.93984   -10.9856   -4.76105    1.00000    1.00000
     1.00000    11.8572   -6.35368    15.6270    1.00000    1.00000
     1.00000    1.28075   -23.1673   -28.1646    1.00000    1.00000
     1.00000   -11.0083   -2.36166   -5.75963    1.00000    1.00000
     1.00000   -23.2407    3.22480    2.96528    1.00000    1.00000
     1.00000    17.5065    13.9500    22.5727    1.00000    1.00000
     1.00000   0.423225   -26.5285  -10.29891    1.00000    1.00000
     1.00000    7.94258    9.91885    10.6056    1.00000    1.00000
     1.00000   -9.99693   -1.54951    2.48675    1.00000    1.00000
