     1.00000    8.56030   -16.0765   -6.44723    1.00000    1.00000
     1.00000    5.80868    17.9027  -0.121956    1.00000    1.00000
     1.00000    11.5041   -7.09417   -18.1194    1.00000    1.00000
     1.00000   -19.9123    18.0823    27.5078    1.00000    1.00000
     1.00000   10.04006    6.67707    5.23811    1.00000    1.00000
     1.00000   -13.6899    16.2393   10.01579    1.00000    1.00000
     1.00000    18.3937   -32.3949  -10.10860    1.00000    1.00000
     1.00000   -23.3748    20.0468    7.63696    1.00000    1.00000
     1.00000    4.40330   -16.4337   -17.8315    1.00000    1.00000
     1.00000    4.70926    7.64458   -3.57315    1.00000    1.00000
     1.00000    15.9467   -21.2611   -19.9448    1.00000    1.00000
     1.00000   -13.3365    22.6443    23.7288    1.00000    1.00000
     1.00000    12.6682   -13.1668   -3.11497    1.00000    1.00000
     1.00000   -9.76738    5.79116    2.18378    1.00000    1.00000
     1.00000    6.21314   -36.7782   -21.5320    1.00000    1.00000
     1.00000   -25.8970    12.7981    15.4232    1.00000    1.00000
     1.00000    16.9651   -16.6357  -0.334282    1.00000    1.00000
     1.00000   -2.96068    20.5597    3.01920    1.00000    1.00000
     1.00000    14.2233   -20.8616   -9.08965    1.00000    1.00000
     1.00000   -15.7427    24.3708    19.2018    1.00000    1.00000
     1.00000    6.83192    8.03664    1.49400    1.00000    1.00000
     1.00000   -14.1456    16.9613    12.7551    1.00000    1.00000
     1.00000    15.0780   -19.9403  -0.407669    1.00000    1.00000
     1.00000   -26.2880    21.9468    6.02940    1.00000    1.00000
     1.00000    3.23207  -10.10305   -13.4334    1.00000    1.00000
     1.00000    7.28522   -2.33187   -2.30823    1.00000    1.00000
     1.00000    16.6262   -16.1964   -12.9972    1.00000    1.00000
     1.00000   -17.9171    14.4856    17.5603    1.00000    1.00000
     1.00000    8.74286    8.90551   -1.41632    1.00000    1.00000
     1.00000   -3.94466    7.12706  -0.658791    1.00000    1.00000
     1.00000    14.6299   -35.9355   -15.8623    1.00000    1.00000
     1.00000   -32.1800    11.3415    17.3940    1.00000    1.00000
     1.00000    4.15571   -17.5713   -5.62781    1.00000    1.00000
     1.00000    4.55661    13.3295    3.28240    1.00000    1.00000
     1.00000    12.2362   -14.0436   -15.7120    1.00000    1.00000
     1.00000   -23.9460    20.6975    21.0252    1.00000    1.00000
     1.00000    12.0971    4.88145    5.03430    1.00000    1.00000
     1.00000   -13.5637    19.3061    7.33478    1.00000    1.00000
     1.00000    17.2006   -29.7664   -5.25058    1.00000    1.00000
     1.00000   -20.9749    16.3783    8.56183    1.00000    1.00000
     1.00000   -4.81071E-02   -11.1862   -15.8784    1.00000    1.00000
     1.00000    2.21220    12.4567   -6.74730    1.00000    1.00000
     1.00000    24.2344   -15.9309   -18.6743    1.00000    1.00000
     1.00000   -13.3552    20.8777    27.8890    1.00000    1.00000
     1.00000    13.7260   -6.76681   -1.22165    1.00000    1.00000
     1.00000   -6.02606    19.0873    1.33244    1.00000    1.00000
     1.00000    9.91173   -38.3827   -15.1184    1.00000    1.00000
     1.00000   -22.5163    6.89591    16.3365    1.00000    1.00000
     1.00000    9.24517   -18.1657   -5.12937    1.00000    1.00000
     1.00000  -0.781746    20.2354    3.25989    1.00000    1.00000
     1.00000    11.2800   -16.1061   -16.4850    1.00000    1.00000
     1.00000   -21.0453    20.0455    19.3094    1.00000    1.00000
     1.00000    3.43232    1.55598    3.42097    1.00000    1.00000
     1.00000   -15.6971    10.8200    5.03960    1.00000    1.00000
     1.00000    16.6138   -22.5328   -7.00499    1.00000    1.00000
     1.00000   -33.6022    22.2419   0.223297    1.00000    1.00000
     1.00000    5.30996   -8.46988   -19.1222    1.00000    1.00000
     1.00000    8.52955    4.00972    1.46283    1.00000    1.00000
     1.00000    15.3480   -23.7131   -17.6534    1.00000    1.00000
     1.00000   -17.3337    22.0501    18.6022    1.00000    1.00000
     1.00000    13.9004   -4.83738  -0.724747    1.00000    1.00000
     1.00000   -5.65026    8.78876    2.23477    1.00000    1.00000
     1.00000    16.4337   -40.0031   -19.6446    1.00000    1.00000
     1.00000   -27.4710    11.5392    19.7376    1.00000    1.00000
     1.00000    9.70206   -15.6860   -8.04219    1.00000    1.00000
     1.00000   10.22058    12.9285    3.28950    1.00000    1.00000
     1.00000    16.4759   -8.94048   -20.4485    1.00000    1.00000
     1.00000   -23.6187    23.0548    29.6406    1.00000    1.00000
     1.00000    7.60923    9.05457    8.11880    1.00000    1.00000
     1.00000   -11.9838    20.2761    9.83507    1.00000    1.00000
     1.00000    16.0533   -30.0399   -12.3044    1.00000    1.00000
     1.00000   -22.5959    22.6960    7.70101    1.00000    1.00000
     1.00000   0.664581   -17.8668   -22.3232    1.00000    1.00000
     1.00000    7.39864    4.35939   -3.59192    1.00000    1.00000
     1.00000    23.4259   -21.0310   -20.9646    1.00000    1.00000
     1.00000   -15.6655    19.1319    22.4357    1.00000    1.00000
     1.00000    10.6912   -15.9884    1.15607    1.00000    1.00000
     1.00000   -7.59104   10.47083    3.53606    1.00000    1.00000
     1.00000    8.69950   -39.1726   -16.4992    1.00000    1.00000
     1.00000   -27.0707    14.0239    12.7058    1.00000    1.00000
     1.00000    19.9896   -13.9350   -3.42649    1.00000    1.00000
     1.00000  -0.119888    23.0628    3.47368    1.00000    1.00000
     1.00000    11.1163   -18.5757   -14.9562    1.00000    1.00000
     1.00000   -19.0141    26.3550    16.5440    1.00000    1.00000
     1.00000   10.24813    2.74845    4.59822    1.00000    1.00000
     1.00000   -8.44427    16.4574    12.7766    1.00000    1.00000
     1.00000    18.8541   -24.0092   -3.30721    1.00000    1.00000
     1.00000   -28.1816    22.8635    4.11133    1.00000    1.00000
     1.00000    4.43711   -11.5538   -12.7676    1.00000    1.00000
     1.00000    6.84781  -0.428078   -2.73749    1.00000    1.00000
     1.00000    17.3466   -19.5457   -11.0736    1.00000    1.00000
     1.00000   -20.5234    13.0910    16.4854    1.00000    1.00000
     1.00000    11.6320    4.54382   -1.21664    1.00000    1.00000
     1.00000   -5.16926    11.8084   0.242393    1.00000    1.00000
     1.00000    15.0601   -32.2267   -14.5425    1.00000    1.00000
     1.00000   -31.5403    19.6645    23.7103    1.00000    1.00000
     1.00000  -0.139320   -13.9340   -9.63362    1.00000    1.00000
     1.00000    1.69547    14.7921   0.451393    1.00000    1.00000
     1.00000    15.5611   -8.20014   -14.8484    1.00000    1.00000
     1.00000   -26.1229    19.0234    24.2515    1.00000    1.00000
     1.00000    13.6364    5.56099    11.2066    1.00000    1.00000
     1.00000   -6.77916    19.8843    3.17311    1.00000    1.00000
     1.00000    17.7467   -25.2608   -8.10147    1.00000    1.00000
     1.00000   -19.6451    13.7462    12.4114    1.00000    1.00000
     1.00000   -2.99801   -13.9897   -15.6363    1.00000    1.00000
     1.00000    2.96703    13.2942   -5.09536    1.00000    1.00000
     1.00000    25.2650   -20.5707   -20.3275    1.00000    1.00000
     1.00000   -7.02388    19.2931    22.5797    1.00000    1.00000
     1.00000    16.0463   -14.3119   -7.77222    1.00000    1.00000
     1.00000   -4.68660    15.6416   0.378410    1.00000    1.00000
     1.00000    15.1942   -38.9748   -14.8458    1.00000    1.00000
     1.00000   -20.9687    10.8765    14.8240    1.00000    1.00000
     1.00000    14.1617   -16.1600   -2.02804    1.00000    1.00000
     1.00000   0.205170    17.3398    1.15205    1.00000    1.00000
     1.00000    9.70004   -20.5362   -17.5684    1.00000    1.00000
     1.00000   -20.7998    25.0677    15.5303    1.00000    1.00000
     1.00000    7.26290   0.300209    4.77744    1.00000    1.00000
     1.00000   -16.8409    18.9666    9.69213    1.00000    1.00000
     1.00000    19.7785   -18.0001   -4.96327    1.00000    1.00000
     1.00000   -30.9831    21.6159    5.60641    1.00000    1.00000
     1.00000    6.07891   -10.6164   -16.0759    1.00000    1.00000
     1.00000    4.41288    1.95508    3.65372E-02    1.00000    1.00000
     1.00000    15.6209   -19.8212   -13.4663    1.00000    1.00000
     1.00000   -15.3475    19.0110    15.5305    1.00000    1.00000
     1.00000    14.1115   0.994087    7.56073E-02    1.00000    1.00000
     1.00000   -3.64669    4.40212    1.14112    1.00000    1.00000
     1.00000    15.2671   -35.1594   -20.0999    1.00000    1.00000
     1.00000   -25.3600    12.9481    22.1862    1.00000    1.00000
     1.00000    6.10354   -18.0146   -5.72497    1.00000    1.00000
     1.00000    8.05445    18.1371    2.46745    1.00000    1.00000
     1.00000    13.4343   -7.32200   -18.5908    1.00000    1.00000
     1.00000   -23.8016    17.4061    27.4282    1.00000    1.00000
     1.00000    11.8196    6.52586    6.13835    1.00000    1.00000
     1.00000   -16.0303    17.4520    7.67676    1.00000    1.00000
     1.00000    17.2030   -34.8048   -8.70677    1.00000    1.00000
     1.00000   -21.8365    19.0728    9.02572    1.00000    1.00000
     1.00000    2.40735   -17.8722   -21.3420    1.00000    1.00000
     1.00000    4.35763    8.14088   -1.66788    1.00000    1.00000
     1.00000    14.7838   -22.7639   -19.3210    1.00000    1.00000
     1.00000   -10.6960    20.6005    22.4185    1.00000    1.00000
     1.00000    14.6902   -15.3952   -5.32854    1.00000    1.00000
     1.00000   -10.9424    8.73506    1.64206    1.00000    1.00000
     1.00000    6.38117   -35.9006   -19.7427    1.00000    1.00000
     1.00000   -27.3359    13.9764    14.6875    1.00000    1.00000
     1.00000    17.2580   -17.3643   -2.17365    1.00000    1.00000
     1.00000   -2.91890    21.9642    1.59594    1.00000    1.00000
     1.00000    12.9001   -19.2484  -10.42405    1.00000    1.00000
     1.00000   -16.4640    22.6449    21.1065    1.00000    1.00000
     1.00000    8.59206    10.6689    4.77343    1.00000    1.00000
     1.00000   -13.9909    14.9824    12.5100    1.00000    1.00000
     1.00000    16.8682   -20.8318  -0.426529    1.00000    1.00000
     1.00000   -27.8053    23.1475    6.53558    1.00000    1.00000
     1.00000    2.85074  -10.17842   -15.5784    1.00000    1.00000
     1.00000    8.96654   -2.02169   -1.27046    1.00000    1.00000
     1.00000    14.5367   -17.2912   -11.8504    1.00000    1.00000
     1.00000   -17.8914    16.2791    16.6757    1.00000    1.00000
     1.00000    11.5805    7.00674  -0.993553    1.00000    1.00000
     1.00000   -3.99587    11.0216    1.65806    1.00000    1.00000
     1.00000    17.7042   -36.3293   -14.6501    1.00000    1.00000
     1.00000   -31.0723    14.1781    19.5808    1.00000    1.00000
     1.00000    2.40650   -15.9929   -8.54221    1.00000    1.00000
     1.00000    3.34410    14.7977    1.58363    1.00000    1.00000
     1.00000    13.1118   -13.1394   -14.1578    1.00000    1.00000
     1.00000   -20.8385    19.1529    23.3165    1.00000    1.00000
     1.00000    15.2480    5.29728    7.08232    1.00000    1.00000
     1.00000   -9.83707    19.8410    6.62442    1.00000    1.00000
     1.00000    18.2123   -30.7055   -6.69783    1.00000    1.00000
     1.00000   -19.0598    15.7712    8.15800    1.00000    1.00000
     1.00000   -1.60223   -12.0180   -17.7426    1.00000    1.00000
     1.00000   0.813416    14.5103   -5.09422    1.00000    1.00000
     1.00000    21.9009   -16.9276   -22.3815    1.00000    1.00000
     1.00000  -10.55305    18.2227    23.9329    1.00000    1.00000
     1.00000    14.8501   -11.0904   -3.74144    1.00000    1.00000
     1.00000   -4.16435    17.8901   -1.24709    1.00000    1.00000
     1.00000    13.0580   -39.6142   -16.7638    1.00000    1.00000
     1.00000   -22.7509   10.37888    15.5831    1.00000    1.00000
     1.00000    11.1680   -17.6157   -5.14056    1.00000    1.00000
     1.00000   -3.16936    21.2176    4.89632    1.00000    1.00000
     1.00000   10.01677   -17.5990   -16.9042    1.00000    1.00000
     1.00000   -20.3550    22.0370    20.5411    1.00000    1.00000
     1.00000    7.48808   0.569427    2.34858    1.00000    1.00000
     1.00000   -15.5287    14.0920    6.25275    1.00000    1.00000
     1.00000    17.0312   -20.6155   -7.39195    1.00000    1.00000
     1.00000   -35.7559    20.8966   -1.96470    1.00000    1.00000
     1.00000    3.51437   -8.15817   -16.7019    1.00000    1.00000
     1.00000    7.41870    3.86091  -0.980896    1.00000    1.00000
     1.00000    15.8754   -21.3632   -14.7143    1.00000    1.00000
     1.00000   -13.8657    23.4789    21.1297    1.00000    1.00000
     1.00000    14.3739   -2.28620  -0.632385    1.00000    1.00000
     1.00000   -5.37473    6.69082   0.772537    1.00000    1.00000
     1.00000    18.4743   -36.2694   -17.4223    1.00000    1.00000
     1.00000   -26.4228    13.8261    17.0563    1.00000    1.00000
     1.00000    9.97312   -16.5265   -9.83666    1.00000    1.00000
     1.00000    6.02029    14.6911    3.22377    1.00000    1.00000
     1.00000    15.9996   -8.53210   -22.3476    1.00000    1.00000
     1.00000   -24.3328    21.2391    30.0801    1.00000    1.00000
     1.00000    11.7019    9.82137    8.10534    1.00000    1.00000
     1.00000   -11.9715    20.6662    7.87352    1.00000    1.00000
     1.00000    16.1495   -31.9869   -11.5776    1.00000    1.00000
     1.00000   -23.8025    22.6806    9.29593    1.00000    1.00000
     1.00000    1.30825   -16.2993   -20.0949    1.00000    1.00000
     1.00000    4.56301    4.94013   -4.86594    1.00000    1.00000
     1.00000    18.9229   -20.1425   -19.8488    1.00000    1.00000
     1.00000   -15.5273    16.2626    23.7673    1.00000    1.00000
     1.00000    10.9419   -14.1512   -3.34064    1.00000    1.00000
     1.00000   -6.51558    12.3415    1.62198    1.00000    1.00000
     1.00000    7.85612   -37.6121   -18.2595    1.00000    1.00000
     1.00000   -27.2783    11.8283    10.8082    1.00000    1.00000
     1.00000    19.4256   -15.4967   -2.31154    1.00000    1.00000
     1.00000    1.92241    25.7611    1.63892    1.00000    1.00000
     1.00000    13.4870   -20.2695   -12.0405    1.00000    1.00000
     1.00000   -17.4986    25.1415    18.6335    1.00000    1.00000
     1.00000    6.61357    6.95296    4.05910    1.00000    1.00000
     1.00000   -11.6206    14.9988    14.1497    1.00000    1.00000
     1.00000    18.3440   -22.0812   -3.45744    1.00000    1.00000
     1.00000   -26.1739    21.9545    4.03267    1.00000    1.00000
     1.00000    3.94045   -14.4318   -12.2789    1.00000    1.00000
     1.00000    8.15672    1.30113   -2.98619    1.00000    1.00000
     1.00000    16.4096   -17.9901   -11.9116    1.00000    1.00000
     1.00000   -21.0102    14.7832    15.5369    1.00000    1.00000
     1.00000    14.9037    2.52021    1.09705    1.00000    1.00000
     1.00000   -6.66203    13.6153   -3.02992    1.00000    1.00000
     1.00000    14.6325   -30.4959   -13.6362    1.00000    1.00000
     1.00000   -29.5167    15.1046    22.5945    1.00000    1.00000
     1.00000    1.79497   -14.4423   -9.64753    1.00000    1.00000
     1.00000    3.75274    15.0364   -3.16107    1.00000    1.00000
     1.00000    13.3340   -8.42034   -16.9224    1.00000    1.00000
     1.00000   -23.2401    16.9890    24.4207    1.00000    1.00000
     1.00000    16.3859    4.43673    8.48401    1.00000    1.00000
     1.00000   -6.67699    19.9238    7.61659    1.00000    1.00000
     1.00000    17.6964   -27.2595   -8.04970    1.00000    1.00000
     1.00000   -21.7936    16.1967   10.37750    1.00000    1.00000
     1.00000   -2.10799   -15.3998   -17.8484    1.00000    1.00000
     1.00000    2.08270    9.72548   -3.20253    1.00000    1.00000
     1.00000    27.1366   -19.4637   -18.5380    1.00000    1.00000
     1.00000   -9.09233    20.4515    23.6043    1.00000    1.00000
     1.00000    14.9332   -13.5742   -6.28326    1.00000    1.00000
     1.00000   -5.75227    14.1212    1.12176    1.00000    1.00000
     1.00000    18.0192   -39.4273   -16.0097    1.00000    1.00000
     1.00000   -20.6164    11.9222    11.7022    1.00000    1.00000
     1.00000    11.7944   -16.8324   -3.41022    1.00000    1.00000
     1.00000    1.52309    18.8332    2.51600    1.00000    1.00000
     1.00000    9.06129   -19.9089   -13.8162    1.00000    1.00000
     1.00000   -18.0920    25.2660    15.1427    1.00000    1.00000
     1.00000   10.31507    1.00513    3.62029    1.00000    1.00000
     1.00000   -15.9182    15.2837    9.28341    1.00000    1.00000
     1.00000    17.2436   -20.6680   -5.40395    1.00000    1.00000
     1.00000   -30.0382    22.1436    3.92455    1.00000    1.00000
     1.00000    6.18697  -10.42146   -18.3516    1.00000    1.00000
     1.00000    5.34942   0.619919   -1.12115    1.00000    1.00000
     1.00000    16.1936   -16.4290   -16.4330    1.00000    1.00000
     1.00000   -13.3634    21.2782    16.8360    1.00000    1.00000
     1.00000    12.9099  -0.404861    1.79504    1.00000    1.00000
     1.00000   -5.89661    5.90883    3.84646    1.00000    1.00000
     1.00000    19.4160   -33.8572   -20.2070    1.00000    1.00000
     1.00000   -28.3084    14.3040    20.2738    1.00000    1.00000
     1.00000    7.91009   -14.3225   -5.73974    1.00000    1.00000
     1.00000    6.33595    18.7192    1.62603    1.00000    1.00000
     1.00000    11.9304   -5.44020   -19.1599    1.00000    1.00000
     1.00000   -21.9112    18.0588    27.4439    1.00000    1.00000
     1.00000   10.13467    5.36568    6.74521    1.00000    1.00000
     1.00000   -12.8350    15.4373    8.39533    1.00000    1.00000
     1.00000    20.3051   -32.2102   -10.6677    1.00000    1.00000
     1.00000   -21.8885    20.7118    6.47559    1.00000    1.00000
     1.00000    4.76054   -16.1043   -19.7715    1.00000    1.00000
     1.00000    6.21638    7.11217   -2.37102    1.00000    1.00000
     1.00000    17.2740   -20.1808   -20.9799    1.00000    1.00000
     1.00000   -14.4104    21.8922    22.2185    1.00000    1.00000
     1.00000    11.4218   -11.6047   -3.19278    1.00000    1.00000
     1.00000   -11.0420    7.16665    2.87906    1.00000    1.00000
     1.00000    6.66929   -38.6646   -21.0489    1.00000    1.00000
     1.00000   -24.2190    11.7137    15.3323    1.00000    1.00000
     1.00000    15.1637   -16.4447   0.513283    1.00000    1.00000
     1.00000   -3.49127    19.4970    1.41014    1.00000    1.00000
     1.00000    12.5555   -21.1980  -10.14097    1.00000    1.00000
     1.00000   -16.2539    24.6338    21.1174    1.00000    1.00000
     1.00000    7.92401    8.17027    3.16417    1.00000    1.00000
     1.00000   -12.4886    16.7772    13.8598    1.00000    1.00000
     1.00000    14.7235   -19.7677   -2.36842    1.00000    1.00000
     1.00000   -25.2043    20.6603    7.11136    1.00000    1.00000
     1.00000    2.71952   -8.49501   -14.5065    1.00000    1.00000
     1.00000    8.13464   -4.00221   -1.60935    1.00000    1.00000
     1.00000    16.0842   -14.9998   -11.4891    1.00000    1.00000
     1.00000   -19.0992    12.9037    17.8770    1.00000    1.00000
     1.00000    10.6360    8.50530   -1.92212    1.00000    1.00000
     1.00000   -2.95621    8.85387  -0.456085    1.00000    1.00000
     1.00000    15.0862   -37.7907   -16.4540    1.00000    1.00000
     1.00000   -30.9876    12.4821    18.5241    1.00000    1.00000
     1.00000    3.54762   -15.9065   -6.55446    1.00000    1.00000
     1.00000    2.83173    13.7170    4.21759    1.00000    1.00000
     1.00000    11.2920   -12.9789   -17.1173    1.00000    1.00000
     1.00000   -23.4895    20.5115    22.9635    1.00000    1.00000
     1.00000    12.0299    6.02354    3.39383    1.00000    1.00000
     1.00000   -11.7198    19.1684    6.57233    1.00000    1.00000
     1.00000    15.9686   -30.8580   -4.11457    1.00000    1.00000
     1.00000   -20.0130    18.1185    8.77814    1.00000    1.00000
     1.00000    1.57354   -12.2733   -16.3125    1.00000    1.00000
     1.00000    1.69672    13.4294   -8.41709    1.00000    1.00000
     1.00000    24.2834   -17.4051   -20.0250    1.00000    1.00000
     1.00000   -12.9137    19.3170    26.7188    1.00000    1.00000
     1.00000    13.6363   -8.48409   -2.24289    1.00000    1.00000
     1.00000   -5.60289    18.0402    2.98305    1.00000    1.00000
     1.00000    11.6240   -37.4775   -15.6171    1.00000    1.00000
     1.00000   -24.0753    7.54385    17.4087    1.00000    1.00000
     1.00000    8.67645   -19.8718   -4.25417    1.00000    1.00000
     1.00000   -1.99839    18.6659    3.49756    1.00000    1.00000
     1.00000    12.3059   -14.7768   -17.5715    1.00000    1.00000
     1.00000   -22.2149    21.3540    20.2686    1.00000    1.00000
     1.00000    4.85371    2.75280    2.68118    1.00000    1.00000
     1.00000   -15.9757    12.7866    4.80498    1.00000    1.00000
     1.00000    17.9029   -23.2811   -8.33846    1.00000    1.00000
     1.00000   -31.7601    22.8993   0.641006    1.00000    1.00000
     1.00000    3.68223   -7.45016   -18.5648    1.00000    1.00000
     1.00000    6.76807    3.30724   0.827454    1.00000    1.00000
     1.00000    15.8764   -22.1202   -16.5655    1.00000    1.00000
     1.00000   -15.5095    21.2740    18.3379    1.00000    1.00000
     1.00000    14.6039   -3.59604   -2.12618    1.00000    1.00000
     1.00000   -6.98400    7.38411    1.73666    1.00000    1.00000
     1.00000    15.4787   -38.5307   -18.6854    1.00000    1.00000
     1.00000   -27.7903    9.62700    20.2289    1.00000    1.00000
     1.00000    10.9084   -16.8771   -6.98094    1.00000    1.00000
     1.00000    8.28061    13.3800    3.10887    1.00000    1.00000
     1.00000    15.0852   -7.75721   -19.6325    1.00000    1.00000
     1.00000   -25.3976    22.9453    30.5481    1.00000    1.00000
     1.00000    9.16982    9.14381    6.87117    1.00000    1.00000
     1.00000   -13.5822    19.1134    9.52971    1.00000    1.00000
     1.00000    17.8850   -30.5026   -11.6481    1.00000    1.00000
     1.00000   -21.1099    22.5511    6.37022    1.00000    1.00000
     1.00000    1.24868   -15.9712   -22.0670    1.00000    1.00000
     1.00000    7.88844    3.42281   -5.28983    1.00000    1.00000
     1.00000    21.7839   -20.4756   -19.9670    1.00000    1.00000
     1.00000   -14.4485    20.3341    23.4719    1.00000    1.00000
     1.00000    12.2545   -15.3468    8.63037E-02    1.00000    1.00000
     1.00000   -5.98029    11.6528    3.44435    1.00000    1.00000
     1.00000    9.38468   -38.8982   -18.3580    1.00000    1.00000
     1.00000   -27.7457    13.9937    10.8233    1.00000    1.00000
     1.00000    20.8571   -13.2555   -1.75747    1.00000    1.00000
     1.00000    1.82122    23.0287    3.95422    1.00000    1.00000
     1.00000    10.9407   -20.4383   -14.2492    1.00000    1.00000
     1.00000   -18.1992    26.9774    18.2612    1.00000    1.00000
     1.00000    9.28973    4.39135    5.21657    1.00000    1.00000
     1.00000   -7.34887    18.0998    12.4561    1.00000    1.00000
     1.00000    19.3175   -23.8270   -5.24422    1.00000    1.00000
     1.00000   -26.8107    23.3356    2.73376    1.00000    1.00000
     1.00000    5.30563   -11.9681   -14.5209    1.00000    1.00000
     1.00000    7.73479   0.499062   -1.20332    1.00000    1.00000
     1.00000    18.4350   -19.2760   -12.7297    1.00000    1.00000
     1.00000   -21.9079    13.4115    17.8926    1.00000    1.00000
     1.00000    12.1961    3.37370   0.304077    1.00000    1.00000
     1.00000   -5.09253    11.8571   -1.75554    1.00000    1.00000
     1.00000    14.7151   -34.1515   -14.9623    1.00000    1.00000
     1.00000   -30.9131    17.7682    23.8126    1.00000    1.00000
     1.00000    1.07430   -12.4139  -10.09886    1.00000    1.00000
     1.00000    2.22597    14.2533   -1.40015    1.00000    1.00000
     1.00000    16.0254  -10.08570   -15.3270    1.00000    1.00000
     1.00000   -24.6945    18.0658    25.2725    1.00000    1.00000
     1.00000    15.5948    5.69646    10.8242    1.00000    1.00000
     1.00000   -6.29634    18.7248    4.72958    1.00000    1.00000
     1.00000    15.8407   -25.5922   -8.60854    1.00000    1.00000
     1.00000   -21.1412    14.8978    11.7513    1.00000    1.00000
     1.00000   -2.85989   -13.5652   -17.5858    1.00000    1.00000
     1.00000    3.39770    11.6888   -3.98314    1.00000    1.00000
     1.00000    25.1644   -18.7699   -21.1917    1.00000    1.00000
     1.00000   -5.39329    19.9527    21.6278    1.00000    1.00000
     1.00000    17.6575   -13.1870   -7.39980    1.00000    1.00000
     1.00000   -5.60508    16.5048   -1.17441    1.00000    1.00000
     1.00000    13.7501   -40.1481   -14.1123    1.00000    1.00000
     1.00000   -19.6331    9.63948    13.9957    1.00000    1.00000
     1.00000    14.3746   -14.9030  -0.487038    1.00000    1.00000
     1.00000    1.81221    16.8725    2.24709    1.00000    1.00000
     1.00000    9.23676   -22.4763   -17.4224    1.00000    1.00000
     1.00000   -20.6171    23.9036    17.1463    1.00000    1.00000
     1.00000    7.97078    2.08920    4.23115    1.00000    1.00000
     1.00000   -16.8887    16.9681    9.75327    1.00000    1.00000
     1.00000    18.2838   -19.2355   -4.47345    1.00000    1.00000
     1.00000   -31.9045    19.9081    6.09053    1.00000    1.00000
     1.00000    7.09110   -11.0735   -14.4126    1.00000    1.00000
     1.00000    3.55635    1.96919   -1.77071    1.00000    1.00000
     1.00000    15.8582   -18.7590   -15.1442    1.00000    1.00000
     1.00000   -15.2593    20.8052    16.4097    1.00000    1.00000
     1.00000    12.1804   0.479652   0.156296    1.00000    1.00000
     1.00000   -2.54311    6.06379    1.28592    1.00000    1.00000
     1.00000    16.7593   -36.4878   -20.0067    1.00000    1.00000
     1.00000   -26.8250    13.0840    20.8314    1.00000    1.00000
     1.00000    6.94586   -16.9758   -7.21202    1.00000    1.00000
     1.00000    6.57033    16.7985    2.39258    1.00000    1.00000
     1.00000    14.3679   -6.40427   -17.0788    1.00000    1.00000
     1.00000   -25.0073    18.4228    28.6580    1.00000    1.00000
     1.00000    10.9316    8.20245    6.77122    1.00000    1.00000
     1.00000   -14.9331    17.6513    9.33704    1.00000    1.00000
     1.00000    16.6846   -32.9446   -9.22725    1.00000    1.00000
     1.00000   -20.6670    19.4644    7.45120    1.00000    1.00000
     1.00000    3.82636   -17.8654   -19.9326    1.00000    1.00000
     1.00000    3.05564    9.64433   -1.45702    1.00000    1.00000
     1.00000    14.3794   -23.0051   -21.2647    1.00000    1.00000
     1.00000   -12.4775    21.4179    22.0208    1.00000    1.00000
     1.00000    13.7036   -13.7663   -4.71770    1.00000    1.00000
     1.00000   -9.70367   10.29030    1.42581    1.00000    1.00000
     1.00000    5.15182   -34.3880   -19.2946    1.00000    1.00000
     1.00000   -28.8067    15.0646    15.4954    1.00000    1.00000
     1.00000    18.8649   -17.2347   -3.35732    1.00000    1.00000
     1.00000   -1.07616    22.7262    1.74965    1.00000    1.00000
     1.00000    11.9356   -18.8418   -8.71980    1.00000    1.00000
     1.00000   -17.5618    21.9304    22.6179    1.00000    1.00000
     1.00000    9.44897    8.95832    4.19055    1.00000    1.00000
     1.00000   -14.3667    13.1683    13.2634    1.00000    1.00000
     1.00000    18.3317   -21.6722   -1.49974    1.00000    1.00000
     1.00000   -29.0096    23.6371    8.05546    1.00000    1.00000
     1.00000    3.12764   -11.3540   -17.1725    1.00000    1.00000
     1.00000   10.25026   -3.09658   -2.36439    1.00000    1.00000
     1.00000    14.6719   -15.5361   -12.7998    1.00000    1.00000
     1.00000   -16.5538    17.4286    15.7325    1.00000    1.00000
     1.00000    12.5825    5.68441   0.123367    1.00000    1.00000
     1.00000   -3.22251    9.18410    1.49840    1.00000    1.00000
     1.00000    16.9798   -37.1614   -16.3183    1.00000    1.00000
     1.00000   -29.9278    15.4118    20.6614    1.00000    1.00000
     1.00000    4.33582   -15.5031   -8.34777    1.00000    1.00000
     1.00000    2.78179    15.5234    3.36050    1.00000    1.00000
     1.00000    12.9593   -11.3991   -15.1314    1.00000    1.00000
     1.00000   -22.7762    18.7626    23.6212    1.00000    1.00000
     1.00000    13.4196    4.70918    6.52473    1.00000    1.00000
     1.00000   -8.82268    21.2811    5.67731    1.00000    1.00000
     1.00000    18.5529   -31.0481   -8.63860    1.00000    1.00000
     1.00000   -18.1531    17.5468    8.31576    1.00000    1.00000
     1.00000   0.175091   -12.9218   -17.5868    1.00000    1.00000
     1.00000    1.94651    14.4935   -6.74220    1.00000    1.00000
     1.00000    22.4102   -17.7538   -20.6327    1.00000    1.00000
     1.00000   -11.3430    19.2048    25.4858    1.00000    1.00000
     1.00000    14.4109   -9.15172   -3.96168    1.00000    1.00000
     1.00000   -4.51775    17.9249   0.721146    1.00000    1.00000
     1.00000    12.1711   -39.2993   -14.9991    1.00000    1.00000
     1.00000   -22.2097    8.83263    16.7304    1.00000    1.00000
     1.00000    12.4657   -18.6096   -6.29308    1.00000    1.00000
     1.00000   -3.44666    19.2423    4.75067    1.00000    1.00000
     1.00000    9.02281   -18.0227   -15.2212    1.00000    1.00000
     1.00000   -20.0091    22.9448    18.7928    1.00000    1.00000
     1.00000    6.82782    2.43664    2.62711    1.00000    1.00000
     1.00000   -14.5959    14.6018    7.94683    1.00000    1.00000
     1.00000    16.0597   -21.6099   -8.82979    1.00000    1.00000
     1.00000   -35.2376    22.5065  -0.897141    1.00000    1.00000
     1.00000    4.40191   -6.61823   -15.7849    1.00000    1.00000
     1.00000    5.99191    3.64111   -2.36507    1.00000    1.00000
     1.00000    14.1850   -22.2398   -14.1026    1.00000    1.00000
     1.00000   -14.8626    22.1510    20.0148    1.00000    1.00000
     1.00000    14.4340  -0.407104   -1.31459    1.00000    1.00000
     1.00000   -3.90887    7.36214    1.95600    1.00000    1.00000
     1.00000    17.1171   -37.4532   -18.2921    1.00000    1.00000
     1.00000   -27.4331    13.2350    18.6779    1.00000    1.00000
     1.00000    8.96790   -15.7226   -11.3674    1.00000    1.00000
     1.00000    7.83752    15.2680    2.61967    1.00000    1.00000
     1.00000    14.7882   -7.52319   -23.5783    1.00000    1.00000
     1.00000   -23.8122    19.3100    29.9939    1.00000    1.00000
     1.00000    9.77125   10.21301    8.45076    1.00000    1.00000
     1.00000   -11.2784    22.5183    7.57461    1.00000    1.00000
     1.00000    18.0304   -32.4512   -12.0745    1.00000    1.00000
     1.00000   -22.8960    21.1406   10.19396    1.00000    1.00000
     1.00000   0.298309   -15.9794   -18.3986    1.00000    1.00000
     1.00000    6.07101    5.82431   -3.89426    1.00000    1.00000
     1.00000    20.4956   -18.9702   -20.2392    1.00000    1.00000
     1.00000   -14.6282    18.0491    23.7591    1.00000    1.00000
     1.00000    11.1783   -14.5379   -1.39268    1.00000    1.00000
     1.00000   -7.77133    10.7858    1.56926    1.00000    1.00000
     1.00000    6.94739   -35.8844   -17.8246    1.00000    1.00000
     1.00000   -28.6670    12.6699    9.64064    1.00000    1.00000
     1.00000    17.5265   -15.5356   -2.93762    1.00000    1.00000
     1.00000    1.33165    23.9500    2.24788    1.00000    1.00000
     1.00000    11.6424   -19.6776   -12.5379    1.00000    1.00000
     1.00000   -19.4982    25.1312    18.5938    1.00000    1.00000
     1.00000    7.93935    5.86062    5.08336    1.00000    1.00000
     1.00000  -10.31064    15.7408    12.8331    1.00000    1.00000
     1.00000    19.6238   -20.6299   -3.96352    1.00000    1.00000
     1.00000   -26.5823    20.0117    3.79041    1.00000    1.00000
     1.00000    5.33188   -13.6948   -13.5121    1.00000    1.00000
     1.00000    8.88535  -0.505554   -3.43897    1.00000    1.00000
     1.00000    15.2940   -19.5996   -11.5057    1.00000    1.00000
     1.00000   -21.6256    13.2709    14.3817    1.00000    1.00000
     1.00000    14.0716    3.63610  -0.339066    1.00000    1.00000
     1.00000   -4.99788    13.8459   -1.94482    1.00000    1.00000
     1.00000    15.4417   -29.8688   -15.3543    1.00000    1.00000
     1.00000   -30.0663    16.0192    24.2860    1.00000    1.00000
     1.00000    2.80890   -13.3822   -11.0070    1.00000    1.00000
     1.00000    2.14954    13.8572   -3.35905    1.00000    1.00000
     1.00000    14.0922   -9.89352   -15.8022    1.00000    1.00000
     1.00000   -24.2743    16.1735    25.9258    1.00000    1.00000
     1.00000    16.6952    4.07442   10.42645    1.00000    1.00000
     1.00000   -7.08599    20.2894    5.69330    1.00000    1.00000
     1.00000    18.4240   -29.1159   -7.89293    1.00000    1.00000
     1.00000   -23.4809    15.1917    9.99936    1.00000    1.00000
     1.00000  -0.454136   -15.1116   -16.7613    1.00000    1.00000
     1.00000    2.97720   10.00079   -4.97003    1.00000    1.00000
     1.00000    26.9789   -21.2027   -19.5132    1.00000    1.00000
     1.00000   -8.86031    18.5828    22.9304    1.00000    1.00000
     1.00000    14.8798   -11.6767   -5.65335    1.00000    1.00000
     1.00000   -5.70511    14.9470    2.94266    1.00000    1.00000
     1.00000    16.9170   -39.8905   -14.4064    1.00000    1.00000
     1.00000   -20.1090    12.2171    13.6142    1.00000    1.00000
     1.00000    13.6781   -16.4316   -3.94958    1.00000    1.00000
     1.00000   0.358635    20.1885    1.61754    1.00000    1.00000
     1.00000    8.95554   -19.9319   -15.8132    1.00000    1.00000
     1.00000   -19.4954    24.0413    14.4143    1.00000    1.00000
     1.00000    9.22251   0.371346    5.17097    1.00000    1.00000
     1.00000   -14.8924    14.4754    10.7981    1.00000    1.00000
     1.00000    18.8433   -20.1563   -6.48986    1.00000    1.00000
     1.00000   -31.4447    22.2516    2.50673    1.00000    1.00000
     1.00000    4.73450   -9.66033   -17.2066    1.00000    1.00000
     1.00000    6.63210    1.41623   0.190559    1.00000    1.00000
     1.00000    17.0704   -18.2147   -16.6390    1.00000    1.00000
     1.00000   -11.5359    21.3944    16.0317    1.00000    1.00000
     1.00000    12.1715   0.266655    3.52818    1.00000    1.00000
     1.00000   -5.19133    4.77911    2.35438    1.00000    1.00000
     1.00000    18.4566   -35.5787   -20.5476    1.00000    1.00000
     1.00000   -27.4278    16.0508    20.6902    1.00000    1.00000
