     1.00000   -43.8664    9.77350    19.8252    1.00000    1.00000
     1.00000    43.6035   -9.59802   -7.58061    1.00000    1.00000
     1.00000  -0.248436   -1.12264    11.0652    1.00000    1.00000
     1.00000   -2.21738   -4.32372   -13.4260    1.00000    1.00000
     1.00000   -37.9175   -6.08666    11.9230    1.00000    1.00000
     1.00000    17.1392   -5.71010   -14.2060    1.00000    1.00000
     1.00000    4.85487    13.6624    4.90220    1.00000    1.00000
     1.00000   -5.29011   -13.2064   -15.6046    1.00000    1.00000
     1.00000   -33.8016    4.24753    12.2224    1.00000    1.00000
     1.00000    42.0304   -3.26341   -3.43659    1.00000    1.00000
     1.00000   -22.1133  -10.03015    16.1988    1.00000    1.00000
     1.00000    3.02949    4.02386   -8.17429    1.00000    1.00000
     1.00000   -15.8051    5.16781    14.9492    1.00000    1.00000
     1.00000    27.8781   -2.15379   -15.9684    1.00000    1.00000
     1.00000    6.25111    13.2629   0.718307    1.00000    1.00000
     1.00000    8.40945   -5.00610   -15.0243    1.00000    1.00000
     1.00000   -46.7236    10.8731    22.6373    1.00000    1.00000
     1.00000    38.2260   -2.47621   -16.1612    1.00000    1.00000
     1.00000   -1.41045    1.33541    8.19162    1.00000    1.00000
     1.00000    6.51450   -2.04730   -5.43026    1.00000    1.00000
     1.00000   -28.5722    3.21135    10.6763    1.00000    1.00000
     1.00000    20.3104   -7.94156   -20.6536    1.00000    1.00000
     1.00000    3.68106    13.0075    2.40582    1.00000    1.00000
     1.00000   -6.99253   -6.88076   -15.8167    1.00000    1.00000
     1.00000   -42.9873    8.25255    18.1440    1.00000    1.00000
     1.00000    44.1089   -6.83087    5.54818    1.00000    1.00000
     1.00000   -12.1043   -2.61403    12.9311    1.00000    1.00000
     1.00000    7.97713    7.46791   -7.59910    1.00000    1.00000
     1.00000   -25.9079    1.73728    13.8091    1.00000    1.00000
     1.00000    34.9323   -4.44555   -11.7834    1.00000    1.00000
     1.00000    15.7704    3.88316  -0.230736    1.00000    1.00000
     1.00000   -1.16082   -5.99157   -19.6493    1.00000    1.00000
     1.00000   -39.7723    12.4571    18.8083    1.00000    1.00000
     1.00000    42.5668   -7.26382   -11.8625    1.00000    1.00000
     1.00000   -9.08739   -7.38945    13.4942    1.00000    1.00000
     1.00000    7.91135   -2.49691   -12.4328    1.00000    1.00000
     1.00000   -31.0782   -6.42371    13.7681    1.00000    1.00000
     1.00000    19.9731   -3.29549   -11.8208    1.00000    1.00000
     1.00000   0.894920    8.62514    7.77566    1.00000    1.00000
     1.00000   -3.76624   -15.8307   -13.9195    1.00000    1.00000
     1.00000   -35.9906   -1.80189    18.8714    1.00000    1.00000
     1.00000    41.3102   -1.10251   -3.45374    1.00000    1.00000
     1.00000   -18.4743   -3.29401    12.7364    1.00000    1.00000
     1.00000    7.09301    6.56997   -9.15219    1.00000    1.00000
     1.00000   -19.7428   0.118687    17.3566    1.00000    1.00000
     1.00000    28.2594   0.356354   -20.5063    1.00000    1.00000
     1.00000    11.1246    10.7753    5.74253    1.00000    1.00000
     1.00000    7.33047   -6.49298   -24.3682    1.00000    1.00000
     1.00000   -48.7485    12.4095    23.1818    1.00000    1.00000
     1.00000    51.1732   -6.20171   -16.3591    1.00000    1.00000
     1.00000    4.52978    4.31368   10.05312    1.00000    1.00000
     1.00000    1.14956    3.34209   -8.14317    1.00000    1.00000
     1.00000   -32.5995   -2.64179    14.5040    1.00000    1.00000
     1.00000    23.1492   -5.75286   -17.1020    1.00000    1.00000
     1.00000  -0.846779    14.4130    9.30901E-02    1.00000    1.00000
     1.00000   -13.6040   -12.1134   -20.6710    1.00000    1.00000
     1.00000   -49.8685    6.69374    14.8858    1.00000    1.00000
     1.00000    36.4536   -4.57375   0.654610    1.00000    1.00000
     1.00000   -12.8028   -11.3724    16.7236    1.00000    1.00000
     1.00000    9.71856    5.34583   -2.74933    1.00000    1.00000
     1.00000   -23.6570    6.91874    16.2496    1.00000    1.00000
     1.00000    34.6655   -8.68271   -8.13598    1.00000    1.00000
     1.00000    11.8970    10.5885   0.717567    1.00000    1.00000
     1.00000    1.40859   -7.88302   -21.7503    1.00000    1.00000
     1.00000   -43.3705    9.77372    23.1159    1.00000    1.00000
     1.00000    40.4581   -6.20651   -9.40455    1.00000    1.00000
     1.00000   -5.77886  -0.913860    13.6461    1.00000    1.00000
     1.00000    1.19186   -2.77834   -14.3940    1.00000    1.00000
     1.00000   -35.8666   -9.27542    12.8329    1.00000    1.00000
     1.00000    12.9981   -6.52988   -14.6664    1.00000    1.00000
     1.00000    3.63610    9.89518    8.55645    1.00000    1.00000
     1.00000   -5.41013   -15.2482   -17.8816    1.00000    1.00000
     1.00000   -37.3959    3.87038    17.5900    1.00000    1.00000
     1.00000    42.2577   -6.21800   -5.75475    1.00000    1.00000
     1.00000   -18.1362   -5.79608    18.2602    1.00000    1.00000
     1.00000    8.78645    3.00029   -9.24572    1.00000    1.00000
     1.00000   -18.2129    5.62235    17.6799    1.00000    1.00000
     1.00000    33.0072   -2.91578   -20.4107    1.00000    1.00000
     1.00000    8.83021    14.4035    3.08648    1.00000    1.00000
     1.00000    11.8298   -6.53947   -16.2897    1.00000    1.00000
     1.00000   -48.4644    13.0097    20.9057    1.00000    1.00000
     1.00000    43.1592   0.245640   -15.6895    1.00000    1.00000
     1.00000    4.92550    2.04322    9.20400    1.00000    1.00000
     1.00000    5.01969   -3.01176   -4.51630    1.00000    1.00000
     1.00000   -30.5999    1.00230    9.69464    1.00000    1.00000
     1.00000    19.1071   -3.91405   -20.1494    1.00000    1.00000
     1.00000  -0.865227    9.79077  -0.146248    1.00000    1.00000
     1.00000   -8.93847   -8.75329   -17.4035    1.00000    1.00000
     1.00000   -40.0748    7.03189    16.2282    1.00000    1.00000
     1.00000    40.7908   -5.56469    1.19227    1.00000    1.00000
     1.00000   -11.9552   -5.06357    18.1210    1.00000    1.00000
     1.00000    8.18874    5.96235   -1.56225    1.00000    1.00000
     1.00000   -24.3671    2.52544    17.0818    1.00000    1.00000
     1.00000    29.4760   -1.14290   -14.0882    1.00000    1.00000
     1.00000    15.7660    5.84732   0.146141    1.00000    1.00000
     1.00000  -0.769753   -4.19229   -18.4239    1.00000    1.00000
     1.00000   -40.0950   10.51360    18.4638    1.00000    1.00000
     1.00000    41.2011   -5.02750   -11.7706    1.00000    1.00000
     1.00000  -10.09040   -6.00130    12.2717    1.00000    1.00000
     1.00000    3.72086   -3.76859   -15.5346    1.00000    1.00000
     1.00000   -35.6240   -4.15973    13.6887    1.00000    1.00000
     1.00000    25.8828   -2.58332   -9.91654    1.00000    1.00000
     1.00000    4.35743    4.49883    2.24688    1.00000    1.00000
     1.00000   -7.35467   -18.9130   -20.9373    1.00000    1.00000
     1.00000   -36.0513    1.34942    14.5012    1.00000    1.00000
     1.00000    42.6176   0.941566   -3.39097    1.00000    1.00000
     1.00000   -21.4255   -2.64669    15.2213    1.00000    1.00000
     1.00000    9.23415    3.23043   -12.1020    1.00000    1.00000
     1.00000   -20.3770    6.50279    16.3212    1.00000    1.00000
     1.00000    26.7861   -3.11720   -18.9842    1.00000    1.00000
     1.00000    11.5688    10.7754    3.00056    1.00000    1.00000
     1.00000    6.61803   -3.96486   -18.3697    1.00000    1.00000
     1.00000   -52.0965    11.9351    21.9533    1.00000    1.00000
     1.00000    46.9627   -5.31337   -16.0919    1.00000    1.00000
     1.00000    7.24676    7.67588    13.9734    1.00000    1.00000
     1.00000    2.75298    2.26199   -4.58502    1.00000    1.00000
     1.00000   -36.3240  -0.595867    9.30849    1.00000    1.00000
     1.00000    25.2850   -7.20576   -16.2010    1.00000    1.00000
     1.00000   -2.28507    11.3713    1.93752    1.00000    1.00000
     1.00000   -13.4505   -9.20521   -18.3252    1.00000    1.00000
     1.00000   -49.3135    2.11683    15.3489    1.00000    1.00000
     1.00000    39.3089   -3.65822    1.36605    1.00000    1.00000
     1.00000   -16.8188   -7.66738    15.4416    1.00000    1.00000
     1.00000   10.48623    7.46781   -6.10479    1.00000    1.00000
     1.00000   -25.6246    6.02157    13.5776    1.00000    1.00000
     1.00000    35.6807   -7.15514  -10.45914    1.00000    1.00000
     1.00000    12.3003    7.60100  -0.842957    1.00000    1.00000
     1.00000    1.17707   -5.91990   -20.7557    1.00000    1.00000
     1.00000   -44.4350    6.42776    19.9901    1.00000    1.00000
     1.00000    44.2964  -10.43861   -9.25790    1.00000    1.00000
     1.00000   -3.04562   0.284832    8.66334    1.00000    1.00000
     1.00000   0.493919   -4.48596   -12.8751    1.00000    1.00000
     1.00000   -39.5915   -5.08445    11.4833    1.00000    1.00000
     1.00000    21.1456   -5.13534   -15.1497    1.00000    1.00000
     1.00000    3.16857    12.6175    5.15636    1.00000    1.00000
     1.00000   -6.42524   -9.65731   -16.1589    1.00000    1.00000
     1.00000   -35.8588    3.32791    14.2809    1.00000    1.00000
     1.00000    40.4059   -1.64769   -5.21613    1.00000    1.00000
     1.00000   -22.1836   -6.73112    17.6401    1.00000    1.00000
     1.00000    7.02494    3.29274   -8.34483    1.00000    1.00000
     1.00000   -15.5179    2.62391    18.5465    1.00000    1.00000
     1.00000    29.1903  -0.659061   -16.1781    1.00000    1.00000
     1.00000    8.09802    13.6003    1.40755    1.00000    1.00000
     1.00000    9.77876   -3.70211   -14.3727    1.00000    1.00000
     1.00000   -44.4108    8.43670    25.9295    1.00000    1.00000
     1.00000    42.6829   -3.30698   -15.0262    1.00000    1.00000
     1.00000    2.09761    2.79971    7.67660    1.00000    1.00000
     1.00000    6.90105   -4.00519   -9.83345    1.00000    1.00000
     1.00000   -29.1830    1.45459    13.4593    1.00000    1.00000
     1.00000    22.1613   -6.67196   -18.5783    1.00000    1.00000
     1.00000    1.33390    11.7501    1.71939    1.00000    1.00000
     1.00000   -8.31853   -6.29834   -14.4374    1.00000    1.00000
     1.00000   -44.2247    9.79583    17.8486    1.00000    1.00000
     1.00000    44.5636   -3.95592    3.95166    1.00000    1.00000
     1.00000   -13.1347   -8.53386E-02    13.5516    1.00000    1.00000
     1.00000    6.74163    5.28566   -4.48973    1.00000    1.00000
     1.00000   -26.6645    1.11128    16.8585    1.00000    1.00000
     1.00000    33.1688   -2.97242   -12.3397    1.00000    1.00000
     1.00000    16.3838    1.97975  -0.203903    1.00000    1.00000
     1.00000   -4.44247   -8.39513   -18.1564    1.00000    1.00000
     1.00000   -37.3758    14.8493    21.3285    1.00000    1.00000
     1.00000    38.5656   -8.42143   -12.4969    1.00000    1.00000
     1.00000   -8.38758   -9.84878    15.3263    1.00000    1.00000
     1.00000    9.97298   -3.75682   -12.3829    1.00000    1.00000
     1.00000   -34.1714   -6.27468    13.5432    1.00000    1.00000
     1.00000    23.3526   -4.30011   -9.47075    1.00000    1.00000
     1.00000    2.82005    8.29531    7.34542    1.00000    1.00000
     1.00000   -5.16210   -16.4887   -16.3325    1.00000    1.00000
     1.00000   -33.3290   -2.24242    17.0127    1.00000    1.00000
     1.00000    41.2832   -3.97677   -1.09789    1.00000    1.00000
     1.00000   -18.6111   -4.84026    14.5863    1.00000    1.00000
     1.00000    5.75776    5.55297   -8.06462    1.00000    1.00000
     1.00000   -19.9483    2.35034    16.4099    1.00000    1.00000
     1.00000    27.1254    1.44552   -21.7424    1.00000    1.00000
     1.00000    13.3898    8.62766    3.79735    1.00000    1.00000
     1.00000    5.39146   -4.37392   -23.6386    1.00000    1.00000
     1.00000   -47.4592   10.31905    24.9076    1.00000    1.00000
     1.00000    48.2561   -8.28923   -17.8308    1.00000    1.00000
     1.00000    6.58631    7.11918    9.28835    1.00000    1.00000
     1.00000   -1.47099    4.61186   -9.23932    1.00000    1.00000
     1.00000   -33.8712   -1.23567    12.1151    1.00000    1.00000
     1.00000    22.9424   -4.28047   -14.9474    1.00000    1.00000
     1.00000  -0.748085    16.1670    1.04884    1.00000    1.00000
     1.00000   -15.9589   -11.3672   -18.7298    1.00000    1.00000
     1.00000   -46.5600    5.45055    16.1400    1.00000    1.00000
     1.00000    33.0644   -2.73957   0.411430    1.00000    1.00000
     1.00000   -9.43795   -10.6880    16.8070    1.00000    1.00000
     1.00000    8.73086    7.31913   -3.00669    1.00000    1.00000
     1.00000   -23.7104    9.18893    19.1443    1.00000    1.00000
     1.00000    35.7333   -7.02379   -8.46416    1.00000    1.00000
     1.00000    11.6890    8.71579    1.38829    1.00000    1.00000
     1.00000    4.61762   -6.07826   -21.1002    1.00000    1.00000
     1.00000   -42.3034    12.5470    21.2863    1.00000    1.00000
     1.00000    42.3415   -6.85561   -9.58194    1.00000    1.00000
     1.00000   -4.13584   0.238201    11.7995    1.00000    1.00000
     1.00000    3.72318  -0.783978   -13.4176    1.00000    1.00000
     1.00000   -34.4758   -7.72365    12.1987    1.00000    1.00000
     1.00000    16.2697   -4.03289   -13.5495    1.00000    1.00000
     1.00000    3.17820    12.0484    7.07367    1.00000    1.00000
     1.00000   -7.22518   -11.2895   -19.9048    1.00000    1.00000
     1.00000   -39.6743    4.76934    17.9506    1.00000    1.00000
     1.00000    42.3053   -4.24263   -6.06403    1.00000    1.00000
     1.00000   -20.6944   -7.14727    15.2858    1.00000    1.00000
     1.00000    11.1924   0.926769   -7.19791    1.00000    1.00000
     1.00000   -20.7509    4.38912    18.0071    1.00000    1.00000
     1.00000    30.7402   -1.19148   -18.6833    1.00000    1.00000
     1.00000    8.35935    17.3575    6.35443    1.00000    1.00000
     1.00000    8.79032   -6.49667   -20.6837    1.00000    1.00000
     1.00000   -48.2392    11.2303    19.2942    1.00000    1.00000
     1.00000    46.2271   0.974377   -15.6575    1.00000    1.00000
     1.00000    7.34568   -1.78312    10.6099    1.00000    1.00000
     1.00000    3.40279   -1.91246   -5.17831    1.00000    1.00000
     1.00000   -29.2967    3.84063    8.92150    1.00000    1.00000
     1.00000    19.3325  -0.808857   -22.0820    1.00000    1.00000
     1.00000   0.686119    10.8400    3.38010    1.00000    1.00000
     1.00000   -5.29583   -7.70126   -16.4860    1.00000    1.00000
     1.00000   -44.7318    4.63965    16.1518    1.00000    1.00000
     1.00000    41.1921   -3.96453    2.32296    1.00000    1.00000
     1.00000   -11.3384   -6.76643    17.2726    1.00000    1.00000
     1.00000    6.54743    4.82076   -1.50876    1.00000    1.00000
     1.00000   -23.1669    2.93042    15.5340    1.00000    1.00000
     1.00000    28.0742   0.282822   -14.0406    1.00000    1.00000
     1.00000    16.3699    8.34330   0.345013    1.00000    1.00000
     1.00000   -2.65998   -4.03396   -16.9930    1.00000    1.00000
     1.00000   -39.8633    8.39212    19.4734    1.00000    1.00000
     1.00000    41.6869   -3.54546   -13.3084    1.00000    1.00000
     1.00000   -6.98560   -4.88799    11.1997    1.00000    1.00000
     1.00000    4.89881   -3.01546   -12.4695    1.00000    1.00000
     1.00000   -35.8014   -4.36074    16.4824    1.00000    1.00000
     1.00000    24.3957   -2.95413   -11.2015    1.00000    1.00000
     1.00000    5.30097    5.27174    5.69739    1.00000    1.00000
     1.00000   -7.15867   -18.7226   -18.7015    1.00000    1.00000
     1.00000   -33.4027   -1.04943    15.4092    1.00000    1.00000
     1.00000    41.0402    2.04395   -3.93568    1.00000    1.00000
     1.00000   -17.6484   -2.71324    15.6723    1.00000    1.00000
     1.00000    7.74221    6.77375   -12.5699    1.00000    1.00000
     1.00000   -21.6022    5.50902    15.0919    1.00000    1.00000
     1.00000    26.4417   -2.93013   -20.9454    1.00000    1.00000
     1.00000    10.7718    14.9834    3.08704    1.00000    1.00000
     1.00000    6.29099   -4.34015   -21.8526    1.00000    1.00000
     1.00000   -53.0871    13.5843    21.4068    1.00000    1.00000
     1.00000    45.0567   -1.54352   -15.5993    1.00000    1.00000
     1.00000    9.61748    6.10202    12.4432    1.00000    1.00000
     1.00000    2.09571   0.127079   -6.69853    1.00000    1.00000
     1.00000   -32.8624   -6.54869E-02    9.70656    1.00000    1.00000
     1.00000    26.3195   -6.44608   -17.7349    1.00000    1.00000
     1.00000  -0.703331    11.7760   0.481522    1.00000    1.00000
     1.00000   -12.5930   -10.9761   -18.6839    1.00000    1.00000
     1.00000   -47.5015    1.62685    16.0391    1.00000    1.00000
     1.00000    40.2931  -0.664352    3.69989    1.00000    1.00000
     1.00000   -14.8896  -10.27026    16.0244    1.00000    1.00000
     1.00000    11.2070    7.04867   -7.92271    1.00000    1.00000
     1.00000   -25.2739    4.46849    18.4577    1.00000    1.00000
     1.00000    35.6054   -6.28570   -13.0240    1.00000    1.00000
     1.00000    14.5904    7.25658  -0.648758    1.00000    1.00000
     1.00000  -0.390083   -6.14044   -23.5577    1.00000    1.00000
     1.00000   -43.5150    8.03400    20.7476    1.00000    1.00000
     1.00000    42.2928   -8.69084   -8.78848    1.00000    1.00000
     1.00000   -1.76677  -0.720226    9.82713    1.00000    1.00000
     1.00000   -3.03156   -6.14727   -13.3175    1.00000    1.00000
     1.00000   -36.2207   -6.85642    12.6497    1.00000    1.00000
     1.00000    18.9401   -4.86442   -14.0026    1.00000    1.00000
     1.00000    3.44195    14.6982    3.93748    1.00000    1.00000
     1.00000   -6.42020   -14.7316   -16.2345    1.00000    1.00000
     1.00000   -35.6023    4.76965    12.9187    1.00000    1.00000
     1.00000    41.1230   -5.01984   -3.73901    1.00000    1.00000
     1.00000   -20.5506   -9.14177    15.3219    1.00000    1.00000
     1.00000    4.61149    3.83648   -9.38348    1.00000    1.00000
     1.00000   -17.2381    4.63575    16.2389    1.00000    1.00000
     1.00000    27.0889   -1.59741   -17.7198    1.00000    1.00000
     1.00000    5.47337    14.6010    1.98510    1.00000    1.00000
     1.00000    7.69189   -3.14987   -15.2232    1.00000    1.00000
     1.00000   -46.7840    9.06947    23.4995    1.00000    1.00000
     1.00000    40.1937   -2.58974   -16.5008    1.00000    1.00000
     1.00000   0.162682    2.33774    7.47012    1.00000    1.00000
     1.00000    7.37339   -3.66597   -6.23167    1.00000    1.00000
     1.00000   -29.9209    2.20778    11.7598    1.00000    1.00000
     1.00000    21.5610   -6.39222   -20.4654    1.00000    1.00000
     1.00000    4.24993    13.7626   0.643341    1.00000    1.00000
     1.00000   -6.46261   -8.20411   -14.4138    1.00000    1.00000
     1.00000   -41.2197    8.34332    17.2127    1.00000    1.00000
     1.00000    43.5746   -4.90883    5.40559    1.00000    1.00000
     1.00000   -12.7210   -3.30840    14.7024    1.00000    1.00000
     1.00000    7.40501    6.29281   -6.08522    1.00000    1.00000
     1.00000   -27.3257   0.947773    14.9780    1.00000    1.00000
     1.00000    34.4421   -2.76808   -10.8110    1.00000    1.00000
     1.00000    14.4843    4.43673    1.19738    1.00000    1.00000
     1.00000   -3.12321   -6.07452   -20.0263    1.00000    1.00000
     1.00000   -39.6631    13.4581    20.5363    1.00000    1.00000
     1.00000    41.3610   -6.89513   -13.4149    1.00000    1.00000
     1.00000   -9.90392   -8.09845    15.1767    1.00000    1.00000
     1.00000    8.43539   -3.90479   -11.1125    1.00000    1.00000
     1.00000   -32.5480   -6.61260    12.4250    1.00000    1.00000
     1.00000    20.9266   -4.98008   -11.3179    1.00000    1.00000
     1.00000   0.631691    6.64894    7.61636    1.00000    1.00000
     1.00000   -2.99596   -17.6763   -13.9381    1.00000    1.00000
     1.00000   -33.9944   -1.69137    18.8165    1.00000    1.00000
     1.00000    41.7146   -2.15518   -1.80195    1.00000    1.00000
     1.00000   -18.2496   -5.27150    12.5388    1.00000    1.00000
     1.00000    7.86774    5.07268  -10.22826    1.00000    1.00000
     1.00000   -21.3130   0.756618    18.4183    1.00000    1.00000
     1.00000    29.3618  -0.890072   -21.6158    1.00000    1.00000
     1.00000    11.3312    9.33629    4.36902    1.00000    1.00000
     1.00000    5.45849   -5.97094   -24.8407    1.00000    1.00000
     1.00000   -47.8550    13.4366    24.6470    1.00000    1.00000
     1.00000    49.5976   -6.87202   -17.3926    1.00000    1.00000
     1.00000    4.96131    5.98087    9.03612    1.00000    1.00000
     1.00000  -0.826988    3.03951   -8.18435    1.00000    1.00000
     1.00000   -34.2311   -2.76415    13.3538    1.00000    1.00000
     1.00000    24.8933   -5.04461   -17.7778    1.00000    1.00000
     1.00000   -2.00283    14.9308   -1.45462    1.00000    1.00000
     1.00000   -14.9450   -10.6745   -20.3085    1.00000    1.00000
     1.00000   -47.8878    6.54281    15.1182    1.00000    1.00000
     1.00000    37.5418   -2.90308   0.811859    1.00000    1.00000
     1.00000   -13.9179  -10.07675    17.7617    1.00000    1.00000
     1.00000    11.3537    5.23081   -3.89518    1.00000    1.00000
     1.00000   -24.6787    8.50536    15.5872    1.00000    1.00000
     1.00000    33.3674   -9.88224   -9.07201    1.00000    1.00000
     1.00000    13.7236   10.28703    1.47446    1.00000    1.00000
     1.00000    2.13694   -8.26325   -19.9268    1.00000    1.00000
     1.00000   -42.6229    7.93302    23.3458    1.00000    1.00000
     1.00000    39.0796   -7.63894   -9.18615    1.00000    1.00000
     1.00000   -5.31693   0.986912    13.2294    1.00000    1.00000
     1.00000    2.37356   -2.16658   -12.9009    1.00000    1.00000
     1.00000   -34.5531   -9.59282    11.3585    1.00000    1.00000
     1.00000    14.2215   -5.00184   -15.0766    1.00000    1.00000
     1.00000    2.37108    8.52581    9.28071    1.00000    1.00000
     1.00000   -5.60401   -13.2598   -17.7882    1.00000    1.00000
     1.00000   -36.5329    4.52105    15.9071    1.00000    1.00000
     1.00000    41.0196   -5.45378   -7.12703    1.00000    1.00000
     1.00000   -17.8148   -5.44965    16.3168    1.00000    1.00000
     1.00000   10.08610    2.47240   -7.82016    1.00000    1.00000
     1.00000   -18.3530    4.47714    19.3136    1.00000    1.00000
     1.00000    33.9623   -1.15865   -20.4283    1.00000    1.00000
     1.00000    9.87559    14.4421    4.79109    1.00000    1.00000
     1.00000   10.25556   -7.35089   -17.2189    1.00000    1.00000
     1.00000   -48.0100    13.1899    18.9664    1.00000    1.00000
     1.00000    41.7694  -0.313969   -14.3646    1.00000    1.00000
     1.00000    6.87240    1.58683    9.23962    1.00000    1.00000
     1.00000    4.99429   -1.01792   -4.36164    1.00000    1.00000
     1.00000   -31.3401  -0.374249    8.44676    1.00000    1.00000
     1.00000    19.9133   -5.46621   -21.1193    1.00000    1.00000
     1.00000  -0.178276   10.25793    1.67305    1.00000    1.00000
     1.00000  -10.46284   -9.26769   -18.5916    1.00000    1.00000
     1.00000   -41.2532    5.74672    17.2078    1.00000    1.00000
     1.00000    40.5270   -6.49782    2.94145    1.00000    1.00000
     1.00000   -11.9929   -4.32716    16.2619    1.00000    1.00000
     1.00000    6.87588    7.30046   -2.25928    1.00000    1.00000
     1.00000   -26.2810    3.07388    16.8921    1.00000    1.00000
     1.00000    31.0670   -1.90804   -15.0281    1.00000    1.00000
     1.00000    15.7578    7.05100    1.74335    1.00000    1.00000
     1.00000   -1.94021   -5.70151   -17.8304    1.00000    1.00000
     1.00000   -39.4032   10.15178    20.3051    1.00000    1.00000
     1.00000    40.4953   -6.83909   -11.3015    1.00000    1.00000
     1.00000   -8.09483   -6.04308    12.3978    1.00000    1.00000
     1.00000    3.39486   -3.75428   -13.5614    1.00000    1.00000
     1.00000   -35.3790   -5.64348    15.0072    1.00000    1.00000
     1.00000    27.7038   -2.42773   -10.7287    1.00000    1.00000
     1.00000    5.23238    5.53605    3.71611    1.00000    1.00000
     1.00000   -6.07908   -17.6756   -20.0199    1.00000    1.00000
     1.00000   -37.6113   0.125465    14.7628    1.00000    1.00000
     1.00000    43.4725    2.43381   -4.41190    1.00000    1.00000
     1.00000   -19.4891   -3.08829    14.9859    1.00000    1.00000
     1.00000    10.5834    2.91015   -13.5432    1.00000    1.00000
     1.00000   -18.7427    7.42960    17.0068    1.00000    1.00000
     1.00000    27.2986   -5.03780   -18.7635    1.00000    1.00000
     1.00000    12.2373    12.4948    3.77296    1.00000    1.00000
     1.00000    8.11201   -3.25092   -19.4915    1.00000    1.00000
     1.00000   -50.7333    12.2626    23.3797    1.00000    1.00000
     1.00000    46.2457   -4.19835   -14.5943    1.00000    1.00000
     1.00000    7.81663    6.93846    12.2038    1.00000    1.00000
     1.00000    3.02135    2.82950   -6.48395    1.00000    1.00000
     1.00000   -35.1569   -1.83836   10.35455    1.00000    1.00000
     1.00000    24.1127   -6.56866   -14.7111    1.00000    1.00000
     1.00000   -2.07865    13.1296    1.00715    1.00000    1.00000
     1.00000   -11.8978   -7.96571   -18.0958    1.00000    1.00000
     1.00000   -49.7218   0.270351    14.6979    1.00000    1.00000
     1.00000    39.5765   -4.68276  -0.330627    1.00000    1.00000
     1.00000   -15.4126   -8.75826    14.5291    1.00000    1.00000
     1.00000    11.7079    9.05053   -6.15437    1.00000    1.00000
     1.00000   -25.4770    6.58204    15.4918    1.00000    1.00000
     1.00000    36.3991   -5.30884   -10.7331    1.00000    1.00000
     1.00000    11.8476    6.57432   -2.49855    1.00000    1.00000
     1.00000    1.59278   -5.74903   -18.8068    1.00000    1.00000
     1.00000   -44.8919    4.97129    18.6979    1.00000    1.00000
     1.00000    43.2083   -9.61835   -10.7218    1.00000    1.00000
     1.00000   -3.20157    1.29557   10.38209    1.00000    1.00000
     1.00000  -0.666389   -3.09740   -13.7269    1.00000    1.00000
     1.00000   -40.3220   -3.22387    11.4150    1.00000    1.00000
     1.00000    20.7147   -4.09160   -13.4990    1.00000    1.00000
     1.00000    1.86651    13.9627    5.85992    1.00000    1.00000
     1.00000   -6.41613   -11.5553   -15.5283    1.00000    1.00000
     1.00000   -35.7568    2.69751    16.1762    1.00000    1.00000
     1.00000    42.2497   -2.42214   -5.23775    1.00000    1.00000
     1.00000   -22.8058   -8.62105    17.4376    1.00000    1.00000
     1.00000    5.99660    2.47156   -9.85088    1.00000    1.00000
     1.00000   -17.1733    3.11645    17.5379    1.00000    1.00000
     1.00000    31.0972  -0.875774   -16.7409    1.00000    1.00000
     1.00000    8.78785    12.9999  -0.371140    1.00000    1.00000
     1.00000    10.6939   -5.18725   -15.3509    1.00000    1.00000
     1.00000   -44.8705    8.80669    24.0186    1.00000    1.00000
     1.00000    41.8408   -1.67834   -15.8252    1.00000    1.00000
     1.00000    3.84214    3.49801    8.36143    1.00000    1.00000
     1.00000    6.35128   -4.03489   -7.91073    1.00000    1.00000
     1.00000   -28.9860    1.98925    15.3764    1.00000    1.00000
     1.00000    20.8613   -5.18960   -18.9140    1.00000    1.00000
     1.00000    2.27206    12.0560    3.45902    1.00000    1.00000
     1.00000   -7.40551   -4.75396   -13.5535    1.00000    1.00000
     1.00000   -42.9644    11.3030    17.4744    1.00000    1.00000
     1.00000    45.3447   -5.20504    2.59903    1.00000    1.00000
     1.00000   -13.9153   -1.87627    13.9796    1.00000    1.00000
     1.00000    4.99432    6.17290   -4.88935    1.00000    1.00000
     1.00000   -25.3423   0.608723    18.2724    1.00000    1.00000
     1.00000    32.6613   -2.84801   -14.2702    1.00000    1.00000
     1.00000    14.6513    1.05838   0.182518    1.00000    1.00000
     1.00000   -4.81358   -6.70911   -19.1661    1.00000    1.00000
     1.00000   -38.0582    12.9947    21.6362    1.00000    1.00000
     1.00000    39.4206   -6.67932   -12.9806    1.00000    1.00000
     1.00000   -7.92945   -7.90469    15.4295    1.00000    1.00000
     1.00000    11.0590   -2.24699   -13.1184    1.00000    1.00000
     1.00000   -34.9876   -5.19677    12.0695    1.00000    1.00000
     1.00000    22.9137   -4.75834   -11.3674    1.00000    1.00000
     1.00000    2.62313    6.36808    6.84845    1.00000    1.00000
     1.00000   -4.82285   -17.6663   -14.7519    1.00000    1.00000
     1.00000   -32.7881   -4.16219    16.8648    1.00000    1.00000
     1.00000    43.2488   -4.34579   -1.09527    1.00000    1.00000
     1.00000   -16.7942   -5.33076    13.9093    1.00000    1.00000
     1.00000    3.79461    5.86870   -8.27992    1.00000    1.00000
     1.00000   -19.1799   0.724079    15.5354    1.00000    1.00000
     1.00000    27.8040    1.52969   -23.6219    1.00000    1.00000
     1.00000    11.9563    7.44369    4.53439    1.00000    1.00000
     1.00000    4.08385   -4.44708   -22.1270    1.00000    1.00000
     1.00000   -49.2750    11.0973    24.5963    1.00000    1.00000
     1.00000    47.3502   -6.51619   -17.6420    1.00000    1.00000
     1.00000    6.47744    6.07835    10.9927    1.00000    1.00000
     1.00000   -2.32934    6.41096   -9.07652    1.00000    1.00000
     1.00000   -32.1310   -2.19193    12.3543    1.00000    1.00000
     1.00000    24.6729   -4.26344   -15.9500    1.00000    1.00000
     1.00000  -0.481018    17.1238  -0.687057    1.00000    1.00000
     1.00000   -17.3426   -10.6943   -20.0075    1.00000    1.00000
     1.00000   -46.7664    3.46796    16.3036    1.00000    1.00000
     1.00000    34.7303   -3.77694    2.57950E-02    1.00000    1.00000
     1.00000   -11.3158  -10.12225    17.1989    1.00000    1.00000
     1.00000    9.95535    6.56903   -4.39881    1.00000    1.00000
     1.00000   -23.5339    8.94497    17.1671    1.00000    1.00000
     1.00000    35.1673   -6.36802   -6.66148    1.00000    1.00000
     1.00000    11.4721    7.15189    2.61595    1.00000    1.00000
     1.00000    2.78757   -6.43626   -21.8232    1.00000    1.00000
     1.00000   -43.3521    10.8501    21.4303    1.00000    1.00000
     1.00000    43.5444   -5.27324   -9.35989    1.00000    1.00000
     1.00000   -4.82893   -1.56560    11.2838    1.00000    1.00000
     1.00000    2.38998  -0.111546   -12.0870    1.00000    1.00000
     1.00000   -33.2319   -8.23470    10.7183    1.00000    1.00000
     1.00000    15.1655   -5.69785   -13.4566    1.00000    1.00000
     1.00000    2.98398    11.7236    9.03754    1.00000    1.00000
     1.00000   -6.07427   -11.3769   -18.2715    1.00000    1.00000
     1.00000   -38.2062    5.53200    16.8268    1.00000    1.00000
     1.00000    42.5982   -4.10830   -8.03790    1.00000    1.00000
     1.00000   -18.7252   -7.09315    15.6311    1.00000    1.00000
     1.00000    10.9526    2.52285   -6.01678    1.00000    1.00000
     1.00000   -20.0252    3.41739    19.5974    1.00000    1.00000
     1.00000    31.1110   -2.82116   -19.7817    1.00000    1.00000
     1.00000    9.36935    15.6317    6.31705    1.00000    1.00000
     1.00000    9.60096   -7.42291   -19.1074    1.00000    1.00000
     1.00000   -47.3380   10.30458    20.8210    1.00000    1.00000
     1.00000    44.6358   0.797802   -14.4589    1.00000    1.00000
     1.00000    7.85313    9.28802E-02   10.13755    1.00000    1.00000
     1.00000    2.14059   -1.87218   -6.72919    1.00000    1.00000
     1.00000   -29.2678    1.88716    8.49357    1.00000    1.00000
     1.00000    19.5659   -2.76159   -21.7182    1.00000    1.00000
     1.00000  -0.132698    11.2624    5.15523    1.00000    1.00000
     1.00000   -7.02110   -8.18511   -17.3744    1.00000    1.00000
     1.00000   -43.2289    5.72850    16.8972    1.00000    1.00000
     1.00000    42.6937   -4.52028    3.52140    1.00000    1.00000
     1.00000   -11.3485   -8.46835    18.3230    1.00000    1.00000
     1.00000    7.16148    3.85968   -3.15171    1.00000    1.00000
     1.00000   -24.7630    3.81860    14.7194    1.00000    1.00000
     1.00000    28.4774   0.971306   -12.2066    1.00000    1.00000
     1.00000    16.3715    8.52752   -1.64648    1.00000    1.00000
     1.00000   -3.44770   -5.70869   -16.2348    1.00000    1.00000
     1.00000   -41.7985    7.95373    19.7243    1.00000    1.00000
     1.00000    40.8929   -3.06528   -11.5367    1.00000    1.00000
     1.00000   -5.75735   -3.31874    11.0298    1.00000    1.00000
     1.00000    6.20147   -1.54542   -12.8464    1.00000    1.00000
     1.00000   -35.6974   -4.42987    18.4785    1.00000    1.00000
     1.00000    22.9713   -2.38813   -9.91677    1.00000    1.00000
     1.00000    4.16077    5.18670    7.33833    1.00000    1.00000
     1.00000   -5.67928   -17.9429   -17.6044    1.00000    1.00000
     1.00000   -34.9995   0.123871    15.6809    1.00000    1.00000
     1.00000    40.9184   0.271183   -4.85355    1.00000    1.00000
     1.00000   -18.9755   -1.30636    16.1816    1.00000    1.00000
     1.00000    8.80430    5.18060   -11.9921    1.00000    1.00000
     1.00000   -21.3356    3.67366    15.8404    1.00000    1.00000
     1.00000    26.9288   -1.11611   -20.2583    1.00000    1.00000
     1.00000    12.5958    14.4617    3.72012    1.00000    1.00000
     1.00000    7.57244   -4.92989   -20.4348    1.00000    1.00000
     1.00000   -51.8294    15.1233    21.1844    1.00000    1.00000
     1.00000    44.5824   -3.09925   -14.4354    1.00000    1.00000
     1.00000   10.38724    5.01924    13.9382    1.00000    1.00000
     1.00000    1.24702    1.93792   -6.72231    1.00000    1.00000
     1.00000   -34.5723    3.52287E-02    10.7391    1.00000    1.00000
     1.00000    26.5616   -8.31350   -18.4088    1.00000    1.00000
     1.00000   0.179337    11.4491   -1.28315    1.00000    1.00000
     1.00000   -13.0397  -10.07553   -20.4129    1.00000    1.00000
     1.00000   -46.1974    1.28111    17.5156    1.00000    1.00000
     1.00000    40.0165   -2.40527    2.75506    1.00000    1.00000
     1.00000   -16.6487  -10.23327    15.0735    1.00000    1.00000
     1.00000    12.0701    6.43200   -9.61822    1.00000    1.00000
     1.00000   -25.4638    4.85781    16.5051    1.00000    1.00000
     1.00000    36.9352   -7.37441   -12.0012    1.00000    1.00000
     1.00000    13.4813    8.40306   0.557709    1.00000    1.00000
     1.00000  -0.634560   -6.14460   -21.5727    1.00000    1.00000
