     1.00000   -4.13352    13.6221    6.07372    1.00000    1.00000
     1.00000   -7.55166   -33.3887    2.39621    1.00000    1.00000
     1.00000   0.255497    32.5173   0.581024    1.00000    1.00000
     1.00000    16.7621   -25.0193  -0.560608    1.00000    1.00000
     1.00000   0.669334    21.9635    9.93182    1.00000    1.00000
     1.00000    7.51015   -32.6615   -4.33974    1.00000    1.00000
     1.00000   -13.8465    33.0508   -26.6007    1.00000    1.00000
     1.00000    3.02216   -5.70557    7.86438    1.00000    1.00000
     1.00000    1.33208    4.34387    9.67225    1.00000    1.00000
     1.00000   -21.1583   -28.7222    1.98721    1.00000    1.00000
     1.00000   -2.58108    33.6670    8.92249    1.00000    1.00000
     1.00000    21.1795   -29.3055   -3.87597    1.00000    1.00000
     1.00000   -3.71885    17.6664    13.2723    1.00000    1.00000
     1.00000    13.1333   -31.1656   -6.00706    1.00000    1.00000
     1.00000   -3.95910    35.3227   -7.84720    1.00000    1.00000
     1.00000    7.23046   -3.21996    3.57760    1.00000    1.00000
     1.00000  -10.15280    5.51197    9.62514    1.00000    1.00000
     1.00000   -10.9879   -22.8357   -3.08582    1.00000    1.00000
     1.00000   10.21861    36.7989    3.65681    1.00000    1.00000
     1.00000    22.9572   -17.9990  -0.652679    1.00000    1.00000
     1.00000   -6.56844    26.8739    7.43336    1.00000    1.00000
     1.00000   -3.22054   -29.5705    2.19666    1.00000    1.00000
     1.00000   -21.3570    31.6362   -24.6387    1.00000    1.00000
     1.00000    5.95480   -13.7795    12.5184    1.00000    1.00000
     1.00000    4.21957    7.12749    4.59180    1.00000    1.00000
     1.00000   -20.6235   -35.2070   -3.17564    1.00000    1.00000
     1.00000   -5.45508    28.3567   0.923393    1.00000    1.00000
     1.00000    27.7727   -27.8766   -2.05043    1.00000    1.00000
     1.00000  -10.55281    21.3933    4.59172    1.00000    1.00000
     1.00000    8.16370   -27.1618   -4.51932    1.00000    1.00000
     1.00000   -4.09356    30.4344   -13.4355    1.00000    1.00000
     1.00000    16.9888   -12.7172   -1.42258    1.00000    1.00000
     1.00000   0.125488    15.6868    8.80202    1.00000    1.00000
     1.00000   -11.1651   -31.4437  -0.900940    1.00000    1.00000
     1.00000  -0.959290    37.3003   -5.29118    1.00000    1.00000
     1.00000   10.24752   -25.2216   0.618294    1.00000    1.00000
     1.00000   -3.79329    24.9745    5.66016    1.00000    1.00000
     1.00000    3.63477   -32.2983   -1.56242    1.00000    1.00000
     1.00000   -15.4369    29.8760   -23.2997    1.00000    1.00000
     1.00000    4.88218   -6.91269    11.2838    1.00000    1.00000
     1.00000    3.17958    6.79948    8.82993    1.00000    1.00000
     1.00000   -11.8614   -28.3287   -4.59566    1.00000    1.00000
     1.00000   -5.79403    40.9387    8.32955    1.00000    1.00000
     1.00000    20.5480   -29.1767   0.237022    1.00000    1.00000
     1.00000   -8.58229    15.7235    8.31174    1.00000    1.00000
     1.00000    17.4081   -34.6528   -8.52124    1.00000    1.00000
     1.00000   -3.88735    33.9029   -15.6957    1.00000    1.00000
     1.00000    8.49823   -1.19437    6.31358    1.00000    1.00000
     1.00000   -6.33011    11.6166    8.30867    1.00000    1.00000
     1.00000   -14.1653   -26.9586   0.620529    1.00000    1.00000
     1.00000    2.64993    40.0535    1.94005    1.00000    1.00000
     1.00000    12.0266   -22.1250    2.61165    1.00000    1.00000
     1.00000   -6.86365    29.1954    4.64902    1.00000    1.00000
     1.00000   -6.45482   -32.6854    4.42564    1.00000    1.00000
     1.00000   -27.6558    26.8922   -26.4961    1.00000    1.00000
     1.00000    12.3671   -12.7285    20.6433    1.00000    1.00000
     1.00000    7.16573    3.46326  -0.187454    1.00000    1.00000
     1.00000   -26.1378   -30.5231   -3.72490    1.00000    1.00000
     1.00000   -4.68930    31.0623    3.46484    1.00000    1.00000
     1.00000    26.1840   -25.7729   -3.62079    1.00000    1.00000
     1.00000   -12.4273    24.4528    7.72493    1.00000    1.00000
     1.00000    9.32891   -32.0099   -5.15068    1.00000    1.00000
     1.00000   -6.01860    29.9075   -13.5643    1.00000    1.00000
     1.00000    24.1682   -13.7716   -1.05572    1.00000    1.00000
     1.00000   -4.61625    13.6971    8.85857    1.00000    1.00000
     1.00000   -10.9414   -34.0478    2.71337    1.00000    1.00000
     1.00000    2.07938    35.7282   -2.25737    1.00000    1.00000
     1.00000    11.2957   -24.8822   -1.05090    1.00000    1.00000
     1.00000  -0.827099    24.0941    11.0853    1.00000    1.00000
     1.00000    5.24167   -33.5785    8.51440E-03    1.00000    1.00000
     1.00000   -16.0527    33.1050   -28.1552    1.00000    1.00000
     1.00000    5.35674   -6.25867    5.72926    1.00000    1.00000
     1.00000   0.456490    4.94743    11.3661    1.00000    1.00000
     1.00000   -23.5079   -30.6889   -1.10464    1.00000    1.00000
     1.00000   0.315430    35.4585    8.64150    1.00000    1.00000
     1.00000    20.4897   -30.2136   -8.15676    1.00000    1.00000
     1.00000   -7.17982    17.1402    8.47269    1.00000    1.00000
     1.00000    12.4698   -31.1030   -8.20847    1.00000    1.00000
     1.00000   -2.21415    38.6395   -4.49632    1.00000    1.00000
     1.00000    8.63840  -10.49260    2.78117    1.00000    1.00000
     1.00000   -9.27077    8.06581    9.84506    1.00000    1.00000
     1.00000   -6.27543   -25.5275   -2.43864    1.00000    1.00000
     1.00000    9.77541    39.6516    1.37551    1.00000    1.00000
     1.00000    18.6341   -16.1076    2.26937    1.00000    1.00000
     1.00000   -7.44815    23.8772    8.13049    1.00000    1.00000
     1.00000  -0.575020   -31.2442   0.150452    1.00000    1.00000
     1.00000   -17.0829    31.0046   -23.4309    1.00000    1.00000
     1.00000    9.42458   -13.2329    13.2599    1.00000    1.00000
     1.00000    3.58658    6.25276    1.23674    1.00000    1.00000
     1.00000   -24.2612   -32.6288   -3.96844    1.00000    1.00000
     1.00000   -7.06322    26.1399   -1.81564    1.00000    1.00000
     1.00000    29.3076   -33.4757  -0.434357    1.00000    1.00000
     1.00000   -8.94598    20.0377    3.73213    1.00000    1.00000
     1.00000    8.76122   -26.0369  -0.442993    1.00000    1.00000
     1.00000  -0.143822    27.2269   -13.2451    1.00000    1.00000
     1.00000    9.27219   -11.9313    1.29105    1.00000    1.00000
     1.00000  -0.141701    11.6327    7.79562    1.00000    1.00000
     1.00000   -11.2882   -30.9750    5.12291    1.00000    1.00000
     1.00000    2.32883    35.1756   -5.67889    1.00000    1.00000
     1.00000   10.31808   -25.6503    2.77956    1.00000    1.00000
     1.00000   -2.10654    25.9791    5.27856    1.00000    1.00000
     1.00000    6.13187   -37.4411   -3.93681    1.00000    1.00000
     1.00000   -13.7619    31.1794   -25.9003    1.00000    1.00000
     1.00000    4.31802   -10.8815    8.31089    1.00000    1.00000
     1.00000   -2.39449    9.03053    5.49291    1.00000    1.00000
     1.00000   -17.5318   -28.9802   -6.10905    1.00000    1.00000
     1.00000   -5.25149    36.1280    9.48870    1.00000    1.00000
     1.00000    18.5513   -29.1177   0.335289    1.00000    1.00000
     1.00000   -8.19147    20.5191    8.34828    1.00000    1.00000
     1.00000    18.6918   -36.2830   -7.30132    1.00000    1.00000
     1.00000   -1.17113    34.1859   -11.4213    1.00000    1.00000
     1.00000    8.68433   -3.41816    5.50453    1.00000    1.00000
     1.00000   -3.75552    9.29995    8.68449    1.00000    1.00000
     1.00000   -8.91578   -26.3245   -2.38024    1.00000    1.00000
     1.00000    3.88544    38.3515  -0.757256    1.00000    1.00000
     1.00000    17.0202   -18.1078    4.00192    1.00000    1.00000
     1.00000   -11.1241    29.5709    6.25610    1.00000    1.00000
     1.00000   -1.12678   -36.4460    2.83002    1.00000    1.00000
     1.00000   -24.3623    27.3836   -28.2321    1.00000    1.00000
     1.00000    9.17081   -11.4918    14.2107    1.00000    1.00000
     1.00000    10.7416   0.325626   0.487686    1.00000    1.00000
     1.00000   -22.1390   -31.9033   -7.12795    1.00000    1.00000
     1.00000   -2.26419    32.9698    4.88708    1.00000    1.00000
     1.00000    22.6663   -26.3256   -5.95208    1.00000    1.00000
     1.00000   -12.8628    22.5247    8.02896    1.00000    1.00000
     1.00000    7.00330   -30.4539   -8.96606    1.00000    1.00000
     1.00000   -11.9334    29.1474   -18.0167    1.00000    1.00000
     1.00000    18.3462   -14.3105  -0.722519    1.00000    1.00000
     1.00000   -5.76299    16.1903    7.42869    1.00000    1.00000
     1.00000   -7.30500   -33.1940  -0.769119    1.00000    1.00000
     1.00000  -0.574413    33.3009    3.86973    1.00000    1.00000
     1.00000    15.8003   -27.4954  -0.376785    1.00000    1.00000
     1.00000    1.73798    24.9877    11.9897    1.00000    1.00000
     1.00000    7.95701   -34.7251   -1.47944    1.00000    1.00000
     1.00000   -14.7978    31.6341   -27.6437    1.00000    1.00000
     1.00000    1.15130   -7.68433    6.83223    1.00000    1.00000
     1.00000   -3.13627    5.39416    10.9751    1.00000    1.00000
     1.00000   -18.1865   -27.7007   0.653923    1.00000    1.00000
     1.00000   -1.67211    35.3799    8.43288    1.00000    1.00000
     1.00000    19.2837   -28.9381   -4.39653    1.00000    1.00000
     1.00000   -7.28903    18.0724    12.6247    1.00000    1.00000
     1.00000    11.2706   -32.4647   -4.99883    1.00000    1.00000
     1.00000    1.50050    36.7665   -7.73134    1.00000    1.00000
     1.00000    6.96381   -4.87828    2.49183    1.00000    1.00000
     1.00000   -7.15987    5.87783    9.33125    1.00000    1.00000
     1.00000   -6.95827   -23.5881   -3.65323    1.00000    1.00000
     1.00000    11.0295    35.7469    1.23959    1.00000    1.00000
     1.00000    21.0247   -16.2221   -2.30132    1.00000    1.00000
     1.00000   -6.84748    26.8225    11.1618    1.00000    1.00000
     1.00000   -1.40373   -30.7082    2.62414    1.00000    1.00000
     1.00000   -22.5030    28.6510   -26.8244    1.00000    1.00000
     1.00000    7.46348   -12.9781    13.5584    1.00000    1.00000
     1.00000    4.07879    8.09248    6.33792    1.00000    1.00000
     1.00000   -22.5167   -35.3147   -2.53972    1.00000    1.00000
     1.00000   -6.61929    31.2314    2.15661    1.00000    1.00000
     1.00000    26.2414   -29.1753   -4.96092    1.00000    1.00000
     1.00000  -10.57343    18.9950    4.24601    1.00000    1.00000
     1.00000    8.58733   -29.2932   -2.10774    1.00000    1.00000
     1.00000   -3.95803    28.7358   -16.7695    1.00000    1.00000
     1.00000    14.9457   -12.2019   -2.65730    1.00000    1.00000
     1.00000   -3.27595    17.0715    8.13705    1.00000    1.00000
     1.00000   -13.3377   -30.8403    1.29731    1.00000    1.00000
     1.00000   0.164528    33.8499   -3.93770    1.00000    1.00000
     1.00000    8.54792   -21.9070    3.56577    1.00000    1.00000
     1.00000   -5.30719    24.4284    4.47276    1.00000    1.00000
     1.00000    1.73561   -30.2177   -2.96632    1.00000    1.00000
     1.00000   -13.2816    30.6818   -21.0367    1.00000    1.00000
     1.00000    3.76881   -8.34706   10.44535    1.00000    1.00000
     1.00000    1.48829    7.55472    9.58434    1.00000    1.00000
     1.00000   -14.8971   -28.7883   -6.64206    1.00000    1.00000
     1.00000   -6.63813    39.5379    9.64459    1.00000    1.00000
     1.00000    21.8501   -31.0204   -2.93463    1.00000    1.00000
     1.00000   -8.80655    13.1900   10.44243    1.00000    1.00000
     1.00000    13.2775   -32.7858   -8.92668    1.00000    1.00000
     1.00000   -2.44329    33.8794   -14.3122    1.00000    1.00000
     1.00000    12.0755   0.190224    4.46920    1.00000    1.00000
     1.00000   -6.85464    7.68153    11.2161    1.00000    1.00000
     1.00000   -10.9506   -27.7072    2.57013    1.00000    1.00000
     1.00000    1.87431    37.3661    1.21707    1.00000    1.00000
     1.00000    13.9054   -19.5178    2.05994    1.00000    1.00000
     1.00000   -5.99136    27.4583    3.75595    1.00000    1.00000
     1.00000   -3.61293   -34.5308    5.63293    1.00000    1.00000
     1.00000   -31.7697    23.5244   -25.7319    1.00000    1.00000
     1.00000    11.5081   -11.2184    18.3481    1.00000    1.00000
     1.00000    5.96678    4.87924   0.929138    1.00000    1.00000
     1.00000   -26.6576   -32.7515   -6.69534    1.00000    1.00000
     1.00000   -4.76652    34.0883    3.56165    1.00000    1.00000
     1.00000    23.5591   -26.2033   0.255997    1.00000    1.00000
     1.00000   -10.7584    24.2735    6.63744    1.00000    1.00000
     1.00000    9.66692   -32.8996   -7.83279    1.00000    1.00000
     1.00000   -7.35907    30.3472   -15.0575    1.00000    1.00000
     1.00000    24.8064   -12.4993   -3.74899    1.00000    1.00000
     1.00000   -2.81737    12.9244    9.26715    1.00000    1.00000
     1.00000   -9.36739   -33.2129    3.62189    1.00000    1.00000
     1.00000    2.44651    36.3026  -0.377159    1.00000    1.00000
     1.00000    15.6142   -23.8335   -1.69033    1.00000    1.00000
     1.00000   -5.14101    23.6113    9.33444    1.00000    1.00000
     1.00000    1.24201   -31.7420   0.821739    1.00000    1.00000
     1.00000   -18.9096    35.0070   -27.8300    1.00000    1.00000
     1.00000    5.11396   -7.22785    2.54057    1.00000    1.00000
     1.00000   -1.73180    4.94447    13.3898    1.00000    1.00000
     1.00000   -22.8479   -28.7534   0.917473    1.00000    1.00000
     1.00000    1.55649    35.6944    6.94678    1.00000    1.00000
     1.00000    18.5825   -32.0538   -6.06889    1.00000    1.00000
     1.00000   -4.34115    16.2475    10.8521    1.00000    1.00000
     1.00000    13.4145   -29.2956   -7.59060    1.00000    1.00000
     1.00000   -1.95695    38.1108   -7.04490    1.00000    1.00000
     1.00000    7.85863   -12.1428    3.59896    1.00000    1.00000
     1.00000   -11.3787    9.70310    7.36433    1.00000    1.00000
     1.00000  -10.54468   -27.2955   -5.69052    1.00000    1.00000
     1.00000    7.59795    36.1041    3.08662    1.00000    1.00000
     1.00000    20.2213   -17.2148    2.77409    1.00000    1.00000
     1.00000   -6.45533    25.1187    9.34411    1.00000    1.00000
     1.00000   -1.82391   -34.3941  -0.603226    1.00000    1.00000
     1.00000   -20.3796    31.6022   -22.8941    1.00000    1.00000
     1.00000    12.1130   -14.0478    16.0886    1.00000    1.00000
     1.00000    7.07614    5.87526    2.74864    1.00000    1.00000
     1.00000   -22.2852   -34.6226   -4.40185    1.00000    1.00000
     1.00000   -5.96124    25.9390   -4.32973    1.00000    1.00000
     1.00000    28.0766   -32.7321   -1.82418    1.00000    1.00000
     1.00000   -7.29065    21.1158    3.41956    1.00000    1.00000
     1.00000    8.12891   -26.2460   -2.44873    1.00000    1.00000
     1.00000   -3.13762    28.7421   -12.9640    1.00000    1.00000
     1.00000    12.3339   -11.9893  -0.772858    1.00000    1.00000
     1.00000   0.491398    16.3686    6.95778    1.00000    1.00000
     1.00000   -11.7830   -29.1788    4.39584    1.00000    1.00000
     1.00000    4.58410    33.5701   -6.38227    1.00000    1.00000
     1.00000    12.0654   -24.0467    3.16442    1.00000    1.00000
     1.00000  -0.227905    25.5113    7.34014    1.00000    1.00000
     1.00000    2.66976   -35.7042   -1.54472    1.00000    1.00000
     1.00000   -13.4125    28.2295   -24.0970    1.00000    1.00000
     1.00000    3.18864   -14.3274    8.95629    1.00000    1.00000
     1.00000  -0.948006    8.16242    7.83351    1.00000    1.00000
     1.00000   -19.0430   -27.5282   -3.07804    1.00000    1.00000
     1.00000   -7.39989    36.9885    11.7468    1.00000    1.00000
     1.00000    16.9499   -30.3798   -6.14624E-02    1.00000    1.00000
     1.00000   -8.94225    17.4397    7.34989    1.00000    1.00000
     1.00000    20.6815   -36.3845   -7.47645    1.00000    1.00000
     1.00000  -0.241135    35.9194   -11.0604    1.00000    1.00000
     1.00000    6.90691   -4.95761    9.01830    1.00000    1.00000
     1.00000   -1.89614    9.61485    9.35050    1.00000    1.00000
     1.00000   -13.7643   -25.3487   -2.44171    1.00000    1.00000
     1.00000    5.46953    38.9621    1.75683    1.00000    1.00000
     1.00000    18.8228   -18.3818    4.82399    1.00000    1.00000
     1.00000   -11.3456    27.1932    6.04387    1.00000    1.00000
     1.00000   -3.86955   -33.8245    3.55933    1.00000    1.00000
     1.00000   -23.4674    30.1887   -28.3399    1.00000    1.00000
     1.00000   10.10864   -12.7276    15.4728    1.00000    1.00000
     1.00000    12.6538   0.993938    2.44018    1.00000    1.00000
     1.00000   -24.4530   -32.1203   -6.48510    1.00000    1.00000
     1.00000   -2.94354    34.8985    6.96603    1.00000    1.00000
     1.00000    23.3549   -27.9853   -1.92762    1.00000    1.00000
     1.00000   -10.9913    22.2798    7.36745    1.00000    1.00000
     1.00000    7.78144   -30.7651   -4.91420    1.00000    1.00000
     1.00000  -10.54129    30.4948   -16.6645    1.00000    1.00000
     1.00000    21.8389   -14.7363   -3.36420    1.00000    1.00000
     1.00000   -2.47338    12.7209    5.41662    1.00000    1.00000
     1.00000   -9.21227   -34.2878    1.73738    1.00000    1.00000
     1.00000   0.890053    34.3862   0.904434    1.00000    1.00000
     1.00000    17.6078   -26.4556   -1.66593    1.00000    1.00000
     1.00000   0.819527    23.9577    9.95838    1.00000    1.00000
     1.00000    8.05206   -32.9734   -2.43999    1.00000    1.00000
     1.00000   -11.9200    32.9847   -27.1336    1.00000    1.00000
     1.00000    4.34679   -7.18676    8.09122    1.00000    1.00000
     1.00000   0.181686    5.81136    8.94901    1.00000    1.00000
     1.00000   -19.5501   -29.1467   0.876625    1.00000    1.00000
     1.00000   -4.26661    33.0067    9.77279    1.00000    1.00000
     1.00000    22.0084   -30.7992   -4.91605    1.00000    1.00000
     1.00000   -4.65841    16.4270    14.5298    1.00000    1.00000
     1.00000    14.3434   -29.6481   -5.52454    1.00000    1.00000
     1.00000   -1.98088    35.6156   -7.87589    1.00000    1.00000
     1.00000    6.91386   -4.30607    5.22688    1.00000    1.00000
     1.00000   -8.99891    4.16286    8.70403    1.00000    1.00000
     1.00000  -10.27944   -23.4072   -4.86670    1.00000    1.00000
     1.00000    11.6014    36.7889    5.10178    1.00000    1.00000
     1.00000    21.1103   -17.2589  -0.449677    1.00000    1.00000
     1.00000   -4.74868    26.2665    7.99871    1.00000    1.00000
     1.00000   -4.71535   -30.8992    2.20925    1.00000    1.00000
     1.00000   -22.3755    30.1492   -25.5056    1.00000    1.00000
     1.00000    4.64705   -14.3167    11.1037    1.00000    1.00000
     1.00000    5.87630    6.03560    4.34071    1.00000    1.00000
     1.00000   -20.7665   -33.2232   -2.96567    1.00000    1.00000
     1.00000   -5.02414    26.4305    1.24633    1.00000    1.00000
     1.00000    26.7189   -27.8316  -0.351181    1.00000    1.00000
     1.00000   -11.8751    20.6356    3.29663    1.00000    1.00000
     1.00000    9.26436   -28.7116   -3.89755    1.00000    1.00000
     1.00000   -4.48194    29.1004   -14.8741    1.00000    1.00000
     1.00000    15.8914   -13.9603   -2.54079    1.00000    1.00000
     1.00000   -1.36510    16.5792    7.81115    1.00000    1.00000
     1.00000   -13.1072   -31.0196  -0.681259    1.00000    1.00000
     1.00000  -0.793556    35.3608   -4.83176    1.00000    1.00000
     1.00000    9.57855   -23.3368   0.604836    1.00000    1.00000
     1.00000   -3.14260    23.2750    4.83042    1.00000    1.00000
     1.00000    4.45300   -34.1136   -1.74979    1.00000    1.00000
     1.00000   -13.7025    29.3410   -22.4597    1.00000    1.00000
     1.00000    3.80471   -7.80085    12.7157    1.00000    1.00000
     1.00000    1.70140    6.09671    7.68053    1.00000    1.00000
     1.00000   -13.4171   -27.7958   -5.73401    1.00000    1.00000
     1.00000   -5.94566    41.2993   10.29091    1.00000    1.00000
     1.00000    22.4203   -28.8556  -0.388443    1.00000    1.00000
     1.00000   -9.04247    13.7917    8.54974    1.00000    1.00000
     1.00000    15.4857   -35.1078   -8.20982    1.00000    1.00000
     1.00000   -5.41056    32.9347   -14.8341    1.00000    1.00000
     1.00000    9.18433  -0.221344    4.70657    1.00000    1.00000
     1.00000   -7.01835   10.19467    9.53522    1.00000    1.00000
     1.00000   -13.2918   -25.5587  -0.509705    1.00000    1.00000
     1.00000    3.30225    41.4675    3.19498    1.00000    1.00000
     1.00000    11.4220   -22.1766    4.51736    1.00000    1.00000
     1.00000   -8.33881    27.8456    4.69306    1.00000    1.00000
     1.00000   -6.47749   -31.7243    2.67182    1.00000    1.00000
     1.00000   -29.3956    25.9058   -26.4835    1.00000    1.00000
     1.00000    12.0897   -13.0998    18.6978    1.00000    1.00000
     1.00000    8.63335    2.44711   -1.08943    1.00000    1.00000
     1.00000   -27.6496   -31.2588   -2.64180    1.00000    1.00000
     1.00000   -3.43830    32.6148    3.30739    1.00000    1.00000
     1.00000    26.0853   -25.6247   -1.62874    1.00000    1.00000
     1.00000   -13.6648    25.3284    6.42030    1.00000    1.00000
     1.00000    9.88551   -31.1587   -6.87280    1.00000    1.00000
     1.00000   -5.45957    30.9634   -15.1682    1.00000    1.00000
     1.00000    23.5986   -14.8615   0.521545    1.00000    1.00000
     1.00000   -4.00789    12.2970    7.56644    1.00000    1.00000
     1.00000   -12.5270   -33.9434    1.49886    1.00000    1.00000
     1.00000    2.01322    36.4093   -4.13666    1.00000    1.00000
     1.00000    12.5029   -23.2972   -1.22514    1.00000    1.00000
     1.00000   -2.38416    23.2276    11.9934    1.00000    1.00000
     1.00000    4.10677   -33.9684    1.60849    1.00000    1.00000
     1.00000   -15.4875    34.7024   -29.2176    1.00000    1.00000
     1.00000    5.74313   -5.82671    7.64346    1.00000    1.00000
     1.00000  -0.176620    3.79722    12.8748    1.00000    1.00000
     1.00000   -22.0925   -32.0224   -1.57185    1.00000    1.00000
     1.00000   0.758392    37.2618    7.89871    1.00000    1.00000
     1.00000    20.4188   -31.4618   -6.59570    1.00000    1.00000
     1.00000   -5.99910    16.1388    9.73882    1.00000    1.00000
     1.00000    13.0216   -29.7647   -9.58855    1.00000    1.00000
     1.00000   -2.97136    36.7894   -4.55612    1.00000    1.00000
     1.00000    8.40763   -8.50610    2.75756    1.00000    1.00000
     1.00000   -8.99407    9.97459    9.31591    1.00000    1.00000
     1.00000   -7.77473   -25.4315   -3.75883    1.00000    1.00000
     1.00000    9.22723    38.2261    2.66675    1.00000    1.00000
     1.00000    19.4878   -16.6348   0.539253    1.00000    1.00000
     1.00000   -6.43767    22.6341    6.93313    1.00000    1.00000
     1.00000   -2.32426   -31.5611    1.06683    1.00000    1.00000
     1.00000   -18.5180    32.3267   -22.9922    1.00000    1.00000
     1.00000    11.1884   -13.5973    12.3903    1.00000    1.00000
     1.00000    2.88981    4.45906   0.691620    1.00000    1.00000
     1.00000   -23.1010   -31.2425   -3.11287    1.00000    1.00000
     1.00000   -6.61113    27.5947  -0.519852    1.00000    1.00000
     1.00000    29.6965   -34.0942   -2.29617    1.00000    1.00000
     1.00000   -8.03572    18.6141    2.66219    1.00000    1.00000
     1.00000    7.11775   -25.1297   -1.13293    1.00000    1.00000
     1.00000   0.824791    26.2483   -14.6956    1.00000    1.00000
     1.00000    8.20236  -10.30320   0.838470    1.00000    1.00000
     1.00000   0.970459    13.2788    7.56432    1.00000    1.00000
     1.00000   -10.6740   -31.7196    3.37125    1.00000    1.00000
     1.00000    2.75164    33.2209   -5.66109    1.00000    1.00000
     1.00000    11.7669   -26.1738    1.50410    1.00000    1.00000
     1.00000  -0.567986    26.9994    6.04792    1.00000    1.00000
     1.00000    5.51962   -35.5375   -3.89837    1.00000    1.00000
     1.00000   -13.5567    29.1907   -25.8449    1.00000    1.00000
     1.00000    5.51167   -12.4491    8.65388    1.00000    1.00000
     1.00000   -2.86296    8.21751    7.25914    1.00000    1.00000
     1.00000   -17.5892   -28.2434   -4.25060    1.00000    1.00000
     1.00000   -6.16261    34.9997    10.8660    1.00000    1.00000
     1.00000    17.3938   -28.4298   -1.14357    1.00000    1.00000
     1.00000   -9.45594    19.2258    9.20180    1.00000    1.00000
     1.00000    17.1823   -36.6395   -8.56403    1.00000    1.00000
     1.00000   -1.68583    34.5098   -9.51604    1.00000    1.00000
     1.00000    7.04547   -2.56839    6.27398    1.00000    1.00000
     1.00000   -5.50693    8.88503    9.55649    1.00000    1.00000
     1.00000  -10.52330   -25.5610   -1.46758    1.00000    1.00000
     1.00000    5.56145    37.7608   0.160416    1.00000    1.00000
     1.00000    15.5210   -19.1438    3.17796    1.00000    1.00000
     1.00000   -12.9512    30.3136    5.92441    1.00000    1.00000
     1.00000  -0.936386   -34.4576    2.73010    1.00000    1.00000
     1.00000   -26.1720    26.6420   -27.8136    1.00000    1.00000
     1.00000    7.62925  -10.47170    13.4471    1.00000    1.00000
     1.00000    9.33905   0.583950  -0.914482    1.00000    1.00000
     1.00000   -22.9045   -33.1788   -5.79114    1.00000    1.00000
     1.00000   -1.22147    34.6261    5.29887    1.00000    1.00000
     1.00000    24.0212   -27.2500   -4.80757    1.00000    1.00000
     1.00000   -14.7578    22.0810    8.48937    1.00000    1.00000
     1.00000    7.53044   -29.3003   -7.41967    1.00000    1.00000
     1.00000   -10.9858    30.8134   -18.5883    1.00000    1.00000
     1.00000    18.0256   -13.9037   -2.65430    1.00000    1.00000
     1.00000   -4.31404    15.6112    6.17756    1.00000    1.00000
     1.00000   -6.22833   -33.4444   0.897644    1.00000    1.00000
     1.00000   -1.07585    32.5818    2.07212    1.00000    1.00000
     1.00000    16.0739   -27.5367   -2.35756    1.00000    1.00000
     1.00000    2.65997    23.7537    10.7141    1.00000    1.00000
     1.00000    6.64594   -35.0026    5.18036E-03    1.00000    1.00000
     1.00000   -12.9649    31.1199   -28.2570    1.00000    1.00000
     1.00000    1.06500   -6.08342    8.02791    1.00000    1.00000
     1.00000   -1.25566    5.48177   10.30008    1.00000    1.00000
     1.00000   -19.8658   -26.6234   0.515121    1.00000    1.00000
     1.00000   -3.29400    36.3218    9.12726    1.00000    1.00000
     1.00000    19.2230   -30.9318   -4.54216    1.00000    1.00000
     1.00000   -5.41697    18.6811    12.9780    1.00000    1.00000
     1.00000    11.8034   -30.5713   -4.63661    1.00000    1.00000
     1.00000  -0.491547    36.9442   -7.74602    1.00000    1.00000
     1.00000    7.50151   -6.79161    2.26817    1.00000    1.00000
     1.00000   -8.85717    6.59544    8.55396    1.00000    1.00000
     1.00000   -8.37158   -23.9899   -5.01008    1.00000    1.00000
     1.00000    11.9288    35.9887    3.00955    1.00000    1.00000
     1.00000    22.3259   -17.7235   -2.53036    1.00000    1.00000
     1.00000   -7.41600    26.8701    9.24489    1.00000    1.00000
     1.00000   -2.04204   -29.1976    3.76894    1.00000    1.00000
     1.00000   -23.2100    26.7836   -26.7115    1.00000    1.00000
     1.00000    6.71468   -13.9207    15.1555    1.00000    1.00000
     1.00000    2.48007    6.92904    6.03707    1.00000    1.00000
     1.00000   -24.3571   -34.5441   -2.40208    1.00000    1.00000
     1.00000   -6.88826    29.2566    1.98926    1.00000    1.00000
     1.00000    27.6150   -29.2365   -3.50849    1.00000    1.00000
     1.00000   -12.3337    19.6221    4.95874    1.00000    1.00000
     1.00000    8.28567   -30.5856  -0.611504    1.00000    1.00000
     1.00000   -2.75757    27.9448   -18.1599    1.00000    1.00000
     1.00000    14.3273   -11.8284  -0.792336    1.00000    1.00000
     1.00000   -4.49745    17.5513    6.62781    1.00000    1.00000
     1.00000   -12.8308   -29.5417    2.73136    1.00000    1.00000
     1.00000    2.15595    33.7108   -3.81580    1.00000    1.00000
     1.00000    9.04456   -23.5389    2.52161    1.00000    1.00000
     1.00000   -4.75938    25.8025    3.12668    1.00000    1.00000
     1.00000    1.73015   -31.6902   -1.61285    1.00000    1.00000
     1.00000   -12.1206    29.4369   -19.9867    1.00000    1.00000
     1.00000    3.66521   -9.00756    8.56041    1.00000    1.00000
     1.00000   0.821930    8.95544    8.32182    1.00000    1.00000
     1.00000   -16.2710   -27.4278   -6.13078    1.00000    1.00000
     1.00000   -7.58351    39.5120    11.4069    1.00000    1.00000
     1.00000    21.2348   -30.4884   -1.10751    1.00000    1.00000
     1.00000   -8.36464    15.1010    10.8337    1.00000    1.00000
     1.00000    13.5554   -34.7354   -8.57788    1.00000    1.00000
     1.00000   -1.38038    32.8942   -12.9339    1.00000    1.00000
     1.00000    10.7191   -1.10805    3.78014    1.00000    1.00000
     1.00000   -6.51725    9.64502    11.3918    1.00000    1.00000
     1.00000   -12.8385   -27.7182    1.90997    1.00000    1.00000
     1.00000    3.58252    38.3061    1.66263    1.00000    1.00000
     1.00000    13.0143   -20.6152    3.47478    1.00000    1.00000
     1.00000   -6.81763    26.7911    5.45068    1.00000    1.00000
     1.00000   -4.59927   -32.8589    5.15150    1.00000    1.00000
     1.00000   -31.2209    25.4462   -25.8073    1.00000    1.00000
     1.00000    11.7957   -9.29733    18.8241    1.00000    1.00000
     1.00000    5.74424    2.89914    1.10138    1.00000    1.00000
     1.00000   -26.2987   -31.0942   -5.63485    1.00000    1.00000
     1.00000   -6.19818    33.1513    2.52608    1.00000    1.00000
     1.00000    25.5556   -26.2939   0.180008    1.00000    1.00000
     1.00000   -10.6132    25.5745    5.12539    1.00000    1.00000
     1.00000    8.32198   -33.4689   -6.46639    1.00000    1.00000
     1.00000   -8.97445    29.2959   -15.5917    1.00000    1.00000
     1.00000    23.3287   -13.5045   -2.85124    1.00000    1.00000
     1.00000   -2.45205    11.2688   10.32801    1.00000    1.00000
     1.00000   -9.78696   -32.9327    5.55721    1.00000    1.00000
     1.00000   0.708557    35.4098  -0.804192    1.00000    1.00000
     1.00000    14.1722   -23.9048  -0.306297    1.00000    1.00000
     1.00000   -3.82137    23.9424    10.8003    1.00000    1.00000
     1.00000    2.44907   -32.8948    1.92356    1.00000    1.00000
     1.00000   -17.5833    33.7389   -27.0346    1.00000    1.00000
     1.00000    4.14443   -6.61503    4.17900    1.00000    1.00000
     1.00000   -1.23286    5.36229    15.2809    1.00000    1.00000
     1.00000   -22.7343   -28.8447   -1.07721    1.00000    1.00000
     1.00000    1.88683    34.1201    8.13522    1.00000    1.00000
     1.00000    18.1955   -32.7726   -7.89470    1.00000    1.00000
     1.00000   -5.35987    17.9480    11.1181    1.00000    1.00000
     1.00000    11.7243   -29.9559   -6.74957    1.00000    1.00000
     1.00000   -2.37682    39.8230   -6.10036    1.00000    1.00000
     1.00000    7.49173   -11.5701    5.47974    1.00000    1.00000
     1.00000   -9.43185   10.16096    7.37333    1.00000    1.00000
     1.00000   -9.52142   -26.1771   -4.38590    1.00000    1.00000
     1.00000    8.98803    36.4908    1.70165    1.00000    1.00000
     1.00000    20.4498   -19.1214    2.21502    1.00000    1.00000
     1.00000   -7.21458    23.6776   10.50452    1.00000    1.00000
     1.00000   -2.95830   -32.7591  -0.403831    1.00000    1.00000
     1.00000   -21.7334    31.7681   -21.4313    1.00000    1.00000
     1.00000    12.1944   -13.7570    14.1116    1.00000    1.00000
     1.00000    5.47075    6.60672    1.80649    1.00000    1.00000
     1.00000   -24.2105   -34.4003   -4.89543    1.00000    1.00000
     1.00000   -7.01485    27.3613   -3.39861    1.00000    1.00000
     1.00000    28.1052   -31.1033   -2.98454    1.00000    1.00000
     1.00000   -8.13314    22.4406    2.18059    1.00000    1.00000
     1.00000    7.14092   -27.9185   -1.97284    1.00000    1.00000
     1.00000   -1.15301    28.9477   -13.1020    1.00000    1.00000
     1.00000   10.37512   -11.9071  -0.377182    1.00000    1.00000
     1.00000    1.88992    14.9391    6.93349    1.00000    1.00000
     1.00000   -9.94685   -28.8482    5.11644    1.00000    1.00000
     1.00000    5.21033    32.9921   -4.57294    1.00000    1.00000
     1.00000    13.2243   -24.8231    1.73120    1.00000    1.00000
     1.00000  -0.157990    23.7213    8.22963    1.00000    1.00000
     1.00000    4.50919   -36.0493   -2.25000    1.00000    1.00000
     1.00000   -15.1415    27.2337   -24.2338    1.00000    1.00000
     1.00000    4.02859   -12.8067    9.94720    1.00000    1.00000
     1.00000  -0.914948    7.19339    6.08426    1.00000    1.00000
     1.00000   -19.4915   -27.6887   -1.13559    1.00000    1.00000
     1.00000   -6.24183    37.6800   10.27004    1.00000    1.00000
     1.00000    17.8821   -30.4094    1.70779    1.00000    1.00000
     1.00000  -10.12105    19.0551    7.32337    1.00000    1.00000
     1.00000    21.6971   -35.0311   -8.54261    1.00000    1.00000
     1.00000   0.159321    35.3682   -9.18000    1.00000    1.00000
     1.00000    7.38478   -4.31610    7.18523    1.00000    1.00000
     1.00000   -2.26575    11.0872    8.04839    1.00000    1.00000
     1.00000   -12.0483   -24.4020   -2.04291    1.00000    1.00000
     1.00000    6.55894    37.8093    2.97520    1.00000    1.00000
     1.00000    19.0894   -16.4840    4.25211    1.00000    1.00000
     1.00000  -10.24966    28.4029    4.88818    1.00000    1.00000
     1.00000   -2.07823   -32.9522    3.38580    1.00000    1.00000
     1.00000   -25.0903    29.1393   -28.8545    1.00000    1.00000
     1.00000    11.2644   -11.3630    16.3683    1.00000    1.00000
     1.00000    10.7395   0.416470    2.48562    1.00000    1.00000
     1.00000   -25.3989   -30.5829   -7.34624    1.00000    1.00000
     1.00000   -2.95669    35.5989    5.09276    1.00000    1.00000
     1.00000    24.6139   -26.8132   -2.94801    1.00000    1.00000
     1.00000   -9.97815    20.8360    6.42453    1.00000    1.00000
     1.00000    8.18570   -28.9191   -5.56891    1.00000    1.00000
     1.00000   -10.7083    29.8655   -14.7734    1.00000    1.00000
     1.00000    19.9417   -14.1305   -3.18083    1.00000    1.00000
