     1.00000    14.7253    7.72367   -6.85937    1.00000    1.00000
     1.00000   -32.2225   -9.52903   -18.7175    1.00000    1.00000
     1.00000    41.7056   -18.5923    27.4833    1.00000    1.00000
     1.00000    4.67938   -1.41624   -12.7791    1.00000    1.00000
     1.00000    11.0913    1.63458    12.6578    1.00000    1.00000
     1.00000   -31.1210   -7.43769    1.75323    1.00000    1.00000
     1.00000    18.4369    15.0821    22.2185    1.00000    1.00000
     1.00000   -28.3055   0.986183   -22.6493    1.00000    1.00000
     1.00000    22.2261    7.82957    5.79997    1.00000    1.00000
     1.00000   -36.2607   -24.9231   -12.1763    1.00000    1.00000
     1.00000    30.9207   -2.37395    28.1339    1.00000    1.00000
     1.00000   -6.87720   -7.31534   -28.8076    1.00000    1.00000
     1.00000    22.6727    14.4488    12.2873    1.00000    1.00000
     1.00000   -43.4803   0.343941   -12.1462    1.00000    1.00000
     1.00000    21.8258    9.28029    30.9458    1.00000    1.00000
     1.00000   -20.7907   -4.94151   -23.0891    1.00000    1.00000
     1.00000    8.24181   0.300549    6.47263    1.00000    1.00000
     1.00000   -23.9785   -5.99511   -19.3644    1.00000    1.00000
     1.00000    33.1643   -13.5424    21.8912    1.00000    1.00000
     1.00000    8.37019    2.23473   -20.8323    1.00000    1.00000
     1.00000    4.53369    7.74557    12.0306    1.00000    1.00000
     1.00000   -35.8261  -0.749161   -6.98748    1.00000    1.00000
     1.00000    22.0970    17.5482    27.8921    1.00000    1.00000
     1.00000   -25.7284   -12.1572   -25.5541    1.00000    1.00000
     1.00000    24.1687   -1.16124   -4.15647    1.00000    1.00000
     1.00000   -35.7387  -10.21167   -13.8385    1.00000    1.00000
     1.00000    25.7838   -1.80771    27.9651    1.00000    1.00000
     1.00000   0.817398    3.99145   -19.1947    1.00000    1.00000
     1.00000    20.1571    8.47135    15.7864    1.00000    1.00000
     1.00000   -47.1390    6.40406   -16.9013    1.00000    1.00000
     1.00000    21.1503    6.88980    36.4350    1.00000    1.00000
     1.00000   -19.7323  -0.388863   -26.2222    1.00000    1.00000
     1.00000    19.3781    8.97549  -0.242729    1.00000    1.00000
     1.00000   -26.2932   -6.78055   -21.4591    1.00000    1.00000
     1.00000    41.1258   -14.4635    30.9456    1.00000    1.00000
     1.00000    2.36627    8.27415   -5.29839    1.00000    1.00000
     1.00000    14.0131    3.64032    12.9509    1.00000    1.00000
     1.00000   -30.4616   -6.79420   -2.83746    1.00000    1.00000
     1.00000    25.9473    15.5540    19.6139    1.00000    1.00000
     1.00000   -25.5873   -3.45537   -24.9416    1.00000    1.00000
     1.00000    21.7932    7.95189    2.25523    1.00000    1.00000
     1.00000   -40.1565   -18.9551   -16.7045    1.00000    1.00000
     1.00000    28.5215   -9.16551    28.1871    1.00000    1.00000
     1.00000   -6.96778   -3.58929   -27.9172    1.00000    1.00000
     1.00000    27.4632    4.09671    13.4420    1.00000    1.00000
     1.00000   -41.2014    4.72282   -9.05879    1.00000    1.00000
     1.00000    21.8178    3.58558    29.0041    1.00000    1.00000
     1.00000   -20.5358   -1.07358   -21.9783    1.00000    1.00000
     1.00000    9.17340    4.12366    1.24500    1.00000    1.00000
     1.00000   -31.8546   -4.81937   -10.9771    1.00000    1.00000
     1.00000    40.4644   -10.7431    25.8060    1.00000    1.00000
     1.00000    3.66856    3.04832   -16.6635    1.00000    1.00000
     1.00000    9.00677    5.32903    11.0383    1.00000    1.00000
     1.00000   -36.0825   -5.79675   -4.65994    1.00000    1.00000
     1.00000    23.4023    12.2885    31.0453    1.00000    1.00000
     1.00000   -30.0752   -5.46243   -27.3014    1.00000    1.00000
     1.00000    23.1175    6.55790   -1.00455    1.00000    1.00000
     1.00000   -35.4869   -12.7958   -16.1977    1.00000    1.00000
     1.00000    24.3038   -1.18217    25.9669    1.00000    1.00000
     1.00000  -0.842819    6.54807   -22.7416    1.00000    1.00000
     1.00000    19.0513   -1.00898    13.1086    1.00000    1.00000
     1.00000   -41.8867    6.76144   -19.0296    1.00000    1.00000
     1.00000    27.4546    10.7325    37.0164    1.00000    1.00000
     1.00000   -6.59486  -0.904282   -29.2324    1.00000    1.00000
     1.00000    12.7895    7.43337   -6.44879    1.00000    1.00000
     1.00000   -30.9686   -12.0618   -18.8419    1.00000    1.00000
     1.00000    41.7554   -17.4635    29.1336    1.00000    1.00000
     1.00000    5.94650    5.12250  -10.50972    1.00000    1.00000
     1.00000   10.43717  -0.835575   10.05581    1.00000    1.00000
     1.00000   -30.4837   -4.75992    2.42863    1.00000    1.00000
     1.00000    21.1514    12.9710    21.8784    1.00000    1.00000
     1.00000   -28.1054    1.76118   -29.4235    1.00000    1.00000
     1.00000    25.3308    1.78020    1.67566    1.00000    1.00000
     1.00000   -34.8307   -19.5712   -12.2199    1.00000    1.00000
     1.00000    27.8458   -3.92219    32.4476    1.00000    1.00000
     1.00000   -2.88100   -7.76848   -31.4139    1.00000    1.00000
     1.00000    28.1118    9.92206    12.8305    1.00000    1.00000
     1.00000   -41.6268    3.50266   -12.6720    1.00000    1.00000
     1.00000    19.0297    4.64422    25.2792    1.00000    1.00000
     1.00000   -21.3591   -5.69898   -20.9411    1.00000    1.00000
     1.00000    12.8614    3.31880    2.71091    1.00000    1.00000
     1.00000   -27.5566   -2.48695   -14.8386    1.00000    1.00000
     1.00000    33.7990   -12.5571    17.5073    1.00000    1.00000
     1.00000    4.30504    3.30284   -20.5982    1.00000    1.00000
     1.00000    3.15518    9.26434    7.83818    1.00000    1.00000
     1.00000   -32.0824    2.68819   -5.55502    1.00000    1.00000
     1.00000    25.0051    14.0182    26.2761    1.00000    1.00000
     1.00000   -27.3244   -7.24003   -28.1400    1.00000    1.00000
     1.00000    25.8760   -4.13031   -6.68891    1.00000    1.00000
     1.00000   -35.1811   -12.0423   -9.12184    1.00000    1.00000
     1.00000    28.3942    3.11468    29.5389    1.00000    1.00000
     1.00000   0.860741    2.88501   -14.9105    1.00000    1.00000
     1.00000    20.0927    11.0960    17.6824    1.00000    1.00000
     1.00000   -42.9711    5.03701   -15.3177    1.00000    1.00000
     1.00000    23.2531    8.70338    41.4232    1.00000    1.00000
     1.00000   -17.3061    2.76286   -27.1684    1.00000    1.00000
     1.00000    18.9006    6.96954   -4.70853    1.00000    1.00000
     1.00000   -27.1253   -8.08018   -18.8001    1.00000    1.00000
     1.00000    42.0166   -14.0846    27.4494    1.00000    1.00000
     1.00000    8.28129    6.37415   -8.18520    1.00000    1.00000
     1.00000    11.2390    5.26449    14.5380    1.00000    1.00000
     1.00000   -32.6074   -8.26617   -4.91814    1.00000    1.00000
     1.00000    21.1780    13.6001    19.3674    1.00000    1.00000
     1.00000   -24.6369   -1.44763   -22.7505    1.00000    1.00000
     1.00000    26.5222    6.74546    6.46321    1.00000    1.00000
     1.00000   -35.8536   -14.7898   -13.7405    1.00000    1.00000
     1.00000    27.1364   -8.18309    29.2438    1.00000    1.00000
     1.00000   -6.82828  -0.316925   -24.7143    1.00000    1.00000
     1.00000    25.5128    8.71311    12.6630    1.00000    1.00000
     1.00000   -39.3019   -1.05043   -5.71806    1.00000    1.00000
     1.00000    22.4629    5.86226    32.3970    1.00000    1.00000
     1.00000   -21.8147   0.264626   -27.2339    1.00000    1.00000
     1.00000    12.7251    5.04919   -1.01151    1.00000    1.00000
     1.00000   -30.8576   -2.42471   -12.6611    1.00000    1.00000
     1.00000    33.5721   -14.2712    23.7085    1.00000    1.00000
     1.00000   10.33356    4.75232   -16.5068    1.00000    1.00000
     1.00000    15.0747    1.76668    8.51280    1.00000    1.00000
     1.00000   -33.5108   -4.34381   -7.72318    1.00000    1.00000
     1.00000    24.8095    14.9034    29.0803    1.00000    1.00000
     1.00000   -27.0240   -3.37569   -29.1998    1.00000    1.00000
     1.00000    20.4135    1.47248  -0.901428    1.00000    1.00000
     1.00000   -35.8492   -13.5419   -19.6747    1.00000    1.00000
     1.00000    23.3354   0.359840    32.9971    1.00000    1.00000
     1.00000   -2.37701   0.441292   -21.4853    1.00000    1.00000
     1.00000    18.6550    3.14079    14.9238    1.00000    1.00000
     1.00000   -39.2681    4.48692   -17.1285    1.00000    1.00000
     1.00000    26.8168    8.69891    34.0926    1.00000    1.00000
     1.00000   -11.4250   0.226738   -26.4157    1.00000    1.00000
     1.00000    17.0572    6.43533  -10.03885    1.00000    1.00000
     1.00000   -31.3074   -10.5855   -20.1480    1.00000    1.00000
     1.00000    42.4177   -20.0026    29.9082    1.00000    1.00000
     1.00000    5.63036   0.966743   -14.6542    1.00000    1.00000
     1.00000    9.39574    2.69523    12.6681    1.00000    1.00000
     1.00000   -32.9849   -7.51862    2.75057    1.00000    1.00000
     1.00000    16.2775    16.0532    22.7100    1.00000    1.00000
     1.00000   -27.7595    1.88448   -24.3507    1.00000    1.00000
     1.00000    23.5739    5.06372    4.45787    1.00000    1.00000
     1.00000   -36.9217   -22.4031   -12.0582    1.00000    1.00000
     1.00000    29.2991   -2.16569    29.2859    1.00000    1.00000
     1.00000   -5.49520   -6.80650   -30.1608    1.00000    1.00000
     1.00000    21.2279    13.9879    15.7257    1.00000    1.00000
     1.00000   -44.6346    1.57454   -13.7666    1.00000    1.00000
     1.00000    20.1826    8.47120    28.6461    1.00000    1.00000
     1.00000   -20.6427   -5.10912   -25.9387    1.00000    1.00000
     1.00000    7.30436    1.75441    2.92216    1.00000    1.00000
     1.00000   -24.6884   -4.96867   -17.8016    1.00000    1.00000
     1.00000    30.6032   -13.2843    24.8571    1.00000    1.00000
     1.00000    7.28017    4.70838   -21.9337    1.00000    1.00000
     1.00000    6.03049    6.17783    9.82925    1.00000    1.00000
     1.00000   -37.2457   0.148209   -5.69612    1.00000    1.00000
     1.00000    19.8977    15.8965    25.3188    1.00000    1.00000
     1.00000   -26.2425   -14.0059   -26.1179    1.00000    1.00000
     1.00000    24.6051   0.126530   -7.18919    1.00000    1.00000
     1.00000   -35.7475   -12.0673   -11.1931    1.00000    1.00000
     1.00000    25.8625    1.37549    30.9699    1.00000    1.00000
     1.00000    1.73119    6.33125   -20.5731    1.00000    1.00000
     1.00000    21.0752    5.20628    14.3836    1.00000    1.00000
     1.00000   -45.0621    7.91025   -12.2590    1.00000    1.00000
     1.00000    22.3125    6.87638    38.4528    1.00000    1.00000
     1.00000   -16.5157   0.286812   -27.6193    1.00000    1.00000
     1.00000    21.2017    6.98245  -0.617393    1.00000    1.00000
     1.00000   -30.0851   -7.03478   -20.7661    1.00000    1.00000
     1.00000    38.0365   -14.6931    27.8557    1.00000    1.00000
     1.00000    3.38713    7.20278   -7.68837    1.00000    1.00000
     1.00000    15.9918    3.38861    13.0975    1.00000    1.00000
     1.00000   -31.4606   -3.75622   -1.64587    1.00000    1.00000
     1.00000    24.1420    14.3645    19.1888    1.00000    1.00000
     1.00000   -27.1413   -4.47594   -25.6787    1.00000    1.00000
     1.00000    25.2303    5.92424    5.17613    1.00000    1.00000
     1.00000   -37.9687   -18.8785   -13.4316    1.00000    1.00000
     1.00000    27.2237   -9.72709    26.7728    1.00000    1.00000
     1.00000   -6.12014   -4.36883   -25.7320    1.00000    1.00000
     1.00000    27.8505    6.35458    11.7576    1.00000    1.00000
     1.00000   -39.5855    3.61095   -8.66800    1.00000    1.00000
     1.00000    23.4429    4.48156    28.2582    1.00000    1.00000
     1.00000   -20.3994   -2.35532   -20.4491    1.00000    1.00000
     1.00000    8.82457    4.91458  -0.976608    1.00000    1.00000
     1.00000   -30.2194   -2.47181   -7.54350    1.00000    1.00000
     1.00000    39.3377   -13.0632    29.7490    1.00000    1.00000
     1.00000    8.54755    3.89915   -16.7936    1.00000    1.00000
     1.00000   10.29593    5.32644    9.50925    1.00000    1.00000
     1.00000   -36.0838   -4.56017   -6.23184    1.00000    1.00000
     1.00000    20.2865    12.2622    30.7279    1.00000    1.00000
     1.00000   -29.8319   -4.19962   -29.2583    1.00000    1.00000
     1.00000    21.9795    5.04277   -1.64436    1.00000    1.00000
     1.00000   -36.2845   -10.9446   -15.6175    1.00000    1.00000
     1.00000    24.0839   -2.41980    28.8229    1.00000    1.00000
     1.00000  -0.542267    3.33926   -21.4454    1.00000    1.00000
     1.00000    20.5516    2.18708    12.0193    1.00000    1.00000
     1.00000   -40.7565    5.38873   -18.1142    1.00000    1.00000
     1.00000    28.1604    8.31087    35.9713    1.00000    1.00000
     1.00000   -7.01778   -1.28020   -27.3142    1.00000    1.00000
     1.00000    9.70645    7.01516   -6.93728    1.00000    1.00000
     1.00000   -31.8516   -13.9755   -16.4970    1.00000    1.00000
     1.00000    42.3744   -17.4179    31.0348    1.00000    1.00000
     1.00000    6.59974    4.86290   -12.6208    1.00000    1.00000
     1.00000    11.7114   0.705906   10.04113    1.00000    1.00000
     1.00000   -28.6594   -6.89977  -0.360748    1.00000    1.00000
     1.00000    23.2066    15.0948    24.0772    1.00000    1.00000
     1.00000   -27.4779    1.04667   -26.1448    1.00000    1.00000
     1.00000    20.9836    4.47398    1.48122    1.00000    1.00000
     1.00000   -33.9407   -20.5395   -10.7132    1.00000    1.00000
     1.00000    29.5245   -2.03775    31.2691    1.00000    1.00000
     1.00000   -4.85430   -7.88610   -31.7176    1.00000    1.00000
     1.00000    27.1050    12.7636    11.0722    1.00000    1.00000
     1.00000   -40.2684    5.60984   -14.6082    1.00000    1.00000
     1.00000    20.8890    6.20692    30.1657    1.00000    1.00000
     1.00000   -20.5542   -2.91774   -18.3537    1.00000    1.00000
     1.00000    10.7665  -0.246304    3.17224    1.00000    1.00000
     1.00000   -26.5417   -5.68562   -16.1959    1.00000    1.00000
     1.00000    33.5854   -11.9847    19.4117    1.00000    1.00000
     1.00000    5.60935    3.13233   -19.0917    1.00000    1.00000
     1.00000    3.16983    12.0848    5.21893    1.00000    1.00000
     1.00000   -32.8379    1.26015   -6.73392    1.00000    1.00000
     1.00000    23.3437    16.7422    26.3305    1.00000    1.00000
     1.00000   -27.7920   -8.10432   -26.3981    1.00000    1.00000
     1.00000    28.5741   -4.88849   -6.10023    1.00000    1.00000
     1.00000   -34.6867   -13.9036   -6.61620    1.00000    1.00000
     1.00000    25.5952    3.71438    27.0743    1.00000    1.00000
     1.00000   0.787086    5.57629   -15.6785    1.00000    1.00000
     1.00000    21.7137   10.24700    18.4898    1.00000    1.00000
     1.00000   -43.6028    6.53383   -16.4842    1.00000    1.00000
     1.00000    21.2073    5.43470    41.2284    1.00000    1.00000
     1.00000   -12.7502    1.64564   -25.9353    1.00000    1.00000
     1.00000    16.6947    7.38963   -6.95767    1.00000    1.00000
     1.00000   -27.7964   -7.17152   -16.6625    1.00000    1.00000
     1.00000    41.5428   -13.7768    23.8843    1.00000    1.00000
     1.00000    4.03216    4.99220   -8.14165    1.00000    1.00000
     1.00000    13.0822    9.73741    15.5440    1.00000    1.00000
     1.00000   -31.5199   -4.56940   -6.36655    1.00000    1.00000
     1.00000    20.6807    11.3609    19.8559    1.00000    1.00000
     1.00000   -24.2107   -4.89310   -22.6857    1.00000    1.00000
     1.00000    27.8120    6.73642    9.79472    1.00000    1.00000
     1.00000   -35.2866   -13.7860   -12.1062    1.00000    1.00000
     1.00000    26.8220   -5.57927    31.9939    1.00000    1.00000
     1.00000   -5.50152   -1.83894   -25.0994    1.00000    1.00000
     1.00000    22.1086    5.05053    12.4481    1.00000    1.00000
     1.00000   -39.3081   0.894325   -7.91223    1.00000    1.00000
     1.00000    23.5982    8.37873    30.7316    1.00000    1.00000
     1.00000   -23.6540   0.390854   -26.4586    1.00000    1.00000
     1.00000    11.6678    4.10359   -2.42148    1.00000    1.00000
     1.00000   -29.2959   -2.61385   -11.4260    1.00000    1.00000
     1.00000    37.2440   -12.3682    26.2834    1.00000    1.00000
     1.00000    13.4993    3.16338   -17.1274    1.00000    1.00000
     1.00000    13.2096    3.67292    9.91751    1.00000    1.00000
     1.00000   -34.7940   -8.62768   -6.03126    1.00000    1.00000
     1.00000    25.6520    13.2987    28.0265    1.00000    1.00000
     1.00000   -25.9464   -5.57823   -32.1526    1.00000    1.00000
     1.00000    22.6376  -0.725807   -2.28354    1.00000    1.00000
     1.00000   -35.3846   -15.1016   -18.5120    1.00000    1.00000
     1.00000    22.0781    1.63406    30.6239    1.00000    1.00000
     1.00000   -3.61447    2.36585   -21.4304    1.00000    1.00000
     1.00000    21.5023    2.18177    15.4505    1.00000    1.00000
     1.00000   -37.3877    1.61010   -18.0084    1.00000    1.00000
     1.00000    24.2968    7.90517    34.3613    1.00000    1.00000
     1.00000   -11.3177   -2.00196   -29.9345    1.00000    1.00000
     1.00000    14.3969    6.61926   -8.49413    1.00000    1.00000
     1.00000   -31.6985   -7.60171   -18.6134    1.00000    1.00000
     1.00000    39.8607   -19.1786    26.9807    1.00000    1.00000
     1.00000    6.27444  -0.306541   -13.2528    1.00000    1.00000
     1.00000   10.08484    1.44514    10.9400    1.00000    1.00000
     1.00000   -30.5962   -7.36276  -0.175247    1.00000    1.00000
     1.00000    19.9276    14.0373    23.0469    1.00000    1.00000
     1.00000   -27.8711   0.519623   -20.7536    1.00000    1.00000
     1.00000    22.1935    6.50273    4.30383    1.00000    1.00000
     1.00000   -35.6204   -23.4623   -10.9697    1.00000    1.00000
     1.00000    32.2806   -3.80145    28.4699    1.00000    1.00000
     1.00000   -8.22559   -6.69726   -27.4660    1.00000    1.00000
     1.00000    23.6099    13.1260    11.1160    1.00000    1.00000
     1.00000   -41.6742   -1.37863E-02   -11.3652    1.00000    1.00000
     1.00000    19.9002    9.36623    30.4123    1.00000    1.00000
     1.00000   -22.3921   -4.37846   -22.0315    1.00000    1.00000
     1.00000    7.53455    1.19080    4.82726    1.00000    1.00000
     1.00000   -24.9329   -5.01716   -20.8248    1.00000    1.00000
     1.00000    31.6758   -13.1669    23.1731    1.00000    1.00000
     1.00000    8.09743    3.99656   -19.9259    1.00000    1.00000
     1.00000    6.00583    6.40892    11.8157    1.00000    1.00000
     1.00000   -34.7616   0.933800   -7.17315    1.00000    1.00000
     1.00000    21.4305    16.2086    26.5650    1.00000    1.00000
     1.00000   -25.6608  -10.22842   -25.0295    1.00000    1.00000
     1.00000    23.5759   -2.26034   -5.71867    1.00000    1.00000
     1.00000   -36.6909   -11.7118   -12.9204    1.00000    1.00000
     1.00000    26.1226  -0.208263    29.1170    1.00000    1.00000
     1.00000    2.41177    3.08440   -19.9917    1.00000    1.00000
     1.00000    19.3583    6.89962    16.7306    1.00000    1.00000
     1.00000   -45.4820    6.66582   -15.8124    1.00000    1.00000
     1.00000    22.4796    7.41023    35.0343    1.00000    1.00000
     1.00000   -19.5506   -1.65962   -24.6886    1.00000    1.00000
     1.00000    20.7024    9.38296    1.19949    1.00000    1.00000
     1.00000   -26.5477   -6.31072   -19.5318    1.00000    1.00000
     1.00000    41.2179   -13.5091    29.1904    1.00000    1.00000
     1.00000    2.37171    8.18861   -3.30023    1.00000    1.00000
     1.00000    13.5602    5.58575    13.0519    1.00000    1.00000
     1.00000   -30.9855   -4.90134   -3.21523    1.00000    1.00000
     1.00000    24.3383    16.2889    18.6806    1.00000    1.00000
     1.00000   -26.0915   -1.63898   -25.6097    1.00000    1.00000
     1.00000    23.7899    8.05564    2.20296    1.00000    1.00000
     1.00000   -39.2382   -19.1955   -14.9441    1.00000    1.00000
     1.00000    28.9590   -10.8549    29.1642    1.00000    1.00000
     1.00000   -7.80081   -4.91236   -26.6700    1.00000    1.00000
     1.00000    28.8176    4.63226    12.0713    1.00000    1.00000
     1.00000   -41.1100    5.24543   -10.9871    1.00000    1.00000
     1.00000    22.9988    3.40952    30.6085    1.00000    1.00000
     1.00000   -21.7173   -1.00059   -23.5904    1.00000    1.00000
     1.00000    7.65363    3.66945    2.46319    1.00000    1.00000
     1.00000   -32.3871   -3.09790  -10.10927    1.00000    1.00000
     1.00000    38.6667   -11.0089    26.6413    1.00000    1.00000
     1.00000    5.58784    3.39199   -17.1087    1.00000    1.00000
     1.00000    7.83232    5.99144    12.5154    1.00000    1.00000
     1.00000   -34.7791   -4.33645   -4.24924    1.00000    1.00000
     1.00000    21.7902    11.1992    31.5083    1.00000    1.00000
     1.00000   -30.8373   -5.92063   -29.0929    1.00000    1.00000
     1.00000    22.9008    8.12712   -2.22545    1.00000    1.00000
     1.00000   -35.8114   -11.3323   -17.5217    1.00000    1.00000
     1.00000    23.0072   -2.12370    27.1637    1.00000    1.00000
     1.00000   -1.29487    5.18955   -21.3451    1.00000    1.00000
     1.00000    18.0916   0.709431    12.7533    1.00000    1.00000
     1.00000   -42.8362    7.92040   -17.7047    1.00000    1.00000
     1.00000    27.7257   10.20841    35.1054    1.00000    1.00000
     1.00000   -5.05295   -2.15241   -28.9781    1.00000    1.00000
     1.00000    11.3095    6.55960   -5.42599    1.00000    1.00000
     1.00000   -32.2561   -13.5282   -18.4039    1.00000    1.00000
     1.00000    41.3943   -15.5002    29.2562    1.00000    1.00000
     1.00000    4.81477    4.28347   -11.9293    1.00000    1.00000
     1.00000    11.0141  -0.560375    8.16069    1.00000    1.00000
     1.00000   -29.4615   -5.59629   0.926750    1.00000    1.00000
     1.00000    22.3670    14.1920    20.8627    1.00000    1.00000
     1.00000   -27.9185   0.388222   -27.9812    1.00000    1.00000
     1.00000    23.4233    2.38138    1.66766    1.00000    1.00000
     1.00000   -35.3815   -17.8202   -13.0139    1.00000    1.00000
     1.00000    26.1362   -3.04274    31.8965    1.00000    1.00000
     1.00000   -2.53608   -5.94666   -30.6642    1.00000    1.00000
     1.00000    27.2113    10.7755    11.2618    1.00000    1.00000
     1.00000   -43.5248    3.13251   -13.1825    1.00000    1.00000
     1.00000    19.9975    5.94171    26.4539    1.00000    1.00000
     1.00000   -19.4809   -5.45573   -21.5840    1.00000    1.00000
     1.00000    11.4204    1.97303    3.04621    1.00000    1.00000
     1.00000   -26.6352   -2.90716   -16.5632    1.00000    1.00000
     1.00000    34.5469   -10.7195    17.7602    1.00000    1.00000
     1.00000    5.44370    2.92657   -22.1988    1.00000    1.00000
     1.00000    4.64604    8.32414    8.78335    1.00000    1.00000
     1.00000   -30.9071    2.83052   -7.16700    1.00000    1.00000
     1.00000    23.4548    14.9243    27.1567    1.00000    1.00000
     1.00000   -26.2330   -5.87354   -27.1697    1.00000    1.00000
     1.00000    26.2892   -2.73938   -8.06538    1.00000    1.00000
     1.00000   -33.9973   -13.5083   -8.45152    1.00000    1.00000
     1.00000    27.1514    4.22455    30.6451    1.00000    1.00000
     1.00000  -0.544579    3.11036   -16.3156    1.00000    1.00000
     1.00000    20.4618    13.0244    17.3020    1.00000    1.00000
     1.00000   -43.4375    3.09702   -15.1803    1.00000    1.00000
     1.00000    21.9388    7.55684    40.4444    1.00000    1.00000
     1.00000   -15.9221    1.63522   -26.2668    1.00000    1.00000
     1.00000    19.7433    8.52848   -3.78143    1.00000    1.00000
     1.00000   -28.0061   -9.84118   -18.4494    1.00000    1.00000
     1.00000    41.8253   -14.7875    25.5868    1.00000    1.00000
     1.00000    6.74117    6.61289   -9.43862    1.00000    1.00000
     1.00000    12.7991    6.51059    14.6536    1.00000    1.00000
     1.00000   -31.5811   -6.60532   -4.48398    1.00000    1.00000
     1.00000    19.4462    12.6740    18.9889    1.00000    1.00000
     1.00000   -23.9574   -2.93008   -23.9083    1.00000    1.00000
     1.00000    26.7028    5.81733    8.22559    1.00000    1.00000
     1.00000   -36.6840   -16.3206   -12.7571    1.00000    1.00000
     1.00000    27.0630   -7.32550    31.0491    1.00000    1.00000
     1.00000   -5.09805  -0.448357   -23.7198    1.00000    1.00000
     1.00000    24.1493    7.35940    12.1076    1.00000    1.00000
     1.00000   -38.7608  -0.283356   -3.95204    1.00000    1.00000
     1.00000    23.5318    7.54583    32.5487    1.00000    1.00000
     1.00000   -20.5836    1.41988   -26.1616    1.00000    1.00000
     1.00000    12.3045    4.79421   0.927063    1.00000    1.00000
     1.00000   -29.1118   -2.69586   -13.5986    1.00000    1.00000
     1.00000    34.4940   -13.1918    25.1174    1.00000    1.00000
     1.00000    11.5388    3.43793   -17.4122    1.00000    1.00000
     1.00000    14.3220    1.49345E-02    7.90887    1.00000    1.00000
     1.00000   -33.3851   -5.09798   -5.87508    1.00000    1.00000
     1.00000    25.0706    16.5601    30.1697    1.00000    1.00000
     1.00000   -26.3134   -3.88872   -27.4020    1.00000    1.00000
     1.00000    21.3369  -0.299976  -0.825172    1.00000    1.00000
     1.00000   -37.1025   -12.3990   -18.6150    1.00000    1.00000
     1.00000    24.0676   -1.30468    32.1646    1.00000    1.00000
     1.00000  -0.991341   0.562508   -20.0482    1.00000    1.00000
     1.00000    19.0001    3.13736    12.9538    1.00000    1.00000
     1.00000   -38.5904    3.14614   -18.4488    1.00000    1.00000
     1.00000    26.2150    7.12892    33.0096    1.00000    1.00000
     1.00000   -9.77467  -0.323830   -27.4022    1.00000    1.00000
     1.00000    15.2400    5.60114   -9.99500    1.00000    1.00000
     1.00000   -29.4538   -9.90630   -19.8279    1.00000    1.00000
     1.00000    40.8350   -19.9309    28.6876    1.00000    1.00000
     1.00000    5.05453    2.78860   -15.2452    1.00000    1.00000
     1.00000    10.7383    4.14962    12.9549    1.00000    1.00000
     1.00000   -32.2697   -5.81649    1.98162    1.00000    1.00000
     1.00000    17.5265    16.5665    21.2348    1.00000    1.00000
     1.00000   -29.0407    3.40564   -24.1396    1.00000    1.00000
     1.00000    23.2391    3.42218    3.36553    1.00000    1.00000
     1.00000   -36.5976   -20.4389   -11.8661    1.00000    1.00000
     1.00000    27.3207   -2.39427    29.1025    1.00000    1.00000
     1.00000   -4.63715   -5.11191   -29.5346    1.00000    1.00000
     1.00000    22.0002    13.5387    13.9363    1.00000    1.00000
     1.00000   -42.9860   0.486153   -14.0789    1.00000    1.00000
     1.00000    20.1488    9.91941    27.2672    1.00000    1.00000
     1.00000   -19.6326   -4.14088   -24.5096    1.00000    1.00000
     1.00000    9.22806    1.21421    3.00909    1.00000    1.00000
     1.00000   -25.5728   -6.74937   -17.5850    1.00000    1.00000
     1.00000    29.0384   -13.1399    26.0941    1.00000    1.00000
     1.00000    7.41667    2.79474   -22.4988    1.00000    1.00000
     1.00000    6.41942    8.13459    9.68844    1.00000    1.00000
     1.00000   -37.5940   -1.60088   -6.60130    1.00000    1.00000
     1.00000    21.1667    14.5710    24.5234    1.00000    1.00000
     1.00000   -24.3677   -13.5385   -26.6344    1.00000    1.00000
     1.00000    24.6294   -1.86495   -7.37206    1.00000    1.00000
     1.00000   -36.2567   -13.5259   -9.92305    1.00000    1.00000
     1.00000    26.7802    1.67780    29.2187    1.00000    1.00000
     1.00000   0.165443    5.86900   -19.4178    1.00000    1.00000
     1.00000    20.9046    5.70164    16.3137    1.00000    1.00000
     1.00000   -45.8176    6.99416   -13.8683    1.00000    1.00000
     1.00000    20.4891    7.64590    38.1645    1.00000    1.00000
     1.00000   -18.5104   0.168373   -27.7043    1.00000    1.00000
     1.00000    20.2546    8.21796   -1.87300    1.00000    1.00000
     1.00000   -28.5411   -6.36476   -19.6858    1.00000    1.00000
     1.00000    39.7228   -13.6178    27.8664    1.00000    1.00000
     1.00000    3.27012    9.04107   -6.90926    1.00000    1.00000
     1.00000    17.5418    4.28177    12.2031    1.00000    1.00000
     1.00000   -30.9882   -5.49912  -0.786125    1.00000    1.00000
     1.00000    22.9884    12.7604    19.4991    1.00000    1.00000
     1.00000   -27.4614   -4.50935   -23.7048    1.00000    1.00000
     1.00000    24.2684    7.14666    3.91898    1.00000    1.00000
     1.00000   -36.8338   -17.5146   -14.3546    1.00000    1.00000
     1.00000    28.4694   -11.2478    26.4048    1.00000    1.00000
     1.00000   -6.99305   -4.48148   -23.9360    1.00000    1.00000
     1.00000    27.3457    8.27547    11.9928    1.00000    1.00000
     1.00000   -38.6000    2.03098   -9.39766    1.00000    1.00000
     1.00000    23.4903    6.46839    28.0340    1.00000    1.00000
     1.00000   -21.9260   -1.79801   -19.2834    1.00000    1.00000
     1.00000    10.5877    4.61147   -8.23669E-02    1.00000    1.00000
     1.00000   -32.0351   -3.06027   -8.14083    1.00000    1.00000
     1.00000    39.2594   -11.5172    28.4826    1.00000    1.00000
     1.00000    6.98843    4.63855   -17.8047    1.00000    1.00000
     1.00000    11.6370    4.05608    8.74265    1.00000    1.00000
     1.00000   -35.8504   -2.74817   -7.04558    1.00000    1.00000
     1.00000    18.7272    11.1016    30.2570    1.00000    1.00000
     1.00000   -28.6972   -5.59069   -30.1400    1.00000    1.00000
     1.00000    21.3174    3.25001   -1.05476    1.00000    1.00000
     1.00000   -37.8177   -9.70071   -15.9372    1.00000    1.00000
     1.00000    23.5020  -0.940292    30.0363    1.00000    1.00000
     1.00000    1.64795E-02    2.27802   -19.8449    1.00000    1.00000
     1.00000    18.6795    1.99826    11.3414    1.00000    1.00000
     1.00000   -40.2591    6.49220   -16.5220    1.00000    1.00000
     1.00000    28.8119    8.82598    34.1519    1.00000    1.00000
     1.00000   -8.32332  -0.469978   -26.0339    1.00000    1.00000
     1.00000   10.38305    8.32486   -5.58566    1.00000    1.00000
     1.00000   -33.4897   -12.8469   -16.2902    1.00000    1.00000
     1.00000    43.6893   -17.2712    32.5346    1.00000    1.00000
     1.00000    5.29826    4.38199   -14.0612    1.00000    1.00000
     1.00000    12.6825  -0.107868    11.5886    1.00000    1.00000
     1.00000   -27.6935   -7.34002    1.33430    1.00000    1.00000
     1.00000    22.0077    15.2987    22.4894    1.00000    1.00000
     1.00000   -25.8320    3.81241E-02   -26.6680    1.00000    1.00000
     1.00000    21.6292    2.69276   0.840553    1.00000    1.00000
     1.00000   -33.2130   -18.6816   -10.5773    1.00000    1.00000
     1.00000    27.9758   -1.92811    32.5298    1.00000    1.00000
     1.00000   -4.44844   -9.68327   -32.4957    1.00000    1.00000
     1.00000    25.2594    11.9949    11.1254    1.00000    1.00000
     1.00000   -41.3857    5.46772   -12.9555    1.00000    1.00000
     1.00000    20.6988    6.58844    28.2117    1.00000    1.00000
     1.00000   -20.6294   -4.59379   -19.4424    1.00000    1.00000
     1.00000   10.45668    1.13481    4.58523    1.00000    1.00000
     1.00000   -27.5831   -4.46320   -17.3880    1.00000    1.00000
     1.00000    32.1026   -12.3276    20.7093    1.00000    1.00000
     1.00000    4.63217    1.45858   -18.5981    1.00000    1.00000
     1.00000    2.62120    10.6384    6.48660    1.00000    1.00000
     1.00000   -31.2145   0.517860   -5.83205    1.00000    1.00000
     1.00000    25.2991    16.4281    26.0518    1.00000    1.00000
     1.00000   -27.3330   -9.16360   -24.7649    1.00000    1.00000
     1.00000    27.1584   -5.50499   -7.37135    1.00000    1.00000
     1.00000   -32.9673   -13.6208   -5.63457    1.00000    1.00000
     1.00000    26.3222    3.60377    28.9343    1.00000    1.00000
     1.00000   0.317078    4.58772   -17.3524    1.00000    1.00000
     1.00000    21.5201    8.70458    17.2314    1.00000    1.00000
     1.00000   -44.3472    5.44003   -17.9840    1.00000    1.00000
     1.00000    20.3167    6.55863    39.8343    1.00000    1.00000
     1.00000   -14.4415    2.32790   -25.1144    1.00000    1.00000
     1.00000    18.5760    7.86095   -6.46924    1.00000    1.00000
     1.00000   -29.0756   -8.52872   -17.3847    1.00000    1.00000
     1.00000    41.2847   -11.8314    23.4983    1.00000    1.00000
     1.00000    5.24069    6.58557   -8.11657    1.00000    1.00000
     1.00000    13.7854    8.23551    14.4261    1.00000    1.00000
     1.00000   -30.6506   -6.36605   -6.23808    1.00000    1.00000
     1.00000    22.2878    10.7923    20.9019    1.00000    1.00000
     1.00000   -25.2024   -3.25522   -22.1080    1.00000    1.00000
     1.00000    26.1769    5.63978   10.14703    1.00000    1.00000
     1.00000   -37.1703   -14.4312   -11.9178    1.00000    1.00000
     1.00000    25.9272   -4.84244    33.6238    1.00000    1.00000
     1.00000   -4.53519   -3.22847   -26.1650    1.00000    1.00000
     1.00000    22.9633    6.52974    13.4879    1.00000    1.00000
     1.00000   -40.6230   0.172646   -6.58920    1.00000    1.00000
     1.00000    23.5602    8.34124    28.7323    1.00000    1.00000
     1.00000   -23.0482   0.124901   -24.5712    1.00000    1.00000
     1.00000    11.9128    5.24223   -4.04736    1.00000    1.00000
     1.00000   -30.1635   -4.34319   -11.9327    1.00000    1.00000
     1.00000    36.1104   -12.1078    24.6564    1.00000    1.00000
     1.00000    13.1423    1.43068   -18.0603    1.00000    1.00000
     1.00000    13.3718    1.71179    9.56025    1.00000    1.00000
     1.00000   -34.6295   -6.65709   -5.73169    1.00000    1.00000
     1.00000    24.7828    13.0411    29.8092    1.00000    1.00000
     1.00000   -26.8821   -4.85268   -30.5408    1.00000    1.00000
     1.00000    23.9289   0.541718   -3.13548    1.00000    1.00000
     1.00000   -33.7234   -16.0867   -17.9924    1.00000    1.00000
     1.00000    23.8025   0.733688    31.0887    1.00000    1.00000
     1.00000   -3.99371   0.794762   -22.6084    1.00000    1.00000
     1.00000    20.7111    3.28170    13.9794    1.00000    1.00000
     1.00000   -38.1789  -0.141617   -18.5611    1.00000    1.00000
     1.00000    25.9161    7.58950    35.4919    1.00000    1.00000
     1.00000   -11.1493  -0.326820   -28.8548    1.00000    1.00000
