     1.00000    7.87118   -49.3896    13.2569    1.00000    1.00000
     1.00000   -17.7170    51.3752    5.90368    1.00000    1.00000
     1.00000    6.66050    8.29356   -8.27657    1.00000    1.00000
     1.00000    3.04241    2.74752   -5.56241    1.00000    1.00000
     1.00000   -6.21706   -32.3256   -14.2271    1.00000    1.00000
     1.00000    7.02172    36.6854    9.54243    1.00000    1.00000
     1.00000   -5.71772   -33.1079    1.61247    1.00000    1.00000
     1.00000    1.48754    42.9176   -2.55433    1.00000    1.00000
     1.00000    10.8910   -43.7938    7.93313    1.00000    1.00000
     1.00000   -6.70793    44.0205    3.54543    1.00000    1.00000
     1.00000    4.39576   -17.2563   -2.56011    1.00000    1.00000
     1.00000    3.27213    1.86837    4.39276    1.00000    1.00000
     1.00000    8.05110   -33.7457    1.94605    1.00000    1.00000
     1.00000   -5.51626    34.0687    6.10846    1.00000    1.00000
     1.00000   -16.4783   -26.2190    6.72007    1.00000    1.00000
     1.00000   -4.94920    6.08727   -2.36166    1.00000    1.00000
     1.00000   -1.92302   -45.9848    17.7352    1.00000    1.00000
     1.00000   -3.07463    50.1959    1.28059E-02    1.00000    1.00000
     1.00000    4.94288   -11.4407   -15.2558    1.00000    1.00000
     1.00000    10.7901    4.52018    1.45321    1.00000    1.00000
     1.00000  -0.515160   -36.6486   -12.3240    1.00000    1.00000
     1.00000    1.82775    38.7457    9.65212    1.00000    1.00000
     1.00000   -4.05936   -24.8352   -4.61919    1.00000    1.00000
     1.00000    3.29059    28.2857   -13.0481    1.00000    1.00000
     1.00000    8.12167   -43.0365    15.5069    1.00000    1.00000
     1.00000   -10.7211    40.1325    3.64041    1.00000    1.00000
     1.00000    6.36574   -8.82534   -11.3451    1.00000    1.00000
     1.00000    1.94423  -0.169426   -2.26324    1.00000    1.00000
     1.00000    7.22529   -24.5479   -1.03561    1.00000    1.00000
     1.00000   -5.45804    34.0673    3.98885    1.00000    1.00000
     1.00000   -9.18232   -19.0888    6.24546    1.00000    1.00000
     1.00000   -4.03413    14.5061   -13.5940    1.00000    1.00000
     1.00000    1.19102   -50.3178    18.7743    1.00000    1.00000
     1.00000   -15.4583    51.6617    3.29856    1.00000    1.00000
     1.00000    4.32659    2.26768  -10.01252    1.00000    1.00000
     1.00000    7.55731    2.28854   -1.76363    1.00000    1.00000
     1.00000   -7.52577   -35.4112   -14.7347    1.00000    1.00000
     1.00000   10.32225    36.0167    6.86583    1.00000    1.00000
     1.00000   -2.81220   -24.8732  -0.856632    1.00000    1.00000
     1.00000   0.131084    36.9990   -6.21905    1.00000    1.00000
     1.00000    12.1283   -35.2606    9.31450    1.00000    1.00000
     1.00000   -7.98095    49.6340   -2.80748    1.00000    1.00000
     1.00000    1.01149   -19.5432   -6.51937    1.00000    1.00000
     1.00000    4.26353    7.82479    2.44085    1.00000    1.00000
     1.00000    2.18090   -39.5879   -6.07051    1.00000    1.00000
     1.00000   -10.9444    35.9777   10.32384    1.00000    1.00000
     1.00000   -12.3635   -25.2304    5.78925    1.00000    1.00000
     1.00000   -4.71240    12.8706  -10.03856    1.00000    1.00000
     1.00000    2.52372   -43.4306    14.7905    1.00000    1.00000
     1.00000   -6.99640    50.1393    9.04694E-02    1.00000    1.00000
     1.00000    2.22242   -2.25964   -12.2787    1.00000    1.00000
     1.00000    14.3821    8.30526   0.582336    1.00000    1.00000
     1.00000    2.43459   -34.6387   -15.2550    1.00000    1.00000
     1.00000    4.63260    32.6826    1.87931    1.00000    1.00000
     1.00000   -1.17177   -18.4943   -4.45790    1.00000    1.00000
     1.00000   -2.22920    31.2402   -8.16829    1.00000    1.00000
     1.00000   10.18090   -46.9590    15.3924    1.00000    1.00000
     1.00000  -10.29639    41.5401   10.28843    1.00000    1.00000
     1.00000    10.9790   -12.8362   -7.11298    1.00000    1.00000
     1.00000   -3.34167    1.72425   -1.01236    1.00000    1.00000
     1.00000    3.75190   -32.9251    3.14995    1.00000    1.00000
     1.00000   -5.94764    33.4410   -1.23915    1.00000    1.00000
     1.00000   -4.47702   -23.7494    8.88641    1.00000    1.00000
     1.00000   -2.60212    23.1813   -12.6393    1.00000    1.00000
     1.00000    7.05075   -51.1589    13.8710    1.00000    1.00000
     1.00000   -20.4817    49.5641    7.52573    1.00000    1.00000
     1.00000    8.72832    2.84170   -9.17051    1.00000    1.00000
     1.00000    4.34561    2.59553   -3.53289    1.00000    1.00000
     1.00000   -2.15988   -36.0566  -10.29551    1.00000    1.00000
     1.00000    5.08296    40.9239    7.05506    1.00000    1.00000
     1.00000   -7.87590   -29.2062    3.92837    1.00000    1.00000
     1.00000  -0.958157    38.5720   -5.63686    1.00000    1.00000
     1.00000    8.97177   -38.4895    8.83673    1.00000    1.00000
     1.00000   -9.44391    47.1583  -0.392941    1.00000    1.00000
     1.00000    8.41810   -19.6691   -1.74265    1.00000    1.00000
     1.00000    4.04736    3.92310    2.94192    1.00000    1.00000
     1.00000    9.17815   -36.0242    3.39711    1.00000    1.00000
     1.00000   -8.01076    37.7917    3.74839    1.00000    1.00000
     1.00000   -14.3767   -26.7028    5.15325    1.00000    1.00000
     1.00000   -7.05103    4.60781   -4.15826    1.00000    1.00000
     1.00000    2.26250E-02   -47.3388    14.7261    1.00000    1.00000
     1.00000   -1.94263    45.6252   -2.59192    1.00000    1.00000
     1.00000    1.80684   -8.32656   -9.07772    1.00000    1.00000
     1.00000    14.2277    6.31623   0.723557    1.00000    1.00000
     1.00000    1.78171   -38.5424   -7.72806    1.00000    1.00000
     1.00000    1.94195    38.0027    4.90682    1.00000    1.00000
     1.00000  -0.823616   -22.0350   -3.51748    1.00000    1.00000
     1.00000    4.08426    26.9993  -10.15049    1.00000    1.00000
     1.00000    7.72672   -44.9160    9.63903    1.00000    1.00000
     1.00000   -6.94390    40.6823    9.21346    1.00000    1.00000
     1.00000    8.26860   -8.85059   -11.9603    1.00000    1.00000
     1.00000    2.36826    1.52215   -1.28408    1.00000    1.00000
     1.00000    7.85141   -28.1039   -1.00045    1.00000    1.00000
     1.00000   -1.85273    33.3146    7.48868    1.00000    1.00000
     1.00000   -2.62778   -21.2066    7.14449    1.00000    1.00000
     1.00000   -1.38737    14.4202   -12.3137    1.00000    1.00000
     1.00000    1.50259   -50.0651    15.7306    1.00000    1.00000
     1.00000   -19.1427    55.9264  -0.413090    1.00000    1.00000
     1.00000    3.43110  -0.874001  -10.23834    1.00000    1.00000
     1.00000   10.40230    4.46511   -2.72089    1.00000    1.00000
     1.00000   -7.51365   -39.0788   -17.5700    1.00000    1.00000
     1.00000    11.8655    32.1440    6.65246    1.00000    1.00000
     1.00000   -4.73998   -28.9750    1.10839    1.00000    1.00000
     1.00000    2.00389    37.5973   -6.58597    1.00000    1.00000
     1.00000    11.8702   -33.4109    2.27028    1.00000    1.00000
     1.00000   -3.97215    47.7820   -8.50903    1.00000    1.00000
     1.00000    1.27021   -17.8615   -2.32011    1.00000    1.00000
     1.00000    3.55078    12.0929    6.86708    1.00000    1.00000
     1.00000    4.91618   -38.8042   -2.04914    1.00000    1.00000
     1.00000   -12.0845    37.1724    13.8209    1.00000    1.00000
     1.00000   -12.3600   -21.3589    5.74769    1.00000    1.00000
     1.00000   -6.40714    12.9488   -11.0977    1.00000    1.00000
     1.00000  -0.528149   -43.0969    13.9316    1.00000    1.00000
     1.00000   -11.0375    54.8975    3.89088    1.00000    1.00000
     1.00000  -0.193836   -7.37197   -13.7232    1.00000    1.00000
     1.00000   10.43711    8.25628   0.454815    1.00000    1.00000
     1.00000    3.30546   -31.2102   -15.1810    1.00000    1.00000
     1.00000    3.73722    31.6196    3.41969    1.00000    1.00000
     1.00000   -2.51981   -21.9887   -4.91562    1.00000    1.00000
     1.00000    1.05666    30.7148   -9.51031    1.00000    1.00000
     1.00000    12.5143   -43.9018    14.8160    1.00000    1.00000
     1.00000   -4.91218    43.2640    6.91304    1.00000    1.00000
     1.00000    5.81779   -14.5534   -5.47642    1.00000    1.00000
     1.00000   -3.17943    1.81753    2.58904    1.00000    1.00000
     1.00000    7.20598   -28.4792   0.854969    1.00000    1.00000
     1.00000   -4.84882    34.9560  -0.533749    1.00000    1.00000
     1.00000   -1.96100   -23.5913    9.80932    1.00000    1.00000
     1.00000   -1.62493    27.4958   -14.0064    1.00000    1.00000
     1.00000    9.00957   -48.0197    14.1665    1.00000    1.00000
     1.00000   -17.7448    53.4852    3.95826    1.00000    1.00000
     1.00000    8.65351    5.54684   -7.26939    1.00000    1.00000
     1.00000    2.22025   -8.42056E-02   -5.09110    1.00000    1.00000
     1.00000   -6.86027   -34.1946   -13.2935    1.00000    1.00000
     1.00000    4.19156    37.7899    8.04988    1.00000    1.00000
     1.00000   -6.38261   -31.8976    3.05919    1.00000    1.00000
     1.00000  -0.987617    42.2519   -4.95330    1.00000    1.00000
     1.00000    9.35137   -41.2725    9.54166    1.00000    1.00000
     1.00000   -8.92012    42.2908   0.745235    1.00000    1.00000
     1.00000    6.51495   -16.4046   -5.18106    1.00000    1.00000
     1.00000    3.88173   -1.48728    5.47989    1.00000    1.00000
     1.00000   10.07381   -31.6836    3.81102    1.00000    1.00000
     1.00000   -7.41658    35.7719    8.89855    1.00000    1.00000
     1.00000   -18.5260   -27.5136    9.14193    1.00000    1.00000
     1.00000   -5.19246    7.73534   -4.66000    1.00000    1.00000
     1.00000   0.364178   -45.5222    15.4899    1.00000    1.00000
     1.00000   -2.99775    46.4764   -1.12153    1.00000    1.00000
     1.00000    1.92459  -10.29098   -12.9971    1.00000    1.00000
     1.00000    11.6195    1.58706    2.57409    1.00000    1.00000
     1.00000    2.59885   -37.1447   -12.8399    1.00000    1.00000
     1.00000   -1.13435    37.3156   10.17299    1.00000    1.00000
     1.00000  -0.795391   -25.4735   -4.45311    1.00000    1.00000
     1.00000   0.842285    30.6779   -11.5274    1.00000    1.00000
     1.00000    11.3186   -45.5226    11.8574    1.00000    1.00000
     1.00000   -8.88313    40.1005    6.61690    1.00000    1.00000
     1.00000    4.47828   -8.16837   -11.2683    1.00000    1.00000
     1.00000    4.05617E-02   0.398827   -2.49377    1.00000    1.00000
     1.00000    7.17327   -26.7161   -3.51623    1.00000    1.00000
     1.00000  -0.831894    36.0546    4.33543    1.00000    1.00000
     1.00000   -7.33105   -19.6712    5.76205    1.00000    1.00000
     1.00000   -6.01807    17.0693   -14.0530    1.00000    1.00000
     1.00000    4.69401   -49.0935    19.4034    1.00000    1.00000
     1.00000   -15.5728    53.8546    2.88736    1.00000    1.00000
     1.00000    5.39337   0.223091   -6.94419    1.00000    1.00000
     1.00000    8.99966    3.89037   0.822655    1.00000    1.00000
     1.00000   -5.95101   -33.8622   -16.6468    1.00000    1.00000
     1.00000    9.12665    37.2334    7.90998    1.00000    1.00000
     1.00000   -5.23653   -27.7943  -0.427685    1.00000    1.00000
     1.00000    2.74295    36.0663   -3.67767    1.00000    1.00000
     1.00000    11.3910   -35.4992    7.47071    1.00000    1.00000
     1.00000   -6.11969    51.7567   -3.63581    1.00000    1.00000
     1.00000   0.824417   -16.9459   -7.12846    1.00000    1.00000
     1.00000    1.24028    7.85686    2.27480    1.00000    1.00000
     1.00000    3.64656   -37.5592   -2.96466    1.00000    1.00000
     1.00000   -9.38680    36.4535    11.4847    1.00000    1.00000
     1.00000   -12.7074   -27.5708    3.02518    1.00000    1.00000
     1.00000   -5.42653    8.88929   -6.27667    1.00000    1.00000
     1.00000    2.22818   -44.7269    17.3625    1.00000    1.00000
     1.00000   -8.56693    52.8250    2.01226    1.00000    1.00000
     1.00000  -0.274853   -3.98690   -13.6195    1.00000    1.00000
     1.00000    15.4729    9.81568   -2.43021    1.00000    1.00000
     1.00000   0.584644   -35.3979   -15.2180    1.00000    1.00000
     1.00000    6.61112    32.4364    1.72162    1.00000    1.00000
     1.00000   -3.66933   -16.3983   -2.65351    1.00000    1.00000
     1.00000  -0.429115    30.3700   -8.21665    1.00000    1.00000
     1.00000   10.20575   -46.5124    18.2176    1.00000    1.00000
     1.00000   -10.9774    43.4606    8.39821    1.00000    1.00000
     1.00000    6.84011   -11.1280   -8.76302    1.00000    1.00000
     1.00000   -2.41506    3.94821E-02  -0.461971    1.00000    1.00000
     1.00000    6.46178   -33.0031    2.90664    1.00000    1.00000
     1.00000   -8.01528    31.3413   -3.73371    1.00000    1.00000
     1.00000   -3.12405   -23.6204    5.24308    1.00000    1.00000
     1.00000   -4.85145    20.1891   -12.4621    1.00000    1.00000
     1.00000    3.19255   -49.0412    16.0398    1.00000    1.00000
     1.00000   -19.9212    45.3397    6.96625    1.00000    1.00000
     1.00000    6.76778    2.93967   -9.55349    1.00000    1.00000
     1.00000    4.63508    3.81934   -6.12331    1.00000    1.00000
     1.00000   -4.52942   -36.2454   -10.7528    1.00000    1.00000
     1.00000    8.13992    38.2750    6.26771    1.00000    1.00000
     1.00000   -11.2687   -28.9238    3.34073    1.00000    1.00000
     1.00000   -1.34902    42.1455   -6.91749    1.00000    1.00000
     1.00000   10.46512   -38.5026   10.16704    1.00000    1.00000
     1.00000   -8.67057    50.1537   -1.00350    1.00000    1.00000
     1.00000    8.81923   -21.4634   -2.52978    1.00000    1.00000
     1.00000    2.93771    3.24929    1.42052    1.00000    1.00000
     1.00000    6.12822   -37.2111    1.17160    1.00000    1.00000
     1.00000   -8.34251    36.3915    5.13740    1.00000    1.00000
     1.00000   -14.6493   -28.3223    4.01178    1.00000    1.00000
     1.00000   -9.38219    3.62336   -4.29572    1.00000    1.00000
     1.00000    1.99743   -47.8543    14.9615    1.00000    1.00000
     1.00000   -2.59336    43.7375   -2.47704    1.00000    1.00000
     1.00000   0.667419   -7.90371   -11.9982    1.00000    1.00000
     1.00000    15.0743    5.34524  -0.806263    1.00000    1.00000
     1.00000   -1.35840   -37.9923   -8.74008    1.00000    1.00000
     1.00000    3.54265    35.6627    4.28392    1.00000    1.00000
     1.00000   -1.83162   -24.9419   -2.82719    1.00000    1.00000
     1.00000    2.53679    28.1698   -10.6356    1.00000    1.00000
     1.00000    7.53791   -43.9889    11.4011    1.00000    1.00000
     1.00000   -6.24727    40.9865    6.57828    1.00000    1.00000
     1.00000    7.26385   -9.17356   -8.79121    1.00000    1.00000
     1.00000   0.523998    3.78266   -1.05216    1.00000    1.00000
     1.00000    9.44310   -28.7696   -4.16578    1.00000    1.00000
     1.00000   -3.38216    33.2236    3.98897    1.00000    1.00000
     1.00000   -1.14162   -23.1902    5.27274    1.00000    1.00000
     1.00000   -2.50999    16.7249   -16.8290    1.00000    1.00000
     1.00000   0.578777   -48.7395    17.7093    1.00000    1.00000
     1.00000   -17.3386    53.5447    2.00084    1.00000    1.00000
     1.00000    3.37029   -1.32607   -6.58689    1.00000    1.00000
     1.00000    11.7887    1.85206   -2.19516    1.00000    1.00000
     1.00000   -7.77751   -37.1217   -17.8863    1.00000    1.00000
     1.00000    11.7744    32.7805    9.79834    1.00000    1.00000
     1.00000   -6.31206   -27.2051    4.20481    1.00000    1.00000
     1.00000   0.490177    34.6264   -9.92878    1.00000    1.00000
     1.00000    13.5946   -33.1475    5.19931    1.00000    1.00000
     1.00000   -2.65446    49.9300   -6.52499    1.00000    1.00000
     1.00000    2.71795   -20.4636   -3.71391    1.00000    1.00000
     1.00000    2.32310    9.62804    5.82247    1.00000    1.00000
     1.00000    8.52398   -38.1557   -2.87839    1.00000    1.00000
     1.00000   -12.6645    33.7133    12.9329    1.00000    1.00000
     1.00000   -14.5363   -18.0379    5.49274    1.00000    1.00000
     1.00000   -5.93266    14.1735   -14.4464    1.00000    1.00000
     1.00000   0.114506   -41.4438    14.8557    1.00000    1.00000
     1.00000  -10.49612    52.3437    1.79655    1.00000    1.00000
     1.00000   -1.96337   -5.93459   -9.59694    1.00000    1.00000
     1.00000    11.5796    7.41651    3.97677    1.00000    1.00000
     1.00000    2.69132   -32.6048   -16.4763    1.00000    1.00000
     1.00000    1.18435    34.5839    3.19098    1.00000    1.00000
     1.00000   -3.87806   -20.7558   -3.88898    1.00000    1.00000
     1.00000    1.22626    32.3966   -10.5794    1.00000    1.00000
     1.00000    14.6782   -43.7774    14.1957    1.00000    1.00000
     1.00000   -7.49461    42.4131    4.52034    1.00000    1.00000
     1.00000    6.15976   -12.1633   -6.16719    1.00000    1.00000
     1.00000   -1.36849    2.02670   -1.13547    1.00000    1.00000
     1.00000    5.40850   -28.1398    2.39960    1.00000    1.00000
     1.00000   -4.73476    35.6360    2.98082    1.00000    1.00000
     1.00000   -3.74760   -24.6932   10.49178    1.00000    1.00000
     1.00000   -2.83931    24.5244   -14.1022    1.00000    1.00000
     1.00000    5.97773   -48.7490    13.1907    1.00000    1.00000
     1.00000   -18.0064    49.3985    5.80931    1.00000    1.00000
     1.00000    5.24411    9.10638   -7.12196    1.00000    1.00000
     1.00000    1.52089    1.75385   -4.72718    1.00000    1.00000
     1.00000   -5.13884   -33.2826   -12.8409    1.00000    1.00000
     1.00000    8.64945    35.9654   10.45461    1.00000    1.00000
     1.00000   -7.71715   -33.0607    1.60386    1.00000    1.00000
     1.00000  -0.426792    42.8516   -3.12963    1.00000    1.00000
     1.00000    8.94999   -43.9424    8.39167    1.00000    1.00000
     1.00000   -8.17780    45.1189    2.74974    1.00000    1.00000
     1.00000    5.65503   -18.5376   -3.43909    1.00000    1.00000
     1.00000    4.89397    1.31568    5.42434    1.00000    1.00000
     1.00000    8.94373   -31.9721    2.18631    1.00000    1.00000
     1.00000   -5.90575    35.1518    7.74407    1.00000    1.00000
     1.00000   -16.3238   -25.3638    8.52142    1.00000    1.00000
     1.00000   -5.21088    4.23840   -1.64528    1.00000    1.00000
     1.00000   -1.49530   -46.2066    15.7941    1.00000    1.00000
     1.00000   -4.97625    50.1330  -0.603527    1.00000    1.00000
     1.00000    3.23110   -11.0925   -14.2819    1.00000    1.00000
     1.00000    11.4669    4.65382    3.33049    1.00000    1.00000
     1.00000   0.944160   -37.9996   -12.1110    1.00000    1.00000
     1.00000    2.22262    38.0534    7.81780    1.00000    1.00000
     1.00000   -4.58195   -25.7254   -2.90616    1.00000    1.00000
     1.00000    4.69473    28.2033   -11.6262    1.00000    1.00000
     1.00000    9.13850   -44.0249    14.0965    1.00000    1.00000
     1.00000   -8.74043    40.3936    3.73359    1.00000    1.00000
     1.00000    6.76934   -7.19115  -10.26507    1.00000    1.00000
     1.00000    3.10603    1.03579   -3.35762    1.00000    1.00000
     1.00000    8.28186   -22.8578   -1.20056    1.00000    1.00000
     1.00000   -4.01569    34.9480    5.05843    1.00000    1.00000
     1.00000   -10.6828   -20.4106    6.28415    1.00000    1.00000
     1.00000   -4.81223    15.7511   -14.9521    1.00000    1.00000
     1.00000    1.83528   -51.6545    20.1153    1.00000    1.00000
     1.00000   -15.3140    49.8347    4.09943    1.00000    1.00000
     1.00000    5.37439    1.47205   -8.50616    1.00000    1.00000
     1.00000    6.28547    2.16685   -3.30233    1.00000    1.00000
     1.00000   -6.34502   -35.7927   -16.3032    1.00000    1.00000
     1.00000    11.5494    34.6253    7.61290    1.00000    1.00000
     1.00000   -4.55889   -23.8992  -0.875851    1.00000    1.00000
     1.00000    1.00668    35.2967   -5.63971    1.00000    1.00000
     1.00000    12.2830   -36.0546    11.1436    1.00000    1.00000
     1.00000   -6.04066    49.5624   -2.32775    1.00000    1.00000
     1.00000    2.44406   -19.1360   -5.18449    1.00000    1.00000
     1.00000    4.19584    5.91552    3.03257    1.00000    1.00000
     1.00000    2.66301   -37.9901   -4.96852    1.00000    1.00000
     1.00000   -12.4042    34.8011    11.0199    1.00000    1.00000
     1.00000   -11.9700   -25.9720    3.97402    1.00000    1.00000
     1.00000   -5.54553    12.2816   -8.31838    1.00000    1.00000
     1.00000    1.06659   -42.7819    15.9971    1.00000    1.00000
     1.00000   -6.35441    51.3816   -1.33942    1.00000    1.00000
     1.00000    2.15183   -2.41064  -10.28565    1.00000    1.00000
     1.00000    14.7554    9.98763    1.59734    1.00000    1.00000
     1.00000    3.37626   -36.3978   -15.1174    1.00000    1.00000
     1.00000    3.42652    31.1317    1.50517    1.00000    1.00000
     1.00000   -2.96001   -17.8140   -3.87527    1.00000    1.00000
     1.00000   -2.69212    31.3624   -6.22644    1.00000    1.00000
     1.00000    8.65312   -45.8681    14.7026    1.00000    1.00000
     1.00000  -10.51297    41.5178    8.30031    1.00000    1.00000
     1.00000    9.18669   -12.0742   -6.65804    1.00000    1.00000
     1.00000   -4.31172    2.12470   -2.71490    1.00000    1.00000
     1.00000    5.21509   -31.7522    3.84522    1.00000    1.00000
     1.00000   -6.78941    34.6352   -2.60489    1.00000    1.00000
     1.00000   -6.26037   -22.9758    8.41613    1.00000    1.00000
     1.00000   -1.34716    21.8133   -13.3833    1.00000    1.00000
     1.00000    6.05361   -49.7701    14.9087    1.00000    1.00000
     1.00000   -19.9784    49.1085    5.64447    1.00000    1.00000
     1.00000    8.26353    3.58802   -7.37414    1.00000    1.00000
     1.00000    2.61724    3.03109   -2.62569    1.00000    1.00000
     1.00000   -3.01925   -36.7399   -11.9672    1.00000    1.00000
     1.00000    6.61924    39.8589    7.76622    1.00000    1.00000
     1.00000   -7.99884   -31.2008    4.00911    1.00000    1.00000
     1.00000  -0.567158    40.3787   -6.40034    1.00000    1.00000
     1.00000    8.19632   -39.7647   10.16807    1.00000    1.00000
     1.00000   -9.06696    46.2015    1.32241    1.00000    1.00000
     1.00000    7.44971   -18.1658   -2.63847    1.00000    1.00000
     1.00000    5.05912    3.80784    4.66328    1.00000    1.00000
     1.00000    7.69533   -35.7083    2.09271    1.00000    1.00000
     1.00000   -9.99131    38.0603    3.67579    1.00000    1.00000
     1.00000   -16.2724   -26.2257    4.73070    1.00000    1.00000
     1.00000   -5.84859    3.27431   -3.27742    1.00000    1.00000
     1.00000   0.154305   -47.0874    12.7463    1.00000    1.00000
     1.00000   -1.41806    45.7350   -4.51878    1.00000    1.00000
     1.00000   0.417767   -9.00428  -10.34705    1.00000    1.00000
     1.00000    13.7738    4.44332    1.25851    1.00000    1.00000
     1.00000   0.911457   -38.2518   -9.50521    1.00000    1.00000
     1.00000    1.54769    36.7750    6.43567    1.00000    1.00000
     1.00000   -1.13127   -21.4802   -1.62073    1.00000    1.00000
     1.00000    5.50714    25.6189  -10.41451    1.00000    1.00000
     1.00000    9.21315   -45.8345    10.6121    1.00000    1.00000
     1.00000   -7.88936    39.2798    8.14622    1.00000    1.00000
     1.00000   10.05378   -8.15217   -11.3900    1.00000    1.00000
     1.00000    3.68378    2.70739  -0.354218    1.00000    1.00000
     1.00000    9.67117   -28.8731   -1.31156    1.00000    1.00000
     1.00000   -3.14986    33.3916    5.96831    1.00000    1.00000
     1.00000   -3.66784   -20.4307    5.62257    1.00000    1.00000
     1.00000   -2.21248    15.2600   -13.9305    1.00000    1.00000
     1.00000  -0.390205   -50.7111    15.7276    1.00000    1.00000
     1.00000   -18.7333    54.5516   0.980640    1.00000    1.00000
     1.00000    4.06589  -0.689674   -8.35073    1.00000    1.00000
     1.00000    9.99977    4.58186  -0.765301    1.00000    1.00000
     1.00000   -5.71112   -38.2339   -17.7624    1.00000    1.00000
     1.00000    12.3074    31.3982    8.45481    1.00000    1.00000
     1.00000   -4.27144   -28.6667    3.02813    1.00000    1.00000
     1.00000    2.56832    37.5723   -8.50451    1.00000    1.00000
     1.00000    11.5331   -35.3695    2.04591    1.00000    1.00000
     1.00000   -2.61828    48.0014   -7.05338    1.00000    1.00000
     1.00000  -0.480244   -17.2403   -3.06173    1.00000    1.00000
     1.00000    2.24728    10.7144    7.49997    1.00000    1.00000
     1.00000    6.75620   -39.0860   -2.78053    1.00000    1.00000
     1.00000   -11.1381    38.9014    13.4818    1.00000    1.00000
     1.00000   -12.4475   -23.2999    5.27345    1.00000    1.00000
     1.00000   -7.76223    13.2565   -9.65926    1.00000    1.00000
     1.00000   0.886471   -43.3942    12.5494    1.00000    1.00000
     1.00000  -10.43279    53.0024    3.68389    1.00000    1.00000
     1.00000   0.397404   -5.69051   -12.8159    1.00000    1.00000
     1.00000    12.4010    8.17591   0.824482    1.00000    1.00000
     1.00000    5.05848   -30.2477   -15.2037    1.00000    1.00000
     1.00000    2.74348    33.3323    3.13832    1.00000    1.00000
     1.00000   -1.91105   -20.3944   -3.87268    1.00000    1.00000
     1.00000    1.75077    30.0146   -7.77023    1.00000    1.00000
     1.00000    12.7257   -44.5585    16.6932    1.00000    1.00000
     1.00000   -5.74947    43.2011    5.09783    1.00000    1.00000
     1.00000    5.58218   -15.2058   -7.35230    1.00000    1.00000
     1.00000   -2.35921    3.21827    1.42064    1.00000    1.00000
     1.00000    6.62085   -29.8676    2.17030    1.00000    1.00000
     1.00000   -2.96152    35.0773   -1.18444    1.00000    1.00000
     1.00000   -1.26421   -21.7221    9.95274    1.00000    1.00000
     1.00000   0.126728    27.3863   -13.0474    1.00000    1.00000
     1.00000   10.08730   -49.4335    13.2501    1.00000    1.00000
     1.00000   -18.9654    51.9840    4.46468    1.00000    1.00000
     1.00000    7.04588    6.33443   -8.16115    1.00000    1.00000
     1.00000    2.01863   -2.02824   -4.66677    1.00000    1.00000
     1.00000   -7.39515   -35.9704   -12.5449    1.00000    1.00000
     1.00000    5.27449    37.6414    9.72476    1.00000    1.00000
     1.00000   -5.19397   -30.4279    2.40563    1.00000    1.00000
     1.00000   -2.12621    43.8699   -4.66099    1.00000    1.00000
     1.00000    10.9410   -42.4822    9.44217    1.00000    1.00000
     1.00000   -7.66836    43.4254    1.81565    1.00000    1.00000
     1.00000    7.10677   -18.2744   -4.78935    1.00000    1.00000
     1.00000    5.04159  -0.299248    6.59491    1.00000    1.00000
     1.00000    12.0057   -32.1993    3.85566    1.00000    1.00000
     1.00000   -7.52127    36.4845    10.7644    1.00000    1.00000
     1.00000   -17.5651   -27.7522    7.40421    1.00000    1.00000
     1.00000   -3.75749    6.57247   -3.89280    1.00000    1.00000
     1.00000   -1.11719   -44.9797    14.2605    1.00000    1.00000
     1.00000   -2.91789    48.2065  -0.121330    1.00000    1.00000
     1.00000    2.19769   -8.32186   -13.2162    1.00000    1.00000
     1.00000    12.2590    3.16473    1.52436    1.00000    1.00000
     1.00000    2.81287   -35.6895   -11.4847    1.00000    1.00000
     1.00000   0.272694    37.7909    8.83348    1.00000    1.00000
     1.00000   -2.64427   -26.2358   -4.42984    1.00000    1.00000
     1.00000    1.67379    29.4492   -12.8686    1.00000    1.00000
     1.00000    9.45286   -45.1585    12.4791    1.00000    1.00000
     1.00000  -10.10557    39.2128    5.30632    1.00000    1.00000
     1.00000    3.21601   -9.68481   -11.5955    1.00000    1.00000
     1.00000  -0.172840  -0.681602  -0.824291    1.00000    1.00000
     1.00000    7.98708   -26.2541   -1.74865    1.00000    1.00000
     1.00000   -2.78839    36.0432    3.92073    1.00000    1.00000
     1.00000   -5.55164   -20.4132    6.29413    1.00000    1.00000
     1.00000   -4.72554    18.5035   -13.5312    1.00000    1.00000
     1.00000    3.54199   -50.6193    19.9904    1.00000    1.00000
     1.00000   -13.9143    52.7604    2.65902    1.00000    1.00000
     1.00000    4.20079    1.07803E-02   -5.35276    1.00000    1.00000
     1.00000    7.35842    3.01331    8.97827E-02    1.00000    1.00000
     1.00000   -4.27389   -33.1947   -15.7856    1.00000    1.00000
     1.00000    7.63819    36.1798    7.08867    1.00000    1.00000
     1.00000   -4.01530   -26.2550   -5.46227E-02    1.00000    1.00000
     1.00000    2.83953    34.6863   -5.12201    1.00000    1.00000
     1.00000    12.3958   -34.4959    6.06218    1.00000    1.00000
     1.00000   -4.75165    50.2981   -3.66833    1.00000    1.00000
     1.00000    2.32735   -18.2544   -7.29873    1.00000    1.00000
     1.00000    2.71751    8.85587    3.18023    1.00000    1.00000
     1.00000    4.53013   -38.5166   -4.48212    1.00000    1.00000
     1.00000  -10.27843    38.2136    11.8121    1.00000    1.00000
     1.00000   -14.5565   -27.0295    2.48859    1.00000    1.00000
     1.00000   -5.53052   10.44280   -7.53197    1.00000    1.00000
     1.00000    3.37786   -44.9674    15.7437    1.00000    1.00000
     1.00000   -7.57473    52.0145   0.476429    1.00000    1.00000
     1.00000    1.70764   -3.74361   -13.5168    1.00000    1.00000
     1.00000    14.4051    8.46619   -1.41105    1.00000    1.00000
     1.00000    1.49081   -35.5939   -13.4459    1.00000    1.00000
     1.00000    8.21550    33.5361    2.18716    1.00000    1.00000
     1.00000   -4.94046   -17.9109   -2.96404    1.00000    1.00000
     1.00000  -0.119591    28.7407   -7.09883    1.00000    1.00000
     1.00000    11.4184   -46.0722    16.6893    1.00000    1.00000
     1.00000   -9.44896    43.2774    7.12134    1.00000    1.00000
     1.00000    7.55851   -10.9395   -6.90603    1.00000    1.00000
     1.00000   -3.92880  -0.241142   -1.73863    1.00000    1.00000
     1.00000    6.00420   -31.6505    1.50628    1.00000    1.00000
     1.00000   -7.46676    33.2585   -3.88771    1.00000    1.00000
     1.00000   -3.41111   -23.4729    7.21687    1.00000    1.00000
     1.00000   -3.18576    21.2197   -12.8664    1.00000    1.00000
     1.00000    4.45546   -50.5739    15.8031    1.00000    1.00000
     1.00000   -19.9676    47.2587    6.40471    1.00000    1.00000
     1.00000    6.03078    1.36062  -10.53503    1.00000    1.00000
     1.00000    4.39862    4.46378   -4.24480    1.00000    1.00000
     1.00000   -5.63182   -35.1767   -12.0344    1.00000    1.00000
     1.00000    7.28245    37.9940    8.05259    1.00000    1.00000
     1.00000   -9.69773   -28.6648    4.55103    1.00000    1.00000
     1.00000   -3.00592    42.7504   -7.86021    1.00000    1.00000
     1.00000   10.40513   -36.7421    11.1141    1.00000    1.00000
     1.00000   -9.06085    48.9027   0.507309    1.00000    1.00000
     1.00000    7.60780   -20.5168   -3.80898    1.00000    1.00000
     1.00000    3.95396    1.91766    2.51321    1.00000    1.00000
     1.00000    7.53798   -36.2127   0.163761    1.00000    1.00000
     1.00000   -6.71055    35.2419    5.01432    1.00000    1.00000
     1.00000   -15.9115   -29.7904    3.51016    1.00000    1.00000
     1.00000   -8.20292    4.29771   -5.76356    1.00000    1.00000
     1.00000    2.11296   -47.0236    13.1458    1.00000    1.00000
     1.00000   -3.77823    42.1344   -2.31470    1.00000    1.00000
     1.00000  -0.640125   -9.39942   -12.2288    1.00000    1.00000
     1.00000    14.3667    6.58404   -2.20794    1.00000    1.00000
     1.00000  -0.560314   -37.2510  -10.41741    1.00000    1.00000
     1.00000    1.59498    36.0884    4.44306    1.00000    1.00000
     1.00000   -1.63224   -23.4152   -1.55072    1.00000    1.00000
     1.00000    1.29539    26.8678   -11.5095    1.00000    1.00000
     1.00000    5.73189   -44.8178    11.1747    1.00000    1.00000
     1.00000   -5.74832    39.6537    7.98358    1.00000    1.00000
     1.00000    8.66168   -8.36250   -9.96946    1.00000    1.00000
     1.00000    2.46309    4.21879  -0.829166    1.00000    1.00000
     1.00000    7.87635   -28.6256   -2.93104    1.00000    1.00000
     1.00000   -2.02597    31.9203    3.30916    1.00000    1.00000
     1.00000   -2.47614   -21.7894    4.76597    1.00000    1.00000
     1.00000   -1.38365    15.4846   -15.7368    1.00000    1.00000
     1.00000   -1.13289   -49.6757    17.2692    1.00000    1.00000
     1.00000   -16.1743    54.7467   0.905491    1.00000    1.00000
     1.00000    2.02898   -1.44543   -8.06562    1.00000    1.00000
     1.00000    11.9405    3.76984   -1.64828    1.00000    1.00000
     1.00000   -8.46439   -35.9534   -16.4155    1.00000    1.00000
     1.00000    12.4486    34.6207    9.39937    1.00000    1.00000
     1.00000   -5.60937   -27.3500    2.33793    1.00000    1.00000
     1.00000    1.11278    36.3444   -9.11569    1.00000    1.00000
     1.00000    12.5944   -34.3017    3.90796    1.00000    1.00000
     1.00000   -3.94985    49.2418   -5.16546    1.00000    1.00000
     1.00000    3.00425   -18.6417   -2.94015    1.00000    1.00000
     1.00000    2.38358    7.86295    4.88394    1.00000    1.00000
     1.00000    7.93663   -36.6082   -1.75578    1.00000    1.00000
     1.00000   -11.5658    35.2568    13.5736    1.00000    1.00000
     1.00000   -13.4417   -19.7099    5.41486    1.00000    1.00000
     1.00000   -5.96771    14.3508   -12.4546    1.00000    1.00000
     1.00000   0.873833   -41.2807    13.0126    1.00000    1.00000
     1.00000   -12.3034    53.1622    1.54393    1.00000    1.00000
     1.00000  -0.811245   -5.82128   -11.2278    1.00000    1.00000
     1.00000    11.8793    8.86324    2.62874    1.00000    1.00000
     1.00000    4.08558   -33.5156   -15.3688    1.00000    1.00000
     1.00000   0.157150    36.1960    2.60287    1.00000    1.00000
     1.00000   -4.77013   -19.0981   -4.56448    1.00000    1.00000
     1.00000   -3.72467E-02    32.8812   -9.10670    1.00000    1.00000
     1.00000    14.5841   -44.6998    15.9678    1.00000    1.00000
     1.00000   -8.17100    41.9495    6.34451    1.00000    1.00000
     1.00000    6.97755   -13.8206   -6.93173    1.00000    1.00000
     1.00000  -0.640629    3.06875   0.408657    1.00000    1.00000
     1.00000    5.32064   -27.9838   0.407627    1.00000    1.00000
     1.00000   -5.62017    34.9811    1.31134    1.00000    1.00000
     1.00000   -2.42274   -25.4364    9.19085    1.00000    1.00000
     1.00000   -1.90749    25.8409   -12.9195    1.00000    1.00000
