     1.00000    20.7267    33.8994    13.1915    1.00000    1.00000
     1.00000   -22.3124   -6.97157   -6.09980    1.00000    1.00000
     1.00000    4.39419   -11.3121   -19.0324    1.00000    1.00000
     1.00000   -14.0991   -17.4598   -4.69070    1.00000    1.00000
     1.00000    22.8513    29.4028    17.4643    1.00000    1.00000
     1.00000   -13.7173    4.56924E-02   -21.4541    1.00000    1.00000
     1.00000    7.48037   -4.70172   -1.21474    1.00000    1.00000
     1.00000   -7.98844   -4.45260    8.56599    1.00000    1.00000
     1.00000    20.3869    38.6382    23.8659    1.00000    1.00000
     1.00000   -32.3170   -4.38544    7.41843    1.00000    1.00000
     1.00000    7.20405   -21.5376   -5.65517    1.00000    1.00000
     1.00000    1.09001   -24.5640   -11.1327    1.00000    1.00000
     1.00000    12.9445    16.4261    19.3064    1.00000    1.00000
     1.00000   -8.98693  -0.868568   -30.4379    1.00000    1.00000
     1.00000   -2.89343    4.00443    9.18314    1.00000    1.00000
     1.00000  -0.651932   -6.91404    3.24885    1.00000    1.00000
     1.00000    27.1644    34.2137    15.1376    1.00000    1.00000
     1.00000   -12.2813   -7.76497   -14.4325    1.00000    1.00000
     1.00000    2.62200   -12.0040   -13.1522    1.00000    1.00000
     1.00000   -6.32441   -14.3920   -17.8065    1.00000    1.00000
     1.00000    15.8549    13.0988    13.6779    1.00000    1.00000
     1.00000   -14.9878   -2.34325   -10.7886    1.00000    1.00000
     1.00000    8.18132   -5.32477   -4.61610    1.00000    1.00000
     1.00000  -10.45970   -20.5878    3.34879    1.00000    1.00000
     1.00000    17.3614    40.4287    27.5093    1.00000    1.00000
     1.00000   -26.0472  -10.29697    4.79521    1.00000    1.00000
     1.00000    6.22612   -16.1669   -13.5483    1.00000    1.00000
     1.00000  -0.422714   -25.5917   -7.35720    1.00000    1.00000
     1.00000    12.7627    10.6925    16.8327    1.00000    1.00000
     1.00000   -11.9767   -1.54907   -25.3743    1.00000    1.00000
     1.00000    6.46945    8.31846    15.9679    1.00000    1.00000
     1.00000   -5.91243  -0.917152    10.9603    1.00000    1.00000
     1.00000    14.5903    33.5984    12.4249    1.00000    1.00000
     1.00000   -21.1387   -7.23503   -3.09575    1.00000    1.00000
     1.00000    1.96037   -14.6929   -20.0562    1.00000    1.00000
     1.00000   -12.0086   -16.2829   -8.24379    1.00000    1.00000
     1.00000    30.3636    19.5303    16.4079    1.00000    1.00000
     1.00000   -12.2856   -4.49331   -22.5476    1.00000    1.00000
     1.00000    2.30320   -4.35170   0.170166    1.00000    1.00000
     1.00000  -10.48544   -14.7191    3.03070    1.00000    1.00000
     1.00000    17.3587    44.3676    22.3624    1.00000    1.00000
     1.00000   -26.8181   -3.49388    3.26334    1.00000    1.00000
     1.00000    3.69907   -16.8485   -4.27352    1.00000    1.00000
     1.00000   -6.04162   -28.8224   -16.5625    1.00000    1.00000
     1.00000    6.82842    17.6664    17.9951    1.00000    1.00000
     1.00000   -6.08123   -3.13853   -28.0385    1.00000    1.00000
     1.00000   -3.86721   0.597721    3.41794    1.00000    1.00000
     1.00000   -7.42967   -8.07912    8.08598    1.00000    1.00000
     1.00000    29.5313    27.6166    17.1428    1.00000    1.00000
     1.00000   -18.9880   -6.76904   -7.43615    1.00000    1.00000
     1.00000    8.54860   -14.7901   -14.4380    1.00000    1.00000
     1.00000   -9.15762   -18.9349   -8.18104    1.00000    1.00000
     1.00000    22.6264    17.7911    12.8164    1.00000    1.00000
     1.00000   -14.3822   -1.74436   -14.3581    1.00000    1.00000
     1.00000    12.5480   -2.51635   -6.12636    1.00000    1.00000
     1.00000   -12.3430   -18.2409   -4.13779    1.00000    1.00000
     1.00000    15.1003    44.8295    30.3388    1.00000    1.00000
     1.00000   -21.2907  -0.897560    3.62759    1.00000    1.00000
     1.00000   10.06884   -16.7581   -6.91400    1.00000    1.00000
     1.00000  -0.244164   -19.9318   -6.45683    1.00000    1.00000
     1.00000    8.50100    7.96491    20.3445    1.00000    1.00000
     1.00000   -7.77833   -1.19509   -23.9907    1.00000    1.00000
     1.00000    2.72539    12.1419    9.47961    1.00000    1.00000
     1.00000   -7.04139    2.32052    12.7511    1.00000    1.00000
     1.00000    22.4325    33.6667    14.2093    1.00000    1.00000
     1.00000   -20.3585   -9.08231   -6.37891    1.00000    1.00000
     1.00000    5.65470   -16.1881   -19.5697    1.00000    1.00000
     1.00000   -18.6814   -17.1721   -5.95864    1.00000    1.00000
     1.00000    26.1727    23.3173    16.9556    1.00000    1.00000
     1.00000   -13.6606   -3.07527   -20.6806    1.00000    1.00000
     1.00000    1.89118    1.70470   -1.65556    1.00000    1.00000
     1.00000   -8.40276   -9.44349    5.57801    1.00000    1.00000
     1.00000    16.8417    38.3499    19.6147    1.00000    1.00000
     1.00000   -30.6999   -5.84590    4.53361    1.00000    1.00000
     1.00000    11.0300   -20.5942   -6.67043    1.00000    1.00000
     1.00000   -4.35101   -24.0525   -11.4559    1.00000    1.00000
     1.00000    15.6063    14.5047    21.1582    1.00000    1.00000
     1.00000   -13.0550   -1.87350   -30.0884    1.00000    1.00000
     1.00000    1.82587    5.63852    6.29909    1.00000    1.00000
     1.00000  -0.472954   -3.73548    6.55299    1.00000    1.00000
     1.00000    25.2311    34.6976    15.3055    1.00000    1.00000
     1.00000   -10.6598   -13.9988   -12.9167    1.00000    1.00000
     1.00000    2.52035   -10.7349   -15.8386    1.00000    1.00000
     1.00000   -4.43627   -14.9291   -17.4239    1.00000    1.00000
     1.00000    14.8956    16.0105    14.1426    1.00000    1.00000
     1.00000  -10.48531   -5.33561   -10.7484    1.00000    1.00000
     1.00000    7.25280   -2.36879   -6.60729    1.00000    1.00000
     1.00000  -10.53548   -18.0117    7.41920    1.00000    1.00000
     1.00000    13.1564    43.2960    27.1289    1.00000    1.00000
     1.00000   -21.7519   -3.16380    5.74708    1.00000    1.00000
     1.00000    11.2506   -13.2580   -11.0811    1.00000    1.00000
     1.00000    4.02792   -26.0343   -6.24652    1.00000    1.00000
     1.00000    11.0597    13.3585    17.5091    1.00000    1.00000
     1.00000   -10.6748   -1.07121   -28.6865    1.00000    1.00000
     1.00000    1.64131    10.7010    12.9384    1.00000    1.00000
     1.00000   -4.61929   -5.25206    16.3951    1.00000    1.00000
     1.00000    17.8952    36.7469    15.4185    1.00000    1.00000
     1.00000   -23.2555   -1.49554    1.07218    1.00000    1.00000
     1.00000   -2.55058   -15.4581   -16.7118    1.00000    1.00000
     1.00000   -6.59835   -17.1249   -6.86558    1.00000    1.00000
     1.00000    23.9163    17.6140    14.3346    1.00000    1.00000
     1.00000   -12.4321   -6.70812   -23.0796    1.00000    1.00000
     1.00000    6.78815   -5.36945   -3.18185    1.00000    1.00000
     1.00000   -8.25375   -13.7297  -0.872562    1.00000    1.00000
     1.00000    14.3458    36.7512    25.8289    1.00000    1.00000
     1.00000   -28.0182   -2.52655    1.98895    1.00000    1.00000
     1.00000    6.01633   -17.6141   -4.23331    1.00000    1.00000
     1.00000   -4.69514   -26.7472   -13.5449    1.00000    1.00000
     1.00000   10.29911    14.7993    23.9508    1.00000    1.00000
     1.00000   -8.63948   -4.02242   -31.8685    1.00000    1.00000
     1.00000   0.773361    4.75647    1.84898    1.00000    1.00000
     1.00000   -3.73327   -2.99146    9.24780    1.00000    1.00000
     1.00000    29.8379    30.5809    17.4587    1.00000    1.00000
     1.00000   -16.5524   -10.6666   -13.6598    1.00000    1.00000
     1.00000    5.01978   -17.2407   -15.6408    1.00000    1.00000
     1.00000   -4.53606   -15.3238  -10.36751    1.00000    1.00000
     1.00000    18.0343    15.8642    13.0370    1.00000    1.00000
     1.00000   -14.7016   0.176117   -17.9983    1.00000    1.00000
     1.00000    11.2246   -8.22570   -7.86536    1.00000    1.00000
     1.00000   -8.23607   -17.6774  -0.410622    1.00000    1.00000
     1.00000    16.3529    43.1160    31.2961    1.00000    1.00000
     1.00000   -23.3475    2.08740    6.45861    1.00000    1.00000
     1.00000    13.2214   -15.4462   -8.13680    1.00000    1.00000
     1.00000   -2.47333   -22.4463   -7.17265    1.00000    1.00000
     1.00000    9.06755   10.46233    17.0432    1.00000    1.00000
     1.00000   -8.59095    2.40958   -23.2202    1.00000    1.00000
     1.00000  -0.353741    8.63958    8.35410    1.00000    1.00000
     1.00000   -9.87728   -2.66665    18.2438    1.00000    1.00000
     1.00000    19.7701    35.6143    13.5713    1.00000    1.00000
     1.00000   -20.6741   -5.99037   -6.69399    1.00000    1.00000
     1.00000    3.89748   -11.6060   -21.5235    1.00000    1.00000
     1.00000   -16.7026   -17.2435   -5.67699    1.00000    1.00000
     1.00000    23.5145    26.1109    17.3336    1.00000    1.00000
     1.00000   -16.3535   0.461578   -21.9664    1.00000    1.00000
     1.00000    6.51268   -2.96461   -1.00027    1.00000    1.00000
     1.00000   -9.38464   -5.88926    5.13293    1.00000    1.00000
     1.00000    20.6757    39.6497    25.5669    1.00000    1.00000
     1.00000   -35.5080   -2.42505    7.97613    1.00000    1.00000
     1.00000    8.43035   -23.1037   -5.86386    1.00000    1.00000
     1.00000    2.94496   -25.0864   -10.5976    1.00000    1.00000
     1.00000    11.7705    15.1261    18.1178    1.00000    1.00000
     1.00000   -9.70382   -2.69735   -30.8143    1.00000    1.00000
     1.00000    8.13293E-03    6.20765    8.73965    1.00000    1.00000
     1.00000  -0.270592   -8.83463    6.47623    1.00000    1.00000
     1.00000    27.8824    35.9773    15.7492    1.00000    1.00000
     1.00000   -11.4346   -11.3093   -14.0078    1.00000    1.00000
     1.00000    3.01583   -11.7780   -11.2044    1.00000    1.00000
     1.00000   -6.07950   -12.4363   -18.1456    1.00000    1.00000
     1.00000    18.0941    12.3316    12.2289    1.00000    1.00000
     1.00000   -16.0728   -2.70188   -12.4300    1.00000    1.00000
     1.00000    7.96411   -5.48801   -6.59755    1.00000    1.00000
     1.00000   -12.5487   -19.2523    5.54803    1.00000    1.00000
     1.00000    20.2777    42.2353    28.1181    1.00000    1.00000
     1.00000   -23.8467   -7.14423    5.82645    1.00000    1.00000
     1.00000    9.43447   -16.1766   -10.7939    1.00000    1.00000
     1.00000  -0.960510   -24.7962   -5.60277    1.00000    1.00000
     1.00000    13.8177    12.0354    14.4896    1.00000    1.00000
     1.00000  -10.30326    1.04174   -27.0658    1.00000    1.00000
     1.00000    4.85348    9.40796    14.6011    1.00000    1.00000
     1.00000   -6.59794   -2.74535    8.87068    1.00000    1.00000
     1.00000    12.9417    37.6921    13.7937    1.00000    1.00000
     1.00000   -22.6244   -6.14534   -2.31779    1.00000    1.00000
     1.00000    4.24080E-02   -11.9459   -18.9908    1.00000    1.00000
     1.00000   -8.41413   -17.1406   -7.70384    1.00000    1.00000
     1.00000    29.7604    14.5074    15.6300    1.00000    1.00000
     1.00000   -14.8384   -5.33368   -21.0402    1.00000    1.00000
     1.00000    4.18385   -5.97226   -1.60282    1.00000    1.00000
     1.00000   -8.91614   -15.8180    5.71614    1.00000    1.00000
     1.00000    15.7013    43.2911    22.0558    1.00000    1.00000
     1.00000   -25.9006   -5.25239    3.00675    1.00000    1.00000
     1.00000    5.35292   -15.7283   -4.17360    1.00000    1.00000
     1.00000   -6.43541   -28.4727   -14.4659    1.00000    1.00000
     1.00000    11.2677    15.9981    20.3090    1.00000    1.00000
     1.00000   -2.64241   -3.77089   -28.5348    1.00000    1.00000
     1.00000  -0.659065    1.99977    1.05877    1.00000    1.00000
     1.00000   -7.29842   -12.1324    10.9084    1.00000    1.00000
     1.00000    29.7224    29.3128    20.7629    1.00000    1.00000
     1.00000   -18.4702   -6.88586   -10.7380    1.00000    1.00000
     1.00000    6.75616   -13.7721   -15.4776    1.00000    1.00000
     1.00000   -9.78873   -19.1168   -10.9398    1.00000    1.00000
     1.00000    21.2274    17.6643    14.2401    1.00000    1.00000
     1.00000   -14.0823   -1.55759   -12.3895    1.00000    1.00000
     1.00000    10.9118   -5.39918   -5.89877    1.00000    1.00000
     1.00000   -9.55531   -15.5332  -0.881256    1.00000    1.00000
     1.00000    12.7024    42.2455    30.6856    1.00000    1.00000
     1.00000   -23.0424  -0.611671    5.75094    1.00000    1.00000
     1.00000   10.48967   -14.9140   -7.56377    1.00000    1.00000
     1.00000   -2.08308   -21.1862   -8.75934    1.00000    1.00000
     1.00000    9.75436    5.17770    19.2098    1.00000    1.00000
     1.00000   -8.30540    2.17065   -27.8655    1.00000    1.00000
     1.00000    4.18184    10.6285    8.73762    1.00000    1.00000
     1.00000   -8.25881  -0.547958    12.8247    1.00000    1.00000
     1.00000    22.4562    30.3838    15.7669    1.00000    1.00000
     1.00000   -22.9865   -9.20207   -6.98711    1.00000    1.00000
     1.00000    5.65757   -16.9510   -22.9181    1.00000    1.00000
     1.00000   -20.3301   -14.4830   -6.72856    1.00000    1.00000
     1.00000    27.9986    22.5952    16.5749    1.00000    1.00000
     1.00000   -12.6305  -0.742943   -19.6752    1.00000    1.00000
     1.00000    4.40074    1.83579   0.959686    1.00000    1.00000
     1.00000   -9.10299   -12.0139    3.16707    1.00000    1.00000
     1.00000    20.4508    38.4059    19.5143    1.00000    1.00000
     1.00000   -29.4238   -7.34596    4.88218    1.00000    1.00000
     1.00000    10.8466   -19.2506   -3.00543    1.00000    1.00000
     1.00000   -2.84011   -25.0299   -10.5829    1.00000    1.00000
     1.00000    15.1352    12.7952    22.0832    1.00000    1.00000
     1.00000   -13.2878   -5.53852   -29.6927    1.00000    1.00000
     1.00000    2.27795    3.85905    8.49928    1.00000    1.00000
     1.00000   -2.17759   -4.21546    8.96200    1.00000    1.00000
     1.00000    24.5764    35.2846    12.3649    1.00000    1.00000
     1.00000   -7.70720   -13.9069   -11.9838    1.00000    1.00000
     1.00000    3.77764   -11.8738   -14.7793    1.00000    1.00000
     1.00000   -3.31367   -15.9204   -14.9217    1.00000    1.00000
     1.00000    13.3364    13.4261    11.9553    1.00000    1.00000
     1.00000   -12.3286   -6.36408   -13.0058    1.00000    1.00000
     1.00000    8.46738  -0.608734   -7.53679    1.00000    1.00000
     1.00000   -9.20452   -19.8717    8.66704    1.00000    1.00000
     1.00000    15.2296    40.9402    29.2760    1.00000    1.00000
     1.00000   -21.6790   -4.49234    7.24029    1.00000    1.00000
     1.00000    13.2317   -14.9107   -13.5708    1.00000    1.00000
     1.00000    2.62254   -26.0410   -7.66951    1.00000    1.00000
     1.00000   10.38752   10.50329    13.2080    1.00000    1.00000
     1.00000   -11.4935   -2.52075E-02   -30.1817    1.00000    1.00000
     1.00000    4.00159   10.40477    12.3837    1.00000    1.00000
     1.00000   -4.74044   -4.74901    13.9214    1.00000    1.00000
     1.00000    19.8286    36.3082    15.6821    1.00000    1.00000
     1.00000   -23.8045   -4.91669   -1.27004    1.00000    1.00000
     1.00000   0.266563   -17.0306   -21.2426    1.00000    1.00000
     1.00000   -6.04146   -16.1049   -5.23783    1.00000    1.00000
     1.00000    27.7138    16.6096    16.9211    1.00000    1.00000
     1.00000   -13.1592   -7.97279   -21.7115    1.00000    1.00000
     1.00000    4.65908   -9.59597  -0.813828    1.00000    1.00000
     1.00000   -9.95548   -13.8780   0.167679    1.00000    1.00000
     1.00000    15.4505    39.8031    23.4482    1.00000    1.00000
     1.00000   -28.6095   -4.43159    1.84344    1.00000    1.00000
     1.00000    4.61000   -20.4622   -3.72468    1.00000    1.00000
     1.00000   -5.87118   -27.8322   -10.6291    1.00000    1.00000
     1.00000    8.62950    15.8549    21.8995    1.00000    1.00000
     1.00000   -7.65890   -2.59753   -33.4042    1.00000    1.00000
     1.00000    2.87638    4.68719    3.46867    1.00000    1.00000
     1.00000   -5.26286   -5.58528    7.48926    1.00000    1.00000
     1.00000    30.0742    28.5876    15.4807    1.00000    1.00000
     1.00000   -14.1882   -11.4141   -12.1405    1.00000    1.00000
     1.00000    5.55418   -15.3539   -15.2476    1.00000    1.00000
     1.00000   -5.08533   -16.7520   -11.7288    1.00000    1.00000
     1.00000    20.0234    13.8347    13.3790    1.00000    1.00000
     1.00000   -14.1550   -2.13627   -16.3061    1.00000    1.00000
     1.00000    9.45598   -9.32291   -7.08939    1.00000    1.00000
     1.00000   -9.81855   -17.8475   0.800488    1.00000    1.00000
     1.00000    15.7134    41.8300    33.6453    1.00000    1.00000
     1.00000   -23.9123    5.61980    7.30540    1.00000    1.00000
     1.00000    11.5735   -13.3643   -8.21458    1.00000    1.00000
     1.00000   -5.12395   -20.0915   -6.64640    1.00000    1.00000
     1.00000    8.21830    8.65930    16.8763    1.00000    1.00000
     1.00000   -6.39361    3.50983   -22.3689    1.00000    1.00000
     1.00000   0.930229    9.67500    7.22303    1.00000    1.00000
     1.00000  -10.38443   -1.14058    14.2132    1.00000    1.00000
     1.00000    19.6194    32.2516    12.9493    1.00000    1.00000
     1.00000   -23.9487   -5.85683   -6.38240    1.00000    1.00000
     1.00000    3.82671   -13.2032   -18.7136    1.00000    1.00000
     1.00000   -13.9010   -16.9019   -2.78035    1.00000    1.00000
     1.00000    22.7071    27.6227    18.3644    1.00000    1.00000
     1.00000   -15.0832    1.26225   -20.6453    1.00000    1.00000
     1.00000    8.21144   -3.98649   -2.93346    1.00000    1.00000
     1.00000   -7.15687   -5.25906    6.93562    1.00000    1.00000
     1.00000    18.7393    39.3578    22.9898    1.00000    1.00000
     1.00000   -30.7075   -5.18424    8.29679    1.00000    1.00000
     1.00000    8.73795   -20.2841   -5.37952    1.00000    1.00000
     1.00000    1.30359   -23.3841   -9.53209    1.00000    1.00000
     1.00000    14.4767    16.4644    18.0215    1.00000    1.00000
     1.00000   -7.57026   -1.40424   -29.1317    1.00000    1.00000
     1.00000   -1.43567    4.94028    8.18359    1.00000    1.00000
     1.00000  -0.380730   -5.46293    4.59820    1.00000    1.00000
     1.00000    27.7465    32.5850    16.1418    1.00000    1.00000
     1.00000   -11.7310   -9.60076   -15.0042    1.00000    1.00000
     1.00000    3.13166   -13.7097   -12.2407    1.00000    1.00000
     1.00000   -7.72594   -13.4284   -18.8588    1.00000    1.00000
     1.00000    16.2701    14.9243    12.9743    1.00000    1.00000
     1.00000   -13.5389   -3.44969   -11.6113    1.00000    1.00000
     1.00000    9.69860   -6.60085   -4.35248    1.00000    1.00000
     1.00000   -9.66779   -19.5558    1.82966    1.00000    1.00000
     1.00000    17.0259    41.7617    28.9620    1.00000    1.00000
     1.00000   -27.7080  -10.54365    3.70841    1.00000    1.00000
     1.00000    6.09954   -17.4748   -12.0405    1.00000    1.00000
     1.00000  -0.305000   -24.4778   -9.01410    1.00000    1.00000
     1.00000    13.8367    12.3789    16.8829    1.00000    1.00000
     1.00000   -11.8898   -3.54716   -25.3629    1.00000    1.00000
     1.00000    5.18606    9.73960    16.5452    1.00000    1.00000
     1.00000   -6.42300   -2.84830    10.8604    1.00000    1.00000
     1.00000    14.7645    35.1124    13.7200    1.00000    1.00000
     1.00000   -19.8910   -7.25645   -4.65871    1.00000    1.00000
     1.00000    2.02941   -16.1121   -21.4637    1.00000    1.00000
     1.00000   -13.6270   -16.0248   -7.09743    1.00000    1.00000
     1.00000    29.1612    17.9862    16.8203    1.00000    1.00000
     1.00000  -10.46723   -5.18642   -22.0859    1.00000    1.00000
     1.00000    1.12292   -5.89237   0.653137    1.00000    1.00000
     1.00000   -9.32558   -14.2221    4.58241    1.00000    1.00000
     1.00000    17.6868    44.7606    24.2957    1.00000    1.00000
     1.00000   -27.6385   -3.43793    5.08648    1.00000    1.00000
     1.00000    2.20411   -16.1729   -3.12952    1.00000    1.00000
     1.00000   -5.55237   -30.1371   -15.1369    1.00000    1.00000
     1.00000    8.08352    16.3462    18.8207    1.00000    1.00000
     1.00000   -6.76666   -4.13347   -29.6324    1.00000    1.00000
     1.00000   -3.54404    2.05280    2.08440    1.00000    1.00000
     1.00000   -7.55891   -8.95310    9.88026    1.00000    1.00000
     1.00000    28.7457    27.6496    18.9817    1.00000    1.00000
     1.00000   -17.6494   -6.91932   -8.91451    1.00000    1.00000
     1.00000    7.56623   -13.1925   -13.7433    1.00000    1.00000
     1.00000   -7.87058   -18.1183   -9.47592    1.00000    1.00000
     1.00000    23.1997    15.8910    13.0630    1.00000    1.00000
     1.00000   -12.4460   -1.98772   -14.7963    1.00000    1.00000
     1.00000    12.4046   -4.27542   -5.18556    1.00000    1.00000
     1.00000   -11.0424   -16.7300   -4.29871    1.00000    1.00000
     1.00000    13.3426    45.4896    31.0278    1.00000    1.00000
     1.00000   -22.8369   -1.98041    2.96686    1.00000    1.00000
     1.00000   10.51046   -16.0064   -5.11404    1.00000    1.00000
     1.00000  -0.663727   -21.6321   -7.42271    1.00000    1.00000
     1.00000    7.62114    9.53253    19.4679    1.00000    1.00000
     1.00000   -8.02982   0.662018   -24.6892    1.00000    1.00000
     1.00000    1.71154   10.43827    9.21547    1.00000    1.00000
     1.00000   -6.60594   0.429718    12.2660    1.00000    1.00000
     1.00000    22.8136    31.7189    13.9630    1.00000    1.00000
     1.00000   -21.5264   -8.37874   -4.91571    1.00000    1.00000
     1.00000    4.36296   -14.7028   -19.9235    1.00000    1.00000
     1.00000   -20.3338   -18.2306   -6.34465    1.00000    1.00000
     1.00000    25.0046    24.8049    17.6055    1.00000    1.00000
     1.00000   -11.7194   -3.17840   -21.1510    1.00000    1.00000
     1.00000    2.58746    2.13266   0.169823    1.00000    1.00000
     1.00000   -9.29229   -7.85100    6.39819    1.00000    1.00000
     1.00000    18.6229    38.3426    18.7052    1.00000    1.00000
     1.00000   -32.2329   -5.52580    5.77753    1.00000    1.00000
     1.00000    10.6342   -20.2084   -4.74831    1.00000    1.00000
     1.00000   -5.37781   -24.9819   -12.8988    1.00000    1.00000
     1.00000    15.1286    15.9251    19.8337    1.00000    1.00000
     1.00000   -13.0594   -3.79455   -30.6448    1.00000    1.00000
     1.00000   0.561745    4.18800    5.75319    1.00000    1.00000
     1.00000   -1.72390   -4.04332    5.02317    1.00000    1.00000
     1.00000    24.3656    33.8323    13.7238    1.00000    1.00000
     1.00000   -9.95768   -12.1262   -12.9347    1.00000    1.00000
     1.00000    2.90847   -10.7894   -17.7998    1.00000    1.00000
     1.00000   -4.42770   -14.3652   -15.5051    1.00000    1.00000
     1.00000    14.2041    14.2228    13.5716    1.00000    1.00000
     1.00000   -12.2995   -5.01710   -11.5277    1.00000    1.00000
     1.00000    7.14202   -3.68854   -5.10863    1.00000    1.00000
     1.00000  -10.36698   -17.5123    5.48990    1.00000    1.00000
     1.00000    11.3185    42.5135    27.2289    1.00000    1.00000
     1.00000   -23.4170   -2.70979    4.73647    1.00000    1.00000
     1.00000    10.8962   -15.1344   -11.6756    1.00000    1.00000
     1.00000    5.91790   -25.4783   -5.90176    1.00000    1.00000
     1.00000    10.9111    11.4225    17.0298    1.00000    1.00000
     1.00000   -9.35571   0.431763   -28.7181    1.00000    1.00000
     1.00000    2.56974    11.2068    11.2407    1.00000    1.00000
     1.00000   -6.14811   -4.53193    15.3255    1.00000    1.00000
     1.00000    16.5050    35.9665    14.2110    1.00000    1.00000
     1.00000   -23.3432   -3.42821   0.565174    1.00000    1.00000
     1.00000   -2.26181   -16.4920   -18.3993    1.00000    1.00000
     1.00000   -5.05772   -18.2599   -7.44709    1.00000    1.00000
     1.00000    25.2414    16.1184    14.4193    1.00000    1.00000
     1.00000   -12.4503   -5.21200   -24.4067    1.00000    1.00000
     1.00000    6.03871   -6.67339   -1.86349    1.00000    1.00000
     1.00000   -7.14016   -14.7160   -2.20944    1.00000    1.00000
     1.00000    15.8153    37.3598    24.6163    1.00000    1.00000
     1.00000   -29.7903   -1.64943    2.28957    1.00000    1.00000
     1.00000    7.44179   -19.0108   -4.36516    1.00000    1.00000
     1.00000   -5.75179   -28.1574   -12.5989    1.00000    1.00000
     1.00000    10.6004    15.6356    22.1592    1.00000    1.00000
     1.00000   -7.79341   -5.44242   -30.7425    1.00000    1.00000
     1.00000    1.12716    2.85825    1.32787    1.00000    1.00000
     1.00000   -4.40302   -3.78017    7.53625    1.00000    1.00000
     1.00000    28.5403    30.7596    15.9474    1.00000    1.00000
     1.00000   -17.4650   -8.99848   -13.0398    1.00000    1.00000
     1.00000    6.89412   -17.5461   -16.2682    1.00000    1.00000
     1.00000   -6.18791   -15.1031   -11.4733    1.00000    1.00000
     1.00000    19.6916    16.1087    14.1296    1.00000    1.00000
     1.00000   -15.5346    1.99352   -18.0539    1.00000    1.00000
     1.00000   10.16694   -7.51249   -6.32499    1.00000    1.00000
     1.00000   -7.82960   -19.6014   -4.62074E-02    1.00000    1.00000
     1.00000    15.1398    44.2718    32.3882    1.00000    1.00000
     1.00000   -24.6104   0.601555    6.01434    1.00000    1.00000
     1.00000    13.4351   -13.6111   -8.90266    1.00000    1.00000
     1.00000   -4.31902   -21.7316   -7.46007    1.00000    1.00000
     1.00000    9.31464    12.2252    16.1315    1.00000    1.00000
     1.00000   -6.74364    1.75088   -23.6121    1.00000    1.00000
     1.00000   -1.61304    7.12427    8.01054    1.00000    1.00000
     1.00000   -9.84726   -2.62827    16.2444    1.00000    1.00000
     1.00000    21.3217    35.3144    14.7972    1.00000    1.00000
     1.00000   -19.7637   -4.79228   -8.01153    1.00000    1.00000
     1.00000    2.88697   -12.9679   -20.4633    1.00000    1.00000
     1.00000   -15.0868   -16.0661   -5.73095    1.00000    1.00000
     1.00000    23.2072    26.4629    15.3889    1.00000    1.00000
     1.00000   -18.2378    1.04296   -22.2997    1.00000    1.00000
     1.00000    5.04945   -1.60339  -0.922569    1.00000    1.00000
     1.00000   -9.00872   -5.99761    7.09429    1.00000    1.00000
     1.00000    20.7878    40.4393    27.4010    1.00000    1.00000
     1.00000   -34.0936   -3.52753    7.09068    1.00000    1.00000
     1.00000    8.14471   -24.3950   -7.36413    1.00000    1.00000
     1.00000    3.20214   -26.7845   -9.57287    1.00000    1.00000
     1.00000    11.9746    17.0666    17.6788    1.00000    1.00000
     1.00000   -11.4098   -1.73433   -31.2170    1.00000    1.00000
     1.00000   0.524784    4.48665    9.61784    1.00000    1.00000
     1.00000   0.194618   -7.88619    4.77798    1.00000    1.00000
     1.00000    29.4562    36.1720    14.5304    1.00000    1.00000
     1.00000   -13.3045   -10.6441   -13.7611    1.00000    1.00000
     1.00000    2.96540  -10.00696   -12.1323    1.00000    1.00000
     1.00000   -5.34736   -12.9169   -19.9437    1.00000    1.00000
     1.00000    17.6008    14.1890    11.6749    1.00000    1.00000
     1.00000   -17.9883   -3.23978   -12.6332    1.00000    1.00000
     1.00000    8.40019   -7.32962   -7.24431    1.00000    1.00000
     1.00000   -10.6436   -19.4218    4.96329    1.00000    1.00000
     1.00000    18.9514    41.3853    29.3504    1.00000    1.00000
     1.00000   -24.8717   -8.71378    5.12946    1.00000    1.00000
     1.00000    7.76930   -16.3854   -11.8818    1.00000    1.00000
     1.00000   -2.82340   -25.4387   -5.94460    1.00000    1.00000
     1.00000    15.2619    12.8913    15.5767    1.00000    1.00000
     1.00000   -11.4337   0.366821   -25.5603    1.00000    1.00000
     1.00000    3.78290    7.82830    14.0023    1.00000    1.00000
     1.00000   -4.96118   -1.93203    8.05858    1.00000    1.00000
     1.00000    13.9521    36.5070    12.5389    1.00000    1.00000
     1.00000   -21.8421   -4.34875   -2.71805    1.00000    1.00000
     1.00000   0.721092   -13.1664   -20.4224    1.00000    1.00000
     1.00000  -10.05844   -16.4885   -8.63716    1.00000    1.00000
     1.00000    29.9192    16.1358    16.7802    1.00000    1.00000
     1.00000   -12.8523   -5.54993   -20.9469    1.00000    1.00000
     1.00000    3.62308   -4.07544   -1.30687    1.00000    1.00000
     1.00000   -7.50888   -17.2375    5.64734    1.00000    1.00000
     1.00000    16.2260    41.5746    22.9381    1.00000    1.00000
     1.00000   -24.8795   -3.76900    3.87682    1.00000    1.00000
     1.00000    5.46918   -15.8417   -6.16699    1.00000    1.00000
     1.00000   -6.43021   -29.9620   -13.1310    1.00000    1.00000
     1.00000    9.41159    15.3523    19.9381    1.00000    1.00000
     1.00000   -4.56585   -4.31445   -28.6050    1.00000    1.00000
     1.00000   -2.50176    2.44875   0.424019    1.00000    1.00000
     1.00000   -8.50706   -10.5772   10.56086    1.00000    1.00000
     1.00000    28.7781    29.6487    19.0322    1.00000    1.00000
     1.00000   -16.8795   -7.72513   -11.6130    1.00000    1.00000
     1.00000    5.51410   -12.2216   -15.7087    1.00000    1.00000
     1.00000   -7.80284   -19.3046   -11.0847    1.00000    1.00000
     1.00000    19.5847    18.6831    14.7534    1.00000    1.00000
     1.00000   -12.5281  -0.405235   -12.8961    1.00000    1.00000
     1.00000    10.7416   -6.20229   -7.72253    1.00000    1.00000
     1.00000   -10.6719   -16.1581   -2.41838    1.00000    1.00000
     1.00000    14.5717    42.9020    30.4120    1.00000    1.00000
     1.00000   -22.3490   0.637421    4.35129    1.00000    1.00000
     1.00000    10.6629   -15.2300   -9.53104    1.00000    1.00000
     1.00000   -1.37331   -22.8769   -9.55801    1.00000    1.00000
     1.00000    9.97485    6.63121    20.5658    1.00000    1.00000
     1.00000   -8.40086   0.583076   -26.6529    1.00000    1.00000
     1.00000    2.81353    9.46215    7.86166    1.00000    1.00000
     1.00000   -9.03087   0.463127    14.3680    1.00000    1.00000
     1.00000    24.2290    30.6419    14.8778    1.00000    1.00000
     1.00000   -22.1383  -10.19888   -5.47482    1.00000    1.00000
     1.00000    4.63221   -16.5146   -21.2573    1.00000    1.00000
     1.00000   -19.4117   -16.0944   -7.47695    1.00000    1.00000
     1.00000    29.1473    21.0098    16.9835    1.00000    1.00000
     1.00000   -14.4748   -1.31351   -20.1976    1.00000    1.00000
     1.00000    4.50389    1.04549E-01   -3.63846E-02    1.00000    1.00000
     1.00000   -9.53743   -10.8642    4.74490    1.00000    1.00000
     1.00000    19.5152    38.7602    21.2460    1.00000    1.00000
     1.00000   -30.5810   -7.09161    6.49348    1.00000    1.00000
     1.00000    10.8574   -17.8571   -4.44002    1.00000    1.00000
     1.00000  -0.869041   -24.8848   -10.8893    1.00000    1.00000
     1.00000    15.7969    13.0235    23.9567    1.00000    1.00000
     1.00000   -13.5244   -7.28475   -28.7468    1.00000    1.00000
     1.00000   0.435345    3.85720    7.72159    1.00000    1.00000
     1.00000  -0.241707   -3.96556    8.52621    1.00000    1.00000
     1.00000    22.8275    35.7685    13.2059    1.00000    1.00000
     1.00000   -9.49834   -14.5721   -11.3928    1.00000    1.00000
     1.00000    2.70031   -12.8661   -16.1413    1.00000    1.00000
     1.00000   -3.58821   -16.3121   -12.9798    1.00000    1.00000
     1.00000    12.0545    14.8032    12.6339    1.00000    1.00000
     1.00000   -11.4239   -4.61835   -13.3718    1.00000    1.00000
     1.00000    6.72149  -0.440910   -6.57570    1.00000    1.00000
     1.00000   -10.9132   -19.9642    7.63167    1.00000    1.00000
     1.00000    14.5025    42.6031    28.4357    1.00000    1.00000
     1.00000   -22.5618   -6.28090    7.09285    1.00000    1.00000
     1.00000    11.3484   -15.5839   -13.5712    1.00000    1.00000
     1.00000   0.877151   -26.9154   -8.10424    1.00000    1.00000
     1.00000   10.46810    10.7862    15.1862    1.00000    1.00000
     1.00000   -12.2010    1.78178   -30.6657    1.00000    1.00000
     1.00000    3.79465    11.0698    14.2586    1.00000    1.00000
     1.00000   -5.41483   -3.85287    12.2655    1.00000    1.00000
     1.00000    19.7089    37.2147    17.4608    1.00000    1.00000
     1.00000   -24.0556   -5.29364   0.678009    1.00000    1.00000
     1.00000  -0.583984   -16.7733   -19.4508    1.00000    1.00000
     1.00000   -5.00150   -16.8670   -3.70885    1.00000    1.00000
     1.00000    26.5911    15.4533    15.7369    1.00000    1.00000
     1.00000   -13.9026   -9.81886   -21.5129    1.00000    1.00000
     1.00000    5.94699   -8.10500  -0.469910    1.00000    1.00000
     1.00000  -10.31050   -13.0448    1.95085    1.00000    1.00000
     1.00000    16.9916    38.5293    23.4989    1.00000    1.00000
     1.00000   -29.8444   -4.42445    3.41665    1.00000    1.00000
     1.00000    6.57787   -20.7594   -3.92244    1.00000    1.00000
     1.00000   -4.81898   -26.2587   -9.98343    1.00000    1.00000
     1.00000    6.95895    15.2507    20.9806    1.00000    1.00000
     1.00000   -9.07069   -3.95173   -33.8202    1.00000    1.00000
     1.00000   0.911690    4.66211    3.84196    1.00000    1.00000
     1.00000   -5.65567   -7.54032    7.33590    1.00000    1.00000
     1.00000    31.0435    29.0100    17.1783    1.00000    1.00000
     1.00000   -15.9342  -10.51428   -11.7639    1.00000    1.00000
     1.00000    5.69260   -15.6147   -17.2256    1.00000    1.00000
     1.00000   -6.88010   -17.5506   -11.3530    1.00000    1.00000
     1.00000    21.4314    15.2162    13.7092    1.00000    1.00000
     1.00000   -14.1773   -1.73539   -18.2654    1.00000    1.00000
     1.00000    11.3435   -9.92772   -6.82180    1.00000    1.00000
     1.00000   -11.0715   -16.5533   -6.85043E-02    1.00000    1.00000
     1.00000    15.6453    43.7360    34.2476    1.00000    1.00000
     1.00000   -23.5102    4.05329    6.12878    1.00000    1.00000
     1.00000    12.1945   -11.6312   -7.43319    1.00000    1.00000
     1.00000   -6.62379   -21.0579   -5.74279    1.00000    1.00000
     1.00000    8.43139    7.41070    18.4241    1.00000    1.00000
     1.00000   -8.25095    3.57357   -21.6298    1.00000    1.00000
     1.00000   0.848991    11.4786    6.36260    1.00000    1.00000
     1.00000   -8.71337   -1.27570    15.3038    1.00000    1.00000
