     1.00000   0.872189   -13.2618    30.2139    1.00000    1.00000
     1.00000   -12.7938    2.06845    4.03630    1.00000    1.00000
     1.00000    27.2819   -10.9109   -15.4922    1.00000    1.00000
     1.00000  -0.916386    15.6872   -7.13964    1.00000    1.00000
     1.00000    3.67069   -5.48276   -4.32844    1.00000    1.00000
     1.00000   -23.5897    11.6865    3.56217    1.00000    1.00000
     1.00000   10.41423   -9.26286   -16.1621    1.00000    1.00000
     1.00000   -13.9873    19.2575    3.83241    1.00000    1.00000
     1.00000    6.55681   -11.7216    19.2597    1.00000    1.00000
     1.00000   -14.1057   -5.39875   -6.09431    1.00000    1.00000
     1.00000   10.48447  -0.855820    11.1561    1.00000    1.00000
     1.00000   -13.8218    13.5153   -4.91656    1.00000    1.00000
     1.00000    1.11763   -15.1334    6.02574    1.00000    1.00000
     1.00000   -27.0033    17.3987   0.314255    1.00000    1.00000
     1.00000    27.1040   -17.7666   -22.2181    1.00000    1.00000
     1.00000   -2.78507    23.4908    3.68227    1.00000    1.00000
     1.00000    1.75216   -13.9102    32.3806    1.00000    1.00000
     1.00000   -9.43879   -6.68260  -0.352020    1.00000    1.00000
     1.00000    26.4578   -5.97608   -7.91986    1.00000    1.00000
     1.00000  -10.07656    15.1066   -3.71867    1.00000    1.00000
     1.00000   -1.32576   -8.03606  -0.673874    1.00000    1.00000
     1.00000   -22.5487   10.15923  -0.556335    1.00000    1.00000
     1.00000    24.3868   -16.6795   -18.9807    1.00000    1.00000
     1.00000   -8.30596    16.3596    2.27848    1.00000    1.00000
     1.00000   0.442875   -8.66441    13.3298    1.00000    1.00000
     1.00000   -7.10193  -10.28943   -7.02587    1.00000    1.00000
     1.00000    15.6924  -0.602188   -4.57311    1.00000    1.00000
     1.00000   -13.3052    9.62130    2.88076    1.00000    1.00000
     1.00000   0.643696   -9.66194   0.359318    1.00000    1.00000
     1.00000   -25.2026    18.8868    6.34978    1.00000    1.00000
     1.00000    34.0696   -19.7117   -29.6607    1.00000    1.00000
     1.00000   -4.96753    18.4145    16.5558    1.00000    1.00000
     1.00000    4.66319   -8.45539    21.0424    1.00000    1.00000
     1.00000   -15.9393   -2.44251    8.89846    1.00000    1.00000
     1.00000    22.0280   -9.46172   -11.1376    1.00000    1.00000
     1.00000   -4.22870    22.4553   -4.39262    1.00000    1.00000
     1.00000   -2.09241   -11.0488   -8.33779    1.00000    1.00000
     1.00000   -14.2807    7.28323    1.11646    1.00000    1.00000
     1.00000    20.8972   -9.28197   -16.8645    1.00000    1.00000
     1.00000   -16.6110    19.0155    2.45327    1.00000    1.00000
     1.00000    5.91373   -9.58023    16.5232    1.00000    1.00000
     1.00000  -10.54620   -7.52096   -8.97375    1.00000    1.00000
     1.00000    9.15413   -4.57435    3.54744    1.00000    1.00000
     1.00000   -16.3391    15.3039   0.846840    1.00000    1.00000
     1.00000    5.84426   -16.5030    9.02591    1.00000    1.00000
     1.00000   -24.5382    22.4372   0.380066    1.00000    1.00000
     1.00000    28.6841   -18.8996   -23.5435    1.00000    1.00000
     1.00000   -3.55464    19.7758    4.94002    1.00000    1.00000
     1.00000    4.91477   -19.7890    35.5195    1.00000    1.00000
     1.00000   -12.8226  -0.436241    1.80825    1.00000    1.00000
     1.00000    26.7084   -2.32395   -10.5915    1.00000    1.00000
     1.00000   -7.74060    24.3360   -5.46445    1.00000    1.00000
     1.00000    5.05142   -5.61611    7.08122    1.00000    1.00000
     1.00000   -16.2892    5.71458   -2.22587    1.00000    1.00000
     1.00000    21.5187   -14.4602   -16.2670    1.00000    1.00000
     1.00000   -9.01011    21.0415    3.82349    1.00000    1.00000
     1.00000  -0.640411   -13.0106    9.67045    1.00000    1.00000
     1.00000   -8.66887   -4.60382   -8.66365    1.00000    1.00000
     1.00000    9.50281   -3.32842   -2.48980    1.00000    1.00000
     1.00000   -11.9164    11.8456   0.800621    1.00000    1.00000
     1.00000    2.44885   -16.7005    1.91240    1.00000    1.00000
     1.00000   -22.7504    24.0884    9.85426    1.00000    1.00000
     1.00000    33.5282   -14.6361   -31.2468    1.00000    1.00000
     1.00000   -2.32668    21.8065    10.7634    1.00000    1.00000
     1.00000   0.490829   -13.1662    28.2529    1.00000    1.00000
     1.00000   -15.0463    4.17525    6.61248    1.00000    1.00000
     1.00000    25.6406   -6.10304   -14.0799    1.00000    1.00000
     1.00000   -1.55397    14.6281   -3.73013    1.00000    1.00000
     1.00000    7.96376   -4.11434   -4.34084    1.00000    1.00000
     1.00000   -18.6486    12.6269    2.68812    1.00000    1.00000
     1.00000    14.6564   -7.54712   -19.6989    1.00000    1.00000
     1.00000   -10.6879    19.5436   10.20807    1.00000    1.00000
     1.00000    9.35683   -14.0246    15.6931    1.00000    1.00000
     1.00000   -11.2396   -7.89268   -7.13501    1.00000    1.00000
     1.00000    7.43905    2.40021E-02    13.1332    1.00000    1.00000
     1.00000   -15.3268    16.5046   -7.84298    1.00000    1.00000
     1.00000    4.75160   -21.2146    9.19718    1.00000    1.00000
     1.00000   -28.9375    19.1632    5.94396    1.00000    1.00000
     1.00000    27.1567   -19.6373   -19.6770    1.00000    1.00000
     1.00000   -5.29045    19.7621    3.94668    1.00000    1.00000
     1.00000    4.42351   -15.3333    31.5809    1.00000    1.00000
     1.00000   -10.8445   -5.15812   -2.57866    1.00000    1.00000
     1.00000    19.4506   -4.70380  -10.17948    1.00000    1.00000
     1.00000   -7.29668    12.1886   -8.95122    1.00000    1.00000
     1.00000   0.149761   -7.23742   -1.76246    1.00000    1.00000
     1.00000   -20.5732    7.16686   -5.50947    1.00000    1.00000
     1.00000    21.2270   -16.3157   -18.3943    1.00000    1.00000
     1.00000   -5.86710    12.3932    6.79694    1.00000    1.00000
     1.00000    5.31098   -7.91772    17.6630    1.00000    1.00000
     1.00000   -6.72380   -6.43520   -5.24051    1.00000    1.00000
     1.00000    16.9149   -1.22736   -6.11382    1.00000    1.00000
     1.00000   -12.2377    6.53345  -0.339512    1.00000    1.00000
     1.00000    4.46706   -13.1574  -0.300167    1.00000    1.00000
     1.00000   -26.7004    19.3542    5.10954    1.00000    1.00000
     1.00000    35.1168   -16.7277   -34.2023    1.00000    1.00000
     1.00000   -7.33777    19.1915    13.4504    1.00000    1.00000
     1.00000    7.58750   -12.7536    26.0295    1.00000    1.00000
     1.00000   -15.6477    2.53707    7.58951    1.00000    1.00000
     1.00000    20.8128   -10.6453   -8.05652    1.00000    1.00000
     1.00000   -1.71091    18.2335   -5.45295    1.00000    1.00000
     1.00000   -2.08623   -9.12189   -4.41840    1.00000    1.00000
     1.00000   -19.3427    8.28012    2.64545    1.00000    1.00000
     1.00000    18.0362   -11.2890   -16.7081    1.00000    1.00000
     1.00000   -17.9726    18.4213   0.774277    1.00000    1.00000
     1.00000    6.82520   -8.69472    23.0784    1.00000    1.00000
     1.00000   -14.5652   -9.43290   -11.9004    1.00000    1.00000
     1.00000    11.2289   -3.83466    6.19299    1.00000    1.00000
     1.00000   -16.5549    9.85585   0.901123    1.00000    1.00000
     1.00000    7.90896   -14.6979    11.4196    1.00000    1.00000
     1.00000   -20.7198    15.5810    4.10359    1.00000    1.00000
     1.00000    31.8973   -19.3685   -31.2600    1.00000    1.00000
     1.00000   -3.21350    15.6477    10.9519    1.00000    1.00000
     1.00000    8.70625   -18.6179    31.1469    1.00000    1.00000
     1.00000   -12.8511    1.04790   -1.60889    1.00000    1.00000
     1.00000    31.0125   -1.16341  -10.19436    1.00000    1.00000
     1.00000   -5.96154    21.5056   -4.08399    1.00000    1.00000
     1.00000   0.136814   -5.82538   0.971157    1.00000    1.00000
     1.00000   -14.1396    1.33939   -3.70349    1.00000    1.00000
     1.00000    23.7104   -13.5716   -18.1749    1.00000    1.00000
     1.00000  -10.23998    18.0923    2.88769    1.00000    1.00000
     1.00000    3.48151   -14.4005    10.5938    1.00000    1.00000
     1.00000   -4.48169   -5.21922   -6.83089    1.00000    1.00000
     1.00000    12.0483   -1.68403   -6.40053    1.00000    1.00000
     1.00000  -10.52375    9.47726    2.54064    1.00000    1.00000
     1.00000    1.13948   -15.0231    3.11412    1.00000    1.00000
     1.00000   -23.3421    22.5277    7.70290    1.00000    1.00000
     1.00000    38.4461   -8.74176   -29.7390    1.00000    1.00000
     1.00000   -2.20528    16.6130    12.3843    1.00000    1.00000
     1.00000    3.38841   -16.1827    30.0953    1.00000    1.00000
     1.00000   -11.0176  -0.998680    4.24509    1.00000    1.00000
     1.00000    26.6838   -9.62015   -16.8980    1.00000    1.00000
     1.00000   -1.53457    16.7891   -9.25167    1.00000    1.00000
     1.00000    5.39093E-02   -5.99100   -7.33858    1.00000    1.00000
     1.00000   -22.0247    10.9798    1.19067    1.00000    1.00000
     1.00000    11.4943   -8.67947   -17.7411    1.00000    1.00000
     1.00000   -13.6750    18.5807    7.95970    1.00000    1.00000
     1.00000   10.34328   -15.6418    18.1732    1.00000    1.00000
     1.00000   -14.7779   -3.30899   -7.05071    1.00000    1.00000
     1.00000    12.5990  -0.299431    10.9367    1.00000    1.00000
     1.00000   -11.7224    15.6964   -6.27481    1.00000    1.00000
     1.00000   0.524429   -16.6116   10.33934    1.00000    1.00000
     1.00000   -26.8642    16.1965    1.90654    1.00000    1.00000
     1.00000    29.0891   -17.5380   -22.1357    1.00000    1.00000
     1.00000   -1.64882    23.3057    5.31771    1.00000    1.00000
     1.00000    1.85474   -16.1201    32.0192    1.00000    1.00000
     1.00000   -5.60320   -6.94949   -1.03685    1.00000    1.00000
     1.00000    23.7274   -6.88937   -9.40905    1.00000    1.00000
     1.00000   -7.94104    15.7066   -6.51021    1.00000    1.00000
     1.00000   -2.84847   -7.20762   -3.56146    1.00000    1.00000
     1.00000   -19.4926    9.23649  -0.720314    1.00000    1.00000
     1.00000    24.5485   -17.6212   -20.7377    1.00000    1.00000
     1.00000   -8.66028    12.8535    3.62699    1.00000    1.00000
     1.00000    1.78730  -10.12817    13.1063    1.00000    1.00000
     1.00000   -6.12550   -8.70995   -7.76873    1.00000    1.00000
     1.00000    11.9959   0.515350   -8.23746    1.00000    1.00000
     1.00000   -13.1332    9.81937   0.898045    1.00000    1.00000
     1.00000    2.20382  -10.46420  -0.601093    1.00000    1.00000
     1.00000   -27.5309    16.2967    7.25314    1.00000    1.00000
     1.00000    33.3444   -18.1309   -30.6482    1.00000    1.00000
     1.00000   -4.80877    19.6507    14.9916    1.00000    1.00000
     1.00000    4.53301   -12.0952    21.2594    1.00000    1.00000
     1.00000   -16.0233  -0.231804    9.13010    1.00000    1.00000
     1.00000    25.2662   -7.85630   -11.6478    1.00000    1.00000
     1.00000   -2.55046    20.2406   -2.30227    1.00000    1.00000
     1.00000   -3.61275   -11.2039   -7.04763    1.00000    1.00000
     1.00000   -15.8976    8.03133    3.45177    1.00000    1.00000
     1.00000    19.4949   -5.11792   -17.8533    1.00000    1.00000
     1.00000   -16.4208    20.2941    5.27383    1.00000    1.00000
     1.00000    8.16583   -8.18793    18.4345    1.00000    1.00000
     1.00000  -10.40791   -5.52621   -9.01711    1.00000    1.00000
     1.00000    8.96878   -3.85852    1.14382    1.00000    1.00000
     1.00000   -15.6824    17.1623   0.507526    1.00000    1.00000
     1.00000    3.58596   -16.9758    6.00652    1.00000    1.00000
     1.00000   -24.6812    19.5592    2.84704    1.00000    1.00000
     1.00000    29.9985   -20.2240   -26.2407    1.00000    1.00000
     1.00000   -5.38944    17.8291    6.32471    1.00000    1.00000
     1.00000    5.07364   -18.2520    32.4758    1.00000    1.00000
     1.00000   -11.1323   -3.13351  -0.437782    1.00000    1.00000
     1.00000    26.7919   -4.91330   -9.58088    1.00000    1.00000
     1.00000   -11.3749    24.1677   -7.10062    1.00000    1.00000
     1.00000    2.03516   -3.59847    4.56030    1.00000    1.00000
     1.00000   -16.0590    2.98244  -0.539108    1.00000    1.00000
     1.00000    20.9232   -13.2135   -19.6635    1.00000    1.00000
     1.00000   -7.20180    22.2211   0.202545    1.00000    1.00000
     1.00000   0.732529   -8.65673    11.3509    1.00000    1.00000
     1.00000   -7.81513   -1.65675   -7.80161    1.00000    1.00000
     1.00000    7.61726   -2.78973   -2.88290    1.00000    1.00000
     1.00000   -11.6733    9.80636   -1.20592    1.00000    1.00000
     1.00000    2.81263   -18.4188    2.86916    1.00000    1.00000
     1.00000   -24.4010    23.2804    10.6435    1.00000    1.00000
     1.00000    37.2823   -13.7938   -30.1974    1.00000    1.00000
     1.00000   0.825237    20.1638   10.47347    1.00000    1.00000
     1.00000    2.47804   -12.8632    25.2943    1.00000    1.00000
     1.00000   -13.3291    4.52384    5.64829    1.00000    1.00000
     1.00000    26.0005   -7.55071   -15.4121    1.00000    1.00000
     1.00000   -2.06076    14.2962   -5.63618    1.00000    1.00000
     1.00000    3.91804   -3.25333   -4.21394    1.00000    1.00000
     1.00000   -21.8257    12.5407    3.16389    1.00000    1.00000
     1.00000    16.6131   -7.70270   -19.3153    1.00000    1.00000
     1.00000   -12.6913    19.1784    9.59525    1.00000    1.00000
     1.00000    10.8088   -12.0857    17.9407    1.00000    1.00000
     1.00000   -11.2017   -9.23540   -5.65322    1.00000    1.00000
     1.00000    6.94610   -3.06365    11.4323    1.00000    1.00000
     1.00000   -15.7615    15.5141   -3.22575    1.00000    1.00000
     1.00000  -0.238205   -18.4557   10.47195    1.00000    1.00000
     1.00000   -29.7942    18.0089    4.55336    1.00000    1.00000
     1.00000    28.4072   -21.2473   -20.9136    1.00000    1.00000
     1.00000   -5.81200    21.2330    1.24752    1.00000    1.00000
     1.00000    4.30075   -16.1618    33.3971    1.00000    1.00000
     1.00000   -12.7901   -5.10232   -2.11879    1.00000    1.00000
     1.00000    21.9364   -4.66805   -5.82998    1.00000    1.00000
     1.00000   -5.91399    13.4863   -5.40364    1.00000    1.00000
     1.00000   0.271847   -5.39934   -4.15345    1.00000    1.00000
     1.00000   -19.7723    6.43549   -2.26353    1.00000    1.00000
     1.00000    19.6327   -17.5423   -20.0912    1.00000    1.00000
     1.00000   -7.85611    11.8602    5.16538    1.00000    1.00000
     1.00000    1.76956   -7.86323    16.6321    1.00000    1.00000
     1.00000   -4.58538   -9.02598   -6.53254    1.00000    1.00000
     1.00000    18.4823   -2.95967  -10.03656    1.00000    1.00000
     1.00000   -12.3040    7.71025   -1.95528    1.00000    1.00000
     1.00000    1.92612   -15.9335   -1.92248    1.00000    1.00000
     1.00000   -24.2444    20.6650    6.54619    1.00000    1.00000
     1.00000    34.8521   -18.6880   -33.9072    1.00000    1.00000
     1.00000   -9.44367    22.0782    16.4214    1.00000    1.00000
     1.00000    3.37329   -12.7517    22.7508    1.00000    1.00000
     1.00000   -13.3602    1.62903    9.81794    1.00000    1.00000
     1.00000    18.8311   -10.8604   -9.93690    1.00000    1.00000
     1.00000   -3.69342    18.3586   -5.68529    1.00000    1.00000
     1.00000   0.969429  -10.20192   -4.34319    1.00000    1.00000
     1.00000   -22.0492    9.51555    4.63171    1.00000    1.00000
     1.00000    19.8889   -11.4997   -17.4313    1.00000    1.00000
     1.00000   -17.2065    20.3432  -0.621109    1.00000    1.00000
     1.00000   10.10599   -8.64455    18.5997    1.00000    1.00000
     1.00000   -12.5105   -9.75275   -12.0600    1.00000    1.00000
     1.00000    12.1890   -3.88499   10.31188    1.00000    1.00000
     1.00000   -17.0632    13.6695   -5.00488E-02    1.00000    1.00000
     1.00000    9.80890   -15.0992    11.8983    1.00000    1.00000
     1.00000   -23.0431    15.2330    3.33691    1.00000    1.00000
     1.00000    30.9989   -19.0781   -28.5417    1.00000    1.00000
     1.00000   -4.42379    15.7312    8.44320    1.00000    1.00000
     1.00000    4.43151   -19.6942    31.0236    1.00000    1.00000
     1.00000   -14.1986  -0.738266   -1.72802    1.00000    1.00000
     1.00000    30.2280    1.16502   -12.1795    1.00000    1.00000
     1.00000   -7.73442    19.0415   -6.56449    1.00000    1.00000
     1.00000   0.315804   -4.59258    4.32462    1.00000    1.00000
     1.00000   -15.5088    1.22691   -2.24998    1.00000    1.00000
     1.00000    26.2112   -13.5436   -17.8410    1.00000    1.00000
     1.00000   -11.6255    16.6583    3.04278    1.00000    1.00000
     1.00000  -0.220455   -15.4130    7.48569    1.00000    1.00000
     1.00000   -6.35425  -0.889236   -6.67167    1.00000    1.00000
     1.00000    11.2554   -3.49999   -3.43787    1.00000    1.00000
     1.00000  -10.19065    5.35269    4.70869    1.00000    1.00000
     1.00000    2.37939   -16.6362  -0.105667    1.00000    1.00000
     1.00000   -24.8985    23.4011    6.80022    1.00000    1.00000
     1.00000    35.2917   -11.8902   -29.4876    1.00000    1.00000
     1.00000   -1.26903    18.0474    11.2659    1.00000    1.00000
     1.00000    2.21554   -11.8700    29.7055    1.00000    1.00000
     1.00000   -13.6208    1.30521    2.38297    1.00000    1.00000
     1.00000    27.4823   -12.3256   -16.8916    1.00000    1.00000
     1.00000   -2.90479    15.7172   -7.35255    1.00000    1.00000
     1.00000    1.93132   -6.35253   -4.79546    1.00000    1.00000
     1.00000   -23.9823    13.5264    2.88349    1.00000    1.00000
     1.00000    9.56340   -11.0727   -16.1867    1.00000    1.00000
     1.00000   -12.5463    17.9414    4.26995    1.00000    1.00000
     1.00000    8.32214   -12.6604    19.2131    1.00000    1.00000
     1.00000   -14.6325   -5.20490   -4.17468    1.00000    1.00000
     1.00000    11.6474   -1.52129    9.67126    1.00000    1.00000
     1.00000   -13.3783    15.3648   -4.29806    1.00000    1.00000
     1.00000    1.78231   -16.8263    6.85771    1.00000    1.00000
     1.00000   -27.5870    17.5713   -1.59088    1.00000    1.00000
     1.00000    26.4887   -17.8643   -20.3176    1.00000    1.00000
     1.00000   -3.53214    21.6502    3.44954    1.00000    1.00000
     1.00000    1.53962   -15.2910    33.8118    1.00000    1.00000
     1.00000  -10.55213   -5.04030  -0.603653    1.00000    1.00000
     1.00000    24.6238   -5.38029   -8.45041    1.00000    1.00000
     1.00000   -9.01931    16.2944   -4.93166    1.00000    1.00000
     1.00000    1.47285E-02   -7.81374   0.793671    1.00000    1.00000
     1.00000   -22.4010    10.7902   -2.44844    1.00000    1.00000
     1.00000    23.0183   -15.4479   -18.1995    1.00000    1.00000
     1.00000   -8.45517    16.0473    4.24831    1.00000    1.00000
     1.00000   0.353439   -8.05627    15.2330    1.00000    1.00000
     1.00000   -8.64028  -10.08464   -5.76430    1.00000    1.00000
     1.00000    14.9238   -1.25540   -6.30011    1.00000    1.00000
     1.00000   -15.0583    9.16446    2.03342    1.00000    1.00000
     1.00000   0.455418  -10.01242    2.31935    1.00000    1.00000
     1.00000   -25.7038    17.0323    6.90627    1.00000    1.00000
     1.00000    34.0463   -19.4949   -27.6726    1.00000    1.00000
     1.00000   -3.41295    18.2517    15.3081    1.00000    1.00000
     1.00000    3.78537  -10.25245    21.0470    1.00000    1.00000
     1.00000   -17.8738   -2.64957    8.43464    1.00000    1.00000
     1.00000    20.7379   -9.38910   -9.61098    1.00000    1.00000
     1.00000   -2.84276    21.0287   -4.18302    1.00000    1.00000
     1.00000  -0.316685   -11.6738   -7.66237    1.00000    1.00000
     1.00000   -13.9798    6.35536    2.86246    1.00000    1.00000
     1.00000    20.6485   -7.35860   -16.3758    1.00000    1.00000
     1.00000   -15.5833    20.4041    3.46098    1.00000    1.00000
     1.00000    7.11211   -8.40190    15.4390    1.00000    1.00000
     1.00000   -11.9465   -8.94872   -8.94744    1.00000    1.00000
     1.00000    10.7863   -4.99395    4.62452    1.00000    1.00000
     1.00000   -18.3168    15.2050    1.12744    1.00000    1.00000
     1.00000    5.21704   -16.7756    7.14648    1.00000    1.00000
     1.00000   -24.1537    20.6981    1.28993    1.00000    1.00000
     1.00000    29.3399   -17.6026   -24.9174    1.00000    1.00000
     1.00000   -3.86214    19.0397    6.77403    1.00000    1.00000
     1.00000    4.35638   -18.0300    36.2901    1.00000    1.00000
     1.00000   -13.5139   0.549171   0.211010    1.00000    1.00000
     1.00000    28.2639   -1.18434  -10.06071    1.00000    1.00000
     1.00000   -6.29775    24.5316   -4.09336    1.00000    1.00000
     1.00000    4.13721   -4.22675    5.97040    1.00000    1.00000
     1.00000   -17.4008    6.12196  -0.613876    1.00000    1.00000
     1.00000    20.4611   -13.6793   -17.7742    1.00000    1.00000
     1.00000   -8.83503    20.5215    1.90023    1.00000    1.00000
     1.00000  -0.746441   -11.0568    9.25627    1.00000    1.00000
     1.00000   -9.06337   -3.42271  -10.22868    1.00000    1.00000
     1.00000    9.83683   -4.03603  -0.649220    1.00000    1.00000
     1.00000   -11.1499   10.00030   0.714603    1.00000    1.00000
     1.00000    4.24903   -17.4998    1.56517    1.00000    1.00000
     1.00000   -21.2432    23.5558    11.0562    1.00000    1.00000
     1.00000    33.0788   -12.7188   -30.8977    1.00000    1.00000
     1.00000  -0.500996    21.5771    9.97965    1.00000    1.00000
     1.00000   -1.48154   -13.4220    28.4634    1.00000    1.00000
     1.00000   -15.3552    3.48713    4.76017    1.00000    1.00000
     1.00000    26.7487   -7.16939   -12.8012    1.00000    1.00000
     1.00000   -3.18242    13.6749   -3.06702    1.00000    1.00000
     1.00000    6.11815   -4.20399   -5.10612    1.00000    1.00000
     1.00000   -18.9317    11.1105    3.96101    1.00000    1.00000
     1.00000    13.1233   -8.54787   -18.8938    1.00000    1.00000
     1.00000   -11.1742    18.0072    9.02354    1.00000    1.00000
     1.00000    10.9697   -12.9270    16.1334    1.00000    1.00000
     1.00000   -12.5920   -6.69260   -6.28008    1.00000    1.00000
     1.00000    9.15016  -0.889381    12.6456    1.00000    1.00000
     1.00000   -15.2775    16.7157   -5.85476    1.00000    1.00000
     1.00000    3.35351   -19.9384    9.84274    1.00000    1.00000
     1.00000   -30.5459    20.2622    5.49115    1.00000    1.00000
     1.00000    27.0718   -21.6251   -19.4734    1.00000    1.00000
     1.00000   -4.36618    20.2832    2.25134    1.00000    1.00000
     1.00000    6.24797   -16.0515    31.9754    1.00000    1.00000
     1.00000   -10.7210   -7.08515   -3.09954    1.00000    1.00000
     1.00000    19.4568   -4.65410   -8.18011    1.00000    1.00000
     1.00000   -8.44701    13.5189   -7.99884    1.00000    1.00000
     1.00000   0.792351   -5.40015   -2.22237    1.00000    1.00000
     1.00000   -19.8965    5.84455   -4.17020    1.00000    1.00000
     1.00000    19.4911   -17.2690   -18.1150    1.00000    1.00000
     1.00000   -7.58392    13.3616    6.45830    1.00000    1.00000
     1.00000    4.07825   -9.45191    17.3071    1.00000    1.00000
     1.00000   -6.11464   -8.32879   -5.44845    1.00000    1.00000
     1.00000    17.5537  -0.188026   -7.69868    1.00000    1.00000
     1.00000   -10.6211    7.60345  -0.831234    1.00000    1.00000
     1.00000    2.50946   -13.5653  -0.337158    1.00000    1.00000
     1.00000   -27.9936    20.8475    5.42225    1.00000    1.00000
     1.00000    34.2568   -15.9388   -32.5781    1.00000    1.00000
     1.00000   -9.32105    19.2354    13.7047    1.00000    1.00000
     1.00000    6.16037   -12.5723    24.6401    1.00000    1.00000
     1.00000   -15.3006    1.62195    9.33366    1.00000    1.00000
     1.00000    19.7622   -12.1907   -8.76920    1.00000    1.00000
     1.00000  -0.596775    17.3277   -4.06068    1.00000    1.00000
     1.00000   -2.86919   -10.8975   -4.90221    1.00000    1.00000
     1.00000   -17.8400    7.91741    3.91446    1.00000    1.00000
     1.00000    16.6438   -9.90102   -16.3408    1.00000    1.00000
     1.00000   -19.5225    19.5802   0.269463    1.00000    1.00000
     1.00000    8.00515   -8.18172    21.5472    1.00000    1.00000
     1.00000   -13.3669   -9.33158  -10.30242    1.00000    1.00000
     1.00000   10.08410   -2.68995    7.36728    1.00000    1.00000
     1.00000   -16.5937    11.8288   0.575428    1.00000    1.00000
     1.00000    7.26441   -15.2165    9.59875    1.00000    1.00000
     1.00000   -22.3741    15.4056    5.21377    1.00000    1.00000
     1.00000    31.6997   -20.5705   -29.6738    1.00000    1.00000
     1.00000   -4.04468    14.2739    9.75944    1.00000    1.00000
     1.00000    8.05372   -20.4632    31.5579    1.00000    1.00000
     1.00000   -12.9470  -0.179962   -3.18468    1.00000    1.00000
     1.00000    32.0375  -0.872459   -11.8869    1.00000    1.00000
     1.00000   -7.52190    22.4186   -4.93940    1.00000    1.00000
     1.00000    1.06672   -5.50906    2.71335    1.00000    1.00000
     1.00000   -15.1428    2.23433   -5.18427    1.00000    1.00000
     1.00000    23.6353   -13.7025   -20.1692    1.00000    1.00000
     1.00000   -9.25832    18.6792    1.24698    1.00000    1.00000
     1.00000    1.53012   -13.9622    10.5900    1.00000    1.00000
     1.00000   -5.68444   -4.05204   -5.73953    1.00000    1.00000
     1.00000    13.1711   -1.88847   -4.75810    1.00000    1.00000
     1.00000   -9.45375    7.79097    2.64799    1.00000    1.00000
     1.00000   0.400185   -16.3256    1.78863    1.00000    1.00000
     1.00000   -22.4624    20.7494    7.45033    1.00000    1.00000
     1.00000    38.1081   -10.5844   -29.0388    1.00000    1.00000
     1.00000   -2.06034    17.9478    13.8665    1.00000    1.00000
     1.00000    2.09830   -14.7283    29.6259    1.00000    1.00000
     1.00000   -11.1593   0.987183    4.43550    1.00000    1.00000
     1.00000    27.3879   -9.79771   -18.7615    1.00000    1.00000
     1.00000  -0.200474    17.3968   -7.89117    1.00000    1.00000
     1.00000   0.198589   -6.95493   -5.59218    1.00000    1.00000
     1.00000   -23.8592    11.6746    1.58046    1.00000    1.00000
     1.00000    11.1990   -7.57768   -19.3839    1.00000    1.00000
     1.00000   -13.4758    18.0707    6.03611    1.00000    1.00000
     1.00000    8.89801   -14.5683    19.0442    1.00000    1.00000
     1.00000   -15.2055   -3.53240   -5.10977    1.00000    1.00000
     1.00000    12.6414   -2.25090    11.3726    1.00000    1.00000
     1.00000   -11.5866    16.2515   -4.35820    1.00000    1.00000
     1.00000   0.755600   -17.3460    8.49350    1.00000    1.00000
     1.00000   -26.3603    16.2835    3.84007    1.00000    1.00000
     1.00000    30.3669   -16.4338   -23.2072    1.00000    1.00000
     1.00000  -0.848682    24.8474    6.30908    1.00000    1.00000
     1.00000   0.148418   -17.1622    32.0687    1.00000    1.00000
     1.00000   -7.45210   -6.47101  -0.443043    1.00000    1.00000
     1.00000    22.3260   -5.80868   -8.47729    1.00000    1.00000
     1.00000   -6.77799    17.3038   -6.82057    1.00000    1.00000
     1.00000   -1.92954   -8.62296   -2.48798    1.00000    1.00000
     1.00000   -20.7203    10.7724   -1.08624    1.00000    1.00000
     1.00000    25.1586   -15.7194   -20.6317    1.00000    1.00000
     1.00000   -9.71013    14.5031    4.04742    1.00000    1.00000
     1.00000    1.04318   -11.7514    14.0072    1.00000    1.00000
     1.00000   -4.33795   -8.08143   -8.40874    1.00000    1.00000
     1.00000    13.3246  -0.245995   -6.95102    1.00000    1.00000
     1.00000   -13.4863    8.46259  -0.528316    1.00000    1.00000
     1.00000    2.83298   -12.0658   -1.62043    1.00000    1.00000
     1.00000   -26.6555    15.2446    8.71147    1.00000    1.00000
     1.00000    34.9932   -17.5218   -31.6025    1.00000    1.00000
     1.00000   -6.38630    20.7013    14.3532    1.00000    1.00000
     1.00000    5.01397   -12.9664    19.5246    1.00000    1.00000
     1.00000   -15.7803   -1.15766    7.37404    1.00000    1.00000
     1.00000    23.6956   -8.50217   -10.5914    1.00000    1.00000
     1.00000   -2.67905    19.0545   -3.90747    1.00000    1.00000
     1.00000   -2.66669   -9.57105   -6.38525    1.00000    1.00000
     1.00000   -15.9155    6.35592    2.35967    1.00000    1.00000
     1.00000    20.3257   -6.88364   -18.2916    1.00000    1.00000
     1.00000   -16.3780    18.4316    6.00121    1.00000    1.00000
     1.00000    7.53806   -9.91332    17.6415    1.00000    1.00000
     1.00000  -10.36905   -4.98582   -7.09189    1.00000    1.00000
     1.00000    8.70176   -5.67399    1.93929    1.00000    1.00000
     1.00000   -16.8856    16.9553   -1.07660    1.00000    1.00000
     1.00000    4.00734   -18.9091    5.71562    1.00000    1.00000
     1.00000   -23.3345    18.2047    3.44002    1.00000    1.00000
     1.00000    29.6281   -20.4950   -24.2941    1.00000    1.00000
     1.00000   -7.04990    18.0065    7.42535    1.00000    1.00000
     1.00000    5.15284   -17.9837    34.4561    1.00000    1.00000
     1.00000   -12.2398   -2.10450   0.871643    1.00000    1.00000
     1.00000    26.6142   -3.10206   -8.75151    1.00000    1.00000
     1.00000   -9.57807    24.3944   -6.25206    1.00000    1.00000
     1.00000    3.81594   -4.31474    3.99833    1.00000    1.00000
     1.00000   -15.0488    4.22314   -1.73917    1.00000    1.00000
     1.00000    22.0840   -12.4098   -18.2470    1.00000    1.00000
     1.00000   -8.70336    22.4764    1.49877    1.00000    1.00000
     1.00000   0.173939  -10.53561    10.9537    1.00000    1.00000
     1.00000   -9.40596   -2.82914   -8.10941    1.00000    1.00000
     1.00000    7.89874   -2.77766  -0.902840    1.00000    1.00000
     1.00000  -10.50856   10.02094   -2.81755    1.00000    1.00000
     1.00000    4.18215   -17.6962    4.13502    1.00000    1.00000
     1.00000   -23.2406    22.0047    9.63062    1.00000    1.00000
     1.00000    35.4194   -14.3561   -30.6593    1.00000    1.00000
     1.00000  -0.150333    18.5976    9.70199    1.00000    1.00000
     1.00000    1.64077   -13.8960    26.7884    1.00000    1.00000
     1.00000   -12.2792    2.82954    5.81280    1.00000    1.00000
     1.00000    27.3403   -8.97514   -14.9927    1.00000    1.00000
     1.00000   -1.15717    13.7100   -7.32140    1.00000    1.00000
     1.00000    5.17481   -4.56696   -3.38033    1.00000    1.00000
     1.00000   -20.3925    12.1824    1.81570    1.00000    1.00000
     1.00000    15.8741   -8.88788   -17.8838    1.00000    1.00000
     1.00000   -12.9693    20.7939    8.44942    1.00000    1.00000
     1.00000    8.99861   -11.2364    17.9824    1.00000    1.00000
     1.00000   -9.91470   -8.40601   -4.36648    1.00000    1.00000
     1.00000    8.25303   -1.60992    11.0097    1.00000    1.00000
     1.00000   -15.2762    14.8806   -5.05964    1.00000    1.00000
     1.00000    1.50116   -19.1851    9.80669    1.00000    1.00000
     1.00000   -28.2744    16.8499    3.96461    1.00000    1.00000
     1.00000    29.7321   -20.3495   -22.1129    1.00000    1.00000
     1.00000   -6.29650    22.9570    2.13807    1.00000    1.00000
     1.00000    3.20782   -17.5330    32.4352    1.00000    1.00000
     1.00000   -14.5125   -4.73696   -1.17018    1.00000    1.00000
     1.00000    20.8319   -5.68170   -7.15383    1.00000    1.00000
     1.00000   -6.79909    14.1613   -7.06525    1.00000    1.00000
     1.00000   0.967155   -3.90374   -5.28472    1.00000    1.00000
     1.00000   -19.0202    7.29556  -0.622017    1.00000    1.00000
     1.00000    20.2468   -17.3696   -21.9867    1.00000    1.00000
     1.00000   -6.06102    11.0021    5.36887    1.00000    1.00000
     1.00000    2.57372   -9.58028    15.9957    1.00000    1.00000
     1.00000   -4.69679   -7.07360   -6.11325    1.00000    1.00000
     1.00000    17.9506   -1.13448   -9.41527    1.00000    1.00000
     1.00000   -11.0735    7.83231   -3.52721    1.00000    1.00000
     1.00000   0.966503   -14.8165  -0.569210    1.00000    1.00000
     1.00000   -26.2236    20.8780    6.35294    1.00000    1.00000
     1.00000    35.9997   -20.3104   -33.6816    1.00000    1.00000
     1.00000   -9.02126    20.6586    15.0775    1.00000    1.00000
     1.00000    4.19634   -12.2236    24.4954    1.00000    1.00000
     1.00000   -13.1299    1.72544    11.8023    1.00000    1.00000
     1.00000    16.9008  -10.34106   -9.87103    1.00000    1.00000
     1.00000   -4.13759    17.2917   -7.31758    1.00000    1.00000
     1.00000  -0.254723   -8.85821   -5.17739    1.00000    1.00000
     1.00000   -20.1611    9.53308    3.97217    1.00000    1.00000
     1.00000    21.3871  -10.53758   -18.3422    1.00000    1.00000
     1.00000   -16.1143    19.1151   0.518501    1.00000    1.00000
     1.00000    9.67785   -8.64469    20.5533    1.00000    1.00000
     1.00000   -13.1190   -7.86282   -11.8195    1.00000    1.00000
     1.00000    11.6384   -3.23039    8.50404    1.00000    1.00000
     1.00000   -16.8376    14.6401   -1.78416    1.00000    1.00000
     1.00000    10.8961   -14.9363    13.5691    1.00000    1.00000
     1.00000   -24.4972    16.5976    3.18413    1.00000    1.00000
     1.00000    30.1476   -18.3382   -26.8901    1.00000    1.00000
     1.00000   -5.87395    17.0745    8.74765    1.00000    1.00000
     1.00000    6.36013   -19.4033    31.4661    1.00000    1.00000
     1.00000   -13.9794   -2.67396   -2.18081    1.00000    1.00000
     1.00000    29.5694  -0.576187   -11.4485    1.00000    1.00000
     1.00000   -7.21924    20.9504   -6.26337    1.00000    1.00000
     1.00000    1.44267   -6.14423    4.89254    1.00000    1.00000
     1.00000   -16.3245    3.00209   -2.67814    1.00000    1.00000
     1.00000    24.9205   -15.0493   -17.5816    1.00000    1.00000
     1.00000   -11.6590    14.7631    3.68078    1.00000    1.00000
     1.00000   0.699162   -14.2043    8.78695    1.00000    1.00000
     1.00000   -5.49519   -2.10275   -5.33400    1.00000    1.00000
     1.00000    13.2003   -3.11320   -3.17723    1.00000    1.00000
     1.00000   -9.17789    5.85303    3.05825    1.00000    1.00000
     1.00000    1.22436   -17.9190   0.904430    1.00000    1.00000
     1.00000   -25.5074    23.7444    4.92635    1.00000    1.00000
     1.00000    37.1373   -12.3228   -28.8501    1.00000    1.00000
     1.00000   -1.49518    19.4502    12.6734    1.00000    1.00000
