     1.00000   -6.67406    13.0116   -24.1606    1.00000    1.00000
     1.00000   -13.3990   -1.05804    12.9796    1.00000    1.00000
     1.00000  -0.751480    19.7289   -4.93260    1.00000    1.00000
     1.00000   -2.34859   -10.8921    9.64627    1.00000    1.00000
     1.00000   -15.1268    9.05991   -25.1133    1.00000    1.00000
     1.00000   -6.32863   -4.61282    8.36427    1.00000    1.00000
     1.00000    23.3996    12.4472    2.59288    1.00000    1.00000
     1.00000    14.1274   -31.8103    26.7165    1.00000    1.00000
     1.00000   -9.05914E-02    19.5736   -20.6894    1.00000    1.00000
     1.00000   -11.3781    6.44092    5.71332    1.00000    1.00000
     1.00000    3.02645    16.7416   -5.40025    1.00000    1.00000
     1.00000    13.4525   -27.2828    6.58408    1.00000    1.00000
     1.00000   -22.3289    11.7893   -24.4135    1.00000    1.00000
     1.00000   -3.52371   -14.8251    1.39449    1.00000    1.00000
     1.00000    11.1608    6.73004    1.58665    1.00000    1.00000
     1.00000    19.1819   -32.4303    33.9358    1.00000    1.00000
     1.00000   -4.16238    14.5382   -7.32845    1.00000    1.00000
     1.00000   -2.91849    3.76300   10.39668    1.00000    1.00000
     1.00000    1.90977    21.1683   -8.21310    1.00000    1.00000
     1.00000   -1.08389   -24.4811   10.33420    1.00000    1.00000
     1.00000   -20.4038    15.8718   -31.2444    1.00000    1.00000
     1.00000   -8.78569    1.64618   -1.71730    1.00000    1.00000
     1.00000    19.7068    14.5276    11.8435    1.00000    1.00000
     1.00000    15.3024   -36.2842    20.9879    1.00000    1.00000
     1.00000   -9.86985    38.9005   -25.8809    1.00000    1.00000
     1.00000   -19.7953    5.50636    2.16020    1.00000    1.00000
     1.00000   -1.98666    7.67746    5.58894    1.00000    1.00000
     1.00000    4.77536   -25.1114    9.60918    1.00000    1.00000
     1.00000   -9.69861    13.9733   -28.1672    1.00000    1.00000
     1.00000   0.132629  -10.25926    16.3752    1.00000    1.00000
     1.00000    15.1598    5.75253    3.12300    1.00000    1.00000
     1.00000    15.7984   -32.3666    13.7624    1.00000    1.00000
     1.00000   -1.28566    17.2976   -20.1471    1.00000    1.00000
     1.00000   -14.5635   -8.76771    13.6793    1.00000    1.00000
     1.00000    1.24994    16.7383   -1.41282    1.00000    1.00000
     1.00000    3.45877   -15.6730    7.70988    1.00000    1.00000
     1.00000   -14.1472   10.49996   -28.7719    1.00000    1.00000
     1.00000   -9.28357   -6.46345    10.7175    1.00000    1.00000
     1.00000    24.3211   10.06955   -3.38039    1.00000    1.00000
     1.00000    13.6610   -37.0960    28.2825    1.00000    1.00000
     1.00000  -0.723045    27.2989   -26.1512    1.00000    1.00000
     1.00000   -12.5611    7.10179    2.49603    1.00000    1.00000
     1.00000    6.53419    19.3865   -6.45728    1.00000    1.00000
     1.00000    7.95288   -30.1109    9.48016    1.00000    1.00000
     1.00000   -22.4164    15.2046   -23.2354    1.00000    1.00000
     1.00000  -0.469635   -5.90500    13.3771    1.00000    1.00000
     1.00000    5.24255    3.96968   0.799919    1.00000    1.00000
     1.00000    23.1017   -33.0084    24.0643    1.00000    1.00000
     1.00000   -5.67409    15.9100   -19.8762    1.00000    1.00000
     1.00000   -11.1760    1.22207    14.0681    1.00000    1.00000
     1.00000    4.21176    22.8505   -2.05002    1.00000    1.00000
     1.00000  -0.634964   -28.7965    9.08977    1.00000    1.00000
     1.00000   -21.4702    14.2442   -35.1362    1.00000    1.00000
     1.00000   -14.4726   -2.01931    5.05669    1.00000    1.00000
     1.00000    17.2372    9.69469    6.24364    1.00000    1.00000
     1.00000    9.36047   -35.1374    16.6396    1.00000    1.00000
     1.00000   -6.91482    31.4231   -24.0390    1.00000    1.00000
     1.00000   -15.2624    9.72736   0.266136    1.00000    1.00000
     1.00000    4.47880    7.56043   -1.37563    1.00000    1.00000
     1.00000    9.35964   -30.7810    7.57823    1.00000    1.00000
     1.00000   -14.2698    14.7515   -21.5985    1.00000    1.00000
     1.00000   -1.04898   -15.5934    19.3733    1.00000    1.00000
     1.00000    13.8948    8.96295    8.89389    1.00000    1.00000
     1.00000    19.6501   -29.3912    21.9906    1.00000    1.00000
     1.00000   -3.50690    17.3057   -21.9305    1.00000    1.00000
     1.00000   -13.0304   0.267166    7.93765    1.00000    1.00000
     1.00000   -3.47793    17.3669   -5.98461    1.00000    1.00000
     1.00000    1.39821   -17.3184    8.66533    1.00000    1.00000
     1.00000   -15.1800    12.0408   -24.5014    1.00000    1.00000
     1.00000   -6.66515   -6.02351    9.74149    1.00000    1.00000
     1.00000    25.0438    13.0997    1.65965    1.00000    1.00000
     1.00000    21.6059   -32.0920    25.7734    1.00000    1.00000
     1.00000   0.928955    19.3733   -22.3983    1.00000    1.00000
     1.00000   -7.70229    2.72900    5.55959    1.00000    1.00000
     1.00000    4.82314    15.2017   -6.12878    1.00000    1.00000
     1.00000    17.5381   -30.1594    5.30586    1.00000    1.00000
     1.00000   -26.5241    17.1323   -28.9053    1.00000    1.00000
     1.00000   -2.50597   -12.9456    4.68886    1.00000    1.00000
     1.00000    7.98526    5.72377    1.26810    1.00000    1.00000
     1.00000    23.8430   -33.7979    31.2332    1.00000    1.00000
     1.00000   -4.53551    12.3444   -14.8848    1.00000    1.00000
     1.00000   -6.73249    1.74291    11.4679    1.00000    1.00000
     1.00000    2.78999    20.5747   -3.11615    1.00000    1.00000
     1.00000    2.25053   -22.9757    8.19153    1.00000    1.00000
     1.00000   -16.1328    13.5747   -28.8385    1.00000    1.00000
     1.00000   -12.3252    2.90222   -2.00062    1.00000    1.00000
     1.00000    19.3741    14.1209    13.7732    1.00000    1.00000
     1.00000    13.2280   -35.4315    19.4840    1.00000    1.00000
     1.00000   -11.1077    33.3639   -24.2336    1.00000    1.00000
     1.00000   -19.2274    7.47266  -0.639954    1.00000    1.00000
     1.00000  -0.374168    8.19371    3.28154    1.00000    1.00000
     1.00000    5.90152   -23.5565    9.04872    1.00000    1.00000
     1.00000   -14.2715    15.5123   -26.6317    1.00000    1.00000
     1.00000    1.29626   -4.38599    14.8744    1.00000    1.00000
     1.00000    12.1154    4.43071    5.36751    1.00000    1.00000
     1.00000    13.3194   -29.5161    13.4732    1.00000    1.00000
     1.00000    1.94039    16.4858   -22.9231    1.00000    1.00000
     1.00000   -14.3416   -6.23672    14.1351    1.00000    1.00000
     1.00000  -0.821724    16.6678   -2.73097    1.00000    1.00000
     1.00000    2.27158   -24.1695    5.09567    1.00000    1.00000
     1.00000   -14.5326    12.7514   -32.0166    1.00000    1.00000
     1.00000   -12.9472   -4.15470    6.57317    1.00000    1.00000
     1.00000    24.1000    12.4718    1.19324E-02    1.00000    1.00000
     1.00000    10.7948   -33.9101    26.5092    1.00000    1.00000
     1.00000   0.627693    27.3570   -29.6731    1.00000    1.00000
     1.00000   -15.4697    4.64442   -2.23907    1.00000    1.00000
     1.00000    8.08788    19.2859   -4.79633    1.00000    1.00000
     1.00000    10.6156   -31.8196    10.9707    1.00000    1.00000
     1.00000   -20.8188    16.1129   -24.0244    1.00000    1.00000
     1.00000   -1.04707  -10.41357    6.46591    1.00000    1.00000
     1.00000    3.45356    7.33063    1.72882    1.00000    1.00000
     1.00000    20.6338   -33.4944    20.4646    1.00000    1.00000
     1.00000   -4.93637    17.3003   -18.6421    1.00000    1.00000
     1.00000   -8.66190    2.95403    14.6018    1.00000    1.00000
     1.00000    3.96764    25.3102   -2.39485    1.00000    1.00000
     1.00000  -0.377914   -26.2701    6.50114    1.00000    1.00000
     1.00000   -21.0355    19.2607   -30.6867    1.00000    1.00000
     1.00000   -13.1263   -6.22495    1.48898    1.00000    1.00000
     1.00000    18.3219   10.43757    10.9667    1.00000    1.00000
     1.00000    8.69109   -33.2683    19.2332    1.00000    1.00000
     1.00000   -5.39769    29.3523   -26.1702    1.00000    1.00000
     1.00000   -16.1929    5.20607    1.48688    1.00000    1.00000
     1.00000    3.58041    8.50872   -2.89011    1.00000    1.00000
     1.00000    5.79924   -27.1870    5.66153    1.00000    1.00000
     1.00000   -14.5384    15.6413   -24.6537    1.00000    1.00000
     1.00000   -1.85292   -9.69070    17.8496    1.00000    1.00000
     1.00000    15.4485    5.33152    8.62091    1.00000    1.00000
     1.00000    17.8890   -26.8025    16.5827    1.00000    1.00000
     1.00000   -8.31966    14.4478   -25.0499    1.00000    1.00000
     1.00000   -12.4050   -3.85158    10.8368    1.00000    1.00000
     1.00000   -1.54193    16.8743   -5.88840    1.00000    1.00000
     1.00000   -2.10253   -12.7426    7.92317    1.00000    1.00000
     1.00000   -17.3661    7.00484   -25.2967    1.00000    1.00000
     1.00000   -2.91719   -4.93229    8.85410    1.00000    1.00000
     1.00000    21.3024    11.8007    3.71449    1.00000    1.00000
     1.00000    16.1341   -31.5097    26.4450    1.00000    1.00000
     1.00000  -0.267876    23.5352   -16.9373    1.00000    1.00000
     1.00000   -6.68646    6.28538    7.25124    1.00000    1.00000
     1.00000    4.98041    14.3333   -3.09625    1.00000    1.00000
     1.00000    14.7987   -28.7573    10.6939    1.00000    1.00000
     1.00000   -23.5840    12.4423   -27.8077    1.00000    1.00000
     1.00000   -5.03454   -14.4157    2.63940    1.00000    1.00000
     1.00000    9.60500    5.66741   -1.22231    1.00000    1.00000
     1.00000    22.0147   -35.4309    31.7932    1.00000    1.00000
     1.00000   -4.00154    14.2119   -12.6730    1.00000    1.00000
     1.00000   -3.54823    6.95270    9.06839    1.00000    1.00000
     1.00000   0.353554    22.5086   -11.4708    1.00000    1.00000
     1.00000   -1.03586   -22.6766    9.47324    1.00000    1.00000
     1.00000   -18.4595    15.7981   -31.7073    1.00000    1.00000
     1.00000   -9.60004   0.607613   -3.22003    1.00000    1.00000
     1.00000    19.7646    11.9840    13.5090    1.00000    1.00000
     1.00000    13.9648   -38.4875    19.7079    1.00000    1.00000
     1.00000   -8.86291    36.7248   -23.2585    1.00000    1.00000
     1.00000   -20.2637    6.65553    3.72864    1.00000    1.00000
     1.00000   -1.31073    6.53781    7.08704    1.00000    1.00000
     1.00000    3.32405   -28.7726    7.89326    1.00000    1.00000
     1.00000   -8.98259    15.2160   -26.7733    1.00000    1.00000
     1.00000    1.66168E-02   -12.2540    16.2891    1.00000    1.00000
     1.00000    11.7920    5.71031    3.86484    1.00000    1.00000
     1.00000    15.9959   -27.3858    16.3069    1.00000    1.00000
     1.00000   -1.89470    14.3195   -21.2562    1.00000    1.00000
     1.00000   -12.6817   -7.66188    14.9780    1.00000    1.00000
     1.00000  -0.615707    18.4361    2.10283    1.00000    1.00000
     1.00000    6.50298   -19.4934    9.36635    1.00000    1.00000
     1.00000   -14.9440    7.55032   -27.7237    1.00000    1.00000
     1.00000   -9.97713   -5.56685    9.06973    1.00000    1.00000
     1.00000    25.1332    11.4957   -2.23731    1.00000    1.00000
     1.00000    12.4842   -32.8129    27.2593    1.00000    1.00000
     1.00000  -0.856636    23.7994   -24.6916    1.00000    1.00000
     1.00000   -12.9476    7.44730    4.98947    1.00000    1.00000
     1.00000    4.20963    21.2044   -9.33443    1.00000    1.00000
     1.00000    8.16737   -32.9606   10.13582    1.00000    1.00000
     1.00000   -22.6637    12.5240   -22.5837    1.00000    1.00000
     1.00000   -1.20445   -1.77189    11.2987    1.00000    1.00000
     1.00000    6.68511    4.20932  -0.564476    1.00000    1.00000
     1.00000    22.7988   -33.6905    25.9199    1.00000    1.00000
     1.00000   -3.86639    13.0606   -18.0357    1.00000    1.00000
     1.00000   -12.5925   0.420647    17.4868    1.00000    1.00000
     1.00000    2.29136    23.3127   -1.73625    1.00000    1.00000
     1.00000   0.922653   -27.8729    9.93875    1.00000    1.00000
     1.00000   -20.6504    16.1932   -34.3839    1.00000    1.00000
     1.00000   -13.9079   -4.73281    3.15764    1.00000    1.00000
     1.00000    19.9454    11.3760    6.72040    1.00000    1.00000
     1.00000    9.35957   -36.9686    15.8354    1.00000    1.00000
     1.00000   -7.61495    33.2881   -23.8610    1.00000    1.00000
     1.00000   -14.1273   10.14185    1.85977    1.00000    1.00000
     1.00000   0.180496    6.75272    1.16405    1.00000    1.00000
     1.00000    4.83461   -30.0118    5.94334    1.00000    1.00000
     1.00000   -13.3558    17.9635   -22.0996    1.00000    1.00000
     1.00000  -0.546951   -14.8838    17.2600    1.00000    1.00000
     1.00000    17.1915    8.93644   10.28190    1.00000    1.00000
     1.00000    18.9222   -30.1187    20.2757    1.00000    1.00000
     1.00000   -5.56700    13.0937   -22.4970    1.00000    1.00000
     1.00000   -13.0724    3.06175   10.26802    1.00000    1.00000
     1.00000   -4.35889    20.0241  -10.28415    1.00000    1.00000
     1.00000    1.81277   -14.8370    11.4388    1.00000    1.00000
     1.00000   -12.7234    12.2408   -23.8143    1.00000    1.00000
     1.00000   -8.43069   -6.49025    12.5263    1.00000    1.00000
     1.00000    26.5017    11.5484    2.34032    1.00000    1.00000
     1.00000    19.6079   -33.4644    27.1676    1.00000    1.00000
     1.00000   -1.92728    20.0993   -23.0152    1.00000    1.00000
     1.00000   -8.63914    4.49522    5.50725    1.00000    1.00000
     1.00000    3.59335    13.8536   -5.31012    1.00000    1.00000
     1.00000    16.7666   -29.5895    7.06085    1.00000    1.00000
     1.00000   -24.6047    15.5526   -28.4173    1.00000    1.00000
     1.00000   -3.57080   -15.7625    5.39023    1.00000    1.00000
     1.00000    7.53942    6.96659    5.00054    1.00000    1.00000
     1.00000    23.7199   -34.4732    29.3547    1.00000    1.00000
     1.00000   -3.80844    15.1490   -16.6252    1.00000    1.00000
     1.00000   -8.66478    1.50603    11.0095    1.00000    1.00000
     1.00000    3.77508    20.8751   -1.40169    1.00000    1.00000
     1.00000   0.712967   -22.8096   10.43445    1.00000    1.00000
     1.00000   -17.5983    12.7960   -30.9958    1.00000    1.00000
     1.00000   -12.0083   -5.13000E-02   0.519264    1.00000    1.00000
     1.00000    20.2465    14.3501    17.3901    1.00000    1.00000
     1.00000    10.8817   -32.6645    20.7523    1.00000    1.00000
     1.00000   -12.0699    34.7461   -22.4046    1.00000    1.00000
     1.00000   -19.5642    4.03121   0.829575    1.00000    1.00000
     1.00000    1.56262    4.52201    2.42820    1.00000    1.00000
     1.00000    6.78066   -26.3663    9.05736    1.00000    1.00000
     1.00000   -12.5332    16.4029   -29.1624    1.00000    1.00000
     1.00000   0.832275   -7.65356    16.8391    1.00000    1.00000
     1.00000    12.5485    1.74681    7.73233    1.00000    1.00000
     1.00000    11.9220   -30.8606    13.9626    1.00000    1.00000
     1.00000   0.383728    15.6603   -21.5346    1.00000    1.00000
     1.00000   -12.1839   -4.12524    14.6432    1.00000    1.00000
     1.00000    1.10233    19.8507   -5.76125    1.00000    1.00000
     1.00000    6.17800   -21.1152    8.24199    1.00000    1.00000
     1.00000   -13.7559    11.2976   -30.5637    1.00000    1.00000
     1.00000   -12.4933   -1.85777    9.63437    1.00000    1.00000
     1.00000    25.5270    15.1740  -0.683731    1.00000    1.00000
     1.00000    12.2609   -36.7565    22.4406    1.00000    1.00000
     1.00000    7.80945E-02    29.5482   -28.6552    1.00000    1.00000
     1.00000   -14.5901    4.49105   0.527664    1.00000    1.00000
     1.00000    6.19917    19.4252   -4.15337    1.00000    1.00000
     1.00000    13.1822   -29.9664   10.41559    1.00000    1.00000
     1.00000   -17.5252    15.1894   -22.2763    1.00000    1.00000
     1.00000   0.307335   -7.77707    9.13464    1.00000    1.00000
     1.00000    4.06227    4.45750    3.45474    1.00000    1.00000
     1.00000    20.0137   -32.3901    23.0592    1.00000    1.00000
     1.00000   -4.73895    18.7885   -19.9635    1.00000    1.00000
     1.00000  -10.00803    1.59688    12.4885    1.00000    1.00000
     1.00000    2.92857    27.7108  -0.163513    1.00000    1.00000
     1.00000   -2.02839   -25.8828    7.56223    1.00000    1.00000
     1.00000   -22.0296    18.4342   -33.5908    1.00000    1.00000
     1.00000   -12.8855   -1.84424   0.645447    1.00000    1.00000
     1.00000    18.9918    12.0126    9.93211    1.00000    1.00000
     1.00000    11.5103   -32.0831    17.9250    1.00000    1.00000
     1.00000   -3.53583    29.9300   -25.7233    1.00000    1.00000
     1.00000   -15.6450    7.45186    2.66084    1.00000    1.00000
     1.00000    5.66499    10.6423   -4.27808    1.00000    1.00000
     1.00000    6.40648   -24.0980    6.55157    1.00000    1.00000
     1.00000   -15.1971    17.7593   -23.6048    1.00000    1.00000
     1.00000   -3.84976   -9.59016    17.7991    1.00000    1.00000
     1.00000    14.9995    6.33481    6.95004    1.00000    1.00000
     1.00000    17.9413   -30.0816    17.9109    1.00000    1.00000
     1.00000   -8.29260    12.4532   -25.1943    1.00000    1.00000
     1.00000   -12.9793   0.850227    12.5525    1.00000    1.00000
     1.00000   -1.26362    17.9337   -4.21497    1.00000    1.00000
     1.00000   -3.68159   -12.2593    9.05147    1.00000    1.00000
     1.00000   -14.6519   10.31827   -23.6331    1.00000    1.00000
     1.00000   -4.69189   -4.22552    9.44644    1.00000    1.00000
     1.00000    22.4742    13.3739    4.10446    1.00000    1.00000
     1.00000    15.4595   -32.5755    27.9971    1.00000    1.00000
     1.00000   -1.20066    20.8463   -19.6180    1.00000    1.00000
     1.00000   -9.65132    6.07133    4.77432    1.00000    1.00000
     1.00000    3.58666    18.6375   -5.09706    1.00000    1.00000
     1.00000    14.2518   -26.9978    8.39513    1.00000    1.00000
     1.00000   -23.0158    12.8822   -25.9413    1.00000    1.00000
     1.00000   -1.90776   -15.1377   0.258293    1.00000    1.00000
     1.00000    9.50690    6.74116   0.462158    1.00000    1.00000
     1.00000    19.0742   -33.9409    32.6294    1.00000    1.00000
     1.00000   -3.84457    14.2098   -9.27554    1.00000    1.00000
     1.00000   -4.59200    4.37807    9.49055    1.00000    1.00000
     1.00000    3.05782    20.2236   -6.87531    1.00000    1.00000
     1.00000    4.57458E-02   -26.1309   10.38193    1.00000    1.00000
     1.00000   -20.3303    14.1628   -32.2807    1.00000    1.00000
     1.00000   -9.01535    3.16440  -0.435791    1.00000    1.00000
     1.00000    21.3708    14.6272    12.9486    1.00000    1.00000
     1.00000    13.4124   -36.9147    20.8130    1.00000    1.00000
     1.00000  -10.24482    37.5941   -24.4137    1.00000    1.00000
     1.00000   -19.4044    4.32344    3.72476    1.00000    1.00000
     1.00000  -0.535072    8.84113    6.32296    1.00000    1.00000
     1.00000    4.79984   -26.8066    10.6702    1.00000    1.00000
     1.00000   -10.7910    15.4373   -28.9817    1.00000    1.00000
     1.00000    1.08124   -9.34366    17.8791    1.00000    1.00000
     1.00000    13.4335    6.73455    3.35833    1.00000    1.00000
     1.00000    15.1428   -30.7590    14.7554    1.00000    1.00000
     1.00000   -1.67167    16.2325   -21.7953    1.00000    1.00000
     1.00000   -14.0494   -9.62490    11.9470    1.00000    1.00000
     1.00000    1.41735    17.4109   0.463211    1.00000    1.00000
     1.00000    3.37569   -17.2372    8.95338    1.00000    1.00000
     1.00000   -13.0109    11.5288   -27.4873    1.00000    1.00000
     1.00000   -10.9258   -6.51423    11.8578    1.00000    1.00000
     1.00000    24.2000    8.13794   -2.87616    1.00000    1.00000
     1.00000    11.8306   -36.3654    28.6229    1.00000    1.00000
     1.00000  -0.732864    25.7902   -24.8382    1.00000    1.00000
     1.00000   -13.1223    8.03963   0.821075    1.00000    1.00000
     1.00000    6.84157    20.8437   -7.79217    1.00000    1.00000
     1.00000    9.72939   -29.2277    9.22722    1.00000    1.00000
     1.00000   -21.8335    13.7287   -24.4526    1.00000    1.00000
     1.00000  -0.764404   -4.96124    11.6386    1.00000    1.00000
     1.00000    4.69993    5.80782    1.37160    1.00000    1.00000
     1.00000    24.9329   -32.6774    24.7971    1.00000    1.00000
     1.00000   -5.23076    14.0505   -19.2885    1.00000    1.00000
     1.00000   -12.6457    1.02525    15.4103    1.00000    1.00000
     1.00000    4.91108    21.9783   -3.70837    1.00000    1.00000
     1.00000   0.249939   -27.3054    8.09299    1.00000    1.00000
     1.00000   -22.7121    14.8980   -36.5612    1.00000    1.00000
     1.00000   -14.1696   -3.99536    4.99820    1.00000    1.00000
     1.00000    17.9831    11.3383    7.10509    1.00000    1.00000
     1.00000    8.78857   -35.1477    18.5561    1.00000    1.00000
     1.00000   -7.10620    29.8477   -25.2561    1.00000    1.00000
     1.00000   -16.3780    8.12087  -0.151947    1.00000    1.00000
     1.00000    3.52229    6.27856  -0.174828    1.00000    1.00000
     1.00000    7.86868   -32.0171    7.07916    1.00000    1.00000
     1.00000   -13.6952    15.9174   -20.0785    1.00000    1.00000
     1.00000   -2.11787   -13.9398    19.0227    1.00000    1.00000
     1.00000    14.9314    7.25496    8.80267    1.00000    1.00000
     1.00000    20.5070   -31.1488    21.5706    1.00000    1.00000
     1.00000   -3.41345    15.3216   -22.1647    1.00000    1.00000
     1.00000   -12.6145    1.21613    9.64835    1.00000    1.00000
     1.00000   -3.72932    18.0753   -7.83801    1.00000    1.00000
     1.00000   0.757690   -15.4611    8.29105    1.00000    1.00000
     1.00000   -14.0945    13.6700   -24.0925    1.00000    1.00000
     1.00000   -7.67137   -5.16092    11.2393    1.00000    1.00000
     1.00000    26.2712    13.9136    3.01279    1.00000    1.00000
     1.00000    22.5455   -31.2183    27.3075    1.00000    1.00000
     1.00000    2.62461    18.3182   -22.5054    1.00000    1.00000
     1.00000   -5.82791    3.36451    5.84740    1.00000    1.00000
     1.00000    6.75494    14.7283   -5.91876    1.00000    1.00000
     1.00000    18.7171   -31.0360    6.66292    1.00000    1.00000
     1.00000   -24.6361    17.1921   -29.5624    1.00000    1.00000
     1.00000   -2.55110   -11.7166    6.26610    1.00000    1.00000
     1.00000    8.07812    6.86641    2.90692    1.00000    1.00000
     1.00000    22.4549   -32.5502    31.9519    1.00000    1.00000
     1.00000   -3.88892    12.2412   -12.9950    1.00000    1.00000
     1.00000   -5.44438    2.78451   10.34729    1.00000    1.00000
     1.00000    2.61462    20.9624   -5.07036    1.00000    1.00000
     1.00000   0.979141   -24.2462    9.06863    1.00000    1.00000
     1.00000   -17.8815    14.5008   -28.5483    1.00000    1.00000
     1.00000   -11.7634    1.58479  -0.604668    1.00000    1.00000
     1.00000    17.7625    14.5548    14.8752    1.00000    1.00000
     1.00000    11.6159   -34.3644    19.9964    1.00000    1.00000
     1.00000   -12.9603    34.1006   -24.0751    1.00000    1.00000
     1.00000   -19.5973    8.92764   0.681503    1.00000    1.00000
     1.00000  -0.780205    6.59702    4.41544    1.00000    1.00000
     1.00000    7.40774   -22.6825    8.06514    1.00000    1.00000
     1.00000   -14.4586    14.5713   -28.3865    1.00000    1.00000
     1.00000    1.26962   -2.88746    13.5502    1.00000    1.00000
     1.00000    12.6550    2.58580    5.91994    1.00000    1.00000
     1.00000    15.0932   -29.1199    12.6385    1.00000    1.00000
     1.00000   0.192551    15.7220   -23.5245    1.00000    1.00000
     1.00000   -12.3677   -5.98580    13.9329    1.00000    1.00000
     1.00000    1.03815    17.0074   -3.38328    1.00000    1.00000
     1.00000    3.47240   -22.9185    6.09219    1.00000    1.00000
     1.00000   -14.3727    14.7259   -32.2920    1.00000    1.00000
     1.00000   -12.6936   -6.12805    6.36940    1.00000    1.00000
     1.00000    24.0795    11.0075    1.37402    1.00000    1.00000
     1.00000    11.3781   -35.5145    25.4673    1.00000    1.00000
     1.00000   0.388168    27.7986   -27.7372    1.00000    1.00000
     1.00000   -16.1950    3.92139  -0.521149    1.00000    1.00000
     1.00000    7.92671    17.9612   -6.28595    1.00000    1.00000
     1.00000    10.9459   -29.8513    11.1002    1.00000    1.00000
     1.00000   -20.1602    15.1668   -25.6589    1.00000    1.00000
     1.00000  -0.304581   -9.20804    7.87849    1.00000    1.00000
     1.00000    2.65808    9.15400    1.52258    1.00000    1.00000
     1.00000    22.0267   -33.1914    21.8674    1.00000    1.00000
     1.00000   -5.51057    15.5500   -17.8631    1.00000    1.00000
     1.00000   -8.74834    3.62728    12.7205    1.00000    1.00000
     1.00000    4.38190    26.9259   -1.29129    1.00000    1.00000
     1.00000    1.49876   -25.7526    6.04256    1.00000    1.00000
     1.00000   -20.1914    17.7944   -31.7532    1.00000    1.00000
     1.00000   -14.7473   -5.18553   0.948608    1.00000    1.00000
     1.00000    19.9820    9.47224   10.40782    1.00000    1.00000
     1.00000    7.14429   -34.3620    19.8745    1.00000    1.00000
     1.00000   -4.13295    28.2237   -27.2317    1.00000    1.00000
     1.00000   -17.8365    5.71023    2.50873    1.00000    1.00000
     1.00000    4.82683   10.03875   -2.56541    1.00000    1.00000
     1.00000    5.20360   -28.4302    7.11058    1.00000    1.00000
     1.00000   -16.0037    15.9502   -23.3280    1.00000    1.00000
     1.00000  -0.913483   -11.1996    18.7664    1.00000    1.00000
     1.00000    17.1029    5.22440    9.73952    1.00000    1.00000
     1.00000    18.4928   -25.2336    17.6662    1.00000    1.00000
     1.00000   -6.41643    14.4979   -25.6625    1.00000    1.00000
     1.00000   -12.2892   -2.01403    11.6178    1.00000    1.00000
     1.00000   -2.46505    15.5690   -7.09001    1.00000    1.00000
     1.00000  -0.514160   -13.9578    7.94104    1.00000    1.00000
     1.00000   -15.4465    7.21530   -25.8170    1.00000    1.00000
     1.00000   -1.52812   -6.33923    9.15578    1.00000    1.00000
     1.00000    21.4385    12.1937    5.67076    1.00000    1.00000
     1.00000    18.0331   -31.2014    25.8985    1.00000    1.00000
     1.00000  -0.536583    21.8951   -18.0498    1.00000    1.00000
     1.00000   -8.49136    6.28395    6.38965    1.00000    1.00000
     1.00000    3.55906    15.3879   -4.02771    1.00000    1.00000
     1.00000    13.1991   -28.1040    9.68661    1.00000    1.00000
     1.00000   -25.0403    13.6042   -28.5352    1.00000    1.00000
     1.00000   -4.92393   -15.9410    3.92831    1.00000    1.00000
     1.00000    11.4692    4.94478   -1.17042    1.00000    1.00000
     1.00000    20.8855   -33.7801    31.7967    1.00000    1.00000
     1.00000   -4.64447    14.9768   -10.9405    1.00000    1.00000
     1.00000   -5.29323    6.06106    8.66847    1.00000    1.00000
     1.00000    1.10664    21.3350  -10.03716    1.00000    1.00000
     1.00000  -0.444374   -20.9324   10.25304    1.00000    1.00000
     1.00000   -18.7072    15.8914   -29.7249    1.00000    1.00000
     1.00000  -10.51582    2.25781   -2.55809    1.00000    1.00000
     1.00000    18.9507    12.6762    11.8184    1.00000    1.00000
     1.00000    12.3553   -38.4832    18.5207    1.00000    1.00000
     1.00000   -8.79995    34.8883   -24.0481    1.00000    1.00000
     1.00000   -21.4614    7.54221    5.06258    1.00000    1.00000
     1.00000   -3.31001    6.58181    7.11768    1.00000    1.00000
     1.00000    3.70566   -28.2232    9.77809    1.00000    1.00000
     1.00000   -7.13672    15.0312   -27.5207    1.00000    1.00000
     1.00000   -1.94419   -11.8975    16.4568    1.00000    1.00000
     1.00000    9.99911    6.59490    3.91942    1.00000    1.00000
     1.00000    15.9082   -28.9339    15.0438    1.00000    1.00000
     1.00000  -0.664536    14.7311   -19.7339    1.00000    1.00000
     1.00000   -12.8262   -9.53859    14.3019    1.00000    1.00000
     1.00000   0.295624    19.0666   0.437881    1.00000    1.00000
     1.00000    5.12416   -18.0496    9.48532    1.00000    1.00000
     1.00000   -14.8328    9.47636   -27.1964    1.00000    1.00000
     1.00000   -10.6357   -3.87060    8.23969    1.00000    1.00000
     1.00000    23.2969    12.1507   -1.79136    1.00000    1.00000
     1.00000    11.7383   -34.4129    28.1994    1.00000    1.00000
     1.00000  -0.330986    22.6189   -23.1651    1.00000    1.00000
     1.00000   -13.1216    5.78416    3.89233    1.00000    1.00000
     1.00000    6.18572    21.3176   -9.62119    1.00000    1.00000
     1.00000    9.36852   -31.5230    9.43550    1.00000    1.00000
     1.00000   -20.7798    12.5218   -23.2554    1.00000    1.00000
     1.00000    4.87518E-02   -3.16833    11.9911    1.00000    1.00000
     1.00000    7.42895    3.80281    1.24701    1.00000    1.00000
     1.00000    21.1484   -34.0437    24.8468    1.00000    1.00000
     1.00000   -3.43488    14.8256   -18.8714    1.00000    1.00000
     1.00000   -13.7708    1.89193    16.8184    1.00000    1.00000
     1.00000    2.96758    23.9750   -3.49809    1.00000    1.00000
     1.00000    2.37476   -26.5993   10.45769    1.00000    1.00000
     1.00000   -22.5826    15.6831   -34.3042    1.00000    1.00000
     1.00000   -14.2916   -6.69247    3.04578    1.00000    1.00000
     1.00000    21.2913   10.29857    7.73422    1.00000    1.00000
     1.00000    10.6645   -37.9976    16.9482    1.00000    1.00000
     1.00000   -6.37862    33.6677   -22.3354    1.00000    1.00000
     1.00000   -12.4265    10.6743   0.952118    1.00000    1.00000
     1.00000    1.99974    5.92682    1.07342    1.00000    1.00000
     1.00000    6.16593   -30.9680    7.08929    1.00000    1.00000
     1.00000   -14.8441    16.6499   -21.8562    1.00000    1.00000
     1.00000  -0.655586   -13.0309    18.0051    1.00000    1.00000
     1.00000    15.7311    9.71083    9.15605    1.00000    1.00000
     1.00000    19.8511   -30.0823    18.5049    1.00000    1.00000
     1.00000   -3.70461    13.3726   -21.8234    1.00000    1.00000
     1.00000   -11.8155    2.02697    11.4297    1.00000    1.00000
     1.00000   -4.54051    19.8439   -8.30058    1.00000    1.00000
     1.00000    1.25021   -16.5028   10.48544    1.00000    1.00000
     1.00000   -12.0746    11.2164   -22.2238    1.00000    1.00000
     1.00000   -9.86407   -5.68472    13.6650    1.00000    1.00000
     1.00000    25.6434    12.2853    3.98967    1.00000    1.00000
     1.00000    19.8677   -31.5617    26.6086    1.00000    1.00000
     1.00000   -8.26645E-02    20.6695   -23.5369    1.00000    1.00000
     1.00000  -10.40713    4.69930    6.41971    1.00000    1.00000
     1.00000    3.65913    11.8551   -5.35067    1.00000    1.00000
     1.00000    15.6586   -28.4106    8.23665    1.00000    1.00000
     1.00000   -22.6878    15.1391   -28.0241    1.00000    1.00000
     1.00000   -4.18526   -13.8630    5.27043    1.00000    1.00000
     1.00000    8.43783    5.37446    4.18938    1.00000    1.00000
     1.00000    22.4943   -34.3648    27.7780    1.00000    1.00000
     1.00000   -3.28651    13.2817   -16.1345    1.00000    1.00000
     1.00000   -8.41360  -0.225723    11.9780    1.00000    1.00000
     1.00000    4.40092    22.2937  -0.138435    1.00000    1.00000
     1.00000  -0.504791   -22.3972    11.9664    1.00000    1.00000
     1.00000   -15.7125    12.4413   -30.4318    1.00000    1.00000
     1.00000   -12.4668   0.513947    2.38213    1.00000    1.00000
     1.00000    20.1421    13.5915    15.5424    1.00000    1.00000
     1.00000   10.28029   -31.3840    19.3386    1.00000    1.00000
     1.00000  -10.09810    34.4656   -22.5866    1.00000    1.00000
     1.00000   -20.0436    5.71960  -0.129379    1.00000    1.00000
     1.00000   0.298424    4.99203    3.90498    1.00000    1.00000
     1.00000    7.61996   -24.5607    9.24554    1.00000    1.00000
     1.00000   -13.1609    17.0067   -27.3620    1.00000    1.00000
     1.00000    1.61243   -6.12003    15.8195    1.00000    1.00000
     1.00000    12.6129   0.527149    6.14857    1.00000    1.00000
     1.00000    13.4187   -31.7554    14.9419    1.00000    1.00000
     1.00000    1.19069    15.4779   -19.7137    1.00000    1.00000
     1.00000   -11.7398   -4.18124    12.6939    1.00000    1.00000
     1.00000    1.64866    18.1141   -4.93330    1.00000    1.00000
     1.00000    5.10365   -22.0149    6.81499    1.00000    1.00000
     1.00000   -14.3918    10.7919   -32.3913    1.00000    1.00000
     1.00000   -12.2825   -2.79420    7.87976    1.00000    1.00000
     1.00000    25.5155    13.2358   -1.17668    1.00000    1.00000
     1.00000    11.1251   -35.4829    23.4836    1.00000    1.00000
     1.00000   0.873863    29.6426   -30.4876    1.00000    1.00000
     1.00000   -13.8792    6.19540    1.29565    1.00000    1.00000
     1.00000    4.78520    20.2227   -5.32152    1.00000    1.00000
     1.00000    11.5835   -30.2146    9.23969    1.00000    1.00000
     1.00000   -19.1796    15.1523   -23.3996    1.00000    1.00000
     1.00000   0.105576   -6.16113   10.29568    1.00000    1.00000
     1.00000    3.55946    6.39289    3.49218    1.00000    1.00000
     1.00000    21.8834   -31.6906    23.1816    1.00000    1.00000
     1.00000   -3.26788    17.4343   -19.9187    1.00000    1.00000
     1.00000   -10.6824    3.46306    12.2382    1.00000    1.00000
     1.00000    1.09536    27.2345  -0.805817    1.00000    1.00000
     1.00000   -3.72336   -24.9788    8.11890    1.00000    1.00000
     1.00000   -21.5827    16.7052   -32.6902    1.00000    1.00000
     1.00000   -14.3028   -3.25511   0.673256    1.00000    1.00000
     1.00000    18.8822    12.8188    8.10506    1.00000    1.00000
     1.00000   10.07756   -33.4735    17.8064    1.00000    1.00000
     1.00000   -1.78888    28.9724   -25.8999    1.00000    1.00000
     1.00000   -17.2365    7.30318    1.45873    1.00000    1.00000
     1.00000    5.32896    12.5967   -4.53728    1.00000    1.00000
     1.00000    6.12495   -25.9651    7.21098    1.00000    1.00000
     1.00000   -13.5791    18.0854   -24.7342    1.00000    1.00000
     1.00000   -4.95785   -9.16513    19.4089    1.00000    1.00000
     1.00000    15.3079    6.48175    4.97943    1.00000    1.00000
     1.00000    18.1896   -28.1036    18.0716    1.00000    1.00000
