     1.00000   10.53967    6.17239    24.5300    1.00000    1.00000
     1.00000  -0.983227   -7.73177  -10.24783    1.00000    1.00000
     1.00000    18.2661    5.71339   -10.8132    1.00000    1.00000
     1.00000   -43.4463   -13.4748   -4.17819    1.00000    1.00000
     1.00000    23.3807    9.98935    15.5974    1.00000    1.00000
     1.00000   -2.19203    1.38717   -13.9679    1.00000    1.00000
     1.00000    12.4572   -7.50862   -3.91028    1.00000    1.00000
     1.00000   -27.0357    11.2546   0.505917    1.00000    1.00000
     1.00000  -0.926128   -1.18547    26.0180    1.00000    1.00000
     1.00000    6.02414   -9.52430   -4.63471    1.00000    1.00000
     1.00000    19.6049    5.94226   -13.8503    1.00000    1.00000
     1.00000   -29.1456   -8.72528   -6.87790    1.00000    1.00000
     1.00000    22.1240    1.95634    32.3038    1.00000    1.00000
     1.00000   -19.0822    1.23351   -17.4823    1.00000    1.00000
     1.00000    15.5645  -0.774704    3.99780    1.00000    1.00000
     1.00000   -25.3360    1.78757   -1.95476    1.00000    1.00000
     1.00000   10.37193    1.93896    26.7734    1.00000    1.00000
     1.00000   0.440182   -6.78405    1.38728    1.00000    1.00000
     1.00000    14.0805    11.9294  -10.45548    1.00000    1.00000
     1.00000   -38.5054   -23.6103  -0.151104    1.00000    1.00000
     1.00000    13.7315    3.87392    9.38678    1.00000    1.00000
     1.00000   -1.37334    3.05119   -5.37307    1.00000    1.00000
     1.00000    11.0180   -8.99324   -4.17339    1.00000    1.00000
     1.00000   -33.5082    7.78847    1.13498    1.00000    1.00000
     1.00000    7.24892    15.4526    25.7901    1.00000    1.00000
     1.00000    12.7843   -16.3476   -11.4479    1.00000    1.00000
     1.00000    24.3939    6.36559   -9.85468    1.00000    1.00000
     1.00000   -37.7679   -9.95579   -10.7646    1.00000    1.00000
     1.00000    21.6517    5.99028    21.3640    1.00000    1.00000
     1.00000   -8.21558    2.13326   -17.4661    1.00000    1.00000
     1.00000    17.3284    4.26613   -2.96411    1.00000    1.00000
     1.00000   -21.3868    7.02506   -11.3823    1.00000    1.00000
     1.00000    13.7255    1.82711    32.7228    1.00000    1.00000
     1.00000    4.33425   -8.50768   -11.5541    1.00000    1.00000
     1.00000    18.8145    6.40957   -4.35913    1.00000    1.00000
     1.00000   -37.6786   -16.4603   -8.28857    1.00000    1.00000
     1.00000    21.9679    5.96789    12.2337    1.00000    1.00000
     1.00000   -3.68975    4.80089   -18.0009    1.00000    1.00000
     1.00000    16.2946   -3.16864   -5.47354    1.00000    1.00000
     1.00000   -20.2764    7.48271    1.27954    1.00000    1.00000
     1.00000   0.275604    8.35625    24.2027    1.00000    1.00000
     1.00000    3.23393   -15.5230   -1.54890    1.00000    1.00000
     1.00000    24.3474    5.58626   -17.7305    1.00000    1.00000
     1.00000   -25.8828   -5.35223   -1.55306    1.00000    1.00000
     1.00000    24.4057    1.24574    29.6493    1.00000    1.00000
     1.00000   -15.1657  -0.579826   -19.7114    1.00000    1.00000
     1.00000    16.3048    2.93652    2.23412    1.00000    1.00000
     1.00000   -28.1561    3.01822   -4.02272    1.00000    1.00000
     1.00000    20.4038    6.24884    27.6586    1.00000    1.00000
     1.00000   -4.01073   -2.37042   -5.27306E-02    1.00000    1.00000
     1.00000    12.6236    8.57823   -16.0650    1.00000    1.00000
     1.00000   -35.2011   -15.2952   -5.53477    1.00000    1.00000
     1.00000    16.2300   -4.63362    9.28355    1.00000    1.00000
     1.00000    1.98421    1.36060   -7.66906    1.00000    1.00000
     1.00000    16.4378   -13.9853   -10.8358    1.00000    1.00000
     1.00000   -31.3056    11.2348    4.66251    1.00000    1.00000
     1.00000    3.19656    11.4537    22.8956    1.00000    1.00000
     1.00000    4.39228   -13.0091  -10.10907    1.00000    1.00000
     1.00000    27.5748    9.14997   -4.36036    1.00000    1.00000
     1.00000   -30.1750   -8.43553   -15.0087    1.00000    1.00000
     1.00000    21.3363    9.79243    27.9637    1.00000    1.00000
     1.00000   -10.9940  -0.988007   -18.4795    1.00000    1.00000
     1.00000    21.9744   -1.53083   -1.09209    1.00000    1.00000
     1.00000   -17.2022    2.01445   -3.39777    1.00000    1.00000
     1.00000    11.7211    4.37830    27.9313    1.00000    1.00000
     1.00000   -5.55735   -10.8542   -12.7957    1.00000    1.00000
     1.00000    16.5975    4.95903   -11.6173    1.00000    1.00000
     1.00000   -42.6336  -10.07211   -7.76820    1.00000    1.00000
     1.00000    21.8001    8.59908    20.3298    1.00000    1.00000
     1.00000   -4.02730    5.76295   -16.2803    1.00000    1.00000
     1.00000   10.51704   -3.70741   -9.02775    1.00000    1.00000
     1.00000   -25.6923    7.14648   0.954479    1.00000    1.00000
     1.00000   0.578224    3.03276    24.7050    1.00000    1.00000
     1.00000   0.720104  -10.41080   -3.76765    1.00000    1.00000
     1.00000    16.7426    7.86513   -15.5164    1.00000    1.00000
     1.00000   -30.1377   -7.77015   -5.42755    1.00000    1.00000
     1.00000    16.8402    10.6398    28.1747    1.00000    1.00000
     1.00000   -16.1208    1.61569   -19.2873    1.00000    1.00000
     1.00000    11.1760   -5.31372   10.54229    1.00000    1.00000
     1.00000   -20.6198    1.81828   -3.49926    1.00000    1.00000
     1.00000    11.2292   0.851177    24.3952    1.00000    1.00000
     1.00000    3.99891   -10.7218   -1.09177    1.00000    1.00000
     1.00000    11.1298   10.29853   -12.0969    1.00000    1.00000
     1.00000   -36.3650   -21.2322   -2.05832    1.00000    1.00000
     1.00000    16.0115   -5.42603E-02    7.44296    1.00000    1.00000
     1.00000   0.265202    4.54813   -7.12922    1.00000    1.00000
     1.00000    11.3682   -13.9417   -9.26768    1.00000    1.00000
     1.00000   -34.4090    9.50432  -0.996952    1.00000    1.00000
     1.00000    4.23843    12.5548    27.9686    1.00000    1.00000
     1.00000   10.25005   -16.0185   -16.2640    1.00000    1.00000
     1.00000    22.0421    7.87981   -12.0223    1.00000    1.00000
     1.00000   -30.6008   -3.80279   -7.64321    1.00000    1.00000
     1.00000    23.8212    4.26959    21.0644    1.00000    1.00000
     1.00000   -9.73854    3.52165   -14.5157    1.00000    1.00000
     1.00000    19.6050    4.43842   -1.43262    1.00000    1.00000
     1.00000   -21.3502  -0.367615   -13.6305    1.00000    1.00000
     1.00000    12.8644    1.69508    30.9225    1.00000    1.00000
     1.00000    1.43396   -6.31250   -4.54115    1.00000    1.00000
     1.00000    19.2695    6.21249   -6.36601    1.00000    1.00000
     1.00000   -40.3098   -13.1196   -4.65362    1.00000    1.00000
     1.00000    21.1965    4.57108    10.5949    1.00000    1.00000
     1.00000   -2.09597    3.63755   -17.6745    1.00000    1.00000
     1.00000    15.1326   -5.66957   -8.85516    1.00000    1.00000
     1.00000   -23.1941    10.7231   0.386990    1.00000    1.00000
     1.00000    4.07570    9.65770    22.9356    1.00000    1.00000
     1.00000    4.65374   -15.7908   -5.01307    1.00000    1.00000
     1.00000    19.7757    4.22593   -16.5332    1.00000    1.00000
     1.00000   -25.4163  -0.563675   -3.00061    1.00000    1.00000
     1.00000    22.0802    2.28624    24.5855    1.00000    1.00000
     1.00000   -16.3556  -0.415695   -21.7861    1.00000    1.00000
     1.00000    15.4355    5.23472    5.03488    1.00000    1.00000
     1.00000   -29.8989    2.04331   -4.13339    1.00000    1.00000
     1.00000    14.2424    4.98252    25.6654    1.00000    1.00000
     1.00000   -1.48715   -6.47902   -2.27817    1.00000    1.00000
     1.00000    9.72209    8.69093   -17.6004    1.00000    1.00000
     1.00000   -31.3327   -14.0465   -4.70746    1.00000    1.00000
     1.00000    19.1926   0.689060    8.60294    1.00000    1.00000
     1.00000    1.59049   -2.88448   -4.60432    1.00000    1.00000
     1.00000    16.2324   -12.0161   -9.19567    1.00000    1.00000
     1.00000   -30.7258    13.0980    4.22377    1.00000    1.00000
     1.00000    8.47427    11.2972    24.9139    1.00000    1.00000
     1.00000   10.38513   -14.8371   -11.5629    1.00000    1.00000
     1.00000    27.6984    8.56057   -6.26754    1.00000    1.00000
     1.00000   -30.4537   -7.45156   -8.04493    1.00000    1.00000
     1.00000    22.4382    8.05411    22.1453    1.00000    1.00000
     1.00000   -14.8009    3.17628   -19.8920    1.00000    1.00000
     1.00000    16.5236  -0.898067   -2.87274    1.00000    1.00000
     1.00000   -18.5127    3.23895   -7.93793    1.00000    1.00000
     1.00000    9.96953    8.08804    24.6023    1.00000    1.00000
     1.00000   0.931423   -9.31919   -11.9716    1.00000    1.00000
     1.00000    18.9587    8.89188   -8.43181    1.00000    1.00000
     1.00000   -41.9701   -12.9626   -7.13504    1.00000    1.00000
     1.00000    21.7050    8.94105    13.0936    1.00000    1.00000
     1.00000   -1.89170    2.75644   -12.5414    1.00000    1.00000
     1.00000    12.0801   -7.73457   -6.70764    1.00000    1.00000
     1.00000   -28.6486    9.62696   0.106968    1.00000    1.00000
     1.00000    1.99428   0.301647    23.9790    1.00000    1.00000
     1.00000    6.61454   -11.4294   -4.48590    1.00000    1.00000
     1.00000    21.2261    4.84699   -13.4357    1.00000    1.00000
     1.00000   -30.5764   -12.0289   -7.51597    1.00000    1.00000
     1.00000    21.0294    5.08333    30.5885    1.00000    1.00000
     1.00000   -18.4527   -1.66844   -15.2430    1.00000    1.00000
     1.00000    12.5037   -1.34913    5.40109    1.00000    1.00000
     1.00000   -20.4864    1.53303  -0.713745    1.00000    1.00000
     1.00000    13.6785    1.31789    25.5299    1.00000    1.00000
     1.00000    1.20482   -8.15506   0.148060    1.00000    1.00000
     1.00000    12.4578    10.8585   -8.66341    1.00000    1.00000
     1.00000   -39.1093   -24.1364    1.68156    1.00000    1.00000
     1.00000    15.5159    3.64521    8.51285    1.00000    1.00000
     1.00000   0.120274  -0.815136   -4.00728    1.00000    1.00000
     1.00000    9.46090   -8.71817   -7.06293    1.00000    1.00000
     1.00000   -32.4021    6.98360    2.59399    1.00000    1.00000
     1.00000    6.57046    14.5818    28.5409    1.00000    1.00000
     1.00000    10.7923   -17.7336   -13.1017    1.00000    1.00000
     1.00000    23.6520    9.87211   -11.1836    1.00000    1.00000
     1.00000   -36.1212   -6.60971   -11.2976    1.00000    1.00000
     1.00000    24.0871    5.11816    22.8559    1.00000    1.00000
     1.00000   -4.98790    2.08720   -18.4948    1.00000    1.00000
     1.00000    19.2810    4.19207   -3.39077    1.00000    1.00000
     1.00000   -19.9896    6.05851   -12.4376    1.00000    1.00000
     1.00000    14.8960   -1.35198    32.8005    1.00000    1.00000
     1.00000    4.42627   -9.44083   -9.78755    1.00000    1.00000
     1.00000    21.1608    7.42376   -5.26202    1.00000    1.00000
     1.00000   -35.6487   -18.3500   -5.86966    1.00000    1.00000
     1.00000    24.7747    6.31636    9.91108    1.00000    1.00000
     1.00000   -4.85093    6.42584   -18.1066    1.00000    1.00000
     1.00000    17.3555   -1.82792   -4.43582    1.00000    1.00000
     1.00000   -17.5503    4.97429    2.39674    1.00000    1.00000
     1.00000   -2.58333    6.93522    24.0678    1.00000    1.00000
     1.00000    1.93737   -17.3509   -2.72473    1.00000    1.00000
     1.00000    24.4676    7.50492   -19.0045    1.00000    1.00000
     1.00000   -26.2618   -3.58175  -0.703503    1.00000    1.00000
     1.00000    23.7065    3.03846    29.1040    1.00000    1.00000
     1.00000   -17.9293   -3.08187   -20.8582    1.00000    1.00000
     1.00000    19.3085   0.728691    2.93639    1.00000    1.00000
     1.00000   -27.6836   0.987812   -4.08613    1.00000    1.00000
     1.00000    16.8030    6.15756    27.9193    1.00000    1.00000
     1.00000   -5.47454  -0.453476   0.503483    1.00000    1.00000
     1.00000    10.8017    7.16695   -16.8849    1.00000    1.00000
     1.00000   -34.8635   -19.9123   -2.00032    1.00000    1.00000
     1.00000    15.8182   -5.55272    7.55564    1.00000    1.00000
     1.00000  -0.227940   0.458752  -10.03296    1.00000    1.00000
     1.00000    14.2683   -13.7450   -8.51339    1.00000    1.00000
     1.00000   -35.2496   10.38025    5.55238    1.00000    1.00000
     1.00000    6.65717    14.2271    22.6394    1.00000    1.00000
     1.00000    3.44389   -12.0044   -8.66300    1.00000    1.00000
     1.00000    27.9129    11.1054   -4.11113    1.00000    1.00000
     1.00000   -29.2194   -8.17975   -11.5194    1.00000    1.00000
     1.00000    20.1884    9.21166    25.8123    1.00000    1.00000
     1.00000   -14.1884    1.14663   -19.0735    1.00000    1.00000
     1.00000    20.1927  -0.699451   -1.45866    1.00000    1.00000
     1.00000   -19.2755    1.76322   -4.97906    1.00000    1.00000
     1.00000    13.2290    3.06486    27.9629    1.00000    1.00000
     1.00000   -4.01163   -8.64932   -11.8106    1.00000    1.00000
     1.00000    14.0865    5.40317   -15.0633    1.00000    1.00000
     1.00000   -40.3184   -9.51543   -7.87217    1.00000    1.00000
     1.00000    21.8153    7.60178    16.6618    1.00000    1.00000
     1.00000   -5.44110    5.24195   -14.1061    1.00000    1.00000
     1.00000    11.1341   -5.50906   -8.41679    1.00000    1.00000
     1.00000   -24.8708    7.11277   -1.12085    1.00000    1.00000
     1.00000   0.658951    5.97631    24.2795    1.00000    1.00000
     1.00000    4.35430  -10.42692   -5.26475    1.00000    1.00000
     1.00000    20.1894    7.29883   -12.5020    1.00000    1.00000
     1.00000   -27.2670   -5.83757   -3.78016    1.00000    1.00000
     1.00000    18.7260    7.46891    29.1911    1.00000    1.00000
     1.00000   -15.5218   0.892414   -17.5216    1.00000    1.00000
     1.00000   10.55423   -3.37077    7.56644    1.00000    1.00000
     1.00000   -19.0288    4.47261   0.924767    1.00000    1.00000
     1.00000    10.8191    3.88837    23.3189    1.00000    1.00000
     1.00000    4.43065  -10.51012    3.48165    1.00000    1.00000
     1.00000    9.79276    9.20730   -15.6695    1.00000    1.00000
     1.00000   -37.7875   -23.7860   -4.01158    1.00000    1.00000
     1.00000    17.6008    1.15910    7.48714    1.00000    1.00000
     1.00000   -2.74076    3.05123   -8.17265    1.00000    1.00000
     1.00000    11.1088   -12.4995   -5.59874    1.00000    1.00000
     1.00000   -34.0017    4.94752   -1.78873    1.00000    1.00000
     1.00000    5.95066    13.8751    26.7756    1.00000    1.00000
     1.00000    12.2930   -14.1815   -16.5657    1.00000    1.00000
     1.00000    24.2636    6.68500   -14.7501    1.00000    1.00000
     1.00000   -33.7629   -4.87839   -9.05608    1.00000    1.00000
     1.00000    22.3717    2.75444    18.5710    1.00000    1.00000
     1.00000   -6.88831    1.60859   -13.0557    1.00000    1.00000
     1.00000    19.8737    2.11091   -1.60896    1.00000    1.00000
     1.00000   -22.4078    1.26082   -13.1512    1.00000    1.00000
     1.00000    16.5019    2.98080    30.4860    1.00000    1.00000
     1.00000    2.29364   -7.59198   -8.22256    1.00000    1.00000
     1.00000    21.1287    6.18863   -7.10281    1.00000    1.00000
     1.00000   -39.5756   -13.3568   -6.49882    1.00000    1.00000
     1.00000    19.1732    5.59422    9.41433    1.00000    1.00000
     1.00000    1.23170    4.26291   -17.4778    1.00000    1.00000
     1.00000    14.5768   -1.95576   -8.20747    1.00000    1.00000
     1.00000   -20.0969    8.86587   -1.29984    1.00000    1.00000
     1.00000    2.92076    6.41372    26.3667    1.00000    1.00000
     1.00000    6.76117   -13.6390   -6.13125    1.00000    1.00000
     1.00000    22.3506    1.30640   -18.6809    1.00000    1.00000
     1.00000   -24.0878   -1.75216   -3.90754    1.00000    1.00000
     1.00000    23.5703    5.41298    25.9982    1.00000    1.00000
     1.00000   -16.9334  -0.610249   -23.9011    1.00000    1.00000
     1.00000    14.5236   0.404507    2.76248    1.00000    1.00000
     1.00000   -29.1209    4.12538   -7.99564    1.00000    1.00000
     1.00000    14.2870    3.07524    26.2657    1.00000    1.00000
     1.00000   0.422443   -6.22948   -2.81779    1.00000    1.00000
     1.00000    8.92890    12.9165   -19.3079    1.00000    1.00000
     1.00000   -32.7655   -17.4515   -4.50076    1.00000    1.00000
     1.00000    17.5470  -0.443623    8.69741    1.00000    1.00000
     1.00000    1.51087   -2.69432E-02   -6.30866    1.00000    1.00000
     1.00000    17.7771   -11.4633  -10.33941    1.00000    1.00000
     1.00000   -30.4815   10.18840    2.40252    1.00000    1.00000
     1.00000    7.02892    12.6493    24.6261    1.00000    1.00000
     1.00000    7.98165   -12.6911  -10.47205    1.00000    1.00000
     1.00000    26.4176    7.76091   -7.57912    1.00000    1.00000
     1.00000   -31.5972   -6.65767   -6.22266    1.00000    1.00000
     1.00000    20.9730    7.36013    23.3164    1.00000    1.00000
     1.00000   -14.3850    6.76361   -18.4385    1.00000    1.00000
     1.00000    16.9575    1.23101  -0.402485    1.00000    1.00000
     1.00000   -18.2077    1.79035   -9.28275    1.00000    1.00000
     1.00000    9.28999    6.11229    26.0904    1.00000    1.00000
     1.00000  -0.844982   -8.41286   -12.1232    1.00000    1.00000
     1.00000    17.5484    6.77732   -9.27930    1.00000    1.00000
     1.00000   -43.7070   -12.3450   -5.80781    1.00000    1.00000
     1.00000    21.7643    8.92508    15.0927    1.00000    1.00000
     1.00000   -3.80085   0.597454   -13.0802    1.00000    1.00000
     1.00000   10.51485   -7.14314   -3.60424    1.00000    1.00000
     1.00000   -29.0143    11.5286   0.607162    1.00000    1.00000
     1.00000  -0.729862   -3.13254    25.6052    1.00000    1.00000
     1.00000    6.77079   -9.00818   -2.85254    1.00000    1.00000
     1.00000    18.2538    4.97401   -12.7381    1.00000    1.00000
     1.00000   -30.5786  -10.11975   -6.91990    1.00000    1.00000
     1.00000    21.2160    3.71848    32.0384    1.00000    1.00000
     1.00000   -18.8009    1.34890   -15.5055    1.00000    1.00000
     1.00000    17.2231  -0.105827    3.10249    1.00000    1.00000
     1.00000   -23.3478    1.96236   -2.08355    1.00000    1.00000
     1.00000   10.07421    2.94944    28.4734    1.00000    1.00000
     1.00000  -0.499157   -5.21012   0.587021    1.00000    1.00000
     1.00000    12.3129    11.0146   -10.6520    1.00000    1.00000
     1.00000   -38.1804   -21.8403   0.721500    1.00000    1.00000
     1.00000    14.3257    3.79662    11.2949    1.00000    1.00000
     1.00000   -7.16972E-02    1.99098   -6.46012    1.00000    1.00000
     1.00000    9.24209   -8.98693   -5.09319    1.00000    1.00000
     1.00000   -32.2300    9.18564   0.491444    1.00000    1.00000
     1.00000    8.09056    14.3841    27.2563    1.00000    1.00000
     1.00000    12.9464   -18.0276   -12.5209    1.00000    1.00000
     1.00000    25.7009    7.82309   -9.44524    1.00000    1.00000
     1.00000   -39.6340   -9.25532   -10.9290    1.00000    1.00000
     1.00000    23.5716    6.52501    21.5311    1.00000    1.00000
     1.00000   -9.17462    1.10248   -16.0457    1.00000    1.00000
     1.00000    17.5893    3.53988   -4.80923    1.00000    1.00000
     1.00000   -20.6362    7.00137   -9.52868    1.00000    1.00000
     1.00000    14.1454   0.202339    33.8108    1.00000    1.00000
     1.00000    4.09921   -7.90668   -13.4471    1.00000    1.00000
     1.00000    18.6321    7.95388   -5.61685    1.00000    1.00000
     1.00000   -38.9968   -15.2553   -7.38834    1.00000    1.00000
     1.00000    20.9910    6.56049    10.5922    1.00000    1.00000
     1.00000   -2.45552    5.34125   -19.4790    1.00000    1.00000
     1.00000    14.5716   -2.92926   -6.46040    1.00000    1.00000
     1.00000   -19.2376    6.02385    2.16983    1.00000    1.00000
     1.00000    1.33522    9.95462    24.7705    1.00000    1.00000
     1.00000    4.19322   -15.9352   0.156952    1.00000    1.00000
     1.00000    23.3520    4.02047   -18.4773    1.00000    1.00000
     1.00000   -25.9445   -6.94214   -2.76483    1.00000    1.00000
     1.00000    23.1889   0.720295    31.1471    1.00000    1.00000
     1.00000   -14.5812   0.399857   -21.3541    1.00000    1.00000
     1.00000    16.0584    2.89420   0.249802    1.00000    1.00000
     1.00000   -26.2629    2.38408   -3.90688    1.00000    1.00000
     1.00000    18.8020    5.54663    28.6287    1.00000    1.00000
     1.00000   -2.85797   -3.84146  -0.764904    1.00000    1.00000
     1.00000    12.7678    6.90451   -14.9797    1.00000    1.00000
     1.00000   -34.7138   -17.0384   -4.68409    1.00000    1.00000
     1.00000    15.7995   -2.96634    8.26628    1.00000    1.00000
     1.00000    1.65716   0.363514   -9.37166    1.00000    1.00000
     1.00000    14.8238   -12.9520  -10.26342    1.00000    1.00000
     1.00000   -32.6726    10.7788    3.27563    1.00000    1.00000
     1.00000    5.06635    11.6024    23.5897    1.00000    1.00000
     1.00000    6.21425   -13.6036   -10.6809    1.00000    1.00000
     1.00000    26.0942   10.42308   -4.79280    1.00000    1.00000
     1.00000   -29.2331   -7.62588   -13.4411    1.00000    1.00000
     1.00000    21.5566    8.67289    29.6063    1.00000    1.00000
     1.00000   -9.87527   0.538158   -17.8319    1.00000    1.00000
     1.00000    21.6427   -3.50183   -1.02027    1.00000    1.00000
     1.00000   -17.5261    2.69361   -5.25082    1.00000    1.00000
     1.00000    11.3824    5.97633    26.7773    1.00000    1.00000
     1.00000   -5.24214  -10.00821   -11.0110    1.00000    1.00000
     1.00000    15.6736    4.45044   -13.3166    1.00000    1.00000
     1.00000   -41.1137   -11.1571   -7.05218    1.00000    1.00000
     1.00000    21.1853    8.11426    18.4895    1.00000    1.00000
     1.00000   -2.90752    4.61771   -15.0826    1.00000    1.00000
     1.00000    12.4216   -3.16745   -8.74289    1.00000    1.00000
     1.00000   -26.4322    6.01658  -0.520592    1.00000    1.00000
     1.00000    2.27472    2.28178    23.9581    1.00000    1.00000
     1.00000   -7.69920E-02   -9.28615   -2.31858    1.00000    1.00000
     1.00000    17.8243    9.16750   -14.4516    1.00000    1.00000
     1.00000   -29.5629   -7.41998   -3.54419    1.00000    1.00000
     1.00000    18.0712    9.35595    29.0893    1.00000    1.00000
     1.00000   -17.9847   0.909439   -19.1225    1.00000    1.00000
     1.00000   10.54804   -5.04351    8.66275    1.00000    1.00000
     1.00000   -19.1671    2.01234   -2.13842    1.00000    1.00000
     1.00000   10.36028  -0.162670    22.9061    1.00000    1.00000
     1.00000    4.91532  -10.42742   0.661377    1.00000    1.00000
     1.00000    10.6433    12.2342   -12.2246    1.00000    1.00000
     1.00000   -36.4641   -22.3115   -3.73917    1.00000    1.00000
     1.00000    14.0437   0.288326    7.34044    1.00000    1.00000
     1.00000    2.05611    4.80050   -6.27543    1.00000    1.00000
     1.00000    10.9823   -13.0602   -7.51437    1.00000    1.00000
     1.00000   -33.1316    7.97543  -0.820995    1.00000    1.00000
     1.00000    3.97438    13.8520    26.4693    1.00000    1.00000
     1.00000    12.2111   -16.0560   -15.8732    1.00000    1.00000
     1.00000    23.5444    7.91000   -13.3422    1.00000    1.00000
     1.00000   -32.5778   -4.10485   -7.64283    1.00000    1.00000
     1.00000    22.2443    4.29953    19.8346    1.00000    1.00000
     1.00000   -8.68693    2.47509   -13.1745    1.00000    1.00000
     1.00000    21.1486    3.92846   -2.59755    1.00000    1.00000
     1.00000   -20.2642   0.280636   -12.0812    1.00000    1.00000
     1.00000    14.6695    1.17351    30.2372    1.00000    1.00000
     1.00000    1.93161   -6.83986   -6.40508    1.00000    1.00000
     1.00000    17.5753    6.05008   -7.41640    1.00000    1.00000
     1.00000   -39.4799   -14.5292   -3.50280    1.00000    1.00000
     1.00000    19.9436    3.09092    11.0841    1.00000    1.00000
     1.00000  -0.243771    2.91280   -17.4645    1.00000    1.00000
     1.00000    15.3650   -4.69210   -10.5845    1.00000    1.00000
     1.00000   -21.5698    9.94242  -0.480389    1.00000    1.00000
     1.00000    2.95047    8.84360    24.3747    1.00000    1.00000
     1.00000    3.52243   -17.0017   -3.89333    1.00000    1.00000
     1.00000    19.7302    2.59557   -17.6908    1.00000    1.00000
     1.00000   -24.6303    4.75159E-02   -1.26605    1.00000    1.00000
     1.00000    22.7489    3.59015    25.9466    1.00000    1.00000
     1.00000   -17.6749   0.920937   -21.0983    1.00000    1.00000
     1.00000    15.3353    3.63587    3.83755    1.00000    1.00000
     1.00000   -29.0590    1.53732   -5.87650    1.00000    1.00000
     1.00000    14.9297    6.01741    27.2328    1.00000    1.00000
     1.00000   -3.09514   -5.74040   -1.34608    1.00000    1.00000
     1.00000    8.44940   10.09833   -18.2324    1.00000    1.00000
     1.00000   -33.2387   -13.8983   -4.12019    1.00000    1.00000
     1.00000    20.4836    1.74529    9.70650    1.00000    1.00000
     1.00000   0.765293   -4.48986   -3.74305    1.00000    1.00000
     1.00000    15.4691  -10.16743   -9.19785    1.00000    1.00000
     1.00000   -31.1874    12.0509    2.58348    1.00000    1.00000
     1.00000    9.14173    9.74391    23.8454    1.00000    1.00000
     1.00000    11.1509   -15.7668   -13.1595    1.00000    1.00000
     1.00000    28.7462    7.54786   -4.89769    1.00000    1.00000
     1.00000   -30.4358   -7.60700  -10.03880    1.00000    1.00000
     1.00000    22.3205    8.99472    23.9063    1.00000    1.00000
     1.00000   -13.3574    2.88538   -18.5386    1.00000    1.00000
     1.00000    15.5875   0.811310   -2.42362    1.00000    1.00000
     1.00000   -17.6520    1.70553   -6.98514    1.00000    1.00000
     1.00000    11.6091    7.60708    25.6418    1.00000    1.00000
     1.00000    1.65364   -7.59171   -11.2687    1.00000    1.00000
     1.00000    18.2740    8.37526  -10.23853    1.00000    1.00000
     1.00000   -41.9520   -13.9746   -5.41006    1.00000    1.00000
     1.00000    21.0238    8.43752    11.2819    1.00000    1.00000
     1.00000   -3.35763    3.90649   -13.2683    1.00000    1.00000
     1.00000    12.2087   -6.21425   -5.41456    1.00000    1.00000
     1.00000   -27.3731    8.19110   0.665047    1.00000    1.00000
     1.00000   0.848083  -0.484768    25.4170    1.00000    1.00000
     1.00000    5.82962   -12.8258   -3.28846    1.00000    1.00000
     1.00000    21.2424    5.01823   -15.4282    1.00000    1.00000
     1.00000   -31.1683   -11.9945   -5.60585    1.00000    1.00000
     1.00000    21.2547    7.06363    30.7548    1.00000    1.00000
     1.00000   -19.5366  -0.184612   -14.4533    1.00000    1.00000
     1.00000    14.3541  -0.611717    5.58156    1.00000    1.00000
     1.00000   -21.5994    2.86025   -1.71356    1.00000    1.00000
     1.00000    11.9081   0.759563    26.2742    1.00000    1.00000
     1.00000    2.57613   -9.51555  -0.370197    1.00000    1.00000
     1.00000    11.6050    11.1825   -6.88360    1.00000    1.00000
     1.00000   -40.3640   -22.9160    2.64929    1.00000    1.00000
     1.00000    17.3344    3.38087    7.72348    1.00000    1.00000
     1.00000   0.527660   0.945625   -4.86388    1.00000    1.00000
     1.00000   10.18894   -6.88630   -6.72501    1.00000    1.00000
     1.00000   -31.9888    5.67450    1.13953    1.00000    1.00000
     1.00000    4.82065    15.5396    28.3971    1.00000    1.00000
     1.00000    12.3474   -17.2086   -14.2445    1.00000    1.00000
     1.00000    23.4636    7.96306   -10.6179    1.00000    1.00000
     1.00000   -36.3782   -8.59163   -11.2204    1.00000    1.00000
     1.00000    25.7040    4.54463    21.8278    1.00000    1.00000
     1.00000   -6.41502    3.00331   -17.4346    1.00000    1.00000
     1.00000    20.1190    3.71286   -5.14238    1.00000    1.00000
     1.00000   -20.4655    4.47979   -13.5694    1.00000    1.00000
     1.00000    13.2107  -0.702488    31.9415    1.00000    1.00000
     1.00000    2.57571   -8.68702   -9.87220    1.00000    1.00000
     1.00000    20.2673    8.93308   -6.22302    1.00000    1.00000
     1.00000   -36.8283   -16.8745   -6.52632    1.00000    1.00000
     1.00000    22.8596    5.90409   10.31429    1.00000    1.00000
     1.00000   -5.53688    4.78400   -17.1935    1.00000    1.00000
     1.00000    19.2551   -1.70429   -3.82241    1.00000    1.00000
     1.00000   -18.5997    3.27772    2.53931    1.00000    1.00000
     1.00000  -0.867626    6.97881    25.0947    1.00000    1.00000
     1.00000    1.58920   -16.4921  -0.952393    1.00000    1.00000
     1.00000    25.8286    6.03947   -18.9957    1.00000    1.00000
     1.00000   -26.1387   -2.23848   -2.18014    1.00000    1.00000
     1.00000    25.4493    3.27696    28.1522    1.00000    1.00000
     1.00000   -16.3246   -2.16407   -20.0950    1.00000    1.00000
     1.00000    18.0788    2.30573    2.90865    1.00000    1.00000
     1.00000   -27.3106    1.62229   -2.22648    1.00000    1.00000
     1.00000    18.5050    6.97889    27.2647    1.00000    1.00000
     1.00000   -3.71885  -0.432987  -0.454178    1.00000    1.00000
     1.00000    12.2144    5.79215   -16.5470    1.00000    1.00000
     1.00000   -34.5129   -18.6399   -3.50301    1.00000    1.00000
     1.00000    17.6774   -6.28879    7.51515    1.00000    1.00000
     1.00000   -1.32447    1.94267   -10.8047    1.00000    1.00000
     1.00000    12.9448   -12.6782   -7.45966    1.00000    1.00000
     1.00000   -33.3093    10.6774    5.16887    1.00000    1.00000
     1.00000    4.82865    13.4930    22.9823    1.00000    1.00000
     1.00000    3.53134   -10.8382   -7.04055    1.00000    1.00000
     1.00000    29.1670    12.5073   -3.43166    1.00000    1.00000
     1.00000   -30.7365   -9.40374   -11.0719    1.00000    1.00000
     1.00000    19.8368    10.7460    27.0460    1.00000    1.00000
     1.00000   -12.8046  -0.140633   -18.4193    1.00000    1.00000
     1.00000    18.8061   0.594379  -0.823460    1.00000    1.00000
     1.00000   -20.5094    1.99900   -6.53527    1.00000    1.00000
     1.00000    12.8756    1.36195    28.9505    1.00000    1.00000
     1.00000   -2.51654   -7.32833   -11.9509    1.00000    1.00000
     1.00000    13.7357    4.06155   -13.6221    1.00000    1.00000
     1.00000   -41.1241   -8.98182   -9.62322    1.00000    1.00000
     1.00000    23.3852    7.80603    15.4396    1.00000    1.00000
     1.00000   -4.74353    3.89520   -15.4098    1.00000    1.00000
     1.00000    11.8739   -4.74086   -6.72491    1.00000    1.00000
     1.00000   -22.9547    6.71634  -0.706806    1.00000    1.00000
     1.00000    1.90715    4.52058    24.8477    1.00000    1.00000
     1.00000    2.39824  -10.35412   -4.85423    1.00000    1.00000
     1.00000    18.5485    8.41604   -12.7455    1.00000    1.00000
     1.00000   -28.2640   -6.63582   -2.24109    1.00000    1.00000
     1.00000    19.5874    8.16359    30.8570    1.00000    1.00000
     1.00000   -16.5150    8.43315E-02   -15.9852    1.00000    1.00000
     1.00000    10.8740   -1.70690    6.50375    1.00000    1.00000
     1.00000   -19.0577    3.52762  -0.837666    1.00000    1.00000
     1.00000    11.8205    2.74826    24.6217    1.00000    1.00000
     1.00000    3.88000   -9.32347    1.96882    1.00000    1.00000
     1.00000   10.22304    9.75576   -13.7949    1.00000    1.00000
     1.00000   -38.0861   -24.0631   -2.05350    1.00000    1.00000
     1.00000    18.0500    2.50257    6.07532    1.00000    1.00000
     1.00000   -1.70269    4.24183   -6.94593    1.00000    1.00000
     1.00000    10.8824   -10.9837   -4.31384    1.00000    1.00000
     1.00000   -33.9638    6.24353  -0.265934    1.00000    1.00000
     1.00000    7.36732    12.4757    26.5896    1.00000    1.00000
     1.00000    14.0757   -14.5213   -15.7253    1.00000    1.00000
     1.00000    23.4676    5.29177   -13.5562    1.00000    1.00000
     1.00000   -35.4818   -5.20594  -10.02460    1.00000    1.00000
     1.00000    22.4871    1.76785    16.8352    1.00000    1.00000
     1.00000   -7.53901    1.40936   -14.9363    1.00000    1.00000
     1.00000    18.2011    3.06243   -1.06400    1.00000    1.00000
     1.00000   -20.8928    2.56630   -13.1745    1.00000    1.00000
     1.00000    15.4791    2.39022    28.8719    1.00000    1.00000
     1.00000    2.86193   -8.96046   -6.87931    1.00000    1.00000
     1.00000    21.5620    4.38605   -6.35251    1.00000    1.00000
     1.00000   -37.8121   -13.6440   -7.39737    1.00000    1.00000
     1.00000    18.6790    3.67025    9.64700    1.00000    1.00000
     1.00000    1.73140    4.72459   -15.5971    1.00000    1.00000
     1.00000    14.2945   -3.62172   -9.27747    1.00000    1.00000
     1.00000   -21.0371    7.26450  -0.557198    1.00000    1.00000
     1.00000    2.86301    8.41247    26.3258    1.00000    1.00000
     1.00000    6.01820   -14.4390   -4.45554    1.00000    1.00000
     1.00000    21.6088    3.09085   -18.1656    1.00000    1.00000
     1.00000   -24.1681   -1.44762   -5.88259    1.00000    1.00000
     1.00000    25.2455    4.85071    26.9349    1.00000    1.00000
     1.00000   -15.2453   0.277073   -23.2985    1.00000    1.00000
     1.00000    14.2502    2.38518    2.71581    1.00000    1.00000
     1.00000   -29.8986    2.35091   -7.49916    1.00000    1.00000
     1.00000    16.2618    3.26776    26.0147    1.00000    1.00000
     1.00000   0.883419   -6.47425  -0.887096    1.00000    1.00000
     1.00000    9.93299    11.2209   -18.9665    1.00000    1.00000
     1.00000   -31.3598   -16.0462   -4.72234    1.00000    1.00000
     1.00000    16.4457   -1.75975    9.72456    1.00000    1.00000
     1.00000   0.568134   -1.73955   -5.88648    1.00000    1.00000
     1.00000    17.2086  -10.20348   -11.7850    1.00000    1.00000
     1.00000   -30.7163   10.49179   0.439659    1.00000    1.00000
     1.00000    5.14518    12.6395    25.2980    1.00000    1.00000
     1.00000    9.51938   -13.8905  -10.02850    1.00000    1.00000
     1.00000    25.5952    6.05033   -8.20964    1.00000    1.00000
     1.00000   -31.5485   -5.77801   -8.01816    1.00000    1.00000
     1.00000    20.2779    9.16803    23.8148    1.00000    1.00000
     1.00000   -14.6091    5.14408   -19.5905    1.00000    1.00000
     1.00000    16.4365    2.52427   -1.83638    1.00000    1.00000
     1.00000   -19.1535   0.449749  -10.42657    1.00000    1.00000
