     1.00000   -32.5599    2.78180   -5.67276    1.00000    1.00000
     1.00000    37.7751    30.9251    7.86832    1.00000    1.00000
     1.00000   -18.9814   -25.5562   0.166412    1.00000    1.00000
     1.00000    21.1607    12.5429    21.5165    1.00000    1.00000
     1.00000   -16.3218   -18.8509   -13.6053    1.00000    1.00000
     1.00000    28.8890    26.4933    31.1972    1.00000    1.00000
     1.00000   -3.35020   -25.9683   -2.47034    1.00000    1.00000
     1.00000   -6.77245    2.86583   -17.2486    1.00000    1.00000
     1.00000   -32.8963    3.66436   -9.82470    1.00000    1.00000
     1.00000    33.1060    18.4511    13.5289    1.00000    1.00000
     1.00000   -19.0364   -27.0992   -10.8444    1.00000    1.00000
     1.00000    5.70469    8.74142   -2.17842    1.00000    1.00000
     1.00000   -21.4245   -6.83576   -17.2869    1.00000    1.00000
     1.00000    23.2433    14.0672    19.3514    1.00000    1.00000
     1.00000   -5.40604   -23.9646    8.67285    1.00000    1.00000
     1.00000   -7.37685   -1.04913   -1.80830    1.00000    1.00000
     1.00000   -42.2403   -1.51400   -4.36101    1.00000    1.00000
     1.00000    34.0952    23.1419    7.35116    1.00000    1.00000
     1.00000   -21.2286   -18.5558   -5.22335    1.00000    1.00000
     1.00000    16.7556    9.73405    4.54483E-02    1.00000    1.00000
     1.00000   -19.0972   -9.86152   -14.3958    1.00000    1.00000
     1.00000    24.0801    14.4867    26.1733    1.00000    1.00000
     1.00000   -7.23532   -15.2169   -5.89339    1.00000    1.00000
     1.00000   -15.2830    9.63531   -16.0031    1.00000    1.00000
     1.00000   -24.6684  -0.593369   -16.1427    1.00000    1.00000
     1.00000    38.6749    20.6613    12.6954    1.00000    1.00000
     1.00000   -13.9335   -26.3122   -4.65174    1.00000    1.00000
     1.00000  -0.970276    7.85298  -10.38548    1.00000    1.00000
     1.00000   -12.0114   -6.03906   -13.0632    1.00000    1.00000
     1.00000    29.1064    10.8783    13.9762    1.00000    1.00000
     1.00000    5.16546   -30.5214    11.0763    1.00000    1.00000
     1.00000   -1.77826    8.14711   -8.49066    1.00000    1.00000
     1.00000   -36.2227    8.29031   -1.69242    1.00000    1.00000
     1.00000    39.3545    27.9095    5.55613    1.00000    1.00000
     1.00000   -14.1038   -24.7902    1.93431    1.00000    1.00000
     1.00000    14.4549    12.9259    11.4846    1.00000    1.00000
     1.00000   -14.3936   -22.4507   -19.8306    1.00000    1.00000
     1.00000    32.6492    25.7282    22.9059    1.00000    1.00000
     1.00000   -6.39651   -17.5870   -3.77156    1.00000    1.00000
     1.00000   -2.91496    2.61447   -12.0030    1.00000    1.00000
     1.00000   -24.5306    9.78758   -14.5206    1.00000    1.00000
     1.00000    27.8399    13.1558    12.8419    1.00000    1.00000
     1.00000   -17.4183   -27.7247   -6.92779    1.00000    1.00000
     1.00000    4.93069    15.1089    2.50751    1.00000    1.00000
     1.00000   -15.9603   -4.17775   -15.2158    1.00000    1.00000
     1.00000    24.8783    17.1889    15.3708    1.00000    1.00000
     1.00000    2.23081   -25.3975    4.01656    1.00000    1.00000
     1.00000   -10.6816   -5.40852   -7.76218    1.00000    1.00000
     1.00000   -40.6659    7.87573   -6.53392    1.00000    1.00000
     1.00000    40.9758    20.0112    2.12690    1.00000    1.00000
     1.00000   -20.3461   -23.5036   -2.58941    1.00000    1.00000
     1.00000   10.10654    12.7564    4.31971    1.00000    1.00000
     1.00000   -21.0460   -4.61273   -14.0844    1.00000    1.00000
     1.00000    22.7178    22.1648    22.9411    1.00000    1.00000
     1.00000    1.62052   -17.0905   -4.78093    1.00000    1.00000
     1.00000   -11.8643    5.76390   -15.9244    1.00000    1.00000
     1.00000   -21.4278    9.27280   -13.9403    1.00000    1.00000
     1.00000    38.8634    25.4514    17.0946    1.00000    1.00000
     1.00000   -11.5198   -20.2908   -1.11974    1.00000    1.00000
     1.00000    2.44750    7.59983   -8.32624    1.00000    1.00000
     1.00000   -5.29511   -15.4864   -9.83218    1.00000    1.00000
     1.00000    29.4136    14.8102    25.4579    1.00000    1.00000
     1.00000   0.318733   -30.3018    7.54472    1.00000    1.00000
     1.00000   -3.57436  -0.499577   -4.67492    1.00000    1.00000
     1.00000   -31.2984    2.15940   -4.08861    1.00000    1.00000
     1.00000    38.5655    32.6843    10.7010    1.00000    1.00000
     1.00000   -19.9775   -22.4942    6.39190    1.00000    1.00000
     1.00000    16.0811    11.3557    15.5262    1.00000    1.00000
     1.00000   -16.6854   -19.6614   -16.1579    1.00000    1.00000
     1.00000    31.6104    26.9287    26.2334    1.00000    1.00000
     1.00000   -2.26838   -22.8070   -1.50811    1.00000    1.00000
     1.00000   -3.29028   0.413414   -16.6048    1.00000    1.00000
     1.00000   -32.8162    6.26575   -9.46000    1.00000    1.00000
     1.00000    32.2836    16.6522    13.8245    1.00000    1.00000
     1.00000   -16.3074   -26.0989   -11.3137    1.00000    1.00000
     1.00000    7.81339    13.3595    4.54063    1.00000    1.00000
     1.00000   -15.7936   -4.69876   -19.1248    1.00000    1.00000
     1.00000    25.3241    11.2716    21.3956    1.00000    1.00000
     1.00000   -2.19396   -21.5476    6.41674    1.00000    1.00000
     1.00000   -5.52277   -1.09935   -2.55652    1.00000    1.00000
     1.00000   -38.9482   -2.28077   -1.86080    1.00000    1.00000
     1.00000    37.6846    24.6123    7.91547    1.00000    1.00000
     1.00000   -24.3078   -18.5263   -6.70656    1.00000    1.00000
     1.00000    15.3723    10.8677    3.80656    1.00000    1.00000
     1.00000   -17.2167   -17.6761   -11.0861    1.00000    1.00000
     1.00000    25.6099    19.9769    25.0005    1.00000    1.00000
     1.00000   -4.17499   -16.5530   -7.10888    1.00000    1.00000
     1.00000   -13.4444    9.73751   -16.7835    1.00000    1.00000
     1.00000   -22.2450   -2.87223   -18.3589    1.00000    1.00000
     1.00000    39.7160    20.7870    10.9924    1.00000    1.00000
     1.00000   -15.6552   -26.1469   -3.62032    1.00000    1.00000
     1.00000   -3.24173E-02    11.9999   -9.61018    1.00000    1.00000
     1.00000   -11.1832   -11.3877   -9.45105    1.00000    1.00000
     1.00000    29.4669    12.1354    18.7474    1.00000    1.00000
     1.00000    3.36652   -31.7611   10.24168    1.00000    1.00000
     1.00000   -2.29391    1.36354   -8.77682    1.00000    1.00000
     1.00000   -37.4802    5.66649   -4.79984    1.00000    1.00000
     1.00000    42.6884    30.1759    6.84925    1.00000    1.00000
     1.00000   -12.0667   -21.0243    1.49706    1.00000    1.00000
     1.00000    13.6805   10.42305    8.25793    1.00000    1.00000
     1.00000   -16.4441   -27.2464   -17.1504    1.00000    1.00000
     1.00000    32.3464    25.0692    26.2530    1.00000    1.00000
     1.00000   -6.88243   -20.6781   0.462303    1.00000    1.00000
     1.00000   -3.72561  -0.274780   -9.26247    1.00000    1.00000
     1.00000   -29.7399    6.26072   -8.19177    1.00000    1.00000
     1.00000    30.6821    14.5446    11.0906    1.00000    1.00000
     1.00000   -20.5488   -27.9751   -7.81089    1.00000    1.00000
     1.00000    2.70019    11.0355    2.14024    1.00000    1.00000
     1.00000   -16.3519   -2.35223   -16.4504    1.00000    1.00000
     1.00000    21.2639    17.3215    17.1656    1.00000    1.00000
     1.00000   0.672050   -22.3218    4.47946    1.00000    1.00000
     1.00000   -9.26788   -2.61572   -10.7995    1.00000    1.00000
     1.00000   -40.1604   -1.02288   -5.18853    1.00000    1.00000
     1.00000    38.2686    20.8198    4.32650    1.00000    1.00000
     1.00000   -21.3637   -20.5557    1.68497    1.00000    1.00000
     1.00000    9.55328    14.5777    6.27480    1.00000    1.00000
     1.00000   -21.5238   -6.31660   -12.9048    1.00000    1.00000
     1.00000    24.7872    18.8840    20.7577    1.00000    1.00000
     1.00000  -0.998047   -19.1438   -5.80235    1.00000    1.00000
     1.00000   -11.6233    8.67490   -15.5903    1.00000    1.00000
     1.00000   -21.3415    2.47390   -12.3329    1.00000    1.00000
     1.00000    38.1741    25.0916    13.1576    1.00000    1.00000
     1.00000   -8.40350   -16.6363    2.95553    1.00000    1.00000
     1.00000    2.16244    5.53657   -10.6586    1.00000    1.00000
     1.00000  -10.33884  -10.44111   -7.90475    1.00000    1.00000
     1.00000    32.8880    14.6600    20.0177    1.00000    1.00000
     1.00000   -3.08218   -29.6309   10.27979    1.00000    1.00000
     1.00000   -1.55148   -1.65898   -7.45411    1.00000    1.00000
     1.00000   -33.7488    4.59727   -5.15947    1.00000    1.00000
     1.00000    37.4726    32.7410    4.54414    1.00000    1.00000
     1.00000   -19.6127   -22.1553    3.77731    1.00000    1.00000
     1.00000    17.3208    11.4359    18.5136    1.00000    1.00000
     1.00000   -16.2444   -21.0184   -13.8689    1.00000    1.00000
     1.00000    27.8339    23.9351    31.2070    1.00000    1.00000
     1.00000   -4.33453   -25.3667   -4.10413    1.00000    1.00000
     1.00000   -4.32572    3.84674   -18.1032    1.00000    1.00000
     1.00000   -34.2965    4.49965   -10.9831    1.00000    1.00000
     1.00000    36.8358    20.5226    13.7111    1.00000    1.00000
     1.00000   -21.9180   -24.9903   -13.3284    1.00000    1.00000
     1.00000    5.14579    13.0017   0.200050    1.00000    1.00000
     1.00000   -20.7727   -4.20925   -18.1474    1.00000    1.00000
     1.00000    25.6215    13.0874    20.6117    1.00000    1.00000
     1.00000   -3.71796   -22.4902    5.52849    1.00000    1.00000
     1.00000   -8.58414   -3.12223   -4.14622    1.00000    1.00000
     1.00000   -42.3112   -2.83503   -5.86095    1.00000    1.00000
     1.00000    35.5867    23.8868    9.37740    1.00000    1.00000
     1.00000   -21.8560   -18.3602   -1.28650    1.00000    1.00000
     1.00000    16.5568    7.46611    1.98637    1.00000    1.00000
     1.00000   -18.4075   -12.9318   -14.1464    1.00000    1.00000
     1.00000    24.6530    18.6077    26.1003    1.00000    1.00000
     1.00000   -8.21403   -14.9823   -4.16506    1.00000    1.00000
     1.00000   -17.6523    7.58627   -16.1526    1.00000    1.00000
     1.00000   -24.6138   0.992504   -13.2022    1.00000    1.00000
     1.00000    38.5426    23.1555    12.8179    1.00000    1.00000
     1.00000   -10.7690   -24.9891   -1.70392    1.00000    1.00000
     1.00000   0.296288    8.69616   -9.08746    1.00000    1.00000
     1.00000   -12.3512   -9.24293   -9.39831    1.00000    1.00000
     1.00000    27.9064    11.6000    15.4043    1.00000    1.00000
     1.00000    5.40740   -27.7397    11.8007    1.00000    1.00000
     1.00000   -1.29728    11.1772   -8.22900    1.00000    1.00000
     1.00000   -35.6006    6.97094   -5.14152    1.00000    1.00000
     1.00000    43.2620    28.8166    4.35938    1.00000    1.00000
     1.00000   -13.6978   -25.2889    4.05121E-02    1.00000    1.00000
     1.00000    15.1448    13.1090    15.3037    1.00000    1.00000
     1.00000   -14.2492   -20.6344   -19.0057    1.00000    1.00000
     1.00000    32.8322    23.0214    20.5588    1.00000    1.00000
     1.00000   -4.18192   -18.5655  -0.865982    1.00000    1.00000
     1.00000   -3.52790    2.09092  -10.17260    1.00000    1.00000
     1.00000   -24.4862   10.38968   -12.6139    1.00000    1.00000
     1.00000    27.0910    14.6090    11.6898    1.00000    1.00000
     1.00000   -17.2059   -26.0015   -7.92043    1.00000    1.00000
     1.00000    3.66190    14.3351    1.16906    1.00000    1.00000
     1.00000   -15.0956   -6.21773   -13.5627    1.00000    1.00000
     1.00000    25.8137    15.4933    17.6823    1.00000    1.00000
     1.00000    3.21375   -27.0560    6.95686    1.00000    1.00000
     1.00000   -9.69356   -6.24551   -6.23795    1.00000    1.00000
     1.00000   -42.0348    4.54053   -6.48882    1.00000    1.00000
     1.00000    39.2913    19.4907    3.23675    1.00000    1.00000
     1.00000   -19.7354   -22.9633    1.95190    1.00000    1.00000
     1.00000    12.1219    10.9283    4.64225    1.00000    1.00000
     1.00000   -19.1562   -7.98935   -15.0969    1.00000    1.00000
     1.00000    23.2018    20.6870    24.1988    1.00000    1.00000
     1.00000    2.18362   -18.9083   -4.16560    1.00000    1.00000
     1.00000   -9.92392    6.20228   -15.7171    1.00000    1.00000
     1.00000   -20.6598    6.02938   -14.0448    1.00000    1.00000
     1.00000    40.0520    28.5008    17.3201    1.00000    1.00000
     1.00000  -10.30106   -23.3138   -2.69106    1.00000    1.00000
     1.00000    4.49429    6.85911   -5.21475    1.00000    1.00000
     1.00000   -7.12487   -14.9437  -10.43002    1.00000    1.00000
     1.00000    30.0881    14.1712    21.8463    1.00000    1.00000
     1.00000   -1.14430   -30.5315    8.88888    1.00000    1.00000
     1.00000   -1.30485  -0.941486   -3.80195    1.00000    1.00000
     1.00000   -32.3092    8.84972E-02   -3.43851    1.00000    1.00000
     1.00000    39.5785    31.5937    8.71095    1.00000    1.00000
     1.00000   -20.6700   -23.9125    5.16357    1.00000    1.00000
     1.00000    18.7428    12.6028    15.7789    1.00000    1.00000
     1.00000   -14.3473   -21.1908   -16.8077    1.00000    1.00000
     1.00000    30.7024    25.2454    28.5805    1.00000    1.00000
     1.00000   -5.85911   -21.1927   -1.17721    1.00000    1.00000
     1.00000   -3.25908    3.46637   -16.4547    1.00000    1.00000
     1.00000   -31.9707    7.60672   -5.45261    1.00000    1.00000
     1.00000    33.3294    15.8072    16.1496    1.00000    1.00000
     1.00000   -17.7381   -28.5935  -10.55901    1.00000    1.00000
     1.00000    6.75745    11.7771    2.28188    1.00000    1.00000
     1.00000   -15.9737   -1.10994   -18.9629    1.00000    1.00000
     1.00000    23.5697    12.1184    20.9429    1.00000    1.00000
     1.00000   -1.78762   -21.0285    2.89199    1.00000    1.00000
     1.00000   -7.42986   -5.15289E-02   -3.95715    1.00000    1.00000
     1.00000   -37.9169   -3.00121   -4.33814    1.00000    1.00000
     1.00000    39.6547    24.8943    7.71668    1.00000    1.00000
     1.00000   -24.5718   -17.1743   -4.38926    1.00000    1.00000
     1.00000    13.6021    9.59230    4.79734    1.00000    1.00000
     1.00000   -16.4145   -15.3267   -11.7562    1.00000    1.00000
     1.00000    27.8059    21.6058    22.3584    1.00000    1.00000
     1.00000   -2.45748   -15.7797   -4.15360    1.00000    1.00000
     1.00000   -13.2015    8.65709   -14.1739    1.00000    1.00000
     1.00000   -24.1582   -2.41417   -17.9985    1.00000    1.00000
     1.00000    38.5554    22.1075   10.03881    1.00000    1.00000
     1.00000   -16.9372   -24.9173   -5.52534    1.00000    1.00000
     1.00000    3.77456    9.96341   -11.5135    1.00000    1.00000
     1.00000   -14.0032  -10.35034   -8.92947    1.00000    1.00000
     1.00000    29.6657    14.3635    16.7137    1.00000    1.00000
     1.00000    1.53310   -34.7342    11.4733    1.00000    1.00000
     1.00000   -2.58580    4.68062   -7.27828    1.00000    1.00000
     1.00000   -40.8964    5.94719   -3.70650    1.00000    1.00000
     1.00000    44.7624    28.0204    7.91991    1.00000    1.00000
     1.00000   -15.4503   -22.5895    1.00196    1.00000    1.00000
     1.00000    13.3427    9.17118    6.73521    1.00000    1.00000
     1.00000   -14.8936   -24.9727   -18.8146    1.00000    1.00000
     1.00000    32.0313    23.2319    22.7946    1.00000    1.00000
     1.00000   -8.94538   -19.5045   -4.51431E-02    1.00000    1.00000
     1.00000   -2.14697   -1.41948   -12.5077    1.00000    1.00000
     1.00000   -26.5921    7.55165   -11.6826    1.00000    1.00000
     1.00000    31.1726    13.8386    9.28487    1.00000    1.00000
     1.00000   -19.9029   -30.0867   -8.31928    1.00000    1.00000
     1.00000    1.37678    11.7404   0.816765    1.00000    1.00000
     1.00000   -17.9142   -4.46506   -14.9003    1.00000    1.00000
     1.00000    23.8809    17.2702    18.3231    1.00000    1.00000
     1.00000    1.67686   -22.2491    2.71334    1.00000    1.00000
     1.00000   -12.4724   -4.76836   -11.1326    1.00000    1.00000
     1.00000   -41.8806    2.55085   -6.35677    1.00000    1.00000
     1.00000    39.0230    22.1568    6.95228    1.00000    1.00000
     1.00000   -23.4889   -20.9016   -1.10842    1.00000    1.00000
     1.00000    7.95531    15.7570    6.03844    1.00000    1.00000
     1.00000   -23.4035   -6.00533   -13.5494    1.00000    1.00000
     1.00000    22.2219    19.4179    18.3146    1.00000    1.00000
     1.00000   -1.03008   -17.0033   -7.13017    1.00000    1.00000
     1.00000   -7.70441    6.28244   -14.2092    1.00000    1.00000
     1.00000   -20.0477    5.11733   -11.0418    1.00000    1.00000
     1.00000    38.0912    27.2501    13.3586    1.00000    1.00000
     1.00000   -9.84526   -17.6633    2.02467    1.00000    1.00000
     1.00000    5.92857    5.56951   -9.61250    1.00000    1.00000
     1.00000   -5.69479   -13.9532   -8.61174    1.00000    1.00000
     1.00000    29.2433    14.1154    18.9195    1.00000    1.00000
     1.00000  -0.573494   -31.5777    12.3957    1.00000    1.00000
     1.00000   -1.14679   0.618721   -7.31758    1.00000    1.00000
     1.00000   -32.7642    3.49215   -3.81436    1.00000    1.00000
     1.00000    37.7286    30.0114    9.64681    1.00000    1.00000
     1.00000   -17.9103   -24.6103    1.56573    1.00000    1.00000
     1.00000    19.4117    11.9178    20.7747    1.00000    1.00000
     1.00000   -17.2657   -17.1321   -13.2120    1.00000    1.00000
     1.00000    29.1768    27.6712    29.6067    1.00000    1.00000
     1.00000   -4.08663   -24.1575   -2.04748    1.00000    1.00000
     1.00000   -8.34460    4.10075   -17.1911    1.00000    1.00000
     1.00000   -32.0862    5.12173   -10.9291    1.00000    1.00000
     1.00000    34.1638    18.5453    15.2237    1.00000    1.00000
     1.00000   -20.2142   -27.4376   -12.4250    1.00000    1.00000
     1.00000    5.94759    9.53860  -0.360329    1.00000    1.00000
     1.00000   -19.5592   -6.64816   -17.9838    1.00000    1.00000
     1.00000    25.1808    14.5632    19.3359    1.00000    1.00000
     1.00000   -5.07812   -24.9694    6.97498    1.00000    1.00000
     1.00000   -7.11389   -2.73867   -2.84575    1.00000    1.00000
     1.00000   -41.6732   -2.89499   -3.03012    1.00000    1.00000
     1.00000    34.0574    22.3197    9.17394    1.00000    1.00000
     1.00000   -19.4800   -18.0101   -4.42029    1.00000    1.00000
     1.00000    15.5079   10.40648   -1.36562    1.00000    1.00000
     1.00000   -19.9703   -8.93679   -12.8522    1.00000    1.00000
     1.00000    22.8272    15.7443    25.2520    1.00000    1.00000
     1.00000   -5.56827   -15.1228   -6.99433    1.00000    1.00000
     1.00000   -16.1849    8.37024   -17.2625    1.00000    1.00000
     1.00000   -22.6862  -0.795322   -16.3169    1.00000    1.00000
     1.00000    37.1334    21.8550    12.2496    1.00000    1.00000
     1.00000   -12.0950   -25.5350   -4.77856    1.00000    1.00000
     1.00000   -2.10918    6.45993   -9.51237    1.00000    1.00000
     1.00000   -11.7395   -6.67202   -11.1856    1.00000    1.00000
     1.00000    27.2569    11.3114    13.3505    1.00000    1.00000
     1.00000    4.92285   -31.0960    9.17608    1.00000    1.00000
     1.00000   -1.78483    6.51223   -7.33864    1.00000    1.00000
     1.00000   -36.0099    8.27456   -3.68102    1.00000    1.00000
     1.00000    40.1736    28.1509    3.74760    1.00000    1.00000
     1.00000   -14.0889   -22.8559    2.44260    1.00000    1.00000
     1.00000    13.0956    13.3063   10.06774    1.00000    1.00000
     1.00000   -13.7715   -23.4792   -21.4290    1.00000    1.00000
     1.00000    34.4024    24.9073    23.4085    1.00000    1.00000
     1.00000   -4.62682   -16.7294   -4.13602    1.00000    1.00000
     1.00000   -4.89639    2.81768   -11.8223    1.00000    1.00000
     1.00000   -22.7579    9.53338   -15.4110    1.00000    1.00000
     1.00000    29.1991    14.6199    12.7490    1.00000    1.00000
     1.00000   -18.6203   -28.3435   -5.45388    1.00000    1.00000
     1.00000    4.15934    13.6702    3.66306    1.00000    1.00000
     1.00000   -14.5968   -5.62830   -15.4076    1.00000    1.00000
     1.00000    24.1014    16.0090    16.7866    1.00000    1.00000
     1.00000    2.75202   -27.3273    4.08169    1.00000    1.00000
     1.00000   -12.1079   -4.22597   -8.51523    1.00000    1.00000
     1.00000   -41.3726    9.73870   -6.70660    1.00000    1.00000
     1.00000    42.1060    21.3803    3.04780    1.00000    1.00000
     1.00000   -20.4663   -22.2873   -1.00629    1.00000    1.00000
     1.00000    11.1286    14.3012    5.07395    1.00000    1.00000
     1.00000   -20.0210   -3.34649   -15.2446    1.00000    1.00000
     1.00000    23.5484    21.2311    21.3796    1.00000    1.00000
     1.00000   0.647659   -15.3887   -4.38450    1.00000    1.00000
     1.00000   -12.1228    6.98323   -14.3603    1.00000    1.00000
     1.00000   -21.1155    7.66961   -15.0946    1.00000    1.00000
     1.00000    39.2530    26.9726    18.3331    1.00000    1.00000
     1.00000   -10.8053   -19.7185   0.658432    1.00000    1.00000
     1.00000    3.61434    7.83940   -6.71966    1.00000    1.00000
     1.00000   -3.49574   -16.1514  -10.39787    1.00000    1.00000
     1.00000    30.4484    14.3733    23.8031    1.00000    1.00000
     1.00000   0.850212   -28.4322    7.07315    1.00000    1.00000
     1.00000   -3.69417   -1.90694   -3.25895    1.00000    1.00000
     1.00000   -29.5788    1.14651   -3.95819    1.00000    1.00000
     1.00000    36.8868    32.6634    9.61405    1.00000    1.00000
     1.00000   -19.5158   -20.6122    5.89709    1.00000    1.00000
     1.00000    17.7480    11.0711    16.5941    1.00000    1.00000
     1.00000   -16.8748   -21.6496   -16.2620    1.00000    1.00000
     1.00000    29.9455    26.0554    26.9158    1.00000    1.00000
     1.00000   -3.07888   -23.5358   0.168793    1.00000    1.00000
     1.00000   -3.58088   0.921993   -14.6925    1.00000    1.00000
     1.00000   -31.6153    6.93007   -8.00511    1.00000    1.00000
     1.00000    32.0362    14.9684    14.8751    1.00000    1.00000
     1.00000   -17.8809   -24.8784   -11.4990    1.00000    1.00000
     1.00000    8.87736    12.2384    5.80991    1.00000    1.00000
     1.00000   -17.1037   -5.13159   -17.6771    1.00000    1.00000
     1.00000    25.2472    9.53946    22.3925    1.00000    1.00000
     1.00000   -1.23454   -21.7497    4.67357    1.00000    1.00000
     1.00000   -5.24805   0.374676   -1.23297    1.00000    1.00000
     1.00000   -39.7419   -3.06170   -3.52219    1.00000    1.00000
     1.00000    36.8208    23.5722    6.44167    1.00000    1.00000
     1.00000   -23.2184   -18.5002   -5.02953    1.00000    1.00000
     1.00000    16.0443    10.9506    1.92467    1.00000    1.00000
     1.00000   -18.2506   -16.1186   -11.7968    1.00000    1.00000
     1.00000    26.5525    20.3457    23.2755    1.00000    1.00000
     1.00000   -3.72045   -18.0380   -8.36921    1.00000    1.00000
     1.00000   -11.8858    10.9838   -16.9158    1.00000    1.00000
     1.00000   -22.2070   -2.32845   -20.2832    1.00000    1.00000
     1.00000    39.2129    20.4629    9.08405    1.00000    1.00000
     1.00000   -15.6894   -26.5516   -5.57865    1.00000    1.00000
     1.00000    1.29063    12.0391   -11.1095    1.00000    1.00000
     1.00000   -12.8280   -10.8675  -10.46291    1.00000    1.00000
     1.00000    29.0703    11.1610    20.4484    1.00000    1.00000
     1.00000    2.07662   -32.4205    11.6206    1.00000    1.00000
     1.00000   -2.43156    2.68658   -7.28330    1.00000    1.00000
     1.00000   -38.2887    7.10985   -3.67593    1.00000    1.00000
     1.00000    41.4107    31.0905    8.08654    1.00000    1.00000
     1.00000   -13.8995   -21.3490   0.765251    1.00000    1.00000
     1.00000    14.1071    11.5991    9.81838    1.00000    1.00000
     1.00000   -16.5021   -25.3180   -17.6774    1.00000    1.00000
     1.00000    32.0907    24.4745    24.3606    1.00000    1.00000
     1.00000   -7.03356   -22.4109    1.44958    1.00000    1.00000
     1.00000   -2.88863  -0.162884   -11.0755    1.00000    1.00000
     1.00000   -28.3518    7.36993   -9.10979    1.00000    1.00000
     1.00000    30.9737    15.5408    12.8002    1.00000    1.00000
     1.00000   -19.7421   -28.5238   -9.55680    1.00000    1.00000
     1.00000    3.05328    12.0142    3.84826    1.00000    1.00000
     1.00000   -15.5215  -0.642162   -17.0717    1.00000    1.00000
     1.00000    21.1303    15.3992    17.7011    1.00000    1.00000
     1.00000    2.32846   -23.4089    4.20670    1.00000    1.00000
     1.00000  -10.47717   -2.34060   -9.23048    1.00000    1.00000
     1.00000   -39.8606   0.817532   -4.46536    1.00000    1.00000
     1.00000    39.9023    21.2790    5.38497    1.00000    1.00000
     1.00000   -23.1228   -21.0197   0.854240    1.00000    1.00000
     1.00000    10.6512    13.6301    7.65195    1.00000    1.00000
     1.00000   -22.0392   -6.80326   -14.7749    1.00000    1.00000
     1.00000    26.7777    18.7326    20.8796    1.00000    1.00000
     1.00000   -1.62797   -20.9362   -6.42712    1.00000    1.00000
     1.00000   -10.9764    8.48632   -13.7073    1.00000    1.00000
     1.00000   -23.3176    2.17815   -12.2461    1.00000    1.00000
     1.00000    39.3846    26.1148    14.3775    1.00000    1.00000
     1.00000   -8.94585   -16.1821    4.82623    1.00000    1.00000
     1.00000    1.31701    7.19421   -9.92545    1.00000    1.00000
     1.00000   -8.55680   -11.3489   -7.91777    1.00000    1.00000
     1.00000    31.4849    15.8142    20.8539    1.00000    1.00000
     1.00000   -1.51180   -30.7332    10.8445    1.00000    1.00000
     1.00000   -7.03964E-02   -2.10545   -6.18643    1.00000    1.00000
     1.00000   -33.6771    6.56508   -5.50959    1.00000    1.00000
     1.00000    38.2414    31.9268    6.20121    1.00000    1.00000
     1.00000   -18.3222   -23.5822    3.23110    1.00000    1.00000
     1.00000    19.0606    12.3609    18.8562    1.00000    1.00000
     1.00000   -17.7754   -19.8955   -14.4975    1.00000    1.00000
     1.00000    28.6600    25.0857    29.7950    1.00000    1.00000
     1.00000   -2.68079   -26.2570   -4.79151    1.00000    1.00000
     1.00000   -5.75328    2.74251   -18.9651    1.00000    1.00000
     1.00000   -35.9892    5.13630  -10.12908    1.00000    1.00000
     1.00000    35.7353    18.8841    14.0339    1.00000    1.00000
     1.00000   -22.1161   -26.8553   -12.6337    1.00000    1.00000
     1.00000    5.59646    11.1421   0.782249    1.00000    1.00000
     1.00000   -18.9034   -4.82936   -18.4955    1.00000    1.00000
     1.00000    27.2138    11.9010    20.3727    1.00000    1.00000
     1.00000   -4.00009   -24.4636    5.36811    1.00000    1.00000
     1.00000   -7.01968   -4.28417   -4.59611    1.00000    1.00000
     1.00000   -40.4639   -2.47022   -6.53506    1.00000    1.00000
     1.00000    35.9239    22.5627    7.91692    1.00000    1.00000
     1.00000   -21.6666   -18.4969   -3.27281    1.00000    1.00000
     1.00000    15.4095    8.95486    1.30279    1.00000    1.00000
     1.00000   -17.9105   -11.1380   -13.4148    1.00000    1.00000
     1.00000    22.9331    17.5906    26.0137    1.00000    1.00000
     1.00000   -9.47326   -13.8681   -3.08208    1.00000    1.00000
     1.00000   -18.2069    7.31201   -18.0545    1.00000    1.00000
     1.00000   -25.1525  -0.653076   -14.2031    1.00000    1.00000
     1.00000    39.1393    24.3380    11.3194    1.00000    1.00000
     1.00000   -12.1092   -24.4611   -3.09142    1.00000    1.00000
     1.00000    1.26723   10.41010   -9.43336    1.00000    1.00000
     1.00000   -12.4861   -7.24762   -9.42176    1.00000    1.00000
     1.00000    27.1541    13.3713    15.9486    1.00000    1.00000
     1.00000    4.56849   -29.3703    12.5990    1.00000    1.00000
     1.00000   -2.76491    9.83026   -8.05070    1.00000    1.00000
     1.00000   -36.2407    5.52221   -6.36275    1.00000    1.00000
     1.00000    41.4036    29.0031    5.07461    1.00000    1.00000
     1.00000   -12.3035   -26.0418    1.26072    1.00000    1.00000
     1.00000    15.1284    13.3532    13.3187    1.00000    1.00000
     1.00000   -15.5696   -19.7162   -17.8168    1.00000    1.00000
     1.00000    34.1992    24.0107    21.6323    1.00000    1.00000
     1.00000   -5.78107   -18.4135   -2.05744    1.00000    1.00000
     1.00000   -4.71391   0.595772   -10.7708    1.00000    1.00000
     1.00000   -25.4719    8.67344   -12.9019    1.00000    1.00000
     1.00000    26.3663    15.4355   10.01893    1.00000    1.00000
     1.00000   -15.5636   -27.0656   -7.50736    1.00000    1.00000
     1.00000    2.36796    13.5327  -0.127785    1.00000    1.00000
     1.00000   -13.7604   -5.95605   -12.0968    1.00000    1.00000
     1.00000    27.7609    15.9283    17.5446    1.00000    1.00000
     1.00000    1.63557   -27.1716    5.73376    1.00000    1.00000
     1.00000   -8.81668   -4.64233   -5.42498    1.00000    1.00000
     1.00000   -41.0927    6.11351   -5.68989    1.00000    1.00000
     1.00000    39.2776    19.4412    1.23742    1.00000    1.00000
     1.00000   -19.8585   -21.4174   0.688957    1.00000    1.00000
     1.00000    11.9501    12.6014    3.56004    1.00000    1.00000
     1.00000   -20.1110   -6.31137   -14.5747    1.00000    1.00000
     1.00000    23.3022    20.0826    26.1026    1.00000    1.00000
     1.00000   0.211380   -19.2371   -4.21220    1.00000    1.00000
     1.00000   -9.39362    5.75544   -17.5931    1.00000    1.00000
     1.00000   -19.1749    5.60630   -12.7735    1.00000    1.00000
     1.00000    39.1394    28.5942    15.5429    1.00000    1.00000
     1.00000  -10.10832   -21.5621   -1.74534    1.00000    1.00000
     1.00000    5.35416    8.27237   -4.09078    1.00000    1.00000
     1.00000   -8.96125   -14.1893  -10.18803    1.00000    1.00000
     1.00000    28.3711    15.1948    21.9081    1.00000    1.00000
     1.00000   -2.24380   -28.9393    8.38279    1.00000    1.00000
     1.00000   -1.86762   -2.56570   -2.77959    1.00000    1.00000
     1.00000   -30.7405  -0.350063   -4.59905    1.00000    1.00000
     1.00000    38.1700    32.8727    8.09429    1.00000    1.00000
     1.00000   -18.9060   -24.7554    4.74200    1.00000    1.00000
     1.00000    19.9758    11.1734    15.1181    1.00000    1.00000
     1.00000   -15.2193   -22.6510   -15.7554    1.00000    1.00000
     1.00000    30.6524    26.4479    30.1778    1.00000    1.00000
     1.00000   -4.35886   -22.4981  -0.964745    1.00000    1.00000
     1.00000   -4.54550    1.97915   -16.0896    1.00000    1.00000
     1.00000   -31.5620    5.85218   -6.32127    1.00000    1.00000
     1.00000    34.6475    16.2373    14.7082    1.00000    1.00000
     1.00000   -17.3168   -26.8166   -9.74342    1.00000    1.00000
     1.00000    6.03501    12.9776    3.70907    1.00000    1.00000
     1.00000   -15.4875   -2.91965   -18.2640    1.00000    1.00000
     1.00000    22.3573    11.0647    22.1345    1.00000    1.00000
     1.00000   -2.79453   -22.1188    1.55132    1.00000    1.00000
     1.00000   -5.44724    2.49290E-02   -4.20888    1.00000    1.00000
     1.00000   -36.0799   -3.20082   -5.10349    1.00000    1.00000
     1.00000    38.9045    26.1187    6.32461    1.00000    1.00000
     1.00000   -25.9502   -15.7499   -4.65598    1.00000    1.00000
     1.00000    14.3765    9.34854    2.96954    1.00000    1.00000
     1.00000   -17.6825   -14.0918   -12.6875    1.00000    1.00000
     1.00000    29.4173    20.4734    22.0107    1.00000    1.00000
     1.00000   -3.91531   -15.4269   -5.47659    1.00000    1.00000
     1.00000   -13.8485    7.97090   -15.9375    1.00000    1.00000
     1.00000   -25.0241  -0.614868   -18.1107    1.00000    1.00000
     1.00000    39.9114    22.6536    8.67388    1.00000    1.00000
     1.00000   -16.6529   -24.4135   -3.61082    1.00000    1.00000
     1.00000    2.90159    11.2341  -10.23951    1.00000    1.00000
     1.00000   -14.8199   -9.11663   -7.58374    1.00000    1.00000
     1.00000    28.8308    12.5555    16.8984    1.00000    1.00000
     1.00000   0.240318   -33.2118    11.5786    1.00000    1.00000
     1.00000   -4.43237    4.22117   -7.89397    1.00000    1.00000
     1.00000   -39.6919    6.71490   -2.30663    1.00000    1.00000
     1.00000    43.9156    28.7160    6.24689    1.00000    1.00000
     1.00000   -17.2329   -23.1945   0.326180    1.00000    1.00000
     1.00000    15.0186    8.44294    5.92217    1.00000    1.00000
     1.00000   -15.1466   -24.7830   -20.7895    1.00000    1.00000
     1.00000    31.0819    21.5276    22.3539    1.00000    1.00000
     1.00000   -7.11137   -19.0833  -0.722664    1.00000    1.00000
     1.00000   -3.55673   -7.43675E-02   -12.9585    1.00000    1.00000
     1.00000   -27.2966    6.22345  -10.36362    1.00000    1.00000
     1.00000    30.3912    12.0857    8.72218    1.00000    1.00000
     1.00000   -18.1117   -29.2476   -8.02322    1.00000    1.00000
     1.00000  -0.157829    12.5918  -0.142479    1.00000    1.00000
     1.00000   -18.2106   -2.70409   -15.8010    1.00000    1.00000
     1.00000    22.9865    18.2881    16.8520    1.00000    1.00000
     1.00000    1.28161   -23.8770    1.62083    1.00000    1.00000
     1.00000   -10.8980   -4.09086  -10.10197    1.00000    1.00000
     1.00000   -40.4656    1.13753   -6.34461    1.00000    1.00000
     1.00000    38.3706    23.0544    5.28838    1.00000    1.00000
     1.00000   -22.4306   -20.2454   -2.67344    1.00000    1.00000
     1.00000    6.25411    15.0892    6.85084    1.00000    1.00000
     1.00000   -23.4242   -6.84982   -11.7365    1.00000    1.00000
     1.00000    23.4111    19.9897    19.8175    1.00000    1.00000
     1.00000   -2.51566   -18.2996   -6.79440    1.00000    1.00000
     1.00000   -9.22432    7.56321   -13.9867    1.00000    1.00000
     1.00000   -19.6597    3.22264   -11.5513    1.00000    1.00000
     1.00000    38.5134    29.1690    13.7324    1.00000    1.00000
     1.00000   -11.5975   -17.9358    1.09969    1.00000    1.00000
     1.00000    4.12054    5.22583  -10.39538    1.00000    1.00000
     1.00000   -6.99819   -12.4380   -8.53794    1.00000    1.00000
     1.00000    29.5807    15.4809    20.3413    1.00000    1.00000
     1.00000   -1.39529   -29.8762    13.0509    1.00000    1.00000
     1.00000   -1.48566  -0.593143   -5.76306    1.00000    1.00000
