     1.00000    16.5574  -10.11486  -10.09984    1.00000    1.00000
     1.00000   -10.9477   -1.23468    6.79395    1.00000    1.00000
     1.00000   -7.69021   -24.9683    2.66882    1.00000    1.00000
     1.00000   -3.93591    34.7286    11.7248    1.00000    1.00000
     1.00000    19.7771  -10.03973   -23.3088    1.00000    1.00000
     1.00000   -25.7441    3.73766   0.584679    1.00000    1.00000
     1.00000    3.84418   -5.92312   -1.99555    1.00000    1.00000
     1.00000   -1.69771    27.9425    20.7246    1.00000    1.00000
     1.00000    11.9770   -23.5619   -10.6466    1.00000    1.00000
     1.00000   -2.81943    2.60157    16.3175    1.00000    1.00000
     1.00000  -0.424561   -12.2961    2.40017    1.00000    1.00000
     1.00000    1.91304    29.9035   10.42635    1.00000    1.00000
     1.00000    30.3727   -16.9130   -21.9771    1.00000    1.00000
     1.00000   -14.3211   -1.55968   -1.49924    1.00000    1.00000
     1.00000   10.47760   -21.6950   -6.21429    1.00000    1.00000
     1.00000   -14.5387    16.6760    17.3471    1.00000    1.00000
     1.00000    12.2313   -17.9325   -11.1384    1.00000    1.00000
     1.00000   -7.86012    5.47358   -2.46392    1.00000    1.00000
     1.00000   -3.85521   -22.1011   0.385658    1.00000    1.00000
     1.00000   -11.3468    42.6667    9.01829    1.00000    1.00000
     1.00000    11.1778   -13.0742   -14.5955    1.00000    1.00000
     1.00000   -20.1128    12.0974   -5.46648    1.00000    1.00000
     1.00000   -2.02472   -10.6801   -13.7313    1.00000    1.00000
     1.00000    1.39467    31.9192    18.2128    1.00000    1.00000
     1.00000    5.96191   -19.1898   -16.5538    1.00000    1.00000
     1.00000   -5.77536   -1.79734    6.39629    1.00000    1.00000
     1.00000   -8.18217   -15.9045    4.48562    1.00000    1.00000
     1.00000    5.85016    27.0996    16.2749    1.00000    1.00000
     1.00000    28.4837   -11.8855   -16.3233    1.00000    1.00000
     1.00000   -19.7798    6.50166    6.70228    1.00000    1.00000
     1.00000    2.77439   -9.84858   -6.02178    1.00000    1.00000
     1.00000  -10.39069    12.5314    20.2904    1.00000    1.00000
     1.00000    11.2524   -8.00990   -9.54697    1.00000    1.00000
     1.00000   -12.8564   -3.76810    11.7650    1.00000    1.00000
     1.00000   -2.84909   -26.4603    2.17797    1.00000    1.00000
     1.00000   -5.00249    39.2176    13.8394    1.00000    1.00000
     1.00000    15.6125   -15.0912   -21.1454    1.00000    1.00000
     1.00000   -18.9267    3.22900   -3.81071    1.00000    1.00000
     1.00000  -0.527542   -3.03583   -1.85159    1.00000    1.00000
     1.00000   -8.81741    22.6898    18.2997    1.00000    1.00000
     1.00000    6.66840   -24.1464   -8.67156    1.00000    1.00000
     1.00000   -3.83397   -4.59083    15.1877    1.00000    1.00000
     1.00000   -3.70452   -6.74974    6.20432    1.00000    1.00000
     1.00000    1.42995    31.8875    8.77245    1.00000    1.00000
     1.00000    28.5373   -11.8955   -26.1663    1.00000    1.00000
     1.00000   -17.8867   -1.30719    1.10598    1.00000    1.00000
     1.00000    4.01416   -11.3941   -5.74907    1.00000    1.00000
     1.00000   -13.1093    15.3132    17.0319    1.00000    1.00000
     1.00000    15.3138   -12.1389   -7.62940    1.00000    1.00000
     1.00000   -6.22744    2.81030    1.77378    1.00000    1.00000
     1.00000   0.255981   -23.7061   -1.21543    1.00000    1.00000
     1.00000   -5.31303    40.9801    5.03859    1.00000    1.00000
     1.00000    11.4759   -13.2308   -22.1416    1.00000    1.00000
     1.00000   -20.3163    7.14300  -10.08736    1.00000    1.00000
     1.00000    1.28979   -7.76658   -4.72703    1.00000    1.00000
     1.00000   -1.37632    30.6773    18.0605    1.00000    1.00000
     1.00000    6.22192   -18.2938   -14.1483    1.00000    1.00000
     1.00000   -4.48521   -1.75008    10.6182    1.00000    1.00000
     1.00000    1.49611   -14.7780   -3.21299    1.00000    1.00000
     1.00000    7.50401    29.9798    11.2744    1.00000    1.00000
     1.00000    29.5539   -15.4609   -20.8722    1.00000    1.00000
     1.00000   -18.7740    1.61615    7.11137    1.00000    1.00000
     1.00000    9.12340   -7.65865   -6.49364    1.00000    1.00000
     1.00000   -3.18931    12.3843    12.6264    1.00000    1.00000
     1.00000    13.4589  -10.18072   -10.9265    1.00000    1.00000
     1.00000   -15.2743    2.58809    5.82811    1.00000    1.00000
     1.00000   -7.03299   -23.1876    3.29923    1.00000    1.00000
     1.00000   -8.23298    37.4494    11.2989    1.00000    1.00000
     1.00000    21.3160   -12.5878   -21.6249    1.00000    1.00000
     1.00000   -23.3404    3.74474    1.45003    1.00000    1.00000
     1.00000    4.31046   -1.19128   -2.60406    1.00000    1.00000
     1.00000   -7.47160    24.1681    18.3591    1.00000    1.00000
     1.00000    5.79452   -27.6185   -11.5604    1.00000    1.00000
     1.00000   -1.45270    4.77066    15.2825    1.00000    1.00000
     1.00000   -2.71096   -7.34700    3.19566    1.00000    1.00000
     1.00000   -3.49083E-02    30.9938    15.0794    1.00000    1.00000
     1.00000    31.1464   -14.2083   -20.9342    1.00000    1.00000
     1.00000   -14.0160   -6.36617   -3.49380    1.00000    1.00000
     1.00000    7.73760   -21.3901   -9.08682    1.00000    1.00000
     1.00000   -14.7446    19.0561    11.2354    1.00000    1.00000
     1.00000    14.2669   -20.9427   -10.6813    1.00000    1.00000
     1.00000   -12.5371    6.20654   0.661095    1.00000    1.00000
     1.00000   0.201927   -20.7238   -4.35089    1.00000    1.00000
     1.00000   -6.79127    41.3590    8.76484    1.00000    1.00000
     1.00000    14.8763   -12.3633   -18.0591    1.00000    1.00000
     1.00000   -15.1899    16.3390   -9.52139    1.00000    1.00000
     1.00000   -1.09192   -8.94473   -7.05679    1.00000    1.00000
     1.00000    6.13218    28.8458    18.4422    1.00000    1.00000
     1.00000   10.15083   -23.6981   -16.1140    1.00000    1.00000
     1.00000   -3.50684   -3.38647    5.44273    1.00000    1.00000
     1.00000   -3.73171   -17.8556    3.07117    1.00000    1.00000
     1.00000   0.492413    27.5325    13.5925    1.00000    1.00000
     1.00000    26.2653   -13.0537   -16.4925    1.00000    1.00000
     1.00000   -22.4817    8.71638    7.31051    1.00000    1.00000
     1.00000    4.20669   -9.28368   -2.93616    1.00000    1.00000
     1.00000   -7.62307    14.1523    18.3012    1.00000    1.00000
     1.00000    10.6620   -10.6925   -7.83718    1.00000    1.00000
     1.00000   -16.4819   -1.49089    11.3870    1.00000    1.00000
     1.00000  -0.240944   -26.2073    3.64771    1.00000    1.00000
     1.00000   -6.29298    35.7722    7.73279    1.00000    1.00000
     1.00000    22.6841   -14.4588   -22.8710    1.00000    1.00000
     1.00000   -19.7628    5.01131   -4.16335    1.00000    1.00000
     1.00000   -3.39933   -2.14123   -3.53264    1.00000    1.00000
     1.00000   -6.66178    19.5027    19.9612    1.00000    1.00000
     1.00000   10.53817   -24.6974   -6.32468    1.00000    1.00000
     1.00000   -3.25281   -5.17001    10.9655    1.00000    1.00000
     1.00000   -5.05669   -5.29813    5.95033    1.00000    1.00000
     1.00000  -0.247517    29.2221    7.62714    1.00000    1.00000
     1.00000    28.7781   -13.8589   -26.4618    1.00000    1.00000
     1.00000   -20.3270   0.816437   -3.23363    1.00000    1.00000
     1.00000    3.55593   -18.5807   -4.79366    1.00000    1.00000
     1.00000   -11.4852    14.4113    9.61715    1.00000    1.00000
     1.00000    16.9129   -15.9815   -6.09660    1.00000    1.00000
     1.00000   -8.06540    2.59171E-02    4.71508    1.00000    1.00000
     1.00000    3.11418   -24.8624  -0.219017    1.00000    1.00000
     1.00000   -4.42884    42.5202    4.11877    1.00000    1.00000
     1.00000    14.4373   -12.4773   -21.1756    1.00000    1.00000
     1.00000   -20.2547    9.71179   -7.49230    1.00000    1.00000
     1.00000    2.33057   -9.04877   -7.80035    1.00000    1.00000
     1.00000  -0.492779    36.4877    19.6104    1.00000    1.00000
     1.00000    7.14400   -17.3036  -10.00858    1.00000    1.00000
     1.00000   -2.14903    3.00024   10.00247    1.00000    1.00000
     1.00000   -1.61092   -15.2619   0.902107    1.00000    1.00000
     1.00000    4.09161    29.5710    12.9199    1.00000    1.00000
     1.00000    29.4273   -19.4730   -18.2236    1.00000    1.00000
     1.00000   -17.0937   0.390076    3.79549    1.00000    1.00000
     1.00000    5.37496   -5.59415   -5.97601    1.00000    1.00000
     1.00000   -2.45916    6.92805    16.0204    1.00000    1.00000
     1.00000    17.5871   -11.4837   -8.60815    1.00000    1.00000
     1.00000   -9.57116  -0.665314    8.12846    1.00000    1.00000
     1.00000   -7.91069   -24.8607  -0.680611    1.00000    1.00000
     1.00000   -5.21991    36.1950    12.1731    1.00000    1.00000
     1.00000    22.3407  -10.37584   -22.6241    1.00000    1.00000
     1.00000   -27.1698    2.39182  -0.938278    1.00000    1.00000
     1.00000    6.15837   -1.55021   -1.92849    1.00000    1.00000
     1.00000   -2.34002    27.6428    24.4236    1.00000    1.00000
     1.00000   10.21284   -24.4741   -10.8829    1.00000    1.00000
     1.00000   -2.19708   0.915749    17.1954    1.00000    1.00000
     1.00000    1.27057   -13.8267   -9.18503E-02    1.00000    1.00000
     1.00000   0.828915    30.9928    13.1058    1.00000    1.00000
     1.00000    28.5224   -17.9743   -23.8738    1.00000    1.00000
     1.00000   -15.8218   -4.20818   -1.30301    1.00000    1.00000
     1.00000    11.7877   -22.1425   -4.32043    1.00000    1.00000
     1.00000   -13.7632    16.3488    20.9755    1.00000    1.00000
     1.00000    13.8999   -18.1101  -10.05017    1.00000    1.00000
     1.00000   -8.67629    3.35128  -0.690140    1.00000    1.00000
     1.00000   -1.61405   -22.6609   -2.88283    1.00000    1.00000
     1.00000   -8.25402    41.3791   10.12865    1.00000    1.00000
     1.00000    12.7652   -10.6527   -16.0426    1.00000    1.00000
     1.00000   -19.4132    13.9592   -5.67698    1.00000    1.00000
     1.00000   0.478378   -9.81454   -11.6899    1.00000    1.00000
     1.00000    3.64000    30.0837    15.7236    1.00000    1.00000
     1.00000    6.18254   -21.0911   -14.7280    1.00000    1.00000
     1.00000   -8.73663   -3.11352    6.11248    1.00000    1.00000
     1.00000   -5.17304   -16.4781    3.22934    1.00000    1.00000
     1.00000    4.74440    28.6092    14.9450    1.00000    1.00000
     1.00000    28.1831   -14.3239   -18.6301    1.00000    1.00000
     1.00000   -23.0621    6.82639    7.00889    1.00000    1.00000
     1.00000    4.16082   -7.87847   -8.13329    1.00000    1.00000
     1.00000  -10.06841    13.8149    18.7908    1.00000    1.00000
     1.00000    13.9940   -7.99689   -12.2107    1.00000    1.00000
     1.00000   -11.1544   -2.87329    12.9651    1.00000    1.00000
     1.00000   -4.75847   -23.5168    4.46389    1.00000    1.00000
     1.00000   -6.31279    36.3561    9.64555    1.00000    1.00000
     1.00000    13.7807   -15.8596   -21.3779    1.00000    1.00000
     1.00000   -21.1928    2.70640  -0.655334    1.00000    1.00000
     1.00000   -2.28864   -2.92003  -0.910797    1.00000    1.00000
     1.00000   -6.49842    20.8458    18.4883    1.00000    1.00000
     1.00000    6.98944   -25.8531   -5.70496    1.00000    1.00000
     1.00000   -2.94158  -0.701035    14.3971    1.00000    1.00000
     1.00000   -4.40021   -11.4970    4.84786    1.00000    1.00000
     1.00000   -1.18474    32.6166    5.87872    1.00000    1.00000
     1.00000    27.9537   -9.70048   -28.6487    1.00000    1.00000
     1.00000   -16.0704   0.851486    2.14019    1.00000    1.00000
     1.00000    4.82063   -14.0833   -5.74812    1.00000    1.00000
     1.00000   -12.1670    13.0540    18.3302    1.00000    1.00000
     1.00000    15.4537   -12.9236   -9.46371    1.00000    1.00000
     1.00000   -4.30500    4.96935    3.76241    1.00000    1.00000
     1.00000   0.753002   -23.8556   -3.14690    1.00000    1.00000
     1.00000   -6.06380    42.1549    6.47247    1.00000    1.00000
     1.00000    9.74650   -11.0905   -20.9702    1.00000    1.00000
     1.00000   -18.4254    7.03399   -6.60896    1.00000    1.00000
     1.00000   -2.12259   -4.69334   -1.82066    1.00000    1.00000
     1.00000  -0.928066    29.7803    20.8988    1.00000    1.00000
     1.00000    7.84286   -19.2633   -15.8781    1.00000    1.00000
     1.00000   -5.00639   -3.41479    11.5965    1.00000    1.00000
     1.00000    4.16722   -14.0332   -3.49317    1.00000    1.00000
     1.00000   10.41444    29.2465    9.84666    1.00000    1.00000
     1.00000    31.4884   -16.3467   -18.7090    1.00000    1.00000
     1.00000   -21.3280   0.593140    9.22559    1.00000    1.00000
     1.00000    7.05529   -7.44746   -7.38515    1.00000    1.00000
     1.00000   -5.73622    12.9603    16.9274    1.00000    1.00000
     1.00000    14.0174   -11.3168   -12.4748    1.00000    1.00000
     1.00000   -12.9427   -1.22477    6.93520    1.00000    1.00000
     1.00000   -4.81501   -25.0361   0.234505    1.00000    1.00000
     1.00000  -10.39106    39.7589    13.4220    1.00000    1.00000
     1.00000    23.2678   -12.4511   -21.2106    1.00000    1.00000
     1.00000   -24.0669    5.36326    2.37340    1.00000    1.00000
     1.00000    1.07142  -0.361198   -1.10086    1.00000    1.00000
     1.00000   -4.53917    25.8551    21.1454    1.00000    1.00000
     1.00000    6.67825   -27.4311   -9.77608    1.00000    1.00000
     1.00000   -3.10673    6.22257    13.3179    1.00000    1.00000
     1.00000   -1.70906   -10.8040    2.75196    1.00000    1.00000
     1.00000  -0.731205    32.5444    12.2986    1.00000    1.00000
     1.00000    33.4169   -14.8269   -20.8453    1.00000    1.00000
     1.00000   -14.9451   -6.34917  -0.443642    1.00000    1.00000
     1.00000    6.37785   -20.2991   -8.10664    1.00000    1.00000
     1.00000   -15.7459    16.7861    13.8171    1.00000    1.00000
     1.00000    15.4252   -19.3996  -10.15495    1.00000    1.00000
     1.00000  -10.17174    7.39958  -0.635139    1.00000    1.00000
     1.00000   -1.57492   -23.2067   -4.80652    1.00000    1.00000
     1.00000   -5.22986    42.6073    8.70457    1.00000    1.00000
     1.00000    17.8912   -14.7179   -18.7471    1.00000    1.00000
     1.00000   -18.0227    13.6431   -7.07934    1.00000    1.00000
     1.00000  -0.701012   -9.34605   -8.97672    1.00000    1.00000
     1.00000    4.29148    29.3825    17.8732    1.00000    1.00000
     1.00000    8.47555   -24.1711   -15.1293    1.00000    1.00000
     1.00000   -5.92318   -3.14742    8.55177    1.00000    1.00000
     1.00000   -4.01669   -20.8161    3.23798    1.00000    1.00000
     1.00000    2.21670    28.3639    13.0132    1.00000    1.00000
     1.00000    24.9553   -13.3730   -14.6576    1.00000    1.00000
     1.00000   -26.3649    9.31654    6.09678    1.00000    1.00000
     1.00000    4.66435   -11.0745   -3.70014    1.00000    1.00000
     1.00000   -3.38511    14.0123    17.8067    1.00000    1.00000
     1.00000   10.07277   -9.41715   -6.41371    1.00000    1.00000
     1.00000   -16.1798   -2.12040    8.27291    1.00000    1.00000
     1.00000    1.12490   -26.7453    5.00602    1.00000    1.00000
     1.00000   -5.21630    38.6315    5.60284    1.00000    1.00000
     1.00000    19.3753   -14.3248   -23.4619    1.00000    1.00000
     1.00000   -19.1705    6.82443   -4.76479    1.00000    1.00000
     1.00000   -7.03335   -1.89031   -3.53709    1.00000    1.00000
     1.00000   -5.53524    15.7547    18.4022    1.00000    1.00000
     1.00000   10.16259   -26.6519   -6.52226    1.00000    1.00000
     1.00000  -0.293011   -6.30173    12.8802    1.00000    1.00000
     1.00000   -6.80480   -7.39033    7.96717    1.00000    1.00000
     1.00000    1.42269    29.9079    8.48739    1.00000    1.00000
     1.00000    28.5522   -13.9828   -23.7433    1.00000    1.00000
     1.00000   -18.3451   -1.49651   -2.53361    1.00000    1.00000
     1.00000    4.12143   -19.8480   -6.23392    1.00000    1.00000
     1.00000   -12.5400    13.0638    14.4127    1.00000    1.00000
     1.00000    18.4711   -17.6858   -7.99419    1.00000    1.00000
     1.00000   -6.09020    2.63436    3.76130    1.00000    1.00000
     1.00000   0.767384   -26.5477   -1.10663    1.00000    1.00000
     1.00000   -2.05743    43.7678    4.62228    1.00000    1.00000
     1.00000    14.3911   -13.8253   -19.6988    1.00000    1.00000
     1.00000   -15.4145   10.42650   -5.54765    1.00000    1.00000
     1.00000   0.821560   -8.67077   -6.54337    1.00000    1.00000
     1.00000   -1.33667    34.9408    18.6643    1.00000    1.00000
     1.00000   10.28824   -18.5525   -10.8666    1.00000    1.00000
     1.00000   -2.74320   0.720551    10.7542    1.00000    1.00000
     1.00000  -0.758865   -16.7175  -0.172722    1.00000    1.00000
     1.00000    6.50628    33.0404    9.44979    1.00000    1.00000
     1.00000    27.7053   -18.8546   -19.0313    1.00000    1.00000
     1.00000   -19.6301    3.43344    6.31353    1.00000    1.00000
     1.00000    6.97291   -6.74742   -3.36979    1.00000    1.00000
     1.00000   -3.44477   10.49636    13.2351    1.00000    1.00000
     1.00000    15.0610   -11.3371   -10.6165    1.00000    1.00000
     1.00000   -9.18748   -1.18333    5.84586    1.00000    1.00000
     1.00000   -7.99387   -25.9833   0.972527    1.00000    1.00000
     1.00000   -2.10570    33.9575    11.9609    1.00000    1.00000
     1.00000    17.8124   -9.92152   -23.6637    1.00000    1.00000
     1.00000   -24.8150    5.50768   0.524208    1.00000    1.00000
     1.00000    3.55340   -4.02717   -1.42912    1.00000    1.00000
     1.00000   -3.59597    27.4321    20.3558    1.00000    1.00000
     1.00000    12.6935   -22.7092   -12.3078    1.00000    1.00000
     1.00000   -3.35985    4.17336    15.2051    1.00000    1.00000
     1.00000   0.901077   -12.1363   0.911156    1.00000    1.00000
     1.00000   0.416149    31.0157    11.1490    1.00000    1.00000
     1.00000    30.5111   -17.9828   -23.6613    1.00000    1.00000
     1.00000   -16.1700   -2.24377   -1.16209    1.00000    1.00000
     1.00000    11.6776   -20.3934   -5.28388    1.00000    1.00000
     1.00000   -15.1012    16.0138    15.5457    1.00000    1.00000
     1.00000    10.7747   -17.3190   -12.3639    1.00000    1.00000
     1.00000   -9.44011    4.25826   -2.30073    1.00000    1.00000
     1.00000   -2.52313   -20.9994  -0.620262    1.00000    1.00000
     1.00000   -11.5724    44.0631    7.60435    1.00000    1.00000
     1.00000   10.05485   -14.5430   -13.8331    1.00000    1.00000
     1.00000   -18.4979    10.9212   -5.37310    1.00000    1.00000
     1.00000   -1.38483  -10.52522   -11.8428    1.00000    1.00000
     1.00000    2.41974    31.7856    19.9249    1.00000    1.00000
     1.00000    4.80044   -19.6710   -14.9983    1.00000    1.00000
     1.00000   -5.19983   -2.64491    4.67862    1.00000    1.00000
     1.00000   -7.29372   -14.1467    4.83309    1.00000    1.00000
     1.00000    6.56477    28.8851    15.7261    1.00000    1.00000
     1.00000    29.0948   -12.6326   -18.0749    1.00000    1.00000
     1.00000   -20.4015    5.06693    5.45525    1.00000    1.00000
     1.00000    4.24675   -9.72497   -7.36970    1.00000    1.00000
     1.00000   -12.3889    12.6121    20.2681    1.00000    1.00000
     1.00000    9.86388   -9.38567   -9.12371    1.00000    1.00000
     1.00000   -13.3503   -2.29755   10.50268    1.00000    1.00000
     1.00000   -2.41266   -26.5737    4.12647    1.00000    1.00000
     1.00000   -4.85742    38.8089    11.8870    1.00000    1.00000
     1.00000    17.3263   -16.0895   -20.8880    1.00000    1.00000
     1.00000   -20.0921    2.58016   -2.32046    1.00000    1.00000
     1.00000   -1.51730   -1.72829   -2.99647    1.00000    1.00000
     1.00000   -9.65901    23.7853    19.7459    1.00000    1.00000
     1.00000    7.14857   -26.0675   -8.39063    1.00000    1.00000
     1.00000   -2.98897   -3.67920    13.6209    1.00000    1.00000
     1.00000   -4.66174   -8.47926    5.90018    1.00000    1.00000
     1.00000   0.305851    32.3611    7.18748    1.00000    1.00000
     1.00000    27.3015   -12.0257   -27.7334    1.00000    1.00000
     1.00000   -17.2990   0.534721   0.594154    1.00000    1.00000
     1.00000    5.65516   -12.3677   -6.34838    1.00000    1.00000
     1.00000   -13.7578    13.9279    15.7433    1.00000    1.00000
     1.00000    15.9966   -11.2193   -5.98985    1.00000    1.00000
     1.00000   -5.29760    4.56446    2.01531    1.00000    1.00000
     1.00000   0.824970   -24.4364   0.557404    1.00000    1.00000
     1.00000   -4.65914    39.4851    3.88210    1.00000    1.00000
     1.00000    11.4257   -12.0748   -20.5103    1.00000    1.00000
     1.00000   -19.2155    8.81281  -10.08573    1.00000    1.00000
     1.00000   0.399300   -6.05958   -4.18558    1.00000    1.00000
     1.00000  -0.413715    32.3247    17.4609    1.00000    1.00000
     1.00000    6.65029   -18.4724   -12.2029    1.00000    1.00000
     1.00000   -3.29810   -1.50943    12.2097    1.00000    1.00000
     1.00000   0.195534   -13.5379   -2.33517    1.00000    1.00000
     1.00000    7.50341    31.3451    9.81289    1.00000    1.00000
     1.00000    30.0295   -15.0064   -18.9835    1.00000    1.00000
     1.00000   -20.7093    1.60599    7.61585    1.00000    1.00000
     1.00000    7.42254   -8.00050   -5.49854    1.00000    1.00000
     1.00000   -4.09728    13.6664    13.8641    1.00000    1.00000
     1.00000    14.7069   -9.06708   -9.83002    1.00000    1.00000
     1.00000   -15.8424   0.725487    6.28423    1.00000    1.00000
     1.00000   -5.25676   -22.3519    2.91636    1.00000    1.00000
     1.00000   -8.23246    39.3234    11.9976    1.00000    1.00000
     1.00000    21.0713   -13.2653   -23.4907    1.00000    1.00000
     1.00000   -22.9724    3.60748  -0.511032    1.00000    1.00000
     1.00000    2.74492   -1.42002   -1.38062    1.00000    1.00000
     1.00000   -6.13610    25.6481    18.1977    1.00000    1.00000
     1.00000    7.24932   -26.3104   -11.9757    1.00000    1.00000
     1.00000   -1.17174    5.79478    13.5877    1.00000    1.00000
     1.00000   -2.82156   -9.17933    2.40173    1.00000    1.00000
     1.00000    1.61262    32.0498    14.6664    1.00000    1.00000
     1.00000    29.9695   -12.6689   -21.4293    1.00000    1.00000
     1.00000   -13.5645   -5.62043   -1.69381    1.00000    1.00000
     1.00000    9.23356   -21.4476   -7.76063    1.00000    1.00000
     1.00000   -15.7508    17.6823   10.18649    1.00000    1.00000
     1.00000    14.2442   -20.7746   -8.68855    1.00000    1.00000
     1.00000   -11.6528    6.13577   -1.13139    1.00000    1.00000
     1.00000   -1.07655   -20.3634   -5.84609    1.00000    1.00000
     1.00000   -8.21900    40.0724    8.21120    1.00000    1.00000
     1.00000    13.0525   -11.5891   -17.7864    1.00000    1.00000
     1.00000   -16.9529    15.7424  -10.25338    1.00000    1.00000
     1.00000   -1.80685   -9.41682   -5.24959    1.00000    1.00000
     1.00000    5.75296    27.1844    19.4890    1.00000    1.00000
     1.00000    8.78829   -22.3309   -16.6377    1.00000    1.00000
     1.00000   -4.84389   -3.56170    6.91975    1.00000    1.00000
     1.00000   -2.56099   -16.6272    2.01269    1.00000    1.00000
     1.00000   -1.29817    28.4029    13.4020    1.00000    1.00000
     1.00000    24.9358   -12.4450   -17.8570    1.00000    1.00000
     1.00000   -23.2963    9.79247    5.83454    1.00000    1.00000
     1.00000    2.84718  -10.22723   -4.05930    1.00000    1.00000
     1.00000   -6.11880    12.9733    18.8904    1.00000    1.00000
     1.00000    12.0877   -12.0336   -8.24813    1.00000    1.00000
     1.00000   -15.2959   -2.38460   10.04740    1.00000    1.00000
     1.00000   -1.34998   -25.1494    2.36290    1.00000    1.00000
     1.00000   -5.73793    37.6335    7.25570    1.00000    1.00000
     1.00000    21.0389   -15.4349   -23.4546    1.00000    1.00000
     1.00000   -18.5239    4.73461   -5.70882    1.00000    1.00000
     1.00000   -5.16194   -1.22383   -3.30555    1.00000    1.00000
     1.00000   -4.75097    19.1902    19.4600    1.00000    1.00000
     1.00000    12.4097   -24.5348   -7.01091    1.00000    1.00000
     1.00000   -2.29705   -6.57964    12.0140    1.00000    1.00000
     1.00000   -6.91463   -6.03751    5.98739    1.00000    1.00000
     1.00000   0.999805    29.2486    6.06399    1.00000    1.00000
     1.00000    29.8903   -14.8584   -25.1337    1.00000    1.00000
     1.00000   -20.0891   -1.15732   -3.45199    1.00000    1.00000
     1.00000    4.05386   -17.0767   -3.57298    1.00000    1.00000
     1.00000   -12.1424    14.9044    11.4406    1.00000    1.00000
     1.00000    16.7129   -14.6963   -7.61592    1.00000    1.00000
     1.00000   -9.56282  -0.983803    3.85592    1.00000    1.00000
     1.00000    1.81664   -26.1732   0.554344    1.00000    1.00000
     1.00000   -3.95877    44.4532    3.91235    1.00000    1.00000
     1.00000    13.3106   -13.9781   -21.8670    1.00000    1.00000
     1.00000   -18.7338    8.99963   -6.40618    1.00000    1.00000
     1.00000    2.15473   -9.55554   -9.72707    1.00000    1.00000
     1.00000   -1.62461    36.9379    18.0241    1.00000    1.00000
     1.00000    9.04505   -17.7146   -9.54275    1.00000    1.00000
     1.00000   -1.14665    1.29684    9.69643    1.00000    1.00000
     1.00000  -0.720673   -13.4733   0.810684    1.00000    1.00000
     1.00000    5.22000    31.2073    12.6978    1.00000    1.00000
     1.00000    29.1745   -21.1562   -17.1735    1.00000    1.00000
     1.00000   -17.7427   0.703239    5.66116    1.00000    1.00000
     1.00000    7.17650   -6.03432   -5.22722    1.00000    1.00000
     1.00000   -3.89660    8.17237    15.3996    1.00000    1.00000
     1.00000    18.5320  -10.42100  -10.01447    1.00000    1.00000
     1.00000  -10.41369   0.932701    8.98663    1.00000    1.00000
     1.00000   -9.39175   -26.0508   -1.30534    1.00000    1.00000
     1.00000   -7.04567    35.8457    11.4351    1.00000    1.00000
     1.00000    21.1747   -11.3206   -23.9462    1.00000    1.00000
     1.00000   -25.2916    3.01646   -1.22506    1.00000    1.00000
     1.00000    5.21672   -3.02244  -0.955948    1.00000    1.00000
     1.00000   -2.64509    28.0243    22.4841    1.00000    1.00000
     1.00000    8.43486   -24.7132   -11.7670    1.00000    1.00000
     1.00000   -3.36816  -0.459084    16.3361    1.00000    1.00000
     1.00000    2.97405   -13.0115  -0.750313    1.00000    1.00000
     1.00000    8.41560E-02    29.3257    12.2896    1.00000    1.00000
     1.00000    27.4907   -19.4179   -22.9510    1.00000    1.00000
     1.00000   -14.1682   -3.83553   -2.36442    1.00000    1.00000
     1.00000    9.79734   -22.3370   -4.34747    1.00000    1.00000
     1.00000   -14.7394    16.9113    19.3231    1.00000    1.00000
     1.00000    12.4155   -19.0047   -9.05215    1.00000    1.00000
     1.00000   -7.08814    2.36727    2.36588E-02    1.00000    1.00000
     1.00000   -3.28244   -21.7065   -2.33009    1.00000    1.00000
     1.00000  -10.21206    41.7136   10.36134    1.00000    1.00000
     1.00000    10.9607   -11.4719   -15.7727    1.00000    1.00000
     1.00000   -19.9482    14.5843   -3.85409    1.00000    1.00000
     1.00000  -0.825184   -8.38133   -12.1866    1.00000    1.00000
     1.00000    2.32494    31.3532    16.5352    1.00000    1.00000
     1.00000    7.95745   -22.0051   -14.8478    1.00000    1.00000
     1.00000   -6.90700   -3.42634    5.36777    1.00000    1.00000
     1.00000   -6.71993   -17.2463    4.23780    1.00000    1.00000
     1.00000    5.94580    29.9494    14.0729    1.00000    1.00000
     1.00000    26.9949   -12.7437   -18.3287    1.00000    1.00000
     1.00000   -22.3371    5.51585    5.68343    1.00000    1.00000
     1.00000    5.26933   -7.58242   -6.49513    1.00000    1.00000
     1.00000   -8.79149    15.1230    19.6023    1.00000    1.00000
     1.00000    12.3985   -8.49520   -11.1126    1.00000    1.00000
     1.00000   -11.1455   -3.09525    10.9775    1.00000    1.00000
     1.00000   -3.72532   -25.0987    3.80806    1.00000    1.00000
     1.00000   -5.17183    37.9292   10.11855    1.00000    1.00000
     1.00000    14.2265   -16.7091   -19.6231    1.00000    1.00000
     1.00000   -20.0972    1.97225   0.848274    1.00000    1.00000
     1.00000   -1.06050   -3.10814   0.656456    1.00000    1.00000
     1.00000   -8.49429    20.7317    18.5471    1.00000    1.00000
     1.00000    7.11244   -24.1351   -6.72151    1.00000    1.00000
     1.00000   -1.82605   -2.06149    13.4459    1.00000    1.00000
     1.00000   -3.59252   -9.67309    4.70370    1.00000    1.00000
     1.00000   -2.21016    32.4008    4.17521    1.00000    1.00000
     1.00000    26.1664   -10.5916   -28.5426    1.00000    1.00000
     1.00000   -14.8099   0.145477    3.52323    1.00000    1.00000
     1.00000    4.77675   -15.9641   -5.06948    1.00000    1.00000
     1.00000   -13.6728    12.4968    17.1378    1.00000    1.00000
     1.00000    14.8427   -14.3986   -8.25906    1.00000    1.00000
     1.00000   -3.45748    3.85036    2.33778    1.00000    1.00000
     1.00000  -0.482944   -25.4147   -3.35120    1.00000    1.00000
     1.00000   -7.13143    40.4672    6.57983    1.00000    1.00000
     1.00000   10.47697   -9.66019   -19.7782    1.00000    1.00000
     1.00000   -19.2661    7.34345   -8.39709    1.00000    1.00000
     1.00000  -0.776001   -5.96821   -2.56992    1.00000    1.00000
     1.00000  -0.756474    29.0503    19.0447    1.00000    1.00000
     1.00000    7.88737   -17.5052   -14.9257    1.00000    1.00000
     1.00000   -5.79342   -5.24339    11.7884    1.00000    1.00000
     1.00000    3.09937   -14.8643   -2.02047    1.00000    1.00000
     1.00000    9.35655    30.8382    9.25709    1.00000    1.00000
     1.00000    30.2290   -17.6703   -17.8953    1.00000    1.00000
     1.00000   -21.7748   -1.31711    9.61471    1.00000    1.00000
     1.00000    6.90956   -6.73198   -9.24709    1.00000    1.00000
     1.00000   -4.92003    14.2163    15.6021    1.00000    1.00000
     1.00000    13.6037  -10.46537   -14.2366    1.00000    1.00000
     1.00000   -13.8634   0.437691    6.31182    1.00000    1.00000
     1.00000   -5.23876   -23.3171    1.16476    1.00000    1.00000
     1.00000   -8.53131    40.4707    13.6083    1.00000    1.00000
     1.00000    23.5911   -12.0384   -19.2805    1.00000    1.00000
     1.00000   -22.0901    5.45432    2.66359    1.00000    1.00000
     1.00000   0.357674   -2.01917  -0.239639    1.00000    1.00000
     1.00000   -6.21715    26.2083    20.1160    1.00000    1.00000
     1.00000    6.61038   -29.3506   -9.21852    1.00000    1.00000
     1.00000   -4.79493    6.88199    14.1636    1.00000    1.00000
     1.00000   -1.64941   -9.49658    4.26424    1.00000    1.00000
     1.00000    1.10689    32.9682    12.9633    1.00000    1.00000
     1.00000    31.8583   -16.0773   -20.9309    1.00000    1.00000
     1.00000   -16.9079   -6.23972   -7.55844E-02    1.00000    1.00000
     1.00000    4.38216   -20.4281   -8.13008    1.00000    1.00000
     1.00000   -14.4729    17.4840    12.4416    1.00000    1.00000
     1.00000    16.5897   -18.5571   -8.76429    1.00000    1.00000
     1.00000   -9.82466    5.43211  -0.727776    1.00000    1.00000
     1.00000   0.353531   -22.6840   -4.71781    1.00000    1.00000
     1.00000   -4.65633    42.4986    10.6175    1.00000    1.00000
     1.00000    16.1093   -13.8125   -18.6752    1.00000    1.00000
     1.00000   -17.5803    14.4650   -8.84820    1.00000    1.00000
     1.00000  -0.951012   -7.83764  -10.26599    1.00000    1.00000
     1.00000    3.99107    31.3462    17.6416    1.00000    1.00000
     1.00000    8.81229   -25.4163   -13.6009    1.00000    1.00000
     1.00000   -4.23335   -2.08335    8.66232    1.00000    1.00000
     1.00000   -2.58570   -19.4778    2.83631    1.00000    1.00000
     1.00000    3.00109    27.6571    14.7118    1.00000    1.00000
     1.00000    24.2676   -13.7506   -16.4972    1.00000    1.00000
     1.00000   -24.7997    8.80252    4.96286    1.00000    1.00000
     1.00000    4.18202   -12.0528   -2.02377    1.00000    1.00000
     1.00000   -4.63871    14.2379    19.3487    1.00000    1.00000
     1.00000    8.70135   -10.8683   -6.52972    1.00000    1.00000
     1.00000   -16.6560  -0.225822    7.84406    1.00000    1.00000
     1.00000    3.11082   -26.6017    4.81766    1.00000    1.00000
     1.00000   -4.15542    37.3645    4.47622    1.00000    1.00000
     1.00000    18.9160   -15.6165   -22.0057    1.00000    1.00000
     1.00000   -20.4278    7.06051   -3.22739    1.00000    1.00000
     1.00000   -7.05944   -2.86088   -5.28561    1.00000    1.00000
     1.00000   -5.14279    17.7033    18.1811    1.00000    1.00000
     1.00000    8.37424   -27.2844   -5.88848    1.00000    1.00000
     1.00000   -1.92635   -5.37263    13.5650    1.00000    1.00000
     1.00000   -7.70852   -5.61662    7.77418    1.00000    1.00000
     1.00000    3.02162    28.7781    8.07883    1.00000    1.00000
     1.00000    29.6296   -15.6078   -23.2978    1.00000    1.00000
     1.00000   -18.1087   -2.19254  -0.673592    1.00000    1.00000
     1.00000    2.60229   -20.9702   -5.57598    1.00000    1.00000
     1.00000   -11.8765    14.6606    13.4077    1.00000    1.00000
     1.00000    16.7849   -17.7977   -6.92439    1.00000    1.00000
     1.00000   -7.93093    1.90584    4.04589    1.00000    1.00000
     1.00000    1.60669   -26.7861   -2.90627    1.00000    1.00000
     1.00000   -2.61756    41.8478    4.63564    1.00000    1.00000
     1.00000    13.3491   -14.9470   -18.4120    1.00000    1.00000
     1.00000   -17.1419    9.45378   -5.28371    1.00000    1.00000
     1.00000   0.400806   -9.55665   -4.80033    1.00000    1.00000
     1.00000  -0.854664    33.0917    19.2546    1.00000    1.00000
     1.00000    8.32717   -18.8070   -11.1656    1.00000    1.00000
     1.00000   -1.98532   -1.13029    10.7493    1.00000    1.00000
     1.00000  -0.354351   -15.2616   -1.48293    1.00000    1.00000
     1.00000    5.88554    32.4067    11.2423    1.00000    1.00000
     1.00000    26.9070   -17.7215   -17.5894    1.00000    1.00000
     1.00000   -19.0221    2.07835    4.97408    1.00000    1.00000
     1.00000    8.93868   -6.51759   -3.65774    1.00000    1.00000
     1.00000   -4.63774    9.90394    14.7270    1.00000    1.00000
