     1.00000   -7.97253   -7.77055    5.58437    1.00000    1.00000
     1.00000   -3.35780   -1.54944   -25.9815    1.00000    1.00000
     1.00000    9.73208   -11.8201    28.1531    1.00000    1.00000
     1.00000   -8.03694    9.86250   -38.8062    1.00000    1.00000
     1.00000    1.82878   -13.2768    28.1679    1.00000    1.00000
     1.00000   -14.2250   -1.71356   -10.7307    1.00000    1.00000
     1.00000    6.87966    2.21579    33.1295    1.00000    1.00000
     1.00000    5.15003    24.3541   -30.7635    1.00000    1.00000
     1.00000   -2.99827   -15.5077    10.8174    1.00000    1.00000
     1.00000   -12.3381    4.58167   -22.3212    1.00000    1.00000
     1.00000    13.0868   -20.2304    29.0768    1.00000    1.00000
     1.00000   -2.51656    7.37548   -24.9837    1.00000    1.00000
     1.00000    3.30286   -18.3060    24.0278    1.00000    1.00000
     1.00000   -10.6641   -5.52430   -12.1172    1.00000    1.00000
     1.00000    14.3927    3.96313    32.5412    1.00000    1.00000
     1.00000   -1.54097    31.6756   -33.4757    1.00000    1.00000
     1.00000   -11.0273   0.252960    1.39091    1.00000    1.00000
     1.00000   0.585884    1.69440   -30.7972    1.00000    1.00000
     1.00000    17.3170   -7.82860    32.0189    1.00000    1.00000
     1.00000   -3.09531    11.9381   -27.9594    1.00000    1.00000
     1.00000    2.94685  -10.08265    25.2115    1.00000    1.00000
     1.00000   -13.3285    2.93806   -7.88573    1.00000    1.00000
     1.00000    6.77188    10.8464    40.8165    1.00000    1.00000
     1.00000    1.77394    30.4454   -27.8286    1.00000    1.00000
     1.00000   -8.05163   -18.7977    20.2664    1.00000    1.00000
     1.00000   -5.65649   -4.01436   -18.1856    1.00000    1.00000
     1.00000    12.0417   -16.1368    24.4158    1.00000    1.00000
     1.00000   -4.44995    10.6523   -29.4454    1.00000    1.00000
     1.00000    1.22427   -11.1063    14.9456    1.00000    1.00000
     1.00000   -4.37983   -7.41411   -3.58575    1.00000    1.00000
     1.00000    14.2990    1.19814    31.5540    1.00000    1.00000
     1.00000   -4.01050    16.3474   -28.3932    1.00000    1.00000
     1.00000   -6.50285   -9.20460    7.24688    1.00000    1.00000
     1.00000   -5.54706    1.00293   -27.4822    1.00000    1.00000
     1.00000    14.0399   -12.3120    21.9816    1.00000    1.00000
     1.00000   -4.33180    16.1274   -33.3602    1.00000    1.00000
     1.00000    3.03185   -6.27305    33.1827    1.00000    1.00000
     1.00000   -14.1338   -3.40522   -7.54903    1.00000    1.00000
     1.00000   0.125290    5.61957    36.9649    1.00000    1.00000
     1.00000    2.36107    21.1547   -33.0862    1.00000    1.00000
     1.00000   -5.96214   -18.8198    9.07166    1.00000    1.00000
     1.00000  -10.02473    2.21647   -25.4730    1.00000    1.00000
     1.00000    13.0584   -24.6660    30.3159    1.00000    1.00000
     1.00000   0.264557    16.1854   -22.2115    1.00000    1.00000
     1.00000    5.12807   -17.5407    24.3156    1.00000    1.00000
     1.00000   -4.09907   -12.9556   -12.4386    1.00000    1.00000
     1.00000   10.50903    4.44637    32.3622    1.00000    1.00000
     1.00000   -2.54515    28.3503   -32.2069    1.00000    1.00000
     1.00000   -9.94218   -6.16200   -6.43775    1.00000    1.00000
     1.00000  -0.835472    6.66308   -30.3734    1.00000    1.00000
     1.00000    18.3227   -7.86591    29.2383    1.00000    1.00000
     1.00000   -8.06912    11.4857   -32.3965    1.00000    1.00000
     1.00000    4.08778   -8.23555    26.0560    1.00000    1.00000
     1.00000   -17.1180    7.40176   -6.10817    1.00000    1.00000
     1.00000  -0.878227    5.31387    40.2081    1.00000    1.00000
     1.00000    3.49840    29.9306   -26.9561    1.00000    1.00000
     1.00000    1.45486   -15.5472    15.6845    1.00000    1.00000
     1.00000   -6.54019   -1.73915   -20.4062    1.00000    1.00000
     1.00000   10.08715   -17.9562    24.9776    1.00000    1.00000
     1.00000  -0.438454    12.9968   -32.4553    1.00000    1.00000
     1.00000    4.64839   -9.52795    19.1364    1.00000    1.00000
     1.00000   -2.23721   -12.6389   -5.56081    1.00000    1.00000
     1.00000    9.04566   -4.22221    23.2590    1.00000    1.00000
     1.00000   -1.84335    25.4849   -25.7809    1.00000    1.00000
     1.00000   -8.63359   -3.11652   0.514877    1.00000    1.00000
     1.00000   -2.37195   -1.37527   -29.9136    1.00000    1.00000
     1.00000    8.75436   -8.48840    26.3213    1.00000    1.00000
     1.00000   -7.83980    12.0302   -37.8893    1.00000    1.00000
     1.00000    6.35026   -7.12215    33.7654    1.00000    1.00000
     1.00000   -15.2934   -5.48851  -10.36623    1.00000    1.00000
     1.00000    7.79841    2.80376    35.7124    1.00000    1.00000
     1.00000    5.01790    23.2521   -37.1376    1.00000    1.00000
     1.00000   -6.85070   -15.1083    11.4422    1.00000    1.00000
     1.00000   -16.9585    2.71266   -19.2306    1.00000    1.00000
     1.00000    8.87548   -22.2326    31.4107    1.00000    1.00000
     1.00000   -2.91650    8.55638   -23.4199    1.00000    1.00000
     1.00000    6.36902   -23.4340    23.8611    1.00000    1.00000
     1.00000   -7.07832   -8.01383   -9.50750    1.00000    1.00000
     1.00000    10.8879    7.33197    32.2071    1.00000    1.00000
     1.00000   0.295914    28.8969   -32.1758    1.00000    1.00000
     1.00000   -8.40133  -0.627930   -4.46179    1.00000    1.00000
     1.00000    3.68638    1.79877   -33.3279    1.00000    1.00000
     1.00000    14.3168   -7.54529    29.8885    1.00000    1.00000
     1.00000   0.196892    16.0167   -28.0373    1.00000    1.00000
     1.00000   0.237518   -11.8045    26.1040    1.00000    1.00000
     1.00000  -10.54948    1.02299   -7.70232    1.00000    1.00000
     1.00000    5.84205    9.38605    41.8179    1.00000    1.00000
     1.00000    4.43096    29.6228   -29.4982    1.00000    1.00000
     1.00000  -0.565041   -18.5825    14.8307    1.00000    1.00000
     1.00000   -4.25074   -8.90140   -17.2764    1.00000    1.00000
     1.00000    8.38619   -16.6058    23.1925    1.00000    1.00000
     1.00000   -7.10343    11.1680   -28.0158    1.00000    1.00000
     1.00000   0.579269   -9.44259    17.1144    1.00000    1.00000
     1.00000   -9.17937  -10.33008   -4.64500    1.00000    1.00000
     1.00000    12.9683   -2.51987    30.9577    1.00000    1.00000
     1.00000   -3.29221    20.9995   -30.3326    1.00000    1.00000
     1.00000   -5.03384   -12.4893    5.12745    1.00000    1.00000
     1.00000   -5.25225    3.60226   -29.9936    1.00000    1.00000
     1.00000    11.6218   -12.8924    26.6837    1.00000    1.00000
     1.00000   -7.17261    14.2686   -33.7527    1.00000    1.00000
     1.00000    7.27219   -3.39228    28.1725    1.00000    1.00000
     1.00000   -16.0005  -0.512848   -6.74979    1.00000    1.00000
     1.00000    1.80893    2.35294    37.6420    1.00000    1.00000
     1.00000    5.11872    21.3644   -34.1035    1.00000    1.00000
     1.00000   -2.30083   -19.4772    9.59389    1.00000    1.00000
     1.00000   -8.13906   0.487076   -22.8502    1.00000    1.00000
     1.00000    12.6476   -22.8366    25.1267    1.00000    1.00000
     1.00000    1.02699    16.0872   -20.0278    1.00000    1.00000
     1.00000    5.46915   -11.2451    20.7006    1.00000    1.00000
     1.00000   -6.93396   -9.20630   -13.8539    1.00000    1.00000
     1.00000   10.11715    5.61846    36.0541    1.00000    1.00000
     1.00000   -3.57637    24.2019   -32.4684    1.00000    1.00000
     1.00000   -6.37086   -4.83552   -6.16558    1.00000    1.00000
     1.00000   -1.40723    3.43790   -30.4189    1.00000    1.00000
     1.00000    19.5462   -12.3902    26.3755    1.00000    1.00000
     1.00000   -8.01498    16.4295   -32.2825    1.00000    1.00000
     1.00000    6.97762   -7.58292    23.4597    1.00000    1.00000
     1.00000   -11.4520    3.62398   -6.86971    1.00000    1.00000
     1.00000    2.14005    8.85781    41.2464    1.00000    1.00000
     1.00000    4.20031    25.6132   -27.1455    1.00000    1.00000
     1.00000   0.836723   -14.7296    11.1898    1.00000    1.00000
     1.00000   -6.35928  -0.236221   -18.3702    1.00000    1.00000
     1.00000    11.7217   -18.6016    23.1313    1.00000    1.00000
     1.00000  -0.904327    9.02502   -26.9939    1.00000    1.00000
     1.00000    3.27200   -16.4427    20.3435    1.00000    1.00000
     1.00000   -5.81378   -8.90456   -6.94061    1.00000    1.00000
     1.00000    10.9966   -5.40996    29.4259    1.00000    1.00000
     1.00000   -2.50612    30.4099   -27.5619    1.00000    1.00000
     1.00000   -8.43312   -5.78002    2.64097    1.00000    1.00000
     1.00000   -5.72848  -0.983643   -27.3385    1.00000    1.00000
     1.00000    9.60210  -10.02560    27.2795    1.00000    1.00000
     1.00000   -5.39269    8.79449   -38.9628    1.00000    1.00000
     1.00000    2.70361   -11.3141    29.6615    1.00000    1.00000
     1.00000   -12.6229   -2.21262   -11.8189    1.00000    1.00000
     1.00000    6.85126   0.786591    34.7910    1.00000    1.00000
     1.00000    4.88060    23.5274   -34.3617    1.00000    1.00000
     1.00000   -1.77525   -13.9187    9.62492    1.00000    1.00000
     1.00000   -14.1828    5.03595   -19.0464    1.00000    1.00000
     1.00000    14.7200   -19.1203    29.3937    1.00000    1.00000
     1.00000   -6.48006    7.11189   -25.7238    1.00000    1.00000
     1.00000    1.45995   -17.9412    23.1690    1.00000    1.00000
     1.00000   -9.40499   -6.10228   -10.6747    1.00000    1.00000
     1.00000    11.9147    4.20206    30.2122    1.00000    1.00000
     1.00000  -0.478867    30.9314   -31.8552    1.00000    1.00000
     1.00000  -10.44177   -1.52809   0.694473    1.00000    1.00000
     1.00000    1.71534    4.05540   -27.7413    1.00000    1.00000
     1.00000    16.2515   -9.35558    32.7490    1.00000    1.00000
     1.00000   -3.53815    14.5196   -29.0537    1.00000    1.00000
     1.00000  -0.609489   -14.1151    24.2144    1.00000    1.00000
     1.00000   -11.9044    1.73026   -6.41238    1.00000    1.00000
     1.00000    8.75332    11.0324    40.6182    1.00000    1.00000
     1.00000    2.81596    30.8025   -29.4980    1.00000    1.00000
     1.00000   -4.94339   -16.7143    17.0142    1.00000    1.00000
     1.00000   -7.05808   -5.86369   -15.5085    1.00000    1.00000
     1.00000    9.78152   -14.5921    25.9949    1.00000    1.00000
     1.00000   -4.71156    8.66978   -29.4091    1.00000    1.00000
     1.00000    4.22836   -13.1124    15.3094    1.00000    1.00000
     1.00000   -4.92381   -11.3646   -2.49909    1.00000    1.00000
     1.00000    13.0886  -0.392822    31.4935    1.00000    1.00000
     1.00000   -2.57188    18.4382   -28.9070    1.00000    1.00000
     1.00000   -5.63651   -9.33344    9.04490    1.00000    1.00000
     1.00000   -4.46928    2.48164   -22.8265    1.00000    1.00000
     1.00000    12.6295  -10.42594    21.8913    1.00000    1.00000
     1.00000   -3.57444    14.4355   -31.0516    1.00000    1.00000
     1.00000    4.70722   -4.76318    31.7510    1.00000    1.00000
     1.00000   -12.6142  -0.836349   -8.50710    1.00000    1.00000
     1.00000    2.76174    6.62633    36.3562    1.00000    1.00000
     1.00000    3.48059    22.2002   -34.8895    1.00000    1.00000
     1.00000   -6.62237   -18.1301    10.8290    1.00000    1.00000
     1.00000   -9.87069    3.76659   -24.2187    1.00000    1.00000
     1.00000    14.9949   -24.4769    28.1965    1.00000    1.00000
     1.00000  -0.318214    14.2899   -21.9517    1.00000    1.00000
     1.00000    4.70165   -15.5015    21.8364    1.00000    1.00000
     1.00000   -5.04588   -11.2846   -11.8806    1.00000    1.00000
     1.00000   10.19836    2.30043    32.8555    1.00000    1.00000
     1.00000   -6.91049    29.8655   -34.7756    1.00000    1.00000
     1.00000  -10.04048   -6.51547   -8.58412    1.00000    1.00000
     1.00000   -2.11052    6.48943   -31.9044    1.00000    1.00000
     1.00000    20.3720   -9.87579    27.0968    1.00000    1.00000
     1.00000   -9.85641    10.7515   -34.5284    1.00000    1.00000
     1.00000    1.14103   -9.01344    29.5358    1.00000    1.00000
     1.00000   -19.3722    7.22584   -7.86712    1.00000    1.00000
     1.00000   -2.06450    6.96807    41.6673    1.00000    1.00000
     1.00000    3.21712    31.8588   -23.4877    1.00000    1.00000
     1.00000    2.11593   -19.3526    15.9875    1.00000    1.00000
     1.00000   -3.45133   -3.07439   -20.4249    1.00000    1.00000
     1.00000    6.87506   -17.4792    26.9178    1.00000    1.00000
     1.00000   -2.43560    12.1998   -31.0187    1.00000    1.00000
     1.00000    2.11913   -9.71875    19.7693    1.00000    1.00000
     1.00000   -1.86427   -8.07681   -8.04764    1.00000    1.00000
     1.00000    9.64896   -7.55942    24.2461    1.00000    1.00000
     1.00000   -2.96957    22.8815   -25.5956    1.00000    1.00000
     1.00000   -11.2093   -7.16752    1.05623    1.00000    1.00000
     1.00000   -3.32766  -0.338242   -28.0573    1.00000    1.00000
     1.00000    6.90319   -8.03491    29.4405    1.00000    1.00000
     1.00000   -8.70741    11.6559   -36.1266    1.00000    1.00000
     1.00000    4.45002   -8.54448    30.8043    1.00000    1.00000
     1.00000   -14.3198   -4.41475   -11.7444    1.00000    1.00000
     1.00000    7.02146   0.836166    36.7832    1.00000    1.00000
     1.00000    4.39321    25.4882   -33.0139    1.00000    1.00000
     1.00000   -4.18642   -13.2567    11.3846    1.00000    1.00000
     1.00000   -17.6953    3.77261   -20.7582    1.00000    1.00000
     1.00000    12.1126   -19.9674    32.0893    1.00000    1.00000
     1.00000   -1.25403    11.8767   -23.9162    1.00000    1.00000
     1.00000    3.71564   -20.2371    24.3449    1.00000    1.00000
     1.00000   -3.33442  -10.02131   -8.44624    1.00000    1.00000
     1.00000    10.9334    5.78600    30.9391    1.00000    1.00000
     1.00000   -1.12658    28.5554   -30.8120    1.00000    1.00000
     1.00000   -7.51633   -1.85904   -1.62556    1.00000    1.00000
     1.00000    1.60477    4.27946   -32.1064    1.00000    1.00000
     1.00000    12.6202   -8.49719    30.3528    1.00000    1.00000
     1.00000   -1.65921    15.6896   -27.3681    1.00000    1.00000
     1.00000   -2.43060   -13.9186    26.4689    1.00000    1.00000
     1.00000   -9.90398   -3.35846E-02   -9.27299    1.00000    1.00000
     1.00000    3.91671    9.52879    40.6193    1.00000    1.00000
     1.00000    5.20983    28.1638   -27.9921    1.00000    1.00000
     1.00000   -2.11557   -16.9338    17.4062    1.00000    1.00000
     1.00000   -1.09419   -4.31694   -18.1962    1.00000    1.00000
     1.00000    6.13555   -14.3992    27.0354    1.00000    1.00000
     1.00000   -6.56387    11.9683   -26.2641    1.00000    1.00000
     1.00000  -0.403511   -9.16350    20.3495    1.00000    1.00000
     1.00000   -7.64229   -9.13365   -5.09882    1.00000    1.00000
     1.00000    11.9154   -2.22105    28.2727    1.00000    1.00000
     1.00000   -1.93605    21.5407   -27.0616    1.00000    1.00000
     1.00000   -4.34025   -14.6638    7.34348    1.00000    1.00000
     1.00000   -4.80787    4.74704   -26.4368    1.00000    1.00000
     1.00000    11.3193   -10.7730    24.8637    1.00000    1.00000
     1.00000   -5.89722    15.3496   -36.5383    1.00000    1.00000
     1.00000    4.03764   -3.44315    30.4060    1.00000    1.00000
     1.00000   -13.8876   -2.54082   -4.90274    1.00000    1.00000
     1.00000    2.51359    3.63106    34.3154    1.00000    1.00000
     1.00000    6.42445    22.2140   -38.1157    1.00000    1.00000
     1.00000  -0.226295   -18.5044    10.9035    1.00000    1.00000
     1.00000   -6.40094   -2.37555   -22.8083    1.00000    1.00000
     1.00000    14.5206   -24.6461    26.2609    1.00000    1.00000
     1.00000    3.32693    13.1648   -20.1539    1.00000    1.00000
     1.00000    4.75964   -9.46872    21.2846    1.00000    1.00000
     1.00000   -7.71474   -7.54066   -14.6388    1.00000    1.00000
     1.00000   10.50009    2.68559    37.3067    1.00000    1.00000
     1.00000   -5.12212    25.9425   -32.4025    1.00000    1.00000
     1.00000   -8.80631   -3.43157   -4.12607    1.00000    1.00000
     1.00000  -0.756561    5.43088   -27.7735    1.00000    1.00000
     1.00000    23.0127   -13.8732    27.0809    1.00000    1.00000
     1.00000   -6.06573    13.4774   -31.1020    1.00000    1.00000
     1.00000    5.71695   -8.16797    24.8979    1.00000    1.00000
     1.00000   -13.7533    5.91234   -5.67232    1.00000    1.00000
     1.00000   -1.24094    8.23506    39.2888    1.00000    1.00000
     1.00000    3.23694    26.5429   -25.4203    1.00000    1.00000
     1.00000   0.682121   -17.3370    13.0896    1.00000    1.00000
     1.00000   -9.04176   -2.99071   -19.7513    1.00000    1.00000
     1.00000    13.2754   -22.1304    22.4966    1.00000    1.00000
     1.00000   -6.18744E-03    9.77122   -29.8552    1.00000    1.00000
     1.00000    2.46189   -14.6318    20.0899    1.00000    1.00000
     1.00000   -3.95739   -11.3622   -7.01757    1.00000    1.00000
     1.00000    11.6724   -3.85835    26.1148    1.00000    1.00000
     1.00000   -2.29460    27.9945   -26.5691    1.00000    1.00000
     1.00000   -6.64059   -9.22495    5.25174    1.00000    1.00000
     1.00000   -4.60422  -0.315964   -25.0198    1.00000    1.00000
     1.00000    9.40968   -10.6766    29.7619    1.00000    1.00000
     1.00000   -7.14629    8.16506   -38.2357    1.00000    1.00000
     1.00000    2.11267   -11.4216    27.4768    1.00000    1.00000
     1.00000   -13.4830    5.86700E-02   -11.2863    1.00000    1.00000
     1.00000    6.64780    1.68880    31.2141    1.00000    1.00000
     1.00000    6.07930    25.0207   -29.1227    1.00000    1.00000
     1.00000   -1.15652   -14.8729    11.2701    1.00000    1.00000
     1.00000   -12.2268    6.57425   -22.4525    1.00000    1.00000
     1.00000    14.7513   -21.3279    29.2339    1.00000    1.00000
     1.00000   -3.41832    6.22708   -26.3505    1.00000    1.00000
     1.00000    3.03876   -18.4472    22.0504    1.00000    1.00000
     1.00000   -11.7210   -3.86744   -12.4883    1.00000    1.00000
     1.00000    14.3024    3.03819    30.7702    1.00000    1.00000
     1.00000   -1.21749    33.6411   -33.2959    1.00000    1.00000
     1.00000   -12.7234  -0.548447    2.08448    1.00000    1.00000
     1.00000    1.47698    3.41641   -30.3067    1.00000    1.00000
     1.00000    16.8228   -7.02174    30.2569    1.00000    1.00000
     1.00000   -2.28208    13.7471   -27.7026    1.00000    1.00000
     1.00000    2.51656   -11.7568    24.2055    1.00000    1.00000
     1.00000   -12.2198    2.53969   -9.50198    1.00000    1.00000
     1.00000    6.17926    12.6439    40.1703    1.00000    1.00000
     1.00000   -6.73676E-02    30.5782   -28.5980    1.00000    1.00000
     1.00000   -6.89284   -19.4074    18.7547    1.00000    1.00000
     1.00000   -5.13381   -5.44841   -16.8932    1.00000    1.00000
     1.00000    11.7585   -14.6252    25.6943    1.00000    1.00000
     1.00000   -2.54427   10.29376   -28.9556    1.00000    1.00000
     1.00000    2.26849   -9.89020    16.1417    1.00000    1.00000
     1.00000   -4.89419   -8.95959   -2.42520    1.00000    1.00000
     1.00000    15.9712    1.90387    32.3941    1.00000    1.00000
     1.00000   -4.62866    16.6912   -26.5225    1.00000    1.00000
     1.00000   -5.44638   -10.8809    7.51862    1.00000    1.00000
     1.00000   -5.22890    2.71258   -26.4944    1.00000    1.00000
     1.00000    12.2838   -12.1981    21.0311    1.00000    1.00000
     1.00000   -2.42877    16.3940   -32.8058    1.00000    1.00000
     1.00000    3.74904   -6.54904    31.3363    1.00000    1.00000
     1.00000   -14.7521   -1.99160   -8.82156    1.00000    1.00000
     1.00000    1.48472    4.57798    37.9979    1.00000    1.00000
     1.00000    3.45649    19.7025   -33.9176    1.00000    1.00000
     1.00000   -4.01225   -18.4718    9.34876    1.00000    1.00000
     1.00000   -9.14357   0.664352   -24.5706    1.00000    1.00000
     1.00000    12.7425   -26.0233    28.8814    1.00000    1.00000
     1.00000   0.924591    14.8997   -23.5939    1.00000    1.00000
     1.00000    5.95156   -16.8457    22.6307    1.00000    1.00000
     1.00000   -3.43938   -13.3016   -10.5825    1.00000    1.00000
     1.00000    10.9469    3.63925    34.1390    1.00000    1.00000
     1.00000   -4.19503    28.4229   -33.3350    1.00000    1.00000
     1.00000   -8.60442   -5.17921   -7.55332    1.00000    1.00000
     1.00000   -1.13319    8.34214   -31.4184    1.00000    1.00000
     1.00000    19.6405   -7.21941    30.5968    1.00000    1.00000
     1.00000   -8.96421    13.1692   -31.7925    1.00000    1.00000
     1.00000    2.11094   -8.52507    26.1470    1.00000    1.00000
     1.00000   -15.3287    7.57954   -6.98370    1.00000    1.00000
     1.00000  -0.840279    5.13507    42.1997    1.00000    1.00000
     1.00000    3.32487    31.0731   -25.3237    1.00000    1.00000
     1.00000    2.63854   -13.9999    16.1370    1.00000    1.00000
     1.00000   -4.91808   -2.21216   -21.4762    1.00000    1.00000
     1.00000    9.82552   -17.9803    22.9949    1.00000    1.00000
     1.00000   0.884933    11.7050   -31.6939    1.00000    1.00000
     1.00000    3.02370   -9.71760    17.9856    1.00000    1.00000
     1.00000   -1.23533   -10.9266   -5.81422    1.00000    1.00000
     1.00000    10.6827   -3.97270    24.3806    1.00000    1.00000
     1.00000   -3.53032    24.6177   -26.4149    1.00000    1.00000
     1.00000   -9.54445   -4.64816    1.42284    1.00000    1.00000
     1.00000  -0.544205   -1.38469   -30.7256    1.00000    1.00000
     1.00000    7.26340   -8.78355    27.6212    1.00000    1.00000
     1.00000   -9.14952    11.4536   -39.2865    1.00000    1.00000
     1.00000    5.18884   -8.30593    32.6474    1.00000    1.00000
     1.00000   -15.5420   -6.89535   -11.7659    1.00000    1.00000
     1.00000    7.14443    2.86115    37.6016    1.00000    1.00000
     1.00000    5.43643    24.8881   -36.0661    1.00000    1.00000
     1.00000   -4.94044   -15.0317    10.8548    1.00000    1.00000
     1.00000   -16.1146    4.51887   -19.0713    1.00000    1.00000
     1.00000    8.85620   -20.6942    30.1328    1.00000    1.00000
     1.00000   -1.48621    9.89197   -23.8328    1.00000    1.00000
     1.00000    5.94909   -21.9859    25.1751    1.00000    1.00000
     1.00000   -6.53539   -9.81036  -10.19866    1.00000    1.00000
     1.00000    11.4356    7.96622    34.0231    1.00000    1.00000
     1.00000   0.786873    28.1583   -30.3832    1.00000    1.00000
     1.00000   -9.65139   -1.98991   -5.22491    1.00000    1.00000
     1.00000    2.54683   0.468674   -32.3623    1.00000    1.00000
     1.00000    15.5172   -6.24586    28.9556    1.00000    1.00000
     1.00000    1.45824    14.4806   -27.8155    1.00000    1.00000
     1.00000   -1.39827   -12.6474    25.3207    1.00000    1.00000
     1.00000   -10.8833  -0.939583   -7.51035    1.00000    1.00000
     1.00000    4.39584    10.7279    42.1466    1.00000    1.00000
     1.00000    5.46115    28.2760   -30.5588    1.00000    1.00000
     1.00000  -0.469902   -17.7981    16.6681    1.00000    1.00000
     1.00000   -3.85171   -6.94181   -17.2482    1.00000    1.00000
     1.00000    6.79096   -16.2426    24.3429    1.00000    1.00000
     1.00000   -6.34798    9.38245   -28.5068    1.00000    1.00000
     1.00000  -0.362152   -8.36876    18.5147    1.00000    1.00000
     1.00000   -9.56648  -10.48245   -6.60125    1.00000    1.00000
     1.00000    12.0897   -1.06891    29.8982    1.00000    1.00000
     1.00000   -3.06660    19.5588   -31.7014    1.00000    1.00000
     1.00000   -3.74444   -12.3393    3.60596    1.00000    1.00000
     1.00000   -4.97218    5.07333   -28.6679    1.00000    1.00000
     1.00000    11.8205   -11.7070    28.2822    1.00000    1.00000
     1.00000   -6.07117    13.1808   -35.0191    1.00000    1.00000
     1.00000    5.44575   -3.37535    28.9873    1.00000    1.00000
     1.00000   -15.2857   -2.33000   -6.31731    1.00000    1.00000
     1.00000    3.71832    2.90991    37.4322    1.00000    1.00000
     1.00000    5.82411    19.9833   -35.3664    1.00000    1.00000
     1.00000   -1.55251   -17.7524    8.91202    1.00000    1.00000
     1.00000   -6.90150  -0.631317   -23.9537    1.00000    1.00000
     1.00000    14.0203   -24.0986    24.4035    1.00000    1.00000
     1.00000    1.74371    14.2648   -19.6214    1.00000    1.00000
     1.00000    4.61062   -12.7578    21.6878    1.00000    1.00000
     1.00000   -5.56404  -10.50101   -14.5225    1.00000    1.00000
     1.00000    9.54422    3.76739    35.5588    1.00000    1.00000
     1.00000   -3.94213    25.3752   -30.8906    1.00000    1.00000
     1.00000   -6.63461   -4.68636   -8.14249    1.00000    1.00000
     1.00000   -1.39861    1.51520   -30.9695    1.00000    1.00000
     1.00000    21.0022   -11.7144    27.5686    1.00000    1.00000
     1.00000   -7.65127    14.6416   -31.4635    1.00000    1.00000
     1.00000    5.99317   -6.25397    22.3351    1.00000    1.00000
     1.00000   -11.8588    5.29674   -5.85172    1.00000    1.00000
     1.00000   0.581535    8.62392    40.0150    1.00000    1.00000
     1.00000    2.77555    24.7092   -26.0718    1.00000    1.00000
     1.00000    1.02734   -15.3671    13.0759    1.00000    1.00000
     1.00000   -8.02032   -1.34844   -18.3081    1.00000    1.00000
     1.00000    12.8201   -20.2722    23.0796    1.00000    1.00000
     1.00000   -2.57173    7.97092   -27.3235    1.00000    1.00000
     1.00000    3.68778   -18.3903    20.1595    1.00000    1.00000
     1.00000   -4.69244   -9.30421   -5.33347    1.00000    1.00000
     1.00000    12.6496   -6.53579    29.4398    1.00000    1.00000
     1.00000   -3.42444    29.5468   -26.0090    1.00000    1.00000
     1.00000   -9.03312   -7.08344    4.03419    1.00000    1.00000
     1.00000   -4.14018   -2.13554   -27.7263    1.00000    1.00000
     1.00000    8.72999   -11.0115    25.7737    1.00000    1.00000
     1.00000   -3.84706    8.39496   -40.1676    1.00000    1.00000
     1.00000    3.63577   -12.9362    28.9545    1.00000    1.00000
     1.00000   -13.6937   -2.99879   -13.3140    1.00000    1.00000
     1.00000    5.64034    2.37520    34.6911    1.00000    1.00000
     1.00000    4.36485    23.5756   -32.4300    1.00000    1.00000
     1.00000   -2.76189   -15.2003    8.44847    1.00000    1.00000
     1.00000   -13.4407    4.18935   -20.6994    1.00000    1.00000
     1.00000    13.2737   -19.0118    30.7708    1.00000    1.00000
     1.00000   -5.07143    7.02840   -27.1411    1.00000    1.00000
     1.00000   0.901283   -19.4630    24.3404    1.00000    1.00000
     1.00000   -8.31100   -7.73229   -11.0571    1.00000    1.00000
     1.00000    12.4540    3.77034    32.0891    1.00000    1.00000
     1.00000  -0.363548    30.0690   -33.6561    1.00000    1.00000
     1.00000   -9.57748   -2.18797  -0.984085    1.00000    1.00000
     1.00000   0.901802    5.03554   -29.2832    1.00000    1.00000
     1.00000    16.1639   -8.84579    34.6810    1.00000    1.00000
     1.00000   -5.19411    14.4351   -27.9354    1.00000    1.00000
     1.00000    1.05743   -13.0723    24.5804    1.00000    1.00000
     1.00000   -13.7152    1.16464   -7.04581    1.00000    1.00000
     1.00000    8.86095    13.0205    40.8077    1.00000    1.00000
     1.00000    3.24517    32.7517   -29.3690    1.00000    1.00000
     1.00000   -6.50117   -17.6994    17.7907    1.00000    1.00000
     1.00000   -5.13938   -5.90225   -14.9454    1.00000    1.00000
     1.00000    8.40476   -15.6108    27.0278    1.00000    1.00000
     1.00000   -5.62225    6.92353   -29.0609    1.00000    1.00000
     1.00000    3.57190   -11.2267    15.4242    1.00000    1.00000
     1.00000   -3.67970  -10.14592   -3.48238    1.00000    1.00000
     1.00000    11.4020   0.516037    32.0676    1.00000    1.00000
     1.00000   -4.02173    17.5696   -29.9763    1.00000    1.00000
     1.00000   -3.89237   -8.96294    9.95083    1.00000    1.00000
     1.00000   -5.15611    1.97729   -24.6358    1.00000    1.00000
     1.00000    11.7165   -9.47474    23.3952    1.00000    1.00000
     1.00000   -3.40759    14.3822   -33.0439    1.00000    1.00000
     1.00000    4.93524   -5.73727    33.4828    1.00000    1.00000
     1.00000   -12.4312   -2.82623   -8.42413    1.00000    1.00000
     1.00000    1.34289    7.02068    37.7095    1.00000    1.00000
     1.00000    3.60995    20.4142   -35.7803    1.00000    1.00000
     1.00000   -5.00202   -19.2846    11.0331    1.00000    1.00000
     1.00000   -10.6766    3.47204   -22.4121    1.00000    1.00000
     1.00000    14.2278   -23.2306    29.5596    1.00000    1.00000
     1.00000    3.28064E-02    13.4019   -20.1944    1.00000    1.00000
     1.00000    3.48185   -14.1223    22.6173    1.00000    1.00000
     1.00000   -6.01362   -9.54964   -12.1117    1.00000    1.00000
     1.00000    9.31658   0.515884    33.0501    1.00000    1.00000
     1.00000   -4.91930    29.7875   -34.6051    1.00000    1.00000
     1.00000   -8.11414   -6.35287   -9.09674    1.00000    1.00000
     1.00000   -2.98347    8.01598   -32.8571    1.00000    1.00000
     1.00000    18.8984   -9.59770    28.4201    1.00000    1.00000
     1.00000   -8.15406   10.03027   -33.7656    1.00000    1.00000
     1.00000   0.748253   -8.77751    27.5890    1.00000    1.00000
     1.00000   -18.3213    5.93997   -6.75256    1.00000    1.00000
     1.00000   -2.64020    5.08277    41.3293    1.00000    1.00000
     1.00000    2.63404    29.9497   -23.6116    1.00000    1.00000
     1.00000    1.95001   -17.4587    15.3667    1.00000    1.00000
     1.00000   -2.78610   -2.45042   -18.6450    1.00000    1.00000
     1.00000    8.30124   -17.2490    25.5347    1.00000    1.00000
     1.00000  -0.898026    10.9359   -31.2147    1.00000    1.00000
     1.00000    2.09740   -11.7184    19.7413    1.00000    1.00000
     1.00000   -1.54527   -9.98824   -7.55302    1.00000    1.00000
     1.00000    9.96154   -5.98776    23.0493    1.00000    1.00000
     1.00000   -1.03400    23.0296   -26.0770    1.00000    1.00000
     1.00000  -10.11745   -5.89409   -3.29590E-02    1.00000    1.00000
     1.00000   -2.61618   0.595551   -29.6765    1.00000    1.00000
     1.00000    5.80163   -6.39139    29.7327    1.00000    1.00000
     1.00000   -6.82415    11.3933   -35.5066    1.00000    1.00000
     1.00000    2.73520   -9.55615    30.6148    1.00000    1.00000
     1.00000   -15.1861   -3.40132  -10.25357    1.00000    1.00000
     1.00000    5.42230    1.86313    37.4061    1.00000    1.00000
     1.00000    5.96178    25.5496   -34.2532    1.00000    1.00000
     1.00000   -5.89822   -13.0576   10.36966    1.00000    1.00000
     1.00000   -16.1470    4.33001   -21.8949    1.00000    1.00000
     1.00000   10.52135   -20.8245    31.2330    1.00000    1.00000
     1.00000   -1.05354    12.4308   -22.0050    1.00000    1.00000
     1.00000    4.72272   -21.7992    23.6063    1.00000    1.00000
     1.00000   -4.65313   -9.29396   -9.76229    1.00000    1.00000
     1.00000    9.94843    4.94174    29.4169    1.00000    1.00000
     1.00000   -1.69418    29.5757   -29.1882    1.00000    1.00000
     1.00000   -9.09621   -1.48400   -2.79317    1.00000    1.00000
     1.00000    3.27387    3.73818   -33.0661    1.00000    1.00000
     1.00000    12.6242  -10.09212    29.1461    1.00000    1.00000
     1.00000   -1.42304    14.8216   -29.1543    1.00000    1.00000
     1.00000   -2.87046   -15.1715    24.9733    1.00000    1.00000
     1.00000   -9.55962   -2.00159   -9.18166    1.00000    1.00000
     1.00000    4.70190    9.33623    38.7900    1.00000    1.00000
     1.00000    6.26592    27.0087   -29.2373    1.00000    1.00000
     1.00000   -3.63421   -18.2165    17.1860    1.00000    1.00000
     1.00000   -2.20852   -5.91479   -17.7433    1.00000    1.00000
     1.00000    7.40095   -14.7507    25.5270    1.00000    1.00000
     1.00000   -8.00325    11.9737   -24.8755    1.00000    1.00000
     1.00000   -1.21058   -8.31883    21.9728    1.00000    1.00000
     1.00000   -6.10479   -8.15373   -4.27673    1.00000    1.00000
     1.00000    11.8973   -1.03641    26.6614    1.00000    1.00000
     1.00000   -2.37980    20.4126   -28.6524    1.00000    1.00000
     1.00000   -4.86372   -12.7485    7.10327    1.00000    1.00000
     1.00000   -6.28052    4.02254   -27.5798    1.00000    1.00000
     1.00000    11.5145  -10.38219    26.8154    1.00000    1.00000
     1.00000   -5.44085    15.0357   -34.6165    1.00000    1.00000
     1.00000    2.34833   -2.45069    30.0044    1.00000    1.00000
     1.00000   -12.2356   -2.04092   -3.89225    1.00000    1.00000
     1.00000    2.04530    3.77393    36.2546    1.00000    1.00000
     1.00000    6.09364    20.4182   -37.2999    1.00000    1.00000
     1.00000   -1.15072   -16.7571    10.5996    1.00000    1.00000
     1.00000   -5.08241  -0.916611   -23.1730    1.00000    1.00000
     1.00000    14.9784   -22.7738    25.7272    1.00000    1.00000
     1.00000    5.20013    13.3989   -19.4934    1.00000    1.00000
     1.00000    6.35933   -8.34968    21.7190    1.00000    1.00000
     1.00000   -9.14679   -8.86020   -14.1826    1.00000    1.00000
     1.00000    11.4591    4.16946    36.3695    1.00000    1.00000
     1.00000   -5.96037    27.7347   -32.6948    1.00000    1.00000
     1.00000   -8.29283   -4.60297   -5.66365    1.00000    1.00000
     1.00000   -1.78568    5.15514   -29.4661    1.00000    1.00000
     1.00000    21.3490   -13.5946    28.1554    1.00000    1.00000
     1.00000   -6.37994    13.3555   -29.1306    1.00000    1.00000
     1.00000    5.75449   -6.20404    25.2742    1.00000    1.00000
     1.00000   -15.5397    5.64308   -6.53033    1.00000    1.00000
     1.00000  -0.774544    6.43415    38.5545    1.00000    1.00000
     1.00000    2.64616    28.2712   -26.2350    1.00000    1.00000
     1.00000    2.26135E-02   -16.6709    14.8563    1.00000    1.00000
     1.00000   -7.18317   -3.02232   -19.0133    1.00000    1.00000
     1.00000    11.5782   -22.5741    23.4572    1.00000    1.00000
     1.00000  -0.724564    10.6169   -28.1913    1.00000    1.00000
     1.00000    1.26037   -13.4044    19.0653    1.00000    1.00000
     1.00000   -3.15249   -10.5800   -5.36217    1.00000    1.00000
     1.00000    11.0419   -4.00062    28.0075    1.00000    1.00000
     1.00000   -3.16637    26.8567   -25.1743    1.00000    1.00000
