     1.00000   -17.3011    11.6294   -19.1675    1.00000    1.00000
     1.00000    7.64143   -23.9965    24.4786    1.00000    1.00000
     1.00000    5.53729    37.5328   -21.1729    1.00000    1.00000
     1.00000   -7.11897   -17.9364    11.6466    1.00000    1.00000
     1.00000    12.7276    6.82191   -16.7799    1.00000    1.00000
     1.00000    6.22843   -14.7029    23.3245    1.00000    1.00000
     1.00000   -2.30508    17.8441   -8.79723    1.00000    1.00000
     1.00000   -7.68990   -9.70205   -9.83692    1.00000    1.00000
     1.00000   -5.33689   -8.00835   -12.1641    1.00000    1.00000
     1.00000   -11.5793   -18.1340    19.9790    1.00000    1.00000
     1.00000    8.35072    34.0963   -17.2097    1.00000    1.00000
     1.00000   -5.31643   -29.1824    16.6194    1.00000    1.00000
     1.00000    7.09934    12.9324   -20.9250    1.00000    1.00000
     1.00000    4.85346   -4.39108    29.4943    1.00000    1.00000
     1.00000    3.49445    29.8150   -6.12596    1.00000    1.00000
     1.00000   -6.91558   -20.3396   -4.43684    1.00000    1.00000
     1.00000  -10.34962   10.11837   -15.7981    1.00000    1.00000
     1.00000  -0.414425   -23.0154    22.9197    1.00000    1.00000
     1.00000    3.15051    42.4274   -14.8733    1.00000    1.00000
     1.00000   -3.99070   -21.2341    15.3451    1.00000    1.00000
     1.00000  -0.156300    11.8796   -12.5259    1.00000    1.00000
     1.00000    8.88922   -18.6192    30.2515    1.00000    1.00000
     1.00000   -4.32678    14.6568   -7.95770    1.00000    1.00000
     1.00000   -6.01276   -16.5013   -10.9086    1.00000    1.00000
     1.00000   -5.22079    6.58474   -13.7518    1.00000    1.00000
     1.00000   -7.47990   -18.6402    18.3944    1.00000    1.00000
     1.00000    18.0953    32.7550   -4.61774    1.00000    1.00000
     1.00000    6.45101   -30.7346    5.04419    1.00000    1.00000
     1.00000    3.65166    11.1336   -22.5360    1.00000    1.00000
     1.00000    3.61032   -1.86586    34.0862    1.00000    1.00000
     1.00000    4.49178    23.4024   -13.0682    1.00000    1.00000
     1.00000   -9.83623   -17.6483  -10.05322    1.00000    1.00000
     1.00000   -11.9376    12.7239   -18.0096    1.00000    1.00000
     1.00000    2.67756   -29.2400    29.6468    1.00000    1.00000
     1.00000    8.29513    37.1155   -23.1607    1.00000    1.00000
     1.00000   -7.16230   -12.6567    3.46262    1.00000    1.00000
     1.00000    13.0527    7.29024   -19.9743    1.00000    1.00000
     1.00000  -0.378284   -20.3879    22.7239    1.00000    1.00000
     1.00000    3.46066    14.4628   -18.3487    1.00000    1.00000
     1.00000   -3.03238   -10.9432   -6.39557    1.00000    1.00000
     1.00000   -5.42236   -1.88741   -8.24728    1.00000    1.00000
     1.00000  -10.55415   -13.4638    23.6535    1.00000    1.00000
     1.00000    9.26510    29.2104   -13.1434    1.00000    1.00000
     1.00000   -3.53532   -28.7102    17.3969    1.00000    1.00000
     1.00000    14.5254    10.6618   -26.4312    1.00000    1.00000
     1.00000    9.99537   -8.54539    34.5212    1.00000    1.00000
     1.00000   0.473457    30.6225   -8.14050    1.00000    1.00000
     1.00000   -6.57747   -27.2745    2.47163    1.00000    1.00000
     1.00000  -0.896240    7.77713   -13.8855    1.00000    1.00000
     1.00000    1.08873   -25.6674    25.1114    1.00000    1.00000
     1.00000   -1.05331    44.5560   -12.8285    1.00000    1.00000
     1.00000   -8.62885   -20.7971    13.1920    1.00000    1.00000
     1.00000    6.96622    11.9699   -14.9780    1.00000    1.00000
     1.00000    4.91391   -23.2853    34.4276    1.00000    1.00000
     1.00000   -8.33848    7.46531   0.635101    1.00000    1.00000
     1.00000  -0.991074   -6.42057   -9.15514    1.00000    1.00000
     1.00000   -5.87979    7.08733E-02   -13.4977    1.00000    1.00000
     1.00000   -8.23450   -23.9828    25.1836    1.00000    1.00000
     1.00000    15.0818    28.5710  -10.33530    1.00000    1.00000
     1.00000    4.10336   -25.1980    8.50707    1.00000    1.00000
     1.00000    5.19979    10.7263   -28.8162    1.00000    1.00000
     1.00000    9.29723   -3.25581    24.8879    1.00000    1.00000
     1.00000    3.52341    18.3749   -13.1583    1.00000    1.00000
     1.00000   -4.78172   -11.2870   -1.32410    1.00000    1.00000
     1.00000   -18.4788    9.99871   -18.3086    1.00000    1.00000
     1.00000    6.39742   -24.7375    29.7425    1.00000    1.00000
     1.00000    4.89224    40.5325   -21.0828    1.00000    1.00000
     1.00000   -7.03515   -14.9947    7.14352    1.00000    1.00000
     1.00000    14.7911    8.93761   -14.5980    1.00000    1.00000
     1.00000    6.16354   -14.5614    27.2547    1.00000    1.00000
     1.00000   -3.24641    20.7725   -11.1885    1.00000    1.00000
     1.00000   -6.81731   -12.2007   -7.43539    1.00000    1.00000
     1.00000   -3.16723   -9.35727   -13.9468    1.00000    1.00000
     1.00000   -7.94694   -12.2328    23.9817    1.00000    1.00000
     1.00000    7.58102    31.6243   -16.0766    1.00000    1.00000
     1.00000   -2.60335   -30.8886    12.6076    1.00000    1.00000
     1.00000    12.3980    11.0192   -22.7039    1.00000    1.00000
     1.00000    6.21698   -8.27081    33.2866    1.00000    1.00000
     1.00000    4.01902    23.0313  -10.22126    1.00000    1.00000
     1.00000   -6.06346   -18.8651   -1.84170    1.00000    1.00000
     1.00000   -8.34579    11.9116   -14.0370    1.00000    1.00000
     1.00000   -1.46874   -24.7081    23.0720    1.00000    1.00000
     1.00000    5.84106E-02    46.6501   -17.6322    1.00000    1.00000
     1.00000   -5.66695   -20.2653    15.8466    1.00000    1.00000
     1.00000    3.91491    11.0169   -16.6466    1.00000    1.00000
     1.00000    5.72418   -17.5631    30.7396    1.00000    1.00000
     1.00000   -6.97929    13.8128   -2.02905    1.00000    1.00000
     1.00000   -1.64565   -14.9202   -11.5197    1.00000    1.00000
     1.00000   -3.21149    4.17514   -11.9810    1.00000    1.00000
     1.00000   -7.42798   -19.3370    21.9938    1.00000    1.00000
     1.00000    15.2342    33.1651   -8.33842    1.00000    1.00000
     1.00000    2.50376   -25.1254    6.61736    1.00000    1.00000
     1.00000    5.32653    8.04687   -23.1098    1.00000    1.00000
     1.00000    5.73934   -2.62466    29.1861    1.00000    1.00000
     1.00000    5.36604    23.9718   -11.3619    1.00000    1.00000
     1.00000   -14.4349   -16.0663   -11.2038    1.00000    1.00000
     1.00000   -15.8932    9.46562   -18.9553    1.00000    1.00000
     1.00000   0.110023   -28.9636    30.0698    1.00000    1.00000
     1.00000    9.42502    35.9767   -19.7630    1.00000    1.00000
     1.00000   -12.0351   -13.5199    2.38090    1.00000    1.00000
     1.00000   10.22266    8.54525   -18.9984    1.00000    1.00000
     1.00000    2.43939   -18.0757    22.5632    1.00000    1.00000
     1.00000    2.21439    16.5255   -11.8635    1.00000    1.00000
     1.00000   -1.98740   -6.37337   -6.66810    1.00000    1.00000
     1.00000   -3.48907   -1.91494   -9.55965    1.00000    1.00000
     1.00000   -8.33596   -19.0574    28.4941    1.00000    1.00000
     1.00000    5.70539    25.6669   -13.3169    1.00000    1.00000
     1.00000   -4.89284   -27.2484    17.2543    1.00000    1.00000
     1.00000    10.8622   10.04435   -26.1051    1.00000    1.00000
     1.00000    6.91824   -11.7766    31.6825    1.00000    1.00000
     1.00000   0.402428    27.4473   -9.30273    1.00000    1.00000
     1.00000   -7.13207   -23.8514   0.230652    1.00000    1.00000
     1.00000   -3.88186    10.8842   -17.4111    1.00000    1.00000
     1.00000    5.39603   -26.2893    22.3802    1.00000    1.00000
     1.00000   0.259155    48.7535   -12.7400    1.00000    1.00000
     1.00000   -10.6714   -19.3441    16.4848    1.00000    1.00000
     1.00000    8.61967    14.5749   -12.4507    1.00000    1.00000
     1.00000    3.36002   -20.8052    28.4721    1.00000    1.00000
     1.00000   -7.32156    15.9732    1.31294    1.00000    1.00000
     1.00000   -4.07053  -10.20468   -8.29987    1.00000    1.00000
     1.00000   -3.07181  -0.778042   -11.3647    1.00000    1.00000
     1.00000   -7.46196   -20.0176    23.8741    1.00000    1.00000
     1.00000    11.2279    27.4467   -12.2920    1.00000    1.00000
     1.00000    1.72806   -24.9650    11.1175    1.00000    1.00000
     1.00000  -0.941170    11.7990   -26.7697    1.00000    1.00000
     1.00000    6.23586   -1.55651    26.5213    1.00000    1.00000
     1.00000    4.90108    18.2164   -9.89233    1.00000    1.00000
     1.00000   -7.86766   -14.9416   -4.69434    1.00000    1.00000
     1.00000   -15.9763    12.0523   -17.7302    1.00000    1.00000
     1.00000    10.5812   -22.6806    26.5487    1.00000    1.00000
     1.00000    5.48674    35.8522   -22.4622    1.00000    1.00000
     1.00000   -5.45542   -16.1031    9.09926    1.00000    1.00000
     1.00000    12.2860    3.96151   -17.5870    1.00000    1.00000
     1.00000    6.35841   -17.3320    22.3624    1.00000    1.00000
     1.00000   -3.57751    17.5596   -6.53249    1.00000    1.00000
     1.00000   -8.51744   -11.5375   -9.57311    1.00000    1.00000
     1.00000   -6.30744   -6.80441   -10.8958    1.00000    1.00000
     1.00000   -9.78687   -16.3340    21.9180    1.00000    1.00000
     1.00000    6.69806    31.9775   -17.8360    1.00000    1.00000
     1.00000   -4.37384   -32.6364    13.0714    1.00000    1.00000
     1.00000    8.88174    12.8344   -21.8269    1.00000    1.00000
     1.00000    6.83296   -8.24622    31.1017    1.00000    1.00000
     1.00000    3.03094    29.4286   -9.89248    1.00000    1.00000
     1.00000   -8.37191   -19.6330   -7.75253    1.00000    1.00000
     1.00000   -9.22530    8.55280   -16.3318    1.00000    1.00000
     1.00000   -3.26597   -21.8520    20.8158    1.00000    1.00000
     1.00000   0.840378    43.3834   -17.3274    1.00000    1.00000
     1.00000   -3.91198   -25.6445    16.5723    1.00000    1.00000
     1.00000   -2.70386    12.8810   -14.5913    1.00000    1.00000
     1.00000    7.46263   -16.8900    27.8750    1.00000    1.00000
     1.00000   -2.18304    14.9607   -2.66768    1.00000    1.00000
     1.00000   -4.12007   -16.0108   -11.3294    1.00000    1.00000
     1.00000   -7.75311    6.02280   -13.9543    1.00000    1.00000
     1.00000   -6.97372   -22.6029    18.2851    1.00000    1.00000
     1.00000    16.1136    32.6954   -4.35437    1.00000    1.00000
     1.00000    1.98679   -27.8010    6.82555    1.00000    1.00000
     1.00000    3.62288    13.5164   -21.6772    1.00000    1.00000
     1.00000    2.21377   -3.21401    32.0558    1.00000    1.00000
     1.00000    5.51427    20.9720   -14.7762    1.00000    1.00000
     1.00000   -9.84714   -18.3525   -8.18130    1.00000    1.00000
     1.00000   -10.9840    10.6450   -19.6391    1.00000    1.00000
     1.00000    3.62735   -26.4161    27.5160    1.00000    1.00000
     1.00000   10.28442    37.0965   -21.1799    1.00000    1.00000
     1.00000   -4.32513   -13.1066    1.32273    1.00000    1.00000
     1.00000   10.39399    5.44894   -18.9899    1.00000    1.00000
     1.00000   -1.92496   -19.2917    23.3613    1.00000    1.00000
     1.00000    3.15541    16.6394   -15.6723    1.00000    1.00000
     1.00000   -5.76614   -12.6170   -5.73578    1.00000    1.00000
     1.00000   -6.32136   -5.65884   -7.89593    1.00000    1.00000
     1.00000   -12.1812   -12.3650    24.0350    1.00000    1.00000
     1.00000    8.40090    27.4099   -13.0355    1.00000    1.00000
     1.00000   -3.28662   -28.1625    20.7352    1.00000    1.00000
     1.00000    19.0362    11.5333   -26.5330    1.00000    1.00000
     1.00000    8.56419   -8.97566    33.1921    1.00000    1.00000
     1.00000   -1.14446    31.0140   -7.03188    1.00000    1.00000
     1.00000   -9.27724   -25.9038   0.745476    1.00000    1.00000
     1.00000   -1.90234    9.38652   -13.2549    1.00000    1.00000
     1.00000   0.304462   -23.9240    25.6993    1.00000    1.00000
     1.00000   -1.88705    45.9591   -11.6725    1.00000    1.00000
     1.00000   -9.93672   -22.3385    11.9851    1.00000    1.00000
     1.00000    7.28004    11.6209   -16.9221    1.00000    1.00000
     1.00000    8.14620   -21.7390    32.0123    1.00000    1.00000
     1.00000   -7.93105    10.6241    2.16894    1.00000    1.00000
     1.00000   -2.78126   -5.92989  -10.02240    1.00000    1.00000
     1.00000   -4.95520   -1.40955   -12.4430    1.00000    1.00000
     1.00000   -6.18317   -22.4079    24.4578    1.00000    1.00000
     1.00000    12.9623    30.8506   -11.1528    1.00000    1.00000
     1.00000    3.96165   -22.1798    7.77824    1.00000    1.00000
     1.00000    1.20397    9.91459   -27.0550    1.00000    1.00000
     1.00000    6.83102   -2.19181    22.9467    1.00000    1.00000
     1.00000    1.16651    20.8788   -11.8778    1.00000    1.00000
     1.00000   -5.97818   -14.1919   -1.88222    1.00000    1.00000
     1.00000   -18.5571    12.6385   -14.2560    1.00000    1.00000
     1.00000    7.52376   -23.0197    26.8121    1.00000    1.00000
     1.00000    5.31883    41.6367   -19.4707    1.00000    1.00000
     1.00000   -6.39034   -17.8587    6.51120    1.00000    1.00000
     1.00000    15.7152    7.16422   -14.5630    1.00000    1.00000
     1.00000    6.87890   -15.0493    29.0575    1.00000    1.00000
     1.00000  -0.945953    18.3039   -11.7969    1.00000    1.00000
     1.00000   -7.93734   -9.51805   -6.76662    1.00000    1.00000
     1.00000   -1.38200   -6.12235   -14.6484    1.00000    1.00000
     1.00000   -9.75717   -14.4087    21.3773    1.00000    1.00000
     1.00000    5.32261    29.3611   -16.3969    1.00000    1.00000
     1.00000   -2.34592   -29.1230    11.1655    1.00000    1.00000
     1.00000    8.24236    12.6915   -23.7165    1.00000    1.00000
     1.00000    4.53955  -10.56551    28.6442    1.00000    1.00000
     1.00000    4.53107    24.8832   -7.99639    1.00000    1.00000
     1.00000   -6.28158   -21.8869   0.160133    1.00000    1.00000
     1.00000   -9.30429   10.48775   -17.4627    1.00000    1.00000
     1.00000   -4.74084   -26.1956    27.3757    1.00000    1.00000
     1.00000   0.114281    44.1663   -14.7600    1.00000    1.00000
     1.00000   -5.61422   -18.8841    12.5619    1.00000    1.00000
     1.00000    2.99643    12.7822   -16.4463    1.00000    1.00000
     1.00000    5.83933   -15.3667    31.7388    1.00000    1.00000
     1.00000   -5.83694    14.6153   -5.54090    1.00000    1.00000
     1.00000   -2.71281   -13.7736   -9.72066    1.00000    1.00000
     1.00000   -3.77940    5.16053   -13.6262    1.00000    1.00000
     1.00000   -5.37854   -17.2487    24.0118    1.00000    1.00000
     1.00000    15.0295    31.1410   -7.78861    1.00000    1.00000
     1.00000    4.58732   -25.9404    6.07664    1.00000    1.00000
     1.00000    4.58495    12.2338   -19.1144    1.00000    1.00000
     1.00000    4.03941  -0.909592    26.3074    1.00000    1.00000
     1.00000    6.31358    23.6536   -9.62955    1.00000    1.00000
     1.00000   -12.1732   -15.1217  -10.42863    1.00000    1.00000
     1.00000   -12.7231    9.38715   -18.4682    1.00000    1.00000
     1.00000   -1.57901   -28.6495    31.0937    1.00000    1.00000
     1.00000    8.19613    37.3060   -16.5439    1.00000    1.00000
     1.00000   -8.68615   -13.5976    4.35287    1.00000    1.00000
     1.00000    8.55332   10.55661   -15.8058    1.00000    1.00000
     1.00000    4.14092   -19.7604    22.6516    1.00000    1.00000
     1.00000  -0.396416    15.2319   -13.6136    1.00000    1.00000
     1.00000   -1.37891   -9.82017   -6.32546    1.00000    1.00000
     1.00000   -5.72130   0.594021   -8.95564    1.00000    1.00000
     1.00000   -9.07176   -16.4678    27.4783    1.00000    1.00000
     1.00000    8.37334    26.7867   -16.0753    1.00000    1.00000
     1.00000   -7.21236   -24.8462    17.8748    1.00000    1.00000
     1.00000    13.0859    11.6398   -25.4456    1.00000    1.00000
     1.00000    7.93995   -9.43308    29.7216    1.00000    1.00000
     1.00000  -0.880241    26.3734   -8.20660    1.00000    1.00000
     1.00000   -7.05273   -25.0630    1.81988    1.00000    1.00000
     1.00000   -5.27596    11.9134   -16.4125    1.00000    1.00000
     1.00000    2.27737   -26.3276    23.6447    1.00000    1.00000
     1.00000   -1.17850    45.7334   -15.7511    1.00000    1.00000
     1.00000   -8.84116   -21.4371    15.0749    1.00000    1.00000
     1.00000    9.53388    16.1647   -14.1480    1.00000    1.00000
     1.00000    7.20895   -19.3931    31.0117    1.00000    1.00000
     1.00000   -7.55043    13.1751  -0.221519    1.00000    1.00000
     1.00000   -2.25762   -7.97910  -10.56176    1.00000    1.00000
     1.00000  -0.743187    1.62008   -10.8998    1.00000    1.00000
     1.00000   -4.53118   -20.4753    24.5523    1.00000    1.00000
     1.00000    11.8425    29.7312   -12.3747    1.00000    1.00000
     1.00000  -0.659409   -27.4011    11.9497    1.00000    1.00000
     1.00000   0.606007    11.9083   -22.8110    1.00000    1.00000
     1.00000    5.96709   -3.32117    25.1511    1.00000    1.00000
     1.00000    2.13850    17.7361   -8.89255    1.00000    1.00000
     1.00000   -4.81654   -15.5882   -2.71935    1.00000    1.00000
     1.00000   -17.5178    9.85090   -20.0563    1.00000    1.00000
     1.00000    7.53430   -23.3954    22.5741    1.00000    1.00000
     1.00000    6.35487    37.5725   -22.9977    1.00000    1.00000
     1.00000   -6.55889   -18.9461   10.01357    1.00000    1.00000
     1.00000    11.1615    8.04769   -16.9911    1.00000    1.00000
     1.00000    8.18078   -15.1367    23.3133    1.00000    1.00000
     1.00000   -4.15707    18.4636   -8.36559    1.00000    1.00000
     1.00000   -8.32231   -7.87982   -9.30820    1.00000    1.00000
     1.00000   -3.91977   -6.59719   -12.1448    1.00000    1.00000
     1.00000   -11.0682   -19.9386    20.6736    1.00000    1.00000
     1.00000   10.34648    34.2257   -17.2241    1.00000    1.00000
     1.00000   -3.64346   -29.7661    15.6917    1.00000    1.00000
     1.00000    6.55718    11.0251   -20.6642    1.00000    1.00000
     1.00000    5.48735   -6.27513    29.2740    1.00000    1.00000
     1.00000    3.26613    27.9375   -6.77622    1.00000    1.00000
     1.00000   -6.76536   -18.4954   -3.67762    1.00000    1.00000
     1.00000   -11.4651    9.32359   -14.3407    1.00000    1.00000
     1.00000   0.338570   -24.4364    21.7306    1.00000    1.00000
     1.00000    3.81786    41.3147   -16.3953    1.00000    1.00000
     1.00000   -3.70683   -23.1907    15.6468    1.00000    1.00000
     1.00000   0.705959    12.5223   -14.2122    1.00000    1.00000
     1.00000    7.48438   -17.2561    29.8410    1.00000    1.00000
     1.00000   -2.89829    14.6071   -6.55879    1.00000    1.00000
     1.00000   -6.94349   -17.9518   -11.9233    1.00000    1.00000
     1.00000   -6.68459    7.51645   -14.7464    1.00000    1.00000
     1.00000   -6.75323   -18.6091    20.2575    1.00000    1.00000
     1.00000    18.9848    33.0403   -2.84930    1.00000    1.00000
     1.00000    4.68774   -29.7921    4.99255    1.00000    1.00000
     1.00000    2.02548    11.5496   -21.4485    1.00000    1.00000
     1.00000    4.14609   -2.87519    32.4448    1.00000    1.00000
     1.00000    5.08054    22.9193   -14.9175    1.00000    1.00000
     1.00000  -10.36852   -16.2934   -11.4247    1.00000    1.00000
     1.00000  -10.12345    12.0141   -18.4623    1.00000    1.00000
     1.00000    2.72654   -28.1414    27.9762    1.00000    1.00000
     1.00000    8.99567    35.7409   -21.8880    1.00000    1.00000
     1.00000   -5.61802   -11.3973    3.29222    1.00000    1.00000
     1.00000    11.5333    7.06570   -18.6932    1.00000    1.00000
     1.00000   0.540604   -18.6183    22.8798    1.00000    1.00000
     1.00000    3.15347    14.7754   -16.3974    1.00000    1.00000
     1.00000   -4.66221   -11.0249   -5.23929    1.00000    1.00000
     1.00000   -6.31602   -3.56195   -8.87758    1.00000    1.00000
     1.00000  -10.37610   -15.3988    24.1268    1.00000    1.00000
     1.00000    8.92537    30.4819   -11.6376    1.00000    1.00000
     1.00000   -1.85584   -27.6255    17.4507    1.00000    1.00000
     1.00000    15.5564    12.3003   -26.9335    1.00000    1.00000
     1.00000    9.31072   -7.17155    35.8033    1.00000    1.00000
     1.00000  -0.387817    31.7672   -9.53617    1.00000    1.00000
     1.00000   -5.81525   -25.9185    3.72874    1.00000    1.00000
     1.00000   -2.60651    6.78032   -13.6003    1.00000    1.00000
     1.00000   0.946098   -24.2545    23.7030    1.00000    1.00000
     1.00000  -0.962074    42.6143   -12.3578    1.00000    1.00000
     1.00000   -8.74433   -20.9377    11.2003    1.00000    1.00000
     1.00000    5.00172    11.7593   -14.6675    1.00000    1.00000
     1.00000    5.06746   -22.0482    32.8635    1.00000    1.00000
     1.00000   -8.67377    9.43697   0.624565    1.00000    1.00000
     1.00000   -1.19137   -6.39067   -11.1449    1.00000    1.00000
     1.00000   -4.19796   0.441162   -12.4807    1.00000    1.00000
     1.00000   -6.38445   -24.3911    25.8244    1.00000    1.00000
     1.00000    15.7779    30.4186   -10.6544    1.00000    1.00000
     1.00000    3.38587   -24.3610   10.17583    1.00000    1.00000
     1.00000    4.10721    11.9961   -27.7236    1.00000    1.00000
     1.00000    8.81171   -2.28641    23.2073    1.00000    1.00000
     1.00000    4.79684    18.4375   -14.6992    1.00000    1.00000
     1.00000   -4.39783   -11.3609   -3.28552    1.00000    1.00000
     1.00000   -17.9586    9.91210   -16.3794    1.00000    1.00000
     1.00000    4.78865   -25.2863    28.6886    1.00000    1.00000
     1.00000    5.17341    39.0843   -22.4332    1.00000    1.00000
     1.00000   -8.11699   -13.5573    6.26976    1.00000    1.00000
     1.00000    13.1227    8.04818   -15.2502    1.00000    1.00000
     1.00000    6.26720   -14.2758    25.2779    1.00000    1.00000
     1.00000   -1.87624    19.5618  -10.37801    1.00000    1.00000
     1.00000   -6.38104  -10.27734   -7.76735    1.00000    1.00000
     1.00000   -1.84726   -7.86379   -13.7819    1.00000    1.00000
     1.00000   -8.77306   -12.6837    25.7464    1.00000    1.00000
     1.00000    7.18944    29.6890   -15.7586    1.00000    1.00000
     1.00000   -2.10439   -29.0289    13.1486    1.00000    1.00000
     1.00000    10.6967   10.45520   -21.8165    1.00000    1.00000
     1.00000    5.21625   -9.18310    31.8148    1.00000    1.00000
     1.00000    4.67309    22.9171   -8.33469    1.00000    1.00000
     1.00000   -6.55795   -19.9455  -0.232864    1.00000    1.00000
     1.00000   -6.62558    11.5359   -14.9856    1.00000    1.00000
     1.00000   -3.19932   -24.7853    24.0716    1.00000    1.00000
     1.00000   0.612877    45.1542   -16.4260    1.00000    1.00000
     1.00000   -6.30205   -18.9971    14.4365    1.00000    1.00000
     1.00000    3.98740   10.34046   -18.5274    1.00000    1.00000
     1.00000    5.56024   -17.1089    32.6805    1.00000    1.00000
     1.00000   -6.68380    14.8068   -3.73920    1.00000    1.00000
     1.00000   -2.55835   -13.1430   -11.6124    1.00000    1.00000
     1.00000   -3.38883    2.26853   -12.5584    1.00000    1.00000
     1.00000   -8.33913   -17.6126    22.4367    1.00000    1.00000
     1.00000    16.8229    31.9796   -8.07252    1.00000    1.00000
     1.00000    2.52763   -24.6016    4.68731    1.00000    1.00000
     1.00000    4.47623    9.41654   -21.9261    1.00000    1.00000
     1.00000    5.60777   -2.39188    31.1681    1.00000    1.00000
     1.00000    4.08556    25.2445   -12.2224    1.00000    1.00000
     1.00000   -14.0006   -14.3134  -10.34425    1.00000    1.00000
     1.00000   -14.1664    8.82131   -19.7319    1.00000    1.00000
     1.00000    1.13441   -30.4049    29.1352    1.00000    1.00000
     1.00000    8.80805    35.9310   -17.8611    1.00000    1.00000
     1.00000   -11.3503   -11.6958    2.83220    1.00000    1.00000
     1.00000    8.39719    9.30541   -19.2981    1.00000    1.00000
     1.00000    4.41767   -17.7830    22.5360    1.00000    1.00000
     1.00000   0.959518    17.6869   -12.9010    1.00000    1.00000
     1.00000  -0.204468   -5.77982   -5.98338    1.00000    1.00000
     1.00000   -3.81596   -1.65558E-03   -9.07747    1.00000    1.00000
     1.00000   -9.45109   -18.3682    26.9837    1.00000    1.00000
     1.00000    6.07613    26.6077   -11.5913    1.00000    1.00000
     1.00000   -6.82433   -26.7466    17.3869    1.00000    1.00000
     1.00000    11.7553    8.26535   -26.2986    1.00000    1.00000
     1.00000    7.86730  -10.01682    31.6331    1.00000    1.00000
     1.00000   0.740532    28.6769   -7.76204    1.00000    1.00000
     1.00000   -8.18504   -22.2483  -0.336128    1.00000    1.00000
     1.00000   -2.87187    11.2399   -15.7219    1.00000    1.00000
     1.00000    4.39759   -26.2810    24.1132    1.00000    1.00000
     1.00000   0.836311    47.6012   -14.2694    1.00000    1.00000
     1.00000   -8.76016   -19.9239    16.3802    1.00000    1.00000
     1.00000    7.90002    13.3050   -13.8179    1.00000    1.00000
     1.00000    4.80769   -20.8788    29.8500    1.00000    1.00000
     1.00000   -7.04181    17.9459    1.48672    1.00000    1.00000
     1.00000   -4.46950   -10.6916  -10.19822    1.00000    1.00000
     1.00000   -2.59307   0.966400  -10.51167    1.00000    1.00000
     1.00000   -6.86049   -21.5253    22.7057    1.00000    1.00000
     1.00000    12.2134    28.3543   -13.7770    1.00000    1.00000
     1.00000    1.19481   -26.6571    12.0409    1.00000    1.00000
     1.00000   0.279755    10.8160   -25.5275    1.00000    1.00000
     1.00000    7.73286   -2.08094    25.3032    1.00000    1.00000
     1.00000    4.35795    17.3900   -11.6307    1.00000    1.00000
     1.00000   -8.33141   -16.2375   -6.14542    1.00000    1.00000
     1.00000   -15.9619    13.3855   -16.2395    1.00000    1.00000
     1.00000    8.93742   -22.7952    25.4152    1.00000    1.00000
     1.00000    4.78233    34.0229   -22.8590    1.00000    1.00000
     1.00000   -5.84613   -17.9482    8.43366    1.00000    1.00000
     1.00000    13.4990    5.48292   -18.0496    1.00000    1.00000
     1.00000    7.11398   -15.6073    21.6883    1.00000    1.00000
     1.00000   -2.78011    16.1995   -7.76302    1.00000    1.00000
     1.00000   -6.53424   -11.2953   -9.48206    1.00000    1.00000
     1.00000   -6.23122   -4.87184  -10.38655    1.00000    1.00000
     1.00000   -11.4634   -17.4219    21.8443    1.00000    1.00000
     1.00000    6.38124    33.9257   -17.5131    1.00000    1.00000
     1.00000   -3.79761   -31.0886    14.1994    1.00000    1.00000
     1.00000    8.57954    14.8070   -21.6946    1.00000    1.00000
     1.00000    7.33532   -6.90932    29.7016    1.00000    1.00000
     1.00000    2.43867    28.0267   -8.59484    1.00000    1.00000
     1.00000   -8.25834   -20.4189   -5.91694    1.00000    1.00000
     1.00000   -7.56325    9.57061   -16.7809    1.00000    1.00000
     1.00000   -1.62273   -21.7497    21.9513    1.00000    1.00000
     1.00000    2.75234    42.8943   -17.0030    1.00000    1.00000
     1.00000   -3.57163   -23.9100    17.5081    1.00000    1.00000
     1.00000  -0.858242    13.6243   -14.7943    1.00000    1.00000
     1.00000    9.04266   -18.1111    27.9873    1.00000    1.00000
     1.00000   -2.71301    14.6294   -4.56752    1.00000    1.00000
     1.00000   -2.34148   -16.5481   -10.5892    1.00000    1.00000
     1.00000   -7.47747    5.29738   -15.7977    1.00000    1.00000
     1.00000   -7.14743   -20.6122    18.3686    1.00000    1.00000
     1.00000    16.5654    31.8211   -6.09551    1.00000    1.00000
     1.00000    3.66321   -28.8043    6.39776    1.00000    1.00000
     1.00000    3.59371    12.8491   -23.5624    1.00000    1.00000
     1.00000    1.28887   -3.98009    30.4565    1.00000    1.00000
     1.00000    3.73426    20.0980   -15.0363    1.00000    1.00000
     1.00000   -9.08502   -16.5147   -7.97714    1.00000    1.00000
     1.00000   -10.7414    9.16485   -18.3161    1.00000    1.00000
     1.00000    4.70565   -25.6865    25.9978    1.00000    1.00000
     1.00000    12.2017    37.1159   -21.7489    1.00000    1.00000
     1.00000   -6.15180   -13.5657    1.99541    1.00000    1.00000
     1.00000    9.49382    4.41146   -17.5361    1.00000    1.00000
     1.00000   -1.33330   -18.1634    24.9030    1.00000    1.00000
     1.00000    2.12762    17.9016   -14.5102    1.00000    1.00000
     1.00000   -4.85643   -12.5859   -7.51665    1.00000    1.00000
     1.00000   -7.47997   -4.12247   -7.35080    1.00000    1.00000
     1.00000   -13.6157   -12.4302    25.4270    1.00000    1.00000
     1.00000    7.17345    28.2431   -14.3768    1.00000    1.00000
     1.00000   -2.14410   -27.2237    19.3886    1.00000    1.00000
     1.00000    17.4599    12.2359   -27.5437    1.00000    1.00000
     1.00000    9.75973  -10.35505    32.3748    1.00000    1.00000
     1.00000   -2.86787    31.9607   -7.39748    1.00000    1.00000
     1.00000   -8.38233   -26.4129    2.46010    1.00000    1.00000
     1.00000   -1.34084    10.8518   -14.4950    1.00000    1.00000
     1.00000   0.589287   -21.9634    25.4258    1.00000    1.00000
     1.00000   -3.15249    44.7042   -10.7648    1.00000    1.00000
     1.00000   -11.4523   -21.9337    10.7445    1.00000    1.00000
     1.00000    5.79565   10.36286   -16.4596    1.00000    1.00000
     1.00000    6.94315   -22.3504    33.4884    1.00000    1.00000
     1.00000   -8.11951    11.3324   0.308098    1.00000    1.00000
     1.00000   -4.76219   -6.12222   -9.82504    1.00000    1.00000
     1.00000   -6.65793   -1.97658   -11.5603    1.00000    1.00000
     1.00000   -4.77968   -23.7931    24.7914    1.00000    1.00000
     1.00000    13.2441    28.8725   -11.0647    1.00000    1.00000
     1.00000    2.77879   -23.7677    8.05993    1.00000    1.00000
     1.00000    2.29845    11.2272   -28.0938    1.00000    1.00000
     1.00000    6.39128  -0.509026    21.9593    1.00000    1.00000
     1.00000    2.43258    19.3334   -11.7830    1.00000    1.00000
     1.00000   -5.28142   -13.0052  -0.430878    1.00000    1.00000
     1.00000   -19.0467    10.8400   -14.9812    1.00000    1.00000
     1.00000    6.52744   -24.4687    27.7649    1.00000    1.00000
     1.00000    5.46577    41.2053   -17.5233    1.00000    1.00000
     1.00000   -6.85769   -16.1748    5.53857    1.00000    1.00000
     1.00000    17.0238    8.67667   -14.5738    1.00000    1.00000
     1.00000    5.33641   -16.3108    29.2292    1.00000    1.00000
     1.00000   -2.56673    17.7276   -10.7766    1.00000    1.00000
     1.00000   -8.92050   -8.65333   -5.25479    1.00000    1.00000
     1.00000   -3.12474   -5.71671   -13.7550    1.00000    1.00000
     1.00000   -8.70564   -13.7725    22.9552    1.00000    1.00000
     1.00000    4.43875    27.6171   -16.8179    1.00000    1.00000
     1.00000  -0.998009   -28.5339    9.81043    1.00000    1.00000
     1.00000    9.24153    11.1024   -23.0263    1.00000    1.00000
     1.00000    5.80026   -9.84931    30.0217    1.00000    1.00000
     1.00000    3.82858    26.5970   -8.75085    1.00000    1.00000
     1.00000   -6.90934   -21.8969    2.05904    1.00000    1.00000
     1.00000   -8.28352    11.5425   -16.1041    1.00000    1.00000
     1.00000   -4.03808   -25.8626    25.5331    1.00000    1.00000
     1.00000   0.228432    42.1704   -14.8172    1.00000    1.00000
     1.00000   -3.94039   -19.1507    13.6236    1.00000    1.00000
     1.00000    1.53183    11.5945   -15.7797    1.00000    1.00000
     1.00000    6.23467   -13.5390    31.0293    1.00000    1.00000
     1.00000   -4.39740    13.3560   -6.12571    1.00000    1.00000
     1.00000   -3.68261   -12.1477   -9.07554    1.00000    1.00000
     1.00000   -5.37232    4.89146   -14.8053    1.00000    1.00000
     1.00000   -7.33640   -16.8411    23.9857    1.00000    1.00000
     1.00000    14.1495    30.6545   -9.51742    1.00000    1.00000
     1.00000    2.85318   -26.6826    5.41188    1.00000    1.00000
     1.00000    4.60223    10.6989   -20.3965    1.00000    1.00000
     1.00000    5.00085   -1.15878    28.0434    1.00000    1.00000
     1.00000    7.74908    23.6963   -11.0215    1.00000    1.00000
     1.00000   -11.7388   -17.0322  -10.02683    1.00000    1.00000
     1.00000   -13.6567    10.8342   -17.4511    1.00000    1.00000
     1.00000   -3.15071   -28.4593    29.8716    1.00000    1.00000
     1.00000    8.06580    39.1837   -17.2199    1.00000    1.00000
     1.00000  -10.25031   -12.3513    4.36849    1.00000    1.00000
     1.00000    8.29588    9.25386   -17.3013    1.00000    1.00000
     1.00000    4.65202   -21.3658    23.7293    1.00000    1.00000
     1.00000  -0.894066    17.1609   -13.4373    1.00000    1.00000
     1.00000   -2.52268   -8.28566   -6.90605    1.00000    1.00000
     1.00000   -6.41930   -1.08668   -9.78512    1.00000    1.00000
     1.00000  -10.27931   -16.3393    25.8892    1.00000    1.00000
     1.00000    6.99880    26.2795   -14.7139    1.00000    1.00000
     1.00000   -8.67738   -23.6306    18.4880    1.00000    1.00000
     1.00000    11.4530    11.0273   -24.4666    1.00000    1.00000
     1.00000    8.85853   -7.88554    28.8490    1.00000    1.00000
     1.00000   -2.45950    27.3909   -8.89261    1.00000    1.00000
     1.00000   -5.58690   -26.0635   0.897682    1.00000    1.00000
     1.00000   -5.78914    10.8509   -18.0273    1.00000    1.00000
     1.00000    3.62104   -27.4790    22.7126    1.00000    1.00000
     1.00000  -0.465736    46.1231   -13.9235    1.00000    1.00000
     1.00000   -6.88129   -21.3506    14.6858    1.00000    1.00000
     1.00000    8.99110    16.5307   -12.2582    1.00000    1.00000
     1.00000    5.84081   -20.7460    31.5574    1.00000    1.00000
     1.00000   -7.48948    15.1542  -0.503929    1.00000    1.00000
     1.00000   -2.62494   -9.93369  -10.35041    1.00000    1.00000
     1.00000  -0.306870   0.314144   -12.3504    1.00000    1.00000
     1.00000   -4.90630   -21.7565    23.0630    1.00000    1.00000
     1.00000    10.7294    31.3138   -11.8683    1.00000    1.00000
     1.00000   -1.30937   -27.3288    13.8397    1.00000    1.00000
     1.00000    1.20116    12.3672   -24.6645    1.00000    1.00000
     1.00000    7.52782   -3.79853    26.3071    1.00000    1.00000
     1.00000    3.84415    18.5397   -8.22548    1.00000    1.00000
     1.00000   -6.06025   -14.5801   -3.91805    1.00000    1.00000
