     1.00000   -15.2840    2.19304   10.44267    1.00000    1.00000
     1.00000   -21.7850    32.7455   -3.45549    1.00000    1.00000
     1.00000    2.10380   -30.4789   -21.7134    1.00000    1.00000
     1.00000    9.84967    1.80170    21.4968    1.00000    1.00000
     1.00000    5.13936   -21.8917   -5.12856    1.00000    1.00000
     1.00000   -19.9536    13.7928    5.09056    1.00000    1.00000
     1.00000    20.1164   -25.4369   -29.2256    1.00000    1.00000
     1.00000   -12.2188    10.9552    20.4950    1.00000    1.00000
     1.00000   -3.55458  -0.179829    1.52845    1.00000    1.00000
     1.00000   -1.62442    30.6644    1.38950    1.00000    1.00000
     1.00000    9.12157   -26.0029   -7.58227    1.00000    1.00000
     1.00000    7.95127    11.0230    18.3380    1.00000    1.00000
     1.00000    4.06595   -12.4407   -4.74297    1.00000    1.00000
     1.00000   -22.7677    19.5644    5.39328    1.00000    1.00000
     1.00000    30.1338   -22.8180   -38.4709    1.00000    1.00000
     1.00000    1.37128    2.55560    21.3129    1.00000    1.00000
     1.00000   -15.4883    8.27160    10.8711    1.00000    1.00000
     1.00000   -14.0562    30.1311   -10.9045    1.00000    1.00000
     1.00000    7.08847   -28.3311   -27.7904    1.00000    1.00000
     1.00000    4.91862   0.314735    23.8272    1.00000    1.00000
     1.00000    6.14134   -18.9870   -7.03716    1.00000    1.00000
     1.00000   -18.0061    15.2803    16.4369    1.00000    1.00000
     1.00000    21.6598   -23.2825   -24.0661    1.00000    1.00000
     1.00000   -7.34412    14.9277    18.5050    1.00000    1.00000
     1.00000   -7.10968    1.10853    2.79383    1.00000    1.00000
     1.00000   -7.56748    31.3082   -3.20980    1.00000    1.00000
     1.00000    17.8767   -38.9559   -13.6387    1.00000    1.00000
     1.00000    15.5988    8.73638    15.0811    1.00000    1.00000
     1.00000    5.50930    3.60925  -0.982738    1.00000    1.00000
     1.00000   -18.9959    21.9595   -5.81117    1.00000    1.00000
     1.00000    21.0369   -11.5705   -34.6227    1.00000    1.00000
     1.00000   -13.7020    3.51585    21.3047    1.00000    1.00000
     1.00000   -17.9971    1.85650    17.6569    1.00000    1.00000
     1.00000   -17.8050    34.0477   -7.07816    1.00000    1.00000
     1.00000    5.20469   -28.6830   -27.2180    1.00000    1.00000
     1.00000    6.78220   0.967522    18.9930    1.00000    1.00000
     1.00000    12.0579   -25.6376   -7.95741    1.00000    1.00000
     1.00000   -20.9299    19.0403    13.8944    1.00000    1.00000
     1.00000    22.3251   -21.9719   -28.5603    1.00000    1.00000
     1.00000   -8.19255    11.6031    22.1832    1.00000    1.00000
     1.00000    2.90520   -1.41109   10.40066    1.00000    1.00000
     1.00000   -5.58890    34.6244    2.72044    1.00000    1.00000
     1.00000    4.22329   -27.2791   -16.9632    1.00000    1.00000
     1.00000    2.30718    6.14489    18.2893    1.00000    1.00000
     1.00000    4.42099   -6.44639   -3.87152    1.00000    1.00000
     1.00000   -13.9081    19.0451    8.10679    1.00000    1.00000
     1.00000    21.7218   -18.9179   -32.4589    1.00000    1.00000
     1.00000    3.27332    4.48672    28.7415    1.00000    1.00000
     1.00000   -17.3379    7.17791  -0.352085    1.00000    1.00000
     1.00000   -14.0966    22.8865   -5.57501    1.00000    1.00000
     1.00000    12.8786   -29.1260   -20.7120    1.00000    1.00000
     1.00000    8.96081  -0.631935    24.8952    1.00000    1.00000
     1.00000    5.98766   -16.9621   -9.74672    1.00000    1.00000
     1.00000   -18.8994    11.3499    21.6611    1.00000    1.00000
     1.00000    17.3791   -26.3740   -22.0589    1.00000    1.00000
     1.00000   -4.49669    8.15484    24.1955    1.00000    1.00000
     1.00000   -6.06647  -0.136280    7.92988    1.00000    1.00000
     1.00000   -9.81041    29.9188    1.59426    1.00000    1.00000
     1.00000    12.1087   -29.4626   -11.7023    1.00000    1.00000
     1.00000   10.45589    9.53841    22.8694    1.00000    1.00000
     1.00000    1.84100    5.40886   -2.98862    1.00000    1.00000
     1.00000   -22.7956    19.9211   0.779327    1.00000    1.00000
     1.00000    26.2943   -19.3713   -33.4118    1.00000    1.00000
     1.00000  -0.919598    1.55873    19.2189    1.00000    1.00000
     1.00000   -14.2273    3.97875   10.45595    1.00000    1.00000
     1.00000   -22.2430    34.1385   -4.81554    1.00000    1.00000
     1.00000    3.56091   -28.7522   -21.7448    1.00000    1.00000
     1.00000    13.3997   -2.63905    18.1837    1.00000    1.00000
     1.00000    7.86148   -29.4516   -6.34356    1.00000    1.00000
     1.00000   -20.8983    16.4837    6.56796    1.00000    1.00000
     1.00000    17.3026   -24.1066   -28.2297    1.00000    1.00000
     1.00000   -15.2070   10.54025    19.8131    1.00000    1.00000
     1.00000  -0.155682    5.23561    6.11175    1.00000    1.00000
     1.00000   -4.02601    34.2693  -0.676380    1.00000    1.00000
     1.00000    10.8066   -26.3267   -12.1431    1.00000    1.00000
     1.00000    5.44693    11.1607    12.8725    1.00000    1.00000
     1.00000    5.34211   -13.9604   -11.3239    1.00000    1.00000
     1.00000   -18.3010    19.4980    2.33505    1.00000    1.00000
     1.00000    26.1807   -19.5352   -38.5358    1.00000    1.00000
     1.00000    4.90357    6.04611    23.1361    1.00000    1.00000
     1.00000   -13.8550    5.82635    6.66430    1.00000    1.00000
     1.00000   -11.8241    31.6965  -10.38953    1.00000    1.00000
     1.00000    7.55555   -25.2941   -25.3450    1.00000    1.00000
     1.00000    6.86191   0.897308    22.9827    1.00000    1.00000
     1.00000    3.49500   -15.4269   -3.79773    1.00000    1.00000
     1.00000   -16.3415    15.9828    17.7292    1.00000    1.00000
     1.00000    18.8806   -22.7169   -25.3966    1.00000    1.00000
     1.00000   -4.71846    13.5722    17.6567    1.00000    1.00000
     1.00000   -13.7857    3.75369    4.50486    1.00000    1.00000
     1.00000   -13.3396    33.9147   -5.35800    1.00000    1.00000
     1.00000    16.8957   -40.8301   -13.4106    1.00000    1.00000
     1.00000    12.0466    13.0005    20.8914    1.00000    1.00000
     1.00000    6.75215    3.31902   -4.79620    1.00000    1.00000
     1.00000   -13.7018    20.9410   -3.49960    1.00000    1.00000
     1.00000    24.8213   -17.0993   -34.8416    1.00000    1.00000
     1.00000  -10.03466    4.15145    20.6904    1.00000    1.00000
     1.00000   -16.7682    1.53561    16.1119    1.00000    1.00000
     1.00000   -19.7648    31.0450   -5.32166    1.00000    1.00000
     1.00000    3.70896   -36.2212   -29.8274    1.00000    1.00000
     1.00000    9.80130   -5.51711    20.8140    1.00000    1.00000
     1.00000    9.20176   -30.7403   -5.60672    1.00000    1.00000
     1.00000   -23.8575    17.6152    18.2674    1.00000    1.00000
     1.00000    24.5750   -28.2077   -28.2336    1.00000    1.00000
     1.00000   -10.7113    14.2999    22.6163    1.00000    1.00000
     1.00000    1.89476    3.24997    8.87770    1.00000    1.00000
     1.00000   -9.54018    35.1648    3.12482    1.00000    1.00000
     1.00000    10.8671   -29.1256   -17.5868    1.00000    1.00000
     1.00000    7.82951    5.93734    19.1810    1.00000    1.00000
     1.00000    3.38207   -1.03838   -2.18942    1.00000    1.00000
     1.00000   -17.4965    19.3705    6.65976    1.00000    1.00000
     1.00000    24.9831   -23.1914   -35.7466    1.00000    1.00000
     1.00000  -0.203014    2.92580    26.9368    1.00000    1.00000
     1.00000   -12.3268    7.80179    2.51950    1.00000    1.00000
     1.00000   -12.9795    27.7361   -7.41574    1.00000    1.00000
     1.00000    12.8982   -29.0996   -22.7117    1.00000    1.00000
     1.00000    8.64096   0.138695    30.8985    1.00000    1.00000
     1.00000    4.23543   -18.2538   -10.9651    1.00000    1.00000
     1.00000   -18.5752    11.7328    19.7251    1.00000    1.00000
     1.00000    18.9643   -23.4744   -19.0130    1.00000    1.00000
     1.00000   -6.55407   10.51188    21.8301    1.00000    1.00000
     1.00000   -8.02393    2.72354    6.75537    1.00000    1.00000
     1.00000   -7.19036    31.8583   -1.32430    1.00000    1.00000
     1.00000    13.5874   -32.5964   -13.8888    1.00000    1.00000
     1.00000    9.37673    11.8431    14.3722    1.00000    1.00000
     1.00000    1.34941    5.26172    1.41536    1.00000    1.00000
     1.00000   -20.7884    20.7447  -0.113865    1.00000    1.00000
     1.00000    27.4798   -18.6677   -31.4028    1.00000    1.00000
     1.00000   -1.74506    4.39649    21.8789    1.00000    1.00000
     1.00000   -16.6845    3.26085    11.6819    1.00000    1.00000
     1.00000   -19.4983    33.6592   -1.87738    1.00000    1.00000
     1.00000   0.977501   -31.0452   -19.0153    1.00000    1.00000
     1.00000    11.4217   0.473557    18.4619    1.00000    1.00000
     1.00000    5.37631   -27.4863   -5.97533    1.00000    1.00000
     1.00000   -19.7938    13.0183    6.92757    1.00000    1.00000
     1.00000    19.1565   -25.3869   -27.4717    1.00000    1.00000
     1.00000   -11.1413    12.9144    19.6917    1.00000    1.00000
     1.00000   -3.86613    3.06218    2.94797    1.00000    1.00000
     1.00000   -3.56726    29.3828  -0.204155    1.00000    1.00000
     1.00000    8.49265   -25.0706  -10.53783    1.00000    1.00000
     1.00000    9.74829    8.48904    15.9889    1.00000    1.00000
     1.00000    5.84583   -12.0744   -6.79618    1.00000    1.00000
     1.00000   -19.5379    21.7449    5.59691    1.00000    1.00000
     1.00000    26.8609   -21.3354   -39.0802    1.00000    1.00000
     1.00000    3.51261    3.71257    23.3159    1.00000    1.00000
     1.00000   -16.0495    11.6731    12.4620    1.00000    1.00000
     1.00000   -15.3895    28.4664   -11.1522    1.00000    1.00000
     1.00000    8.92121   -27.5652   -27.5570    1.00000    1.00000
     1.00000    1.48278    2.57998    25.6643    1.00000    1.00000
     1.00000    6.40160   -20.4479   -5.69620    1.00000    1.00000
     1.00000   -19.1697    18.1012    14.0350    1.00000    1.00000
     1.00000    20.8742   -24.2329   -21.8196    1.00000    1.00000
     1.00000   -7.83590    12.3054    17.2851    1.00000    1.00000
     1.00000   -8.72460    1.88883    3.67879    1.00000    1.00000
     1.00000  -10.04189    31.8459   -5.18354    1.00000    1.00000
     1.00000    15.0082   -36.3673   -13.0140    1.00000    1.00000
     1.00000    15.0518    9.89365    16.6178    1.00000    1.00000
     1.00000    3.72350   0.911217   -1.90218    1.00000    1.00000
     1.00000   -22.0341    21.4037   -4.31631    1.00000    1.00000
     1.00000    24.6796   -13.7941   -33.7954    1.00000    1.00000
     1.00000   -11.8908    5.29047    22.5895    1.00000    1.00000
     1.00000   -18.7720   0.399918    16.5264    1.00000    1.00000
     1.00000   -15.9056    35.6235   -7.72120    1.00000    1.00000
     1.00000    5.71616   -30.5202   -27.8205    1.00000    1.00000
     1.00000    8.66707   -2.39443    21.3707    1.00000    1.00000
     1.00000    13.5002   -24.2689   -8.17278    1.00000    1.00000
     1.00000   -19.8831    16.8302   10.03663    1.00000    1.00000
     1.00000    23.0686   -25.0252   -29.9949    1.00000    1.00000
     1.00000   -8.89058    14.6813    21.8819    1.00000    1.00000
     1.00000    3.40184  -0.168243    8.91449    1.00000    1.00000
     1.00000   -8.66567    32.6502    4.88991    1.00000    1.00000
     1.00000    3.20111   -26.5417   -19.1213    1.00000    1.00000
     1.00000    7.48692    8.37650    17.7905    1.00000    1.00000
     1.00000    3.52753   -8.20872   -4.18125    1.00000    1.00000
     1.00000   -14.7562    20.6621    4.97624    1.00000    1.00000
     1.00000    23.7139   -21.9416   -36.6559    1.00000    1.00000
     1.00000   0.528774    1.74765    28.3778    1.00000    1.00000
     1.00000   -15.5345    8.18070    3.36781    1.00000    1.00000
     1.00000   -14.9613    24.2608   -4.40726    1.00000    1.00000
     1.00000    13.0677   -27.9820   -18.8236    1.00000    1.00000
     1.00000    7.44316   -3.06943    28.9637    1.00000    1.00000
     1.00000    4.73526   -16.4376   -8.27827    1.00000    1.00000
     1.00000   -22.7962    12.1604    21.3032    1.00000    1.00000
     1.00000    16.6032   -29.4805   -23.8269    1.00000    1.00000
     1.00000   -3.60550    9.19271    22.7366    1.00000    1.00000
     1.00000   -4.14786  -0.290306    7.38657    1.00000    1.00000
     1.00000   -11.7416    29.2705    1.97433    1.00000    1.00000
     1.00000    12.2884   -32.7700   -12.3780    1.00000    1.00000
     1.00000    11.3303    9.03048    20.2379    1.00000    1.00000
     1.00000    4.58383    5.29990   -1.51681    1.00000    1.00000
     1.00000   -22.3841    21.5712    1.83197    1.00000    1.00000
     1.00000    23.0269   -19.9266   -30.5176    1.00000    1.00000
     1.00000    1.36510    5.38602    19.8820    1.00000    1.00000
     1.00000   -11.1087    3.49499    11.2568    1.00000    1.00000
     1.00000   -22.0326    31.3583   -7.94733    1.00000    1.00000
     1.00000    2.80363   -30.0165   -23.5290    1.00000    1.00000
     1.00000    13.8988   -3.93031    19.6271    1.00000    1.00000
     1.00000    6.41913   -29.5402   -4.96088    1.00000    1.00000
     1.00000   -20.3729    15.8215    8.38054    1.00000    1.00000
     1.00000    17.2784   -25.7688   -30.1210    1.00000    1.00000
     1.00000   -14.2298    11.5506    16.9463    1.00000    1.00000
     1.00000  -0.128216    4.67460    4.19224    1.00000    1.00000
     1.00000   -3.03292    31.8087    2.23020    1.00000    1.00000
     1.00000    11.8774   -25.5529   -15.4600    1.00000    1.00000
     1.00000    6.69777    7.78518    13.9957    1.00000    1.00000
     1.00000    4.99265   -11.5961   -9.91042    1.00000    1.00000
     1.00000   -19.2397    20.3185    4.22707    1.00000    1.00000
     1.00000    26.3582   -21.7699   -36.0439    1.00000    1.00000
     1.00000    5.08344    4.77296    21.6042    1.00000    1.00000
     1.00000   -13.0002    7.36040    8.92037    1.00000    1.00000
     1.00000   -14.3041    29.0627   -8.11257    1.00000    1.00000
     1.00000    9.92142   -27.5308   -23.8178    1.00000    1.00000
     1.00000    8.57856  -0.128792    22.9976    1.00000    1.00000
     1.00000    5.55682   -16.0354   -5.34401    1.00000    1.00000
     1.00000   -15.4751    14.0728    14.4509    1.00000    1.00000
     1.00000    20.3808   -20.1485   -27.6821    1.00000    1.00000
     1.00000   -5.31222    10.7888    20.2870    1.00000    1.00000
     1.00000   -10.6241    5.62372    4.63229    1.00000    1.00000
     1.00000  -10.39121    32.5569   -7.01994    1.00000    1.00000
     1.00000    17.6325   -38.5330   -10.7926    1.00000    1.00000
     1.00000    11.5563    11.3102    19.6971    1.00000    1.00000
     1.00000    7.47067  -0.512600   -5.24268    1.00000    1.00000
     1.00000   -16.9322    20.6534   -4.03388    1.00000    1.00000
     1.00000    23.1646   -16.3606   -33.9991    1.00000    1.00000
     1.00000   -8.89034    3.16891    22.0038    1.00000    1.00000
     1.00000   -16.0271    3.65543    17.3076    1.00000    1.00000
     1.00000   -17.3261    30.3080   -9.04753    1.00000    1.00000
     1.00000    4.54877   -32.5155   -29.7762    1.00000    1.00000
     1.00000    8.48563   -6.02734    18.7162    1.00000    1.00000
     1.00000    11.8682   -29.7048   -4.82487    1.00000    1.00000
     1.00000   -21.4025    20.7339    14.8476    1.00000    1.00000
     1.00000    20.6214   -27.6024   -27.2314    1.00000    1.00000
     1.00000   -11.2994    15.0241    20.6897    1.00000    1.00000
     1.00000    3.86779    4.24089    6.34986    1.00000    1.00000
     1.00000   -7.12219    34.0610    1.56651    1.00000    1.00000
     1.00000    8.99480   -29.7168   -17.9676    1.00000    1.00000
     1.00000    8.73665    5.23960    20.8212    1.00000    1.00000
     1.00000    3.75215   -3.12817   -3.81499    1.00000    1.00000
     1.00000   -17.8057    16.8458    3.12178    1.00000    1.00000
     1.00000    23.1801   -22.6283   -32.6387    1.00000    1.00000
     1.00000  -0.731838    3.62679    23.4219    1.00000    1.00000
     1.00000   -11.9506    8.17056    4.94621    1.00000    1.00000
     1.00000   -14.6092    26.8306   -6.69175    1.00000    1.00000
     1.00000    14.6894   -27.2274   -21.6939    1.00000    1.00000
     1.00000    5.68064   0.534615    28.7823    1.00000    1.00000
     1.00000   0.315140   -17.7782   -10.7080    1.00000    1.00000
     1.00000   -15.9315    12.8819    15.9915    1.00000    1.00000
     1.00000    17.6311   -24.6693   -21.0437    1.00000    1.00000
     1.00000   -5.39223    11.1498    25.0004    1.00000    1.00000
     1.00000   -9.59959    1.18596    7.74009    1.00000    1.00000
     1.00000   -8.76302    31.6036    1.34062    1.00000    1.00000
     1.00000    13.0842   -34.0986   -15.6534    1.00000    1.00000
     1.00000   10.08118    9.76896    18.1397    1.00000    1.00000
     1.00000    1.26888    4.62831  -0.479980    1.00000    1.00000
     1.00000   -19.0121    20.4387  -0.980591    1.00000    1.00000
     1.00000    25.3351   -18.0879   -31.9265    1.00000    1.00000
     1.00000   -6.21235    5.37999    21.4721    1.00000    1.00000
     1.00000   -17.1255    1.51051    10.8206    1.00000    1.00000
     1.00000   -19.9909    32.0331   -2.93244    1.00000    1.00000
     1.00000    2.22498   -31.9076   -20.3191    1.00000    1.00000
     1.00000    8.85865    1.95804    19.7666    1.00000    1.00000
     1.00000    5.37157   -23.7517   -5.82603    1.00000    1.00000
     1.00000   -20.7070    12.1241    4.28560    1.00000    1.00000
     1.00000    20.0509   -27.2254   -30.1183    1.00000    1.00000
     1.00000   -11.9517    11.4633    18.5791    1.00000    1.00000
     1.00000   -2.79746    1.54168    2.20904    1.00000    1.00000
     1.00000  -0.602764    29.0057    1.84223    1.00000    1.00000
     1.00000   10.36584   -25.2211   -8.93897    1.00000    1.00000
     1.00000    7.41924   10.03866    16.6803    1.00000    1.00000
     1.00000    3.37560   -10.8833   -5.79079    1.00000    1.00000
     1.00000   -22.2095    17.6570    5.61724    1.00000    1.00000
     1.00000    29.7803   -23.8178   -36.7752    1.00000    1.00000
     1.00000    1.22445    3.60943    23.0064    1.00000    1.00000
     1.00000   -15.2581   10.19377    11.3733    1.00000    1.00000
     1.00000   -14.3562    31.5152   -12.3167    1.00000    1.00000
     1.00000    7.80229   -30.1716   -28.1113    1.00000    1.00000
     1.00000    4.58314    1.34312    25.5094    1.00000    1.00000
     1.00000    7.88660   -18.5238   -7.89708    1.00000    1.00000
     1.00000   -18.3361    17.0105    15.4895    1.00000    1.00000
     1.00000    22.1973   -25.1059   -23.4443    1.00000    1.00000
     1.00000   -8.71787    13.4806    18.6419    1.00000    1.00000
     1.00000   -5.81658    2.62165    2.98970    1.00000    1.00000
     1.00000   -8.80765    29.9300   -2.45980    1.00000    1.00000
     1.00000    18.5336   -37.6051   -12.3181    1.00000    1.00000
     1.00000    13.6022    8.84579    15.0420    1.00000    1.00000
     1.00000    5.56905    2.36367   -2.54637    1.00000    1.00000
     1.00000   -19.5529    20.0986   -5.33487    1.00000    1.00000
     1.00000    22.3307   -13.0954   -34.5880    1.00000    1.00000
     1.00000   -12.1214    4.59690    20.7278    1.00000    1.00000
     1.00000   -18.6640    2.45469    19.4450    1.00000    1.00000
     1.00000   -19.3985    32.8533   -7.26320    1.00000    1.00000
     1.00000    4.26433   -28.4975   -25.4627    1.00000    1.00000
     1.00000    8.09743   0.180641    20.2779    1.00000    1.00000
     1.00000    11.5525   -26.7593   -6.38057    1.00000    1.00000
     1.00000   -21.4517    19.6402    12.0592    1.00000    1.00000
     1.00000    23.6745   -23.2527   -29.2941    1.00000    1.00000
     1.00000   -7.49873    13.3193    21.4261    1.00000    1.00000
     1.00000    4.38566   -2.58614    11.0545    1.00000    1.00000
     1.00000   -6.18271    35.1148    4.56623    1.00000    1.00000
     1.00000    5.90292   -28.0346   -17.7430    1.00000    1.00000
     1.00000    4.14320    6.82204    18.7022    1.00000    1.00000
     1.00000    4.86029   -5.16304   -2.40182    1.00000    1.00000
     1.00000   -14.6857    20.4937    6.96788    1.00000    1.00000
     1.00000    23.0511   -19.2168   -33.9231    1.00000    1.00000
     1.00000    3.35202    6.46329    29.0364    1.00000    1.00000
     1.00000   -16.1358    7.70376    1.15738    1.00000    1.00000
     1.00000   -15.1225    23.1375   -7.27341    1.00000    1.00000
     1.00000    13.0664   -30.7583   -19.5716    1.00000    1.00000
     1.00000    9.64901  -0.991943    26.7382    1.00000    1.00000
     1.00000    5.85112   -17.3373   -11.7065    1.00000    1.00000
     1.00000   -20.8298    11.8152    21.4218    1.00000    1.00000
     1.00000    17.7599   -28.1669   -22.8592    1.00000    1.00000
     1.00000   -4.51324    7.05492    22.5252    1.00000    1.00000
     1.00000   -7.57188  -0.581764    6.69080    1.00000    1.00000
     1.00000   -9.27967    30.2405    3.49553    1.00000    1.00000
     1.00000    11.0589   -28.8636   -13.2958    1.00000    1.00000
     1.00000    9.06847    10.5964    21.8918    1.00000    1.00000
     1.00000    2.54169    3.92074   -1.85085    1.00000    1.00000
     1.00000   -24.7133    19.7433   0.240227    1.00000    1.00000
     1.00000    24.4890   -19.7535   -32.6407    1.00000    1.00000
     1.00000   -1.37590    3.11684    20.3869    1.00000    1.00000
     1.00000   -13.6576    2.44463    9.30621    1.00000    1.00000
     1.00000   -22.2689    32.3636   -5.73692    1.00000    1.00000
     1.00000    3.14802   -28.0468   -23.5701    1.00000    1.00000
     1.00000    11.9896   -1.39951    18.8731    1.00000    1.00000
     1.00000    7.33801   -27.5214   -6.36330    1.00000    1.00000
     1.00000   -21.8422    14.7810    7.02605    1.00000    1.00000
     1.00000    16.0234   -24.9832   -26.9666    1.00000    1.00000
     1.00000   -14.8090    12.1878    18.7514    1.00000    1.00000
     1.00000   0.680618    4.14025    7.56115    1.00000    1.00000
     1.00000   -4.32257    34.0377    1.28791    1.00000    1.00000
     1.00000    11.5653   -27.0133   -13.8615    1.00000    1.00000
     1.00000    6.60166    9.53568    13.0331    1.00000    1.00000
     1.00000    3.75415   -12.8255   -10.8874    1.00000    1.00000
     1.00000   -20.2427    19.8324    1.99170    1.00000    1.00000
     1.00000    27.3166   -20.3899   -37.1289    1.00000    1.00000
     1.00000    5.01635    7.96032    23.7045    1.00000    1.00000
     1.00000   -13.2600    5.41631    8.52921    1.00000    1.00000
     1.00000   -11.2963    31.0766   -8.56275    1.00000    1.00000
     1.00000    9.17042   -25.7277   -24.2476    1.00000    1.00000
     1.00000    5.41462    2.20802    23.4155    1.00000    1.00000
     1.00000    4.49672   -14.3502   -5.15318    1.00000    1.00000
     1.00000   -15.1796    17.3146    16.7931    1.00000    1.00000
     1.00000    20.6863   -21.8986   -25.1324    1.00000    1.00000
     1.00000   -5.97752    12.0522    17.9797    1.00000    1.00000
     1.00000   -12.1279    3.66549    3.38960    1.00000    1.00000
     1.00000   -11.3832    33.6078   -5.63734    1.00000    1.00000
     1.00000    18.2825   -42.1303   -14.0321    1.00000    1.00000
     1.00000   10.38321    11.9317    21.1929    1.00000    1.00000
     1.00000    6.18337    4.18851   -3.08726    1.00000    1.00000
     1.00000   -15.2567    21.6068   -4.56680    1.00000    1.00000
     1.00000    25.0677   -15.7189   -33.4155    1.00000    1.00000
     1.00000   -11.3766    3.06155    19.6847    1.00000    1.00000
     1.00000   -15.5951    3.01904    15.4614    1.00000    1.00000
     1.00000   -18.4279    30.8749   -6.79939    1.00000    1.00000
     1.00000    3.05293   -37.2645   -31.4026    1.00000    1.00000
     1.00000    8.23879   -4.34366    21.2400    1.00000    1.00000
     1.00000    9.95401   -29.1513   -4.65316    1.00000    1.00000
     1.00000   -23.7576    17.9108    16.2919    1.00000    1.00000
     1.00000    23.5243   -26.6536   -28.9269    1.00000    1.00000
     1.00000   -12.0040    13.3143    21.4512    1.00000    1.00000
     1.00000    2.05014    1.28028    9.18782    1.00000    1.00000
     1.00000   -7.95511    36.3542    3.39507    1.00000    1.00000
     1.00000    11.8135   -27.3748   -17.3890    1.00000    1.00000
     1.00000    8.90470    7.61118    18.9755    1.00000    1.00000
     1.00000    2.76454   -1.40579   -4.05588    1.00000    1.00000
     1.00000   -17.3048    17.5936    5.76205    1.00000    1.00000
     1.00000    23.8540   -23.7106   -34.1796    1.00000    1.00000
     1.00000   -1.82731    2.95496    28.1033    1.00000    1.00000
     1.00000   -13.6736    7.80682    3.99803    1.00000    1.00000
     1.00000   -12.3134    25.8503   -7.41632    1.00000    1.00000
     1.00000    11.4936   -27.6809   -22.5907    1.00000    1.00000
     1.00000    7.70539   -1.41816    30.0613    1.00000    1.00000
     1.00000    2.31490   -17.7759   -10.6768    1.00000    1.00000
     1.00000   -16.7868    11.9065    18.8468    1.00000    1.00000
     1.00000    18.9683   -21.7089   -19.9525    1.00000    1.00000
     1.00000   -5.90028    9.82485    23.5910    1.00000    1.00000
     1.00000   -9.27344    1.68294    5.59095    1.00000    1.00000
     1.00000   -7.36431    33.6050  -0.365696    1.00000    1.00000
     1.00000    13.8450   -32.2588   -15.8432    1.00000    1.00000
     1.00000    9.15430   10.42278    15.7627    1.00000    1.00000
     1.00000  -0.116581    4.18902    2.25212    1.00000    1.00000
     1.00000   -20.4138    21.7772    1.55754    1.00000    1.00000
     1.00000    29.3366   -17.9398   -31.2534    1.00000    1.00000
     1.00000   -3.17007    4.31547    23.2799    1.00000    1.00000
     1.00000   -16.4537    3.23817    13.6684    1.00000    1.00000
     1.00000   -19.2010    35.6312   -1.72690    1.00000    1.00000
     1.00000  -0.209023   -30.4917   -20.5273    1.00000    1.00000
     1.00000    10.6300    2.25996    18.8886    1.00000    1.00000
     1.00000    4.73239   -25.6074   -6.21044    1.00000    1.00000
     1.00000   -21.2839    13.2880    8.23407    1.00000    1.00000
     1.00000    19.2709   -26.7591   -26.0211    1.00000    1.00000
     1.00000  -10.19854    11.3173    20.4401    1.00000    1.00000
     1.00000   -3.83041    3.82621    4.79594    1.00000    1.00000
     1.00000   -1.71058    28.7561   0.195889    1.00000    1.00000
     1.00000    9.87133   -26.5114  -10.38490    1.00000    1.00000
     1.00000    7.80399    8.45461    15.5215    1.00000    1.00000
     1.00000    4.15341   -11.3462   -7.57426    1.00000    1.00000
     1.00000   -21.1990    20.6824    5.93099    1.00000    1.00000
     1.00000    28.5203   -21.7206   -38.0324    1.00000    1.00000
     1.00000    3.11552    3.53286    21.3639    1.00000    1.00000
     1.00000   -15.6465    11.6773    14.4209    1.00000    1.00000
     1.00000   -15.4968    29.7037   -9.58455    1.00000    1.00000
     1.00000    10.7480   -26.8715   -27.1310    1.00000    1.00000
     1.00000    2.99547    1.73300    26.6615    1.00000    1.00000
     1.00000    6.66048   -21.6912   -7.24121    1.00000    1.00000
     1.00000   -17.7191    19.4555    13.7868    1.00000    1.00000
     1.00000    20.4715   -25.9101   -22.8320    1.00000    1.00000
     1.00000   -8.49511    11.7221    15.4892    1.00000    1.00000
     1.00000  -10.25459    3.03330    3.08775    1.00000    1.00000
     1.00000   -8.56578    32.7457   -4.17784    1.00000    1.00000
     1.00000    16.5254   -37.6673   -12.9222    1.00000    1.00000
     1.00000    13.8701    11.5069    16.6499    1.00000    1.00000
     1.00000    4.42979    2.02906  -0.401653    1.00000    1.00000
     1.00000   -20.2300    22.2656   -4.26734    1.00000    1.00000
     1.00000    22.9847   -13.5681   -32.7580    1.00000    1.00000
     1.00000  -10.07623    6.10647    22.3860    1.00000    1.00000
     1.00000   -19.0761   -1.38313    15.6731    1.00000    1.00000
     1.00000   -17.3592    35.8637   -6.36871    1.00000    1.00000
     1.00000    3.92690   -31.1391   -28.4652    1.00000    1.00000
     1.00000    9.75495  -0.845039    20.7258    1.00000    1.00000
     1.00000    14.7063   -24.7685   -9.68796    1.00000    1.00000
     1.00000   -20.1927    18.6091    10.8965    1.00000    1.00000
     1.00000    22.0629   -23.3689   -30.4900    1.00000    1.00000
     1.00000   -8.21181    15.7571    23.4253    1.00000    1.00000
     1.00000    4.59287    1.42985    9.08042    1.00000    1.00000
     1.00000   -6.78332    33.2080    4.50825    1.00000    1.00000
     1.00000    2.83176   -28.1999   -18.0659    1.00000    1.00000
     1.00000    5.92415    7.71970    18.8519    1.00000    1.00000
     1.00000    3.05522  -10.13974   -3.96201    1.00000    1.00000
     1.00000   -16.7135    20.6987    5.38596    1.00000    1.00000
     1.00000    23.5763   -20.3020   -35.5188    1.00000    1.00000
     1.00000    1.68332    3.37601    28.2534    1.00000    1.00000
     1.00000   -14.2721    7.73386    1.88235    1.00000    1.00000
     1.00000   -16.8186    24.4381   -3.68682    1.00000    1.00000
     1.00000    11.7911   -27.5023   -20.2866    1.00000    1.00000
     1.00000    8.79970   -1.71248    28.3994    1.00000    1.00000
     1.00000    6.48981   -17.0930   -7.57692    1.00000    1.00000
     1.00000   -24.1901    11.0361    22.1936    1.00000    1.00000
     1.00000    14.7321   -30.1657   -23.6558    1.00000    1.00000
     1.00000   -5.39911    8.83281    21.9282    1.00000    1.00000
     1.00000   -4.83403   -1.99263    8.18109    1.00000    1.00000
     1.00000   -11.1909    31.1578    2.34197    1.00000    1.00000
     1.00000    11.2665   -31.0606   -12.5609    1.00000    1.00000
     1.00000    9.78019   10.28020    20.0497    1.00000    1.00000
     1.00000    3.82286    4.59933   -3.22857    1.00000    1.00000
     1.00000   -23.8500    20.6072    2.79219    1.00000    1.00000
     1.00000    24.1612   -21.3041   -31.4208    1.00000    1.00000
     1.00000  -0.563580    4.92887    20.1488    1.00000    1.00000
     1.00000   -12.3345    4.26270    9.87555    1.00000    1.00000
     1.00000   -21.3749    33.1484   -7.34468    1.00000    1.00000
     1.00000    3.93534   -30.4407   -25.1225    1.00000    1.00000
     1.00000    15.2661   -3.17150    20.8740    1.00000    1.00000
     1.00000    6.63916   -30.3683   -3.15369    1.00000    1.00000
     1.00000   -18.4298    16.2818    8.49104    1.00000    1.00000
     1.00000    18.5722   -24.2858   -29.7646    1.00000    1.00000
     1.00000   -13.6183   10.36684    18.4379    1.00000    1.00000
     1.00000   -1.93617    4.43057    5.01184    1.00000    1.00000
     1.00000   -3.34129    32.5412   0.394894    1.00000    1.00000
     1.00000    12.5724   -27.4266   -15.5393    1.00000    1.00000
     1.00000    5.72736    6.11164    13.4881    1.00000    1.00000
     1.00000    5.03533   -9.97774   -8.73600    1.00000    1.00000
     1.00000   -17.4429    20.8528    3.53009    1.00000    1.00000
     1.00000    27.0634   -23.6333   -35.8698    1.00000    1.00000
     1.00000    4.94120    2.95155    20.7904    1.00000    1.00000
     1.00000   -13.5589    8.55279   10.42572    1.00000    1.00000
     1.00000   -12.4031    29.4120   -8.62639    1.00000    1.00000
     1.00000    9.05798   -27.8831   -25.5871    1.00000    1.00000
     1.00000    9.67989    1.47463    23.4625    1.00000    1.00000
     1.00000    5.60307   -18.0348   -5.36281    1.00000    1.00000
     1.00000   -16.0987    15.3676    15.8418    1.00000    1.00000
     1.00000    20.9436   -21.9817   -27.1140    1.00000    1.00000
     1.00000   -6.19730    12.5414    19.9064    1.00000    1.00000
     1.00000   -11.5795    3.99237    5.28497    1.00000    1.00000
     1.00000   -9.34471    31.3406   -8.21379    1.00000    1.00000
     1.00000    16.7149   -40.1452   -11.5402    1.00000    1.00000
     1.00000    12.6895    10.8368    18.1186    1.00000    1.00000
     1.00000    7.48682    1.46453   -4.94151    1.00000    1.00000
     1.00000   -17.9628    22.3637   -4.14708    1.00000    1.00000
     1.00000    23.6000   -17.1334   -32.2066    1.00000    1.00000
     1.00000   -7.61839    4.12896    20.7953    1.00000    1.00000
     1.00000   -14.3470    4.19582    18.2485    1.00000    1.00000
     1.00000   -17.8701    32.0795   -8.29530    1.00000    1.00000
     1.00000    3.86194   -34.3001   -30.3621    1.00000    1.00000
     1.00000    8.87152   -7.20686    20.2846    1.00000    1.00000
     1.00000    12.6268   -27.8776   -5.11745    1.00000    1.00000
     1.00000   -22.6284    19.4953    15.8289    1.00000    1.00000
     1.00000    22.4922   -26.8954   -27.2309    1.00000    1.00000
     1.00000   -11.1546    16.6876    21.7906    1.00000    1.00000
     1.00000    3.02365    4.70731    8.10196    1.00000    1.00000
     1.00000   -8.92443    33.4909    2.21988    1.00000    1.00000
     1.00000    7.60166   -28.7173   -16.9379    1.00000    1.00000
     1.00000    8.29821    3.85156    19.4497    1.00000    1.00000
     1.00000    3.60303   -3.69033   -1.90142    1.00000    1.00000
     1.00000   -16.1710    17.4137    4.12433    1.00000    1.00000
     1.00000    21.5161   -21.9349   -31.7725    1.00000    1.00000
     1.00000  -0.316212    4.09843    25.3205    1.00000    1.00000
     1.00000   -12.2050    6.31377    5.64451    1.00000    1.00000
     1.00000   -15.4475    25.1109   -7.27478    1.00000    1.00000
     1.00000    14.7200   -29.2171   -21.8950    1.00000    1.00000
     1.00000    7.17240    1.13203    29.9730    1.00000    1.00000
     1.00000   -1.15187   -17.9928   -9.36566    1.00000    1.00000
     1.00000   -17.3140    13.1873    17.4041    1.00000    1.00000
     1.00000    19.2235   -23.4602   -20.9960    1.00000    1.00000
     1.00000   -4.30523    11.5970    23.3822    1.00000    1.00000
     1.00000   -7.60674    1.13921    7.90247    1.00000    1.00000
     1.00000   -6.88662    32.0853   0.843513    1.00000    1.00000
     1.00000    13.8945   -35.3842   -14.3531    1.00000    1.00000
     1.00000    9.68042    11.5520    17.3273    1.00000    1.00000
     1.00000    1.69696    2.67516  -0.435722    1.00000    1.00000
     1.00000   -19.3540    21.5023   -2.63947    1.00000    1.00000
     1.00000    26.9669   -17.1310   -32.5755    1.00000    1.00000
     1.00000   -4.25698    5.19086    21.8473    1.00000    1.00000
