     1.00000   -5.10933   -3.46675    4.50044    1.00000    1.00000
     1.00000    19.6513    2.62656   -46.0293    1.00000    1.00000
     1.00000   -11.0236    9.39114    23.6864    1.00000    1.00000
     1.00000    2.38213   -4.73045    1.69245    1.00000    1.00000
     1.00000   -19.7675   -14.4151   -16.5021    1.00000    1.00000
     1.00000    25.6290   -5.05785   -22.3261    1.00000    1.00000
     1.00000   -12.3488    14.9094    27.6521    1.00000    1.00000
     1.00000   0.315865    3.73758   -7.51738    1.00000    1.00000
     1.00000   -4.24658   -7.75634    19.6863    1.00000    1.00000
     1.00000    14.4215   -6.64305   -22.7686    1.00000    1.00000
     1.00000   -12.5133   -4.61743    24.7693    1.00000    1.00000
     1.00000    17.1189   -1.96576   -7.27225    1.00000    1.00000
     1.00000   -11.3059  -10.21292    1.37112    1.00000    1.00000
     1.00000    20.8472   -4.76508   -16.5317    1.00000    1.00000
     1.00000   -12.6332    30.1585    21.9928    1.00000    1.00000
     1.00000   -9.45547    2.26663    4.87573    1.00000    1.00000
     1.00000   -7.94786   -4.56537    14.7680    1.00000    1.00000
     1.00000    14.4987   -2.01330   -40.1663    1.00000    1.00000
     1.00000   -3.49040    11.6255    23.3575    1.00000    1.00000
     1.00000    17.3429   0.812759   0.745831    1.00000    1.00000
     1.00000   -23.2614   -15.7364   -17.2451    1.00000    1.00000
     1.00000    22.8823    5.90464   -26.7053    1.00000    1.00000
     1.00000  -10.27896    11.2345    19.4654    1.00000    1.00000
     1.00000   -6.29293    5.34632    2.22731    1.00000    1.00000
     1.00000    1.44479    3.80109    26.3244    1.00000    1.00000
     1.00000    13.4934   -6.91211   -33.2729    1.00000    1.00000
     1.00000   -14.0667   -4.42426    22.9721    1.00000    1.00000
     1.00000    22.2296   -1.32553   -3.30337    1.00000    1.00000
     1.00000   -17.2134   -10.7164   -8.05451    1.00000    1.00000
     1.00000    19.9993   -15.0252   -10.9967    1.00000    1.00000
     1.00000   -16.1522    23.0882    26.8733    1.00000    1.00000
     1.00000   -17.6365    2.54362    9.94385    1.00000    1.00000
     1.00000   -5.55998   -5.64635    9.94632    1.00000    1.00000
     1.00000    17.3131    2.25030   -39.6159    1.00000    1.00000
     1.00000   -4.69572    9.86288    21.1136    1.00000    1.00000
     1.00000  -0.283531   0.618877  -0.905933    1.00000    1.00000
     1.00000   -16.3785   -13.7400  -10.21820    1.00000    1.00000
     1.00000    25.2186   -5.75453   -25.5374    1.00000    1.00000
     1.00000   -7.73699    20.1894    29.4733    1.00000    1.00000
     1.00000   -7.61252    4.90283   -7.46707    1.00000    1.00000
     1.00000   -8.45680E-02   -1.30898    23.3344    1.00000    1.00000
     1.00000    23.5901   -6.05998   -24.4172    1.00000    1.00000
     1.00000   -6.52658   0.524761    20.8806    1.00000    1.00000
     1.00000    18.2702   -5.62057E-02   -8.92319    1.00000    1.00000
     1.00000   -13.5387   -11.6542   0.827076    1.00000    1.00000
     1.00000    22.6951  -0.200787   -20.6398    1.00000    1.00000
     1.00000   -14.1141    25.3174    19.7633    1.00000    1.00000
     1.00000   -13.7902   -3.82190    8.37135    1.00000    1.00000
     1.00000   -5.11903   -8.33875    11.4048    1.00000    1.00000
     1.00000    16.2149   -3.27010   -46.5303    1.00000    1.00000
     1.00000   -4.64666    9.64108    29.4481    1.00000    1.00000
     1.00000   10.12409    2.12912    3.48964    1.00000    1.00000
     1.00000   -24.9573   -24.1654   -22.1277    1.00000    1.00000
     1.00000    20.8751   0.244991   -33.6493    1.00000    1.00000
     1.00000   -16.7654    12.5912    25.5402    1.00000    1.00000
     1.00000   -7.73441  -0.648186   -3.29940    1.00000    1.00000
     1.00000    6.66507    2.77327    29.3890    1.00000    1.00000
     1.00000    15.1412   -4.73204   -29.8208    1.00000    1.00000
     1.00000   -12.3370    4.43637    25.8775    1.00000    1.00000
     1.00000    15.5607    1.09753   -2.23761    1.00000    1.00000
     1.00000   -22.7744   -15.8743   -10.9029    1.00000    1.00000
     1.00000    18.8337   -13.7986   -13.7744    1.00000    1.00000
     1.00000   -18.0679    27.0804    28.3349    1.00000    1.00000
     1.00000   -14.2190  -0.135983    7.20408    1.00000    1.00000
     1.00000   -5.64999   -5.45141    6.73612    1.00000    1.00000
     1.00000    20.3797   0.741386   -46.1529    1.00000    1.00000
     1.00000   -7.11697    11.1386    23.3266    1.00000    1.00000
     1.00000    3.95052   -5.75884   -1.32344    1.00000    1.00000
     1.00000   -18.9519   -15.7919   -15.3024    1.00000    1.00000
     1.00000    24.6380  -0.249676   -21.1510    1.00000    1.00000
     1.00000   -14.6752    17.5387    27.2219    1.00000    1.00000
     1.00000   -1.21550   0.257233   -6.54501    1.00000    1.00000
     1.00000   -4.53122   -5.64704    25.2892    1.00000    1.00000
     1.00000    16.9454   -5.74917   -26.3442    1.00000    1.00000
     1.00000   -7.32590   -5.35171    25.3842    1.00000    1.00000
     1.00000    22.3614   -6.38049   -8.69418    1.00000    1.00000
     1.00000   -8.19495   -8.24104    5.01775    1.00000    1.00000
     1.00000    20.6284   -4.32039   -19.5765    1.00000    1.00000
     1.00000   -11.9934    26.8621    18.0888    1.00000    1.00000
     1.00000   -11.0991   -4.28492    5.96181    1.00000    1.00000
     1.00000   -4.12416   -7.40332    17.0365    1.00000    1.00000
     1.00000    16.6360   -2.98024   -41.8331    1.00000    1.00000
     1.00000   -2.17226    15.0462    24.8594    1.00000    1.00000
     1.00000    10.8571    2.05784    5.34911    1.00000    1.00000
     1.00000   -22.6212   -16.8572   -19.7479    1.00000    1.00000
     1.00000    23.8290    2.74194   -23.8995    1.00000    1.00000
     1.00000   -12.9090    14.5506    22.1683    1.00000    1.00000
     1.00000   -5.24638    1.64015    3.74228    1.00000    1.00000
     1.00000  -0.113598    2.08726    25.6338    1.00000    1.00000
     1.00000    12.1023   -7.04756   -35.5648    1.00000    1.00000
     1.00000   -8.60419  -0.540485    22.3826    1.00000    1.00000
     1.00000    24.0971   -6.54891   -3.86279    1.00000    1.00000
     1.00000   -17.9216   -6.96021   -7.17110    1.00000    1.00000
     1.00000    20.2810   -12.5765   -6.69535    1.00000    1.00000
     1.00000   -14.2855    20.7551    24.8037    1.00000    1.00000
     1.00000   -18.0740    1.24833    7.25690    1.00000    1.00000
     1.00000  -10.56397   -7.15327    7.80700    1.00000    1.00000
     1.00000    19.7332    5.56253   -43.2412    1.00000    1.00000
     1.00000   -9.57465    7.62722    19.4087    1.00000    1.00000
     1.00000  -0.503807    1.81019   0.754833    1.00000    1.00000
     1.00000   -17.0900   -13.7946   -7.84267    1.00000    1.00000
     1.00000    24.0664   -8.51832   -20.9660    1.00000    1.00000
     1.00000   -9.31329    18.3337    30.9929    1.00000    1.00000
     1.00000   -3.56668    5.95473   -6.95517    1.00000    1.00000
     1.00000   -2.37360   -2.74504    24.2819    1.00000    1.00000
     1.00000    17.2849   -2.82841   -24.4115    1.00000    1.00000
     1.00000   -9.59285   -3.88076    19.8015    1.00000    1.00000
     1.00000    22.1605   -1.79364   -11.8558    1.00000    1.00000
     1.00000   -16.7243   -7.84822   -4.59394    1.00000    1.00000
     1.00000    23.0667   0.381031   -15.3341    1.00000    1.00000
     1.00000   -14.3905    21.5648    21.6322    1.00000    1.00000
     1.00000   -15.9607   -5.22520    8.90695    1.00000    1.00000
     1.00000   -5.09894   -8.92934    13.3670    1.00000    1.00000
     1.00000    16.7448   -3.98118   -43.5612    1.00000    1.00000
     1.00000   -4.86703    11.0504    25.4695    1.00000    1.00000
     1.00000    2.79723    2.80540  -0.724514    1.00000    1.00000
     1.00000   -23.2934   -21.5500   -21.1073    1.00000    1.00000
     1.00000    24.5728    2.78112   -30.3656    1.00000    1.00000
     1.00000   -12.4279    16.2855    25.1133    1.00000    1.00000
     1.00000   -8.68851    2.33876    2.85962    1.00000    1.00000
     1.00000   10.57451    3.16321    29.1889    1.00000    1.00000
     1.00000    14.7117   -2.29903   -26.6168    1.00000    1.00000
     1.00000   -13.7691    1.68420    21.1743    1.00000    1.00000
     1.00000    19.5811   -1.75189   -2.54575    1.00000    1.00000
     1.00000   -19.9450   -12.9851   -9.06094    1.00000    1.00000
     1.00000    18.7999   -12.3459   -15.1486    1.00000    1.00000
     1.00000   -19.1096    28.2162    26.0222    1.00000    1.00000
     1.00000   -14.8980   -3.67739    3.33853    1.00000    1.00000
     1.00000   -7.16845   -6.34041    3.08332    1.00000    1.00000
     1.00000    22.4690    4.70988   -45.3130    1.00000    1.00000
     1.00000   -11.7621    9.39141    25.5451    1.00000    1.00000
     1.00000    1.93505   -3.09002  -0.218014    1.00000    1.00000
     1.00000   -20.9884   -14.3740   -13.0225    1.00000    1.00000
     1.00000    25.5659   -3.68206   -19.4870    1.00000    1.00000
     1.00000   -10.6539    15.8378    28.1675    1.00000    1.00000
     1.00000    1.68990    4.26556   -3.01236    1.00000    1.00000
     1.00000   -1.52703   -4.95309    19.9128    1.00000    1.00000
     1.00000    15.2413   -4.11566   -24.7933    1.00000    1.00000
     1.00000   -11.7741   -9.54824    22.2797    1.00000    1.00000
     1.00000    17.2972   -2.38699   -5.32525    1.00000    1.00000
     1.00000  -10.49963   -11.3175   -8.83026E-02    1.00000    1.00000
     1.00000    21.2250   -5.84927   -14.8941    1.00000    1.00000
     1.00000   -9.45752    30.3087    20.5752    1.00000    1.00000
     1.00000   -7.51186    1.90341    4.57499    1.00000    1.00000
     1.00000   -4.32462   -9.11722    15.2014    1.00000    1.00000
     1.00000    12.9967   -5.21784   -36.6877    1.00000    1.00000
     1.00000   -4.39834    8.36387    23.0770    1.00000    1.00000
     1.00000    15.7501    1.27496    1.86359    1.00000    1.00000
     1.00000   -22.6656   -18.7567   -19.1237    1.00000    1.00000
     1.00000    23.4237    2.42392   -26.8087    1.00000    1.00000
     1.00000   -11.4442    11.1868    22.9125    1.00000    1.00000
     1.00000   -3.69890    4.26698  -0.720310    1.00000    1.00000
     1.00000    6.33813    3.21166    27.2975    1.00000    1.00000
     1.00000    12.4376   -4.26225   -30.8234    1.00000    1.00000
     1.00000   -15.5166   0.987484    22.6113    1.00000    1.00000
     1.00000    20.5591   -2.47121   -6.17674    1.00000    1.00000
     1.00000   -15.5849   -8.35403   -12.2020    1.00000    1.00000
     1.00000    19.4131   -15.4413   -9.13034    1.00000    1.00000
     1.00000   -14.1847    24.6185    29.4106    1.00000    1.00000
     1.00000   -16.4048    2.08665    11.4519    1.00000    1.00000
     1.00000   -7.13656   -6.85172    9.69838    1.00000    1.00000
     1.00000    15.6019    4.49894   -42.1809    1.00000    1.00000
     1.00000   -6.82798   10.32640    21.5220    1.00000    1.00000
     1.00000   0.461216   0.509369   -2.75886    1.00000    1.00000
     1.00000   -18.2924   -16.2823   -11.5061    1.00000    1.00000
     1.00000    25.1553   -7.61847   -23.3272    1.00000    1.00000
     1.00000   -6.85332    19.0781    28.0647    1.00000    1.00000
     1.00000   -5.73055    2.43429   -5.89987    1.00000    1.00000
     1.00000   -2.91521  -0.835556    24.0359    1.00000    1.00000
     1.00000    20.9789   -6.39124   -25.2619    1.00000    1.00000
     1.00000   -7.32713   -3.29039    21.6147    1.00000    1.00000
     1.00000    18.3443   -1.59645   -11.8236    1.00000    1.00000
     1.00000   -12.9594   -8.48219   -2.50830    1.00000    1.00000
     1.00000    21.8031   -1.49322   -21.8783    1.00000    1.00000
     1.00000   -13.9310    22.5629    19.5261    1.00000    1.00000
     1.00000   -13.5647   -3.15802    6.49827    1.00000    1.00000
     1.00000   -3.49059   -5.99028    10.5801    1.00000    1.00000
     1.00000    19.7357   -3.13841   -45.8767    1.00000    1.00000
     1.00000   -6.52779    8.54448    28.1055    1.00000    1.00000
     1.00000   10.11817    1.92476    1.50012    1.00000    1.00000
     1.00000   -25.2786   -27.4974   -25.2205    1.00000    1.00000
     1.00000    22.7018   -2.11186   -31.6384    1.00000    1.00000
     1.00000   -16.2564    18.0102    25.8056    1.00000    1.00000
     1.00000   -5.41575    2.20833   -3.89025    1.00000    1.00000
     1.00000    8.31120    1.77135    29.9242    1.00000    1.00000
     1.00000    15.7554   -3.42702   -28.4353    1.00000    1.00000
     1.00000   -10.7360    7.11975    24.3387    1.00000    1.00000
     1.00000    15.2606   -2.64069   -2.49857    1.00000    1.00000
     1.00000   -21.0625   -14.8559   -11.0828    1.00000    1.00000
     1.00000    21.3248   -16.0120   -12.1232    1.00000    1.00000
     1.00000   -15.7930    25.4563    30.2539    1.00000    1.00000
     1.00000   -14.0172   -1.82011   10.39296    1.00000    1.00000
     1.00000   -7.64840   -5.49005    6.80594    1.00000    1.00000
     1.00000    19.6107   -1.30073   -45.0974    1.00000    1.00000
     1.00000   -7.78250    11.4439    25.6113    1.00000    1.00000
     1.00000    4.45458   -4.98445   0.450321    1.00000    1.00000
     1.00000   -21.5890   -16.3111   -13.8801    1.00000    1.00000
     1.00000    25.2386    1.65626   -21.0689    1.00000    1.00000
     1.00000   -12.7039    17.7718    29.2065    1.00000    1.00000
     1.00000  -0.781059    2.09481   -7.20424    1.00000    1.00000
     1.00000   -6.29428   -6.14454    22.1218    1.00000    1.00000
     1.00000    15.4912   -6.23264   -28.3468    1.00000    1.00000
     1.00000  -10.53682   -4.33592    24.6504    1.00000    1.00000
     1.00000    19.3644   -6.21767   -7.38660    1.00000    1.00000
     1.00000   -11.3766   -6.54215    1.98212    1.00000    1.00000
     1.00000    21.8890   -3.99915   -18.0575    1.00000    1.00000
     1.00000   -11.7264    27.8338    19.8164    1.00000    1.00000
     1.00000   -11.3784  -0.665329    5.08488    1.00000    1.00000
     1.00000   -5.07054   -5.05503    14.9241    1.00000    1.00000
     1.00000    13.0445   -3.17049   -42.6742    1.00000    1.00000
     1.00000  -0.694908   10.19781    21.9971    1.00000    1.00000
     1.00000    14.1826    3.08727    4.36145    1.00000    1.00000
     1.00000   -21.5193   -15.2243   -20.0940    1.00000    1.00000
     1.00000    21.6297    1.20855   -25.5200    1.00000    1.00000
     1.00000   -10.7184    13.2279    24.0097    1.00000    1.00000
     1.00000   -4.52998    3.23519    1.02506    1.00000    1.00000
     1.00000   0.146194   0.856457    24.0789    1.00000    1.00000
     1.00000    11.6830   -8.94517   -36.0373    1.00000    1.00000
     1.00000   -11.2203    6.94122E-02    24.2626    1.00000    1.00000
     1.00000    22.9926   -6.30893   -5.51278    1.00000    1.00000
     1.00000   -16.1342   -5.97150   -4.95396    1.00000    1.00000
     1.00000    22.8701   -9.61958   -6.89871    1.00000    1.00000
     1.00000   -14.2714    18.1844    25.3726    1.00000    1.00000
     1.00000   -18.1235    3.21320    3.77405    1.00000    1.00000
     1.00000   -12.1189   -8.48298    8.26133    1.00000    1.00000
     1.00000    19.0170    3.14263   -42.0897    1.00000    1.00000
     1.00000   -7.82370    8.85073    22.4335    1.00000    1.00000
     1.00000   -1.53247   0.250107    1.46757    1.00000    1.00000
     1.00000   -16.7635   -14.0075   -5.88103    1.00000    1.00000
     1.00000    25.1507   -6.81359   -21.4963    1.00000    1.00000
     1.00000   -11.5619    19.1322    30.1258    1.00000    1.00000
     1.00000   -4.18946    4.05613   -7.04130    1.00000    1.00000
     1.00000   -4.58410   -3.88169    24.1859    1.00000    1.00000
     1.00000    19.0413   -6.58934   -24.8075    1.00000    1.00000
     1.00000   -9.48139   -4.80307    21.5726    1.00000    1.00000
     1.00000    21.5549   -5.39775   -12.7923    1.00000    1.00000
     1.00000   -14.8146   -7.76770   -2.28951    1.00000    1.00000
     1.00000    22.9240    1.15479   -17.1728    1.00000    1.00000
     1.00000   -13.3419    20.3781    22.8539    1.00000    1.00000
     1.00000   -15.6062   -3.88588    14.2390    1.00000    1.00000
     1.00000   -3.01837   -9.60263    11.3969    1.00000    1.00000
     1.00000    18.2737   -2.92890   -44.3063    1.00000    1.00000
     1.00000   -4.55981    12.6681    28.1194    1.00000    1.00000
     1.00000    8.38658    2.48985   0.674129    1.00000    1.00000
     1.00000   -22.9635   -18.6594   -21.8537    1.00000    1.00000
     1.00000    25.2569    1.59715   -28.7673    1.00000    1.00000
     1.00000   -14.7996    13.9013    24.3313    1.00000    1.00000
     1.00000   -8.41132    2.03939  -0.990192    1.00000    1.00000
     1.00000    11.4175    3.47370    27.4021    1.00000    1.00000
     1.00000    16.6247   -1.97433   -26.1320    1.00000    1.00000
     1.00000   -15.2732    4.21817    22.0353    1.00000    1.00000
     1.00000    16.9824   -1.69611   -2.87709    1.00000    1.00000
     1.00000   -21.9771   -11.9860   -6.11429    1.00000    1.00000
     1.00000    18.6179   -8.51984   -16.0245    1.00000    1.00000
     1.00000   -20.6095    29.4690    27.7108    1.00000    1.00000
     1.00000   -12.8293  -0.147400    3.80944    1.00000    1.00000
     1.00000   -6.04697   -4.69062    3.22649    1.00000    1.00000
     1.00000    21.2875    3.12800   -44.9941    1.00000    1.00000
     1.00000   -9.33469    8.54676    24.3456    1.00000    1.00000
     1.00000    2.40329   -5.03330  -0.284374    1.00000    1.00000
     1.00000   -20.9537   -16.0044   -16.7613    1.00000    1.00000
     1.00000    26.0257   -3.86179   -23.8792    1.00000    1.00000
     1.00000   -12.8550    16.7362    27.0145    1.00000    1.00000
     1.00000   0.595345    3.47872   -5.55399    1.00000    1.00000
     1.00000   -4.00059   -9.04302    18.1750    1.00000    1.00000
     1.00000    13.8461   -5.44785   -24.2654    1.00000    1.00000
     1.00000   -12.1523   -6.45233    24.0602    1.00000    1.00000
     1.00000    19.0031   -1.40710   -7.64338    1.00000    1.00000
     1.00000   -10.8002   -8.48827    2.24853    1.00000    1.00000
     1.00000    20.8460   -2.77919   -16.7689    1.00000    1.00000
     1.00000   -11.1036    29.2778    21.0521    1.00000    1.00000
     1.00000   -8.70766    3.93484    4.06465    1.00000    1.00000
     1.00000   -6.70110   -6.08297    14.3906    1.00000    1.00000
     1.00000    13.9147   -3.73706   -39.3370    1.00000    1.00000
     1.00000   -3.77671    9.87236    24.2765    1.00000    1.00000
     1.00000    16.3567  -0.372215  -0.528240    1.00000    1.00000
     1.00000   -24.7703   -15.5400   -18.5430    1.00000    1.00000
     1.00000    22.4895    4.04137   -26.0938    1.00000    1.00000
     1.00000   -10.5991    11.9919    21.2885    1.00000    1.00000
     1.00000   -4.47276    4.56880    2.51443    1.00000    1.00000
     1.00000    2.69571    4.81123    27.5138    1.00000    1.00000
     1.00000    12.2407   -5.63033   -34.1604    1.00000    1.00000
     1.00000   -14.4632   -2.46654    23.0728    1.00000    1.00000
     1.00000    21.4454   -2.85219   -4.33013    1.00000    1.00000
     1.00000   -16.5374   -9.20296   -9.17368    1.00000    1.00000
     1.00000    18.9875   -16.3502   -12.1015    1.00000    1.00000
     1.00000   -15.7308    22.0800    25.1983    1.00000    1.00000
     1.00000   -17.6246    3.04656    8.00816    1.00000    1.00000
     1.00000   -6.03667   -5.24092    11.8459    1.00000    1.00000
     1.00000    15.9816    3.01055   -40.9001    1.00000    1.00000
     1.00000   -5.79186    11.1144    20.0036    1.00000    1.00000
     1.00000    1.26356    1.64893  -0.167347    1.00000    1.00000
     1.00000   -14.4696   -14.3359  -10.18596    1.00000    1.00000
     1.00000    26.8076   -6.59619   -24.6618    1.00000    1.00000
     1.00000   -9.10614    21.3014    28.5305    1.00000    1.00000
     1.00000   -6.04333    4.35683   -6.35373    1.00000    1.00000
     1.00000   0.494698   -2.02905    25.1081    1.00000    1.00000
     1.00000    22.5953   -4.32541   -24.4567    1.00000    1.00000
     1.00000   -8.04638  -0.708542    20.4693    1.00000    1.00000
     1.00000    18.2454    1.93591   -9.09891    1.00000    1.00000
     1.00000   -12.3628   -10.7088  -0.485817    1.00000    1.00000
     1.00000    22.8774  -0.194824   -18.6481    1.00000    1.00000
     1.00000   -14.0065    24.1017    21.3478    1.00000    1.00000
     1.00000   -14.1153   -5.79522    8.38765    1.00000    1.00000
     1.00000   -4.87463   -6.71212    12.5425    1.00000    1.00000
     1.00000    15.2138   -4.59134   -47.6493    1.00000    1.00000
     1.00000   -4.22028    11.0858    30.7638    1.00000    1.00000
     1.00000    8.54347    3.27221    3.93123    1.00000    1.00000
     1.00000   -25.6164   -24.6334   -23.9570    1.00000    1.00000
     1.00000    22.4202  -0.288433   -32.4969    1.00000    1.00000
     1.00000   -16.6305    14.4785    24.8923    1.00000    1.00000
     1.00000   -8.91630   0.510841   -2.17701    1.00000    1.00000
     1.00000    4.99804    3.85425    29.1599    1.00000    1.00000
     1.00000    13.4344   -3.96440   -29.1153    1.00000    1.00000
     1.00000   -13.2754    3.26523    24.5554    1.00000    1.00000
     1.00000    14.9347  -0.767597   -1.87783    1.00000    1.00000
     1.00000   -24.5993   -15.0772   -11.0881    1.00000    1.00000
     1.00000    20.6247   -14.4806   -13.2024    1.00000    1.00000
     1.00000   -17.7603    27.5540    30.2536    1.00000    1.00000
     1.00000   -15.2407    8.57315E-02    8.90908    1.00000    1.00000
     1.00000   -5.90274   -5.90932    4.80572    1.00000    1.00000
     1.00000    20.0946    1.60170   -44.3700    1.00000    1.00000
     1.00000   -7.45909    12.8771    24.2543    1.00000    1.00000
     1.00000    4.23645   -3.86931   -1.91329    1.00000    1.00000
     1.00000   -18.4956   -15.5780   -13.3669    1.00000    1.00000
     1.00000    23.7021   -1.98468   -21.4882    1.00000    1.00000
     1.00000   -14.6969    17.6053    29.2207    1.00000    1.00000
     1.00000   0.425301  -0.855644   -6.28179    1.00000    1.00000
     1.00000   -6.04475   -6.20182    24.1054    1.00000    1.00000
     1.00000    15.4675   -4.46412   -26.7496    1.00000    1.00000
     1.00000   -8.62977   -4.30468    26.4813    1.00000    1.00000
     1.00000    20.4509   -6.93285   -8.90582    1.00000    1.00000
     1.00000   -9.91850   -8.52374    4.04335    1.00000    1.00000
     1.00000    19.6444   -5.01753   -21.1721    1.00000    1.00000
     1.00000  -10.11238    27.5039    17.8657    1.00000    1.00000
     1.00000   -11.6893   -2.63880    4.99128    1.00000    1.00000
     1.00000   -4.10663   -5.78092    18.2060    1.00000    1.00000
     1.00000    18.5020   -2.26168   -41.7888    1.00000    1.00000
     1.00000   -2.00240    13.2078    24.0902    1.00000    1.00000
     1.00000    9.07924    1.24644    5.77436    1.00000    1.00000
     1.00000   -22.2323   -16.8035   -21.7090    1.00000    1.00000
     1.00000    25.8238    2.72652   -24.0425    1.00000    1.00000
     1.00000   -14.4396    14.0826    20.9691    1.00000    1.00000
     1.00000   -3.74091    2.36984    2.64633    1.00000    1.00000
     1.00000    6.56433E-02    3.93185    24.8819    1.00000    1.00000
     1.00000    13.9512   -6.32444   -35.3223    1.00000    1.00000
     1.00000   -9.86791   -1.30482    23.7312    1.00000    1.00000
     1.00000    23.1131   -5.51034   -2.46525    1.00000    1.00000
     1.00000   -18.2492   -8.45135   -8.46305    1.00000    1.00000
     1.00000    21.4136   -10.9636   -6.35541    1.00000    1.00000
     1.00000   -12.8577    22.0062    25.4330    1.00000    1.00000
     1.00000   -18.1129    2.26381    5.53432    1.00000    1.00000
     1.00000   -12.3957   -6.92601    7.03692    1.00000    1.00000
     1.00000    20.5429    3.73380   -43.2395    1.00000    1.00000
     1.00000   -9.66844    8.91515    17.8815    1.00000    1.00000
     1.00000   -1.79016    2.24857    2.22218    1.00000    1.00000
     1.00000   -15.7401   -14.9507   -8.75984    1.00000    1.00000
     1.00000    24.6523   -8.85590   -19.0838    1.00000    1.00000
     1.00000   -8.54328    16.5160    30.6719    1.00000    1.00000
     1.00000   -4.36346    7.68474   -6.34506    1.00000    1.00000
     1.00000   -1.98051   -3.26197    22.3903    1.00000    1.00000
     1.00000    18.2518   -3.82838   -25.8486    1.00000    1.00000
     1.00000   -10.9915   -2.48622    19.4866    1.00000    1.00000
     1.00000    21.0315   -1.58273  -10.21844    1.00000    1.00000
     1.00000   -16.4394   -8.78913   -2.85223    1.00000    1.00000
     1.00000    21.7689  -0.845688   -16.2346    1.00000    1.00000
     1.00000   -12.7420    21.3062    20.5296    1.00000    1.00000
     1.00000   -15.3209   -5.34187    10.7983    1.00000    1.00000
     1.00000   -4.84132  -10.25792    11.8944    1.00000    1.00000
     1.00000    16.9436   -5.15355   -41.9531    1.00000    1.00000
     1.00000   -6.25850    11.2512    26.8920    1.00000    1.00000
     1.00000    4.75545    2.43822  -0.899387    1.00000    1.00000
     1.00000   -24.5307   -23.0177   -20.5463    1.00000    1.00000
     1.00000    24.5423   0.783070   -30.4486    1.00000    1.00000
     1.00000   -13.0079    14.3716    25.0853    1.00000    1.00000
     1.00000   -7.26989    1.72808    1.58895    1.00000    1.00000
     1.00000    9.23107    2.14683    28.1109    1.00000    1.00000
     1.00000    14.8988   -1.53938   -28.4575    1.00000    1.00000
     1.00000   -13.7502    3.06279    22.6231    1.00000    1.00000
     1.00000    20.2747  -0.435654   -1.20919    1.00000    1.00000
     1.00000   -18.9132   -11.2755   -8.94782    1.00000    1.00000
     1.00000    19.0805  -10.40623   -15.5474    1.00000    1.00000
     1.00000   -19.7274    26.5173    25.1666    1.00000    1.00000
     1.00000   -14.9011   -2.48373    4.94326    1.00000    1.00000
     1.00000   -6.99305   -5.94948    1.12976    1.00000    1.00000
     1.00000    21.9776    3.51439   -46.8392    1.00000    1.00000
     1.00000   -11.1984    8.34609    27.1542    1.00000    1.00000
     1.00000    2.53381   -1.49989   -1.27299    1.00000    1.00000
     1.00000   -19.7701   -13.9621   -14.5541    1.00000    1.00000
     1.00000    25.1761   -3.33461   -21.4176    1.00000    1.00000
     1.00000  -10.54332    17.0742    29.7357    1.00000    1.00000
     1.00000    2.16838    2.94783   -4.43877    1.00000    1.00000
     1.00000   -2.59660   -6.64275    19.8798    1.00000    1.00000
     1.00000    14.5656   -2.30431   -24.2809    1.00000    1.00000
     1.00000   -12.8380   -8.06010    23.0881    1.00000    1.00000
     1.00000    18.8438   -3.52248   -5.88984    1.00000    1.00000
     1.00000   -8.93069   -11.7972    1.05549    1.00000    1.00000
     1.00000    22.3971   -6.96010   -13.7141    1.00000    1.00000
     1.00000  -10.52056    30.0350    18.9033    1.00000    1.00000
     1.00000   -6.93196   0.126110    5.28556    1.00000    1.00000
     1.00000   -5.24435   -7.37978    14.8335    1.00000    1.00000
     1.00000    12.7605   -5.22964   -38.6737    1.00000    1.00000
     1.00000   -4.64906    8.25117    25.0580    1.00000    1.00000
     1.00000    14.2818    1.45535    3.20948    1.00000    1.00000
     1.00000   -23.7364   -17.5500   -17.9417    1.00000    1.00000
     1.00000    24.6014    1.65242   -25.3882    1.00000    1.00000
     1.00000   -12.5898    12.7017    23.5393    1.00000    1.00000
     1.00000   -4.21017    5.50370   0.766003    1.00000    1.00000
     1.00000    4.50265    4.00299    27.2280    1.00000    1.00000
     1.00000    12.8008   -4.28551   -32.7901    1.00000    1.00000
     1.00000   -14.4043  -0.638088    22.2645    1.00000    1.00000
     1.00000    19.5306   -2.29179   -4.47084    1.00000    1.00000
     1.00000   -15.0129   -9.16941  -10.46772    1.00000    1.00000
     1.00000    20.0992   -14.3506   -7.60076    1.00000    1.00000
     1.00000   -15.1156    23.0536    28.5834    1.00000    1.00000
     1.00000   -16.4427   0.334602   10.48806    1.00000    1.00000
     1.00000   -8.69980   -7.26790    8.52233    1.00000    1.00000
     1.00000    16.3416    4.12083   -44.0002    1.00000    1.00000
     1.00000   -8.53443    11.0700    20.7905    1.00000    1.00000
     1.00000    1.92093  -0.825733   -3.05341    1.00000    1.00000
     1.00000   -17.2009   -14.6336   -11.8073    1.00000    1.00000
     1.00000    25.9162   -8.34904   -25.0264    1.00000    1.00000
     1.00000   -7.61139    17.2282    28.0092    1.00000    1.00000
     1.00000   -6.89999    3.36374   -4.57000    1.00000    1.00000
     1.00000   -1.76460  -0.753849    22.4021    1.00000    1.00000
     1.00000    22.3069   -7.59336   -24.3723    1.00000    1.00000
     1.00000   -8.99950   -2.38731    20.9921    1.00000    1.00000
     1.00000    19.0493   -1.58408   -9.95205    1.00000    1.00000
     1.00000   -12.1895  -10.32684   -2.44133    1.00000    1.00000
     1.00000    20.5585  -0.842781   -23.3023    1.00000    1.00000
     1.00000   -12.3701    23.4694    20.3874    1.00000    1.00000
     1.00000   -12.7981   -4.98820    6.74855    1.00000    1.00000
     1.00000   -3.71091   -5.09632    12.3556    1.00000    1.00000
     1.00000    17.9920   -2.35494   -46.4645    1.00000    1.00000
     1.00000   -6.62327    9.67750    29.7508    1.00000    1.00000
     1.00000    9.97084    1.77816  -0.489056    1.00000    1.00000
     1.00000   -24.2314   -25.8806   -24.6824    1.00000    1.00000
     1.00000    22.9625  -0.436611   -30.5775    1.00000    1.00000
     1.00000   -17.2252    16.3581    25.2292    1.00000    1.00000
     1.00000   -7.14344    1.21432   -3.72583    1.00000    1.00000
     1.00000    9.50673   0.413998    29.0708    1.00000    1.00000
     1.00000    16.8111   -1.81600   -28.9740    1.00000    1.00000
     1.00000   -11.9971    6.40049    25.7143    1.00000    1.00000
     1.00000    13.9045   -1.75160   -3.66925    1.00000    1.00000
     1.00000   -20.6816   -14.8436   -9.11948    1.00000    1.00000
     1.00000    23.2339   -15.4209   -12.2014    1.00000    1.00000
     1.00000   -16.1589    26.5603    28.6269    1.00000    1.00000
     1.00000   -15.7058   -1.81529    9.32116    1.00000    1.00000
     1.00000   -8.81402   -7.09224    6.53334    1.00000    1.00000
     1.00000    21.1357   -1.09684   -46.3752    1.00000    1.00000
     1.00000   -8.36058    9.53711    25.7845    1.00000    1.00000
     1.00000    5.90058   -4.15664  -0.655949    1.00000    1.00000
     1.00000   -19.7343   -17.0595   -13.8872    1.00000    1.00000
     1.00000    25.2444    1.12330   -22.9966    1.00000    1.00000
     1.00000   -12.8653    16.1348    30.3441    1.00000    1.00000
     1.00000   -2.78091    2.10149   -7.22845    1.00000    1.00000
     1.00000   -4.59696   -7.00499    21.5064    1.00000    1.00000
     1.00000    13.9464   -5.68119   -27.2024    1.00000    1.00000
     1.00000   -9.26353   -5.79244    25.1577    1.00000    1.00000
     1.00000    19.4796   -4.23791   -7.64595    1.00000    1.00000
     1.00000  -10.13155   -6.59824    3.54632    1.00000    1.00000
     1.00000    22.4997   -2.15558   -18.5354    1.00000    1.00000
     1.00000   -12.9014    26.5368    20.7844    1.00000    1.00000
     1.00000   -10.9859    1.21980    5.62544    1.00000    1.00000
     1.00000   -5.48751   -5.21760    16.8733    1.00000    1.00000
     1.00000    14.7003   -3.41429   -41.5793    1.00000    1.00000
     1.00000   -1.61597    11.8318    22.6912    1.00000    1.00000
     1.00000    12.2119    3.32681    4.60467    1.00000    1.00000
     1.00000   -21.6800   -14.7661   -18.1538    1.00000    1.00000
     1.00000    23.0460   0.917130   -24.1383    1.00000    1.00000
     1.00000   -11.6866    14.9504    23.7000    1.00000    1.00000
     1.00000   -4.94326    1.32777   0.588078    1.00000    1.00000
     1.00000   0.190624  -0.174431    25.7922    1.00000    1.00000
     1.00000   10.16747   -7.64870   -36.1865    1.00000    1.00000
     1.00000   -12.9959  -0.646839    23.6845    1.00000    1.00000
     1.00000    22.0902   -4.70083   -4.73838    1.00000    1.00000
     1.00000   -18.0856   -6.10054   -5.37275    1.00000    1.00000
     1.00000    21.2764   -9.93504   -8.06517    1.00000    1.00000
     1.00000   -13.3757    19.7349    26.2636    1.00000    1.00000
     1.00000   -20.0840    3.35705    4.14236    1.00000    1.00000
     1.00000   -10.6564   -8.25806    9.60688    1.00000    1.00000
     1.00000    17.2124    2.73581   -42.8498    1.00000    1.00000
     1.00000   -9.03390    7.70018    21.3328    1.00000    1.00000
     1.00000   -3.11043  -0.973175    1.35081    1.00000    1.00000
     1.00000   -15.6421   -15.6634   -5.86155    1.00000    1.00000
     1.00000    23.7149   -6.74740   -20.1056    1.00000    1.00000
     1.00000   -9.72570    19.7960    29.6923    1.00000    1.00000
     1.00000   -2.49123    3.69119   -6.04992    1.00000    1.00000
     1.00000   -2.90981   -4.49262    25.0934    1.00000    1.00000
     1.00000    18.9296   -5.58175   -26.5315    1.00000    1.00000
     1.00000   -9.02305   -4.06132    23.3725    1.00000    1.00000
     1.00000    21.9430   -3.77484   -11.6898    1.00000    1.00000
     1.00000   -15.6891   -6.08754   -2.93157    1.00000    1.00000
     1.00000    20.9699   0.992020   -17.5666    1.00000    1.00000
     1.00000   -13.9877    18.5756    23.4319    1.00000    1.00000
     1.00000   -14.8418   -4.30253    12.4384    1.00000    1.00000
     1.00000   -2.76631   -8.95217    13.2713    1.00000    1.00000
     1.00000    16.7818   -1.77969   -44.9797    1.00000    1.00000
     1.00000   -5.73301    11.2083    28.8213    1.00000    1.00000
     1.00000    6.49329    2.25578    7.35512E-02    1.00000    1.00000
     1.00000   -24.3097   -20.1224   -22.0712    1.00000    1.00000
     1.00000    24.2597   0.674561   -27.2995    1.00000    1.00000
     1.00000   -14.6906    15.8983    24.3334    1.00000    1.00000
     1.00000   -6.74646    1.19920  -0.267460    1.00000    1.00000
     1.00000    13.1467    2.92475    26.5603    1.00000    1.00000
     1.00000    16.7910  -0.726357   -24.5780    1.00000    1.00000
     1.00000   -16.1620    2.80584    23.1377    1.00000    1.00000
     1.00000    18.2173  -0.401382   -1.98344    1.00000    1.00000
     1.00000   -20.5873   -12.9659   -7.16701    1.00000    1.00000
     1.00000    20.1487   -7.24640   -15.8373    1.00000    1.00000
     1.00000   -18.6920    28.9172    27.8482    1.00000    1.00000
     1.00000   -13.7867  -0.887554    5.40179    1.00000    1.00000
