     1.00000    20.7355   -10.8084   -17.5143    1.00000    1.00000
     1.00000   -21.2657   -7.11640    7.97910    1.00000    1.00000
     1.00000    5.43087    27.2221    17.1623    1.00000    1.00000
     1.00000   10.45654   -13.3531   -5.44421    1.00000    1.00000
     1.00000    16.6350   -4.06070    4.41202    1.00000    1.00000
     1.00000   -1.58996  -0.690716   -13.3341    1.00000    1.00000
     1.00000   -1.71232    20.2680    19.7114    1.00000    1.00000
     1.00000  -0.317184   -19.1408   -11.4873    1.00000    1.00000
     1.00000    18.8891   -15.7566    1.27617    1.00000    1.00000
     1.00000   -28.5833   -1.44711   -8.62730    1.00000    1.00000
     1.00000   -8.05417    30.1714    14.9514    1.00000    1.00000
     1.00000   -5.12904   -3.17853    8.21180    1.00000    1.00000
     1.00000    8.95337    10.9987    5.75747    1.00000    1.00000
     1.00000   -15.5629    7.40936   -11.2421    1.00000    1.00000
     1.00000   -1.44118    16.8243    15.3120    1.00000    1.00000
     1.00000   -3.56482   -21.3534   -21.7870    1.00000    1.00000
     1.00000    26.3864   -14.4608   -18.9331    1.00000    1.00000
     1.00000   -25.7855   -8.41478   -2.92077    1.00000    1.00000
     1.00000   0.975529    23.3135    8.38851    1.00000    1.00000
     1.00000   -3.07089   -12.0010   -4.36630    1.00000    1.00000
     1.00000    10.9076   -15.6538   -5.14435    1.00000    1.00000
     1.00000  -0.702911   -7.24063   -12.7672    1.00000    1.00000
     1.00000    5.04558    23.1951    23.8819    1.00000    1.00000
     1.00000   -5.24916   -13.5635   -19.8749    1.00000    1.00000
     1.00000    24.2801   -13.7150   -5.97570    1.00000    1.00000
     1.00000   -23.1117    4.05081   -12.0978    1.00000    1.00000
     1.00000   -3.85575    24.9945    4.77799    1.00000    1.00000
     1.00000   -2.03993   -1.00569    16.2659    1.00000    1.00000
     1.00000    6.63724    6.34475    13.3491    1.00000    1.00000
     1.00000   -3.54693    3.30412    1.99495    1.00000    1.00000
     1.00000   -3.14369E-02    2.83686    22.8734    1.00000    1.00000
     1.00000    2.19449   -20.7573   -17.8420    1.00000    1.00000
     1.00000    22.6334   -9.09625   -14.4314    1.00000    1.00000
     1.00000   -19.0056   -6.96471    9.62424    1.00000    1.00000
     1.00000    1.49111    25.7112    14.7912    1.00000    1.00000
     1.00000    6.69685   -12.8419   -7.92685    1.00000    1.00000
     1.00000    8.68702    3.33845    7.34133    1.00000    1.00000
     1.00000   -4.51795  -0.311687  -10.32024    1.00000    1.00000
     1.00000   0.213722    18.2340    23.0849    1.00000    1.00000
     1.00000   -1.31012   -18.6455   -9.03397    1.00000    1.00000
     1.00000    17.9025   -17.4846    1.07487    1.00000    1.00000
     1.00000   -30.9010   -7.35764   -4.13929    1.00000    1.00000
     1.00000   -4.41936    33.6777    15.6482    1.00000    1.00000
     1.00000   -3.83928   -6.56707    4.07449    1.00000    1.00000
     1.00000    12.7362    13.3479    11.9673    1.00000    1.00000
     1.00000   -19.5943   10.46555   -5.90006    1.00000    1.00000
     1.00000    2.31674    9.02730    16.0713    1.00000    1.00000
     1.00000   -3.73192   -25.6869   -19.6498    1.00000    1.00000
     1.00000    20.1526   -18.1836   -19.5506    1.00000    1.00000
     1.00000   -26.1143   -5.58466    2.49165    1.00000    1.00000
     1.00000   10.48176    23.5377    6.82922    1.00000    1.00000
     1.00000   -1.71857   -13.9186   -4.24825    1.00000    1.00000
     1.00000    17.4233   -9.44687   -1.42684    1.00000    1.00000
     1.00000   -3.43654   -4.82864  -10.07919    1.00000    1.00000
     1.00000    6.88533    26.2423    24.3012    1.00000    1.00000
     1.00000   -2.92711   -12.3907   -23.7745    1.00000    1.00000
     1.00000    24.5885   -10.9755   -7.92150    1.00000    1.00000
     1.00000   -29.5111    5.54934   -8.05007    1.00000    1.00000
     1.00000   -2.98705    23.4134    12.4886    1.00000    1.00000
     1.00000   -7.11784   -5.72260    9.41522    1.00000    1.00000
     1.00000    10.7310    8.53687    9.76568    1.00000    1.00000
     1.00000   -7.49091   0.928444   -8.65083    1.00000    1.00000
     1.00000   -2.13661    9.23436    21.7541    1.00000    1.00000
     1.00000    1.79008   -21.9111   -24.5018    1.00000    1.00000
     1.00000    20.0370   -9.11853   -19.3172    1.00000    1.00000
     1.00000   -22.7977   -5.12500    3.96750    1.00000    1.00000
     1.00000    1.85017    23.4170    16.5788    1.00000    1.00000
     1.00000    9.88461   -10.8501   -10.6338    1.00000    1.00000
     1.00000    19.4350   -10.8314    3.67992    1.00000    1.00000
     1.00000  -0.667343  -0.259037   -11.6129    1.00000    1.00000
     1.00000   -5.13556    21.7348    17.5500    1.00000    1.00000
     1.00000   -2.73312   -17.4046   -13.6061    1.00000    1.00000
     1.00000    22.7570   -14.9375   0.747597    1.00000    1.00000
     1.00000   -25.8369   -4.08189   -3.36752    1.00000    1.00000
     1.00000   -6.39221    26.5795    13.5758    1.00000    1.00000
     1.00000   -5.82683   -3.70758    5.00939    1.00000    1.00000
     1.00000    9.78405   10.18285    7.45821    1.00000    1.00000
     1.00000   -16.5430    7.18990   -6.31564    1.00000    1.00000
     1.00000   -3.37342    17.5810    11.0236    1.00000    1.00000
     1.00000  -0.777550   -25.0992   -20.2229    1.00000    1.00000
     1.00000    27.2632   -12.9156   -20.0020    1.00000    1.00000
     1.00000   -26.3927   -4.83426   -1.59973    1.00000    1.00000
     1.00000   0.536392    22.8897   10.29312    1.00000    1.00000
     1.00000   -2.74232   -12.0003  -10.11288    1.00000    1.00000
     1.00000    14.4427   -11.6851   -7.34296    1.00000    1.00000
     1.00000    9.13315E-02   -5.86081   -16.2974    1.00000    1.00000
     1.00000    3.63886    26.6635    25.0711    1.00000    1.00000
     1.00000   -5.23510  -10.11113   -14.4202    1.00000    1.00000
     1.00000    20.5151   -15.9326   -1.41830    1.00000    1.00000
     1.00000   -25.4232    2.50476   -7.24525    1.00000    1.00000
     1.00000   -6.06323    27.5714    3.36105    1.00000    1.00000
     1.00000   -5.13267   -2.71826    11.9062    1.00000    1.00000
     1.00000    5.17650   10.19874    11.0066    1.00000    1.00000
     1.00000   -6.39171    2.36795   -5.43715    1.00000    1.00000
     1.00000    2.12859    8.46397    23.2957    1.00000    1.00000
     1.00000    6.44498   -21.2851   -20.9106    1.00000    1.00000
     1.00000    24.8978   -8.97559   -12.7181    1.00000    1.00000
     1.00000   -23.7207   -11.0599    13.4402    1.00000    1.00000
     1.00000    7.11737    28.4478    15.0995    1.00000    1.00000
     1.00000    5.67593   -9.36309   -5.04783    1.00000    1.00000
     1.00000    15.3572   -3.09225    5.60756    1.00000    1.00000
     1.00000   -3.30760   -1.48904   -5.90930    1.00000    1.00000
     1.00000    1.33797    19.1239    24.4792    1.00000    1.00000
     1.00000   -8.21991E-02   -20.0411   -5.75074    1.00000    1.00000
     1.00000    15.0651   -16.3811   -4.23481    1.00000    1.00000
     1.00000   -33.7794   -8.32257   -1.21392    1.00000    1.00000
     1.00000   -4.62732    37.9582    15.4563    1.00000    1.00000
     1.00000   -2.16759   -8.35897    1.43017    1.00000    1.00000
     1.00000    14.1014    11.9206    9.87888    1.00000    1.00000
     1.00000   -21.3099   10.13379   -6.87308    1.00000    1.00000
     1.00000   0.107491    13.2643    14.6290    1.00000    1.00000
     1.00000   -6.62906   -27.2842   -20.8246    1.00000    1.00000
     1.00000    23.0723   -14.7951   -18.8964    1.00000    1.00000
     1.00000   -29.7770   -8.75972   -1.44290    1.00000    1.00000
     1.00000    3.80904    22.7458    11.2739    1.00000    1.00000
     1.00000    1.66423   -11.1872   -4.01699    1.00000    1.00000
     1.00000    16.3044   -12.6560   -3.10048    1.00000    1.00000
     1.00000    1.49640   -8.43943   -7.50138    1.00000    1.00000
     1.00000    9.39726    29.3229    28.7459    1.00000    1.00000
     1.00000   -1.41069   -16.2612   -21.0897    1.00000    1.00000
     1.00000    20.0119  -10.30609  -10.34412    1.00000    1.00000
     1.00000   -24.4536    5.15556   -5.65900    1.00000    1.00000
     1.00000   -4.40185    22.0261    9.12202    1.00000    1.00000
     1.00000   -7.69733   -4.85368    12.3920    1.00000    1.00000
     1.00000    7.73581    6.15361    9.81634    1.00000    1.00000
     1.00000   -13.9488    6.02568   -8.17675    1.00000    1.00000
     1.00000    3.62139    7.62645    16.6505    1.00000    1.00000
     1.00000    4.51801   -18.9820   -20.6216    1.00000    1.00000
     1.00000    23.4438  -10.34856   -15.7637    1.00000    1.00000
     1.00000   -18.9883   -9.84079    6.29691    1.00000    1.00000
     1.00000    7.81875    29.7399    17.0664    1.00000    1.00000
     1.00000    9.83054   -11.4686   -5.20612    1.00000    1.00000
     1.00000    16.9545   -4.72082    2.40507    1.00000    1.00000
     1.00000  -0.946373   -2.60142   -13.7585    1.00000    1.00000
     1.00000   -5.32603    20.1879    18.8670    1.00000    1.00000
     1.00000    1.10400   -19.5405   -14.1432    1.00000    1.00000
     1.00000    19.8928   -16.5928    2.79052    1.00000    1.00000
     1.00000   -29.7103   0.665184   -6.47469    1.00000    1.00000
     1.00000  -10.31121    27.8453    13.3611    1.00000    1.00000
     1.00000   -5.42317   -5.92195   10.45840    1.00000    1.00000
     1.00000    10.8509    13.7918    7.63400    1.00000    1.00000
     1.00000   -14.6186    7.38763   -9.47923    1.00000    1.00000
     1.00000   -1.55078    18.5440    14.2969    1.00000    1.00000
     1.00000   -3.29350   -24.2278   -22.9158    1.00000    1.00000
     1.00000    27.0931   -17.4946   -19.7148    1.00000    1.00000
     1.00000   -26.7733   -7.46393    2.67602    1.00000    1.00000
     1.00000   -9.02557E-03    22.7187    6.75241    1.00000    1.00000
     1.00000   -1.75195   -12.1871   -8.01691    1.00000    1.00000
     1.00000    11.9958   -15.0789   -3.56777    1.00000    1.00000
     1.00000   -2.58996   -6.29829   -11.6560    1.00000    1.00000
     1.00000    6.60046    20.3449    20.9650    1.00000    1.00000
     1.00000   -1.38807   -13.1897   -19.1623    1.00000    1.00000
     1.00000    23.9027   -15.5201   -3.34419    1.00000    1.00000
     1.00000   -21.8989    7.31689   -11.8242    1.00000    1.00000
     1.00000   -2.42055    24.4964    3.47720    1.00000    1.00000
     1.00000   -3.26253   -2.99492E-02    14.3145    1.00000    1.00000
     1.00000    6.61970    7.24135    11.0698    1.00000    1.00000
     1.00000   -2.74752    4.92879   -2.96058    1.00000    1.00000
     1.00000    1.12888    6.00593    21.1351    1.00000    1.00000
     1.00000    1.05956   -19.1213   -18.0296    1.00000    1.00000
     1.00000    23.4767   -5.82900   -14.3958    1.00000    1.00000
     1.00000   -22.1879  -10.27802    11.7408    1.00000    1.00000
     1.00000    4.39953    24.9343    13.1624    1.00000    1.00000
     1.00000    7.56310   -14.6548   -5.71002    1.00000    1.00000
     1.00000    12.8755    2.78019    6.08118    1.00000    1.00000
     1.00000   -2.80147    5.87997E-02   -11.2775    1.00000    1.00000
     1.00000   0.550003    19.8729    21.9889    1.00000    1.00000
     1.00000   0.634209   -19.0037   -8.73186    1.00000    1.00000
     1.00000    15.1612   -18.7504   -1.76715    1.00000    1.00000
     1.00000   -29.0270   -6.67460   -4.28623    1.00000    1.00000
     1.00000   -4.75105    36.8365    17.1075    1.00000    1.00000
     1.00000   -7.85869   -5.25718    4.60110    1.00000    1.00000
     1.00000    10.6756    14.9602    14.6301    1.00000    1.00000
     1.00000   -18.1115    9.64908   -9.79640    1.00000    1.00000
     1.00000    3.59998   10.28685    13.4926    1.00000    1.00000
     1.00000   -2.46507   -27.4210   -22.7371    1.00000    1.00000
     1.00000    21.8075   -17.2797   -16.2142    1.00000    1.00000
     1.00000   -27.4177   -4.21651    3.14697    1.00000    1.00000
     1.00000   10.09004    23.6706    8.78598    1.00000    1.00000
     1.00000    1.83370   -13.8080   -3.83160    1.00000    1.00000
     1.00000    15.7472   -8.58955    1.18921    1.00000    1.00000
     1.00000   -1.77616   -6.52298   -9.84296    1.00000    1.00000
     1.00000    6.65607    28.8507    26.3362    1.00000    1.00000
     1.00000  -0.436668   -12.9730   -20.9081    1.00000    1.00000
     1.00000    20.4679   -14.9940   -8.59694    1.00000    1.00000
     1.00000   -29.0579    2.96180   -7.78731    1.00000    1.00000
     1.00000   -1.03035    21.7253    9.85796    1.00000    1.00000
     1.00000   -9.40508   -2.56467    7.83774    1.00000    1.00000
     1.00000    8.35831    6.77558    8.02032    1.00000    1.00000
     1.00000   -7.93261    4.68399   -5.17475    1.00000    1.00000
     1.00000    1.00465    7.80458    20.2468    1.00000    1.00000
     1.00000    1.62756   -21.4487   -21.4127    1.00000    1.00000
     1.00000    22.5978  -10.48703   -20.9163    1.00000    1.00000
     1.00000   -25.3812   -7.46835    7.11823    1.00000    1.00000
     1.00000    4.99767    25.2443    17.2594    1.00000    1.00000
     1.00000    8.59136   -13.3826   -7.58253    1.00000    1.00000
     1.00000    17.9224   -7.25608    4.12049    1.00000    1.00000
     1.00000   -1.20987    2.60152   -11.2391    1.00000    1.00000
     1.00000   -5.10287    19.7717    13.0849    1.00000    1.00000
     1.00000  -0.723587   -19.8850   -16.2675    1.00000    1.00000
     1.00000    21.1502   -16.0979    1.01522    1.00000    1.00000
     1.00000   -28.7046   -2.52069   -5.74220    1.00000    1.00000
     1.00000   -8.13610    27.5033    13.2511    1.00000    1.00000
     1.00000   -2.68505   -4.10604    5.78238    1.00000    1.00000
     1.00000    12.2519    8.97863    6.25114    1.00000    1.00000
     1.00000   -16.0320    4.04677   -9.40289    1.00000    1.00000
     1.00000   -3.64698    20.1896    11.7788    1.00000    1.00000
     1.00000   0.232498   -23.8247   -21.3872    1.00000    1.00000
     1.00000    27.5995   -10.9578   -19.7693    1.00000    1.00000
     1.00000   -24.1893   -6.56929  -0.835129    1.00000    1.00000
     1.00000  -0.431904    24.0293    13.2636    1.00000    1.00000
     1.00000   -4.37979   -15.4910  -10.22791    1.00000    1.00000
     1.00000    12.9594   -14.1482   -7.11446    1.00000    1.00000
     1.00000    1.00269   -4.37721   -17.2814    1.00000    1.00000
     1.00000    3.62190    22.7113    26.9490    1.00000    1.00000
     1.00000   -5.86583   -11.9638   -16.3524    1.00000    1.00000
     1.00000    20.0544   -17.3545   -8.94623E-02    1.00000    1.00000
     1.00000   -23.3105    3.29948  -10.25500    1.00000    1.00000
     1.00000   -5.09215    27.4210    1.15157    1.00000    1.00000
     1.00000   -3.40465   -1.88852    13.5048    1.00000    1.00000
     1.00000    2.66057    7.75018    11.3245    1.00000    1.00000
     1.00000   -4.91132    2.34303   -4.09260    1.00000    1.00000
     1.00000    1.42580    6.11264    24.1602    1.00000    1.00000
     1.00000    3.53513   -23.0637   -19.8228    1.00000    1.00000
     1.00000    25.5338   -8.48829   -14.5506    1.00000    1.00000
     1.00000   -24.3446   -12.6183    12.3530    1.00000    1.00000
     1.00000    4.28477    27.4698    15.2736    1.00000    1.00000
     1.00000    4.09598   -9.18111   -6.26053    1.00000    1.00000
     1.00000    13.7105    1.17930    6.94140    1.00000    1.00000
     1.00000   -4.87654  -0.625885   -7.37966    1.00000    1.00000
     1.00000    4.53740    19.7943    22.2118    1.00000    1.00000
     1.00000    1.16325   -21.4061   -4.98557    1.00000    1.00000
     1.00000    16.3555   -17.2549   -2.34776    1.00000    1.00000
     1.00000   -34.4982   -7.89719   -3.03116    1.00000    1.00000
     1.00000   -3.22255    39.7933    18.4299    1.00000    1.00000
     1.00000   -2.45679  -10.24672   0.836205    1.00000    1.00000
     1.00000    12.5367    12.8129    8.08112    1.00000    1.00000
     1.00000   -20.4777    7.03250   -7.67155    1.00000    1.00000
     1.00000    1.87892    12.6033    15.2811    1.00000    1.00000
     1.00000   -5.56224   -25.5930   -20.7846    1.00000    1.00000
     1.00000    23.3282   -13.8635   -17.0536    1.00000    1.00000
     1.00000   -28.8750   -4.81824    1.91644    1.00000    1.00000
     1.00000    5.00565    22.6386    7.90794    1.00000    1.00000
     1.00000  -0.114334   -11.8870   -3.42800    1.00000    1.00000
     1.00000    17.2748   -10.9437   -2.74496    1.00000    1.00000
     1.00000    1.21227   -8.98958   -5.59964    1.00000    1.00000
     1.00000    8.50817    29.6091    31.3534    1.00000    1.00000
     1.00000   -1.87802   -19.5315   -17.8620    1.00000    1.00000
     1.00000    24.4780   -9.12537   -8.67314    1.00000    1.00000
     1.00000   -24.9271    3.22410   -5.44624    1.00000    1.00000
     1.00000   -5.10549    21.6250    5.76027    1.00000    1.00000
     1.00000   -8.68243   -4.52176    10.6833    1.00000    1.00000
     1.00000    9.70624    6.37759   10.07562    1.00000    1.00000
     1.00000   -9.48182    5.39915   -6.21807    1.00000    1.00000
     1.00000   0.661385    7.88293    18.2781    1.00000    1.00000
     1.00000    2.25644   -19.1745   -21.8298    1.00000    1.00000
     1.00000    22.2995   -9.59673   -17.2215    1.00000    1.00000
     1.00000   -21.5245   -7.70136    6.08415    1.00000    1.00000
     1.00000    7.34540    27.7970    17.0983    1.00000    1.00000
     1.00000   10.54486   -13.7054   -3.47747    1.00000    1.00000
     1.00000    16.4101   -5.97193    3.86739    1.00000    1.00000
     1.00000   -2.19469   -1.63780   -14.9886    1.00000    1.00000
     1.00000   -3.54397    20.9719    19.3248    1.00000    1.00000
     1.00000   -1.14378   -17.5117   -10.6731    1.00000    1.00000
     1.00000    17.8466   -14.0694    1.01765    1.00000    1.00000
     1.00000   -28.7377   -3.42213   -8.35267    1.00000    1.00000
     1.00000   -6.41047    30.4882    16.0459    1.00000    1.00000
     1.00000   -4.88842   -4.99118    7.40162    1.00000    1.00000
     1.00000   10.30433    12.0750    6.76572    1.00000    1.00000
     1.00000   -17.2919    7.91911  -10.37564    1.00000    1.00000
     1.00000   0.375629    17.2295    14.5806    1.00000    1.00000
     1.00000   -4.75726   -22.9466   -21.9866    1.00000    1.00000
     1.00000    27.8040   -15.8652   -18.7985    1.00000    1.00000
     1.00000   -25.8174   -8.63522  -0.933212    1.00000    1.00000
     1.00000    2.84191    23.6823    7.77158    1.00000    1.00000
     1.00000   -2.33601   -12.5592   -6.14065    1.00000    1.00000
     1.00000   10.34641   -16.3457   -6.93495    1.00000    1.00000
     1.00000  -0.885559   -9.22728   -12.9081    1.00000    1.00000
     1.00000    4.94331    22.3701    22.0628    1.00000    1.00000
     1.00000   -4.76836   -14.2525   -18.0599    1.00000    1.00000
     1.00000    22.3099   -13.5725   -6.28853    1.00000    1.00000
     1.00000   -23.1152    5.84837   -11.2210    1.00000    1.00000
     1.00000   -4.46323    23.1002    4.57226    1.00000    1.00000
     1.00000   -3.19452   0.626152    16.2026    1.00000    1.00000
     1.00000    6.55285    4.35320    13.1860    1.00000    1.00000
     1.00000   -3.71227    4.36919   0.310226    1.00000    1.00000
     1.00000   -1.01436    4.24238    23.9021    1.00000    1.00000
     1.00000    1.96507   -21.8711   -19.4872    1.00000    1.00000
     1.00000    23.8176   -7.65147   -15.1458    1.00000    1.00000
     1.00000   -20.9786   -6.92529    9.94915    1.00000    1.00000
     1.00000    3.49097    25.7049    14.7688    1.00000    1.00000
     1.00000    6.89931   -11.3164   -6.64945    1.00000    1.00000
     1.00000   10.46667    2.43252    7.23106    1.00000    1.00000
     1.00000   -3.43867   -1.44851   -9.07816    1.00000    1.00000
     1.00000   0.204895    16.4637    22.1544    1.00000    1.00000
     1.00000  -0.201782   -17.2026   -8.20362    1.00000    1.00000
     1.00000    16.0077   -17.9276   0.612587    1.00000    1.00000
     1.00000   -32.8908   -7.21002   -4.00277    1.00000    1.00000
     1.00000   -5.12611    31.9744    16.4224    1.00000    1.00000
     1.00000   -5.55087   -5.55766    4.30156    1.00000    1.00000
     1.00000    11.4812    14.6466    12.8267    1.00000    1.00000
     1.00000   -18.3074    11.0756   -7.30418    1.00000    1.00000
     1.00000    2.72029    10.7900    15.2169    1.00000    1.00000
     1.00000   -2.23702   -26.3341   -20.8101    1.00000    1.00000
     1.00000    19.6271   -20.1133   -19.5532    1.00000    1.00000
     1.00000   -24.2583   -4.85235    2.62871    1.00000    1.00000
     1.00000   10.56224    25.0092    5.47710    1.00000    1.00000
     1.00000   0.160866   -13.8379   -4.92738    1.00000    1.00000
     1.00000    17.5969   -8.82613   0.466454    1.00000    1.00000
     1.00000   -3.26169   -6.12334   -8.56487    1.00000    1.00000
     1.00000    7.01038    28.2315    24.4678    1.00000    1.00000
     1.00000   -2.07555   -12.5446   -21.9714    1.00000    1.00000
     1.00000    22.7686   -11.8020   -7.98871    1.00000    1.00000
     1.00000   -30.7491    3.97968   -8.10959    1.00000    1.00000
     1.00000   -4.63371    24.3045    13.1917    1.00000    1.00000
     1.00000   -8.05970   -4.37314    8.27861    1.00000    1.00000
     1.00000    12.6861    8.82368   10.07409    1.00000    1.00000
     1.00000   -7.38309    2.63057   -7.60626    1.00000    1.00000
     1.00000   -2.45343    7.66515    20.5553    1.00000    1.00000
     1.00000    2.51364   -20.7329   -23.0567    1.00000    1.00000
     1.00000    21.9295   -9.75097   -19.1809    1.00000    1.00000
     1.00000   -23.0259   -5.77445    5.84529    1.00000    1.00000
     1.00000    3.60261    24.2965    16.1844    1.00000    1.00000
     1.00000    8.78318   -12.4804   -10.9931    1.00000    1.00000
     1.00000    18.4932   -9.14028    3.17689    1.00000    1.00000
     1.00000   0.864151   0.951141   -11.1771    1.00000    1.00000
     1.00000   -5.47457    20.3966    16.1029    1.00000    1.00000
     1.00000   -2.01278   -17.4451   -15.4715    1.00000    1.00000
     1.00000    24.2301   -15.8770    1.72075    1.00000    1.00000
     1.00000   -26.3953   -4.37517   -5.26548    1.00000    1.00000
     1.00000   -6.47782    24.8253    12.6190    1.00000    1.00000
     1.00000   -5.03370   -2.45343    6.35031    1.00000    1.00000
     1.00000    9.62135   10.27576    9.44942    1.00000    1.00000
     1.00000   -16.5722    5.19963   -6.51057    1.00000    1.00000
     1.00000   -2.50819    19.0197    9.93665    1.00000    1.00000
     1.00000   -1.78741   -24.4611   -18.6188    1.00000    1.00000
     1.00000    25.2789   -13.1652   -19.9794    1.00000    1.00000
     1.00000   -25.9349   -6.77182   -1.79013    1.00000    1.00000
     1.00000    1.48250    21.2162    9.74151    1.00000    1.00000
     1.00000   -3.88151   -13.5825  -10.55888    1.00000    1.00000
     1.00000    13.1836   -12.7229   -8.49948    1.00000    1.00000
     1.00000   -1.51830   -5.19105   -15.3173    1.00000    1.00000
     1.00000    5.24496    25.4743    25.1493    1.00000    1.00000
     1.00000   -6.92707   -11.0511   -14.9239    1.00000    1.00000
     1.00000    22.2092   -16.1191   -2.46487    1.00000    1.00000
     1.00000   -26.3447   0.819622   -6.68737    1.00000    1.00000
     1.00000   -5.31889    25.8267    2.72704    1.00000    1.00000
     1.00000   -4.21281   -2.51373   10.14216    1.00000    1.00000
     1.00000    4.07444    8.93521    12.0969    1.00000    1.00000
     1.00000   -7.67064    1.11906   -4.54014    1.00000    1.00000
     1.00000    3.22449    6.83164    23.6625    1.00000    1.00000
     1.00000    5.20662   -21.2507   -19.3405    1.00000    1.00000
     1.00000    25.1338   -9.99458   -11.0134    1.00000    1.00000
     1.00000   -23.6288   -9.22682    12.6456    1.00000    1.00000
     1.00000    5.44209    29.3913    14.5489    1.00000    1.00000
     1.00000    6.62720   -9.34127   -6.80698    1.00000    1.00000
     1.00000    15.0913   -1.69246    7.01109    1.00000    1.00000
     1.00000   -2.89983  -0.345901   -7.49894    1.00000    1.00000
     1.00000    3.04446    19.3178    23.4544    1.00000    1.00000
     1.00000    1.14866   -18.6128   -5.08363    1.00000    1.00000
     1.00000    15.0233   -17.1193   -6.09312    1.00000    1.00000
     1.00000   -33.9505   -6.63971  -0.146820    1.00000    1.00000
     1.00000   -4.16830    39.4555    16.7003    1.00000    1.00000
     1.00000   -3.52247   -7.08706    2.16943    1.00000    1.00000
     1.00000    12.7851    13.4236    9.96934    1.00000    1.00000
     1.00000   -20.7605    8.33861   -6.18356    1.00000    1.00000
     1.00000  -0.406174    15.1889    14.8079    1.00000    1.00000
     1.00000   -7.22063   -28.7402   -19.5876    1.00000    1.00000
     1.00000    24.6833   -15.9593   -18.6739    1.00000    1.00000
     1.00000   -29.8190   -6.99227  -0.507835    1.00000    1.00000
     1.00000    3.56416    22.6049    9.29393    1.00000    1.00000
     1.00000    1.35905   -11.6542   -5.93760    1.00000    1.00000
     1.00000    15.8698   -14.5911   -3.35834    1.00000    1.00000
     1.00000  -0.106918   -8.69018   -8.67035    1.00000    1.00000
     1.00000    7.54677    29.7521    29.3716    1.00000    1.00000
     1.00000   -1.45724   -16.8925   -19.1926    1.00000    1.00000
     1.00000    21.7998   -11.1655   -10.5991    1.00000    1.00000
     1.00000   -24.2052    6.55449   -7.06659    1.00000    1.00000
     1.00000   -2.76038    20.8963    9.29256    1.00000    1.00000
     1.00000   -5.88572   -4.23474    12.9707    1.00000    1.00000
     1.00000    7.71703    4.63126    8.51938    1.00000    1.00000
     1.00000   -12.7978    7.27510   -7.12125    1.00000    1.00000
     1.00000    2.63257    7.56291    18.3878    1.00000    1.00000
     1.00000    4.70740   -17.6577   -19.1349    1.00000    1.00000
     1.00000    24.8679   -11.6552   -16.2781    1.00000    1.00000
     1.00000   -20.0342   -8.61486    5.11232    1.00000    1.00000
     1.00000    6.99060    29.8421    18.8840    1.00000    1.00000
     1.00000    9.66269   -11.7423   -7.18018    1.00000    1.00000
     1.00000    18.0812   -3.92457   0.957100    1.00000    1.00000
     1.00000    1.68762E-02   -4.02993   -14.7741    1.00000    1.00000
     1.00000   -6.56832    19.4501    17.4841    1.00000    1.00000
     1.00000   0.460091   -18.0514   -12.9736    1.00000    1.00000
     1.00000    18.3066   -17.6607    3.37659    1.00000    1.00000
     1.00000   -30.1151   -1.06063   -7.40083    1.00000    1.00000
     1.00000   -9.21395    29.5145    13.4604    1.00000    1.00000
     1.00000   -5.22792   -6.57301    8.57744    1.00000    1.00000
     1.00000   10.52841    15.7656    7.63353    1.00000    1.00000
     1.00000   -16.0948    6.04022   -9.55193    1.00000    1.00000
     1.00000   -2.21339    18.9722    12.4590    1.00000    1.00000
     1.00000   -3.67312   -22.3753   -23.5671    1.00000    1.00000
     1.00000    25.9990   -17.3298   -18.0488    1.00000    1.00000
     1.00000   -26.6115   -7.83046   0.716560    1.00000    1.00000
     1.00000  -0.186886    20.9659    5.80569    1.00000    1.00000
     1.00000   -3.60183   -11.5155   -8.37326    1.00000    1.00000
     1.00000    13.9460   -14.7623   -3.87786    1.00000    1.00000
     1.00000   -1.83182   -5.72198   -13.4147    1.00000    1.00000
     1.00000    4.73980    20.9948    20.6251    1.00000    1.00000
     1.00000   -3.03625   -13.2530   -18.0312    1.00000    1.00000
     1.00000    23.9754   -15.5872   -5.34174    1.00000    1.00000
     1.00000   -23.7977    7.92783   -11.9694    1.00000    1.00000
     1.00000   -4.27263    24.1248    2.82015    1.00000    1.00000
     1.00000   -2.41974  -0.435276    12.5466    1.00000    1.00000
     1.00000    5.74379    8.01025    12.6951    1.00000    1.00000
     1.00000   -4.08988    4.23689   -1.64935    1.00000    1.00000
     1.00000   0.368622    5.13912    22.7693    1.00000    1.00000
     1.00000  -0.469032   -19.4426   -19.2786    1.00000    1.00000
     1.00000    22.6955   -4.30367   -13.3648    1.00000    1.00000
     1.00000   -21.6000   -8.52798    10.9715    1.00000    1.00000
     1.00000    2.54496    24.7590    12.4344    1.00000    1.00000
     1.00000    5.91369   -13.6840   -6.29050    1.00000    1.00000
     1.00000    11.8004    3.91999    7.32412    1.00000    1.00000
     1.00000   -3.03216    1.96450   -10.7162    1.00000    1.00000
     1.00000   -7.78732E-02    19.2258    20.2037    1.00000    1.00000
     1.00000    1.18932   -20.2609   -7.27879    1.00000    1.00000
     1.00000    14.5171   -19.1515    8.33359E-02    1.00000    1.00000
     1.00000   -28.4575   -5.51756   -5.81494    1.00000    1.00000
     1.00000   -4.07397    35.6476    15.6487    1.00000    1.00000
     1.00000   -6.99744   -6.49120    3.28374    1.00000    1.00000
     1.00000    8.74676    14.6110    15.0274    1.00000    1.00000
     1.00000   -17.8604    11.5406   -9.19731    1.00000    1.00000
     1.00000    2.73132    12.0705    13.2396    1.00000    1.00000
     1.00000   -3.33046   -27.9946   -21.0277    1.00000    1.00000
     1.00000    21.4660   -17.6047   -18.1579    1.00000    1.00000
     1.00000   -26.2328   -2.65891    3.55914    1.00000    1.00000
     1.00000    8.79063    22.3276    8.07333    1.00000    1.00000
     1.00000    3.23560   -12.3865   -3.71310    1.00000    1.00000
     1.00000    14.7365  -10.07627    2.06565    1.00000    1.00000
     1.00000  -0.580727   -7.99270  -10.48392    1.00000    1.00000
     1.00000    8.18407    29.7863    27.2250    1.00000    1.00000
     1.00000  -0.270584   -14.8522   -20.2442    1.00000    1.00000
     1.00000    21.7499   -13.5092   -8.20748    1.00000    1.00000
     1.00000   -28.4931    2.18893   -6.03127    1.00000    1.00000
     1.00000   -2.65640    22.2425    10.9013    1.00000    1.00000
     1.00000   -9.83842   -4.03123    9.12670    1.00000    1.00000
     1.00000    9.09903    8.53746    8.60949    1.00000    1.00000
     1.00000   -6.55419    4.06399   -6.48454    1.00000    1.00000
     1.00000  -0.641975    6.91803    20.9558    1.00000    1.00000
     1.00000   0.341751   -22.3051   -22.6829    1.00000    1.00000
     1.00000    23.9464   -11.9630   -20.8620    1.00000    1.00000
     1.00000   -23.4590   -7.58429    6.57804    1.00000    1.00000
     1.00000    6.25746    25.9388    15.8700    1.00000    1.00000
     1.00000    9.52071   -13.3561   -9.35329    1.00000    1.00000
     1.00000    16.7007   -8.29068    2.92165    1.00000    1.00000
     1.00000   0.500397    2.66018  -10.20399    1.00000    1.00000
     1.00000   -6.53931    19.9915    14.4590    1.00000    1.00000
     1.00000  -0.354462   -18.4312   -14.9446    1.00000    1.00000
     1.00000    21.6451   -15.6346    2.89680    1.00000    1.00000
     1.00000   -27.6765   -3.92136   -6.73264    1.00000    1.00000
     1.00000   -9.47327    26.0328    13.4737    1.00000    1.00000
     1.00000   -3.68179   -2.62174    4.88606    1.00000    1.00000
     1.00000    10.8211   10.28353    5.75106    1.00000    1.00000
     1.00000   -16.1937    3.49578   -7.48710    1.00000    1.00000
     1.00000   -4.96337    18.7633    11.2963    1.00000    1.00000
     1.00000   -1.43017   -23.6434   -22.4839    1.00000    1.00000
     1.00000    27.3387   -9.81020   -18.1523    1.00000    1.00000
     1.00000   -22.6262   -7.58535  -0.111046    1.00000    1.00000
     1.00000   0.747627    24.3202    11.6748    1.00000    1.00000
     1.00000   -2.46358   -16.0302  -10.42132    1.00000    1.00000
     1.00000    11.4327   -15.0667   -8.02313    1.00000    1.00000
     1.00000  -0.473801   -3.47538   -18.2848    1.00000    1.00000
     1.00000    3.99347    23.9366    25.4126    1.00000    1.00000
     1.00000   -4.59016   -12.0016   -17.8923    1.00000    1.00000
     1.00000    18.2799   -17.3365   -1.01191    1.00000    1.00000
     1.00000   -23.8155    2.93482   -8.35448    1.00000    1.00000
     1.00000   -3.56160    26.5288    2.07970    1.00000    1.00000
     1.00000   -3.03881   -2.76044    11.7424    1.00000    1.00000
     1.00000    2.85614    9.13959    9.89927    1.00000    1.00000
     1.00000   -3.33775    3.56081   -4.29485    1.00000    1.00000
     1.00000   0.139526    7.63264    23.9730    1.00000    1.00000
     1.00000    4.09718   -22.3103   -18.0574    1.00000    1.00000
     1.00000    26.1160  -10.31216   -15.1290    1.00000    1.00000
     1.00000   -24.0158   -12.1292   10.44185    1.00000    1.00000
     1.00000    5.31011    27.6543    13.5664    1.00000    1.00000
     1.00000    2.86327   -9.79735   -4.81116    1.00000    1.00000
     1.00000    13.3396  -0.773209    6.71751    1.00000    1.00000
     1.00000   -5.28167    1.16463   -6.58598    1.00000    1.00000
     1.00000    5.76761    18.3864    22.9220    1.00000    1.00000
     1.00000   0.988800   -21.0605   -3.02341    1.00000    1.00000
     1.00000    17.0334   -16.7263   -4.15361    1.00000    1.00000
     1.00000   -36.4341   -7.40657   -2.92336    1.00000    1.00000
     1.00000   -2.99597    41.2287    17.0557    1.00000    1.00000
     1.00000   -2.04005   -10.7618   -1.05087    1.00000    1.00000
     1.00000    12.1196    10.9605    7.45287    1.00000    1.00000
     1.00000   -22.2512    6.85500   -6.76431    1.00000    1.00000
     1.00000    1.96100    14.0275    13.8793    1.00000    1.00000
     1.00000   -3.96128   -26.2052   -21.8152    1.00000    1.00000
     1.00000    22.5683   -15.7085   -17.1900    1.00000    1.00000
     1.00000   -28.7977   -6.67716    1.18264    1.00000    1.00000
     1.00000    6.93719    23.0686    8.19814    1.00000    1.00000
     1.00000   -1.97559   -11.8971   -2.69614    1.00000    1.00000
     1.00000    18.5904   -12.4500   -2.74412    1.00000    1.00000
     1.00000  -0.335167  -10.23412   -5.36173    1.00000    1.00000
     1.00000    6.53079    29.7601    31.0943    1.00000    1.00000
     1.00000   -2.98394   -18.0150   -18.5528    1.00000    1.00000
     1.00000    23.3806  -10.06830  -10.05391    1.00000    1.00000
     1.00000   -26.9172    3.15003   -5.26142    1.00000    1.00000
     1.00000   -4.12474    21.0422    7.40298    1.00000    1.00000
     1.00000   -6.95044   -3.52299    10.7353    1.00000    1.00000
     1.00000    11.3184    5.68914    9.11288    1.00000    1.00000
     1.00000   -11.3432    6.10806   -6.39853    1.00000    1.00000
     1.00000   0.291595    6.15479    17.3417    1.00000    1.00000
     1.00000    3.64077   -17.7336   -21.9146    1.00000    1.00000
