     1.00000    7.61973    9.33955    21.8961    1.00000    1.00000
     1.00000    9.66834   -6.88449   -25.5121    1.00000    1.00000
     1.00000   -12.2417    7.96949    13.8798    1.00000    1.00000
     1.00000   10.18538   0.837410   -1.80894    1.00000    1.00000
     1.00000    21.6588  -10.42479    39.9443    1.00000    1.00000
     1.00000   -1.45341   -15.1623   -46.1886    1.00000    1.00000
     1.00000   -23.2847    7.00301    7.87329    1.00000    1.00000
     1.00000    9.72583    29.4464   -3.63872    1.00000    1.00000
     1.00000    13.7483   -6.65566    28.7490    1.00000    1.00000
     1.00000    4.48464   -17.5168   -19.1834    1.00000    1.00000
     1.00000    2.77438    8.31192    10.6251    1.00000    1.00000
     1.00000    7.83998    2.43608   -15.7192    1.00000    1.00000
     1.00000    12.3432   -17.7290    24.7735    1.00000    1.00000
     1.00000    2.99639   -23.6145   -28.9909    1.00000    1.00000
     1.00000   -31.9121    12.1185    1.43150    1.00000    1.00000
     1.00000   0.981506    11.7222   -2.77605    1.00000    1.00000
     1.00000    1.86298    7.33054    22.1351    1.00000    1.00000
     1.00000    13.7920   -16.3459   -21.6762    1.00000    1.00000
     1.00000   -11.1478    9.83146    16.0552    1.00000    1.00000
     1.00000    7.22867   -1.87241    4.05357    1.00000    1.00000
     1.00000    14.0241   -9.06355    34.3661    1.00000    1.00000
     1.00000   -7.28495   -17.7102   -40.0634    1.00000    1.00000
     1.00000   -22.9670    10.6237   -1.32650    1.00000    1.00000
     1.00000    3.49371    24.3139   -8.34413    1.00000    1.00000
     1.00000    15.0902    2.09531    20.1570    1.00000    1.00000
     1.00000    5.60292   -17.3494   -23.4902    1.00000    1.00000
     1.00000   -11.4354    13.7797    14.1718    1.00000    1.00000
     1.00000    3.94097   -7.89001   -13.1252    1.00000    1.00000
     1.00000    3.43574   -7.84265    20.2660    1.00000    1.00000
     1.00000   -10.9420   -23.6826   -32.2276    1.00000    1.00000
     1.00000   -31.4653    18.2828    7.67421    1.00000    1.00000
     1.00000    6.15870    5.37709    1.89535    1.00000    1.00000
     1.00000    1.99800    9.86058    24.3590    1.00000    1.00000
     1.00000    9.95710   -13.7666   -23.8973    1.00000    1.00000
     1.00000   -11.4105    11.8202    13.7720    1.00000    1.00000
     1.00000    8.29247    2.00204    5.49520    1.00000    1.00000
     1.00000    18.7570   -4.60548    38.0326    1.00000    1.00000
     1.00000   0.727451   -22.0584   -38.1483    1.00000    1.00000
     1.00000   -15.1801    8.43491    14.9326    1.00000    1.00000
     1.00000    3.98182    20.6370   -1.39066    1.00000    1.00000
     1.00000    13.9909   -2.33501    24.4273    1.00000    1.00000
     1.00000    4.29258   -17.9625   -25.2532    1.00000    1.00000
     1.00000    1.70916    9.92766    15.4412    1.00000    1.00000
     1.00000    11.9571  -0.249474   -20.2417    1.00000    1.00000
     1.00000    13.1788   -8.24239    27.6731    1.00000    1.00000
     1.00000  -0.287289   -19.5534   -25.6495    1.00000    1.00000
     1.00000   -29.4274    9.82700    2.52227    1.00000    1.00000
     1.00000   -3.02178    14.8979   -3.52028    1.00000    1.00000
     1.00000    1.35736    1.79211    18.6756    1.00000    1.00000
     1.00000    13.3528   -21.9407   -23.5361    1.00000    1.00000
     1.00000   -12.1616    12.5217    22.3100    1.00000    1.00000
     1.00000   -2.23372   -4.20993   -8.15000    1.00000    1.00000
     1.00000    10.8395   -7.40103    29.4665    1.00000    1.00000
     1.00000   -6.92193   -13.1127   -40.6413    1.00000    1.00000
     1.00000   -25.4674    14.7931    1.28966    1.00000    1.00000
     1.00000   0.521397    23.7849   -6.36769    1.00000    1.00000
     1.00000    11.4154   -4.37207    20.8290    1.00000    1.00000
     1.00000    6.49269   -12.6967   -18.1405    1.00000    1.00000
     1.00000   -6.65103    18.4227    15.5055    1.00000    1.00000
     1.00000   -1.10398   -3.91071  -10.02404    1.00000    1.00000
     1.00000    4.13073   -4.13493    8.06921    1.00000    1.00000
     1.00000   -6.99472   -24.1891   -36.9234    1.00000    1.00000
     1.00000   -28.3285    14.8049    5.74116    1.00000    1.00000
     1.00000    4.94129    5.35989   -1.85251    1.00000    1.00000
     1.00000    3.52590    9.28622    23.2033    1.00000    1.00000
     1.00000   10.37133   -9.18599   -28.8806    1.00000    1.00000
     1.00000  -10.17925    2.63226    17.1621    1.00000    1.00000
     1.00000    7.42877    2.47701   -2.96586    1.00000    1.00000
     1.00000    16.2878   -11.9671    35.0290    1.00000    1.00000
     1.00000   -1.53694E-02   -21.4978   -44.5932    1.00000    1.00000
     1.00000   -25.3535    7.44580    10.8985    1.00000    1.00000
     1.00000    8.46944    25.1971   -2.77164    1.00000    1.00000
     1.00000    16.6345   -4.32059    26.9724    1.00000    1.00000
     1.00000    1.41764   -13.3087   -22.9411    1.00000    1.00000
     1.00000    3.66906    7.93887    14.5623    1.00000    1.00000
     1.00000    9.30779    3.59578   -16.4268    1.00000    1.00000
     1.00000    14.9737   -10.9977    25.4119    1.00000    1.00000
     1.00000    1.20706   -20.7404   -26.2478    1.00000    1.00000
     1.00000   -31.8496    15.3601   0.180058    1.00000    1.00000
     1.00000  -0.227180   10.19418   -1.44316    1.00000    1.00000
     1.00000    4.53117    3.08389    19.0594    1.00000    1.00000
     1.00000    14.7543   -16.2462   -23.9489    1.00000    1.00000
     1.00000   -6.18103    12.1117    21.4844    1.00000    1.00000
     1.00000    3.10644   -5.08583    1.45000    1.00000    1.00000
     1.00000    12.4229   -12.3550    33.3009    1.00000    1.00000
     1.00000   -6.52958   -14.8676   -39.7660    1.00000    1.00000
     1.00000   -26.7163    11.9597   -1.23177    1.00000    1.00000
     1.00000    9.14663    24.6273   -4.90852    1.00000    1.00000
     1.00000    14.5130    3.12664    21.7705    1.00000    1.00000
     1.00000    4.17067   -15.5699   -22.8590    1.00000    1.00000
     1.00000   -8.94281    14.6361    12.2348    1.00000    1.00000
     1.00000    1.14546   -6.50886   -9.97652    1.00000    1.00000
     1.00000    3.05051   -1.57298    16.0667    1.00000    1.00000
     1.00000   -7.72735   -22.4012   -32.8098    1.00000    1.00000
     1.00000   -32.2949    13.1688    8.90728    1.00000    1.00000
     1.00000    7.76682    11.7490    2.06320    1.00000    1.00000
     1.00000   0.894154    8.99545    21.5972    1.00000    1.00000
     1.00000    9.75174   -11.7083   -27.0935    1.00000    1.00000
     1.00000   -17.0616   10.26014    11.9396    1.00000    1.00000
     1.00000    8.61050   -1.32880    2.71378    1.00000    1.00000
     1.00000    17.9480   -6.24297    30.6507    1.00000    1.00000
     1.00000   -1.63998   -20.8346   -41.3976    1.00000    1.00000
     1.00000   -20.4858    8.47517    13.5949    1.00000    1.00000
     1.00000    6.92305    24.7555   -1.58265    1.00000    1.00000
     1.00000   10.16360   0.195141    25.1692    1.00000    1.00000
     1.00000    2.39209   -17.3429   -25.3183    1.00000    1.00000
     1.00000   -3.31281   10.40914    15.7797    1.00000    1.00000
     1.00000    12.2828   0.992897   -16.2357    1.00000    1.00000
     1.00000    5.47083   -6.24143    22.3964    1.00000    1.00000
     1.00000   0.183449   -20.4385   -34.0849    1.00000    1.00000
     1.00000   -31.3243    9.29810    2.87128    1.00000    1.00000
     1.00000   -1.81457    19.5038   -3.78956    1.00000    1.00000
     1.00000   0.634933    2.42964    15.1238    1.00000    1.00000
     1.00000    13.2382   -25.4622   -24.0087    1.00000    1.00000
     1.00000   -14.8731    14.3964    16.1039    1.00000    1.00000
     1.00000   -3.19786E-02   -5.86296   -2.88196    1.00000    1.00000
     1.00000    11.7389   -5.61246    34.1821    1.00000    1.00000
     1.00000   -3.36609  -10.43494   -42.6945    1.00000    1.00000
     1.00000   -23.9676   10.48445    6.94361    1.00000    1.00000
     1.00000  -0.875259    20.1838   -6.33615    1.00000    1.00000
     1.00000    7.31030  -0.475006    21.4852    1.00000    1.00000
     1.00000    3.46014   -12.3696   -15.4877    1.00000    1.00000
     1.00000   -4.08273    16.2609    14.8482    1.00000    1.00000
     1.00000    1.23024   0.345848   -12.3577    1.00000    1.00000
     1.00000    1.03359   -6.06656    12.3125    1.00000    1.00000
     1.00000   -2.80487   -21.6516   -33.2412    1.00000    1.00000
     1.00000   -30.4563    13.7124    6.66647    1.00000    1.00000
     1.00000    6.64338    4.71648   -1.02251    1.00000    1.00000
     1.00000    3.07558    9.23338    21.0265    1.00000    1.00000
     1.00000    7.98520   -7.53222   -24.6476    1.00000    1.00000
     1.00000   -11.6172    5.72773    15.4863    1.00000    1.00000
     1.00000   10.31279    1.64304   -4.97271    1.00000    1.00000
     1.00000    18.5588   -12.0852    41.1228    1.00000    1.00000
     1.00000  -0.715927   -16.9760   -45.7803    1.00000    1.00000
     1.00000   -20.0750    7.55064    6.01860    1.00000    1.00000
     1.00000    7.67630    29.5271  -0.823257    1.00000    1.00000
     1.00000    14.8913   -5.82424    26.1214    1.00000    1.00000
     1.00000    2.75014   -16.5641   -18.8938    1.00000    1.00000
     1.00000    4.85288    6.92939    12.3233    1.00000    1.00000
     1.00000    5.83348    2.01424   -14.3687    1.00000    1.00000
     1.00000    15.9399   -14.0915    24.2769    1.00000    1.00000
     1.00000    2.10356   -22.1047   -34.2682    1.00000    1.00000
     1.00000   -30.5484    13.8999  -0.237869    1.00000    1.00000
     1.00000    4.47736    9.49389   -1.11552    1.00000    1.00000
     1.00000    3.32713    4.02364    21.0431    1.00000    1.00000
     1.00000    14.3561   -11.8254   -23.4162    1.00000    1.00000
     1.00000   -9.29428    12.1312    17.6231    1.00000    1.00000
     1.00000    5.64756   -3.55056    4.29153    1.00000    1.00000
     1.00000    14.6049   -10.8902    34.9370    1.00000    1.00000
     1.00000   -4.94859   -20.5491   -40.8193    1.00000    1.00000
     1.00000   -22.9680    11.9780   0.145226    1.00000    1.00000
     1.00000    6.10538    24.2394   -7.40765    1.00000    1.00000
     1.00000    15.3334   -1.76324    20.5099    1.00000    1.00000
     1.00000    8.87503   -15.3751   -24.3891    1.00000    1.00000
     1.00000  -10.02730    17.1515    14.8503    1.00000    1.00000
     1.00000    5.94067   -8.48973   -11.3533    1.00000    1.00000
     1.00000    4.53000   -4.77235    18.9273    1.00000    1.00000
     1.00000   -9.27338   -22.7774   -31.5981    1.00000    1.00000
     1.00000   -34.1624    16.9879    7.31844    1.00000    1.00000
     1.00000    6.89005    8.81144    1.15076    1.00000    1.00000
     1.00000    2.16021    8.52629    25.8400    1.00000    1.00000
     1.00000   10.27664  -10.35794   -25.4143    1.00000    1.00000
     1.00000   -15.2881    9.84690    12.7666    1.00000    1.00000
     1.00000    8.90439    1.94810    1.85642    1.00000    1.00000
     1.00000    17.1742   -7.47344    36.9432    1.00000    1.00000
     1.00000   -1.01795   -20.7301   -38.6711    1.00000    1.00000
     1.00000   -16.9679    9.00313    15.6261    1.00000    1.00000
     1.00000    7.29969    23.2937    1.78255    1.00000    1.00000
     1.00000    14.0233   -3.04672    27.6219    1.00000    1.00000
     1.00000    7.55686   -19.2958   -24.1567    1.00000    1.00000
     1.00000   -7.35855E-02   10.29018    14.3019    1.00000    1.00000
     1.00000    9.77643    3.87192E-02   -20.7033    1.00000    1.00000
     1.00000    7.75048   -7.06169    26.0864    1.00000    1.00000
     1.00000   -1.10572   -20.5732   -28.0814    1.00000    1.00000
     1.00000   -31.9442    11.2519    4.75246    1.00000    1.00000
     1.00000  -0.256191    13.3944   -3.54141    1.00000    1.00000
     1.00000    1.81254    3.82949    16.6485    1.00000    1.00000
     1.00000    15.0280   -21.3773   -22.6001    1.00000    1.00000
     1.00000   -11.0245    13.8246    19.1312    1.00000    1.00000
     1.00000   -2.36435   -2.55546   -9.26609    1.00000    1.00000
     1.00000    15.0555   -7.48330    31.1168    1.00000    1.00000
     1.00000   -6.24311  -10.01919   -42.6431    1.00000    1.00000
     1.00000   -23.7761    14.9100    4.85807    1.00000    1.00000
     1.00000   -1.74925    22.5825   -7.28921    1.00000    1.00000
     1.00000    9.84824   -2.60391    20.7684    1.00000    1.00000
     1.00000    4.50863   -14.0414   -15.8129    1.00000    1.00000
     1.00000   -8.10485    15.8851    15.8500    1.00000    1.00000
     1.00000   0.978111   -1.19906   -11.1129    1.00000    1.00000
     1.00000    2.98427   -3.70658    9.65102    1.00000    1.00000
     1.00000   -5.84492   -23.9400   -38.5407    1.00000    1.00000
     1.00000   -28.6632    13.5720    7.54114    1.00000    1.00000
     1.00000    3.00092    8.64165   -2.79368    1.00000    1.00000
     1.00000    5.33632   10.10825    23.4193    1.00000    1.00000
     1.00000    8.58834   -8.87894   -28.0281    1.00000    1.00000
     1.00000  -10.55453    3.68453    15.5033    1.00000    1.00000
     1.00000    5.98252    2.68691   -1.60046    1.00000    1.00000
     1.00000    20.1940   -12.1312    35.5592    1.00000    1.00000
     1.00000   -1.20973   -19.2418   -43.3848    1.00000    1.00000
     1.00000   -22.7761    6.62280    9.76979    1.00000    1.00000
     1.00000    10.9733    28.1620   -2.74759    1.00000    1.00000
     1.00000    15.0437   -5.21560    23.6547    1.00000    1.00000
     1.00000    2.36791   -14.8970   -22.1831    1.00000    1.00000
     1.00000    1.95898    7.15681    13.8811    1.00000    1.00000
     1.00000    6.71868    4.56329   -20.5773    1.00000    1.00000
     1.00000    14.6817   -11.2298    27.3769    1.00000    1.00000
     1.00000    4.60202   -24.4568   -27.7460    1.00000    1.00000
     1.00000   -31.9290    18.3967   -2.36362    1.00000    1.00000
     1.00000   -1.39770    9.25388   0.762215    1.00000    1.00000
     1.00000    2.86001    4.20202    18.8345    1.00000    1.00000
     1.00000    12.4798   -18.4163   -22.0285    1.00000    1.00000
     1.00000   -9.19023    13.0693    19.3864    1.00000    1.00000
     1.00000    4.33005   -3.67804    2.17172    1.00000    1.00000
     1.00000    10.8672  -10.07136    34.2739    1.00000    1.00000
     1.00000   -3.26434   -16.0951   -40.2259    1.00000    1.00000
     1.00000   -24.6507    14.0360  -0.371605    1.00000    1.00000
     1.00000    7.92365    25.2191   -7.80230    1.00000    1.00000
     1.00000    16.9121    8.45240    21.0345    1.00000    1.00000
     1.00000    5.84616   -15.5202   -19.0849    1.00000    1.00000
     1.00000   -10.9668    16.3610    12.0516    1.00000    1.00000
     1.00000    3.60272   -6.66022   -11.4371    1.00000    1.00000
     1.00000    7.28382   -3.92106    18.4343    1.00000    1.00000
     1.00000   -5.87660   -21.9757   -33.4373    1.00000    1.00000
     1.00000   -30.5897    15.3678    7.78079    1.00000    1.00000
     1.00000    5.54045    11.9905    3.35580    1.00000    1.00000
     1.00000    1.08682    7.74486    24.3442    1.00000    1.00000
     1.00000    10.7851   -15.7875   -29.1870    1.00000    1.00000
     1.00000   -16.7042    13.8460    11.7755    1.00000    1.00000
     1.00000    12.3417   -1.02901  -0.543724    1.00000    1.00000
     1.00000    18.9745   -8.24659    33.7075    1.00000    1.00000
     1.00000   -3.09993   -19.6335   -42.0503    1.00000    1.00000
     1.00000   -21.9031    8.38233    12.1659    1.00000    1.00000
     1.00000    9.16841    27.4533  -0.875793    1.00000    1.00000
     1.00000   10.53965  -0.443737    23.1245    1.00000    1.00000
     1.00000    1.04470   -17.4013   -22.3832    1.00000    1.00000
     1.00000   -1.95891    11.5463    16.7145    1.00000    1.00000
     1.00000   10.35956    1.21566   -17.8681    1.00000    1.00000
     1.00000    7.67876   -7.07167    24.0877    1.00000    1.00000
     1.00000   0.685520   -19.2627   -28.9199    1.00000    1.00000
     1.00000   -32.1110    7.38075    6.05424    1.00000    1.00000
     1.00000  -0.892456    16.5071   -3.32439    1.00000    1.00000
     1.00000  -0.656013    6.95009    14.9423    1.00000    1.00000
     1.00000    13.0382   -20.1254   -25.0480    1.00000    1.00000
     1.00000   -17.8101    13.5452    14.5913    1.00000    1.00000
     1.00000   -1.09933   -5.32549   -4.48566    1.00000    1.00000
     1.00000    13.5924   -4.87318    34.0475    1.00000    1.00000
     1.00000    6.57959E-02   -11.5113   -44.2456    1.00000    1.00000
     1.00000   -23.7175    12.1257    9.39960    1.00000    1.00000
     1.00000    1.33275    19.4036   -3.70867    1.00000    1.00000
     1.00000    7.31108   -1.64540    23.1070    1.00000    1.00000
     1.00000    2.44220   -10.6809   -15.1529    1.00000    1.00000
     1.00000   -2.67747    14.9230    15.3331    1.00000    1.00000
     1.00000    3.83672    1.92844   -14.2941    1.00000    1.00000
     1.00000    3.88013   -3.03484    14.9829    1.00000    1.00000
     1.00000   -4.24003   -22.0139   -34.5862    1.00000    1.00000
     1.00000   -32.0974    15.0335    3.61942    1.00000    1.00000
     1.00000    7.23861    6.19905   -2.22570    1.00000    1.00000
     1.00000    6.21104    7.92146    21.8283    1.00000    1.00000
     1.00000    9.40879   -8.74094   -26.2094    1.00000    1.00000
     1.00000   -13.0819    8.99935    12.3853    1.00000    1.00000
     1.00000    9.92246    2.31570   -3.13011    1.00000    1.00000
     1.00000    20.7683  -10.41083    38.1535    1.00000    1.00000
     1.00000   -2.21077   -15.7873   -44.4462    1.00000    1.00000
     1.00000   -23.0558    8.56146    6.64088    1.00000    1.00000
     1.00000    9.99755    30.4979   -5.31813    1.00000    1.00000
     1.00000    14.5209   -4.90841    28.1572    1.00000    1.00000
     1.00000    5.20801   -17.9094   -17.3606    1.00000    1.00000
     1.00000    2.43983    8.35411    8.65377    1.00000    1.00000
     1.00000    6.16948    1.48263   -16.2672    1.00000    1.00000
     1.00000    12.5326   -15.7390    24.7109    1.00000    1.00000
     1.00000    3.21676   -23.1947   -30.9339    1.00000    1.00000
     1.00000   -32.2217    12.6849    3.32446    1.00000    1.00000
     1.00000    2.79923    11.5418   -3.59052    1.00000    1.00000
     1.00000    1.99697    5.40522    21.6105    1.00000    1.00000
     1.00000    14.4861   -14.5147   -22.0821    1.00000    1.00000
     1.00000  -10.14771    11.5572    15.9079    1.00000    1.00000
     1.00000    6.97819   -3.00629    5.68193    1.00000    1.00000
     1.00000    15.1839   -9.79520    32.9103    1.00000    1.00000
     1.00000   -6.21150   -19.0273   -41.1183    1.00000    1.00000
     1.00000   -22.3360    12.1324   -2.47788    1.00000    1.00000
     1.00000    1.53828    23.9894   -8.07771    1.00000    1.00000
     1.00000    14.7331   0.140141    20.3802    1.00000    1.00000
     1.00000    7.53468   -16.9375   -23.1761    1.00000    1.00000
     1.00000   -11.4151    15.7464    14.5345    1.00000    1.00000
     1.00000    4.12329   -5.90025   -13.2123    1.00000    1.00000
     1.00000    3.08312   -6.03760    19.4802    1.00000    1.00000
     1.00000   -11.3304   -22.7684   -33.9635    1.00000    1.00000
     1.00000   -32.7259    17.1204    8.70364    1.00000    1.00000
     1.00000    6.48961    4.04933    3.35395    1.00000    1.00000
     1.00000    2.60262    11.3597    23.1813    1.00000    1.00000
     1.00000    11.2157   -13.0117   -22.5386    1.00000    1.00000
     1.00000   -11.8059    9.90008    14.1678    1.00000    1.00000
     1.00000    8.89977    1.26731    3.73698    1.00000    1.00000
     1.00000    18.7506   -5.96955    36.5700    1.00000    1.00000
     1.00000   -1.18951   -22.5490   -37.8575    1.00000    1.00000
     1.00000   -14.0382    9.84212    15.7786    1.00000    1.00000
     1.00000    4.37477    20.9253   0.549057    1.00000    1.00000
     1.00000    12.4197   -2.16034    23.2021    1.00000    1.00000
     1.00000    6.21954   -18.4779   -25.3988    1.00000    1.00000
     1.00000   0.944923    8.08246    15.3354    1.00000    1.00000
     1.00000    12.5467    1.02769   -18.8200    1.00000    1.00000
     1.00000    11.2442   -7.75302    27.5397    1.00000    1.00000
     1.00000  -0.147991   -18.4345   -27.3014    1.00000    1.00000
     1.00000   -28.9071    11.2878    3.78533    1.00000    1.00000
     1.00000   -1.24490    14.8837   -4.43817    1.00000    1.00000
     1.00000   0.350708    2.54937    17.1222    1.00000    1.00000
     1.00000    12.9345   -20.3195   -22.4422    1.00000    1.00000
     1.00000   -12.1626    13.8046    20.7756    1.00000    1.00000
     1.00000   -1.84149   -3.79735   -6.23273    1.00000    1.00000
     1.00000    11.7603   -6.64017    31.0706    1.00000    1.00000
     1.00000   -5.34078   -13.8084   -41.6493    1.00000    1.00000
     1.00000   -24.7514    14.5754    3.14438    1.00000    1.00000
     1.00000  -0.601398    24.8038   -7.67200    1.00000    1.00000
     1.00000    13.1020   -4.39479    21.9037    1.00000    1.00000
     1.00000    8.35949   -12.4157   -18.8008    1.00000    1.00000
     1.00000   -5.88771    18.6953    17.3339    1.00000    1.00000
     1.00000   0.563538   -3.68244   -11.1045    1.00000    1.00000
     1.00000    5.64878   -4.02877    6.77142    1.00000    1.00000
     1.00000   -8.09208   -22.8272   -35.9533    1.00000    1.00000
     1.00000   -27.7918    14.0100    3.98613    1.00000    1.00000
     1.00000    4.25708    7.20975   -2.18398    1.00000    1.00000
     1.00000    4.09422    10.7071    21.9156    1.00000    1.00000
     1.00000    9.53859   -8.49648   -30.5632    1.00000    1.00000
     1.00000   -9.03002    4.12269    17.8388    1.00000    1.00000
     1.00000    8.22741    1.20916   -1.64120    1.00000    1.00000
     1.00000    17.9185   -10.8890    35.4512    1.00000    1.00000
     1.00000   -1.56385   -21.2101   -43.3606    1.00000    1.00000
     1.00000   -23.4587    7.30251    11.5225    1.00000    1.00000
     1.00000    8.00600    26.2013   -4.43797    1.00000    1.00000
     1.00000    17.1515   -2.51951    27.6716    1.00000    1.00000
     1.00000    1.60956   -11.6369   -24.0219    1.00000    1.00000
     1.00000    2.55185    9.15139    13.4302    1.00000    1.00000
     1.00000    9.13034    3.14044   -18.3661    1.00000    1.00000
     1.00000    15.9808   -12.6993    25.7123    1.00000    1.00000
     1.00000    2.94942   -21.6415   -26.6378    1.00000    1.00000
     1.00000   -31.7479    16.7291   -1.27451    1.00000    1.00000
     1.00000  -0.363117    12.1882   -1.37078    1.00000    1.00000
     1.00000    5.17170    2.26053    20.7658    1.00000    1.00000
     1.00000    14.7397   -14.5950   -25.0774    1.00000    1.00000
     1.00000   -5.68129    12.3100    19.5580    1.00000    1.00000
     1.00000    2.22847   -5.43410  -0.312920    1.00000    1.00000
     1.00000    10.6126   -12.0468    34.0934    1.00000    1.00000
     1.00000   -7.31221   -16.3157   -38.6300    1.00000    1.00000
     1.00000   -28.3245    12.3727  -0.116844    1.00000    1.00000
     1.00000    10.7716    25.6689   -5.43245    1.00000    1.00000
     1.00000    14.9790    5.04627    21.4577    1.00000    1.00000
     1.00000    5.71966   -14.4777   -22.2203    1.00000    1.00000
     1.00000   -8.82673    15.5340    14.0182    1.00000    1.00000
     1.00000  -0.199715   -5.53099   -11.0875    1.00000    1.00000
     1.00000    4.96245   -2.06082    16.3931    1.00000    1.00000
     1.00000   -8.45836   -20.8511   -33.8408    1.00000    1.00000
     1.00000   -31.4567    12.4505   10.57508    1.00000    1.00000
     1.00000    7.99820    9.80770    2.48473    1.00000    1.00000
     1.00000   0.690300   10.36946    20.1582    1.00000    1.00000
     1.00000    11.5062   -12.4682   -27.6805    1.00000    1.00000
     1.00000   -16.6999    12.0501    12.7552    1.00000    1.00000
     1.00000    9.66280    9.86938E-02    1.78915    1.00000    1.00000
     1.00000    18.5925   -6.71013    32.4854    1.00000    1.00000
     1.00000  -0.653069   -22.0369   -40.1405    1.00000    1.00000
     1.00000   -19.5334    7.03157    14.5994    1.00000    1.00000
     1.00000    6.58516    24.5214   0.374664    1.00000    1.00000
     1.00000    8.35757  -0.641956    24.9756    1.00000    1.00000
     1.00000   0.437992   -17.7481   -25.1864    1.00000    1.00000
     1.00000   -4.16411    12.2038    16.0129    1.00000    1.00000
     1.00000    10.6933    2.19634   -16.0775    1.00000    1.00000
     1.00000    4.91450   -7.99164    21.6044    1.00000    1.00000
     1.00000  -0.619549   -19.9942   -32.3078    1.00000    1.00000
     1.00000   -31.2456    7.94460    4.34161    1.00000    1.00000
     1.00000  -0.253223    19.9702   -2.62995    1.00000    1.00000
     1.00000  -0.447472    4.10770    15.2356    1.00000    1.00000
     1.00000    13.6119   -23.8096   -25.0714    1.00000    1.00000
     1.00000   -13.9988    14.5205    17.8984    1.00000    1.00000
     1.00000   0.722862   -4.72400   -1.42148    1.00000    1.00000
     1.00000    11.2163   -6.88080    35.6375    1.00000    1.00000
     1.00000   -4.74424   -11.7033   -43.3959    1.00000    1.00000
     1.00000   -22.5471    9.76591    8.15433    1.00000    1.00000
     1.00000   0.191448    21.2164   -7.67624    1.00000    1.00000
     1.00000    6.96825    1.46492    21.1393    1.00000    1.00000
     1.00000    4.71379   -12.6803   -13.9606    1.00000    1.00000
     1.00000   -5.29604    16.7830    13.3464    1.00000    1.00000
     1.00000    2.05590    2.12128   -11.9501    1.00000    1.00000
     1.00000    1.29868   -4.43385    13.4368    1.00000    1.00000
     1.00000   -1.17410   -21.9057   -32.1116    1.00000    1.00000
     1.00000   -30.6095    14.3910    4.79137    1.00000    1.00000
     1.00000    6.63463    6.45766   -3.85208E-02    1.00000    1.00000
     1.00000    4.76591    8.30332    20.4994    1.00000    1.00000
     1.00000    6.07476   -7.37318   -24.0775    1.00000    1.00000
     1.00000   -12.5771    7.45693    15.7837    1.00000    1.00000
     1.00000   10.14817    1.85600   -6.95452    1.00000    1.00000
     1.00000    20.5179   -11.8066    40.8325    1.00000    1.00000
     1.00000  -0.497513   -17.2061   -43.8056    1.00000    1.00000
     1.00000   -21.2067    9.18875    6.20778    1.00000    1.00000
     1.00000    9.34589    30.0749   -1.77845    1.00000    1.00000
     1.00000    13.2562   -4.78277    26.6129    1.00000    1.00000
     1.00000    2.10051   -17.0597   -20.7193    1.00000    1.00000
     1.00000    2.86501    6.97255    12.1077    1.00000    1.00000
     1.00000    5.43149    1.84605   -12.4167    1.00000    1.00000
     1.00000    14.0342   -14.6287    23.9949    1.00000    1.00000
     1.00000    2.49087   -21.9411   -32.3129    1.00000    1.00000
     1.00000   -29.9851    12.4304   0.996292    1.00000    1.00000
     1.00000    4.18142   10.24912   -2.94364    1.00000    1.00000
     1.00000    4.21128    5.44444    22.1384    1.00000    1.00000
     1.00000    13.1990   -12.9968   -22.2809    1.00000    1.00000
     1.00000   -7.96538    12.9329    16.3617    1.00000    1.00000
     1.00000    5.57513   -5.03449    2.95262    1.00000    1.00000
     1.00000    13.6166   -12.6281    34.8822    1.00000    1.00000
     1.00000   -4.17314   -22.1174   -39.8502    1.00000    1.00000
     1.00000   -23.4944    12.7453    1.91556    1.00000    1.00000
     1.00000    5.24889    23.8191   -9.16542    1.00000    1.00000
     1.00000    14.7862   -3.36960    21.5683    1.00000    1.00000
     1.00000    7.07916   -15.0321   -23.5784    1.00000    1.00000
     1.00000   -9.97943    19.1510    14.8534    1.00000    1.00000
     1.00000    5.65140   -6.70149   -12.2009    1.00000    1.00000
     1.00000    3.76733   -3.10580    18.1268    1.00000    1.00000
     1.00000   -8.75197   -24.5854   -30.9204    1.00000    1.00000
     1.00000   -33.9515    18.8965    7.87762    1.00000    1.00000
     1.00000    5.66053    7.27442    1.50551    1.00000    1.00000
     1.00000   0.590290    7.50035    26.5348    1.00000    1.00000
     1.00000    9.67495   -12.2495   -25.1697    1.00000    1.00000
     1.00000   -13.7223   10.39632    13.8830    1.00000    1.00000
     1.00000    9.37743    1.63637   -6.16684E-02    1.00000    1.00000
     1.00000    18.0706   -7.22819    35.1723    1.00000    1.00000
     1.00000   -2.78321   -20.9982   -37.7700    1.00000    1.00000
     1.00000   -18.0490    7.34343    15.9029    1.00000    1.00000
     1.00000    5.93479    21.9040    1.32914    1.00000    1.00000
     1.00000    14.6396   -1.75249    26.2272    1.00000    1.00000
     1.00000    9.22136   -20.4045   -24.1507    1.00000    1.00000
     1.00000    1.52843    11.4829    14.1967    1.00000    1.00000
     1.00000    11.0625  -0.913963   -21.9026    1.00000    1.00000
     1.00000    9.57678   -6.86843    26.8784    1.00000    1.00000
     1.00000   -1.48585   -21.0639   -26.1802    1.00000    1.00000
     1.00000   -30.4517    12.4773    4.23217    1.00000    1.00000
     1.00000    1.03375    12.3634   -4.66976    1.00000    1.00000
     1.00000   0.251919    5.06449    16.8466    1.00000    1.00000
     1.00000    16.6442   -20.2229   -22.3649    1.00000    1.00000
     1.00000   -12.4623    15.2065    18.9794    1.00000    1.00000
     1.00000   -3.05564   -1.18987  -10.55343    1.00000    1.00000
     1.00000    13.2812   -7.50527    32.0394    1.00000    1.00000
     1.00000   -5.94410   -11.8076   -41.7992    1.00000    1.00000
     1.00000   -23.6716    14.2627    6.74753    1.00000    1.00000
     1.00000  -0.406818    22.0775   -5.89534    1.00000    1.00000
     1.00000    9.42630   -4.55862    20.7358    1.00000    1.00000
     1.00000    5.37048   -14.2629   -17.6040    1.00000    1.00000
     1.00000   -6.95963    16.7484    14.4560    1.00000    1.00000
     1.00000    2.27714   -2.69318   -11.3959    1.00000    1.00000
     1.00000    2.52726   -3.17203    11.5233    1.00000    1.00000
     1.00000   -5.31147   -22.2629   -37.5905    1.00000    1.00000
     1.00000   -28.7455    12.8499    5.67787    1.00000    1.00000
     1.00000    1.58499    7.27698   -2.42928    1.00000    1.00000
     1.00000    5.50367    12.0679    23.7823    1.00000    1.00000
     1.00000    6.90968   -9.68878   -28.7536    1.00000    1.00000
     1.00000   -12.5310    3.95572    15.6440    1.00000    1.00000
     1.00000    4.64606    2.53797  -0.120029    1.00000    1.00000
     1.00000    19.5266  -10.55402    36.5922    1.00000    1.00000
     1.00000  -0.149017   -18.7632   -45.0114    1.00000    1.00000
     1.00000   -21.9452    4.83328   10.09736    1.00000    1.00000
     1.00000   10.03543    26.4164   -3.01833    1.00000    1.00000
     1.00000    16.4035   -4.99912    25.1053    1.00000    1.00000
     1.00000    3.64540   -15.8096   -20.9441    1.00000    1.00000
     1.00000    2.03285    5.32919    13.0722    1.00000    1.00000
     1.00000    8.59005    4.22002   -19.9607    1.00000    1.00000
     1.00000    13.9464   -9.62078    26.4439    1.00000    1.00000
     1.00000    2.95477   -23.6100   -26.9914    1.00000    1.00000
     1.00000   -30.4928    19.3478   -3.37983    1.00000    1.00000
     1.00000   0.479927    9.11774    8.69560E-02    1.00000    1.00000
     1.00000    2.80117    2.49181    19.8697    1.00000    1.00000
     1.00000    13.0092   -17.0408   -23.3804    1.00000    1.00000
     1.00000   -7.52571    12.1236    18.8074    1.00000    1.00000
     1.00000    5.44009   -4.01575   0.542686    1.00000    1.00000
     1.00000   10.42999   -8.11973    34.2785    1.00000    1.00000
     1.00000   -5.20740   -16.0444   -40.6970    1.00000    1.00000
     1.00000   -24.8710    12.0504  -0.465919    1.00000    1.00000
     1.00000    7.65104    24.1370   -6.14256    1.00000    1.00000
     1.00000    16.0657    6.72148    21.5707    1.00000    1.00000
     1.00000    5.71564   -16.0658   -21.0046    1.00000    1.00000
     1.00000   -10.9240    14.3816    12.3344    1.00000    1.00000
     1.00000    1.68024   -6.35706   -11.8977    1.00000    1.00000
     1.00000    5.56679   -3.65088    17.4450    1.00000    1.00000
     1.00000   -6.56986   -20.4008   -34.4567    1.00000    1.00000
     1.00000   -32.3164    15.1639    8.76920    1.00000    1.00000
     1.00000    6.57531   10.33447    3.78778    1.00000    1.00000
     1.00000  -0.203354    7.85521    22.8200    1.00000    1.00000
     1.00000    11.6502   -14.4388   -27.9900    1.00000    1.00000
     1.00000   -18.0376    12.4275    11.3172    1.00000    1.00000
     1.00000   10.57035  -0.998100   0.384380    1.00000    1.00000
     1.00000    17.4187   -9.16937    34.5606    1.00000    1.00000
     1.00000   -3.35815   -17.8742   -41.1348    1.00000    1.00000
     1.00000   -20.3660    9.64820    11.9794    1.00000    1.00000
     1.00000    7.51973    26.6617   -1.68517    1.00000    1.00000
     1.00000    11.6548   -1.04195    24.6732    1.00000    1.00000
     1.00000    2.28784   -18.3767   -23.6093    1.00000    1.00000
     1.00000  -0.319645    11.7950    15.5961    1.00000    1.00000
     1.00000    11.6445  -0.297409   -17.6241    1.00000    1.00000
     1.00000    5.72014   -7.45724    23.9647    1.00000    1.00000
     1.00000   0.679916   -19.9779   -30.7876    1.00000    1.00000
     1.00000   -32.0688    9.38003    6.08765    1.00000    1.00000
     1.00000   -2.52003    17.6613   -3.46185    1.00000    1.00000
     1.00000   0.118507    5.45199    13.8672    1.00000    1.00000
     1.00000    13.9269   -21.8713   -25.4506    1.00000    1.00000
     1.00000   -16.0098    14.4061    14.4584    1.00000    1.00000
     1.00000  -0.737263   -5.45085   -6.44862    1.00000    1.00000
     1.00000    12.7639   -5.44166    32.3182    1.00000    1.00000
     1.00000   -1.84358   -11.2212   -43.7259    1.00000    1.00000
     1.00000   -23.5611    12.3833    7.42244    1.00000    1.00000
     1.00000   0.833164    20.4579   -5.33310    1.00000    1.00000
     1.00000    9.07164   -1.42403    22.1843    1.00000    1.00000
     1.00000    2.58654   -9.17123   -13.8490    1.00000    1.00000
     1.00000   -1.19342    13.5845    15.4109    1.00000    1.00000
     1.00000    3.04532    3.37144   -13.1577    1.00000    1.00000
     1.00000    3.20269   -3.84140    13.2827    1.00000    1.00000
     1.00000   -3.64769   -22.2593   -36.4807    1.00000    1.00000
     1.00000   -33.1791    16.4240    2.67264    1.00000    1.00000
     1.00000    7.84701    4.43260   -2.93951    1.00000    1.00000
