     1.00000   -6.02738    2.96917    16.7829    1.00000    1.00000
     1.00000    13.0092    1.70706    1.10405    1.00000    1.00000
     1.00000   -16.0020   0.229206    22.2669    1.00000    1.00000
     1.00000    6.86192    6.53406   -38.0931    1.00000    1.00000
     1.00000   -2.96183   -10.9571    7.05865    1.00000    1.00000
     1.00000   0.229332    13.4635   -26.0197    1.00000    1.00000
     1.00000   -18.2297   -14.3817    32.4867    1.00000    1.00000
     1.00000    8.23248  -0.829044   -18.0122    1.00000    1.00000
     1.00000   -1.18954    9.19408    8.02020    1.00000    1.00000
     1.00000    9.34740    9.89339   -5.93155    1.00000    1.00000
     1.00000   -12.8804    7.19605    19.3789    1.00000    1.00000
     1.00000    7.87687   -5.06307   -24.1068    1.00000    1.00000
     1.00000   -10.6347   -9.59025    12.5368    1.00000    1.00000
     1.00000    13.6260    7.81709   -43.1435    1.00000    1.00000
     1.00000   -11.4389   -4.11808    33.7737    1.00000    1.00000
     1.00000    16.5538   -8.32172   -5.02479    1.00000    1.00000
     1.00000   10.00453    2.08375    10.8303    1.00000    1.00000
     1.00000    7.16586    5.34412   -1.54905    1.00000    1.00000
     1.00000   -16.0057   -5.73421    26.0609    1.00000    1.00000
     1.00000    9.42216   -3.45357   -28.9464    1.00000    1.00000
     1.00000   -7.77883   -16.3427    6.81520    1.00000    1.00000
     1.00000   -6.27393    14.3300   -24.3086    1.00000    1.00000
     1.00000   -8.08448   -12.5151    25.3177    1.00000    1.00000
     1.00000    14.0059   -12.5323   -11.4723    1.00000    1.00000
     1.00000   -2.62047    13.5846   -4.18920    1.00000    1.00000
     1.00000    2.67885    8.08522   -8.98449    1.00000    1.00000
     1.00000   -8.94308    5.17395    30.5185    1.00000    1.00000
     1.00000    1.57849   -4.34666   -19.7487    1.00000    1.00000
     1.00000   -11.3166   -3.46555    19.6085    1.00000    1.00000
     1.00000    14.4893    4.38200   -31.3807    1.00000    1.00000
     1.00000   -12.4807    1.10016    35.0497    1.00000    1.00000
     1.00000    13.8248   -7.77276   -8.49898    1.00000    1.00000
     1.00000   -1.68787  -0.498669    14.0462    1.00000    1.00000
     1.00000    3.72745    3.93187    5.40134    1.00000    1.00000
     1.00000   -17.2052    5.26170    28.0169    1.00000    1.00000
     1.00000    5.55383    6.78091   -39.5858    1.00000    1.00000
     1.00000   -3.33347   -11.7601   10.04940    1.00000    1.00000
     1.00000    6.88426    9.85900   -35.7634    1.00000    1.00000
     1.00000   -9.13871   -13.8377    27.7786    1.00000    1.00000
     1.00000    6.46281   -7.86360  -10.52103    1.00000    1.00000
     1.00000  -0.372627    3.59431    8.03132    1.00000    1.00000
     1.00000    6.76679    15.2419  -10.27428    1.00000    1.00000
     1.00000   -12.9659    7.51174    22.2021    1.00000    1.00000
     1.00000    7.97394   -3.48927   -18.8657    1.00000    1.00000
     1.00000   -8.24754   -9.22205    12.0160    1.00000    1.00000
     1.00000    15.8485    9.87557   -45.0915    1.00000    1.00000
     1.00000   -12.2425   -9.05171    34.9036    1.00000    1.00000
     1.00000    17.0734  -10.08977   -6.87551    1.00000    1.00000
     1.00000    2.00022    2.03862    10.5932    1.00000    1.00000
     1.00000    11.2834    5.23179   -2.72663    1.00000    1.00000
     1.00000   -18.8457   -5.89566    28.8453    1.00000    1.00000
     1.00000    11.5422   0.507175   -31.0480    1.00000    1.00000
     1.00000   -14.1954   -20.8954  -0.698162    1.00000    1.00000
     1.00000  -0.341461    12.5978   -16.3291    1.00000    1.00000
     1.00000   -6.66590   -9.92151    23.2916    1.00000    1.00000
     1.00000    18.7675   -11.4394   -16.0546    1.00000    1.00000
     1.00000   -1.46262    14.4322  -0.567322    1.00000    1.00000
     1.00000    4.26434    12.6919   -14.6678    1.00000    1.00000
     1.00000   -12.8421    9.78557    31.6260    1.00000    1.00000
     1.00000    3.05835   0.573402   -27.8303    1.00000    1.00000
     1.00000   -8.01824   -4.52298    16.2450    1.00000    1.00000
     1.00000    8.10380    12.7665   -34.6809    1.00000    1.00000
     1.00000   -13.1363   -3.25409    36.9744    1.00000    1.00000
     1.00000    14.4880   -4.25903   -13.3318    1.00000    1.00000
     1.00000   -8.05172   -1.81927    17.3573    1.00000    1.00000
     1.00000    7.83858   -3.13139  -0.988647    1.00000    1.00000
     1.00000   -13.3229   -3.99355    22.4432    1.00000    1.00000
     1.00000    6.75937    3.89046   -32.8734    1.00000    1.00000
     1.00000   -4.16084   -16.8054    8.70993    1.00000    1.00000
     1.00000    4.82051    12.7268   -31.0089    1.00000    1.00000
     1.00000   -13.7109  -10.43645    28.7759    1.00000    1.00000
     1.00000    3.68375   -5.88831   -12.4407    1.00000    1.00000
     1.00000  -0.551231    6.02007    7.69584    1.00000    1.00000
     1.00000    9.16393    12.0967   -4.25077    1.00000    1.00000
     1.00000   -9.21013    7.68486    15.3642    1.00000    1.00000
     1.00000    5.10959   -3.86763   -23.7479    1.00000    1.00000
     1.00000   -11.4035   -9.33409    17.8136    1.00000    1.00000
     1.00000    12.9424    7.72159   -35.7970    1.00000    1.00000
     1.00000   -8.95367   -4.01944    40.3437    1.00000    1.00000
     1.00000    20.5686   -11.4239  -0.542885    1.00000    1.00000
     1.00000    7.29597    7.09268    8.56210    1.00000    1.00000
     1.00000    8.47784    8.17910   -3.82737    1.00000    1.00000
     1.00000   -14.0137    2.44236    28.5684    1.00000    1.00000
     1.00000    7.65114    2.25396   -33.5991    1.00000    1.00000
     1.00000  -10.24985   -15.6167    5.93454    1.00000    1.00000
     1.00000   -3.76319    14.0018   -23.9633    1.00000    1.00000
     1.00000   -9.31195   -11.0377    24.7604    1.00000    1.00000
     1.00000    16.5370   -12.1243   -11.1368    1.00000    1.00000
     1.00000   0.745773   10.56002   -9.57457    1.00000    1.00000
     1.00000    6.49104    12.2762  -10.46756    1.00000    1.00000
     1.00000   -11.7854    4.80243    32.7610    1.00000    1.00000
     1.00000    4.59083   -1.98071   -24.1607    1.00000    1.00000
     1.00000   -14.6253   -4.65530    21.0773    1.00000    1.00000
     1.00000    11.6709    7.13551   -34.3688    1.00000    1.00000
     1.00000   -15.0594   -1.23800    37.9159    1.00000    1.00000
     1.00000    14.4304   -9.55837   -9.16595    1.00000    1.00000
     1.00000   -5.32376   -1.06278    12.7298    1.00000    1.00000
     1.00000    9.17858    1.44806E-02    5.22822    1.00000    1.00000
     1.00000   -13.8970    3.08340    22.6458    1.00000    1.00000
     1.00000    3.22531    1.57178   -39.5097    1.00000    1.00000
     1.00000  -0.588234   -7.45446    11.1348    1.00000    1.00000
     1.00000    8.32874    10.9699   -30.7002    1.00000    1.00000
     1.00000   -9.76698  -10.06507    32.9345    1.00000    1.00000
     1.00000    13.5167   -8.91764   -10.9554    1.00000    1.00000
     1.00000   -2.37155    3.54541    8.07461    1.00000    1.00000
     1.00000    6.56010    15.2476   -8.01445    1.00000    1.00000
     1.00000   -16.3712    10.8206    24.6555    1.00000    1.00000
     1.00000    6.89775   -6.23728   -17.6944    1.00000    1.00000
     1.00000   -4.59564   -6.93841   10.48150    1.00000    1.00000
     1.00000    13.6755    11.4538   -44.4507    1.00000    1.00000
     1.00000   -12.7809   -5.86385    39.4626    1.00000    1.00000
     1.00000    20.3677   -8.41133   -8.20438    1.00000    1.00000
     1.00000    4.85568    4.41386    9.83795    1.00000    1.00000
     1.00000   10.35835    8.64393   -3.32973    1.00000    1.00000
     1.00000   -18.7456   -1.34986    30.8937    1.00000    1.00000
     1.00000    11.8223    1.54155   -36.9358    1.00000    1.00000
     1.00000   -13.7745   -22.8146   -1.99287    1.00000    1.00000
     1.00000    1.03307    8.83144   -16.7169    1.00000    1.00000
     1.00000   -6.99626   -7.15348    23.5381    1.00000    1.00000
     1.00000    17.2799   -7.05397   -17.2463    1.00000    1.00000
     1.00000   -4.40862    12.0039    5.39589    1.00000    1.00000
     1.00000   -1.49416    8.96655   -12.8565    1.00000    1.00000
     1.00000   -13.3369    8.68545    28.0691    1.00000    1.00000
     1.00000    7.38122    2.89052   -26.3510    1.00000    1.00000
     1.00000   -5.16183   -5.36978    12.3400    1.00000    1.00000
     1.00000    10.7423    11.4683   -30.7030    1.00000    1.00000
     1.00000   -13.3868   -2.02707    33.2623    1.00000    1.00000
     1.00000    14.7816   -7.64878   -14.0968    1.00000    1.00000
     1.00000   -4.92828    8.38356E-02    18.5587    1.00000    1.00000
     1.00000    11.5551    2.36907   -9.90448E-02    1.00000    1.00000
     1.00000   -16.3689   -3.09343    24.0799    1.00000    1.00000
     1.00000    7.96437    2.49559   -38.2858    1.00000    1.00000
     1.00000   -4.59066   -14.1737    8.20012    1.00000    1.00000
     1.00000    2.82587    14.2172   -26.8925    1.00000    1.00000
     1.00000   -17.9348   -9.40522    30.1926    1.00000    1.00000
     1.00000    6.18862   -3.80586   -17.1416    1.00000    1.00000
     1.00000    1.68393    9.69984    5.99566    1.00000    1.00000
     1.00000    9.63872    11.3224   -7.30019    1.00000    1.00000
     1.00000   -13.7975    4.84788    18.1476    1.00000    1.00000
     1.00000    7.76707   -3.76668   -22.0958    1.00000    1.00000
     1.00000   -11.7231   -8.85003   10.29062    1.00000    1.00000
     1.00000    13.3737    7.17706   -41.2656    1.00000    1.00000
     1.00000   -11.8394   -5.03899    37.9027    1.00000    1.00000
     1.00000    18.0377   -8.90727   -3.81850    1.00000    1.00000
     1.00000    6.59001    4.23148    10.8172    1.00000    1.00000
     1.00000    6.42825    4.27433   -3.06940    1.00000    1.00000
     1.00000   -16.1550   -3.30538    27.8691    1.00000    1.00000
     1.00000    6.97993   -1.30541   -30.3396    1.00000    1.00000
     1.00000   -5.92451   -17.4635    7.92158    1.00000    1.00000
     1.00000   -5.20028    13.0437   -21.4698    1.00000    1.00000
     1.00000   -5.81872   -14.8002    24.9185    1.00000    1.00000
     1.00000    11.6780   -9.72028   -12.5352    1.00000    1.00000
     1.00000   -1.10322    9.96967   -6.68972    1.00000    1.00000
     1.00000    4.08665    7.68089   -12.5734    1.00000    1.00000
     1.00000  -10.03535    6.46422    29.1293    1.00000    1.00000
     1.00000    2.76659   -4.04405   -21.3288    1.00000    1.00000
     1.00000   -13.2527   -5.06873    19.6827    1.00000    1.00000
     1.00000    14.8713    2.07112   -32.3260    1.00000    1.00000
     1.00000  -10.55792   0.568459    35.1919    1.00000    1.00000
     1.00000    11.9262   -9.90589   -7.01720    1.00000    1.00000
     1.00000    1.40971   0.750938    15.6494    1.00000    1.00000
     1.00000    6.32948    2.05098    4.25893    1.00000    1.00000
     1.00000   -13.2530    5.26088    25.3487    1.00000    1.00000
     1.00000    5.63067    3.06232   -40.6839    1.00000    1.00000
     1.00000   -2.13419   -6.93385    12.2919    1.00000    1.00000
     1.00000    8.54678   10.20452   -32.5351    1.00000    1.00000
     1.00000   -12.3941   -12.3110    27.8008    1.00000    1.00000
     1.00000    5.29211   -7.38916   -8.97044    1.00000    1.00000
     1.00000   0.776375    5.03026    8.81734    1.00000    1.00000
     1.00000    8.30342    15.2693   -8.99443    1.00000    1.00000
     1.00000   -16.1004    5.98757    21.1888    1.00000    1.00000
     1.00000    5.10932   -1.17142   -19.8394    1.00000    1.00000
     1.00000   -8.12453   -8.44182    14.3303    1.00000    1.00000
     1.00000    19.9734    9.78020   -44.1065    1.00000    1.00000
     1.00000   -12.6770   -8.74601    38.2182    1.00000    1.00000
     1.00000    19.4040   -8.40405   -5.18960    1.00000    1.00000
     1.00000   -1.05346   -6.24771E-02    11.0169    1.00000    1.00000
     1.00000    12.1229    3.32695   -2.83138    1.00000    1.00000
     1.00000   -16.9673   -4.69186    30.0015    1.00000    1.00000
     1.00000    11.3417   -2.85262   -31.5443    1.00000    1.00000
     1.00000   -13.4288   -17.4920    4.02258    1.00000    1.00000
     1.00000   -3.68271    13.0917   -20.1680    1.00000    1.00000
     1.00000   -5.58503   -9.31668    20.6087    1.00000    1.00000
     1.00000    18.6540   -11.5633   -14.0616    1.00000    1.00000
     1.00000   -3.17399    14.0569   0.397236    1.00000    1.00000
     1.00000   0.115646    12.4819   -13.2272    1.00000    1.00000
     1.00000   -13.0390    5.98603    28.6397    1.00000    1.00000
     1.00000    4.93900   0.597847   -28.5104    1.00000    1.00000
     1.00000   -9.85771   -6.25234    18.4771    1.00000    1.00000
     1.00000    9.70067    13.8507   -34.1570    1.00000    1.00000
     1.00000   -10.8747  -0.573887    36.8027    1.00000    1.00000
     1.00000    11.7597   -4.09779   -12.2278    1.00000    1.00000
     1.00000   -6.98658   0.481819    16.7946    1.00000    1.00000
     1.00000   10.09167   -1.34964   -1.85065    1.00000    1.00000
     1.00000   -13.4740   -4.35820    25.6746    1.00000    1.00000
     1.00000    8.88952    5.32717   -36.5698    1.00000    1.00000
     1.00000   -6.63884   -17.3540   10.07452    1.00000    1.00000
     1.00000    5.39131    13.6940   -27.0628    1.00000    1.00000
     1.00000   -15.6992  -10.27877    28.9233    1.00000    1.00000
     1.00000    3.90719   -4.80164   -14.1048    1.00000    1.00000
     1.00000   -4.54632    9.94040    7.84771    1.00000    1.00000
     1.00000    7.63270    13.3832   -4.26613    1.00000    1.00000
     1.00000   -10.6276    5.46265    15.5036    1.00000    1.00000
     1.00000    4.98038   -4.48101   -21.8487    1.00000    1.00000
     1.00000   -11.2166   -10.9507    14.2525    1.00000    1.00000
     1.00000    12.1659    5.86193   -39.4642    1.00000    1.00000
     1.00000   -11.1525   -3.28673    37.2262    1.00000    1.00000
     1.00000    20.9239   -9.65795   -1.41198    1.00000    1.00000
     1.00000    8.05091    4.56754    12.2256    1.00000    1.00000
     1.00000    5.72623    7.28885   -6.54504    1.00000    1.00000
     1.00000   -13.3899   0.564877    28.2752    1.00000    1.00000
     1.00000    6.07156   -1.04050   -34.0010    1.00000    1.00000
     1.00000   -11.9281   -16.9702    2.80782    1.00000    1.00000
     1.00000   -3.73012    13.4874   -26.8592    1.00000    1.00000
     1.00000   -10.6518   -13.9516    24.8216    1.00000    1.00000
     1.00000    15.6281   -12.8746   -13.8292    1.00000    1.00000
     1.00000  -0.125069    12.7953   -9.27907    1.00000    1.00000
     1.00000    6.23954   10.31428   -10.7633    1.00000    1.00000
     1.00000   -11.7203    6.85038    31.1023    1.00000    1.00000
     1.00000    1.11933   0.629807   -24.9098    1.00000    1.00000
     1.00000   -18.5998   -2.72502    20.8980    1.00000    1.00000
     1.00000    11.7294    8.91073   -33.4494    1.00000    1.00000
     1.00000   -13.5659    2.57794    37.7565    1.00000    1.00000
     1.00000    15.0161   -7.56835  -10.31834    1.00000    1.00000
     1.00000   -4.96474   -2.56270    14.0031    1.00000    1.00000
     1.00000    9.08701    1.73694    4.21591    1.00000    1.00000
     1.00000   -12.5801    1.53342    21.2670    1.00000    1.00000
     1.00000  -0.332901    2.02838   -40.3839    1.00000    1.00000
     1.00000   -1.73445   -7.89958    9.20176    1.00000    1.00000
     1.00000    7.68289    11.9020   -27.6257    1.00000    1.00000
     1.00000   -12.5934   -9.78153    33.0749    1.00000    1.00000
     1.00000    8.68678   -6.67715  -10.15440    1.00000    1.00000
     1.00000   -6.09655    2.83633    8.51834    1.00000    1.00000
     1.00000    6.01220    13.6714   -9.11692    1.00000    1.00000
     1.00000   -16.5051    8.39482    21.5620    1.00000    1.00000
     1.00000    8.47356   -5.90628   -16.5081    1.00000    1.00000
     1.00000   -5.36832   -9.19542    11.6007    1.00000    1.00000
     1.00000    15.5825    8.47317   -42.9679    1.00000    1.00000
     1.00000   -10.8609   -7.32123    39.9837    1.00000    1.00000
     1.00000    18.9832   -10.8762   -8.07485    1.00000    1.00000
     1.00000    2.02594    3.53397    8.37071    1.00000    1.00000
     1.00000    9.70329    5.50337   -5.42625    1.00000    1.00000
     1.00000   -17.6879   -3.20169    31.1240    1.00000    1.00000
     1.00000    12.4070   0.674255   -33.0865    1.00000    1.00000
     1.00000   -14.3355   -22.7075   0.374729    1.00000    1.00000
     1.00000    1.17344    10.7176   -19.4303    1.00000    1.00000
     1.00000  -10.06875   -9.26915    24.2131    1.00000    1.00000
     1.00000    13.6330   -8.98081   -16.3069    1.00000    1.00000
     1.00000   -4.12753   10.21866    4.53912    1.00000    1.00000
     1.00000   -1.63077    10.6391   -14.2773    1.00000    1.00000
     1.00000   -12.2465    6.96862    25.0832    1.00000    1.00000
     1.00000    6.63958  -0.348320   -28.0491    1.00000    1.00000
     1.00000   -6.88140   -4.20399    13.9547    1.00000    1.00000
     1.00000    12.5384    11.7934   -29.8856    1.00000    1.00000
     1.00000   -12.8562   -1.00285    30.6247    1.00000    1.00000
     1.00000    16.2876   -6.97531   -12.9351    1.00000    1.00000
     1.00000   -4.86549    1.35846    17.0188    1.00000    1.00000
     1.00000    12.4354   0.864075    2.82455    1.00000    1.00000
     1.00000   -16.5884    1.31430    20.6925    1.00000    1.00000
     1.00000    7.00181    4.87021   -39.1941    1.00000    1.00000
     1.00000   -3.79492   -12.7748    7.01278    1.00000    1.00000
     1.00000   -1.75928    13.2666   -26.1012    1.00000    1.00000
     1.00000   -17.9723   -12.6696    31.4856    1.00000    1.00000
     1.00000    7.74398   -2.54882   -17.1157    1.00000    1.00000
     1.00000   -2.66489   10.33256    7.29412    1.00000    1.00000
     1.00000    8.01617    9.01473   -7.13811    1.00000    1.00000
     1.00000   -11.9404    8.40770    18.0950    1.00000    1.00000
     1.00000    8.39325   -5.65825   -22.2686    1.00000    1.00000
     1.00000   -9.84509   -8.66066    10.9517    1.00000    1.00000
     1.00000    14.6170    7.69647   -44.8766    1.00000    1.00000
     1.00000   -10.7314   -5.54599    34.9823    1.00000    1.00000
     1.00000    15.8835   -6.81953   -3.88717    1.00000    1.00000
     1.00000    9.11830    3.87074    10.6845    1.00000    1.00000
     1.00000    7.83863    5.16367   0.325737    1.00000    1.00000
     1.00000   -14.7922   -4.58672    27.1612    1.00000    1.00000
     1.00000   10.38699   -1.70168   -28.9472    1.00000    1.00000
     1.00000   -8.80675   -14.6295    6.90559    1.00000    1.00000
     1.00000   -5.08978    15.6365   -23.3648    1.00000    1.00000
     1.00000   -7.42727   -13.7495    26.7475    1.00000    1.00000
     1.00000    12.0571   -12.9752   -11.5505    1.00000    1.00000
     1.00000   -2.04394    13.2555   -6.07582    1.00000    1.00000
     1.00000    4.06000    9.52003   -8.80082    1.00000    1.00000
     1.00000   -7.84848    6.14804    29.1573    1.00000    1.00000
     1.00000   0.171211   -5.04008   -18.5082    1.00000    1.00000
     1.00000   -13.0391   -3.40460    18.5940    1.00000    1.00000
     1.00000    12.7489    5.33116   -31.6451    1.00000    1.00000
     1.00000   -14.0545  -0.133778    35.0268    1.00000    1.00000
     1.00000    12.0446   -8.67935   -8.59251    1.00000    1.00000
     1.00000   -8.18481E-02   0.661377    14.3201    1.00000    1.00000
     1.00000    2.14513    5.04623    4.89687    1.00000    1.00000
     1.00000   -15.4870    4.79362    27.1066    1.00000    1.00000
     1.00000    7.10894    6.66986   -40.8385    1.00000    1.00000
     1.00000   -3.67681   -9.96475    10.8611    1.00000    1.00000
     1.00000    7.34603    10.9856   -34.1768    1.00000    1.00000
     1.00000   -10.6221   -12.7785    28.6017    1.00000    1.00000
     1.00000    7.15855   -6.17902   -11.3445    1.00000    1.00000
     1.00000   0.559326    4.30920    6.41256    1.00000    1.00000
     1.00000    4.86719    15.3977   -10.8803    1.00000    1.00000
     1.00000   -13.1290    5.96964    20.9390    1.00000    1.00000
     1.00000    9.12565   -4.24878   -17.4177    1.00000    1.00000
     1.00000   -7.01315   -8.54870    10.5937    1.00000    1.00000
     1.00000    17.2411    9.00240   -43.9522    1.00000    1.00000
     1.00000   -13.5347   -8.99953    36.4293    1.00000    1.00000
     1.00000    16.9872   -10.7061   -4.97480    1.00000    1.00000
     1.00000    7.06863E-02    1.58409    10.8583    1.00000    1.00000
     1.00000    9.60662    6.01089   -3.48907    1.00000    1.00000
     1.00000   -17.3104   -5.92995    27.5641    1.00000    1.00000
     1.00000    9.72641   0.359715   -31.8734    1.00000    1.00000
     1.00000   -14.4854   -19.7212   0.894661    1.00000    1.00000
     1.00000   -1.63657    13.9692   -16.9939    1.00000    1.00000
     1.00000   -5.96181   -11.6509    24.0081    1.00000    1.00000
     1.00000    18.5485   -9.61325   -16.8403    1.00000    1.00000
     1.00000   -2.44381    13.8732   -2.21804    1.00000    1.00000
     1.00000    3.84824    11.3015   -13.2917    1.00000    1.00000
     1.00000   -11.4963    8.78577    30.5355    1.00000    1.00000
     1.00000    1.39169   0.116531   -26.8236    1.00000    1.00000
     1.00000   -8.94749   -2.79463    15.8586    1.00000    1.00000
     1.00000    8.61745    11.1941   -35.8050    1.00000    1.00000
     1.00000   -12.9478   -2.87474    35.0198    1.00000    1.00000
     1.00000    13.5006   -3.13987   -12.0005    1.00000    1.00000
     1.00000   -7.02462  -0.547142    18.5092    1.00000    1.00000
     1.00000    9.77190   -3.28809   -1.47622    1.00000    1.00000
     1.00000   -14.4985   -3.80095    24.0498    1.00000    1.00000
     1.00000    8.70345    4.16771   -33.2524    1.00000    1.00000
     1.00000   -4.20327   -15.7398    7.01802    1.00000    1.00000
     1.00000    5.25446    12.6912   -29.0568    1.00000    1.00000
     1.00000   -14.5161  -10.36763    30.6053    1.00000    1.00000
     1.00000    5.63937   -5.46938   -12.4347    1.00000    1.00000
     1.00000   -2.25208    6.95478    7.21272    1.00000    1.00000
     1.00000   10.37663   10.52474   -4.00961    1.00000    1.00000
     1.00000   -8.71221    5.77824    15.0224    1.00000    1.00000
     1.00000    3.49661   -4.92761   -24.2720    1.00000    1.00000
     1.00000   -11.6781   -9.98731    15.9434    1.00000    1.00000
     1.00000    13.3990    5.84741   -36.3251    1.00000    1.00000
     1.00000   -8.45055   -5.81755    39.6270    1.00000    1.00000
     1.00000    19.2881   -12.7719   0.194130    1.00000    1.00000
     1.00000    7.90828    7.75779   10.34612    1.00000    1.00000
     1.00000    7.39825    7.03408   -2.59310    1.00000    1.00000
     1.00000   -13.4487    3.28417    26.8444    1.00000    1.00000
     1.00000    7.91475   0.480968   -32.7119    1.00000    1.00000
     1.00000   -9.07309   -15.1699    4.38030    1.00000    1.00000
     1.00000   -3.47723    15.9020   -24.5177    1.00000    1.00000
     1.00000   -9.94285   -12.3786    26.1035    1.00000    1.00000
     1.00000    15.2833   -11.4038   -12.5185    1.00000    1.00000
     1.00000    1.78371    11.6354   -10.9035    1.00000    1.00000
     1.00000    5.06149    11.7833   -11.7765    1.00000    1.00000
     1.00000   -12.8063    3.29624    31.9309    1.00000    1.00000
     1.00000    4.72999   -1.79291E-02   -24.5186    1.00000    1.00000
     1.00000   -16.3303   -4.82633    20.0459    1.00000    1.00000
     1.00000    13.0661    5.99130   -33.5062    1.00000    1.00000
     1.00000   -15.2852   0.727036    37.6199    1.00000    1.00000
     1.00000    16.1199   -9.89713  -10.18125    1.00000    1.00000
     1.00000   -6.71060   0.363129    12.9383    1.00000    1.00000
     1.00000    7.42390   0.933369    5.50520    1.00000    1.00000
     1.00000   -15.4180    3.08521    23.9444    1.00000    1.00000
     1.00000    3.69492    2.73605   -41.0666    1.00000    1.00000
     1.00000    8.04825E-02   -7.06406    9.29079    1.00000    1.00000
     1.00000    6.77605    11.4916   -29.5527    1.00000    1.00000
     1.00000   -11.0367   -8.52591    33.0715    1.00000    1.00000
     1.00000    12.0304   -7.64674   -11.3744    1.00000    1.00000
     1.00000   -3.34801    4.94949    9.11149    1.00000    1.00000
     1.00000    6.96337    15.7860   -6.13097    1.00000    1.00000
     1.00000   -18.2380   10.22344    25.0534    1.00000    1.00000
     1.00000    5.74495   -6.65097   -19.2755    1.00000    1.00000
     1.00000   -4.35189   -5.02948    9.93691    1.00000    1.00000
     1.00000    13.7636    12.7403   -42.9220    1.00000    1.00000
     1.00000   -12.6061   -7.18772    40.9515    1.00000    1.00000
     1.00000    20.5210  -10.17134   -9.14187    1.00000    1.00000
     1.00000    4.14597    4.10839    7.99323    1.00000    1.00000
     1.00000   10.14188    7.36943   -4.85577    1.00000    1.00000
     1.00000   -16.8399  -0.826515    30.5867    1.00000    1.00000
     1.00000    11.9697    1.12806   -34.9846    1.00000    1.00000
     1.00000   -12.5252   -21.9951  -0.663357    1.00000    1.00000
     1.00000   0.363693   10.51101   -15.8619    1.00000    1.00000
     1.00000   -5.59529   -5.73198    23.4091    1.00000    1.00000
     1.00000    16.9050   -8.69464   -16.1658    1.00000    1.00000
     1.00000   -5.56060    11.3866    6.90981    1.00000    1.00000
     1.00000  -0.583038    10.7247   -12.5759    1.00000    1.00000
     1.00000   -11.9844    7.83249    26.8678    1.00000    1.00000
     1.00000    7.16129    1.43558   -24.9964    1.00000    1.00000
     1.00000   -4.90982   -4.87540    14.2615    1.00000    1.00000
     1.00000   10.26863    11.9845   -32.5763    1.00000    1.00000
     1.00000   -13.4703  -0.239857    32.3685    1.00000    1.00000
     1.00000    14.9370   -8.25195   -12.1962    1.00000    1.00000
     1.00000   -6.00632  -0.263771    20.2071    1.00000    1.00000
     1.00000    11.7006   0.764393   -1.28387    1.00000    1.00000
     1.00000   -16.6561   -1.58428    22.7993    1.00000    1.00000
     1.00000    8.71609    4.34884   -38.3056    1.00000    1.00000
     1.00000   -3.10073   -13.6459    9.42553    1.00000    1.00000
     1.00000    1.08391    15.1648   -26.6324    1.00000    1.00000
     1.00000   -17.1472   -10.8550    31.3230    1.00000    1.00000
     1.00000    4.37373   -4.64534   -17.1032    1.00000    1.00000
     1.00000   0.224792   10.34664    7.20089    1.00000    1.00000
     1.00000    8.12048    12.6242   -7.30816    1.00000    1.00000
     1.00000   -12.0780    5.40260    19.0052    1.00000    1.00000
     1.00000    7.84660   -2.77449   -23.8305    1.00000    1.00000
     1.00000   -12.4425   -7.33245    11.3767    1.00000    1.00000
     1.00000    11.7333    6.04189   -41.4086    1.00000    1.00000
     1.00000  -10.28894   -5.82393    36.9128    1.00000    1.00000
     1.00000    17.1490   -8.09682   -2.22054    1.00000    1.00000
     1.00000    7.81817    4.35338    9.24337    1.00000    1.00000
     1.00000    7.29681    2.51800   -2.66827    1.00000    1.00000
     1.00000   -15.0219   -2.12020    26.7238    1.00000    1.00000
     1.00000    8.54921  -0.940407   -29.1547    1.00000    1.00000
     1.00000   -6.11701   -15.5077    7.55075    1.00000    1.00000
     1.00000   -4.90343    15.0215   -21.4708    1.00000    1.00000
     1.00000   -5.55457   -13.2968    26.2108    1.00000    1.00000
     1.00000    13.2576   -10.7082   -11.8079    1.00000    1.00000
     1.00000   -2.52681    11.3615   -6.49956    1.00000    1.00000
     1.00000    2.98117    7.62650   -10.9076    1.00000    1.00000
     1.00000   -8.75411    7.68602    30.0597    1.00000    1.00000
     1.00000    3.40887   -2.99383   -22.9050    1.00000    1.00000
     1.00000   -11.3164   -5.56903    19.6627    1.00000    1.00000
     1.00000    14.7741    3.82587   -33.2806    1.00000    1.00000
     1.00000   -8.58835   0.371246    34.9057    1.00000    1.00000
     1.00000    13.2532   -11.2332   -7.70808    1.00000    1.00000
     1.00000    3.12454  -0.252010    15.8806    1.00000    1.00000
     1.00000    5.11940    2.54463    5.77287    1.00000    1.00000
     1.00000   -15.1513    4.66692    25.1390    1.00000    1.00000
     1.00000    5.41126    5.04713   -40.5725    1.00000    1.00000
     1.00000   -2.88865   -8.12665    10.8749    1.00000    1.00000
     1.00000    7.49465    9.03337   -33.7686    1.00000    1.00000
     1.00000   -12.3088   -11.5611    29.6529    1.00000    1.00000
     1.00000    5.59912   -7.45042   -6.99509    1.00000    1.00000
     1.00000    1.73074    6.53236    9.72997    1.00000    1.00000
     1.00000    8.63360    14.5514   -7.15716    1.00000    1.00000
     1.00000   -14.7543    7.46196    21.3080    1.00000    1.00000
     1.00000    6.22520   -2.80676   -19.5557    1.00000    1.00000
     1.00000   -6.66000   -8.46532    12.9684    1.00000    1.00000
     1.00000    18.9211    8.16691   -44.6448    1.00000    1.00000
     1.00000   -13.6485   -8.57578    39.9581    1.00000    1.00000
     1.00000    18.9751  -10.03918   -6.25842    1.00000    1.00000
     1.00000   -1.64475   -1.47628    12.3020    1.00000    1.00000
     1.00000    11.5192    4.10545   -1.09085    1.00000    1.00000
     1.00000   -17.1425   -6.63986    29.5836    1.00000    1.00000
     1.00000    11.7780   -1.04671   -32.2848    1.00000    1.00000
     1.00000   -13.8306   -18.5256    2.35815    1.00000    1.00000
     1.00000   -2.48660    13.9335   -18.8039    1.00000    1.00000
     1.00000   -7.13630   -8.75295    21.7381    1.00000    1.00000
     1.00000    18.0104   -11.2759   -12.1900    1.00000    1.00000
     1.00000   -3.56879    12.2460    1.14872    1.00000    1.00000
     1.00000    1.93044    11.7089   -12.8968    1.00000    1.00000
     1.00000   -12.9399    7.65531    29.7368    1.00000    1.00000
     1.00000    5.61977   0.160820   -30.3395    1.00000    1.00000
     1.00000   -8.04987   -5.89481    17.7001    1.00000    1.00000
     1.00000    11.0409    12.3826   -34.3777    1.00000    1.00000
     1.00000   -12.5255   -1.43381    37.5343    1.00000    1.00000
     1.00000    11.3664   -3.65277  -10.31799    1.00000    1.00000
     1.00000   -6.97033   -7.22542E-02    14.8730    1.00000    1.00000
     1.00000    12.0071   -1.21196   -1.29208    1.00000    1.00000
     1.00000   -12.7290   -2.92443    26.8533    1.00000    1.00000
     1.00000    9.58842    4.23853   -35.0446    1.00000    1.00000
     1.00000   -4.92552   -16.4224   10.51783    1.00000    1.00000
     1.00000    3.79727    12.6601   -27.6873    1.00000    1.00000
     1.00000   -17.6153  -10.15082    28.3645    1.00000    1.00000
     1.00000    3.46748   -5.82469   -15.7661    1.00000    1.00000
     1.00000   -3.83333    8.07751    7.70172    1.00000    1.00000
     1.00000    6.84002    13.5648   -6.09335    1.00000    1.00000
     1.00000   -11.2821    6.06614    17.2945    1.00000    1.00000
     1.00000    6.08163   -2.83839   -21.5503    1.00000    1.00000
     1.00000   -9.35677  -10.30575    13.8988    1.00000    1.00000
     1.00000    13.3321    4.95704   -38.1148    1.00000    1.00000
     1.00000   -9.73819   -3.32594    38.6397    1.00000    1.00000
     1.00000    19.2572   -9.79964   -2.50834    1.00000    1.00000
     1.00000    8.35518    5.84378    10.7161    1.00000    1.00000
     1.00000    7.01131    7.55572   -5.03595    1.00000    1.00000
     1.00000   -14.0918  -0.351521    26.6419    1.00000    1.00000
     1.00000    6.32863  -0.558781   -32.0770    1.00000    1.00000
     1.00000   -10.9662   -15.7089    4.02599    1.00000    1.00000
     1.00000   -2.68975    15.0365   -26.1396    1.00000    1.00000
     1.00000  -10.14658   -12.4437    23.6087    1.00000    1.00000
     1.00000    15.6959   -14.6040   -12.8271    1.00000    1.00000
     1.00000  -0.366829    11.2324   -8.05471    1.00000    1.00000
     1.00000    4.90993    8.88782   -11.2075    1.00000    1.00000
     1.00000  -10.25011    5.76343    31.9129    1.00000    1.00000
     1.00000    2.77184  -0.211548   -24.1606    1.00000    1.00000
     1.00000   -16.6237   -3.03285    20.8810    1.00000    1.00000
     1.00000    11.1782    9.82682   -31.7592    1.00000    1.00000
     1.00000   -14.1446    1.50339    36.1721    1.00000    1.00000
     1.00000    16.7217   -8.13842   -9.44318    1.00000    1.00000
     1.00000   -3.46806   -1.31457    14.4527    1.00000    1.00000
     1.00000   10.44296   0.976044    2.95796    1.00000    1.00000
     1.00000   -14.5362    1.45503    21.6764    1.00000    1.00000
     1.00000    1.63661    2.37415   -40.4219    1.00000    1.00000
     1.00000   -2.69542   -9.60476    8.79083    1.00000    1.00000
     1.00000    8.67532    10.5932   -28.7668    1.00000    1.00000
     1.00000   -12.1172   -11.0016    31.5635    1.00000    1.00000
     1.00000   10.55994   -7.36986  -10.04741    1.00000    1.00000
     1.00000   -5.21141    4.62884    8.45965    1.00000    1.00000
     1.00000    4.59016    14.2194   -7.82171    1.00000    1.00000
     1.00000   -16.2126    9.37914    23.2782    1.00000    1.00000
     1.00000    8.85638   -7.40557   -17.7752    1.00000    1.00000
     1.00000   -5.09872   -7.36859    12.3688    1.00000    1.00000
     1.00000    14.1416    9.68293   -43.6463    1.00000    1.00000
     1.00000   -11.4738   -9.18409    40.3764    1.00000    1.00000
     1.00000    18.2729   -9.37511   -9.18945    1.00000    1.00000
     1.00000    3.00835    3.69561   10.10528    1.00000    1.00000
     1.00000    9.91538    3.51468   -5.41450    1.00000    1.00000
     1.00000   -19.3244   -2.76198    32.1863    1.00000    1.00000
     1.00000    14.3764   0.383118   -33.2778    1.00000    1.00000
     1.00000   -15.5936   -22.6466   -1.17880    1.00000    1.00000
     1.00000   0.511581    11.3731   -17.6605    1.00000    1.00000
     1.00000   -8.17218   -8.73771    23.8658    1.00000    1.00000
     1.00000    15.3516   -9.26299   -17.2901    1.00000    1.00000
     1.00000   -3.72484    11.1612    2.82172    1.00000    1.00000
     1.00000  -0.292542    9.17392   -14.5271    1.00000    1.00000
     1.00000   -13.5444    8.07020    24.0334    1.00000    1.00000
     1.00000    7.65639    1.29015   -27.5185    1.00000    1.00000
     1.00000   -6.40736   -5.41998    15.4701    1.00000    1.00000
     1.00000    10.9820    11.4522   -28.6768    1.00000    1.00000
     1.00000   -14.8417  -0.762646    30.6431    1.00000    1.00000
     1.00000    14.5287   -6.10206   -12.5562    1.00000    1.00000
