     1.00000   -13.2946   -22.0795    34.4167    1.00000    1.00000
     1.00000    7.71776    20.5488   -32.1410    1.00000    1.00000
     1.00000   -7.85551   -8.98535  -0.213440    1.00000    1.00000
     1.00000    16.3745    13.2147   -3.94032    1.00000    1.00000
     1.00000   -21.0717   -11.7827    12.9597    1.00000    1.00000
     1.00000    5.56311    8.24451   -17.0204    1.00000    1.00000
     1.00000   -5.60366   -5.18133    3.04065    1.00000    1.00000
     1.00000    26.4914    1.11041   -21.6948    1.00000    1.00000
     1.00000   -29.5407   -15.9944    21.6938    1.00000    1.00000
     1.00000   10.48602    13.2315   -19.2103    1.00000    1.00000
     1.00000   -12.9578   -15.7880    6.62216    1.00000    1.00000
     1.00000    9.53700    2.94694    6.88629    1.00000    1.00000
     1.00000   -7.06970  -10.01537    19.5289    1.00000    1.00000
     1.00000   -5.92604    17.1863   -19.6215    1.00000    1.00000
     1.00000    5.01985   -1.51499    7.18555    1.00000    1.00000
     1.00000    17.8071    19.9875   -6.16774    1.00000    1.00000
     1.00000   -3.11526   -26.0851    28.9675    1.00000    1.00000
     1.00000    8.02118    21.6600   -28.7178    1.00000    1.00000
     1.00000   -11.6056   -11.7197    3.95531    1.00000    1.00000
     1.00000    10.6190    4.54084    4.28291    1.00000    1.00000
     1.00000   -25.4840   -8.58684    14.5144    1.00000    1.00000
     1.00000    7.29905    13.3954   -7.90694    1.00000    1.00000
     1.00000   -4.99004   -8.81933    3.88464    1.00000    1.00000
     1.00000    23.7199    11.4099   -15.2578    1.00000    1.00000
     1.00000   -17.9629   -16.7018    28.2406    1.00000    1.00000
     1.00000    9.83224   10.56629   -33.4904    1.00000    1.00000
     1.00000   -11.0077   -15.9634    6.21445    1.00000    1.00000
     1.00000    14.9502    7.61680    8.57286    1.00000    1.00000
     1.00000   -12.4523   -14.2969    18.2846    1.00000    1.00000
     1.00000   -2.66245    11.2673   -22.8811    1.00000    1.00000
     1.00000    8.05698    7.88887    10.6190    1.00000    1.00000
     1.00000    14.2907    9.62530   -18.8661    1.00000    1.00000
     1.00000   -14.2809   -16.6272    32.2263    1.00000    1.00000
     1.00000    2.14468    18.8783   -35.4845    1.00000    1.00000
     1.00000   -9.83708   -9.72067    8.44969    1.00000    1.00000
     1.00000    9.37970    12.1607   -2.41030    1.00000    1.00000
     1.00000   -18.9893   -17.0760    21.0930    1.00000    1.00000
     1.00000    7.96076    9.60976   -10.7876    1.00000    1.00000
     1.00000   -1.44677   -4.42292  -0.156120    1.00000    1.00000
     1.00000    25.7044    11.2471   -15.4455    1.00000    1.00000
     1.00000   -32.1597   -13.1579    26.8298    1.00000    1.00000
     1.00000    7.94789    9.24559   -22.4725    1.00000    1.00000
     1.00000   -20.3837   -17.2717   -1.78568    1.00000    1.00000
     1.00000    17.8878   -1.90590    4.33369    1.00000    1.00000
     1.00000   -10.5995   -14.4978    17.5585    1.00000    1.00000
     1.00000  -0.962288    18.3430   -15.1856    1.00000    1.00000
     1.00000    7.61823    2.45621    7.16427    1.00000    1.00000
     1.00000    24.6581    13.5072   -10.7131    1.00000    1.00000
     1.00000   -3.12587   -26.5254    31.4440    1.00000    1.00000
     1.00000    8.50052    15.8457   -27.8137    1.00000    1.00000
     1.00000   -8.23037   -17.4277    2.02968    1.00000    1.00000
     1.00000    8.37436    1.57402    1.11791    1.00000    1.00000
     1.00000   -24.6339   -11.7872    12.7399    1.00000    1.00000
     1.00000    5.01673    14.7340   -11.6240    1.00000    1.00000
     1.00000    2.20013   -2.69825    8.04443    1.00000    1.00000
     1.00000    21.2204    12.1998   -21.8633    1.00000    1.00000
     1.00000   -20.7340   -18.7876    21.9900    1.00000    1.00000
     1.00000    12.7898    8.55778   -30.7819    1.00000    1.00000
     1.00000   -8.09279   -14.4943    12.0368    1.00000    1.00000
     1.00000    24.0877    11.6793    6.54005    1.00000    1.00000
     1.00000   -22.0209   -4.03969    18.5259    1.00000    1.00000
     1.00000   -5.33207    4.61800   -22.7545    1.00000    1.00000
     1.00000    6.18842    4.75713   10.21995    1.00000    1.00000
     1.00000    19.6252    12.1596   -10.9407    1.00000    1.00000
     1.00000   -17.4693   -22.7160    32.2995    1.00000    1.00000
     1.00000   10.42260    20.4406   -35.6835    1.00000    1.00000
     1.00000   -6.11018   -10.8875    4.75419    1.00000    1.00000
     1.00000    13.6865    14.3227   -7.19483    1.00000    1.00000
     1.00000   -16.8233   -14.1352    17.0237    1.00000    1.00000
     1.00000    2.01711   10.14216   -13.9465    1.00000    1.00000
     1.00000   -7.58673   -6.45027    5.30241    1.00000    1.00000
     1.00000    25.3790    3.28838   -19.3398    1.00000    1.00000
     1.00000   -30.7287   -14.4271    26.2456    1.00000    1.00000
     1.00000    8.80219    12.3008   -18.6639    1.00000    1.00000
     1.00000   -16.7557   -19.3830    3.76277    1.00000    1.00000
     1.00000    11.2692    5.31339    6.00930    1.00000    1.00000
     1.00000   -7.58360  -10.19827    21.4531    1.00000    1.00000
     1.00000   -1.60904    15.7021   -19.7925    1.00000    1.00000
     1.00000    1.26723    2.06577    8.43636    1.00000    1.00000
     1.00000    20.8993    15.4557   -3.62562    1.00000    1.00000
     1.00000   -6.08310   -24.6800    32.6644    1.00000    1.00000
     1.00000    9.22918    20.0892   -28.9890    1.00000    1.00000
     1.00000   -11.2763   -13.2877    6.51105    1.00000    1.00000
     1.00000    7.69016    6.06004   0.160446    1.00000    1.00000
     1.00000   -27.3998   -12.9136    13.8565    1.00000    1.00000
     1.00000    7.84071    15.7840  -10.49550    1.00000    1.00000
     1.00000   0.484543   -9.35147    5.34383    1.00000    1.00000
     1.00000    21.0345    9.72709   -20.1039    1.00000    1.00000
     1.00000   -20.9771   -15.3854    23.4731    1.00000    1.00000
     1.00000    10.6809    9.66749   -29.2437    1.00000    1.00000
     1.00000   -7.10378   -17.6555    8.90486    1.00000    1.00000
     1.00000    21.0974   10.16525    7.62218    1.00000    1.00000
     1.00000   -17.1918   -11.5461    18.9449    1.00000    1.00000
     1.00000   -1.55914    16.1133   -23.0238    1.00000    1.00000
     1.00000    7.32735    11.6579    12.2097    1.00000    1.00000
     1.00000    13.1294    12.9415   -18.4039    1.00000    1.00000
     1.00000   -12.1724   -17.7740    29.6626    1.00000    1.00000
     1.00000    2.44181    22.5354   -34.8219    1.00000    1.00000
     1.00000   -11.1876   -3.42701    4.24570    1.00000    1.00000
     1.00000    10.6413    13.3733   -3.37876    1.00000    1.00000
     1.00000   -15.8208   -16.1887    17.1940    1.00000    1.00000
     1.00000    5.69972    13.3513   -13.4105    1.00000    1.00000
     1.00000   -3.73949   -8.95400   -3.83900    1.00000    1.00000
     1.00000    27.2054    6.33768   -17.6224    1.00000    1.00000
     1.00000   -33.9265   -14.8723    28.6967    1.00000    1.00000
     1.00000    7.79298    8.31775   -24.9852    1.00000    1.00000
     1.00000   -18.3215   -21.8964  -0.525291    1.00000    1.00000
     1.00000    14.7142  -0.186508    6.86362    1.00000    1.00000
     1.00000   -9.01416   -8.62445    20.6456    1.00000    1.00000
     1.00000   0.614464    15.1457   -15.1421    1.00000    1.00000
     1.00000    4.73845   0.276901    9.03462    1.00000    1.00000
     1.00000    21.3189    16.3349   -6.16106    1.00000    1.00000
     1.00000  -0.161064   -22.2066    33.3190    1.00000    1.00000
     1.00000    7.70802    13.6653   -25.3909    1.00000    1.00000
     1.00000   -7.34815   -12.1240   -1.90762    1.00000    1.00000
     1.00000    5.34079    6.80543    1.14407    1.00000    1.00000
     1.00000   -25.4030   -7.20835    9.41323    1.00000    1.00000
     1.00000    3.37291    19.9006   -7.47156    1.00000    1.00000
     1.00000   -1.38870   -7.61608    9.86186    1.00000    1.00000
     1.00000    15.7306    13.0476   -19.9577    1.00000    1.00000
     1.00000   -22.7198   -17.5753    24.6473    1.00000    1.00000
     1.00000    14.8804    5.89754   -32.8924    1.00000    1.00000
     1.00000   -6.81842   -12.7709    11.3296    1.00000    1.00000
     1.00000    26.7100    8.18255    7.58755    1.00000    1.00000
     1.00000   -21.8743   -7.24797    17.6276    1.00000    1.00000
     1.00000   -2.65825    6.99154   -23.9369    1.00000    1.00000
     1.00000    4.91879    9.14664    12.2447    1.00000    1.00000
     1.00000    16.4489    9.68664   -13.9951    1.00000    1.00000
     1.00000   -11.7093   -20.9240    35.5652    1.00000    1.00000
     1.00000    6.42366    18.7291   -32.2416    1.00000    1.00000
     1.00000   -8.49798   -8.78593    5.59630    1.00000    1.00000
     1.00000    17.1202    12.8891   -7.16858    1.00000    1.00000
     1.00000   -20.1835   -14.4416    13.9637    1.00000    1.00000
     1.00000    3.86963   10.49542   -18.1307    1.00000    1.00000
     1.00000   -3.51234   -7.41718   0.909386    1.00000    1.00000
     1.00000    27.3656   -1.55397   -20.0432    1.00000    1.00000
     1.00000   -27.3101   -15.9772    25.9579    1.00000    1.00000
     1.00000    13.2839    16.2479   -19.9132    1.00000    1.00000
     1.00000   -15.2877   -16.5758    5.95081    1.00000    1.00000
     1.00000    13.5564    1.28580    7.56490    1.00000    1.00000
     1.00000   -5.07817   -11.4479    17.1960    1.00000    1.00000
     1.00000   -2.72520    17.2301   -21.8435    1.00000    1.00000
     1.00000    1.89462   -1.39249    6.56066    1.00000    1.00000
     1.00000    18.2531    16.3284   -5.86884    1.00000    1.00000
     1.00000   -4.80484   -25.0617    29.2805    1.00000    1.00000
     1.00000    3.73280    20.7969   -27.5626    1.00000    1.00000
     1.00000   -11.7626   -15.3194    4.47794    1.00000    1.00000
     1.00000    8.91311    5.47268    1.62994    1.00000    1.00000
     1.00000   -26.2349   -9.69083    16.0035    1.00000    1.00000
     1.00000    6.11930    16.4727   -5.13921    1.00000    1.00000
     1.00000  -0.754272   -10.5853    3.13860    1.00000    1.00000
     1.00000    22.3685    12.9270   -18.4121    1.00000    1.00000
     1.00000   -19.4816   -16.8306    26.9456    1.00000    1.00000
     1.00000   10.02288    11.1648   -30.3948    1.00000    1.00000
     1.00000   -9.99099   -18.3333    4.19740    1.00000    1.00000
     1.00000    12.4077    6.92695    5.69236    1.00000    1.00000
     1.00000   -16.1796   -10.6379    17.2947    1.00000    1.00000
     1.00000   -2.01803    11.1800   -24.7725    1.00000    1.00000
     1.00000    8.78034    8.77607    12.2590    1.00000    1.00000
     1.00000    15.1047    9.86669   -16.3876    1.00000    1.00000
     1.00000   -12.5704   -20.4114    33.5841    1.00000    1.00000
     1.00000    1.98871    16.8931   -35.2979    1.00000    1.00000
     1.00000   -7.98640   -9.04486    8.79361    1.00000    1.00000
     1.00000   10.44849    9.42954   -1.78751    1.00000    1.00000
     1.00000   -19.6441   -14.5856    20.5260    1.00000    1.00000
     1.00000    6.40546    9.57754   -13.1452    1.00000    1.00000
     1.00000   -4.41473   -9.26951  -0.801857    1.00000    1.00000
     1.00000    26.1976    9.39626   -14.8702    1.00000    1.00000
     1.00000   -32.4068   -11.3566    29.5757    1.00000    1.00000
     1.00000    7.39150    10.8865   -21.4736    1.00000    1.00000
     1.00000   -20.0064   -21.0242   -1.15800    1.00000    1.00000
     1.00000    17.4767    1.81351E-02    3.97442    1.00000    1.00000
     1.00000   -11.1720   -11.9368    15.2112    1.00000    1.00000
     1.00000   -1.38485    20.9195   -11.3442    1.00000    1.00000
     1.00000    7.34077    2.25469    5.19389    1.00000    1.00000
     1.00000    25.0983    13.2556   -8.77843    1.00000    1.00000
     1.00000   -1.24126   -23.5196    35.2480    1.00000    1.00000
     1.00000    5.79485    14.1422   -25.7261    1.00000    1.00000
     1.00000   -8.71723   -15.4878    2.02966    1.00000    1.00000
     1.00000    6.38704    1.18315   -2.27795    1.00000    1.00000
     1.00000   -26.6227   -15.4598    10.7847    1.00000    1.00000
     1.00000    5.10930    17.8607   -11.8873    1.00000    1.00000
     1.00000    3.21198E-02   -5.51659   10.14207    1.00000    1.00000
     1.00000    22.3946    10.7318   -22.5458    1.00000    1.00000
     1.00000   -22.0416   -17.0136    22.8516    1.00000    1.00000
     1.00000    16.3780    9.62043   -32.2857    1.00000    1.00000
     1.00000   -4.77953   -14.6515   10.51376    1.00000    1.00000
     1.00000    24.0543    9.37258    5.21914    1.00000    1.00000
     1.00000   -19.9961   -6.75687    18.1085    1.00000    1.00000
     1.00000   -3.25320    3.72303   -22.7638    1.00000    1.00000
     1.00000    6.81593    3.24582    11.3698    1.00000    1.00000
     1.00000    20.0003   10.23994   -11.3581    1.00000    1.00000
     1.00000   -17.5472   -26.0785    34.4559    1.00000    1.00000
     1.00000    9.07242    20.2266   -34.2237    1.00000    1.00000
     1.00000   -4.73505   -10.9365    3.30278    1.00000    1.00000
     1.00000    11.7391    12.1334   -7.31653    1.00000    1.00000
     1.00000   -18.6965   -15.5364    15.6314    1.00000    1.00000
     1.00000    2.36034    8.45308   -14.9610    1.00000    1.00000
     1.00000   -3.85567   -4.18941    5.07449    1.00000    1.00000
     1.00000    26.1591    5.48162   -19.0964    1.00000    1.00000
     1.00000   -32.3076   -14.7982    25.0754    1.00000    1.00000
     1.00000    6.70186    8.75211   -20.9880    1.00000    1.00000
     1.00000   -18.7971   -20.2505    2.13644    1.00000    1.00000
     1.00000   10.31561    5.50196    9.66739    1.00000    1.00000
     1.00000   -3.70071   -11.3279    22.7863    1.00000    1.00000
     1.00000   -2.33253    15.8941   -16.5324    1.00000    1.00000
     1.00000   0.390366    3.25345    7.08710    1.00000    1.00000
     1.00000    17.9519    14.1804   -5.88733    1.00000    1.00000
     1.00000   -8.92452   -23.2250    33.8254    1.00000    1.00000
     1.00000    9.40854    16.5928   -29.4316    1.00000    1.00000
     1.00000   -12.3166   -9.60471    5.74191    1.00000    1.00000
     1.00000   10.42260    6.62693   -2.61436    1.00000    1.00000
     1.00000   -26.0542   -11.4555    14.1084    1.00000    1.00000
     1.00000    5.86423    17.7101   -8.75584    1.00000    1.00000
     1.00000  -0.867332   -9.19667    6.80959    1.00000    1.00000
     1.00000    19.8354    9.87667   -18.4545    1.00000    1.00000
     1.00000   -21.0970   -14.8882    25.4066    1.00000    1.00000
     1.00000    12.2251    11.9457   -31.5053    1.00000    1.00000
     1.00000   -10.8287   -16.7345    8.73032    1.00000    1.00000
     1.00000    20.1013    8.54377    8.74633    1.00000    1.00000
     1.00000   -20.2947  -10.31261    19.3492    1.00000    1.00000
     1.00000   -2.46659    13.4494   -27.0163    1.00000    1.00000
     1.00000    8.90462    12.5217    11.3346    1.00000    1.00000
     1.00000    13.9521    13.1838   -16.5971    1.00000    1.00000
     1.00000   -14.8027   -17.2699    30.4057    1.00000    1.00000
     1.00000    2.89569    22.2490   -31.2022    1.00000    1.00000
     1.00000   -12.8746   -6.16205    6.37528    1.00000    1.00000
     1.00000    14.4581    14.3162   -5.34970    1.00000    1.00000
     1.00000   -18.2175   -15.8387    18.0921    1.00000    1.00000
     1.00000    3.78780    12.7702   -12.7887    1.00000    1.00000
     1.00000   -1.66901   -7.67491   -2.41982    1.00000    1.00000
     1.00000    28.8446    5.47478   -16.8686    1.00000    1.00000
     1.00000   -35.6143   -11.7684    27.0866    1.00000    1.00000
     1.00000    9.69238    8.92040   -25.1558    1.00000    1.00000
     1.00000   -16.3663   -20.0969   0.313927    1.00000    1.00000
     1.00000    14.4351   -3.20525    7.56842    1.00000    1.00000
     1.00000  -10.06299   -11.4487    16.8024    1.00000    1.00000
     1.00000   0.113159    15.4643   -13.2323    1.00000    1.00000
     1.00000    2.59534    5.09486    8.43831    1.00000    1.00000
     1.00000    23.6419    14.2539   -7.12165    1.00000    1.00000
     1.00000   -3.36584   -20.2507    32.4676    1.00000    1.00000
     1.00000    11.8135    12.1511   -24.3486    1.00000    1.00000
     1.00000  -10.40992   -11.5928    2.35713    1.00000    1.00000
     1.00000    4.24953    4.29230   0.447639    1.00000    1.00000
     1.00000   -23.6789   -10.5931    11.4507    1.00000    1.00000
     1.00000    2.65068    21.7421   -7.81723    1.00000    1.00000
     1.00000   -6.02570E-02   -6.75934    7.69757    1.00000    1.00000
     1.00000    17.6385    12.5495   -20.2922    1.00000    1.00000
     1.00000   -25.3982   -16.2611    25.4438    1.00000    1.00000
     1.00000    14.8379    8.63445   -38.1839    1.00000    1.00000
     1.00000   -5.26368   -12.0298    12.4118    1.00000    1.00000
     1.00000    24.7682    9.55776    9.85706    1.00000    1.00000
     1.00000   -21.5620   -9.02362    18.4934    1.00000    1.00000
     1.00000   -4.24092    9.03182   -24.9464    1.00000    1.00000
     1.00000    4.22752    6.11645    9.60167    1.00000    1.00000
     1.00000    18.0895   10.08399   -11.9281    1.00000    1.00000
     1.00000   -14.0294   -23.6818    33.4718    1.00000    1.00000
     1.00000    7.05573    19.5580   -30.5348    1.00000    1.00000
     1.00000   -7.93759   -9.14556    1.77844    1.00000    1.00000
     1.00000    16.0075    11.3038   -4.40276    1.00000    1.00000
     1.00000   -22.8878   -12.4755    13.4307    1.00000    1.00000
     1.00000    6.00015   10.13239   -17.5153    1.00000    1.00000
     1.00000   -3.66876   -5.48875    2.63857    1.00000    1.00000
     1.00000    25.4503   0.897614   -20.0005    1.00000    1.00000
     1.00000   -28.4997   -15.9783    23.4015    1.00000    1.00000
     1.00000    11.5653    14.6801   -20.0686    1.00000    1.00000
     1.00000   -14.2344   -16.9741    7.60369    1.00000    1.00000
     1.00000    11.0207    4.01984    7.69092    1.00000    1.00000
     1.00000   -7.04074   -11.5201    18.2117    1.00000    1.00000
     1.00000   -6.01476    19.0669   -18.9465    1.00000    1.00000
     1.00000    3.51852  -0.250366    6.80254    1.00000    1.00000
     1.00000    19.1534    19.3576   -4.82957    1.00000    1.00000
     1.00000   -1.63824   -26.7691    30.1296    1.00000    1.00000
     1.00000    6.45490    21.3660   -29.9263    1.00000    1.00000
     1.00000   -11.8183   -13.6313    3.40700    1.00000    1.00000
     1.00000    11.2067    2.63447    4.42583    1.00000    1.00000
     1.00000   -24.9481   -6.66281    14.4097    1.00000    1.00000
     1.00000    7.15067    15.3196   -8.43198    1.00000    1.00000
     1.00000   -3.06087   -9.28756    3.64161    1.00000    1.00000
     1.00000    22.9137    11.5347   -17.0838    1.00000    1.00000
     1.00000   -15.9910   -16.3697    28.2782    1.00000    1.00000
     1.00000    9.45347    12.3546   -34.3018    1.00000    1.00000
     1.00000   -11.5004   -17.6855    7.10416    1.00000    1.00000
     1.00000    16.7833    8.31921    8.19012    1.00000    1.00000
     1.00000   -13.8059   -13.6501    16.9620    1.00000    1.00000
     1.00000   -1.51006    12.0340   -21.4375    1.00000    1.00000
     1.00000    6.79137    8.91781    9.46167    1.00000    1.00000
     1.00000    14.5753    11.6008   -18.7387    1.00000    1.00000
     1.00000   -14.5444   -18.5775    32.5827    1.00000    1.00000
     1.00000    4.09844    19.2978   -35.5670    1.00000    1.00000
     1.00000  -10.20763   -9.08170    6.59109    1.00000    1.00000
     1.00000    8.90127   10.24940   -2.75394    1.00000    1.00000
     1.00000   -18.0569   -18.7546    20.5334    1.00000    1.00000
     1.00000    7.74893    8.34528   -12.3226    1.00000    1.00000
     1.00000   -2.75014   -5.85265  -0.663155    1.00000    1.00000
     1.00000    26.7542    12.4750   -16.6247    1.00000    1.00000
     1.00000   -32.6564   -11.2641    26.4210    1.00000    1.00000
     1.00000    7.97636    10.7996   -23.7312    1.00000    1.00000
     1.00000   -21.3468   -15.5300   -1.58877    1.00000    1.00000
     1.00000    18.0163   -2.65936    6.18187    1.00000    1.00000
     1.00000   -11.8221   -13.3209    16.5002    1.00000    1.00000
     1.00000   -2.10075    18.2980   -13.5418    1.00000    1.00000
     1.00000    6.40869    2.67954    8.74134    1.00000    1.00000
     1.00000    23.1028    13.8425   -11.9249    1.00000    1.00000
     1.00000   -2.60332   -25.1594    32.8082    1.00000    1.00000
     1.00000    9.21146    17.1685   -26.4928    1.00000    1.00000
     1.00000   -9.62226   -18.5063    1.08138    1.00000    1.00000
     1.00000    6.80870    2.12188    5.34058E-04    1.00000    1.00000
     1.00000   -25.5037   -13.5717    12.4969    1.00000    1.00000
     1.00000    6.28001    16.2421   -11.9843    1.00000    1.00000
     1.00000    1.10802   -3.47582    9.52857    1.00000    1.00000
     1.00000    19.2890    12.4687   -21.4188    1.00000    1.00000
     1.00000   -20.5265   -17.9693    20.1769    1.00000    1.00000
     1.00000    13.8054    7.11859   -31.7290    1.00000    1.00000
     1.00000   -8.29263   -14.3191    14.0191    1.00000    1.00000
     1.00000    22.7740   10.17130    6.53174    1.00000    1.00000
     1.00000   -22.1514   -3.26347    20.3645    1.00000    1.00000
     1.00000   -4.37829    6.02221   -21.6969    1.00000    1.00000
     1.00000    4.27589    4.46284    10.7256    1.00000    1.00000
     1.00000    21.3075    13.1456   -11.3853    1.00000    1.00000
     1.00000   -15.7811   -22.7218    33.3720    1.00000    1.00000
     1.00000    11.6018    21.9623   -36.2258    1.00000    1.00000
     1.00000   -6.76015   -9.59630    3.37199    1.00000    1.00000
     1.00000    15.6503    14.1906   -7.54985    1.00000    1.00000
     1.00000   -18.2935   -13.5834    15.7852    1.00000    1.00000
     1.00000    1.99048    11.9383   -13.0672    1.00000    1.00000
     1.00000   -6.87218   -4.75132    4.52589    1.00000    1.00000
     1.00000    24.2828    1.77246   -18.6324    1.00000    1.00000
     1.00000   -29.2783   -15.8040    26.2679    1.00000    1.00000
     1.00000    8.00220   10.53158   -18.1845    1.00000    1.00000
     1.00000   -16.2027   -17.5053    3.35219    1.00000    1.00000
     1.00000   10.43219    5.93111    7.71745    1.00000    1.00000
     1.00000   -6.90932   -11.7870    22.4636    1.00000    1.00000
     1.00000   -3.10301    15.1813   -21.0160    1.00000    1.00000
     1.00000    2.95076   0.987297    8.48734    1.00000    1.00000
     1.00000    21.8931    17.0222   -4.37282    1.00000    1.00000
     1.00000   -7.73330   -23.6216    32.2686    1.00000    1.00000
     1.00000   10.01572    18.3900   -28.2862    1.00000    1.00000
     1.00000  -10.37921   -13.1278    4.73067    1.00000    1.00000
     1.00000    8.17048    7.02745   -1.52282    1.00000    1.00000
     1.00000   -28.0693   -12.1519    12.1327    1.00000    1.00000
     1.00000    8.91521    16.1624   -8.85163    1.00000    1.00000
     1.00000   0.873352   -11.2970    5.09126    1.00000    1.00000
     1.00000    21.1207    9.27207   -22.0496    1.00000    1.00000
     1.00000   -19.1343   -15.1719    24.2205    1.00000    1.00000
     1.00000    9.36799    8.63113   -28.1472    1.00000    1.00000
     1.00000   -7.54834   -15.7516    9.32614    1.00000    1.00000
     1.00000    19.4031    11.1011    8.12576    1.00000    1.00000
     1.00000   -17.4623   -9.62734    18.4496    1.00000    1.00000
     1.00000   -1.29852    14.5837   -24.2857    1.00000    1.00000
     1.00000    6.96118    12.3928    14.0334    1.00000    1.00000
     1.00000    12.4695    11.4053   -17.3064    1.00000    1.00000
     1.00000   -13.7657   -18.9328    30.0067    1.00000    1.00000
     1.00000    2.05497    20.6037   -34.4771    1.00000    1.00000
     1.00000   -12.4823   -4.73249    5.03272    1.00000    1.00000
     1.00000    12.5754    13.8777   -3.30890    1.00000    1.00000
     1.00000   -15.2038   -14.7081    15.9994    1.00000    1.00000
     1.00000    6.56512    11.5710   -13.1244    1.00000    1.00000
     1.00000   -2.99203   -7.09924   -3.80483    1.00000    1.00000
     1.00000    26.5254    7.44405   -16.1014    1.00000    1.00000
     1.00000   -34.7702   -13.0988    28.3185    1.00000    1.00000
     1.00000    8.36388    7.59654   -26.7611    1.00000    1.00000
     1.00000   -18.3618   -20.0317   0.196678    1.00000    1.00000
     1.00000    14.2684   -1.24755    5.22792    1.00000    1.00000
     1.00000   -9.04787  -10.30770    19.5661    1.00000    1.00000
     1.00000  -0.529549    16.5579   -15.9770    1.00000    1.00000
     1.00000    4.64526    2.02294    8.06371    1.00000    1.00000
     1.00000    21.2747    15.9675   -8.12653    1.00000    1.00000
     1.00000   -1.84241   -21.5465    32.4603    1.00000    1.00000
     1.00000    8.85844    12.5283   -24.2147    1.00000    1.00000
     1.00000   -8.15195   -12.6595  -0.156288    1.00000    1.00000
     1.00000    5.84319    5.35148  -0.134071    1.00000    1.00000
     1.00000   -24.6169   -8.90417    8.70174    1.00000    1.00000
     1.00000    3.50815    19.5145   -9.42928    1.00000    1.00000
     1.00000   -1.65806   -9.53777    9.37754    1.00000    1.00000
     1.00000    15.7294    14.1684   -21.6141    1.00000    1.00000
     1.00000   -22.4560   -16.1962    26.0716    1.00000    1.00000
     1.00000    14.5885    6.78381   -34.6614    1.00000    1.00000
     1.00000   -8.16911   -13.7152   10.19643    1.00000    1.00000
     1.00000    25.3122    9.60670    7.72090    1.00000    1.00000
     1.00000   -23.7570   -6.86466    18.1832    1.00000    1.00000
     1.00000   -3.70514    7.76235   -22.4171    1.00000    1.00000
     1.00000    4.98039    8.73045   10.28948    1.00000    1.00000
     1.00000    15.3246    8.40479   -15.0405    1.00000    1.00000
     1.00000   -11.3450   -22.0747    33.9705    1.00000    1.00000
     1.00000    4.89349    17.8719   -33.2028    1.00000    1.00000
     1.00000   -8.68504   -9.12036    3.63335    1.00000    1.00000
     1.00000    16.7363    11.1498   -6.25887    1.00000    1.00000
     1.00000   -19.9995   -13.3390    12.3052    1.00000    1.00000
     1.00000    4.99908    11.8256   -17.1535    1.00000    1.00000
     1.00000   -4.46465   -7.32337    2.66561    1.00000    1.00000
     1.00000    28.0179  -0.106125   -21.2591    1.00000    1.00000
     1.00000   -28.3437   -14.6442    24.8833    1.00000    1.00000
     1.00000    12.7953    14.9106   -18.5086    1.00000    1.00000
     1.00000   -16.9903   -16.5182    4.90308    1.00000    1.00000
     1.00000    11.7615    2.16781    7.54515    1.00000    1.00000
     1.00000   -6.44483   -9.99360    17.0652    1.00000    1.00000
     1.00000   -4.25272    16.7731   -20.6360    1.00000    1.00000
     1.00000    1.60643   0.525795    6.07373    1.00000    1.00000
     1.00000    18.3587    18.1419   -6.70563    1.00000    1.00000
     1.00000   -4.73608   -24.4958    31.1975    1.00000    1.00000
     1.00000    5.55433    21.3868   -28.1406    1.00000    1.00000
     1.00000   -11.4324   -15.5744    2.52194    1.00000    1.00000
     1.00000    10.6679    4.78436    2.29839    1.00000    1.00000
     1.00000   -26.4028   -8.76870    17.7703    1.00000    1.00000
     1.00000    5.95222    15.4244   -6.83425    1.00000    1.00000
     1.00000   -1.19336   -9.02221    4.30643    1.00000    1.00000
     1.00000    21.0575    11.4424   -18.6894    1.00000    1.00000
     1.00000   -18.4536   -16.7575    25.2316    1.00000    1.00000
     1.00000    9.08644    11.7510   -32.0620    1.00000    1.00000
     1.00000   -9.42764   -16.7380    5.26398    1.00000    1.00000
     1.00000    13.4553    7.00336    7.39432    1.00000    1.00000
     1.00000   -15.4039   -12.4806    17.2424    1.00000    1.00000
     1.00000   -2.84088    10.8889   -26.5720    1.00000    1.00000
     1.00000    9.16371    10.7381    12.2015    1.00000    1.00000
     1.00000    13.3698    9.21447   -17.1390    1.00000    1.00000
     1.00000   -14.0320   -20.4765    32.2205    1.00000    1.00000
     1.00000    3.88218    17.3549   -34.8490    1.00000    1.00000
     1.00000   -7.22069   -9.15409    10.6380    1.00000    1.00000
     1.00000    11.8127    7.98060   -1.98653    1.00000    1.00000
     1.00000   -19.6695   -16.2430    19.4068    1.00000    1.00000
     1.00000    5.87149    9.31475   -15.0546    1.00000    1.00000
     1.00000   -3.07844   -7.79551   -1.00597    1.00000    1.00000
     1.00000    27.9706    8.60773   -15.3548    1.00000    1.00000
     1.00000   -32.8111   -13.1187    28.7204    1.00000    1.00000
     1.00000    7.18834    12.8588   -21.2112    1.00000    1.00000
     1.00000   -19.9058   -19.0353  -0.972458    1.00000    1.00000
     1.00000    15.8630   -1.16241    4.02380    1.00000    1.00000
     1.00000   -9.81859   -13.3770    14.9045    1.00000    1.00000
     1.00000   -2.66212    19.5934   -12.1252    1.00000    1.00000
     1.00000    6.39119   0.514809    5.46057    1.00000    1.00000
     1.00000    24.1736    12.3312   -7.26508    1.00000    1.00000
     1.00000   -1.05866   -23.9938    33.3137    1.00000    1.00000
     1.00000    6.72781    15.2819   -27.0792    1.00000    1.00000
     1.00000  -10.01907   -13.9717    2.11095    1.00000    1.00000
     1.00000    5.06799    1.59657  -0.832535    1.00000    1.00000
     1.00000   -26.4286   -15.3238    12.7706    1.00000    1.00000
     1.00000    4.33662    17.8010  -10.04353    1.00000    1.00000
     1.00000   0.706512   -5.02209    8.32530    1.00000    1.00000
     1.00000    24.3832    10.8851   -22.3973    1.00000    1.00000
     1.00000   -20.6103   -18.0115    23.8291    1.00000    1.00000
     1.00000    15.6057    7.77561   -32.3011    1.00000    1.00000
     1.00000   -6.58536   -15.3390    11.0298    1.00000    1.00000
     1.00000    22.7817    9.60089    3.69321    1.00000    1.00000
     1.00000   -20.1826   -4.82479    18.5905    1.00000    1.00000
     1.00000   -2.62026    5.09908   -21.4577    1.00000    1.00000
     1.00000    7.92421    1.79733    12.1905    1.00000    1.00000
     1.00000    19.8005    9.54646   -13.2234    1.00000    1.00000
     1.00000   -16.3957   -24.5710    33.8223    1.00000    1.00000
     1.00000    9.15550    19.2070   -32.5051    1.00000    1.00000
     1.00000   -3.27273   -12.3003    3.34514    1.00000    1.00000
     1.00000    13.7070    12.3305   -7.01897    1.00000    1.00000
     1.00000   -20.3565   -16.2587    14.7812    1.00000    1.00000
     1.00000    3.96593    8.94998   -16.0451    1.00000    1.00000
     1.00000   -5.17722   -5.68968    5.02246    1.00000    1.00000
     1.00000    26.1269    4.43317   -20.7993    1.00000    1.00000
     1.00000   -31.9747   -15.2756    23.1620    1.00000    1.00000
     1.00000    6.84476    9.13714   -19.0306    1.00000    1.00000
     1.00000   -17.2242   -19.0496    1.84722    1.00000    1.00000
     1.00000    12.2547    5.99091    9.69412    1.00000    1.00000
     1.00000   -5.29413   -12.2748    23.5375    1.00000    1.00000
     1.00000   -2.91953    16.2934   -18.4022    1.00000    1.00000
     1.00000    1.78450    2.50666    5.86288    1.00000    1.00000
     1.00000    19.2021    15.0893   -4.61821    1.00000    1.00000
     1.00000  -10.29069   -22.7929    32.4301    1.00000    1.00000
     1.00000    8.70245    18.3992   -29.9198    1.00000    1.00000
     1.00000   -12.1275   -11.5908    5.88171    1.00000    1.00000
     1.00000    9.98112    7.66766  -0.964523    1.00000    1.00000
     1.00000   -27.6413  -10.45852    14.8065    1.00000    1.00000
     1.00000    7.80228    17.7159   -8.26192    1.00000    1.00000
     1.00000   0.305382   -9.48155    8.40445    1.00000    1.00000
     1.00000    21.1794    8.40385   -18.6113    1.00000    1.00000
     1.00000   -22.1321   -13.1933    25.1703    1.00000    1.00000
     1.00000    12.2564   10.40485   -30.2306    1.00000    1.00000
     1.00000   -9.01282   -17.4745    8.33669    1.00000    1.00000
     1.00000    18.3411    9.48799    8.64523    1.00000    1.00000
     1.00000   -19.0616   -8.74054    19.2593    1.00000    1.00000
     1.00000   -2.42887    13.1184   -25.0442    1.00000    1.00000
     1.00000    8.07159    13.8940    12.5275    1.00000    1.00000
     1.00000    15.1932    13.5948   -18.1106    1.00000    1.00000
     1.00000   -16.6821   -17.5131    29.7664    1.00000    1.00000
     1.00000    3.41888    22.1158   -33.1280    1.00000    1.00000
     1.00000   -11.7249   -7.79853    6.36445    1.00000    1.00000
     1.00000    14.2922    14.8950   -3.44247    1.00000    1.00000
     1.00000   -16.4569   -15.7368    19.0355    1.00000    1.00000
     1.00000    5.34396    12.7631   -11.5324    1.00000    1.00000
     1.00000  -0.353745   -6.62675   -1.33751    1.00000    1.00000
     1.00000    30.6445    4.78095   -16.3405    1.00000    1.00000
     1.00000   -36.8555   -10.7533    25.8913    1.00000    1.00000
     1.00000    9.59909    8.40505   -23.2255    1.00000    1.00000
     1.00000   -17.0777   -20.3866   -1.53269    1.00000    1.00000
     1.00000    15.6093   -1.62599    7.92502    1.00000    1.00000
     1.00000  -10.56046  -10.17749    18.2641    1.00000    1.00000
     1.00000    1.09393    13.7256   -13.1098    1.00000    1.00000
     1.00000    3.86990    3.64043    8.94832    1.00000    1.00000
     1.00000    23.2404    15.8226   -5.94776    1.00000    1.00000
     1.00000   -2.62769   -19.6527    34.2275    1.00000    1.00000
     1.00000   10.44670    12.7597   -23.0214    1.00000    1.00000
     1.00000   -8.72707   -12.4879    1.75154    1.00000    1.00000
     1.00000    5.63274    3.11175    1.28010    1.00000    1.00000
     1.00000   -24.1097   -10.6669    9.49908    1.00000    1.00000
     1.00000    1.56017    20.1319   -8.28425    1.00000    1.00000
     1.00000   0.538834   -7.72966    9.34061    1.00000    1.00000
     1.00000    18.4179    10.7355   -19.9733    1.00000    1.00000
     1.00000   -24.3075   -16.6826    23.8213    1.00000    1.00000
     1.00000    14.8409    7.61759   -36.4617    1.00000    1.00000
     1.00000   -5.28569   -11.8648   10.41869    1.00000    1.00000
     1.00000    23.4407    9.83727    8.38752    1.00000    1.00000
     1.00000   -20.2404   -9.91699    17.2871    1.00000    1.00000
     1.00000   -3.02442    9.36868   -23.3951    1.00000    1.00000
     1.00000    3.28947    7.67265   10.43732    1.00000    1.00000
     1.00000    16.4610    8.94227   -12.1388    1.00000    1.00000
