   1    39.7032    321.744
   2    25.2295    269.767
   3    32.8611    295.479
   4    34.8251    309.078
   5    32.3993    294.339
   6    28.4697    307.796
   7    32.7064    306.270
   8    30.6074    296.665
   9    31.2145    307.871
   10    25.7799    300.392
   11    29.0531    294.279
   12    32.7631    289.185
   13    29.3252    306.668
   14    31.7144    292.146
   15    35.4573    293.306
   16    35.3956    291.689
   17    39.1215    304.712
   18    39.2807    291.472
   19    31.8844    312.932
   20    28.4884    298.337
   21    32.6201    304.985
   22    30.0892    290.396
   23    35.6986    317.885
   24    29.8573    303.754
   25    34.8331    295.732
