   1    96.8858    2102.45
   2    83.9276    2217.50
   3    128.922    2256.69
   4    79.2286    2152.07
   5    96.0112    2221.86
   6    97.5127    2178.62
   7    76.2284    2148.62
   8    97.7813    2189.58
   9    82.2201    2138.90
   10    97.6191    2209.93
   11    125.253    2185.42
   12    91.0042    2141.74
   13   101.0979    2265.07
   14    84.2639    2164.62
   15    92.4253    2070.10
   16    94.0238    2197.52
   17    87.7715    2269.46
   18    81.4987    2261.53
   19   104.4698    2209.00
   20    134.325    2379.87
   21    76.5386    2123.14
   22    92.3074    2199.86
   23    82.2077    2163.46
   24    82.7629    2061.75
   25    108.657    2109.25
