   1    2.47062    5.76720
   2    2.67168    6.25009
   3    2.59184    6.15176
   4    3.46538    6.24752
   5    2.78070    6.25424
   6    3.14140    6.77485
   7    3.13027    6.60048
   8    3.25466    6.65233
   9    2.99192    6.27428
   10    3.60604    6.77131
   11    2.74248    6.32585
   12    2.85761    6.25514
   13    2.69465    6.22407
   14    3.81638    6.67286
   15    3.31754    6.55010
   16    3.72136    6.95898
   17    3.46134    6.54360
   18    3.11101    6.40975
   19    3.03045    6.52369
   20    3.08668    6.45113
   21    3.04888    6.27370
   22    2.58532    6.13159
   23    3.41203    6.74814
   24    2.89555    5.84469
   25    2.62335    6.00392
