     1.00000    11.1212    8.30953   -5.41141    1.00000    1.00000
     1.00000   -14.3568   -18.3401    8.69010    1.00000    1.00000
     1.00000    5.50773    13.7477   -4.75854    1.00000    1.00000
     1.00000    2.32791   -7.28199   -3.19259    1.00000    1.00000
     1.00000    9.38478    2.23178   -13.1471    1.00000    1.00000
     1.00000   -8.37119   -17.0097    9.04276    1.00000    1.00000
     1.00000    8.48573    18.7179    4.49743    1.00000    1.00000
     1.00000   -8.97199    3.77402    6.21300    1.00000    1.00000
     1.00000    7.89612   -3.50868   -3.49505    1.00000    1.00000
     1.00000   -11.0489   -16.9207    13.7365    1.00000    1.00000
     1.00000    9.49682    8.43759   -2.62606    1.00000    1.00000
     1.00000  -0.985773  -10.11996    4.52230    1.00000    1.00000
     1.00000    7.12397    1.13807  -10.54855    1.00000    1.00000
     1.00000   -4.02524   -13.5296   -5.74520    1.00000    1.00000
     1.00000    5.26064    23.8524    2.17020    1.00000    1.00000
     1.00000   -11.6959   -4.29806    12.4829    1.00000    1.00000
     1.00000    9.89061    2.02224   -4.08718    1.00000    1.00000
     1.00000   -13.6696   -17.4417    12.4261    1.00000    1.00000
     1.00000    11.6308    19.3995   -4.23388    1.00000    1.00000
     1.00000  -0.485039   -8.21139    4.19571    1.00000    1.00000
     1.00000    7.86953    2.23844   -18.4398    1.00000    1.00000
     1.00000   -6.91803   -17.6048    3.10553    1.00000    1.00000
     1.00000    12.9849    22.5777    1.42551    1.00000    1.00000
     1.00000   -15.4485    9.28559    5.04406    1.00000    1.00000
     1.00000    3.60704    1.17231   -3.47182    1.00000    1.00000
     1.00000   -15.6241   -8.93945    11.4338    1.00000    1.00000
     1.00000    3.39772    6.87409   -2.82151    1.00000    1.00000
     1.00000   -8.78453   -2.18200    3.84377    1.00000    1.00000
     1.00000    8.17628   -2.61545   -11.0743    1.00000    1.00000
     1.00000   -4.25856   -18.4036   -4.27256    1.00000    1.00000
     1.00000    7.02361    20.8881   -2.00053    1.00000    1.00000
     1.00000   -14.5189   -1.93190    6.37288    1.00000    1.00000
     1.00000    12.5438    8.48128   -4.01625    1.00000    1.00000
     1.00000   -19.8692   -15.7304    8.00780    1.00000    1.00000
     1.00000   10.07393   10.47070  -0.315247    1.00000    1.00000
     1.00000   -2.28087   -4.08327   -1.56388    1.00000    1.00000
     1.00000    8.78644    4.11501   -15.5177    1.00000    1.00000
     1.00000   -9.54482   -18.5056    9.66316    1.00000    1.00000
     1.00000    7.84396    22.9172    4.34708    1.00000    1.00000
     1.00000   -8.23273    3.17773    3.28787    1.00000    1.00000
     1.00000    6.60285   0.957081   -1.44329    1.00000    1.00000
     1.00000   -5.88484   -15.9226    11.3256    1.00000    1.00000
     1.00000    7.22198    9.39592   -1.18785    1.00000    1.00000
     1.00000   -3.37630   -8.98076   -4.54992    1.00000    1.00000
     1.00000    6.42519  -0.829607   -13.9028    1.00000    1.00000
     1.00000   -5.40309   -12.2416   -5.07994    1.00000    1.00000
     1.00000    2.22046    25.6952   -3.93422    1.00000    1.00000
     1.00000  -10.46537   -3.19538    9.11253    1.00000    1.00000
     1.00000    9.21479    3.91127   -2.86338    1.00000    1.00000
     1.00000   -10.8591   -22.3225    16.4735    1.00000    1.00000
     1.00000    9.65064    14.4830   -2.98785    1.00000    1.00000
     1.00000    7.27267   -3.79697    1.75335    1.00000    1.00000
     1.00000    8.70934    4.01808   -18.7970    1.00000    1.00000
     1.00000   -3.65554   -16.4858  -0.568836    1.00000    1.00000
     1.00000    9.49977    24.7025   0.534893    1.00000    1.00000
     1.00000   -11.6116    8.28140    7.36114    1.00000    1.00000
     1.00000    2.98510    3.82033   -4.61435    1.00000    1.00000
     1.00000   -13.3089   -9.34910    15.6962    1.00000    1.00000
     1.00000    4.83057    7.74045   -3.91529    1.00000    1.00000
     1.00000   -5.62780   -7.49379  -0.350407    1.00000    1.00000
     1.00000    12.1634   -3.52954   -4.93496    1.00000    1.00000
     1.00000   -5.07415   -16.5871   -4.08467    1.00000    1.00000
     1.00000    8.83005    17.9077  -0.696095    1.00000    1.00000
     1.00000   -13.0204   -2.36362    3.00047    1.00000    1.00000
     1.00000    7.60249    6.81642   -8.15839    1.00000    1.00000
     1.00000   -17.0494   -17.1150    8.67629    1.00000    1.00000
     1.00000    7.65203    14.4418   -2.92604    1.00000    1.00000
     1.00000   0.120653   -7.02590    1.49304    1.00000    1.00000
     1.00000    9.42846    3.67318   -11.7613    1.00000    1.00000
     1.00000   -7.87060   -17.8961    6.66272    1.00000    1.00000
     1.00000    6.85795    17.9312    5.35262    1.00000    1.00000
     1.00000   -11.1893    5.35958    4.14321    1.00000    1.00000
     1.00000    8.77456   -5.29672   -3.31826    1.00000    1.00000
     1.00000   -11.5232   -12.0268    14.3794    1.00000    1.00000
     1.00000    12.5547    8.91291   -1.10873    1.00000    1.00000
     1.00000   -2.68311   -9.94896   0.457890    1.00000    1.00000
     1.00000    8.21618    2.25631   -9.30089    1.00000    1.00000
     1.00000   -3.45337   -12.2726   -7.19184    1.00000    1.00000
     1.00000    4.13943    20.6246   -1.39822    1.00000    1.00000
     1.00000   -9.62696   -2.34177    10.7152    1.00000    1.00000
     1.00000    11.7199    1.25730   -4.34911    1.00000    1.00000
     1.00000   -15.1500   -16.9221    11.1857    1.00000    1.00000
     1.00000   10.30358    18.4473   -3.07984    1.00000    1.00000
     1.00000    2.41689   -5.76778    3.53675    1.00000    1.00000
     1.00000    8.26556    1.28905   -16.7246    1.00000    1.00000
     1.00000   -6.51460   -20.3076    4.44291    1.00000    1.00000
     1.00000    11.0747    22.5607    2.01794    1.00000    1.00000
     1.00000   -15.1769    7.80765    8.31890    1.00000    1.00000
     1.00000    1.42863   0.690222   -3.94543    1.00000    1.00000
     1.00000   -11.8261   -8.83641    11.3781    1.00000    1.00000
     1.00000   0.236254    4.18963   -4.37320    1.00000    1.00000
     1.00000   -8.12522   -5.42021    2.02019    1.00000    1.00000
     1.00000    9.34798   -4.98124   -6.99028    1.00000    1.00000
     1.00000   -4.95993   -20.2591   -7.55044    1.00000    1.00000
     1.00000    6.03441    22.2038   -3.20235    1.00000    1.00000
     1.00000   -14.4472   -2.16474    4.38777    1.00000    1.00000
     1.00000    12.4538    6.43076   -4.44333    1.00000    1.00000
     1.00000   -17.2299   -15.0792    9.20903    1.00000    1.00000
     1.00000    8.43619    11.6169  -0.377682    1.00000    1.00000
     1.00000  -0.158966   -5.94322   -2.17558    1.00000    1.00000
     1.00000    9.80678    4.86162   -17.0673    1.00000    1.00000
     1.00000   -7.91772   -19.9023    11.8980    1.00000    1.00000
     1.00000    10.8331    21.4708    4.01113    1.00000    1.00000
     1.00000   -7.72865   0.510485    3.90603    1.00000    1.00000
     1.00000    6.99925  -0.571468   -2.67065    1.00000    1.00000
     1.00000   -9.63563   -15.9129    11.6289    1.00000    1.00000
     1.00000    7.29430    7.43521  -0.800056    1.00000    1.00000
     1.00000   -4.50429   -9.93490  -0.368603    1.00000    1.00000
     1.00000    8.90386    1.29405   -11.4473    1.00000    1.00000
     1.00000   -6.04425   -12.6720   -6.92485    1.00000    1.00000
     1.00000    2.84068    25.4540   -1.86152    1.00000    1.00000
     1.00000   -12.0725   -6.41494    7.63160    1.00000    1.00000
     1.00000    8.96591    4.95868   -6.25618    1.00000    1.00000
     1.00000   -10.6443   -19.7329    14.0330    1.00000    1.00000
     1.00000    12.8892    17.1355   -5.39656    1.00000    1.00000
     1.00000    7.78235   -1.85882  -0.197132    1.00000    1.00000
     1.00000    5.48812    5.47881   -18.3382    1.00000    1.00000
     1.00000   -4.93162   -18.9365    1.60582    1.00000    1.00000
     1.00000    9.11769    25.9013    2.88691    1.00000    1.00000
     1.00000   -12.3632    6.90381    4.63027    1.00000    1.00000
     1.00000    5.90857    1.81210   -3.11269    1.00000    1.00000
     1.00000   -14.4710  -10.30890    14.3815    1.00000    1.00000
     1.00000    6.09895    9.77297   -4.72692    1.00000    1.00000
     1.00000   -7.79843   -8.81650    1.95572    1.00000    1.00000
     1.00000    11.8548  -0.654341   -4.92137    1.00000    1.00000
     1.00000   -9.87767   -16.8742   -2.91545    1.00000    1.00000
     1.00000    6.06154    17.7506   -3.82335    1.00000    1.00000
     1.00000   -9.37716   -1.16804    2.22492    1.00000    1.00000
     1.00000   10.34477    7.42504   -7.02847    1.00000    1.00000
     1.00000   -14.8028   -16.8535    7.42871    1.00000    1.00000
     1.00000    4.77301    15.6075   -4.79058    1.00000    1.00000
     1.00000    1.58085   -6.62116   -1.45903    1.00000    1.00000
     1.00000    8.56593    2.20370   -14.9715    1.00000    1.00000
     1.00000   -9.02642   -16.3778    7.26191    1.00000    1.00000
     1.00000    9.25680    20.5362    4.81235    1.00000    1.00000
     1.00000   -9.63746    4.11633    4.35828    1.00000    1.00000
     1.00000    7.11728   -2.44800   -1.98895    1.00000    1.00000
     1.00000   -11.0731   -14.9324    13.9513    1.00000    1.00000
     1.00000   10.44518    7.20714   -3.88567    1.00000    1.00000
     1.00000   -2.79162   -10.9011    4.16353    1.00000    1.00000
     1.00000    5.29600    1.08059   -11.3580    1.00000    1.00000
     1.00000   -4.01434   -15.4967   -5.38378    1.00000    1.00000
     1.00000    4.43308    23.7525   0.352192    1.00000    1.00000
     1.00000   -10.6349   -2.60381    12.4226    1.00000    1.00000
     1.00000   10.21701    2.33911   -2.13960    1.00000    1.00000
     1.00000   -12.5766   -18.1982    13.9204    1.00000    1.00000
     1.00000    11.7236    18.6142   -6.07091    1.00000    1.00000
     1.00000   0.752697   -6.86645    3.38382    1.00000    1.00000
     1.00000    6.33542    2.15533   -19.7202    1.00000    1.00000
     1.00000   -6.56375   -19.5096    2.60963    1.00000    1.00000
     1.00000    12.3140    24.4169    1.01665    1.00000    1.00000
     1.00000   -14.1648    8.69428    6.45911    1.00000    1.00000
     1.00000    2.10617    2.49247   -3.40428    1.00000    1.00000
     1.00000   -14.6601  -10.40605    12.3929    1.00000    1.00000
     1.00000    2.41527    5.73963   -4.14354    1.00000    1.00000
     1.00000   -9.84790   -3.87401    3.92337    1.00000    1.00000
     1.00000    8.41450   -2.92244   -9.11243    1.00000    1.00000
     1.00000   -2.56799   -18.4926   -5.33747    1.00000    1.00000
     1.00000    8.30166    22.4258   -1.95631    1.00000    1.00000
     1.00000   -12.6864   -2.68909    6.63490    1.00000    1.00000
     1.00000    14.0146    7.23433   -3.48513    1.00000    1.00000
     1.00000   -17.9413   -15.7850    7.47821    1.00000    1.00000
     1.00000    9.93017    8.85903   0.860283    1.00000    1.00000
     1.00000   -1.75256   -5.20551   -3.13279    1.00000    1.00000
     1.00000    7.23845    4.05329   -14.2528    1.00000    1.00000
     1.00000   -9.79723   -19.4000    11.4341    1.00000    1.00000
     1.00000    9.47334    22.6982    3.20816    1.00000    1.00000
     1.00000   -6.84156    2.24010    4.37667    1.00000    1.00000
     1.00000    8.49095    1.61662   -1.43340    1.00000    1.00000
     1.00000   -7.79648   -16.4397    11.0458    1.00000    1.00000
     1.00000    5.98671    10.9528  -0.963989    1.00000    1.00000
     1.00000   -5.22290   -9.13907   -3.79825    1.00000    1.00000
     1.00000    6.71697   -1.84861   -12.2067    1.00000    1.00000
     1.00000   -4.97443   -11.1003   -3.49451    1.00000    1.00000
     1.00000    4.13610    25.5314   -3.38332    1.00000    1.00000
     1.00000   -11.6945   -1.91559    8.18982    1.00000    1.00000
     1.00000    9.71683    5.23061   -4.28017    1.00000    1.00000
     1.00000   -11.6539   -20.9348    15.2725    1.00000    1.00000
     1.00000    10.8777    15.2973   -4.34105    1.00000    1.00000
     1.00000    5.69989   -5.02840    1.65363    1.00000    1.00000
     1.00000    7.33870    5.01666   -17.7367    1.00000    1.00000
     1.00000   -3.81018   -16.7580   -2.54418    1.00000    1.00000
     1.00000    8.42328    23.1375   -9.11713E-02    1.00000    1.00000
     1.00000  -10.12415    7.38123    8.34960    1.00000    1.00000
     1.00000    4.43127    4.09111   -3.25963    1.00000    1.00000
     1.00000   -12.9283   -8.30887    17.3615    1.00000    1.00000
     1.00000    6.09406    7.76668   -2.36516    1.00000    1.00000
     1.00000   -7.10330   -8.77319    8.09059E-02    1.00000    1.00000
     1.00000    11.2395   -4.10293   -6.61353    1.00000    1.00000
     1.00000   -6.58018   -15.3623   -3.60341    1.00000    1.00000
     1.00000    8.85368    19.4931   -1.91509    1.00000    1.00000
     1.00000   -11.1033   -1.79397    3.01772    1.00000    1.00000
     1.00000    8.78918    8.39266   -7.83088    1.00000    1.00000
     1.00000   -16.2452   -18.9154    9.01101    1.00000    1.00000
     1.00000    6.66883    15.6739   -4.15695    1.00000    1.00000
     1.00000    1.57588   -6.10744   0.473850    1.00000    1.00000
     1.00000    10.7183    4.36400   -13.1247    1.00000    1.00000
     1.00000   -7.84680   -19.8652    6.31331    1.00000    1.00000
     1.00000    7.00239    18.8623    7.11676    1.00000    1.00000
     1.00000   -10.6531    4.51291    2.41240    1.00000    1.00000
     1.00000   10.25764   -4.01249   -3.70713    1.00000    1.00000
     1.00000  -10.43289   -13.4961    15.1871    1.00000    1.00000
     1.00000    10.6175    8.43544  -0.969528    1.00000    1.00000
     1.00000   -2.92424   -10.9564    2.16870    1.00000    1.00000
     1.00000    6.56882    3.16547   -8.62290    1.00000    1.00000
     1.00000   -2.05067   -13.5738   -6.60932    1.00000    1.00000
     1.00000    4.81600    21.8109    6.29044E-02    1.00000    1.00000
     1.00000   -7.94457   -3.12440    11.4615    1.00000    1.00000
     1.00000    11.9542   0.485916   -2.51880    1.00000    1.00000
     1.00000   -16.6006   -18.0604    11.9602    1.00000    1.00000
     1.00000    8.62664    19.1887   -3.87871    1.00000    1.00000
     1.00000    3.99115   -4.87828    2.68206    1.00000    1.00000
     1.00000   10.12802    1.15362   -16.0084    1.00000    1.00000
     1.00000   -5.93971   -20.4664    6.35190    1.00000    1.00000
     1.00000    11.6680    20.8341    1.20129    1.00000    1.00000
     1.00000   -16.1481    8.31194    6.64486    1.00000    1.00000
     1.00000    9.00879E-02   -9.47056E-02   -5.20724    1.00000    1.00000
     1.00000   -13.7443   -8.36309    11.0676    1.00000    1.00000
     1.00000   0.482576    6.07520   -3.75356    1.00000    1.00000
     1.00000   -8.52457   -5.37255    3.97934    1.00000    1.00000
     1.00000    9.87398   -3.21960   -7.77766    1.00000    1.00000
     1.00000   -3.21911   -19.4772   -6.95196    1.00000    1.00000
     1.00000    5.35668    20.3380   -2.95903    1.00000    1.00000
     1.00000   -15.4082  -0.439566    4.07106    1.00000    1.00000
     1.00000    13.8980    5.62336   -5.56682    1.00000    1.00000
     1.00000   -15.8444   -15.1244    10.6507    1.00000    1.00000
     1.00000    8.50079    13.1677   -1.63905    1.00000    1.00000
     1.00000   -1.75876   -6.24496   -1.01385    1.00000    1.00000
     1.00000    11.6243    4.76172   -17.8960    1.00000    1.00000
     1.00000   -7.89131   -21.2376   10.40927    1.00000    1.00000
     1.00000    10.8624    19.6298    3.23027    1.00000    1.00000
     1.00000   -8.77342   0.926809    2.25221    1.00000    1.00000
     1.00000    8.82167   -1.01957   -1.97926    1.00000    1.00000
     1.00000   -11.5842   -16.2473    11.9310    1.00000    1.00000
     1.00000    9.23086    7.09877  -0.430481    1.00000    1.00000
     1.00000   -5.17426   -8.75313   -1.83644    1.00000    1.00000
     1.00000    7.82859  -0.186674   -12.2543    1.00000    1.00000
     1.00000   -6.27444   -14.5089   -7.68159    1.00000    1.00000
     1.00000    3.92006    25.6095  -0.184986    1.00000    1.00000
     1.00000   -10.9830   -5.06531    8.62737    1.00000    1.00000
     1.00000    10.7339    5.82209   -5.89748    1.00000    1.00000
     1.00000   -11.4705   -18.9043    12.4111    1.00000    1.00000
     1.00000    12.6435    16.0271   -3.75003    1.00000    1.00000
     1.00000    8.91594   -3.16933   0.801647    1.00000    1.00000
     1.00000    5.73533    5.85542   -16.3895    1.00000    1.00000
     1.00000   -3.98634   -18.3944   -7.12700E-02    1.00000    1.00000
     1.00000   10.28034    24.3667    2.34540    1.00000    1.00000
     1.00000   -12.3798    8.67597    5.55718    1.00000    1.00000
     1.00000    4.31671    2.46886   -2.09551    1.00000    1.00000
     1.00000   -13.5220   -12.0686    14.3261    1.00000    1.00000
     1.00000    4.42254    8.95633   -5.44994    1.00000    1.00000
     1.00000   -8.37658   -7.14010    1.03083    1.00000    1.00000
     1.00000    13.3692   -1.94691   -4.73169    1.00000    1.00000
     1.00000   -8.46121   -15.9347   -3.96948    1.00000    1.00000
     1.00000    7.04040    18.9741   -2.58040    1.00000    1.00000
     1.00000   -8.08937  -0.387407   0.908787    1.00000    1.00000
