     1.00000   -6.79996    1.41407  -0.261238    1.00000    1.00000
     1.00000   -8.88448    8.87412    6.77088    1.00000    1.00000
     1.00000   -2.47068   -12.2963    11.1098    1.00000    1.00000
     1.00000   0.553898    11.3727    10.7970    1.00000    1.00000
     1.00000    4.77646   -20.9117   -17.9031    1.00000    1.00000
     1.00000  -10.22803    14.0496   -3.27270    1.00000    1.00000
     1.00000    3.85298   -21.2218   -3.25157    1.00000    1.00000
     1.00000    17.9036    7.76765    2.82813    1.00000    1.00000
     1.00000   -1.18703   -2.51097   0.252483    1.00000    1.00000
     1.00000   -5.66769    11.6900    4.63964    1.00000    1.00000
     1.00000  -0.333462   -21.4363    1.46627    1.00000    1.00000
     1.00000    13.9684    14.9054    9.97661    1.00000    1.00000
     1.00000    1.76654   -15.6189   -9.17448    1.00000    1.00000
     1.00000   -12.8901    11.3479   -4.55618    1.00000    1.00000
     1.00000    1.35689E-02   -8.55807   -4.55386    1.00000    1.00000
     1.00000    14.3476    6.13351   -5.12456    1.00000    1.00000
     1.00000   -8.60665    4.91484   0.993286    1.00000    1.00000
     1.00000   -9.41176    13.9448    12.1266    1.00000    1.00000
     1.00000   0.165051   -20.1127    5.24458    1.00000    1.00000
     1.00000    1.26511    7.95279    7.11296    1.00000    1.00000
     1.00000    6.08099   -18.0405   -15.0489    1.00000    1.00000
     1.00000   -7.17550    18.4828   -3.90447    1.00000    1.00000
     1.00000   -3.60757   -11.5609   0.914833    1.00000    1.00000
     1.00000    14.0304    12.6472    8.66492    1.00000    1.00000
     1.00000   0.820080   -5.89510   -5.97218    1.00000    1.00000
     1.00000   -5.43145    13.5528    3.95112    1.00000    1.00000
     1.00000    2.92880   -15.6749    1.61911    1.00000    1.00000
     1.00000    4.07480    15.9489    6.60794    1.00000    1.00000
     1.00000    3.87886   -10.7416   -8.70239    1.00000    1.00000
     1.00000   -13.4579    15.2420   -3.35025    1.00000    1.00000
     1.00000   -4.17681   -9.10941   -1.54433    1.00000    1.00000
     1.00000    13.5545    5.54602   -1.56621    1.00000    1.00000
     1.00000   -3.87481   -1.38997   -6.25079    1.00000    1.00000
     1.00000   -9.59084    9.83033   10.10498    1.00000    1.00000
     1.00000   -2.49894   -13.7492    5.40913    1.00000    1.00000
     1.00000  -0.368679   10.05607    9.42374    1.00000    1.00000
     1.00000    6.08560   -15.7308   -17.0790    1.00000    1.00000
     1.00000   -7.46807    18.2440   -6.51650    1.00000    1.00000
     1.00000    5.97794   -19.7384   -4.17831    1.00000    1.00000
     1.00000    11.9756    7.16140    4.77612    1.00000    1.00000
     1.00000   -3.96874   -2.52755   -1.14186    1.00000    1.00000
     1.00000   -4.10292    5.44547    2.00859    1.00000    1.00000
     1.00000  -0.819851   -18.1124    1.15254    1.00000    1.00000
     1.00000    8.26778    14.9107    10.8870    1.00000    1.00000
     1.00000    2.74328   -13.6566   -5.18339    1.00000    1.00000
     1.00000   -7.05627    14.3441   -5.70515    1.00000    1.00000
     1.00000   -1.21821   -10.6264   -1.01397    1.00000    1.00000
     1.00000    11.5318    9.20050   -5.32829    1.00000    1.00000
     1.00000   -10.9011    8.91192   -1.78984    1.00000    1.00000
     1.00000   -8.39660    14.5138    7.57629    1.00000    1.00000
     1.00000   0.287453   -18.1176    5.31219    1.00000    1.00000
     1.00000   -3.62294    6.53637    6.21961    1.00000    1.00000
     1.00000    5.48743   -17.9262   -12.8623    1.00000    1.00000
     1.00000   -7.24041    18.8836    2.18480    1.00000    1.00000
     1.00000   0.659775   -14.8249   -3.37925    1.00000    1.00000
     1.00000    12.4160    12.0586    9.68816    1.00000    1.00000
     1.00000  -0.418129   -5.95399   -4.19234    1.00000    1.00000
     1.00000   -4.60495    12.6595   -1.72202    1.00000    1.00000
     1.00000   0.770260   -14.8743   0.684937    1.00000    1.00000
     1.00000    1.20309    14.8572    9.37314    1.00000    1.00000
     1.00000    5.24664   -11.2288   -6.94283    1.00000    1.00000
     1.00000   -15.8230    13.6473   -2.57447    1.00000    1.00000
     1.00000   -3.97643   -12.8061    4.44603    1.00000    1.00000
     1.00000    17.6387    1.93838   0.491035    1.00000    1.00000
     1.00000   -4.92078  -0.189655   -3.22766    1.00000    1.00000
     1.00000   -8.38747   10.13529    5.30035    1.00000    1.00000
     1.00000   -2.80344   -14.1683    12.3252    1.00000    1.00000
     1.00000    1.17692    9.89811    11.9959    1.00000    1.00000
     1.00000    5.35549   -18.4222   -16.8732    1.00000    1.00000
     1.00000   -8.60870    15.2007   -3.50222    1.00000    1.00000
     1.00000   0.206676   -19.8183   -3.50775    1.00000    1.00000
     1.00000    15.4015    6.98312    3.84599    1.00000    1.00000
     1.00000   -3.53272   0.863071   0.121239    1.00000    1.00000
     1.00000   -5.46353    8.54617    4.06920    1.00000    1.00000
     1.00000    2.43448   -19.3623    2.70256    1.00000    1.00000
     1.00000    11.2064    13.0452    11.2051    1.00000    1.00000
     1.00000    2.67116   -18.4217   -11.1318    1.00000    1.00000
     1.00000   -12.1017   10.11456   -2.84433    1.00000    1.00000
     1.00000   -2.96864   -9.59310   -6.38630    1.00000    1.00000
     1.00000    14.5066    7.10514   -8.44525    1.00000    1.00000
     1.00000   -8.36739    3.82208  -0.879143    1.00000    1.00000
     1.00000  -10.35024    15.3514    8.69302    1.00000    1.00000
     1.00000    1.05723   -22.2224    8.43100    1.00000    1.00000
     1.00000   -2.17496    6.19075    7.55524    1.00000    1.00000
     1.00000    7.23904   -18.8722   -13.0543    1.00000    1.00000
     1.00000   -8.36660    20.5993   -4.47504    1.00000    1.00000
     1.00000   -3.78096   -14.5928  -0.669022    1.00000    1.00000
     1.00000    12.8113    11.4604    6.29225    1.00000    1.00000
     1.00000    1.71560   -7.61475   -9.46106    1.00000    1.00000
     1.00000   -5.25050    14.6223   0.111256    1.00000    1.00000
     1.00000    4.21557   -14.5939  -0.554588    1.00000    1.00000
     1.00000    6.38766    16.6485    4.63515    1.00000    1.00000
     1.00000    5.92148   -8.61409   -10.8275    1.00000    1.00000
     1.00000   -12.4438    11.2486  -0.430866    1.00000    1.00000
     1.00000   -3.41145   -8.95190   0.296700    1.00000    1.00000
     1.00000    16.3163    3.57419  -0.153111    1.00000    1.00000
     1.00000   -5.65334   -1.62651   -5.36712    1.00000    1.00000
     1.00000   -8.94728    11.3594    8.98791    1.00000    1.00000
     1.00000   -2.13078   -12.9061    8.84910    1.00000    1.00000
     1.00000    2.71074    8.00422   10.03023    1.00000    1.00000
     1.00000    8.23050   -18.3173   -18.2401    1.00000    1.00000
     1.00000   -5.76754    17.0462   -7.26868    1.00000    1.00000
     1.00000    4.20073   -16.4670   -5.23057    1.00000    1.00000
     1.00000    15.6580    9.87677    7.18463    1.00000    1.00000
     1.00000   -5.65219   -1.76250  -0.379852    1.00000    1.00000
     1.00000   -2.10336    5.30051    1.60658    1.00000    1.00000
     1.00000   -1.82489   -20.2802    5.35429    1.00000    1.00000
     1.00000    6.97347    16.5244    8.15366    1.00000    1.00000
     1.00000    3.05101   -13.0878   -7.07592    1.00000    1.00000
     1.00000   -9.36641    12.0225   -4.48626    1.00000    1.00000
     1.00000   -2.21820   -10.8000   -3.42324    1.00000    1.00000
     1.00000    14.2752    8.83540   -6.06618    1.00000    1.00000
     1.00000   -9.07079    6.39610   -4.38809    1.00000    1.00000
     1.00000   -9.87716    15.1467    6.38995    1.00000    1.00000
     1.00000   -1.91837   -17.4401    6.83087    1.00000    1.00000
     1.00000   -3.28592   10.17565    4.99540    1.00000    1.00000
     1.00000    3.09533   -20.3711   -13.4603    1.00000    1.00000
     1.00000   -5.18434    19.1034  -0.201920    1.00000    1.00000
     1.00000   -1.54721   -16.5014   -1.24459    1.00000    1.00000
     1.00000    9.34856    9.47262    8.98062    1.00000    1.00000
     1.00000    2.14146   -7.25113   -5.32787    1.00000    1.00000
     1.00000   -6.85128    11.5896   -2.89016    1.00000    1.00000
     1.00000    2.52155   -17.6311    1.70499    1.00000    1.00000
     1.00000    2.56930    16.2248    7.89532    1.00000    1.00000
     1.00000    1.28311   -12.8988   -9.47480    1.00000    1.00000
     1.00000   -15.2269    16.0899   -4.56209    1.00000    1.00000
     1.00000   -4.04583  -10.05597    4.96115    1.00000    1.00000
     1.00000    17.1623    4.24590    1.53004    1.00000    1.00000
     1.00000   -8.67932    1.84860  -0.789631    1.00000    1.00000
     1.00000   -7.85889   10.35086    7.64690    1.00000    1.00000
     1.00000   -2.40622   -10.6108    12.1846    1.00000    1.00000
     1.00000    1.91322    12.7490   10.28904    1.00000    1.00000
     1.00000    2.93351   -20.2082   -17.5736    1.00000    1.00000
     1.00000   -11.6842    15.1329   -2.43250    1.00000    1.00000
     1.00000    1.88447   -20.8693   -3.22418    1.00000    1.00000
     1.00000    17.0787    7.71914    4.64940    1.00000    1.00000
     1.00000   -1.06843   -1.22331   -1.27325    1.00000    1.00000
     1.00000   -4.68143   10.31786    3.56977    1.00000    1.00000
     1.00000   0.113564   -22.9588    2.68368    1.00000    1.00000
     1.00000    13.6789    16.6368    10.9350    1.00000    1.00000
     1.00000    1.19860   -17.5212   -9.41677    1.00000    1.00000
     1.00000   -11.1451    11.6816   -3.63767    1.00000    1.00000
     1.00000   0.334194  -10.24548   -3.52925    1.00000    1.00000
     1.00000    13.3724    7.12163   -6.56418    1.00000    1.00000
     1.00000   -7.54259    6.58415    1.27821    1.00000    1.00000
     1.00000  -10.43773    14.6782   10.57429    1.00000    1.00000
     1.00000   -2.42653E-02   -22.0604    4.83145    1.00000    1.00000
     1.00000    2.60390    7.88518    5.62870    1.00000    1.00000
     1.00000    8.01789   -17.8167   -15.4942    1.00000    1.00000
     1.00000   -5.41402    17.6568   -3.44091    1.00000    1.00000
     1.00000   -2.99293   -12.7575  -0.565113    1.00000    1.00000
     1.00000    14.6457    11.5983    7.07704    1.00000    1.00000
     1.00000   0.865734   -4.82116   -7.65876    1.00000    1.00000
     1.00000   -5.39630    12.9914    2.03186    1.00000    1.00000
     1.00000    4.55785   -16.2014   0.585178    1.00000    1.00000
     1.00000    5.24534    17.4733    6.05458    1.00000    1.00000
     1.00000    3.19297   -8.94793   -9.26136    1.00000    1.00000
     1.00000   -13.6381    13.2516   -3.42694    1.00000    1.00000
     1.00000   -4.17827   -7.13283   -1.23917    1.00000    1.00000
     1.00000    13.9010    6.59838   -3.23130    1.00000    1.00000
     1.00000   -3.70659   -2.36745   -7.98752    1.00000    1.00000
     1.00000   -8.06710    10.6810    11.0820    1.00000    1.00000
     1.00000   -1.84652   -11.8798    5.69106    1.00000    1.00000
     1.00000  -0.153446    8.22020    8.66002    1.00000    1.00000
     1.00000    6.47083   -17.3704   -18.1576    1.00000    1.00000
     1.00000   -8.63639    19.0265   -7.93875    1.00000    1.00000
     1.00000    5.83532   -21.4841   -3.21280    1.00000    1.00000
     1.00000    13.3169    7.54021    6.21050    1.00000    1.00000
     1.00000   -3.33211   -3.84092   -2.50925    1.00000    1.00000
     1.00000   -4.55416    3.80240   0.961353    1.00000    1.00000
     1.00000   0.196510   -18.7525    2.75167    1.00000    1.00000
     1.00000    9.70134    14.0863    12.0118    1.00000    1.00000
     1.00000    2.95758   -11.8061   -4.45557    1.00000    1.00000
     1.00000   -7.05013    12.7347   -4.51777    1.00000    1.00000
     1.00000   -2.26384   -9.30678   -2.09349    1.00000    1.00000
     1.00000    13.1713    8.48186   -4.43632    1.00000    1.00000
     1.00000   -11.3669    7.16322   -2.64133    1.00000    1.00000
     1.00000   -8.21940    13.3383    9.18468    1.00000    1.00000
     1.00000    4.00925E-02   -17.5623    7.21756    1.00000    1.00000
     1.00000   -3.05224    8.21081    5.28658    1.00000    1.00000
     1.00000    3.57456   -18.5078   -12.9140    1.00000    1.00000
     1.00000   -6.68673    20.0830   0.683144    1.00000    1.00000
     1.00000   0.665371   -16.5893   -2.43760    1.00000    1.00000
     1.00000   10.43732    11.8071    9.83562    1.00000    1.00000
     1.00000   -1.85516   -5.02249   -3.15926    1.00000    1.00000
     1.00000   -3.97859    10.9494  -0.895401    1.00000    1.00000
     1.00000    1.54422   -14.4787    2.48618    1.00000    1.00000
     1.00000   0.937065    14.2087    11.2463    1.00000    1.00000
     1.00000    3.25274   -11.1120   -6.83942    1.00000    1.00000
     1.00000   -15.2939    15.5752   -2.63063    1.00000    1.00000
     1.00000   -5.16140   -11.6151    5.53102    1.00000    1.00000
     1.00000    17.9474    2.60066    2.35279    1.00000    1.00000
     1.00000   -5.75831    1.08834   -1.93721    1.00000    1.00000
     1.00000   -6.99397    9.82256    3.90023    1.00000    1.00000
     1.00000   -2.23172   -14.1541   10.40868    1.00000    1.00000
     1.00000   0.997993    11.2272    13.4796    1.00000    1.00000
     1.00000    4.24366   -19.8918   -16.0960    1.00000    1.00000
     1.00000   -7.41187    16.2184   -4.73996    1.00000    1.00000
     1.00000   -1.15386   -19.5146   -2.07362    1.00000    1.00000
     1.00000    13.6025    6.17034    4.16707    1.00000    1.00000
     1.00000   -2.95930  -0.848324  -0.740341    1.00000    1.00000
     1.00000   -5.01192    6.98879    2.89846    1.00000    1.00000
     1.00000   0.889996   -20.6270    2.82576    1.00000    1.00000
     1.00000    12.9825    13.9385    11.4234    1.00000    1.00000
     1.00000    3.00600   -18.3387   -9.16175    1.00000    1.00000
     1.00000   -14.0895    9.95706   -2.68947    1.00000    1.00000
     1.00000   -1.78521   -9.40112   -4.78547    1.00000    1.00000
     1.00000    12.5290    6.82150   -8.35263    1.00000    1.00000
     1.00000   -8.59295    5.80760  -0.796349    1.00000    1.00000
     1.00000   -9.08935    16.8837    8.44383    1.00000    1.00000
     1.00000   0.293583   -21.3827    6.78428    1.00000    1.00000
     1.00000  -0.613529    7.28568    6.95269    1.00000    1.00000
     1.00000    7.33998   -17.0158   -13.7915    1.00000    1.00000
     1.00000   -6.82776    20.3317   -3.22588    1.00000    1.00000
     1.00000   -3.45285   -16.2211   -1.78302    1.00000    1.00000
     1.00000    13.3329    9.90757    7.43977    1.00000    1.00000
     1.00000   0.466213   -6.08260   -9.15849    1.00000    1.00000
     1.00000   -5.50080    12.6386    6.60019E-02    1.00000    1.00000
     1.00000    4.02301   -14.3911   -2.53493    1.00000    1.00000
     1.00000    7.48981    16.9683    6.27313    1.00000    1.00000
     1.00000    5.26176   -9.34923   -9.08839    1.00000    1.00000
     1.00000   -12.5687    12.0163   -2.27341    1.00000    1.00000
     1.00000   -4.14086   -9.90279    1.89788    1.00000    1.00000
     1.00000    14.4261    3.99430  -0.653801    1.00000    1.00000
     1.00000   -5.34956   0.333466   -5.10981    1.00000    1.00000
     1.00000   -9.16174    12.4031    10.6804    1.00000    1.00000
     1.00000  -0.892460   -12.5292    7.32445    1.00000    1.00000
     1.00000    1.47015    9.57290   10.04441    1.00000    1.00000
     1.00000    8.40710   -16.3257   -18.2876    1.00000    1.00000
     1.00000   -6.01925    17.5214   -5.34232    1.00000    1.00000
     1.00000    4.96010   -18.3153   -5.14717    1.00000    1.00000
     1.00000    15.2315    8.08343    6.40874    1.00000    1.00000
     1.00000   -5.49080    6.38466E-02   0.419151    1.00000    1.00000
     1.00000   -2.89528    4.38397    3.19806    1.00000    1.00000
     1.00000   -1.44837   -19.5988    3.51204    1.00000    1.00000
     1.00000    8.21817    16.5336    9.71912    1.00000    1.00000
     1.00000    1.67358   -14.4588   -7.54795    1.00000    1.00000
     1.00000   -8.13345    12.0663   -6.06038    1.00000    1.00000
     1.00000   -2.03400   -12.4268   -4.57190    1.00000    1.00000
     1.00000    15.2191   10.29567   -5.07794    1.00000    1.00000
     1.00000   -9.60581    6.23134   -2.46804    1.00000    1.00000
     1.00000   -11.3750    16.1970    7.19814    1.00000    1.00000
     1.00000   -2.14315   -15.5798    6.13185    1.00000    1.00000
     1.00000   -2.08802    11.6157    4.29448    1.00000    1.00000
     1.00000    3.28616   -22.3593   -13.3576    1.00000    1.00000
     1.00000   -4.42426    18.1118   -1.76360    1.00000    1.00000
     1.00000  -0.184593   -17.9653   -1.26109    1.00000    1.00000
     1.00000    11.0264    9.90136    9.98109    1.00000    1.00000
     1.00000    1.08735   -7.14521   -3.63151    1.00000    1.00000
     1.00000   -5.00987    10.8623   -2.60680    1.00000    1.00000
     1.00000    1.58961   -16.6429   0.236961    1.00000    1.00000
     1.00000    3.06639    15.5086    9.69532    1.00000    1.00000
     1.00000    1.88558   -11.4243   -8.26540    1.00000    1.00000
     1.00000   -16.7248    17.2829   -5.13945    1.00000    1.00000
     1.00000   -4.37000   -8.72862    3.50064    1.00000    1.00000
     1.00000    18.0834    5.84905    2.29268    1.00000    1.00000
