     1.00000    1.89360    2.15090    3.62156    1.00000    1.00000
     1.00000   -12.1221   -4.63878   -20.6041    1.00000    1.00000
     1.00000    3.12724  -0.334236   -4.39034    1.00000    1.00000
     1.00000  -10.47863    4.85283    11.2035    1.00000    1.00000
     1.00000    16.8226   0.645714    7.98999    1.00000    1.00000
     1.00000   -3.83950    7.93579   -3.57828    1.00000    1.00000
     1.00000    1.95345   -5.19465   -3.48635    1.00000    1.00000
     1.00000   -8.77810    2.34479   -2.30223    1.00000    1.00000
     1.00000    14.5003   -3.86524    2.88417    1.00000    1.00000
     1.00000   -13.2276    1.90728   -10.6222    1.00000    1.00000
     1.00000    15.3785   -9.64366   -6.64574    1.00000    1.00000
     1.00000   -5.59793    9.27483    12.1660    1.00000    1.00000
     1.00000    25.2057    3.37866   10.15642    1.00000    1.00000
     1.00000    1.76831    8.55575   -5.23606    1.00000    1.00000
     1.00000   -14.6486  -10.48804   0.756718    1.00000    1.00000
     1.00000   -6.67012    1.27471    8.90444    1.00000    1.00000
     1.00000    3.28384   0.496109    4.95427    1.00000    1.00000
     1.00000   -7.37098    3.69971   -25.4525    1.00000    1.00000
     1.00000    3.99036   -1.12690   -7.94594    1.00000    1.00000
     1.00000  -10.43828    11.0989    21.4632    1.00000    1.00000
     1.00000    18.2944   -1.73515    2.82653    1.00000    1.00000
     1.00000   -15.1962    2.58213   -4.85184    1.00000    1.00000
     1.00000  -10.41355   -9.47564   -1.74577    1.00000    1.00000
     1.00000   -3.39457   -8.04140    1.23982    1.00000    1.00000
     1.00000    8.86164   0.190807    1.54345    1.00000    1.00000
     1.00000   -12.3217    4.86935   -6.72704    1.00000    1.00000
     1.00000    17.4717   -7.37958    1.88688    1.00000    1.00000
     1.00000   -9.66759E-02   10.43604    7.15306    1.00000    1.00000
     1.00000    28.4888    1.43559    6.34297    1.00000    1.00000
     1.00000   -6.10264    10.9145    2.18745    1.00000    1.00000
     1.00000   -12.4532   -13.9497    1.72767    1.00000    1.00000
     1.00000   -2.12613   -2.71427   0.521954    1.00000    1.00000
     1.00000  -0.273743    4.35624    4.38263    1.00000    1.00000
     1.00000   -10.7116   -2.16662   -20.1304    1.00000    1.00000
     1.00000    3.82107   -8.78744   -3.71206    1.00000    1.00000
     1.00000   -14.5556    5.90915    16.2043    1.00000    1.00000
     1.00000    15.2313   0.537651    4.53267    1.00000    1.00000
     1.00000   -7.55342    6.81416   -4.57690    1.00000    1.00000
     1.00000   -4.64502   -6.41417   -6.27156    1.00000    1.00000
     1.00000   -11.0715  -0.894798   -2.26375    1.00000    1.00000
     1.00000    12.6678   0.180477   0.286469    1.00000    1.00000
     1.00000   -12.8774   -1.01479   -14.2596    1.00000    1.00000
     1.00000    13.2260   -9.36876   -4.33788    1.00000    1.00000
     1.00000   -5.51674    2.44552   10.04415    1.00000    1.00000
     1.00000    25.2592    3.08237    12.1336    1.00000    1.00000
     1.00000   -1.23378    11.2661   -2.91146    1.00000    1.00000
     1.00000   -17.1145   -6.36929    2.59764    1.00000    1.00000
     1.00000   -3.96052   -1.72259    4.05550    1.00000    1.00000
     1.00000    8.28920    2.47701    5.84065    1.00000    1.00000
     1.00000   -4.47916    2.29030   -26.0376    1.00000    1.00000
     1.00000    8.17957   -5.54336   -7.28348    1.00000    1.00000
     1.00000   -12.0681    8.99609    20.3162    1.00000    1.00000
     1.00000    21.7474    1.54581    8.06984    1.00000    1.00000
     1.00000   -15.5867    3.72602   -8.68791    1.00000    1.00000
     1.00000   -5.08338   -7.93874   -4.27573    1.00000    1.00000
     1.00000   -6.04015   -4.13735   -1.57690    1.00000    1.00000
     1.00000    9.48679    1.54334    3.52647    1.00000    1.00000
     1.00000   -10.7143   0.137604   -11.5623    1.00000    1.00000
     1.00000    15.1286   -7.82615   0.634762    1.00000    1.00000
     1.00000   -6.39633    12.8403    9.65894    1.00000    1.00000
     1.00000    28.0705   -1.57495    5.74057    1.00000    1.00000
     1.00000   -1.99894    11.7323   -1.11823    1.00000    1.00000
     1.00000   -16.7711   -14.8237    1.59748    1.00000    1.00000
     1.00000  -0.268398   -2.67083    4.01375    1.00000    1.00000
     1.00000   -1.10943    4.90675    1.67412    1.00000    1.00000
     1.00000   -12.7643   -1.50481   -16.8266    1.00000    1.00000
     1.00000    3.04621   -3.82690   -5.64280    1.00000    1.00000
     1.00000  -10.06899    4.85922    13.1611    1.00000    1.00000
     1.00000    17.0856   0.284061    5.23801    1.00000    1.00000
     1.00000   -5.76783    7.57751   -3.96966    1.00000    1.00000
     1.00000    1.06948   -5.84968   -1.35013    1.00000    1.00000
     1.00000   -6.84272    1.93448   -2.59546    1.00000    1.00000
     1.00000    14.9265   -3.17967   0.496346    1.00000    1.00000
     1.00000   -13.1245    4.67287   -12.4708    1.00000    1.00000
     1.00000    14.7914   -6.01821   -6.26997    1.00000    1.00000
     1.00000   -7.93892    6.84915    12.0753    1.00000    1.00000
     1.00000    27.3438   0.511589   10.11203    1.00000    1.00000
     1.00000    1.59789    7.07982   -7.50434    1.00000    1.00000
     1.00000   -14.0788   -10.9040    2.62816    1.00000    1.00000
     1.00000   -6.21874  -0.332344    5.83753    1.00000    1.00000
     1.00000    5.07072   0.511826    5.85248    1.00000    1.00000
     1.00000   -7.96620    1.45266   -23.6531    1.00000    1.00000
     1.00000    5.94124   -2.47100   -7.78305    1.00000    1.00000
     1.00000   -8.82482    11.4427    18.0747    1.00000    1.00000
     1.00000    19.4473  -0.260159    5.67914    1.00000    1.00000
     1.00000   -17.0061    4.14621   -7.34297    1.00000    1.00000
     1.00000   -12.2427   -12.3755   0.255074    1.00000    1.00000
     1.00000   -5.25156   -5.91179   -1.09784    1.00000    1.00000
     1.00000    12.2042   -2.96086    1.26378    1.00000    1.00000
     1.00000   -13.9895    6.31635   -6.80722    1.00000    1.00000
     1.00000    17.4101   -5.41476    1.51851    1.00000    1.00000
     1.00000   -3.08509    13.5772   10.06131    1.00000    1.00000
     1.00000    28.7472   0.414310    8.69043    1.00000    1.00000
     1.00000   -6.33279   10.01637  -0.183575    1.00000    1.00000
     1.00000   -9.61505   -12.9413    1.50751    1.00000    1.00000
     1.00000   0.536861   -1.15038    2.99405    1.00000    1.00000
     1.00000   -1.81117    3.16700    4.85382    1.00000    1.00000
     1.00000   -7.06263   -7.24487E-02   -22.7271    1.00000    1.00000
     1.00000    1.55222   -7.65196   -5.61974    1.00000    1.00000
     1.00000   -10.9401    8.07375    17.1699    1.00000    1.00000
     1.00000    13.2644  -0.453796    6.03836    1.00000    1.00000
     1.00000   -11.7218    4.38733   -4.65127    1.00000    1.00000
     1.00000   0.254265   -6.07314   -4.07034    1.00000    1.00000
     1.00000  -10.12325   -1.34206   -3.96691    1.00000    1.00000
     1.00000    11.9323   -3.19254  -0.704056    1.00000    1.00000
     1.00000   -13.5827   0.327225   -12.9552    1.00000    1.00000
     1.00000    12.2899   -7.60415   -4.43712    1.00000    1.00000
     1.00000   -4.71946    5.00597    11.4345    1.00000    1.00000
     1.00000    22.1789   0.835114    10.7700    1.00000    1.00000
     1.00000   -6.15501E-02    8.06350   -4.59630    1.00000    1.00000
     1.00000   -17.1217   -9.09570    4.45720    1.00000    1.00000
     1.00000   -3.72195   -5.66458    3.47857    1.00000    1.00000
     1.00000    5.87654    5.54110    6.39972    1.00000    1.00000
     1.00000   -5.18573  -0.189358   -23.5793    1.00000    1.00000
     1.00000    6.27733   -4.16481   -8.79202    1.00000    1.00000
     1.00000   -14.6666    8.65134    19.7383    1.00000    1.00000
     1.00000    23.1910    1.67191    5.04186    1.00000    1.00000
     1.00000   -13.8645   0.398552   -9.47413    1.00000    1.00000
     1.00000   -6.98069  -10.37938   -2.48573    1.00000    1.00000
     1.00000   -7.22975   -1.22222   -1.51516    1.00000    1.00000
     1.00000    11.1225   0.557140    2.93332    1.00000    1.00000
     1.00000   -11.5481    3.63406   -9.85232    1.00000    1.00000
     1.00000    13.3641   -8.81550   -2.42090    1.00000    1.00000
     1.00000   -4.49934    12.2084    9.70587    1.00000    1.00000
     1.00000    26.1462   -2.03389    6.03450    1.00000    1.00000
     1.00000   -4.23502    9.89558   -3.52567    1.00000    1.00000
     1.00000   -15.0913   -14.4911    2.63071    1.00000    1.00000
     1.00000    3.33221   -1.21033    5.99631    1.00000    1.00000
     1.00000    1.73154    4.12694    3.35885    1.00000    1.00000
     1.00000   -12.4270   -2.98982   -19.5141    1.00000    1.00000
     1.00000    2.39156   -1.97506   -5.26582    1.00000    1.00000
     1.00000   -9.73779    6.71054    11.2122    1.00000    1.00000
     1.00000    18.2685  -0.534508    7.27134    1.00000    1.00000
     1.00000   -2.76810    9.15041   -4.75166    1.00000    1.00000
     1.00000    2.17275   -4.22972   -1.74831    1.00000    1.00000
     1.00000   -9.64946    3.61890   -3.57400    1.00000    1.00000
     1.00000    14.1095   -5.30286    1.54980    1.00000    1.00000
     1.00000   -14.0574    2.19466   -12.4192    1.00000    1.00000
     1.00000    16.4739   -9.94310   -4.99940    1.00000    1.00000
     1.00000   -7.17734    8.49022    11.2227    1.00000    1.00000
     1.00000    24.8020    5.14313    11.0071    1.00000    1.00000
     1.00000    1.34566   10.34466   -6.02420    1.00000    1.00000
     1.00000   -15.2861   -8.83186    1.67898    1.00000    1.00000
     1.00000   -7.39053   0.594589    7.16707    1.00000    1.00000
     1.00000    3.62374    1.26985    3.14160    1.00000    1.00000
     1.00000   -6.37765    2.16829   -24.6351    1.00000    1.00000
     1.00000    4.13343   -2.90810   -7.04769    1.00000    1.00000
     1.00000  -10.11509    9.40674    20.4473    1.00000    1.00000
     1.00000    18.1278   -1.48163    4.80339    1.00000    1.00000
     1.00000   -13.2775    3.13268   -4.72770    1.00000    1.00000
     1.00000   -8.89403   -8.99825  -0.536167    1.00000    1.00000
     1.00000   -1.51978   -7.39531   0.979610    1.00000    1.00000
     1.00000    10.7888    4.10881E-02    1.03008    1.00000    1.00000
     1.00000   -12.5823    6.17303   -8.22121    1.00000    1.00000
     1.00000    16.1605   -7.59879    3.38110    1.00000    1.00000
     1.00000  -0.619701    10.8470    9.03920    1.00000    1.00000
     1.00000    27.2426    1.47355    7.90676    1.00000    1.00000
     1.00000   -5.92319    9.04014    1.51325    1.00000    1.00000
     1.00000   -10.6786   -14.5709    1.04572    1.00000    1.00000
     1.00000   -3.58300   -2.97567  -0.823109    1.00000    1.00000
     1.00000    4.49600E-02    2.78149    3.19159    1.00000    1.00000
     1.00000   -9.13191   -3.01185   -21.0193    1.00000    1.00000
     1.00000    3.48642   -9.39194   -5.58892    1.00000    1.00000
     1.00000   -13.1024    5.75256    14.8391    1.00000    1.00000
     1.00000    15.0403   -1.20117    5.50222    1.00000    1.00000
     1.00000   -8.63541    5.32965   -3.78600    1.00000    1.00000
     1.00000   -3.34649   -7.36732   -5.08609    1.00000    1.00000
     1.00000   -11.3971   -1.92158  -0.578598    1.00000    1.00000
     1.00000    12.6077   -1.25208   -1.10787    1.00000    1.00000
     1.00000   -11.5306   -2.02381   -15.3405    1.00000    1.00000
     1.00000    14.9084  -10.31311   -3.81099    1.00000    1.00000
     1.00000   -3.86944    3.52440   10.39406    1.00000    1.00000
     1.00000    24.2655    1.45525    12.7379    1.00000    1.00000
     1.00000  -0.337955    9.50866   -3.24163    1.00000    1.00000
     1.00000   -16.1109   -5.09450    3.76715    1.00000    1.00000
     1.00000   -2.42990   -2.50351    3.03210    1.00000    1.00000
     1.00000    6.38998    1.97152    6.21144    1.00000    1.00000
     1.00000   -5.37157   0.618008   -25.3996    1.00000    1.00000
     1.00000    9.82206   -5.40999   -6.15015    1.00000    1.00000
     1.00000   -11.7906    7.59554    18.9157    1.00000    1.00000
     1.00000    21.5408  -0.131439    9.13949    1.00000    1.00000
     1.00000   -15.2218    1.85699   -9.29911    1.00000    1.00000
     1.00000   -5.63623   -9.81402   -3.85423    1.00000    1.00000
     1.00000   -5.50338   -2.43932  -0.666637    1.00000    1.00000
     1.00000   10.17163    2.46289    5.16519    1.00000    1.00000
     1.00000   -11.2423    1.93519   -10.8624    1.00000    1.00000
     1.00000    14.5081   -7.07720    2.38237    1.00000    1.00000
     1.00000   -5.54445    13.5184    11.3366    1.00000    1.00000
     1.00000    29.2769  -0.353207    6.76622    1.00000    1.00000
     1.00000   -2.25242    9.89619   -1.86944    1.00000    1.00000
     1.00000   -17.6049   -15.6425    3.22053    1.00000    1.00000
     1.00000    1.06968   -3.63165    5.14793    1.00000    1.00000
     1.00000   0.777534    4.24751    1.60518    1.00000    1.00000
     1.00000   -13.3847   -3.15766   -17.7664    1.00000    1.00000
     1.00000    2.38427   -5.69497   -5.37419    1.00000    1.00000
     1.00000   -12.0593    4.92587    13.3463    1.00000    1.00000
     1.00000    16.1753    1.64700    6.38424    1.00000    1.00000
     1.00000   -6.61743    8.20445   -5.66822    1.00000    1.00000
     1.00000   0.900772   -6.64381   0.477680    1.00000    1.00000
     1.00000   -7.25860    3.64227E-02   -3.06918    1.00000    1.00000
     1.00000    13.8079   -4.62889  -0.308899    1.00000    1.00000
     1.00000   -12.2540    2.92125   -12.8879    1.00000    1.00000
     1.00000    14.8210   -7.79880   -7.18026    1.00000    1.00000
     1.00000   -6.30748    6.28664    11.0643    1.00000    1.00000
     1.00000    26.9361    2.43284   10.48969    1.00000    1.00000
     1.00000   0.537060    8.62684   -6.81054    1.00000    1.00000
     1.00000   -13.0720   -9.21319    2.27099    1.00000    1.00000
     1.00000   -5.24706   -2.05661    5.54990    1.00000    1.00000
     1.00000    5.07178   -1.20045    4.81899    1.00000    1.00000
     1.00000   -9.56272    1.71235   -24.8294    1.00000    1.00000
     1.00000    7.48491   -2.22177   -9.03004    1.00000    1.00000
     1.00000  -10.04393    11.7789    19.6241    1.00000    1.00000
     1.00000    20.5169    1.19894    6.53185    1.00000    1.00000
     1.00000   -15.2673    3.43053   -6.66159    1.00000    1.00000
     1.00000   -11.1789   -10.8876  -0.553822    1.00000    1.00000
     1.00000   -5.00847   -7.18973   0.421295    1.00000    1.00000
     1.00000    12.1785   -1.07700    1.93489    1.00000    1.00000
     1.00000   -14.6884    8.07615   -6.16333    1.00000    1.00000
     1.00000    18.1956   -3.97409    2.66198    1.00000    1.00000
     1.00000   -1.80398    12.4584    9.00914    1.00000    1.00000
     1.00000    30.4587   0.171524    9.69629    1.00000    1.00000
     1.00000   -4.50023   10.57224   0.393276    1.00000    1.00000
     1.00000  -10.53466   -11.1755    1.31756    1.00000    1.00000
     1.00000  -0.999432   -1.74338    1.85908    1.00000    1.00000
     1.00000   -3.73549    2.62507    4.79624    1.00000    1.00000
     1.00000   -8.01726   -1.49494   -21.6950    1.00000    1.00000
     1.00000    3.44995   -7.35815   -5.06092    1.00000    1.00000
     1.00000   -11.8851    7.07342    15.7186    1.00000    1.00000
     1.00000    11.8588  -0.172813    4.64362    1.00000    1.00000
     1.00000   -9.92250    4.99375   -5.27950    1.00000    1.00000
     1.00000   -1.54900   -6.53853   -4.79948    1.00000    1.00000
     1.00000   -9.07665  -0.537315   -2.46457    1.00000    1.00000
     1.00000    13.8418   -2.82460   -1.17110    1.00000    1.00000
     1.00000   -15.2403  -0.351440   -13.8450    1.00000    1.00000
     1.00000    11.5914   -6.02937   -5.45308    1.00000    1.00000
     1.00000   -4.84055    6.79198    12.3264    1.00000    1.00000
     1.00000    24.1278   0.455723    11.0110    1.00000    1.00000
     1.00000   0.577927    6.16858   -4.57772    1.00000    1.00000
     1.00000   -16.0268   -7.89994    3.28613    1.00000    1.00000
     1.00000   -3.69371   -3.72900    3.98128    1.00000    1.00000
     1.00000    7.04037    4.03796    5.77841    1.00000    1.00000
     1.00000   -6.74422   -1.10369   -24.4367    1.00000    1.00000
     1.00000    7.77654   -5.41120   -9.23799    1.00000    1.00000
     1.00000   -13.7037    8.94683    21.4662    1.00000    1.00000
     1.00000    23.3113    1.03330    6.93334    1.00000    1.00000
     1.00000   -15.7022  -0.367935   -9.66233    1.00000    1.00000
     1.00000   -7.23395   -8.61282   -1.58288    1.00000    1.00000
     1.00000   -7.20277   -2.88874   -2.62060    1.00000    1.00000
     1.00000    12.0114    2.26349    2.38712    1.00000    1.00000
     1.00000   -13.1971    4.66156   -9.37772    1.00000    1.00000
     1.00000    14.4165   -9.08965  -0.742374    1.00000    1.00000
     1.00000   -4.88845    10.6569    10.9064    1.00000    1.00000
     1.00000    24.5045   -2.98816    6.66227    1.00000    1.00000
     1.00000   -4.19994   10.22342   -1.55304    1.00000    1.00000
     1.00000   -13.8865   -12.8947    2.64017    1.00000    1.00000
     1.00000    1.84426   -1.81956    4.80684    1.00000    1.00000
