     1.00000    2.94014    7.18237    1.52705    1.00000    1.00000
     1.00000    11.5735   -8.29006   -2.41646    1.00000    1.00000
     1.00000   -5.23533    9.92381   -11.4902    1.00000    1.00000
     1.00000   -8.39330    6.71526    25.8204    1.00000    1.00000
     1.00000    7.50415   -7.86219   -4.34303E-02    1.00000    1.00000
     1.00000  -0.132175   -7.86722    1.79887    1.00000    1.00000
     1.00000   -9.24260    4.64258   -8.85010E-03    1.00000    1.00000
     1.00000    2.27122   -7.43864    7.50333    1.00000    1.00000
     1.00000   0.813953    3.90737   0.817406    1.00000    1.00000
     1.00000    22.1075   -14.2967   -15.6817    1.00000    1.00000
     1.00000   -12.4828    13.1423   -5.78333    1.00000    1.00000
     1.00000   -6.55025   0.785868    19.6840    1.00000    1.00000
     1.00000    1.45790    6.96718   -9.80736    1.00000    1.00000
     1.00000   -2.32992   -14.2177   -9.99496    1.00000    1.00000
     1.00000   -8.62307    5.25525   -13.1076    1.00000    1.00000
     1.00000   -2.20897  -0.403090    16.1100    1.00000    1.00000
     1.00000    4.68986    9.63307   -3.62412    1.00000    1.00000
     1.00000    18.8486   -8.15152   -9.62695    1.00000    1.00000
     1.00000   0.723454    9.21499   -20.2760    1.00000    1.00000
     1.00000   -5.41147    4.00439    25.2056    1.00000    1.00000
     1.00000    5.26923   -1.48407   -1.12886    1.00000    1.00000
     1.00000   -3.84065   -13.7416    2.54565    1.00000    1.00000
     1.00000   -16.0268   -6.62986   -9.56275    1.00000    1.00000
     1.00000    3.30138   -2.89796    12.2623    1.00000    1.00000
     1.00000   0.533062    1.72598    5.32322    1.00000    1.00000
     1.00000    22.6924   -13.1036   -14.1869    1.00000    1.00000
     1.00000   -16.7687    15.0215   -6.35114    1.00000    1.00000
     1.00000   -4.60200   0.204256    17.3074    1.00000    1.00000
     1.00000    2.81061    8.55126   -16.1057    1.00000    1.00000
     1.00000  -0.924290   -14.6362   -3.35966    1.00000    1.00000
     1.00000   -11.0500    8.96862   -6.20879    1.00000    1.00000
     1.00000    8.88939  -0.650068    20.8349    1.00000    1.00000
     1.00000  -0.655209   10.50295    3.50407    1.00000    1.00000
     1.00000    7.31357   -8.31980   -3.22687    1.00000    1.00000
     1.00000   -4.93884   10.51710   -13.3770    1.00000    1.00000
     1.00000   -8.02909   -4.65202E-03    27.4063    1.00000    1.00000
     1.00000    5.06466   -2.07112    4.09221    1.00000    1.00000
     1.00000   0.629765   -9.10536  -0.731403    1.00000    1.00000
     1.00000   -8.42234   -3.01665   -1.52222    1.00000    1.00000
     1.00000    3.76275   -7.41897    10.6416    1.00000    1.00000
     1.00000  -0.841343    7.19211    2.30939    1.00000    1.00000
     1.00000    22.0257   -17.1402   -13.9442    1.00000    1.00000
     1.00000   -7.81197    10.8861  -10.49049    1.00000    1.00000
     1.00000   -2.48259   0.620043    23.7605    1.00000    1.00000
     1.00000    1.30694    5.09048   -9.13267    1.00000    1.00000
     1.00000   -1.42135   -15.9598   -7.40081    1.00000    1.00000
     1.00000   -5.57771    5.44463  -10.19107    1.00000    1.00000
     1.00000    3.30130  -0.715010    15.8710    1.00000    1.00000
     1.00000    1.48374    10.5786   -1.98419    1.00000    1.00000
     1.00000    14.6110   -7.14697   -6.13007    1.00000    1.00000
     1.00000    4.65851E-02    9.59325   -16.4786    1.00000    1.00000
     1.00000   -4.03661    2.83868    24.3391    1.00000    1.00000
     1.00000    3.44152    3.09157   -6.39162    1.00000    1.00000
     1.00000    1.18497   -9.01893    6.20013    1.00000    1.00000
     1.00000   -12.4666  -0.136032   -8.42841    1.00000    1.00000
     1.00000    3.99409   -4.72539    9.08163    1.00000    1.00000
     1.00000    2.33469  -0.929300    4.50642    1.00000    1.00000
     1.00000    17.9681   -14.7604   -12.3567    1.00000    1.00000
     1.00000   -18.5222    16.4848   -6.24728    1.00000    1.00000
     1.00000   -9.61132    2.50405    10.7471    1.00000    1.00000
     1.00000    2.99429    12.9825   -14.0165    1.00000    1.00000
     1.00000   -2.70908   -15.3462    2.92593    1.00000    1.00000
     1.00000  -10.44585    4.13182   -7.20669    1.00000    1.00000
     1.00000    2.77428    1.03751    16.6777    1.00000    1.00000
     1.00000   0.728165    9.41234    2.55706    1.00000    1.00000
     1.00000    9.93092   -9.35822   0.973656    1.00000    1.00000
     1.00000   -8.44354    7.67903   -11.3132    1.00000    1.00000
     1.00000   -7.45503    8.87689    25.9269    1.00000    1.00000
     1.00000    6.40835   -2.93547  -0.356945    1.00000    1.00000
     1.00000   -2.14524   -11.3246  -0.270000    1.00000    1.00000
     1.00000   -10.7483    1.98871   -3.55817    1.00000    1.00000
     1.00000    5.21413   -10.8574    5.90531    1.00000    1.00000
     1.00000   0.855549    6.34280    1.13699    1.00000    1.00000
     1.00000    18.5909   -13.7653   -17.0474    1.00000    1.00000
     1.00000   -13.3805    10.8189   -7.11049    1.00000    1.00000
     1.00000   -4.30282    1.80486    20.9367    1.00000    1.00000
     1.00000    3.70269    7.94184   -12.8715    1.00000    1.00000
     1.00000   -1.40030   -16.0297   -13.3063    1.00000    1.00000
     1.00000   -6.81726    3.87997  -10.06707    1.00000    1.00000
     1.00000   -1.95910   -2.38590    16.0326    1.00000    1.00000
     1.00000    4.70730    11.7331   -1.94956    1.00000    1.00000
     1.00000    18.9189  -10.00129  -10.38419    1.00000    1.00000
     1.00000    1.58548    11.2151   -19.5423    1.00000    1.00000
     1.00000   -3.81226    1.40979    27.6104    1.00000    1.00000
     1.00000    5.29483    1.53371   -3.19974    1.00000    1.00000
     1.00000    9.06792E-02   -11.1705    4.27990    1.00000    1.00000
     1.00000   -16.5848   -3.18900   -8.92555    1.00000    1.00000
     1.00000    1.89508   -2.03351    11.1331    1.00000    1.00000
     1.00000   0.145859    3.30801    4.16251    1.00000    1.00000
     1.00000    20.7484   -12.4413   -11.1218    1.00000    1.00000
     1.00000   -14.0481    14.3538   -6.06984    1.00000    1.00000
     1.00000   -7.40471    1.47917    13.6835    1.00000    1.00000
     1.00000    4.99794    7.89993   -14.9722    1.00000    1.00000
     1.00000   -1.24346   -13.4721   -4.95433    1.00000    1.00000
     1.00000  -10.18156    3.64851   -4.51929    1.00000    1.00000
     1.00000    6.87458   0.206907    17.7062    1.00000    1.00000
     1.00000   -2.24443    9.98911    1.00494    1.00000    1.00000
     1.00000    5.42422   -9.95283  -0.375572    1.00000    1.00000
     1.00000   -4.22377    8.04515   -15.9664    1.00000    1.00000
     1.00000   -7.85259    4.79019    25.8622    1.00000    1.00000
     1.00000    6.13272   -5.14477    2.11686    1.00000    1.00000
     1.00000    2.50502   -7.21996  -0.854965    1.00000    1.00000
     1.00000   -9.97658   -1.05676   -2.54914    1.00000    1.00000
     1.00000    5.92498   -7.27467    8.79927    1.00000    1.00000
     1.00000   -4.43990    6.38567    2.71734    1.00000    1.00000
     1.00000    20.9717   -15.6169   -14.6984    1.00000    1.00000
     1.00000  -10.48355   10.17841   -8.93623    1.00000    1.00000
     1.00000   0.264065    3.39917    23.3799    1.00000    1.00000
     1.00000    1.73195    2.13356   -6.79111    1.00000    1.00000
     1.00000    5.31349E-02   -14.6526   -7.74275    1.00000    1.00000
     1.00000   -1.26191    8.13441   -12.1529    1.00000    1.00000
     1.00000   0.747696   -1.44465    13.6580    1.00000    1.00000
     1.00000   0.698959    9.45647  -0.197590    1.00000    1.00000
     1.00000    13.3950   -8.51111   -3.21225    1.00000    1.00000
     1.00000   -1.77322   10.23691   -15.9551    1.00000    1.00000
     1.00000   -4.64743    3.06811    22.4485    1.00000    1.00000
     1.00000    4.09152    4.92212   -5.91562    1.00000    1.00000
     1.00000   0.468914   -7.21078    6.66689    1.00000    1.00000
     1.00000   -11.9290    1.99846   -5.17247    1.00000    1.00000
     1.00000    1.64853   -6.48547    9.27879    1.00000    1.00000
     1.00000    3.58605  -0.201387    3.12649    1.00000    1.00000
     1.00000    18.8342   -17.9806   -13.7690    1.00000    1.00000
     1.00000   -20.1961    18.0119   -7.51600    1.00000    1.00000
     1.00000   -9.11489    3.49076    9.07976    1.00000    1.00000
     1.00000    4.18466    9.82880   -12.4164    1.00000    1.00000
     1.00000  -0.867039   -13.1798  -0.443233    1.00000    1.00000
     1.00000   -6.99870    5.53377   -6.55883    1.00000    1.00000
     1.00000    5.48062    3.03825    18.2142    1.00000    1.00000
     1.00000    2.38179    9.04863    1.07393    1.00000    1.00000
     1.00000    9.63065   -7.81684   -2.45383    1.00000    1.00000
     1.00000   -6.97898    9.02451   -11.1017    1.00000    1.00000
     1.00000   -6.44625    7.15027    25.9610    1.00000    1.00000
     1.00000    6.92482   -6.02884   0.507206    1.00000    1.00000
     1.00000  -0.253941   -9.68217   0.967522    1.00000    1.00000
     1.00000  -10.13699    2.87565  -0.288101    1.00000    1.00000
     1.00000    4.14100   -7.83673    8.09110    1.00000    1.00000
     1.00000   -8.49266E-02    4.43287    2.52500    1.00000    1.00000
     1.00000    20.5805   -13.9222   -16.9179    1.00000    1.00000
     1.00000   -12.4716    13.1324   -7.78328    1.00000    1.00000
     1.00000   -4.60263   0.753786    19.2304    1.00000    1.00000
     1.00000   0.392223    8.13070   -8.57831    1.00000    1.00000
     1.00000   -1.87668   -12.8469   -11.3790    1.00000    1.00000
     1.00000   -7.07279    5.55355   -11.8797    1.00000    1.00000
     1.00000   -2.70407   0.689058    17.7107    1.00000    1.00000
     1.00000    4.68735    9.75920   -1.62811    1.00000    1.00000
     1.00000    17.7290   -8.44080   -7.99514    1.00000    1.00000
     1.00000    2.11490   10.24455   -21.2779    1.00000    1.00000
     1.00000   -4.55980    3.04936    26.7426    1.00000    1.00000
     1.00000    5.51184  -0.414104   -2.80108    1.00000    1.00000
     1.00000   -2.52965   -12.2449    2.74860    1.00000    1.00000
     1.00000   -16.9409   -4.88723   -9.92014    1.00000    1.00000
     1.00000    3.60170   -4.43752    11.0215    1.00000    1.00000
     1.00000    1.93180   0.986979    4.09953    1.00000    1.00000
     1.00000    21.7660   -13.5198   -12.4639    1.00000    1.00000
     1.00000   -16.6540    16.8962   -5.66374    1.00000    1.00000
     1.00000   -5.67492    1.81782    16.8121    1.00000    1.00000
     1.00000    1.43888    7.09803   -16.1863    1.00000    1.00000
     1.00000   -2.18016   -15.6164   -2.15049    1.00000    1.00000
     1.00000   -10.8439    7.47153   -4.89874    1.00000    1.00000
     1.00000    7.84023   0.743410    21.8134    1.00000    1.00000
     1.00000   -1.64104    8.99649    2.63301    1.00000    1.00000
     1.00000    8.88198   -7.70532   -4.30506    1.00000    1.00000
     1.00000   -4.60855    9.86836   -15.2398    1.00000    1.00000
     1.00000   -7.63250    1.29876    25.9421    1.00000    1.00000
     1.00000    6.34348   -1.95278    2.55904    1.00000    1.00000
     1.00000    2.62679   -9.21038  -0.701939    1.00000    1.00000
     1.00000   -7.99846   -1.35178   -2.54621    1.00000    1.00000
     1.00000    5.63710   -8.11487    10.5912    1.00000    1.00000
     1.00000   -2.55389    6.77728    3.25549    1.00000    1.00000
     1.00000    22.4064   -18.3116   -15.5199    1.00000    1.00000
     1.00000   -7.02673    12.6507   -9.97126    1.00000    1.00000
     1.00000   -2.88523   0.691141    21.8027    1.00000    1.00000
     1.00000    1.51519    3.14761   -9.55919    1.00000    1.00000
     1.00000   -2.81214   -16.0400   -8.83583    1.00000    1.00000
     1.00000   -4.85246    7.17709   -10.8785    1.00000    1.00000
     1.00000    1.71022   -1.86954    15.5028    1.00000    1.00000
     1.00000    3.02768    11.3147  -0.947647    1.00000    1.00000
     1.00000    16.1510   -7.37367   -7.38586    1.00000    1.00000
     1.00000  -0.313747    7.84465   -15.5771    1.00000    1.00000
     1.00000   -4.82019   0.998629    24.3532    1.00000    1.00000
     1.00000    3.84627    2.40948   -4.55561    1.00000    1.00000
     1.00000    1.23856   -9.53272    4.26800    1.00000    1.00000
     1.00000   -13.6880   -1.57449   -9.09099    1.00000    1.00000
     1.00000    2.29182   -4.02723    8.29750    1.00000    1.00000
     1.00000   0.411716  -0.772425    5.03328    1.00000    1.00000
     1.00000    19.8442   -14.0677   -12.3838    1.00000    1.00000
     1.00000   -18.2456    18.2511   -7.14387    1.00000    1.00000
     1.00000   -8.86615    1.51667    12.3186    1.00000    1.00000
     1.00000    3.17244    11.0223   -13.6618    1.00000    1.00000
     1.00000   -2.01288   -14.9545    1.09238    1.00000    1.00000
     1.00000   -8.97660    5.25802   -6.44976    1.00000    1.00000
     1.00000    3.33350   0.225100    18.4176    1.00000    1.00000
     1.00000    1.33110    10.7462    1.19420    1.00000    1.00000
     1.00000    9.44490   -8.07221  -0.478912    1.00000    1.00000
     1.00000   -7.79748    7.64335   -9.42075    1.00000    1.00000
     1.00000   -7.40243    8.54677    27.8988    1.00000    1.00000
     1.00000    7.80886   -4.27135   0.147034    1.00000    1.00000
     1.00000   -1.80680   -10.7612    1.61893    1.00000    1.00000
     1.00000   -9.52321    1.99827   -1.97733    1.00000    1.00000
     1.00000    5.04857   -9.08704    6.82104    1.00000    1.00000
     1.00000   0.680649    6.18117    3.12276    1.00000    1.00000
     1.00000    17.2339   -12.4851   -17.7680    1.00000    1.00000
     1.00000   -11.5547    11.3559   -7.72533    1.00000    1.00000
     1.00000   -4.93173   -9.21650E-02    21.0125    1.00000    1.00000
     1.00000    2.42447    7.15818   -11.5478    1.00000    1.00000
     1.00000   -2.29275   -15.3206   -11.6629    1.00000    1.00000
     1.00000   -7.57300    5.72806   -9.95113    1.00000    1.00000
     1.00000  -0.110310   -1.67427    16.3075    1.00000    1.00000
     1.00000    5.62268    11.8876   -3.72107    1.00000    1.00000
     1.00000    17.7999   -9.22806   -11.8505    1.00000    1.00000
     1.00000   0.467365    9.97340   -18.4432    1.00000    1.00000
     1.00000   -2.38457   0.650858    28.7876    1.00000    1.00000
     1.00000    3.32309    1.26254   -3.00294    1.00000    1.00000
     1.00000   -1.84969   -11.5951    4.51367    1.00000    1.00000
     1.00000   -15.6812   -1.41766   -9.13986    1.00000    1.00000
     1.00000    2.34160  -0.637709    9.77213    1.00000    1.00000
     1.00000   -1.36338    2.31791    3.30119    1.00000    1.00000
     1.00000    20.6841   -10.8296   -9.93929    1.00000    1.00000
     1.00000   -14.8236    16.1069   -5.49971    1.00000    1.00000
     1.00000   -7.27233    1.96861    15.6181    1.00000    1.00000
     1.00000    4.66954    8.52607   -16.8430    1.00000    1.00000
     1.00000   -2.28118   -14.8320   -5.99059    1.00000    1.00000
     1.00000  -10.08491    5.62259   -4.82535    1.00000    1.00000
     1.00000    7.68639   0.275736    19.5327    1.00000    1.00000
     1.00000   -2.55819    11.8020    1.78910    1.00000    1.00000
     1.00000    6.06284   -8.58660   -1.68918    1.00000    1.00000
     1.00000   -2.27658    7.59854   -15.8716    1.00000    1.00000
     1.00000   -7.17357    3.06241    25.1181    1.00000    1.00000
     1.00000    5.10377   -3.51881    2.66231    1.00000    1.00000
     1.00000    4.14518   -8.01891   -1.67448    1.00000    1.00000
     1.00000   -11.2502   0.472862   -2.35389    1.00000    1.00000
     1.00000    5.95057   -5.27523    8.83905    1.00000    1.00000
     1.00000   -5.64445    4.79762    2.55251    1.00000    1.00000
     1.00000    21.5078   -16.2409   -16.5214    1.00000    1.00000
     1.00000   -8.78230    9.37343   -9.61281    1.00000    1.00000
     1.00000  -0.900013    1.77307    23.3531    1.00000    1.00000
     1.00000    1.73959    3.99833   -7.51402    1.00000    1.00000
     1.00000  -0.384571   -14.0033   -9.58308    1.00000    1.00000
     1.00000   -3.00962    7.30523   -11.6450    1.00000    1.00000
     1.00000    2.72252   -1.73520    13.7831    1.00000    1.00000
     1.00000    2.33240    8.93375   -1.22649    1.00000    1.00000
     1.00000    13.7160   -6.90365   -4.35812    1.00000    1.00000
     1.00000   -1.43840   10.29081   -17.9261    1.00000    1.00000
     1.00000   -6.44037    3.01275    21.5640    1.00000    1.00000
     1.00000    5.14326    3.94937   -7.31118    1.00000    1.00000
     1.00000  -0.261189   -8.05281    5.00619    1.00000    1.00000
     1.00000   -12.4698   0.741844   -6.63138    1.00000    1.00000
     1.00000    1.41532   -5.63112    7.48555    1.00000    1.00000
     1.00000    4.66224  -0.248880    4.81158    1.00000    1.00000
     1.00000    19.1051   -16.3895   -12.5879    1.00000    1.00000
     1.00000   -21.1237    16.8818   -6.15132    1.00000    1.00000
     1.00000   -10.7113    4.25367    8.14733    1.00000    1.00000
     1.00000    5.60782    8.68931   -13.2387    1.00000    1.00000
     1.00000   -2.52368   -14.2669  -0.714893    1.00000    1.00000
     1.00000   -7.15116    4.32708   -8.14648    1.00000    1.00000
     1.00000    5.11993    1.07334    18.1191    1.00000    1.00000
