     1.00000    13.2773   0.984043    4.74509    1.00000    1.00000
     1.00000    2.25259    3.74333   -10.7975    1.00000    1.00000
     1.00000  -10.40606    1.97751    3.93850    1.00000    1.00000
     1.00000   -9.05137    8.91937   -3.27878    1.00000    1.00000
     1.00000    19.3709    4.60359    8.86925    1.00000    1.00000
     1.00000   -2.42314   -8.93296   -6.22099    1.00000    1.00000
     1.00000    9.88894   -18.7222    6.34343    1.00000    1.00000
     1.00000  -0.945526    4.56247   -5.84784    1.00000    1.00000
     1.00000   10.55693  -0.786846    6.70124    1.00000    1.00000
     1.00000  -0.409096    2.18117   -1.52255    1.00000    1.00000
     1.00000   -4.24227   -14.3789    13.5067    1.00000    1.00000
     1.00000   -3.19431    13.7239   -11.7517    1.00000    1.00000
     1.00000    1.08822   -6.53224    2.38829    1.00000    1.00000
     1.00000   0.323029   -7.34272   -4.34241    1.00000    1.00000
     1.00000  -0.591171  -10.45517    8.87294    1.00000    1.00000
     1.00000    2.13884    7.88719   -13.5393    1.00000    1.00000
     1.00000    18.0262    1.99014  -0.851337    1.00000    1.00000
     1.00000    4.33127    7.24198   -14.1739    1.00000    1.00000
     1.00000   -14.9216   -7.21758    5.93735    1.00000    1.00000
     1.00000   -8.73822    15.2713   -6.88412    1.00000    1.00000
     1.00000   10.38662    1.42378    11.8001    1.00000    1.00000
     1.00000   -2.14080   -7.27073   -14.6171    1.00000    1.00000
     1.00000   -2.83061   -11.2736    13.4728    1.00000    1.00000
     1.00000   -10.9293    8.25341   -7.59237    1.00000    1.00000
     1.00000    6.45701   -1.14741    5.74442    1.00000    1.00000
     1.00000   -2.79697  -0.560768   -5.31358    1.00000    1.00000
     1.00000   -7.77901   -9.62486    13.9262    1.00000    1.00000
     1.00000   -4.43410    16.5992   -6.09722    1.00000    1.00000
     1.00000    6.43953   -5.41689    12.6128    1.00000    1.00000
     1.00000   -2.32800   -2.48557   -5.03932    1.00000    1.00000
     1.00000   -5.61808   -10.8290    4.61586    1.00000    1.00000
     1.00000   -3.60777    9.74930   -11.9136    1.00000    1.00000
     1.00000    11.6338   0.932964    5.88368    1.00000    1.00000
     1.00000    2.98466    3.94008   -13.2072    1.00000    1.00000
     1.00000   -12.1214  -0.599236    6.65738    1.00000    1.00000
     1.00000   -10.8621    12.0592   -2.27704    1.00000    1.00000
     1.00000    12.6420    2.12482    11.7768    1.00000    1.00000
     1.00000   -4.99879   -8.07613   -3.62658    1.00000    1.00000
     1.00000    7.74165   -12.5545    7.60700    1.00000    1.00000
     1.00000   -6.08203    5.64355   -6.21252    1.00000    1.00000
     1.00000    10.6664   -4.06881    6.13018    1.00000    1.00000
     1.00000   -3.07365    3.04262   -3.00188    1.00000    1.00000
     1.00000   -6.78566   -6.71009    13.5855    1.00000    1.00000
     1.00000   -3.26355    16.4919   -13.5977    1.00000    1.00000
     1.00000    1.02405   -5.74307    9.02050    1.00000    1.00000
     1.00000  -0.723364   -7.68865  -0.806854    1.00000    1.00000
     1.00000  -0.795746   -7.88165    7.72452    1.00000    1.00000
     1.00000    1.80433    8.14747   -8.22295    1.00000    1.00000
     1.00000    17.8272    4.82146    1.64053    1.00000    1.00000
     1.00000  -0.755856   10.09963   -15.9738    1.00000    1.00000
     1.00000   -13.6162   -4.20966    4.97364    1.00000    1.00000
     1.00000   -7.99069    16.9143   -4.65801    1.00000    1.00000
     1.00000    4.77900   -1.57693    11.8357    1.00000    1.00000
     1.00000   -1.79920   -7.75699   -12.1769    1.00000    1.00000
     1.00000   0.197182   -15.2227    7.81859    1.00000    1.00000
     1.00000   -7.83131    2.67831   -6.55111    1.00000    1.00000
     1.00000    8.30088  -0.517879    6.19590    1.00000    1.00000
     1.00000    2.89778    2.36782   -7.68691    1.00000    1.00000
     1.00000   -9.43882   -6.18764    11.5320    1.00000    1.00000
     1.00000   -1.70585    19.0673   -6.97176    1.00000    1.00000
     1.00000   0.643871   -3.96914    12.8247    1.00000    1.00000
     1.00000   -4.24273   -4.45463   -3.76780    1.00000    1.00000
     1.00000   -2.63271   -9.27668    2.51739    1.00000    1.00000
     1.00000   -1.12877    7.10281   -8.86315    1.00000    1.00000
     1.00000    14.8500    2.00309    1.49448    1.00000    1.00000
     1.00000    3.18271    2.38111   -9.66646    1.00000    1.00000
     1.00000  -10.27504    1.12965    2.13186    1.00000    1.00000
     1.00000   -6.56415    9.45889   -4.28865    1.00000    1.00000
     1.00000    17.3264    3.07927    11.0027    1.00000    1.00000
     1.00000   -8.67558E-02   -9.06016   -7.83265    1.00000    1.00000
     1.00000    8.95655   -15.6925    8.70947    1.00000    1.00000
     1.00000   -2.61027    5.57855   -4.26112    1.00000    1.00000
     1.00000    12.8487   -2.03779    8.09798    1.00000    1.00000
     1.00000   0.610359    5.42686   -2.61926    1.00000    1.00000
     1.00000   -4.67504   -8.65415    14.4070    1.00000    1.00000
     1.00000   -3.80860    13.9566   -9.86265    1.00000    1.00000
     1.00000    1.67952   -8.11320    3.46109    1.00000    1.00000
     1.00000   -3.83166   -7.88298   -1.74492    1.00000    1.00000
     1.00000   -3.78892   -9.12668    8.98003    1.00000    1.00000
     1.00000    3.14395    9.22237   -11.4936    1.00000    1.00000
     1.00000    17.3453  -0.640533   -2.84314    1.00000    1.00000
     1.00000    1.42278    8.06074   -15.5536    1.00000    1.00000
     1.00000   -14.0184   -5.99344    3.00830    1.00000    1.00000
     1.00000  -10.12632    16.7939   -7.70904    1.00000    1.00000
     1.00000    11.2267    2.65556   10.46710    1.00000    1.00000
     1.00000   -2.38473   -6.15482   -16.2588    1.00000    1.00000
     1.00000   0.236385   -12.2041    9.43174    1.00000    1.00000
     1.00000   -9.62469    6.94632   -5.17547    1.00000    1.00000
     1.00000    4.97472   -4.43442    3.82194    1.00000    1.00000
     1.00000   -3.46843    1.33127   -2.04509    1.00000    1.00000
     1.00000   -10.7741   -9.38964    13.2270    1.00000    1.00000
     1.00000  -0.766720    16.1412   -6.61562    1.00000    1.00000
     1.00000    4.63702   -3.21300    10.6942    1.00000    1.00000
     1.00000    1.61728   -6.59324   -5.67025    1.00000    1.00000
     1.00000   -3.15213   -9.74538    6.37343    1.00000    1.00000
     1.00000   -1.78550    11.4602   -12.5321    1.00000    1.00000
     1.00000    11.2643   -1.12732    2.58689    1.00000    1.00000
     1.00000    3.54908    2.61466   -11.8199    1.00000    1.00000
     1.00000   -14.4655   -2.58853    5.78028    1.00000    1.00000
     1.00000   -9.41689    12.2054   -3.82355    1.00000    1.00000
     1.00000    16.1716    3.70932    12.5092    1.00000    1.00000
     1.00000   -5.93213   -7.19308   -5.15926    1.00000    1.00000
     1.00000    4.00061   -13.5911    7.73437    1.00000    1.00000
     1.00000   -4.64762    5.02621   -8.27699    1.00000    1.00000
     1.00000    10.6502   -4.47784    8.08784    1.00000    1.00000
     1.00000   -3.04866    5.52672   -1.29184    1.00000    1.00000
     1.00000   -8.70231   -6.48744    14.8375    1.00000    1.00000
     1.00000   -5.23423    15.6634   -12.7645    1.00000    1.00000
     1.00000   0.591362   -7.50668    5.80026    1.00000    1.00000
     1.00000   0.907589   -7.08727   0.475208    1.00000    1.00000
     1.00000    3.93015   -8.98485    5.55669    1.00000    1.00000
     1.00000    2.74478    9.60953   -9.21186    1.00000    1.00000
     1.00000    19.9268    4.38915   -2.51312E-02    1.00000    1.00000
     1.00000   -2.31291    8.99775   -16.5750    1.00000    1.00000
     1.00000   -9.98895   -4.08748    5.24671    1.00000    1.00000
     1.00000   -9.05685    14.1262   -4.24864    1.00000    1.00000
     1.00000    6.62614  -0.484421    14.9370    1.00000    1.00000
     1.00000   -1.31429   -9.05737   -9.41162    1.00000    1.00000
     1.00000    1.65105   -13.3310    7.84613    1.00000    1.00000
     1.00000   -7.43476    4.34435   -5.51812    1.00000    1.00000
     1.00000    8.24762    1.24784    7.96338    1.00000    1.00000
     1.00000   -1.23311  -0.445835   -6.55500    1.00000    1.00000
     1.00000   -8.21050   -5.34414    7.90293    1.00000    1.00000
     1.00000   -2.69643    15.5710  -10.25842    1.00000    1.00000
     1.00000    1.74339   -4.05578    9.81775    1.00000    1.00000
     1.00000   -4.34349   -3.20938   -5.83348    1.00000    1.00000
     1.00000   -4.73163   -9.03655    2.10755    1.00000    1.00000
     1.00000  -0.614208   10.13347   -9.75396    1.00000    1.00000
     1.00000    14.2087  -0.641296    4.04456    1.00000    1.00000
     1.00000   0.742214    4.98005   -11.2326    1.00000    1.00000
     1.00000   -11.2685   0.462898    4.91940    1.00000    1.00000
     1.00000   -8.36044    9.21209   -5.13268    1.00000    1.00000
     1.00000    17.6408    4.69620    9.86839    1.00000    1.00000
     1.00000   -3.56882   -7.83476   -5.00387    1.00000    1.00000
     1.00000    9.68071   -17.0756    7.45940    1.00000    1.00000
     1.00000   0.480808    5.31392   -7.03144    1.00000    1.00000
     1.00000    11.0500   -2.58764    7.41821    1.00000    1.00000
     1.00000   -6.90498E-02    3.57013   -2.92083    1.00000    1.00000
     1.00000   -4.48616   -12.3940    13.5353    1.00000    1.00000
     1.00000   -1.91994    12.5615   -10.7394    1.00000    1.00000
     1.00000   0.468330   -6.23005    4.26563    1.00000    1.00000
     1.00000  -0.664700   -6.48744   -2.82818    1.00000    1.00000
     1.00000    1.04112  -10.18163    7.75009    1.00000    1.00000
     1.00000    3.07832    9.65034   -13.4462    1.00000    1.00000
     1.00000    16.6003    1.83165   0.542152    1.00000    1.00000
     1.00000    3.03041    6.87473   -15.6480    1.00000    1.00000
     1.00000   -16.0274   -6.38388    4.49443    1.00000    1.00000
     1.00000  -10.11138    15.3460   -5.43193    1.00000    1.00000
     1.00000    9.99955    1.97639E-02    13.1709    1.00000    1.00000
     1.00000   -3.51141   -7.60342   -13.1991    1.00000    1.00000
     1.00000   -2.64220   -12.1913    11.7058    1.00000    1.00000
     1.00000   -9.18537    7.42750   -7.06636    1.00000    1.00000
     1.00000    5.63462   -2.87426    6.32895    1.00000    1.00000
     1.00000   -3.78312   0.335361   -6.80503    1.00000    1.00000
     1.00000   -6.31591  -10.49654    12.8776    1.00000    1.00000
     1.00000   -2.67300    16.5679   -7.04461    1.00000    1.00000
     1.00000    5.27180   -5.45693    14.2360    1.00000    1.00000
     1.00000  -0.650160   -3.51663   -4.69040    1.00000    1.00000
     1.00000   -4.82476   -9.18415    5.43146    1.00000    1.00000
     1.00000   -2.35355    10.6129   -10.6170    1.00000    1.00000
     1.00000    12.7243    1.56292    7.43741    1.00000    1.00000
     1.00000    4.02857    5.63585   -13.0212    1.00000    1.00000
     1.00000   -12.9845  -0.562275    4.85358    1.00000    1.00000
     1.00000  -10.30643   10.47428   -3.36300    1.00000    1.00000
     1.00000    14.4304    3.01965    11.8074    1.00000    1.00000
     1.00000   -3.85768   -6.45011   -3.39428    1.00000    1.00000
     1.00000    5.98203   -13.4966    7.47936    1.00000    1.00000
     1.00000   -4.31378    5.78409   -5.28865    1.00000    1.00000
     1.00000    12.6243   -4.19547    6.51815    1.00000    1.00000
     1.00000   -1.75353    4.20381   -2.04850    1.00000    1.00000
     1.00000   -5.77445   -7.20509    15.2385    1.00000    1.00000
     1.00000   -4.83228    17.6025   -13.0447    1.00000    1.00000
     1.00000    1.47518   -5.95824    7.08395    1.00000    1.00000
     1.00000   -1.16334   -9.63927  -0.768021    1.00000    1.00000
     1.00000    1.16949   -7.68761    8.04103    1.00000    1.00000
     1.00000    2.11993    6.24203   -7.70366    1.00000    1.00000
     1.00000    19.7979    4.67736    1.94979    1.00000    1.00000
     1.00000   -1.13797    12.0240   -15.5855    1.00000    1.00000
     1.00000   -11.8181   -3.33422    4.95210    1.00000    1.00000
     1.00000   -6.00467    16.8838   -4.89207    1.00000    1.00000
     1.00000    6.37091   -1.21818    12.9920    1.00000    1.00000
     1.00000   -2.19832   -7.46552  -10.23895    1.00000    1.00000
     1.00000    1.14927   -16.9786    7.91996    1.00000    1.00000
     1.00000   -6.44359    2.09118   -5.23599    1.00000    1.00000
     1.00000    9.08349  -0.567669    8.03575    1.00000    1.00000
     1.00000    2.27459   0.480122   -7.90646    1.00000    1.00000
     1.00000   -9.22200   -7.75036    12.7612    1.00000    1.00000
     1.00000   -1.86420    18.7448   -8.93923    1.00000    1.00000
     1.00000   0.121700   -3.65931    10.9191    1.00000    1.00000
     1.00000   -5.68526   -3.19777   -4.35040    1.00000    1.00000
     1.00000   -2.60200   -8.33804    4.28318    1.00000    1.00000
     1.00000  -0.416416    8.65730   -7.82579    1.00000    1.00000
     1.00000    13.8176   0.745422    2.65745    1.00000    1.00000
     1.00000    1.18479    2.34479   -9.75001    1.00000    1.00000
     1.00000   -9.38447    1.53121   0.386688    1.00000    1.00000
     1.00000   -6.85058    11.0130   -5.51448    1.00000    1.00000
     1.00000    17.5741    1.13382    11.3949    1.00000    1.00000
     1.00000   -1.50240  -10.35950   -7.27798    1.00000    1.00000
     1.00000    8.52346   -14.3656    7.27705    1.00000    1.00000
     1.00000   -2.43549    5.83880   -6.23640    1.00000    1.00000
     1.00000    12.8122  -0.381519    6.97754    1.00000    1.00000
     1.00000  -0.956303    6.35434   -3.44712    1.00000    1.00000
     1.00000   -4.96807   -10.6317    14.3490    1.00000    1.00000
     1.00000   -5.40073    12.7462   -9.86078    1.00000    1.00000
     1.00000    2.58521   -8.12137    1.67792    1.00000    1.00000
     1.00000   -2.29455   -7.63378   -2.99998    1.00000    1.00000
     1.00000   -2.05995   -9.40420    8.01377    1.00000    1.00000
     1.00000    3.29163    7.86808  -10.02935    1.00000    1.00000
     1.00000    17.0980   0.230888   -1.06004    1.00000    1.00000
     1.00000   -1.89724E-02    8.96363   -14.5019    1.00000    1.00000
     1.00000   -15.2275   -4.65795    3.87696    1.00000    1.00000
     1.00000   -10.8554    14.9881   -7.25356    1.00000    1.00000
     1.00000    10.7707   0.916172    9.59158    1.00000    1.00000
     1.00000  -0.778400   -5.48361   -17.2432    1.00000    1.00000
     1.00000   -1.58832   -11.7014   10.07813    1.00000    1.00000
     1.00000   -7.86619    6.11901   -4.70300    1.00000    1.00000
     1.00000    6.53003   -3.48727    4.64893    1.00000    1.00000
     1.00000   -3.62091    1.03672E-01   -3.61663    1.00000    1.00000
     1.00000   -9.00420   -9.69484    12.3470    1.00000    1.00000
     1.00000  -0.280689    18.0002   -6.06059    1.00000    1.00000
     1.00000    4.66936   -4.78762    11.9268    1.00000    1.00000
     1.00000   0.668037   -5.00424   -4.91262    1.00000    1.00000
     1.00000   -3.45117   -11.6627    6.85747    1.00000    1.00000
     1.00000   -3.03742   10.43188   -13.7049    1.00000    1.00000
     1.00000    11.0558  -0.227741    4.36096    1.00000    1.00000
     1.00000    4.87334    3.51159   -10.6191    1.00000    1.00000
     1.00000   -14.0311   -1.07508    7.01346    1.00000    1.00000
     1.00000   -11.2439    11.8574   -4.55896    1.00000    1.00000
     1.00000    15.9559    5.69764    12.5051    1.00000    1.00000
     1.00000   -7.11900   -6.05795   -6.30067    1.00000    1.00000
     1.00000    2.72772   -14.7572    8.74433    1.00000    1.00000
     1.00000   -6.03769    3.96791   -7.30350    1.00000    1.00000
     1.00000    12.5091   -5.04621    8.55822    1.00000    1.00000
     1.00000   -2.49586    7.29096   -2.05463    1.00000    1.00000
     1.00000   -7.54530   -7.49245    16.1226    1.00000    1.00000
     1.00000   -3.73925    14.5502   -13.4896    1.00000    1.00000
     1.00000    2.43390   -6.77681    5.53128    1.00000    1.00000
     1.00000   0.773243   -6.52196   -1.43853    1.00000    1.00000
     1.00000    2.76191   -8.42201    7.07933    1.00000    1.00000
     1.00000    1.18274    10.8577   -9.25754    1.00000    1.00000
     1.00000    18.0584    3.97473  -0.605671    1.00000    1.00000
     1.00000   -2.81737    10.5945   -17.6686    1.00000    1.00000
     1.00000   -8.22859   -4.59636    6.04806    1.00000    1.00000
     1.00000   -9.26434    15.9501   -3.45467    1.00000    1.00000
     1.00000    8.14833  -0.572128    13.6427    1.00000    1.00000
     1.00000   -3.13861   -9.42354   -8.67831    1.00000    1.00000
     1.00000  -0.348621   -13.2991    7.86374    1.00000    1.00000
     1.00000   -5.93077    4.93460   -4.33930    1.00000    1.00000
     1.00000   10.22404    1.13210    7.67987    1.00000    1.00000
     1.00000   0.335300    3.77617E-02   -7.69790    1.00000    1.00000
     1.00000   -9.09589   -6.00493    9.57009    1.00000    1.00000
     1.00000   -1.55481    16.7798   -9.14684    1.00000    1.00000
     1.00000    3.48766   -4.89736   10.31702    1.00000    1.00000
     1.00000   -2.70851   -2.93179   -6.95141    1.00000    1.00000
     1.00000   -4.04475  -10.29376    3.50312    1.00000    1.00000
     1.00000   -1.99131    9.77356   -8.34895    1.00000    1.00000
