     1.00000   -4.00972    21.7177   -11.2958    1.00000    1.00000
     1.00000    15.0751   -10.6165    3.18919    1.00000    1.00000
     1.00000   -4.22206   -1.16340    2.42047    1.00000    1.00000
     1.00000    5.96709   -19.1355    8.75600    1.00000    1.00000
     1.00000   -1.34078    13.6771   -15.6533    1.00000    1.00000
     1.00000    3.63364   -5.20169    9.43172    1.00000    1.00000
     1.00000   -2.27756    2.83008   -8.52940    1.00000    1.00000
     1.00000   0.652912   -7.41230   -2.41027    1.00000    1.00000
     1.00000   -13.9787    31.3799   -11.3935    1.00000    1.00000
     1.00000    8.36246   -11.4509   10.02008    1.00000    1.00000
     1.00000    3.69124    1.44748    2.57404    1.00000    1.00000
     1.00000   -2.49622   -11.3359    3.02122    1.00000    1.00000
     1.00000   -7.58139    4.42089  -10.01403    1.00000    1.00000
     1.00000    2.32488  -0.732700    13.7025    1.00000    1.00000
     1.00000    1.97289    5.87766   -9.00084    1.00000    1.00000
     1.00000   -2.02216   -17.4702   -4.01593    1.00000    1.00000
     1.00000   -7.31370    26.1517   -7.80495    1.00000    1.00000
     1.00000    15.0336   -12.5207    6.10857    1.00000    1.00000
     1.00000   -8.73996    1.27800    8.80084    1.00000    1.00000
     1.00000   0.910828   -15.1947    4.46819    1.00000    1.00000
     1.00000  -0.214302    15.7613   -13.4959    1.00000    1.00000
     1.00000    1.49633   -1.22547    11.9502    1.00000    1.00000
     1.00000   -4.17207    1.67822   -6.23839    1.00000    1.00000
     1.00000    2.18781   -9.24639    4.33784    1.00000    1.00000
     1.00000   -14.0438    27.1246   -7.33626    1.00000    1.00000
     1.00000   10.21016   -15.0959    17.9193    1.00000    1.00000
     1.00000   0.626385   -1.51609    3.98063    1.00000    1.00000
     1.00000   -5.66820   -6.61685   -2.28092    1.00000    1.00000
     1.00000   -1.99992   10.12497   -13.2797    1.00000    1.00000
     1.00000    6.29230    2.23337    16.7173    1.00000    1.00000
     1.00000    3.39895  -0.630392   -4.17445    1.00000    1.00000
     1.00000   -4.37703   -18.2729   -8.00467    1.00000    1.00000
     1.00000   -3.56472    24.7853   -13.1807    1.00000    1.00000
     1.00000    15.0608   -7.76655    1.05598    1.00000    1.00000
     1.00000   -7.84327    1.58263    5.36106    1.00000    1.00000
     1.00000    8.64837   -13.0777    6.47205    1.00000    1.00000
     1.00000   -3.83697    12.3683   -12.4136    1.00000    1.00000
     1.00000    5.88566   -3.48062    12.5517    1.00000    1.00000
     1.00000   -3.08505    1.31171   -9.55042    1.00000    1.00000
     1.00000  -0.555775   -11.6635   -1.56577    1.00000    1.00000
     1.00000   -12.4773    32.1672   -12.4546    1.00000    1.00000
     1.00000    5.19881   -9.37522   10.28002    1.00000    1.00000
     1.00000  -0.587887    1.55281   0.828583    1.00000    1.00000
     1.00000   -4.44142   -7.90312   0.246010    1.00000    1.00000
     1.00000   -4.96494    8.84247   -11.6019    1.00000    1.00000
     1.00000    4.12977   0.165760    20.0676    1.00000    1.00000
     1.00000    4.70006    2.71368   -6.44502    1.00000    1.00000
     1.00000    2.69753   -13.6128   -3.42706    1.00000    1.00000
     1.00000   -9.48138    25.0428   -8.49067    1.00000    1.00000
     1.00000    10.6200   -12.9848    6.14962    1.00000    1.00000
     1.00000   -9.57597    3.09055    8.67532    1.00000    1.00000
     1.00000   0.129410   -14.5803    6.20368    1.00000    1.00000
     1.00000   -1.99079    19.4185   -15.0323    1.00000    1.00000
     1.00000  -0.169758   -1.76275    8.82190    1.00000    1.00000
     1.00000   -4.31015   0.932682   -3.18848    1.00000    1.00000
     1.00000    8.07755   -16.6823    2.19872    1.00000    1.00000
     1.00000  -10.17974    23.7525   -9.84989    1.00000    1.00000
     1.00000    9.22286   -13.8803    11.3869    1.00000    1.00000
     1.00000   -4.04701E-02   0.224392    9.00775    1.00000    1.00000
     1.00000   -7.76204   -8.02930   -1.05660    1.00000    1.00000
     1.00000   -2.91612    6.59427   -11.5137    1.00000    1.00000
     1.00000    8.53954    5.25299    17.9748    1.00000    1.00000
     1.00000   0.230770    1.04927   -5.67249    1.00000    1.00000
     1.00000   -1.83376   -20.4222   -2.98972    1.00000    1.00000
     1.00000   -4.82449    18.9266  -10.00511    1.00000    1.00000
     1.00000    18.8954   -9.63628    3.76733    1.00000    1.00000
     1.00000  -0.798847   -1.42410    1.39783    1.00000    1.00000
     1.00000    6.86599   -17.2838    7.13596    1.00000    1.00000
     1.00000   -3.76999    12.8170   -15.4913    1.00000    1.00000
     1.00000    5.72721   -5.76097   10.30761    1.00000    1.00000
     1.00000  -0.695080    2.35999   -6.88470    1.00000    1.00000
     1.00000    2.07995   -8.39680   -1.41311    1.00000    1.00000
     1.00000   -14.6687    29.7873   -8.62496    1.00000    1.00000
     1.00000    7.84718   -14.7384   10.21591    1.00000    1.00000
     1.00000   0.971821   0.441910    3.76398    1.00000    1.00000
     1.00000   -1.52784   -9.01342    4.54530    1.00000    1.00000
     1.00000   -8.13993    3.28231   -12.2140    1.00000    1.00000
     1.00000    4.41350   0.639709    16.8178    1.00000    1.00000
     1.00000    3.96188    8.39797   -8.67150    1.00000    1.00000
     1.00000  -0.339741   -16.1026  -0.947166    1.00000    1.00000
     1.00000   -5.33057    23.5378   -7.35489    1.00000    1.00000
     1.00000    15.2607   -11.3810    9.07365    1.00000    1.00000
     1.00000   -8.25779   0.117134    6.65741    1.00000    1.00000
     1.00000    2.60173   -16.9008    6.66998    1.00000    1.00000
     1.00000   -1.79263    19.3144   -12.8826    1.00000    1.00000
     1.00000    1.33159   -4.65506    9.98458    1.00000    1.00000
     1.00000   -6.08011    3.98809   -5.34772    1.00000    1.00000
     1.00000    4.93009   -11.1964    3.04939    1.00000    1.00000
     1.00000   -15.1913    25.6084   -7.95620    1.00000    1.00000
     1.00000    11.6888   -15.2944    13.4787    1.00000    1.00000
     1.00000    2.57613  -0.854876    5.59322    1.00000    1.00000
     1.00000   -6.11884   -5.87001    1.38493    1.00000    1.00000
     1.00000  -0.577389    8.76323   -13.6291    1.00000    1.00000
     1.00000   10.36564    3.91754    15.2866    1.00000    1.00000
     1.00000    2.87564   -1.93398   -5.65784    1.00000    1.00000
     1.00000   -4.53504   -21.9397   -4.94970    1.00000    1.00000
     1.00000   -6.11986    22.2790   -13.6290    1.00000    1.00000
     1.00000    16.0664   -9.52821    1.83526    1.00000    1.00000
     1.00000   -7.50863   0.384148    1.71294    1.00000    1.00000
     1.00000    5.60228   -15.0604    5.18186    1.00000    1.00000
     1.00000  -0.889408    16.3064   -10.8720    1.00000    1.00000
     1.00000    5.25561   -2.16562    11.1829    1.00000    1.00000
     1.00000   -1.43204E-02    4.33674E-02  -10.37630    1.00000    1.00000
     1.00000    1.43738  -10.34494   0.835365    1.00000    1.00000
     1.00000   -11.0720    33.0199   -15.0147    1.00000    1.00000
     1.00000    4.34609  -10.16153    12.1396    1.00000    1.00000
     1.00000    1.22498    2.23216   0.326576    1.00000    1.00000
     1.00000   -3.51533   -11.6272    1.32517    1.00000    1.00000
     1.00000   -5.90403    5.45816  -10.34650    1.00000    1.00000
     1.00000    6.12632    1.42174E-02    18.1726    1.00000    1.00000
     1.00000    2.45118    4.20256   -5.61279    1.00000    1.00000
     1.00000    2.26172   -13.8416   0.153114    1.00000    1.00000
     1.00000   -7.48706    22.8837   -7.48911    1.00000    1.00000
     1.00000    12.1438   -12.6714    8.20255    1.00000    1.00000
     1.00000   -11.8970    1.40971    7.57794    1.00000    1.00000
     1.00000   -2.86057   -16.3425    7.54847    1.00000    1.00000
     1.00000   -3.44981    18.7406   -13.8442    1.00000    1.00000
     1.00000   -3.45366  -0.710983    11.1097    1.00000    1.00000
     1.00000   -2.35072    3.82076   -3.96928    1.00000    1.00000
     1.00000    7.65543   -13.3405    4.28385    1.00000    1.00000
     1.00000   -11.2949    24.5336   -11.3149    1.00000    1.00000
     1.00000    12.3802   -13.4898   10.53294    1.00000    1.00000
     1.00000  -0.607357  -0.401365    7.19473    1.00000    1.00000
     1.00000   -5.39097   -9.67500   -2.57237    1.00000    1.00000
     1.00000   -3.22459    4.98598   -12.6618    1.00000    1.00000
     1.00000    7.42536    3.59450    17.8852    1.00000    1.00000
     1.00000  -0.552967    2.97034   -4.18103    1.00000    1.00000
     1.00000   -2.87164   -18.7341   -2.71946    1.00000    1.00000
     1.00000   -5.37335    20.8464  -10.12051    1.00000    1.00000
     1.00000    16.3459   -9.78590    4.49126    1.00000    1.00000
     1.00000   -2.24888   -1.14284    2.74627    1.00000    1.00000
     1.00000    4.60970   -18.2577    7.57827    1.00000    1.00000
     1.00000   -2.06290    13.1291   -13.8705    1.00000    1.00000
     1.00000    4.80982   -3.99525   10.50927    1.00000    1.00000
     1.00000   -3.48229    4.15815   -7.64348    1.00000    1.00000
     1.00000    1.51923   -6.10943   -3.65607    1.00000    1.00000
     1.00000   -14.8986    31.5057   -9.62206    1.00000    1.00000
     1.00000    7.01389   -12.9274   10.05492    1.00000    1.00000
     1.00000    1.74475    1.51390    2.11932    1.00000    1.00000
     1.00000   -1.62787   -13.0553    3.55926    1.00000    1.00000
     1.00000   -6.62043    2.94292   -10.9586    1.00000    1.00000
     1.00000    2.47958   0.260124    15.4318    1.00000    1.00000
     1.00000    1.67613    5.26328   -7.12082    1.00000    1.00000
     1.00000  -0.634495   -16.1036   -3.56104    1.00000    1.00000
     1.00000   -7.11475    25.7631   -9.75671    1.00000    1.00000
     1.00000    16.2828   -11.7695    4.73926    1.00000    1.00000
     1.00000   -8.39676  -0.676462    8.55125    1.00000    1.00000
     1.00000    2.88908   -15.1935    4.76232    1.00000    1.00000
     1.00000   0.772335    17.2175   -12.5441    1.00000    1.00000
     1.00000   0.949123   -2.33406   10.37808    1.00000    1.00000
     1.00000   -6.11737    2.12743   -6.12003    1.00000    1.00000
     1.00000    2.13055  -10.40742    2.71036    1.00000    1.00000
     1.00000   -13.5955    29.0596   -7.10225    1.00000    1.00000
     1.00000    9.54964   -14.5353    16.1167    1.00000    1.00000
     1.00000   0.671505   -1.33351    5.97176    1.00000    1.00000
     1.00000   -7.04721   -5.45752   -1.41244    1.00000    1.00000
     1.00000   -3.94876    9.67601   -13.3016    1.00000    1.00000
     1.00000    8.13800    1.81039    16.0735    1.00000    1.00000
     1.00000    3.88134   -2.56730   -4.04929    1.00000    1.00000
     1.00000   -4.86124   -20.0108   -7.14147    1.00000    1.00000
     1.00000   -4.40572    23.0199   -12.7613    1.00000    1.00000
     1.00000    14.9876   -7.44678  -0.916924    1.00000    1.00000
     1.00000   -7.95546   0.543533    3.65586    1.00000    1.00000
     1.00000    7.39818   -14.5212    5.87756    1.00000    1.00000
     1.00000   -3.88663    14.3402   -12.0829    1.00000    1.00000
     1.00000    7.60063   -3.02088    13.4723    1.00000    1.00000
     1.00000   -1.49237    1.33496   -10.7599    1.00000    1.00000
     1.00000    1.37469   -11.6230   -1.04455    1.00000    1.00000
     1.00000   -11.8407    31.3745   -14.1769    1.00000    1.00000
     1.00000    6.14749   -11.1251   10.08540    1.00000    1.00000
     1.00000   -2.46622    1.54381   0.141716    1.00000    1.00000
     1.00000   -3.92299   -9.70924   0.930962    1.00000    1.00000
     1.00000   -4.74216    7.01693   -10.8159    1.00000    1.00000
     1.00000    5.96316   0.962929    20.0111    1.00000    1.00000
     1.00000    2.92563    2.25986   -5.64162    1.00000    1.00000
     1.00000    1.66208   -13.4831   -1.72089    1.00000    1.00000
     1.00000   -8.49924    24.4823   -6.84105    1.00000    1.00000
     1.00000    11.4739   -14.5757    5.28933    1.00000    1.00000
     1.00000   -9.89433    3.70674   10.55121    1.00000    1.00000
     1.00000   -8.85544E-02   -13.1399    4.83335    1.00000    1.00000
     1.00000   -1.63943    17.4694   -15.3104    1.00000    1.00000
     1.00000   -1.62804   -1.25682   10.09370    1.00000    1.00000
     1.00000   -2.92014    1.18676   -1.77309    1.00000    1.00000
     1.00000    8.02043   -15.1190    3.44482    1.00000    1.00000
     1.00000   -12.0031    23.0145   -9.48832    1.00000    1.00000
     1.00000    11.1250   -14.1338    11.9506    1.00000    1.00000
     1.00000   0.270416    1.79537    7.80968    1.00000    1.00000
     1.00000   -8.10292   -9.96109  -0.666771    1.00000    1.00000
     1.00000   -2.07979    7.58289   -13.0379    1.00000    1.00000
     1.00000    7.82338    6.03691    19.6696    1.00000    1.00000
     1.00000    2.02925   0.631298   -4.90388    1.00000    1.00000
     1.00000   -1.91624   -20.4274   -4.98802    1.00000    1.00000
     1.00000   -3.25471    18.5029   -11.1697    1.00000    1.00000
     1.00000    18.0241   -9.62778    5.56758    1.00000    1.00000
     1.00000   -2.19699   -2.78086   0.945732    1.00000    1.00000
     1.00000    5.94337   -18.7804    6.18250    1.00000    1.00000
     1.00000   -3.19983    11.4996   -14.0986    1.00000    1.00000
     1.00000    6.22849   -7.68196   10.54951    1.00000    1.00000
     1.00000   -2.41937    1.38354   -7.15557    1.00000    1.00000
     1.00000    2.21555   -8.52054   0.578453    1.00000    1.00000
     1.00000   -13.8289    28.8681  -10.19018    1.00000    1.00000
     1.00000    9.28357   -14.9729    8.84413    1.00000    1.00000
     1.00000   0.671215  -0.156414    1.87939    1.00000    1.00000
     1.00000   -1.86516   -10.9560    4.88066    1.00000    1.00000
     1.00000   -9.07915    1.99734   -11.0029    1.00000    1.00000
     1.00000    4.04802  -0.957569    15.6710    1.00000    1.00000
     1.00000    2.36868    7.71955   -9.67223    1.00000    1.00000
     1.00000  -0.843639   -17.5665   -2.21336    1.00000    1.00000
     1.00000   -6.58583    24.0801   -8.81440    1.00000    1.00000
     1.00000    14.1110   -12.5038    7.88299    1.00000    1.00000
     1.00000   -9.99094   0.224461    7.64971    1.00000    1.00000
     1.00000    4.21627   -16.4460    5.58076    1.00000    1.00000
     1.00000  -0.748043    18.1486   -11.6377    1.00000    1.00000
     1.00000    2.21320   -3.12517    9.04533    1.00000    1.00000
     1.00000   -7.55894    3.43659   -6.57610    1.00000    1.00000
     1.00000    3.88431   -9.49222    3.00488    1.00000    1.00000
     1.00000   -13.6369    24.5973   -8.70578    1.00000    1.00000
     1.00000   10.15441   -14.2553    14.2310    1.00000    1.00000
     1.00000    2.08579   -2.78818    5.74127    1.00000    1.00000
     1.00000   -5.60545   -4.77340  -0.206902    1.00000    1.00000
     1.00000  -0.379097   10.51308   -14.5771    1.00000    1.00000
     1.00000    8.66493    3.72379    16.3210    1.00000    1.00000
     1.00000    1.02204   -1.89105   -4.90797    1.00000    1.00000
     1.00000   -5.47296   -20.1984   -5.24658    1.00000    1.00000
     1.00000   -4.97714    23.6145   -14.5833    1.00000    1.00000
     1.00000    14.0904   -9.44802    1.53674    1.00000    1.00000
     1.00000   -5.72607  -0.434248    1.32216    1.00000    1.00000
     1.00000    6.76373   -16.6879    5.22956    1.00000    1.00000
     1.00000   -2.74672    15.5755   -10.9991    1.00000    1.00000
     1.00000    3.83890   -2.21464    9.77200    1.00000    1.00000
     1.00000   0.119049   -6.24599E-02   -8.38356    1.00000    1.00000
     1.00000  -0.332020   -11.1422   0.352104    1.00000    1.00000
     1.00000   -11.1625    34.9922   -14.6960    1.00000    1.00000
     1.00000    4.16374   -11.0839   10.37438    1.00000    1.00000
     1.00000    2.37788   0.708181  -0.263596    1.00000    1.00000
     1.00000   -4.17705   -12.6531    2.90933    1.00000    1.00000
     1.00000   -5.03324    4.41334   -8.88019    1.00000    1.00000
     1.00000    5.07186    1.70097    18.3799    1.00000    1.00000
     1.00000    4.35004    4.81791   -5.73782    1.00000    1.00000
     1.00000    1.03671   -15.4127   0.329292    1.00000    1.00000
     1.00000   -6.62439    21.9854   -9.05397    1.00000    1.00000
     1.00000    10.7455   -14.0535    7.83553    1.00000    1.00000
     1.00000   -10.7773    2.99020    7.07951    1.00000    1.00000
     1.00000   -1.76221   -15.2211    6.30903    1.00000    1.00000
     1.00000   -3.08973    17.1735   -12.6548    1.00000    1.00000
     1.00000   -1.66098   -1.91307E-02    11.6644    1.00000    1.00000
     1.00000   -3.45673    2.22613   -4.45287    1.00000    1.00000
     1.00000    5.77357   -12.7007    4.06224    1.00000    1.00000
     1.00000   -12.8739    25.3471  -10.39560    1.00000    1.00000
     1.00000    14.3746   -13.4809    10.6821    1.00000    1.00000
     1.00000   -2.41179   0.142508    7.86422    1.00000    1.00000
     1.00000   -5.78299   -8.28706   -1.18676    1.00000    1.00000
     1.00000   -2.79477    3.58399   -14.0219    1.00000    1.00000
     1.00000    7.40387    2.09175    19.2048    1.00000    1.00000
     1.00000  -0.459290    1.01004   -3.79572    1.00000    1.00000
     1.00000   -4.03613   -19.8535   -3.89880    1.00000    1.00000
