     1.00000    2.23487   -3.29523    11.7383    1.00000    1.00000
     1.00000   -7.43620    2.79972   -19.1303    1.00000    1.00000
     1.00000   -1.97701   -13.3001   -3.97017    1.00000    1.00000
     1.00000   -9.60541E-03   -5.71215   -13.1588    1.00000    1.00000
     1.00000    5.92887    10.7859    18.7898    1.00000    1.00000
     1.00000   -4.33860   10.03489    3.28854    1.00000    1.00000
     1.00000   -3.87099   -18.8768    3.77179    1.00000    1.00000
     1.00000    3.00737    2.60557   -9.78576    1.00000    1.00000
     1.00000    3.35999  -0.957756    16.8881    1.00000    1.00000
     1.00000   -3.20806    8.14612   -12.2493    1.00000    1.00000
     1.00000   -5.05515   -19.1312   -2.77544    1.00000    1.00000
     1.00000    3.97067   -11.7776   -11.1856    1.00000    1.00000
     1.00000    1.33099    14.6343    14.8686    1.00000    1.00000
     1.00000   -4.80813    9.56663   -1.40023    1.00000    1.00000
     1.00000   -2.32153   -9.33572    7.15225    1.00000    1.00000
     1.00000    4.99728    2.10398   -9.99475    1.00000    1.00000
     1.00000    8.14972E-02   -2.16167    10.8600    1.00000    1.00000
     1.00000   -9.32181    2.94777   -14.0841    1.00000    1.00000
     1.00000  -0.706017   -5.46980    1.63517    1.00000    1.00000
     1.00000   -3.62028   -2.20625   -14.1116    1.00000    1.00000
     1.00000    1.65533    7.12683    18.4158    1.00000    1.00000
     1.00000   0.114380    11.0127   -3.34764    1.00000    1.00000
     1.00000   -1.73974   -13.8581    3.40965    1.00000    1.00000
     1.00000   0.404793    4.57009   -13.0026    1.00000    1.00000
     1.00000    9.45055   -3.80752    16.6008    1.00000    1.00000
     1.00000   -6.35861    17.1731   -11.7966    1.00000    1.00000
     1.00000    5.54922   -11.6010  -0.867474    1.00000    1.00000
     1.00000   -3.33801   -7.72564   -7.49162    1.00000    1.00000
     1.00000    1.56786    22.3201    13.2552    1.00000    1.00000
     1.00000   -4.90501    3.46608   -7.15788    1.00000    1.00000
     1.00000  -0.749252   -5.63169   10.22810    1.00000    1.00000
     1.00000    11.4927    3.65084   -12.0148    1.00000    1.00000
     1.00000    4.03512  -0.859459    14.0277    1.00000    1.00000
     1.00000   -3.82210    4.39777   -15.1504    1.00000    1.00000
     1.00000  -0.750267   -11.2476   -5.85601    1.00000    1.00000
     1.00000   -2.61845  -0.626652  -10.31757    1.00000    1.00000
     1.00000   0.374420    8.11036    16.2952    1.00000    1.00000
     1.00000  -0.669567   10.46590    1.49564    1.00000    1.00000
     1.00000   -2.09342   -17.5818    5.30738    1.00000    1.00000
     1.00000    2.15488   0.814564   -9.52969    1.00000    1.00000
     1.00000    6.79979   -4.51323    15.0482    1.00000    1.00000
     1.00000   -3.18193    9.62565   -8.95592    1.00000    1.00000
     1.00000   0.709755   -14.8798   -2.31750    1.00000    1.00000
     1.00000    1.72797   -9.01725   -10.8238    1.00000    1.00000
     1.00000    2.37371    10.6751    16.2139    1.00000    1.00000
     1.00000   -3.96661    12.6275  -0.318634    1.00000    1.00000
     1.00000   -5.69966   -10.8743    10.8737    1.00000    1.00000
     1.00000    8.55690    1.63966   -12.7170    1.00000    1.00000
     1.00000    2.53465   -2.06651    7.34672    1.00000    1.00000
     1.00000   -6.64845    4.64410   -10.8647    1.00000    1.00000
     1.00000   0.424278   -5.86238  -0.517796    1.00000    1.00000
     1.00000   -4.04176   0.462219   -11.8283    1.00000    1.00000
     1.00000  -0.507751    2.50037    14.7493    1.00000    1.00000
     1.00000   -1.92109    9.84673    6.37474E-02    1.00000    1.00000
     1.00000   -1.49355   -14.0806    5.38194    1.00000    1.00000
     1.00000    4.24625    3.97647  -10.55114    1.00000    1.00000
     1.00000    8.82439   -1.53827    14.9180    1.00000    1.00000
     1.00000   -5.78283    14.5273   -13.0835    1.00000    1.00000
     1.00000    1.63589   -14.4430    2.70362    1.00000    1.00000
     1.00000  -0.645760   -7.93641   -9.21103    1.00000    1.00000
     1.00000   -1.47698    19.4436    12.8936    1.00000    1.00000
     1.00000   -5.18511    3.33491  -0.658104    1.00000    1.00000
     1.00000    3.66916   -7.29439   10.02154    1.00000    1.00000
     1.00000    11.4176    4.65187  -10.04078    1.00000    1.00000
     1.00000   -5.81093E-02   -6.55468    14.9614    1.00000    1.00000
     1.00000   -5.13449    3.17764   -16.0386    1.00000    1.00000
     1.00000   -3.30315E-02   -12.7947   -4.81110    1.00000    1.00000
     1.00000   0.816551   -4.77803   -11.5951    1.00000    1.00000
     1.00000    2.78743   10.12721    20.0158    1.00000    1.00000
     1.00000   -7.48665    9.13582    4.28036    1.00000    1.00000
     1.00000   -5.10809   -21.4161    2.51843    1.00000    1.00000
     1.00000   0.400261    2.75583   -9.21218    1.00000    1.00000
     1.00000   0.694412    1.23596E-02    16.7042    1.00000    1.00000
     1.00000   -3.43359    12.3712   -9.49945    1.00000    1.00000
     1.00000   -3.23405   -18.0442   -2.64417    1.00000    1.00000
     1.00000    4.13798   -9.85335   -10.6665    1.00000    1.00000
     1.00000    2.98349    16.1495    12.9193    1.00000    1.00000
     1.00000   -4.30007    6.87898   -3.95783    1.00000    1.00000
     1.00000   -3.35089   -10.9719    6.63903    1.00000    1.00000
     1.00000    6.96472    2.38672   -8.33177    1.00000    1.00000
     1.00000    1.50895   -3.12440    8.69904    1.00000    1.00000
     1.00000   -6.66523    2.63964   -14.5228    1.00000    1.00000
     1.00000  -0.656895   -3.93117    3.29853    1.00000    1.00000
     1.00000   -5.82506  -0.872555   -11.6353    1.00000    1.00000
     1.00000    1.50173    5.13579    18.5261    1.00000    1.00000
     1.00000   -1.15376    14.5658   -4.43705    1.00000    1.00000
     1.00000  -0.239799   -9.24282    3.20398    1.00000    1.00000
     1.00000    3.83125    2.80051   -12.1148    1.00000    1.00000
     1.00000    9.68798   -5.68076    17.2600    1.00000    1.00000
     1.00000   -8.79021    17.6396   -13.4258    1.00000    1.00000
     1.00000    3.76368   -11.7951    1.23749E-02    1.00000    1.00000
     1.00000  -0.148018   -7.30547   -5.89155    1.00000    1.00000
     1.00000   -1.25500    19.2805    16.0471    1.00000    1.00000
     1.00000   -5.46158    6.09335   -5.38390    1.00000    1.00000
     1.00000   -1.47002   -7.42910    9.72830    1.00000    1.00000
     1.00000    9.96075    3.00417   -13.1261    1.00000    1.00000
     1.00000    2.75847   -3.68177    16.5403    1.00000    1.00000
     1.00000   -4.91988    3.85306   -13.0653    1.00000    1.00000
     1.00000   0.338642   -7.95639   -2.10201    1.00000    1.00000
     1.00000   0.385277  -0.499454   -10.8319    1.00000    1.00000
     1.00000    1.53309    9.30522    17.4041    1.00000    1.00000
     1.00000   -3.62354    11.8906    3.07667    1.00000    1.00000
     1.00000   -3.72201   -17.0240    1.95277    1.00000    1.00000
     1.00000    1.05886   -1.40797   -7.60221    1.00000    1.00000
     1.00000    6.02156  -0.824196    15.8764    1.00000    1.00000
     1.00000   -3.07824    7.73799  -10.29569    1.00000    1.00000
     1.00000   -2.28683   -16.3729   -2.08755    1.00000    1.00000
     1.00000   0.584373   -7.38214   -10.6874    1.00000    1.00000
     1.00000  -0.597870    11.6792    15.5601    1.00000    1.00000
     1.00000   -4.22326   10.55491   -3.92209    1.00000    1.00000
     1.00000   -4.41254   -8.19239    8.61089    1.00000    1.00000
     1.00000    8.60805   0.850777   -10.8799    1.00000    1.00000
     1.00000    4.01477   -5.06606    7.45305    1.00000    1.00000
     1.00000   -4.36848    6.86658   -9.04033    1.00000    1.00000
     1.00000    2.14418   -6.22945    1.38689    1.00000    1.00000
     1.00000   -2.85634    1.38348   -8.58496    1.00000    1.00000
     1.00000    2.72845    2.03948    14.4312    1.00000    1.00000
     1.00000   0.969780    9.59075   -2.23131    1.00000    1.00000
     1.00000   0.927086   -15.7898    4.00128    1.00000    1.00000
     1.00000    5.45555    8.06969   -13.2352    1.00000    1.00000
     1.00000    9.61976    9.00612E-02    15.7641    1.00000    1.00000
     1.00000   -3.40569    11.8654   -11.8155    1.00000    1.00000
     1.00000    2.50996   -13.9058   0.710327    1.00000    1.00000
     1.00000    1.23885   -11.3565   -8.44152    1.00000    1.00000
     1.00000   0.572479    18.8534    15.3558    1.00000    1.00000
     1.00000   -7.42045    5.97383   -4.99845    1.00000    1.00000
     1.00000   0.435448   -8.17403    13.8965    1.00000    1.00000
     1.00000   10.18754    5.34994   -8.14437    1.00000    1.00000
     1.00000   0.602814   -4.32757    12.2585    1.00000    1.00000
     1.00000   -8.86057    3.04837   -17.7485    1.00000    1.00000
     1.00000  -0.417542   -14.5519   -3.93667    1.00000    1.00000
     1.00000    1.67141   -5.05265   -14.0186    1.00000    1.00000
     1.00000    4.72763    9.65191    19.9171    1.00000    1.00000
     1.00000   -5.88777    8.80719    2.98387    1.00000    1.00000
     1.00000   -2.74500   -19.7628    2.37635    1.00000    1.00000
     1.00000    1.39114    2.79115   -10.9491    1.00000    1.00000
     1.00000    3.11716   0.312950    15.3629    1.00000    1.00000
     1.00000   -2.01031    9.70687   -11.8895    1.00000    1.00000
     1.00000   -4.07084   -18.5070   -4.40073    1.00000    1.00000
     1.00000    5.13581   -12.5639   -12.6083    1.00000    1.00000
     1.00000    2.68833    13.2854    15.4502    1.00000    1.00000
     1.00000   -2.92002   10.18262   -1.63604    1.00000    1.00000
     1.00000   -3.14177   -9.70147    8.93926    1.00000    1.00000
     1.00000    5.55004    3.77659   -9.04774    1.00000    1.00000
     1.00000   0.656628   -3.98979   10.28796    1.00000    1.00000
     1.00000   -9.85839    2.99533   -12.1580    1.00000    1.00000
     1.00000   -8.64983E-02   -5.83739    3.50093    1.00000    1.00000
     1.00000   -4.03811   -1.48267   -12.2945    1.00000    1.00000
     1.00000   0.799904    7.76218    20.1083    1.00000    1.00000
     1.00000  -0.666969    12.6392   -4.21025    1.00000    1.00000
     1.00000   -2.47019   -11.9985    3.31860    1.00000    1.00000
     1.00000    1.44588    2.90766   -13.3930    1.00000    1.00000
     1.00000    10.7370   -2.38386    17.1649    1.00000    1.00000
     1.00000   -4.77140    16.0736   -12.3180    1.00000    1.00000
     1.00000    5.16060   -9.81083   -1.67009    1.00000    1.00000
     1.00000   -1.38377   -7.30115   -7.46409    1.00000    1.00000
     1.00000   0.708080    22.0504    15.0407    1.00000    1.00000
     1.00000   -3.84742    4.69677   -8.32703    1.00000    1.00000
     1.00000   0.681534   -6.53837    11.2915    1.00000    1.00000
     1.00000    12.5505    5.28663   -11.5618    1.00000    1.00000
     1.00000    3.20816   -2.54839    14.7086    1.00000    1.00000
     1.00000   -2.95219    3.89617   -13.4208    1.00000    1.00000
     1.00000   0.222427   -9.80526   -4.86927    1.00000    1.00000
     1.00000   -1.11626   -1.81958   -10.8835    1.00000    1.00000
     1.00000    2.25282    8.30845    15.6376    1.00000    1.00000
     1.00000   -1.85900    10.9504    3.02879    1.00000    1.00000
     1.00000  -0.924805   -15.9855    5.60086    1.00000    1.00000
     1.00000    1.70898   -1.13429   -9.47369    1.00000    1.00000
     1.00000    6.10069   -2.63942    15.0405    1.00000    1.00000
     1.00000   -1.85157    8.14401   -8.76912    1.00000    1.00000
     1.00000   0.381168   -16.8156   -1.93717    1.00000    1.00000
     1.00000    3.12340   -9.16924   -12.2485    1.00000    1.00000
     1.00000    1.17304    12.2735    16.2748    1.00000    1.00000
     1.00000   -4.80822    13.3921   -1.96396    1.00000    1.00000
     1.00000   -7.10024   -12.2713    11.1683    1.00000    1.00000
     1.00000    6.99932    2.14894   -13.8636    1.00000    1.00000
     1.00000    1.13654  -0.855774    8.10791    1.00000    1.00000
     1.00000   -7.35627    3.27372   -12.1379    1.00000    1.00000
     1.00000  -0.962189   -7.28683  -0.738358    1.00000    1.00000
     1.00000   -3.88588    1.70518  -10.26917    1.00000    1.00000
     1.00000    1.03002    2.47859    13.4707    1.00000    1.00000
     1.00000   -2.57536    8.49592    1.38558    1.00000    1.00000
     1.00000   -2.43195   -12.7454    6.53801    1.00000    1.00000
     1.00000    3.64703    5.21392   -12.0036    1.00000    1.00000
     1.00000    10.7834   -1.65109    15.3046    1.00000    1.00000
     1.00000   -6.77460    15.6506   -14.4080    1.00000    1.00000
     1.00000   0.564087   -14.2424    1.02702    1.00000    1.00000
     1.00000   0.471931   -9.55154   -8.83405    1.00000    1.00000
     1.00000   -1.04530    18.1646    14.3693    1.00000    1.00000
     1.00000   -5.41927    3.67376   -2.61523    1.00000    1.00000
     1.00000    2.71648   -8.31714    11.4520    1.00000    1.00000
     1.00000    10.6408    3.46393   -8.63173    1.00000    1.00000
     1.00000   0.595280   -4.82666    14.1952    1.00000    1.00000
     1.00000   -6.65966    3.20422   -17.3321    1.00000    1.00000
     1.00000    1.60732   -11.8717   -4.13486    1.00000    1.00000
     1.00000  -0.877907   -3.76862   -11.2636    1.00000    1.00000
     1.00000    3.17735   10.23785    18.0573    1.00000    1.00000
     1.00000   -6.56271    7.36418    4.19308    1.00000    1.00000
     1.00000   -5.50280   -20.0260    3.90105    1.00000    1.00000
     1.00000  -0.307922    1.79759   -7.60587    1.00000    1.00000
     1.00000    1.21699    1.01757E-01    14.7757    1.00000    1.00000
     1.00000   -2.26788    11.0210  -10.40397    1.00000    1.00000
     1.00000   -1.51162   -19.0121   -2.95442    1.00000    1.00000
     1.00000    4.80329  -10.54218   -8.91070    1.00000    1.00000
     1.00000    2.26746    16.3987    14.7700    1.00000    1.00000
     1.00000   -4.27011    8.69352   -3.11727    1.00000    1.00000
     1.00000   -4.40984   -12.5444    6.00199    1.00000    1.00000
     1.00000    6.86402    1.38937  -10.06242    1.00000    1.00000
     1.00000    1.02036E-01   -2.87769    7.29914    1.00000    1.00000
     1.00000   -7.94637    1.74011   -13.2780    1.00000    1.00000
     1.00000   0.413864   -3.55049    1.65276    1.00000    1.00000
     1.00000   -4.47590   -1.36447  -10.24329    1.00000    1.00000
     1.00000    1.22733    3.57492    17.3061    1.00000    1.00000
     1.00000   0.499611    14.5770   -5.56234    1.00000    1.00000
     1.00000   -2.07331  -10.04170    3.20292    1.00000    1.00000
     1.00000    2.73936    1.41852   -13.0623    1.00000    1.00000
     1.00000    8.12022   -5.66004    16.0184    1.00000    1.00000
     1.00000   -8.20517    16.4207   -11.9520    1.00000    1.00000
     1.00000    3.30021   -12.6189   -1.75016    1.00000    1.00000
     1.00000   -2.02686   -7.56912   -5.25876    1.00000    1.00000
     1.00000   -1.03736    21.0921    15.2282    1.00000    1.00000
     1.00000   -3.93698    5.75798   -6.63416    1.00000    1.00000
     1.00000  -0.816414   -8.50436    8.17375    1.00000    1.00000
     1.00000    9.34627    4.35285   -14.4691    1.00000    1.00000
     1.00000    2.48618   -4.41351    14.6990    1.00000    1.00000
     1.00000   -6.44893    4.58766   -14.1247    1.00000    1.00000
     1.00000   0.438587   -7.97205   -4.09944    1.00000    1.00000
     1.00000    5.18265E-02    1.15577   -11.9039    1.00000    1.00000
     1.00000   0.434525    9.43237    19.0706    1.00000    1.00000
     1.00000   -5.40354    12.7936    2.94939    1.00000    1.00000
     1.00000   -3.38719   -16.9421    3.92284    1.00000    1.00000
     1.00000    2.71889  -0.445381   -7.03852    1.00000    1.00000
     1.00000    5.19203  -0.971313    17.6903    1.00000    1.00000
     1.00000   -2.07300    6.13139   -9.65668    1.00000    1.00000
     1.00000   -1.22400   -14.6968   -1.84093    1.00000    1.00000
     1.00000    2.13927   -6.18864   -11.0847    1.00000    1.00000
     1.00000   -2.50634    12.0962    15.1313    1.00000    1.00000
     1.00000   -4.65791    11.4080   -2.16617    1.00000    1.00000
     1.00000   -5.71764   -9.28009    9.66618    1.00000    1.00000
     1.00000    8.94270    2.70874  -10.21959    1.00000    1.00000
     1.00000    2.88736   -3.79285    6.40050    1.00000    1.00000
     1.00000   -5.47836    5.23248   -9.35321    1.00000    1.00000
     1.00000    1.61996   -4.56037   0.417675    1.00000    1.00000
     1.00000   -2.82633    3.26099   -9.27349    1.00000    1.00000
     1.00000    2.48466    2.31264    16.3974    1.00000    1.00000
     1.00000   -7.97806E-02    9.35766  -0.544868    1.00000    1.00000
     1.00000   0.314003   -13.9622    4.53418    1.00000    1.00000
     1.00000    4.77669    6.85189   -11.8013    1.00000    1.00000
     1.00000    9.69521   0.596924    17.6973    1.00000    1.00000
     1.00000   -4.21390    13.6532   -12.2034    1.00000    1.00000
     1.00000    2.28069   -14.2635   -1.24403    1.00000    1.00000
     1.00000    2.41750   -12.7971   -7.70993    1.00000    1.00000
     1.00000   0.773048    17.4449    13.9501    1.00000    1.00000
     1.00000   -6.71324    4.96878   -3.42057    1.00000    1.00000
     1.00000   0.780720   -8.42675    11.9428    1.00000    1.00000
     1.00000    8.58362    4.32336   -7.53316    1.00000    1.00000
