     1.00000   -15.3217   -4.39622   -23.8598    1.00000    1.00000
     1.00000    19.1884   -12.1378    34.8465    1.00000    1.00000
     1.00000   -6.63135    4.77305   -7.84406    1.00000    1.00000
     1.00000  -10.44770    7.68848   -7.37936    1.00000    1.00000
     1.00000   -12.7560   -1.29266   -24.9739    1.00000    1.00000
     1.00000    18.5683   -4.60241    24.9133    1.00000    1.00000
     1.00000   -16.1900   -7.83314   -9.58282    1.00000    1.00000
     1.00000   10.44140    6.23582    14.5944    1.00000    1.00000
     1.00000   -24.5943   -12.1459   -25.7708    1.00000    1.00000
     1.00000    18.6964  -10.56023    46.2337    1.00000    1.00000
     1.00000    1.40547    7.07205   -4.25996    1.00000    1.00000
     1.00000   0.744541    9.49698   -1.22214    1.00000    1.00000
     1.00000   -8.23656   -3.23782   -19.5307    1.00000    1.00000
     1.00000    14.5147    1.04126    20.6131    1.00000    1.00000
     1.00000   -12.7731   0.142029   -14.6296    1.00000    1.00000
     1.00000    6.81155    7.49322    7.34784    1.00000    1.00000
     1.00000   -17.5795   -7.25418   -29.6400    1.00000    1.00000
     1.00000    18.0618   -11.7850    31.5670    1.00000    1.00000
     1.00000   0.972939    3.38486   -7.32034    1.00000    1.00000
     1.00000   -4.66256   10.39635   0.367905    1.00000    1.00000
     1.00000   -12.1442   0.973835   -19.6514    1.00000    1.00000
     1.00000    22.9610    1.72699    20.2631    1.00000    1.00000
     1.00000   -10.7166   -4.26913   -18.8154    1.00000    1.00000
     1.00000   10.49054    8.39158    12.2399    1.00000    1.00000
     1.00000   -23.5249   -9.35327   -28.7637    1.00000    1.00000
     1.00000    16.2356   -7.38352    38.7926    1.00000    1.00000
     1.00000    3.63829    7.95615   -9.67232    1.00000    1.00000
     1.00000    5.88930   10.35448    5.72367    1.00000    1.00000
     1.00000   -5.37038   -1.70393   -24.4708    1.00000    1.00000
     1.00000    16.2633    5.01052    18.9413    1.00000    1.00000
     1.00000   -6.39457    2.43180   -13.0507    1.00000    1.00000
     1.00000    6.99280    9.47415    7.14046    1.00000    1.00000
     1.00000   -20.1927   -8.48241   -24.1475    1.00000    1.00000
     1.00000    17.8733   -9.01044    37.2904    1.00000    1.00000
     1.00000   -1.17083    2.87614   -8.11568    1.00000    1.00000
     1.00000   -5.21475    8.81338   -1.89414    1.00000    1.00000
     1.00000   -7.86585    1.36968   -23.1442    1.00000    1.00000
     1.00000    19.2816   -9.22871    30.6435    1.00000    1.00000
     1.00000   -18.1502   -7.51206   -16.5289    1.00000    1.00000
     1.00000    14.6009    6.05116    11.0033    1.00000    1.00000
     1.00000   -28.9844   -14.7015   -29.9706    1.00000    1.00000
     1.00000    14.6017   -7.85106    43.8491    1.00000    1.00000
     1.00000   -1.57548    4.66527   -5.25718    1.00000    1.00000
     1.00000   0.412212   10.07792   -3.10683    1.00000    1.00000
     1.00000   -9.03498   -1.00988   -18.4531    1.00000    1.00000
     1.00000    17.3695   -1.21237    19.9584    1.00000    1.00000
     1.00000   -9.21298    1.86469   -13.1986    1.00000    1.00000
     1.00000    9.37913    4.37064    1.05642    1.00000    1.00000
     1.00000   -15.4388   -5.51732   -29.6128    1.00000    1.00000
     1.00000    17.0380   -14.8430    32.4364    1.00000    1.00000
     1.00000   -5.49053   0.180946   -4.05413    1.00000    1.00000
     1.00000   -1.50729    4.18651   0.941017    1.00000    1.00000
     1.00000   -16.2423    5.06862   -23.7213    1.00000    1.00000
     1.00000    16.6541   -2.64468    23.7253    1.00000    1.00000
     1.00000   -13.2880   -5.46070   -15.7783    1.00000    1.00000
     1.00000    11.2024    10.8592    10.8079    1.00000    1.00000
     1.00000   -24.7246   -5.27441   -27.3591    1.00000    1.00000
     1.00000    15.5081   -9.05407    41.9079    1.00000    1.00000
     1.00000    2.90547    9.80918   -9.50127    1.00000    1.00000
     1.00000    1.66647    12.5794    2.13676    1.00000    1.00000
     1.00000   -6.62831   0.809212   -21.0316    1.00000    1.00000
     1.00000    15.8136    2.42300    9.84581    1.00000    1.00000
     1.00000   -4.24623   0.550297   -14.1085    1.00000    1.00000
     1.00000    9.77466    6.67656    9.04898    1.00000    1.00000
     1.00000   -13.7296   -5.02492   -22.8255    1.00000    1.00000
     1.00000    21.0358   -11.3003    37.3859    1.00000    1.00000
     1.00000   -5.63509    4.24435   -11.7775    1.00000    1.00000
     1.00000   -9.01089    7.54610   -3.97265    1.00000    1.00000
     1.00000   -11.7475   -1.71770   -23.2999    1.00000    1.00000
     1.00000    18.3348   -6.20758    28.2528    1.00000    1.00000
     1.00000   -16.9860   -7.07845   -14.9615    1.00000    1.00000
     1.00000    10.8385    7.38623    16.1815    1.00000    1.00000
     1.00000   -25.5467   -12.1107   -27.5291    1.00000    1.00000
     1.00000    16.8303   -11.5780    45.9622    1.00000    1.00000
     1.00000   -4.61349E-02    6.04399   -2.59330    1.00000    1.00000
     1.00000   -1.24455    9.44101   0.184982    1.00000    1.00000
     1.00000   -9.82802   -2.00039   -22.8146    1.00000    1.00000
     1.00000    14.9015    4.60080    21.6026    1.00000    1.00000
     1.00000   -11.8666   -2.84430   -14.2453    1.00000    1.00000
     1.00000    7.49708    7.25209    5.48454    1.00000    1.00000
     1.00000   -16.1466   -11.0093   -30.5921    1.00000    1.00000
     1.00000    21.8681   -11.2142    31.9263    1.00000    1.00000
     1.00000   -1.27713   0.730827   -5.48544    1.00000    1.00000
     1.00000   -3.08207    5.00836    2.19879E-02    1.00000    1.00000
     1.00000   -14.0665    1.47720   -19.8778    1.00000    1.00000
     1.00000    20.5139    1.44870    23.8660    1.00000    1.00000
     1.00000   -9.45958   -5.22737   -16.0404    1.00000    1.00000
     1.00000    11.1328   10.37491    15.0923    1.00000    1.00000
     1.00000   -23.6852   -6.98222   -27.4149    1.00000    1.00000
     1.00000    14.7254   -4.34112    37.6105    1.00000    1.00000
     1.00000   0.278114    5.24118   -7.05337    1.00000    1.00000
     1.00000    2.87251    11.0091    2.41904    1.00000    1.00000
     1.00000   -8.47906   -4.82978   -22.2996    1.00000    1.00000
     1.00000    18.8447    3.90715    15.6554    1.00000    1.00000
     1.00000   -7.34570    4.15965   -13.3822    1.00000    1.00000
     1.00000    8.40680    9.96535   10.15604    1.00000    1.00000
     1.00000   -17.6280   -7.17165   -25.6806    1.00000    1.00000
     1.00000    18.3353   -11.8456    37.9674    1.00000    1.00000
     1.00000  -0.772842    2.69378  -10.06718    1.00000    1.00000
     1.00000   -7.90371    8.60142   -2.68406    1.00000    1.00000
     1.00000   -10.7635   -1.38240   -25.1223    1.00000    1.00000
     1.00000    18.0534   -5.50654    31.7862    1.00000    1.00000
     1.00000   -13.9204   -6.85225   -17.1363    1.00000    1.00000
     1.00000    12.8459    6.32444   10.08392    1.00000    1.00000
     1.00000   -26.8542   -12.3356   -26.0309    1.00000    1.00000
     1.00000    15.3922  -10.08511    45.7537    1.00000    1.00000
     1.00000   -1.62143    5.84095   -6.87448    1.00000    1.00000
     1.00000   -1.22200    9.68872   -4.19214    1.00000    1.00000
     1.00000   -10.6057    1.08292   -17.4773    1.00000    1.00000
     1.00000    16.7071    1.75123    21.8052    1.00000    1.00000
     1.00000  -10.22181   -1.36095   -13.9660    1.00000    1.00000
     1.00000    7.07792    5.98781    2.74129    1.00000    1.00000
     1.00000   -18.5008   -4.68471   -27.8773    1.00000    1.00000
     1.00000    17.9733   -14.9622    34.2002    1.00000    1.00000
     1.00000   -6.00518    1.82446   -2.92397    1.00000    1.00000
     1.00000   -4.73900E-02    7.37691    1.60237    1.00000    1.00000
     1.00000   -13.6380    2.38083   -23.6398    1.00000    1.00000
     1.00000    18.9933   0.225964    24.3052    1.00000    1.00000
     1.00000   -12.5938   -3.23647   -17.9634    1.00000    1.00000
     1.00000    10.9235    12.4072    12.0432    1.00000    1.00000
     1.00000   -20.3467   -4.19159   -27.2862    1.00000    1.00000
     1.00000    17.5609   -12.3707    41.4967    1.00000    1.00000
     1.00000    3.91467   10.52536   -4.92622    1.00000    1.00000
     1.00000    1.81462    11.7853    4.08550    1.00000    1.00000
     1.00000   -7.09029   -2.87556   -21.1291    1.00000    1.00000
     1.00000    18.8525    4.89384    13.9157    1.00000    1.00000
     1.00000   -4.49225   -1.60868   -10.9317    1.00000    1.00000
     1.00000    7.56152    8.04554   10.18611    1.00000    1.00000
     1.00000   -16.9925   -5.31693   -23.2593    1.00000    1.00000
     1.00000    19.9866   -12.7897    36.5606    1.00000    1.00000
     1.00000   -4.77881    4.54324   -8.56190    1.00000    1.00000
     1.00000   -9.28193    8.20921   -5.83996    1.00000    1.00000
     1.00000   -12.6217   0.625626   -25.5236    1.00000    1.00000
     1.00000    18.1196   -5.99624    26.2757    1.00000    1.00000
     1.00000   -15.8163   -8.25624   -11.5015    1.00000    1.00000
     1.00000    11.5319    6.88852    13.0501    1.00000    1.00000
     1.00000   -25.9233   -10.7391   -25.2661    1.00000    1.00000
     1.00000    17.2495   -9.84773    45.0510    1.00000    1.00000
     1.00000    1.20546    9.02658   -4.63389    1.00000    1.00000
     1.00000   0.661922    9.26165   0.762245    1.00000    1.00000
     1.00000   -9.23479   -3.10860   -21.2590    1.00000    1.00000
     1.00000    15.3751    2.83863    20.7837    1.00000    1.00000
     1.00000   -14.7093  -0.182262   -15.0118    1.00000    1.00000
     1.00000    5.86294    5.73904    7.19621    1.00000    1.00000
     1.00000   -18.6263   -8.42741   -30.8760    1.00000    1.00000
     1.00000    20.0149   -11.9657    31.9579    1.00000    1.00000
     1.00000  -0.172791    1.86391   -6.70878    1.00000    1.00000
     1.00000   -4.19008    8.53745  -0.198875    1.00000    1.00000
     1.00000   -12.7192   0.950047   -21.5668    1.00000    1.00000
     1.00000    22.5409    1.34555    22.1809    1.00000    1.00000
     1.00000   -11.1929   -4.82954   -16.9555    1.00000    1.00000
     1.00000    11.6219    8.93011    13.7987    1.00000    1.00000
     1.00000   -21.7411   -9.85183   -29.5184    1.00000    1.00000
     1.00000    15.4413   -5.56253    39.0232    1.00000    1.00000
     1.00000    3.04243    6.08606   -9.28799    1.00000    1.00000
     1.00000    6.22441    11.0442    3.87650    1.00000    1.00000
     1.00000   -5.30713   -3.65662   -24.0431    1.00000    1.00000
     1.00000    18.1951    5.45884    18.6821    1.00000    1.00000
     1.00000   -6.56837    2.06588   -11.0921    1.00000    1.00000
     1.00000    7.82719    11.2288    6.66623    1.00000    1.00000
     1.00000   -18.6552   -7.87685   -23.0209    1.00000    1.00000
     1.00000    17.8412   -7.04323    37.6496    1.00000    1.00000
     1.00000   -2.97246    3.72266   -8.30945    1.00000    1.00000
     1.00000   -5.16607    9.37320   -3.81358    1.00000    1.00000
     1.00000   -7.87385    1.13783   -25.1307    1.00000    1.00000
     1.00000    18.7947   -8.26341    32.3261    1.00000    1.00000
     1.00000   -16.5429   -6.82607   -17.5015    1.00000    1.00000
     1.00000    14.5218    4.05422    10.9260    1.00000    1.00000
     1.00000   -28.4280   -13.2740   -28.6849    1.00000    1.00000
     1.00000    15.3396   -9.70904    43.7901    1.00000    1.00000
     1.00000   -1.63091    5.04556   -3.29446    1.00000    1.00000
     1.00000    2.39408    9.85321   -3.25416    1.00000    1.00000
     1.00000  -10.07067   -2.45778   -19.3646    1.00000    1.00000
     1.00000    17.2705  -0.428211    21.7956    1.00000    1.00000
     1.00000   -9.60869   -9.90677E-03   -12.6248    1.00000    1.00000
     1.00000    8.90921    3.66839    2.86916    1.00000    1.00000
     1.00000   -16.9528   -5.85892   -28.3514    1.00000    1.00000
     1.00000    16.7580   -13.2657    31.2390    1.00000    1.00000
     1.00000   -4.43907  -0.308250   -5.68359    1.00000    1.00000
     1.00000   -9.08928E-02    3.91695    2.32707    1.00000    1.00000
     1.00000   -15.5842    4.35016   -21.9747    1.00000    1.00000
     1.00000    16.9368   -3.58659    25.4668    1.00000    1.00000
     1.00000   -15.0219   -5.31794   -14.7919    1.00000    1.00000
     1.00000    9.39936    10.8120    11.6719    1.00000    1.00000
     1.00000   -23.5463   -4.74543   -25.8321    1.00000    1.00000
     1.00000    16.1415   -7.52483    40.7853    1.00000    1.00000
     1.00000    3.19588    8.88280   -7.75270    1.00000    1.00000
     1.00000    1.08128    11.2169   0.794655    1.00000    1.00000
     1.00000   -8.38626   0.105446   -21.6753    1.00000    1.00000
     1.00000    16.3056    3.38164    11.5307    1.00000    1.00000
     1.00000   -4.83457    2.45197   -14.3021    1.00000    1.00000
     1.00000    8.81227    6.61113    10.8010    1.00000    1.00000
     1.00000   -12.6411   -3.49427   -23.5128    1.00000    1.00000
     1.00000    21.4417   -9.80235    38.6473    1.00000    1.00000
     1.00000   -5.80037    3.49992   -9.92861    1.00000    1.00000
     1.00000   -8.84319    5.93639   -5.14768    1.00000    1.00000
     1.00000   -13.2761  -0.766617   -22.4287    1.00000    1.00000
     1.00000    18.6173   -5.11932    29.9068    1.00000    1.00000
     1.00000   -16.8032   -7.35462   -12.9891    1.00000    1.00000
     1.00000    9.03285    7.50052    15.3291    1.00000    1.00000
     1.00000   -23.8528   -11.2081   -28.0913    1.00000    1.00000
     1.00000    15.6597   -11.1173    47.5171    1.00000    1.00000
     1.00000    1.95184    5.99276   -2.66729    1.00000    1.00000
     1.00000   -1.79557    7.71346  -0.658791    1.00000    1.00000
     1.00000   -10.7754  -0.357391   -22.1798    1.00000    1.00000
     1.00000    14.4120    4.83830    19.6780    1.00000    1.00000
     1.00000   -11.5843   -1.25510   -15.4263    1.00000    1.00000
     1.00000    6.15292    6.13861    4.50811    1.00000    1.00000
     1.00000   -17.9680  -10.30958   -31.0314    1.00000    1.00000
     1.00000    20.8269   -9.50712    31.8823    1.00000    1.00000
     1.00000   -2.97983   0.374634   -4.49856    1.00000    1.00000
     1.00000   -3.54235    6.75557  -0.835564    1.00000    1.00000
     1.00000   -14.3555    3.06296   -21.0618    1.00000    1.00000
     1.00000    22.0886    2.65718    23.6214    1.00000    1.00000
     1.00000   -10.8273   -4.46100   -14.7987    1.00000    1.00000
     1.00000    11.5708    11.6425    16.5759    1.00000    1.00000
     1.00000   -24.9058   -8.56053   -27.5534    1.00000    1.00000
     1.00000    16.6096   -4.86329    37.1898    1.00000    1.00000
     1.00000    1.71797    6.39705   -7.82201    1.00000    1.00000
     1.00000    4.79454   10.48481    2.59488    1.00000    1.00000
     1.00000   -6.98926   -3.67105   -22.9613    1.00000    1.00000
     1.00000    18.3965    3.78837    17.6009    1.00000    1.00000
     1.00000   -9.32204    3.85737   -13.3303    1.00000    1.00000
     1.00000    8.30072    11.2289    8.60937    1.00000    1.00000
     1.00000   -18.5250   -6.23623   -24.1573    1.00000    1.00000
     1.00000    19.3004  -10.38223    37.0045    1.00000    1.00000
     1.00000  -0.409065   0.730297  -10.17847    1.00000    1.00000
     1.00000   -6.76692    7.69529   -1.31052    1.00000    1.00000
     1.00000   -9.61444   0.217987   -24.7783    1.00000    1.00000
     1.00000    19.4306   -6.45177    32.8861    1.00000    1.00000
     1.00000   -15.1678   -8.22894   -17.8771    1.00000    1.00000
     1.00000    12.9337    7.44646    11.7372    1.00000    1.00000
     1.00000   -27.3934   -13.9338   -27.1056    1.00000    1.00000
     1.00000    14.7226   -8.41836    46.6333    1.00000    1.00000
     1.00000   -2.10380    7.11906   -8.33523    1.00000    1.00000
     1.00000   -2.46022    9.38590   -5.73328    1.00000    1.00000
     1.00000   -8.68709   0.560062   -17.2638    1.00000    1.00000
     1.00000    17.8353   0.886520    20.3983    1.00000    1.00000
     1.00000   -8.74850   -2.71132   -13.8895    1.00000    1.00000
     1.00000    9.04527    5.64836    2.62175    1.00000    1.00000
     1.00000   -18.4375   -5.37085   -25.9998    1.00000    1.00000
     1.00000    19.5194   -14.1715    35.1923    1.00000    1.00000
     1.00000   -5.17057   0.214661   -2.08018    1.00000    1.00000
     1.00000  -0.964497    5.71334    2.22803    1.00000    1.00000
     1.00000   -14.6203    4.01779   -24.2360    1.00000    1.00000
     1.00000    18.1051   -1.31119    23.3842    1.00000    1.00000
     1.00000   -12.9996   -5.18182   -17.7377    1.00000    1.00000
     1.00000    11.8203    11.4596    13.5590    1.00000    1.00000
     1.00000   -21.6118   -5.18034   -26.0937    1.00000    1.00000
     1.00000    16.8174  -10.56571    41.9320    1.00000    1.00000
     1.00000    2.62265   10.27049   -6.43145    1.00000    1.00000
     1.00000    2.74460    13.4769    3.56229    1.00000    1.00000
     1.00000   -7.12545   -1.01811   -20.3884    1.00000    1.00000
     1.00000    17.8434    4.43885    12.2500    1.00000    1.00000
     1.00000   -4.67334  -0.144955   -12.2825    1.00000    1.00000
     1.00000    8.18278    8.94446    11.8612    1.00000    1.00000
