     1.00000    2.49339    6.86911    3.05976    1.00000    1.00000
     1.00000   -12.5389   -7.51730    5.06310    1.00000    1.00000
     1.00000    19.5506   -4.98361  -0.900322    1.00000    1.00000
     1.00000   0.228962    6.03248   0.396591    1.00000    1.00000
     1.00000    7.72460  -0.509743   -6.59673    1.00000    1.00000
     1.00000   -36.3908    9.02912    2.22166    1.00000    1.00000
     1.00000    29.7045   -11.0588   -1.81139    1.00000    1.00000
     1.00000   -12.7132   -1.36737    4.96544    1.00000    1.00000
     1.00000    7.11163    2.61281   -4.67867    1.00000    1.00000
     1.00000   -19.8276   -12.3160   -4.67801    1.00000    1.00000
     1.00000    17.6625    1.15924   -5.97316    1.00000    1.00000
     1.00000   -11.2364    9.75739    8.86712    1.00000    1.00000
     1.00000    5.36507   -1.58263   -4.93060    1.00000    1.00000
     1.00000   -31.9424   0.767677    6.41587    1.00000    1.00000
     1.00000    39.3744    3.86086E-02   0.445328    1.00000    1.00000
     1.00000   -6.83218   -3.72575   -2.27106    1.00000    1.00000
     1.00000    3.41477    7.81290   -7.25937E-03    1.00000    1.00000
     1.00000   -18.6181   -5.28053    6.05921    1.00000    1.00000
     1.00000    24.4934   -9.70831   -1.02158E-02    1.00000    1.00000
     1.00000   -4.81613    4.66203  -0.946381    1.00000    1.00000
     1.00000    13.2652   -3.60977   -1.15199    1.00000    1.00000
     1.00000   -38.0110    12.1724    3.13474    1.00000    1.00000
     1.00000    30.6187   -4.80856   -2.34761    1.00000    1.00000
     1.00000   -8.49165    2.17906   0.906570    1.00000    1.00000
     1.00000    8.71452    8.41787   -8.26669    1.00000    1.00000
     1.00000   -16.8468   -9.87693   0.846817    1.00000    1.00000
     1.00000    15.4971    5.85335   -4.39610    1.00000    1.00000
     1.00000   -15.5385    1.03115    8.58503    1.00000    1.00000
     1.00000    5.71340    3.31406   -9.39310    1.00000    1.00000
     1.00000   -28.7737  -0.497993    1.19218    1.00000    1.00000
     1.00000    35.4036   -2.69540    1.10338    1.00000    1.00000
     1.00000   -7.45357   -2.02673    7.06335    1.00000    1.00000
     1.00000    2.30581    6.40351   0.878059    1.00000    1.00000
     1.00000   -14.5363   -7.45278    5.14234    1.00000    1.00000
     1.00000    21.5516   -7.21822   0.484764    1.00000    1.00000
     1.00000  -0.934582    4.60938    1.18459    1.00000    1.00000
     1.00000    9.58522   -5.54057   -6.01407    1.00000    1.00000
     1.00000   -35.7753    9.26537   -1.16335    1.00000    1.00000
     1.00000    27.9597   -12.1955   -3.98587    1.00000    1.00000
     1.00000   -10.6727   -6.35782    6.21497    1.00000    1.00000
     1.00000    7.30759    6.01366   0.736202    1.00000    1.00000
     1.00000   -21.8104   -10.9635   -1.28410    1.00000    1.00000
     1.00000    16.9484   -3.53595   -2.25705    1.00000    1.00000
     1.00000   -11.9536    4.68889    4.88624    1.00000    1.00000
     1.00000    6.11171   -2.07713   -3.14230    1.00000    1.00000
     1.00000   -34.9194    5.61583    2.19173    1.00000    1.00000
     1.00000    40.0694  -0.979176   -3.56519    1.00000    1.00000
     1.00000   -8.12392   -1.55853    5.23813    1.00000    1.00000
     1.00000    4.29042    7.33754   -1.85540    1.00000    1.00000
     1.00000   -19.1833   -4.95979    4.16777    1.00000    1.00000
     1.00000    22.7153   -8.94989    2.64044    1.00000    1.00000
     1.00000   -6.65178    6.59288    2.54942    1.00000    1.00000
     1.00000    12.5326   -2.11745   -2.82549    1.00000    1.00000
     1.00000   -34.5529    15.7714    2.73605    1.00000    1.00000
     1.00000    31.9623   -7.69863   0.235626    1.00000    1.00000
     1.00000   -12.0099    3.06854E-02    1.07117    1.00000    1.00000
     1.00000    12.2550    9.53195   -5.29163    1.00000    1.00000
     1.00000   -14.9155   -9.60351    1.28860    1.00000    1.00000
     1.00000    17.7540    2.57062  -10.45880    1.00000    1.00000
     1.00000   -18.5537    1.84110    8.79029    1.00000    1.00000
     1.00000    5.61621    1.85989   -7.73275    1.00000    1.00000
     1.00000   -23.2432   -1.69620    1.35199    1.00000    1.00000
     1.00000    33.5807   -4.82469   0.827240    1.00000    1.00000
     1.00000   -3.15940    2.75780    2.46420    1.00000    1.00000
     1.00000    4.44156    9.94801    2.86491    1.00000    1.00000
     1.00000   -11.8986   -7.19839    1.54866    1.00000    1.00000
     1.00000    17.9787   -2.74127  -0.474178    1.00000    1.00000
     1.00000   0.192814    4.76400   -1.14926    1.00000    1.00000
     1.00000    11.3870  -0.240913   -7.43995    1.00000    1.00000
     1.00000   -34.2237    7.99864    2.16131    1.00000    1.00000
     1.00000    28.5869   -9.44445   -2.19206    1.00000    1.00000
     1.00000   -9.25593   -3.33447    4.61428    1.00000    1.00000
     1.00000    6.55593    5.97968   -4.12004    1.00000    1.00000
     1.00000   -18.1149   -12.9109   -3.83372    1.00000    1.00000
     1.00000    16.3071    1.97080   -4.63813    1.00000    1.00000
     1.00000   -7.71347    7.62536    5.79866    1.00000    1.00000
     1.00000    4.22438   0.655704   -4.22439    1.00000    1.00000
     1.00000   -29.3552   0.397858    4.39454    1.00000    1.00000
     1.00000    39.4583   -1.31900    1.91157    1.00000    1.00000
     1.00000   -8.59290   -3.17130   -1.50137    1.00000    1.00000
     1.00000    2.39581   10.29726   0.523193    1.00000    1.00000
     1.00000   -14.5905   -4.55280    8.37242    1.00000    1.00000
     1.00000    25.5428   -7.67631   -2.36581    1.00000    1.00000
     1.00000   -6.17745    5.84789   -8.58383E-02    1.00000    1.00000
     1.00000    9.99267   -4.96364   -1.63057    1.00000    1.00000
     1.00000   -38.2638    14.3172    6.13815    1.00000    1.00000
     1.00000    29.9239   -4.41735  -0.513432    1.00000    1.00000
     1.00000  -10.18845    4.92321   -1.28011    1.00000    1.00000
     1.00000    6.08661    7.27800   -5.56713    1.00000    1.00000
     1.00000   -19.8042   -7.91085  -0.652428    1.00000    1.00000
     1.00000    16.6467    5.06150   -5.82837    1.00000    1.00000
     1.00000   -17.7262    4.26501    9.97432    1.00000    1.00000
     1.00000    7.79189    2.20108   -7.89019    1.00000    1.00000
     1.00000   -30.8036   0.439270    1.54036    1.00000    1.00000
     1.00000    37.0908  -0.464638    1.51575    1.00000    1.00000
     1.00000   -5.40376   0.860611    7.48053    1.00000    1.00000
     1.00000    2.58050    4.30807  -0.938091    1.00000    1.00000
     1.00000   -14.1703   -7.54614    7.14945    1.00000    1.00000
     1.00000    21.1787   -8.75546  -0.739113    1.00000    1.00000
     1.00000   -2.74204    5.81023    4.33509    1.00000    1.00000
     1.00000    11.1677   -2.11059   -6.74754    1.00000    1.00000
     1.00000   -35.2442    7.95811   0.441734    1.00000    1.00000
     1.00000    24.7668   -14.1633   -7.88537    1.00000    1.00000
     1.00000   -11.2640   -7.33529    7.85659    1.00000    1.00000
     1.00000    9.99421    6.01670    3.28232    1.00000    1.00000
     1.00000   -19.7028   -8.60995   -2.53815    1.00000    1.00000
     1.00000    15.3500   -1.15553   -3.76996    1.00000    1.00000
     1.00000   -9.98244    4.63790    5.22069    1.00000    1.00000
     1.00000    7.85083   -1.99992   -4.12693    1.00000    1.00000
     1.00000   -32.5193    3.32557    2.89326    1.00000    1.00000
     1.00000    40.5551   -1.00686   -5.66582    1.00000    1.00000
     1.00000   -8.70486   -2.01617   0.703636    1.00000    1.00000
     1.00000    6.07563    8.97980   -3.91718    1.00000    1.00000
     1.00000   -20.3820   -3.15116    2.69802    1.00000    1.00000
     1.00000    24.3176   -7.11678   0.676250    1.00000    1.00000
     1.00000   -3.97914    8.67565    2.56528    1.00000    1.00000
     1.00000    12.3795   -1.98869   -5.16113    1.00000    1.00000
     1.00000   -37.8719    14.0884    2.57825    1.00000    1.00000
     1.00000    32.0356  -10.03377   -1.30650    1.00000    1.00000
     1.00000   -14.5945  -0.258980    1.04800    1.00000    1.00000
     1.00000    10.7009    8.42479   -8.03423    1.00000    1.00000
     1.00000   -16.2874   -7.19386    4.21130    1.00000    1.00000
     1.00000    17.1590    4.42973   -7.65549    1.00000    1.00000
     1.00000   -15.5202    3.38174    6.70356    1.00000    1.00000
     1.00000    5.42860    1.77611   -5.36218    1.00000    1.00000
     1.00000   -26.8352   -2.93350E-02    1.34348    1.00000    1.00000
     1.00000    31.8220   -1.41287    2.09902    1.00000    1.00000
     1.00000   -5.17228    1.48969    2.36764    1.00000    1.00000
     1.00000   0.953053    5.87946    2.25480    1.00000    1.00000
     1.00000   -11.8317   -9.01931    3.94785    1.00000    1.00000
     1.00000    21.3075   -5.15097    4.06075E-02    1.00000    1.00000
     1.00000   -1.50961    6.77690  -0.253952    1.00000    1.00000
     1.00000    9.55827   -1.01810   -7.21255    1.00000    1.00000
     1.00000   -37.9060   10.32561    2.37438    1.00000    1.00000
     1.00000    30.6287   -12.6246   -2.64440    1.00000    1.00000
     1.00000   -13.3845  -0.450928    3.31936    1.00000    1.00000
     1.00000    8.01609    4.37694   -4.41448    1.00000    1.00000
     1.00000   -21.4438   -13.2930   -4.01969    1.00000    1.00000
     1.00000    16.2661    2.51083E-02   -5.09923    1.00000    1.00000
     1.00000   -11.2098    8.60799    7.23061    1.00000    1.00000
     1.00000    5.57638   -3.54137   -4.58611    1.00000    1.00000
     1.00000   -33.1748   0.772278    4.84070    1.00000    1.00000
     1.00000    39.1718   -1.25487   -1.06659    1.00000    1.00000
     1.00000   -6.14895   -1.92375   -2.80585    1.00000    1.00000
     1.00000    5.30749    7.18054  -0.140488    1.00000    1.00000
     1.00000   -17.3506   -4.90365    7.55973    1.00000    1.00000
     1.00000    26.4506  -10.08722   0.150425    1.00000    1.00000
     1.00000   -2.97458    4.84101   -1.70575    1.00000    1.00000
     1.00000    11.3498   -3.49708   -1.71633    1.00000    1.00000
     1.00000   -37.9633    11.1778    4.86919    1.00000    1.00000
     1.00000    30.1560   -6.72943   -2.03750    1.00000    1.00000
     1.00000   -9.82179   0.998268    1.82116    1.00000    1.00000
     1.00000    8.43105    8.15690  -10.22923    1.00000    1.00000
     1.00000   -17.8918   -11.2556  -0.156822    1.00000    1.00000
     1.00000    15.0859    7.36946   -5.63397    1.00000    1.00000
     1.00000   -15.6984    2.93689    9.17034    1.00000    1.00000
     1.00000    4.19062    2.04589   -9.12311    1.00000    1.00000
     1.00000   -30.3661   -1.51650    1.84556    1.00000    1.00000
     1.00000    35.3628  -0.771996   0.556728    1.00000    1.00000
     1.00000   -6.51109  -0.654579    8.17192    1.00000    1.00000
     1.00000    2.54858    4.46456    1.30413    1.00000    1.00000
     1.00000   -13.9188   -5.59305    5.54239    1.00000    1.00000
     1.00000    20.0426   -6.13983    1.23316    1.00000    1.00000
     1.00000   -1.61563    6.22717    2.14319    1.00000    1.00000
     1.00000    10.7435   -6.82392   -5.00838    1.00000    1.00000
     1.00000   -35.8756    7.27473   -1.32870    1.00000    1.00000
     1.00000    26.4293   -11.9427   -5.24839    1.00000    1.00000
     1.00000   -9.52054   -5.28212    4.98394    1.00000    1.00000
     1.00000    6.61436    4.90747  -0.778973    1.00000    1.00000
     1.00000   -20.9058   -12.4321   -2.29648    1.00000    1.00000
     1.00000    15.6523   -3.51172   -3.78001    1.00000    1.00000
     1.00000   -13.6721    4.91800    5.88343    1.00000    1.00000
     1.00000    7.45415   -2.38869   -1.69289    1.00000    1.00000
     1.00000   -34.4133    3.68851    2.36289    1.00000    1.00000
     1.00000    41.0227   -1.12527   -1.81309    1.00000    1.00000
     1.00000   -7.46587   -1.49461    3.35057    1.00000    1.00000
     1.00000    3.18024    7.81524   -3.44893    1.00000    1.00000
     1.00000   -18.6075   -4.04833    2.48325    1.00000    1.00000
     1.00000    22.9798   -8.60342   0.688515    1.00000    1.00000
     1.00000   -7.35303    7.93500    3.85593    1.00000    1.00000
     1.00000    10.5894   -1.80692   -2.46814    1.00000    1.00000
     1.00000   -33.0050    14.6066    2.23895    1.00000    1.00000
     1.00000    31.5332   -8.13215   -1.66909    1.00000    1.00000
     1.00000  -10.15808  -0.642311   0.727814    1.00000    1.00000
     1.00000    10.6694    8.56947   -6.03972    1.00000    1.00000
     1.00000   -14.5572   -9.78819    3.24757    1.00000    1.00000
     1.00000    16.4467    3.54853   -9.30354    1.00000    1.00000
     1.00000   -17.0939    2.73096    7.75246    1.00000    1.00000
     1.00000    4.14194    2.93451   -6.91314    1.00000    1.00000
     1.00000   -21.2706   -1.67576    1.68138    1.00000    1.00000
     1.00000    33.7400   -2.99545    3.44696E-02    1.00000    1.00000
     1.00000   -3.31134   0.786827    2.16062    1.00000    1.00000
     1.00000    4.15584    7.98071    3.08415    1.00000    1.00000
     1.00000   -10.8293   -7.44913    3.22007    1.00000    1.00000
     1.00000    18.9385   -3.47848   -2.06644    1.00000    1.00000
     1.00000   -1.22721    5.65334   -2.24133    1.00000    1.00000
     1.00000    11.6464   -1.55215   -8.92770    1.00000    1.00000
     1.00000   -35.9093    7.20690    2.89074    1.00000    1.00000
     1.00000    27.9924  -10.19617   -3.94748    1.00000    1.00000
     1.00000   -10.9419   -2.29219    4.88110    1.00000    1.00000
     1.00000    6.97320    4.60979   -2.72387    1.00000    1.00000
     1.00000   -17.5704   -11.7613   -2.29037    1.00000    1.00000
     1.00000    16.1435    3.16830   -6.23162    1.00000    1.00000
     1.00000   -9.48232    8.45039    6.23513    1.00000    1.00000
     1.00000    3.90884  -0.527405   -5.80574    1.00000    1.00000
     1.00000   -31.3430   0.273476    4.21161    1.00000    1.00000
     1.00000    38.2985  -0.189537    3.08598    1.00000    1.00000
     1.00000   -7.14550   -2.18334  -0.537521    1.00000    1.00000
     1.00000    1.65065    8.44861   0.688267    1.00000    1.00000
     1.00000   -15.6975   -6.02859    7.60003    1.00000    1.00000
     1.00000    26.7810   -8.97019   -1.47533    1.00000    1.00000
     1.00000   -7.40612    5.18467    1.34612    1.00000    1.00000
     1.00000    11.3127   -6.25283   -2.40228    1.00000    1.00000
     1.00000   -37.0667    12.8634    5.46461    1.00000    1.00000
     1.00000    30.9896   -2.72834  -0.405884    1.00000    1.00000
     1.00000   -9.73744    3.45437    1.60217E-04    1.00000    1.00000
     1.00000    7.28319    8.18300   -6.88969    1.00000    1.00000
     1.00000   -18.2058   -8.47663   0.408142    1.00000    1.00000
     1.00000    17.6399    6.46237   -4.80318    1.00000    1.00000
     1.00000   -15.7819    4.72568   10.06100    1.00000    1.00000
     1.00000    6.97571    1.78740   -9.66859    1.00000    1.00000
     1.00000   -29.8879   0.350700  -0.235497    1.00000    1.00000
     1.00000    36.2544    1.32048    1.85302    1.00000    1.00000
     1.00000   -5.36889    2.18291    5.98044    1.00000    1.00000
     1.00000    1.90302    6.18528   -1.06877    1.00000    1.00000
     1.00000   -13.3045   -5.76645    7.43781    1.00000    1.00000
     1.00000    22.1702   -8.28181   -2.41024    1.00000    1.00000
     1.00000   -2.82376    4.71962    2.66061    1.00000    1.00000
     1.00000    10.8236   -4.07305   -6.57338    1.00000    1.00000
     1.00000   -37.0793    7.18689   0.636513    1.00000    1.00000
     1.00000    25.1262   -13.0990   -6.23063    1.00000    1.00000
     1.00000   -12.9243   -8.18685    8.57651    1.00000    1.00000
     1.00000    8.54288    6.75706    2.12236    1.00000    1.00000
     1.00000   -20.1758   -9.83887   -1.03281    1.00000    1.00000
     1.00000    15.8493   -1.88861   -1.97739    1.00000    1.00000
     1.00000   -9.19589    6.29935    6.00869    1.00000    1.00000
     1.00000    9.06934   -3.04395   -5.32078    1.00000    1.00000
     1.00000   -31.2153    1.80984    2.93752    1.00000    1.00000
     1.00000    41.0977   -2.46963   -4.41447    1.00000    1.00000
     1.00000   -7.22933  -0.895805    1.45703    1.00000    1.00000
     1.00000    6.07935    7.35607   -2.74950    1.00000    1.00000
     1.00000   -22.3068   -2.96520    3.20850    1.00000    1.00000
     1.00000    23.7356   -6.87900    2.57488    1.00000    1.00000
     1.00000   -4.89755    7.09180    3.37023    1.00000    1.00000
     1.00000    13.7440   -3.02686   -4.13144    1.00000    1.00000
     1.00000   -36.3339    15.1041    3.35476    1.00000    1.00000
     1.00000    32.3054   -11.5352   -2.59987    1.00000    1.00000
     1.00000   -13.4425    1.06147    2.01196    1.00000    1.00000
     1.00000    11.7664    9.94217   -8.78419    1.00000    1.00000
     1.00000   -15.8413   -8.37258    2.65836    1.00000    1.00000
     1.00000    15.1646    4.43771   -7.50617    1.00000    1.00000
     1.00000   -13.7527    2.91963    5.88977    1.00000    1.00000
     1.00000    5.87448   0.249611   -6.57503    1.00000    1.00000
     1.00000   -24.9220  -0.609962    1.39310    1.00000    1.00000
     1.00000    32.4370   -1.48693   0.197372    1.00000    1.00000
     1.00000   -5.99368    2.11153    4.08187    1.00000    1.00000
