     1.00000    3.74182   -4.31564   10.46322    1.00000    1.00000
     1.00000   -5.10127    7.42060   -4.67620    1.00000    1.00000
     1.00000   -4.14001  -0.730362    6.11660    1.00000    1.00000
     1.00000  -0.201138    1.17115  -0.216675    1.00000    1.00000
     1.00000    16.6329    2.38926    5.36992    1.00000    1.00000
     1.00000   -9.99977    9.59790    4.90348    1.00000    1.00000
     1.00000   -10.6935    2.98201    1.61287    1.00000    1.00000
     1.00000    12.1440   -4.78049   -9.20927    1.00000    1.00000
     1.00000   -1.54095   -9.57553    11.3177    1.00000    1.00000
     1.00000   -7.43957    9.40141    1.50236    1.00000    1.00000
     1.00000    4.27372   -1.28807    16.1137    1.00000    1.00000
     1.00000  -0.384151   -6.48009   -12.6707    1.00000    1.00000
     1.00000   0.595123   -3.81517  -0.664879    1.00000    1.00000
     1.00000   -9.46880    14.9112   -1.09401    1.00000    1.00000
     1.00000   -7.45677   -4.34418E-02    3.48194    1.00000    1.00000
     1.00000    13.7890   -16.5531   -9.33052    1.00000    1.00000
     1.00000    6.27679   -5.49978    3.95689    1.00000    1.00000
     1.00000   -5.58726    8.40889   -11.4898    1.00000    1.00000
     1.00000    6.67765    1.61236    5.75611    1.00000    1.00000
     1.00000    1.88087  -0.122265   -11.1632    1.00000    1.00000
     1.00000    6.51524   -5.17863    1.99728    1.00000    1.00000
     1.00000   -13.2216    8.64011    6.24748    1.00000    1.00000
     1.00000   -8.50393    4.40849    2.79416    1.00000    1.00000
     1.00000    9.44458   0.688854   -8.96473    1.00000    1.00000
     1.00000   -4.60701   -10.8510    6.97757    1.00000    1.00000
     1.00000   -3.86679    11.8318  -0.835838    1.00000    1.00000
     1.00000  -0.329697   -3.30067    18.1021    1.00000    1.00000
     1.00000    5.54044   -1.55210   -16.5168    1.00000    1.00000
     1.00000    1.95170   -3.25050   -7.75290    1.00000    1.00000
     1.00000   -11.3913    9.06556   0.412380    1.00000    1.00000
     1.00000   -4.12962    3.23299    8.12274    1.00000    1.00000
     1.00000    8.50010   -11.3871   -4.77252    1.00000    1.00000
     1.00000   0.988735   -1.01170    8.08209    1.00000    1.00000
     1.00000   -6.52324    7.52874   -9.95710    1.00000    1.00000
     1.00000   -6.69812   -1.44110    4.73434    1.00000    1.00000
     1.00000   0.592072    1.79893   -5.92537    1.00000    1.00000
     1.00000    13.6673   -1.12560    6.52324    1.00000    1.00000
     1.00000   -12.5134    10.6078    2.14244    1.00000    1.00000
     1.00000   -5.52169   0.568092   -1.13411E-02    1.00000    1.00000
     1.00000   10.18085   -6.18740   -6.63929    1.00000    1.00000
     1.00000    1.50526   -10.8928    8.03553    1.00000    1.00000
     1.00000   -3.88291    8.61554   0.214355    1.00000    1.00000
     1.00000    4.56167  -0.710407    10.7140    1.00000    1.00000
     1.00000    1.22902   -7.05750   -16.3859    1.00000    1.00000
     1.00000    1.67027   -2.85839   -2.67698    1.00000    1.00000
     1.00000   -11.9142    9.11322   -2.23337    1.00000    1.00000
     1.00000   -11.2577   -5.74960    3.83265    1.00000    1.00000
     1.00000   10.09868   -15.0048  -10.49276    1.00000    1.00000
     1.00000    3.69366   -8.19178    8.82587    1.00000    1.00000
     1.00000   -1.35521    7.40681  -10.12133    1.00000    1.00000
     1.00000   0.281124   0.739983    7.42583    1.00000    1.00000
     1.00000    1.65468    1.27764   -8.86018    1.00000    1.00000
     1.00000    14.7718   -2.21149    1.74136    1.00000    1.00000
     1.00000   -11.5456    13.0917    7.28401    1.00000    1.00000
     1.00000   -4.38990    6.20266   0.720940    1.00000    1.00000
     1.00000   10.33722    2.18369   -4.31068    1.00000    1.00000
     1.00000   0.395870   -9.38559    6.67894    1.00000    1.00000
     1.00000   -1.96021    8.18462   -2.51188    1.00000    1.00000
     1.00000    5.07184   -3.09776    15.8168    1.00000    1.00000
     1.00000    5.96019   -1.04939   -12.7638    1.00000    1.00000
     1.00000    5.99066   -5.79016   -2.62183    1.00000    1.00000
     1.00000   -16.4683    9.58075  -0.240120    1.00000    1.00000
     1.00000   -6.53434    2.11700    6.44538    1.00000    1.00000
     1.00000    11.8179   -11.2376   -9.34400    1.00000    1.00000
     1.00000    4.63264   -3.48573    8.87650    1.00000    1.00000
     1.00000   -7.55340    6.03336   -8.78147    1.00000    1.00000
     1.00000   -3.70822  -0.947224    8.44445    1.00000    1.00000
     1.00000   -2.29316   0.811214   -5.19965    1.00000    1.00000
     1.00000    16.7025   0.444447    5.97707    1.00000    1.00000
     1.00000   -8.36376    10.7183    4.64216    1.00000    1.00000
     1.00000   -9.96116    1.12193    1.55113    1.00000    1.00000
     1.00000    13.9921   -2.49858   -11.5555    1.00000    1.00000
     1.00000   -2.84597   -6.37766    12.6257    1.00000    1.00000
     1.00000   -5.47635    8.51229   -3.04294    1.00000    1.00000
     1.00000    3.13787   -1.27459    13.7543    1.00000    1.00000
     1.00000    2.89370   -5.48724   -13.2623    1.00000    1.00000
     1.00000  -0.625534   -2.35791   -4.32701E-02    1.00000    1.00000
     1.00000   -8.47090    13.6604   0.478443    1.00000    1.00000
     1.00000   -6.30140   -1.51519    2.77549    1.00000    1.00000
     1.00000    10.5840   -16.0415   -8.09522    1.00000    1.00000
     1.00000    4.99323   -4.53074    5.14576    1.00000    1.00000
     1.00000   -3.46838    6.27478   -10.6876    1.00000    1.00000
     1.00000    5.24479    4.20988    7.24573    1.00000    1.00000
     1.00000    5.08841   0.306980   -8.29403    1.00000    1.00000
     1.00000    8.88503   -5.34357  -0.157101    1.00000    1.00000
     1.00000   -13.9135    9.47547    7.92776    1.00000    1.00000
     1.00000   -7.13763    5.54548    3.71093    1.00000    1.00000
     1.00000    7.82147   -1.03023   -12.0322    1.00000    1.00000
     1.00000   -1.52650  -10.33120    6.70463    1.00000    1.00000
     1.00000   -1.44510   10.45000  -0.511158    1.00000    1.00000
     1.00000    4.36865   -3.40585    17.6636    1.00000    1.00000
     1.00000    3.91757   -3.28732   -18.5545    1.00000    1.00000
     1.00000   0.142143   -3.92550   -8.27239    1.00000    1.00000
     1.00000   -15.1403    8.71342   -1.45844    1.00000    1.00000
     1.00000   -1.01836    3.05899    7.39364    1.00000    1.00000
     1.00000    8.91404   -9.65335   -7.82208    1.00000    1.00000
     1.00000    2.46763   -4.33528    8.75953    1.00000    1.00000
     1.00000   -4.08810    4.70534   -8.89450    1.00000    1.00000
     1.00000   -4.73852   -3.85188    4.07871    1.00000    1.00000
     1.00000   -3.25354    4.28834   -7.12541    1.00000    1.00000
     1.00000    16.2647  -0.105125    4.10456    1.00000    1.00000
     1.00000   -15.1678    9.19534    2.64111    1.00000    1.00000
     1.00000   -3.99857  -0.646767   0.440559    1.00000    1.00000
     1.00000   10.04997   -3.76942   -7.61280    1.00000    1.00000
     1.00000   0.348286   -12.6555    12.2859    1.00000    1.00000
     1.00000   -4.67570    9.56710    2.69240    1.00000    1.00000
     1.00000    5.64894   0.199097    7.22745    1.00000    1.00000
     1.00000    1.63924   -6.01988   -14.7261    1.00000    1.00000
     1.00000    1.75017   -5.43793   -1.84863    1.00000    1.00000
     1.00000  -10.32062   10.31752   -2.13306    1.00000    1.00000
     1.00000   -10.6907   -3.73283    2.54494    1.00000    1.00000
     1.00000    11.4038   -13.4921  -10.40160    1.00000    1.00000
     1.00000    3.89348   -6.21656    8.58386    1.00000    1.00000
     1.00000   -2.78694    2.73350   -10.8067    1.00000    1.00000
     1.00000    3.75926   0.964729    7.49332    1.00000    1.00000
     1.00000  -0.146450    1.55791   -8.03716    1.00000    1.00000
     1.00000    11.2298   -2.93092    1.13680    1.00000    1.00000
     1.00000   -12.1185    14.2310    8.82472    1.00000    1.00000
     1.00000   -6.66048    3.75020    2.38382    1.00000    1.00000
     1.00000    10.6395  -0.434059   -5.78611    1.00000    1.00000
     1.00000   -1.99334   -8.64798    7.67870    1.00000    1.00000
     1.00000    2.03682    6.43325    4.07028E-02    1.00000    1.00000
     1.00000    6.87319   -2.19522    12.9952    1.00000    1.00000
     1.00000    2.90770   -1.77335   -12.5780    1.00000    1.00000
     1.00000    4.68882   -3.92368   -4.32534    1.00000    1.00000
     1.00000   -18.4811    12.4938   -1.92242    1.00000    1.00000
     1.00000   -4.52426    3.50760    4.55093    1.00000    1.00000
     1.00000    10.6091   -12.3545   -7.88525    1.00000    1.00000
     1.00000    5.03484   -3.19016    11.4935    1.00000    1.00000
     1.00000   -6.77851    7.16574   -5.73541    1.00000    1.00000
     1.00000   -5.25755   -3.66211E-04    7.60597    1.00000    1.00000
     1.00000   -1.71719   0.626476   -1.40197    1.00000    1.00000
     1.00000    17.8504    1.82774    6.85390    1.00000    1.00000
     1.00000  -10.31766    10.9709    6.32261    1.00000    1.00000
     1.00000  -10.36946    3.09256  -0.357609    1.00000    1.00000
     1.00000    11.2673   -2.99536   -8.99809    1.00000    1.00000
     1.00000   -2.87883   -9.59315    9.83118    1.00000    1.00000
     1.00000   -7.07837    8.34759  -0.158661    1.00000    1.00000
     1.00000    2.70287  -0.261002    15.4226    1.00000    1.00000
     1.00000    1.30911   -5.61623   -12.0489    1.00000    1.00000
     1.00000  -0.967289   -5.06365  -0.651783    1.00000    1.00000
     1.00000  -10.19796    13.1797  -0.408222    1.00000    1.00000
     1.00000   -7.37681   0.673111    5.34746    1.00000    1.00000
     1.00000    14.9775   -14.9611   -9.10001    1.00000    1.00000
     1.00000    6.21029   -7.43688    3.46372    1.00000    1.00000
     1.00000   -4.17550    7.23999   -12.2902    1.00000    1.00000
     1.00000    5.08332    2.27512    6.76550    1.00000    1.00000
     1.00000    3.85660   0.187786   -11.1435    1.00000    1.00000
     1.00000    6.52426   -4.66897    6.33278E-02    1.00000    1.00000
     1.00000   -12.6181    6.80141    5.74249    1.00000    1.00000
     1.00000  -10.40401    4.03068    3.29112    1.00000    1.00000
     1.00000   10.22433   0.973354   -7.14509    1.00000    1.00000
     1.00000   -6.43092   -10.9536    7.79170    1.00000    1.00000
     1.00000   -5.63432    11.2185  -0.128925    1.00000    1.00000
     1.00000    1.45495   -3.89607    17.4235    1.00000    1.00000
     1.00000    6.97653   -2.54462   -15.5408    1.00000    1.00000
     1.00000    2.47505   -4.05210   -5.99689    1.00000    1.00000
     1.00000   -12.9338    9.77454  -0.644962    1.00000    1.00000
     1.00000   -2.43925    4.29996    8.05775    1.00000    1.00000
     1.00000    8.31189   -12.8939   -6.07401    1.00000    1.00000
     1.00000    1.32766   -2.72051    9.06447    1.00000    1.00000
     1.00000   -5.67729    5.79424   -9.43189    1.00000    1.00000
     1.00000   -4.76713   -1.19518    4.27523    1.00000    1.00000
     1.00000   -1.31920    2.00084   -6.47879    1.00000    1.00000
     1.00000    15.1601   -1.90855    5.44698    1.00000    1.00000
     1.00000   -11.6436    9.97277    3.82769    1.00000    1.00000
     1.00000   -6.91752    1.87966   0.564369    1.00000    1.00000
     1.00000    9.67507   -8.11624   -6.79343    1.00000    1.00000
     1.00000   0.658054  -10.50983    9.80629    1.00000    1.00000
     1.00000   -2.82813    7.34719  -0.916447    1.00000    1.00000
     1.00000    3.50176  -0.204975    9.09502    1.00000    1.00000
     1.00000    1.96466   -8.73724   -17.1842    1.00000    1.00000
     1.00000    1.01281   -3.72571   -4.35493    1.00000    1.00000
     1.00000   -12.7372    7.45660   -2.99388    1.00000    1.00000
     1.00000   -12.4219   -4.73421    2.56235    1.00000    1.00000
     1.00000    8.88538   -15.4416   -8.96400    1.00000    1.00000
     1.00000    2.47663   -7.68290    7.32257    1.00000    1.00000
     1.00000   -1.51191    5.85632   -11.3749    1.00000    1.00000
     1.00000   -1.62276   0.410427    6.90950    1.00000    1.00000
     1.00000    1.01464    3.10757   -9.35181    1.00000    1.00000
     1.00000    13.2052   -3.21657    1.00956    1.00000    1.00000
     1.00000   -11.4652    11.2054    7.94377    1.00000    1.00000
     1.00000   -3.39433    5.24484    2.16711    1.00000    1.00000
     1.00000    11.7858    1.05698   -5.10580    1.00000    1.00000
     1.00000    2.38518   -9.58789    6.72033    1.00000    1.00000
     1.00000  -0.562885    8.80128   -1.22066    1.00000    1.00000
     1.00000    5.93274   -3.82104    14.1628    1.00000    1.00000
     1.00000    5.14852   -1.22233   -14.5835    1.00000    1.00000
     1.00000    6.24117   -5.17154   -4.50718    1.00000    1.00000
     1.00000   -18.4213    9.97781   -7.27005E-02    1.00000    1.00000
     1.00000   -5.16352    3.57331    6.44487    1.00000    1.00000
     1.00000    10.7322   -9.70643   -8.65353    1.00000    1.00000
     1.00000    3.89053   -3.21600    7.03897    1.00000    1.00000
     1.00000   -6.27315    5.95732   -7.24681    1.00000    1.00000
     1.00000   -3.14133   0.939331    8.09869    1.00000    1.00000
     1.00000   -1.68513   0.276585   -3.37086    1.00000    1.00000
     1.00000    17.7490   -1.18719    5.48438    1.00000    1.00000
     1.00000   -8.50529    10.6467    2.64846    1.00000    1.00000
     1.00000   -8.02200   0.653893    1.69469    1.00000    1.00000
     1.00000    13.0896   -2.90136   -9.81672    1.00000    1.00000
     1.00000   -2.50127   -7.82147    11.2853    1.00000    1.00000
     1.00000   -5.38488    8.88092   -1.07934    1.00000    1.00000
     1.00000    3.36670   -1.84225    11.8502    1.00000    1.00000
     1.00000    3.09272   -3.51672   -13.5405    1.00000    1.00000
     1.00000    1.22220   -1.72807  -0.478222    1.00000    1.00000
     1.00000   -9.22846    12.1237    1.51023    1.00000    1.00000
     1.00000   -7.44439   -2.95037    3.57161    1.00000    1.00000
     1.00000    12.4869   -16.5884   -7.81279    1.00000    1.00000
     1.00000    4.52856   -5.52393    6.81837    1.00000    1.00000
     1.00000   -2.70759    6.62620   -8.87164    1.00000    1.00000
     1.00000    6.78524    3.64314    8.38845    1.00000    1.00000
     1.00000    3.57750    1.06079   -9.36590    1.00000    1.00000
     1.00000    7.54792   -5.04277   -1.61369    1.00000    1.00000
     1.00000   -13.4042    11.3564    7.47744    1.00000    1.00000
     1.00000   -5.64050    6.70789    4.34921    1.00000    1.00000
     1.00000    8.56202  -0.585693  -10.22829    1.00000    1.00000
     1.00000   -2.96388  -10.55139    8.07775    1.00000    1.00000
     1.00000   -3.05841    10.7428   0.634056    1.00000    1.00000
     1.00000    2.75168   -2.43332    17.0006    1.00000    1.00000
     1.00000    3.71109   -1.74123   -17.3027    1.00000    1.00000
     1.00000   -1.43857   -2.86123   -7.66521    1.00000    1.00000
     1.00000   -14.7267    10.6046  -0.956093    1.00000    1.00000
     1.00000   0.603359    3.29757    6.24773    1.00000    1.00000
     1.00000    8.14412   -11.4637   -7.46194    1.00000    1.00000
     1.00000    1.91981   -3.55490    7.00143    1.00000    1.00000
     1.00000   -4.76718    3.13977   -9.93752    1.00000    1.00000
     1.00000   -3.28743   -2.48723    3.89965    1.00000    1.00000
     1.00000   -1.34550    3.76575   -7.41920    1.00000    1.00000
     1.00000    14.8135   -1.36610    3.55342    1.00000    1.00000
     1.00000   -14.4258    10.7097    1.56587    1.00000    1.00000
     1.00000   -2.49809   -1.11250  -0.797043    1.00000    1.00000
     1.00000    11.1122   -4.50598   -6.08663    1.00000    1.00000
     1.00000    1.49155E-02   -10.7786    11.6809    1.00000    1.00000
     1.00000   -2.98714    8.75119    1.99739    1.00000    1.00000
     1.00000    5.01311   -1.30442    8.38295    1.00000    1.00000
     1.00000  -0.305378   -5.55261   -14.7160    1.00000    1.00000
     1.00000    2.54263   -3.75411   -1.11599    1.00000    1.00000
     1.00000   -9.16273    11.7243   -1.30834    1.00000    1.00000
     1.00000   -9.42467   -2.89349    3.84597    1.00000    1.00000
     1.00000    11.5859   -11.7023   -11.2754    1.00000    1.00000
     1.00000    2.41364   -5.97253    9.90694    1.00000    1.00000
     1.00000   -1.85706    4.00256   -12.0416    1.00000    1.00000
     1.00000    2.07151   0.301289    6.64990    1.00000    1.00000
     1.00000  -0.502640   0.164783   -9.42723    1.00000    1.00000
     1.00000   10.07247   -3.73894  -0.280113    1.00000    1.00000
     1.00000   -11.1659    13.2432   10.27968    1.00000    1.00000
     1.00000   -5.25487    4.44995    1.14503    1.00000    1.00000
     1.00000   10.05703   -1.84093   -7.08281    1.00000    1.00000
     1.00000  -0.312458   -7.62687    7.31544    1.00000    1.00000
     1.00000    1.22947    7.94389  -0.991852    1.00000    1.00000
     1.00000    6.82663   -2.23681    14.9942    1.00000    1.00000
     1.00000    4.56507   -1.65472   -11.4649    1.00000    1.00000
     1.00000    2.80893   -4.56557   -4.09298    1.00000    1.00000
     1.00000   -19.2915    10.6752   -1.73295    1.00000    1.00000
     1.00000   -2.61072    4.06518    4.71672    1.00000    1.00000
     1.00000    11.3911   -10.7116   -7.05494    1.00000    1.00000
