     1.00000    1.84127    3.13068    8.22123    1.00000    1.00000
     1.00000    11.7571   -2.24490   -17.5735    1.00000    1.00000
     1.00000   -2.76739    2.31969   -5.60630    1.00000    1.00000
     1.00000    5.75674    4.65733   -3.10901    1.00000    1.00000
     1.00000   -4.93435    6.78035    8.90201    1.00000    1.00000
     1.00000    15.4546   -8.31402   -15.3125    1.00000    1.00000
     1.00000   -7.58558  -0.722012    6.85675    1.00000    1.00000
     1.00000    6.65726   -6.93216   -7.20083    1.00000    1.00000
     1.00000    1.98312    11.2210    12.7872    1.00000    1.00000
     1.00000    5.40401   -3.90009   -8.33529    1.00000    1.00000
     1.00000   -15.3770    4.57773   -1.88295    1.00000    1.00000
     1.00000  -0.152771    3.46711    2.97378    1.00000    1.00000
     1.00000   -6.33294    10.7013    8.60775    1.00000    1.00000
     1.00000    19.3023   -11.2444   -11.0135    1.00000    1.00000
     1.00000   -8.07593    4.44673    21.3831    1.00000    1.00000
     1.00000   -6.49314   -9.90094   -8.25007    1.00000    1.00000
     1.00000   -1.10693  -0.441448    6.39698    1.00000    1.00000
     1.00000    9.82051   -4.92163   -17.2727    1.00000    1.00000
     1.00000   -11.5285    5.95158   -5.07146    1.00000    1.00000
     1.00000    8.21700    8.75812   -9.50908    1.00000    1.00000
     1.00000   -9.19790    6.84923    8.32490    1.00000    1.00000
     1.00000    15.5802   -10.6964   -15.7349    1.00000    1.00000
     1.00000   -11.0284    8.65898E-02    14.3232    1.00000    1.00000
     1.00000    2.58865   -6.82765   -4.12432    1.00000    1.00000
     1.00000    4.48812   10.37677    8.58981    1.00000    1.00000
     1.00000  -0.165428   -4.86140   -8.01749    1.00000    1.00000
     1.00000   -8.75941    2.02504    3.73198    1.00000    1.00000
     1.00000   -4.72587   -8.71267  -0.453884    1.00000    1.00000
     1.00000   -5.02974    10.7668    12.3853    1.00000    1.00000
     1.00000    16.2294   -16.1860   -7.03415    1.00000    1.00000
     1.00000   -8.87247    3.41488    14.0087    1.00000    1.00000
     1.00000   -7.33368   -5.81985   -9.36664    1.00000    1.00000
     1.00000  -0.443581    4.69571    11.2844    1.00000    1.00000
     1.00000    13.7237   0.348419   -23.9952    1.00000    1.00000
     1.00000   -6.54709    3.29926   -1.59466    1.00000    1.00000
     1.00000    4.99796    2.03065  -0.598080    1.00000    1.00000
     1.00000   -6.65054    6.13814    5.05181    1.00000    1.00000
     1.00000    13.8755   -7.35542   -19.2505    1.00000    1.00000
     1.00000   -6.58705    1.48713    4.38894    1.00000    1.00000
     1.00000    5.80571   -2.70817   -2.64888    1.00000    1.00000
     1.00000    4.26328    9.94224    14.2237    1.00000    1.00000
     1.00000    3.54451   -3.39431   -12.8035    1.00000    1.00000
     1.00000   -14.7122    3.82655   -5.61928    1.00000    1.00000
     1.00000    1.62515   -1.08630    4.08423    1.00000    1.00000
     1.00000   -5.24991    11.3665    7.06356    1.00000    1.00000
     1.00000    17.2784   -16.5203  -10.10032    1.00000    1.00000
     1.00000   -7.86225    7.39893    22.8646    1.00000    1.00000
     1.00000   -2.26197   -9.77834   -2.74430    1.00000    1.00000
     1.00000   -3.41735    2.12597    9.96584    1.00000    1.00000
     1.00000    6.36707   -4.20958   -12.9522    1.00000    1.00000
     1.00000   -8.65392   0.507526   -2.99876    1.00000    1.00000
     1.00000    6.53842    5.15382   -6.80013    1.00000    1.00000
     1.00000   -6.55172    8.21149    3.99773    1.00000    1.00000
     1.00000    17.2619  -10.11052   -12.3599    1.00000    1.00000
     1.00000   -12.3642   -3.52883    11.2596    1.00000    1.00000
     1.00000  -0.618290   -9.14257   -3.68988    1.00000    1.00000
     1.00000    1.60540    7.84386    12.1672    1.00000    1.00000
     1.00000  -0.107086   -3.55282   -11.1745    1.00000    1.00000
     1.00000   -11.5347   0.306259  -0.855591    1.00000    1.00000
     1.00000   -1.21589   -2.20419    1.85995    1.00000    1.00000
     1.00000   -9.86878    10.8506    17.8459    1.00000    1.00000
     1.00000    17.6693   -14.6088   -2.20466    1.00000    1.00000
     1.00000   -7.37093    3.17234    20.0124    1.00000    1.00000
     1.00000   -5.26192   -9.19918   -13.6064    1.00000    1.00000
     1.00000   -1.08480    4.82899    7.89030    1.00000    1.00000
     1.00000    13.6299   0.240856   -20.0654    1.00000    1.00000
     1.00000   -2.95999    3.54134   -3.07436    1.00000    1.00000
     1.00000    3.87222    3.68307  -0.645336    1.00000    1.00000
     1.00000   -4.48799    5.99379    7.11816    1.00000    1.00000
     1.00000    14.4163   -7.15187   -16.8134    1.00000    1.00000
     1.00000   -9.06687   0.804428    7.72736    1.00000    1.00000
     1.00000    4.62499   -5.61403   -7.06594    1.00000    1.00000
     1.00000    2.01886    14.8700    12.5694    1.00000    1.00000
     1.00000    6.74043   -6.10617   -9.37072    1.00000    1.00000
     1.00000   -14.2745    3.99186  -0.320515    1.00000    1.00000
     1.00000  -0.118320    1.05904    4.27037    1.00000    1.00000
     1.00000   -8.47240    10.9649   10.04277    1.00000    1.00000
     1.00000    19.7462   -14.1567   -11.6863    1.00000    1.00000
     1.00000   -7.98478    4.30932    24.7603    1.00000    1.00000
     1.00000   -4.21898   -9.57531   -7.57331    1.00000    1.00000
     1.00000   -1.56816   0.551010    9.34895    1.00000    1.00000
     1.00000    12.5981   -3.12681   -15.9876    1.00000    1.00000
     1.00000   -10.8490    2.17747   -4.77616    1.00000    1.00000
     1.00000    8.56203    7.20954   -8.29136    1.00000    1.00000
     1.00000   -7.15074    8.48626    11.6262    1.00000    1.00000
     1.00000    13.5084   -9.79745   -16.0846    1.00000    1.00000
     1.00000  -10.08591    1.13716E-02    11.0275    1.00000    1.00000
     1.00000    3.50376   -6.84177  -0.379559    1.00000    1.00000
     1.00000    4.88995    11.0406   10.43314    1.00000    1.00000
     1.00000    1.72643   -3.63308   -6.25227    1.00000    1.00000
     1.00000   -11.7062    3.07661    1.91845    1.00000    1.00000
     1.00000   -5.75997   -5.28933    1.27514    1.00000    1.00000
     1.00000   -8.75994    10.7052    14.8610    1.00000    1.00000
     1.00000    14.0505   -14.8533   -4.71796    1.00000    1.00000
     1.00000  -10.04485    2.94809    15.5604    1.00000    1.00000
     1.00000   -8.29265   -9.18663   -8.75165    1.00000    1.00000
     1.00000   0.834293    3.60089    9.88403    1.00000    1.00000
     1.00000    15.3154  -0.715778   -26.1652    1.00000    1.00000
     1.00000   -8.22990    2.26541   -1.27949    1.00000    1.00000
     1.00000    4.69668    1.88792    2.50018    1.00000    1.00000
     1.00000   -5.17080    4.94643    1.73223    1.00000    1.00000
     1.00000    13.3125   -2.87603   -18.6896    1.00000    1.00000
     1.00000   -7.58193    4.38845    4.78514    1.00000    1.00000
     1.00000    4.46923   -5.27169   -1.15590    1.00000    1.00000
     1.00000    2.07837    10.7127    16.1008    1.00000    1.00000
     1.00000    4.61330   -1.77608   -10.9329    1.00000    1.00000
     1.00000   -12.2707    2.26689   -7.35297    1.00000    1.00000
     1.00000    2.60669   -3.31616    5.94685    1.00000    1.00000
     1.00000   -1.73243    11.3630    6.46338    1.00000    1.00000
     1.00000    20.1044   -13.8266   -9.74654    1.00000    1.00000
     1.00000   -6.31528    7.99282    23.9845    1.00000    1.00000
     1.00000   -4.26781   -11.5178   -5.50452    1.00000    1.00000
     1.00000   -1.81992    3.67928    9.35241    1.00000    1.00000
     1.00000    8.37719   -1.38490   -13.4402    1.00000    1.00000
     1.00000   -12.5865    1.18494   -4.91428    1.00000    1.00000
     1.00000    6.73927    6.67751   -8.91940    1.00000    1.00000
     1.00000   -8.41232    8.24015    7.12148    1.00000    1.00000
     1.00000    19.0744   -9.26520   -12.3762    1.00000    1.00000
     1.00000   -11.8489   -2.33262    12.8040    1.00000    1.00000
     1.00000  -0.120152   -8.33495   -1.32959    1.00000    1.00000
     1.00000    1.98899    9.71307   10.49840    1.00000    1.00000
     1.00000    1.66989   -2.88173   -11.8006    1.00000    1.00000
     1.00000   -12.4785    1.18781    2.17348    1.00000    1.00000
     1.00000   -2.54918   -3.58322    1.29371    1.00000    1.00000
     1.00000  -10.13170    9.87362    16.0555    1.00000    1.00000
     1.00000    20.0551   -12.7163   -2.76564    1.00000    1.00000
     1.00000   -9.01334    2.92762    17.2737    1.00000    1.00000
     1.00000   -7.04750   -7.59854  -10.23518    1.00000    1.00000
     1.00000    6.30417E-02    3.29350    7.32045    1.00000    1.00000
     1.00000    12.5813   -1.03027   -18.9319    1.00000    1.00000
     1.00000   -4.18395    3.53673   -4.89064    1.00000    1.00000
     1.00000    6.27039    2.79663   -3.63246    1.00000    1.00000
     1.00000   -3.10020    7.47930    8.51810    1.00000    1.00000
     1.00000    15.2404   -8.89296   -13.4102    1.00000    1.00000
     1.00000   -7.31031    1.25874    6.88588    1.00000    1.00000
     1.00000    7.19762   -5.45155   -5.96965    1.00000    1.00000
     1.00000   0.672981    9.86742    12.1154    1.00000    1.00000
     1.00000    4.73603   -5.18383   -9.71580    1.00000    1.00000
     1.00000   -14.5950    3.99815   -3.63011    1.00000    1.00000
     1.00000   -1.57738    2.14055    3.43282    1.00000    1.00000
     1.00000   -5.60483    10.7143   10.47046    1.00000    1.00000
     1.00000    18.7713   -9.41470  -10.40492    1.00000    1.00000
     1.00000   -9.70686    3.34303    21.0340    1.00000    1.00000
     1.00000   -6.12120   -9.38946   -6.35270    1.00000    1.00000
     1.00000   -2.89828   0.444969    6.46988    1.00000    1.00000
     1.00000    9.24063   -4.40244   -15.4303    1.00000    1.00000
     1.00000   -11.4739    4.04992   -4.45445    1.00000    1.00000
     1.00000    6.58904    9.54709  -10.36189    1.00000    1.00000
     1.00000   -7.76880    7.42565    9.59982    1.00000    1.00000
     1.00000    14.6575   -10.7252   -13.9607    1.00000    1.00000
     1.00000  -10.39059  -0.965157    12.7461    1.00000    1.00000
     1.00000    2.45904   -6.22997   -2.22012    1.00000    1.00000
     1.00000    3.11200    11.7751    8.97820    1.00000    1.00000
     1.00000   0.711212   -6.00188   -6.62796    1.00000    1.00000
     1.00000   -9.75444    3.08028    2.35489    1.00000    1.00000
     1.00000   -4.18606   -9.44864   -2.23348    1.00000    1.00000
     1.00000   -5.13327    10.9581    14.3734    1.00000    1.00000
     1.00000    16.6509   -14.8358   -5.62012    1.00000    1.00000
     1.00000   -7.05348    4.24255    13.9297    1.00000    1.00000
     1.00000   -7.91259   -7.31202   -8.16736    1.00000    1.00000
     1.00000   0.655296    6.36523    11.2127    1.00000    1.00000
     1.00000    12.7573   -1.40252   -24.0118    1.00000    1.00000
     1.00000   -4.74157    2.95260   -2.38200    1.00000    1.00000
     1.00000    3.60494    1.84525   0.824982    1.00000    1.00000
     1.00000   -4.87880    7.01605    4.75153    1.00000    1.00000
     1.00000    14.2488   -5.70514   -18.1841    1.00000    1.00000
     1.00000   -7.90535    2.53619    5.46671    1.00000    1.00000
     1.00000    5.75686   -3.28051   -4.56461    1.00000    1.00000
     1.00000    5.58960    9.27315    15.5628    1.00000    1.00000
     1.00000    4.62278   -4.79879   -13.7334    1.00000    1.00000
     1.00000   -12.8151    3.19527   -5.66721    1.00000    1.00000
     1.00000    1.85140   0.846809    4.54456    1.00000    1.00000
     1.00000   -3.63890    11.1467    5.89895    1.00000    1.00000
     1.00000    15.7205   -16.7830   -8.87390    1.00000    1.00000
     1.00000   -8.28361    7.29957    24.8171    1.00000    1.00000
     1.00000   -3.74226  -10.37506   -3.94955    1.00000    1.00000
     1.00000   -4.27049    2.78729    11.6495    1.00000    1.00000
     1.00000    7.39732   -4.27254   -14.6653    1.00000    1.00000
     1.00000  -10.14707    1.44127   -2.05080    1.00000    1.00000
     1.00000    6.18836    3.82858   -5.34371    1.00000    1.00000
     1.00000   -8.44002    8.03614    4.63301    1.00000    1.00000
     1.00000    16.2489   -11.6367   -13.1628    1.00000    1.00000
     1.00000   -12.1301   -1.56238    10.9799    1.00000    1.00000
     1.00000    1.11697   -8.55849   -2.88507    1.00000    1.00000
     1.00000   0.420315    8.48731    10.6902    1.00000    1.00000
     1.00000    1.06689   -4.53623   -9.88815    1.00000    1.00000
     1.00000   -10.9301   0.993744   0.922573    1.00000    1.00000
     1.00000   0.602066   -2.32388    2.68499    1.00000    1.00000
     1.00000  -10.20263    11.0739    19.8052    1.00000    1.00000
     1.00000    17.7999   -14.1314   -4.14245    1.00000    1.00000
     1.00000   -7.33485    4.76682    18.8056    1.00000    1.00000
     1.00000   -6.47236   -9.73541   -12.1073    1.00000    1.00000
     1.00000   -1.62169    6.28867    9.14771    1.00000    1.00000
     1.00000    14.0425   0.308872   -22.0212    1.00000    1.00000
     1.00000   -4.03592    5.11709   -3.67387    1.00000    1.00000
     1.00000    3.92410    4.02705   -2.61485    1.00000    1.00000
     1.00000   -4.72691    7.89406    6.54206    1.00000    1.00000
     1.00000    16.2034   -6.62772   -16.0844    1.00000    1.00000
     1.00000   -7.60963   0.982853    9.08553    1.00000    1.00000
     1.00000    5.76339   -4.11946   -6.38013    1.00000    1.00000
     1.00000    1.26307    13.0325    12.3401    1.00000    1.00000
     1.00000    6.46172   -4.35255  -10.29113    1.00000    1.00000
     1.00000   -13.2894    4.91813   -1.79414    1.00000    1.00000
     1.00000   0.592247    2.30460    5.66453    1.00000    1.00000
     1.00000   -7.26455   10.48200    11.5620    1.00000    1.00000
     1.00000    20.8113   -12.4794   -11.4579    1.00000    1.00000
     1.00000   -6.98835    4.61407    23.0532    1.00000    1.00000
     1.00000   -5.39726   -11.1227   -7.10708    1.00000    1.00000
     1.00000   -3.27531   0.921894    8.37523    1.00000    1.00000
     1.00000    11.1908   -4.18776   -15.0421    1.00000    1.00000
     1.00000  -10.02988    2.48841   -6.57402    1.00000    1.00000
     1.00000   10.39542    7.00796   -9.06469    1.00000    1.00000
     1.00000   -5.93016    8.02434   10.11066    1.00000    1.00000
     1.00000    14.8618  -10.14043   -17.5167    1.00000    1.00000
     1.00000   -8.77051    1.46734    10.6404    1.00000    1.00000
     1.00000    2.60025   -8.13053   -1.61357    1.00000    1.00000
     1.00000    4.88436    9.04210   10.51055    1.00000    1.00000
     1.00000    1.27991   -3.49066   -8.19658    1.00000    1.00000
     1.00000   -13.6343    3.34881    1.46181    1.00000    1.00000
     1.00000   -5.41986   -6.97689   0.257065    1.00000    1.00000
     1.00000   -6.88433    11.2466    15.2957    1.00000    1.00000
     1.00000    14.8756   -14.7422   -6.53643    1.00000    1.00000
     1.00000   -11.6143    1.73946    15.2848    1.00000    1.00000
     1.00000   -9.63466   -9.12799   -7.26990    1.00000    1.00000
     1.00000   0.132408    2.80314    11.5784    1.00000    1.00000
     1.00000    14.0631   -2.06083   -25.3761    1.00000    1.00000
     1.00000   -9.03643   0.547661  -0.647961    1.00000    1.00000
     1.00000    3.26625    2.09571    3.88246    1.00000    1.00000
     1.00000   -6.44198    5.36972    3.21713    1.00000    1.00000
     1.00000    12.5490   -4.65130   -18.1743    1.00000    1.00000
     1.00000   -8.60059    4.47344    6.50419    1.00000    1.00000
     1.00000    5.35715   -3.50270  -0.869122    1.00000    1.00000
     1.00000    2.26414    9.91547    14.2760    1.00000    1.00000
     1.00000    4.54925   -3.76677   -11.1147    1.00000    1.00000
     1.00000   -13.6266    2.52156   -8.80098    1.00000    1.00000
     1.00000    1.42793   -3.05848    4.35181    1.00000    1.00000
     1.00000  -0.913746    12.9862    5.62971    1.00000    1.00000
     1.00000    18.4267   -14.9149   -9.77768    1.00000    1.00000
     1.00000   -5.95496    6.02591    24.0221    1.00000    1.00000
     1.00000   -2.65501   -10.7868   -6.43428    1.00000    1.00000
     1.00000   -2.38986    3.32879    11.2372    1.00000    1.00000
     1.00000    7.32287   -2.59885   -12.2508    1.00000    1.00000
     1.00000   -11.8271    1.63232   -3.11899    1.00000    1.00000
     1.00000    7.19725    4.75011   -8.64484    1.00000    1.00000
     1.00000   -9.87993    7.56901    5.94009    1.00000    1.00000
     1.00000    20.1164   -7.70216   -11.6898    1.00000    1.00000
     1.00000   -13.3686   -2.49411    14.0942    1.00000    1.00000
     1.00000   0.691429  -10.16238   -1.28666    1.00000    1.00000
     1.00000    1.52192    10.5821    8.75866    1.00000    1.00000
     1.00000    2.72819   -2.04774  -10.32256    1.00000    1.00000
     1.00000   -14.4244    1.56651    1.90815    1.00000    1.00000
     1.00000   -3.81806   -5.07412    1.70253    1.00000    1.00000
     1.00000   -11.6980   10.36966    17.1959    1.00000    1.00000
     1.00000    18.5158   -12.9362   -1.50773    1.00000    1.00000
     1.00000   -7.05957    3.18153    17.6177    1.00000    1.00000
     1.00000   -5.60601   -8.96343  -10.47838    1.00000    1.00000
