     1.00000    3.02172    4.38164   -4.94954    1.00000    1.00000
     1.00000    16.8835   -19.2120   -6.59369    1.00000    1.00000
     1.00000   -14.2068    13.9953   0.231365    1.00000    1.00000
     1.00000    3.51227   -6.30529    8.82982    1.00000    1.00000
     1.00000    4.63689    6.61734   0.205116    1.00000    1.00000
     1.00000    12.0248   -8.39381   -2.25507    1.00000    1.00000
     1.00000   -10.9302    7.03822   0.942829    1.00000    1.00000
     1.00000    1.83862  -10.13977    7.39612    1.00000    1.00000
     1.00000   0.323200    5.46157   -8.87633    1.00000    1.00000
     1.00000    9.21181   -9.63422    2.55476    1.00000    1.00000
     1.00000   -20.2671    7.64264    1.39756    1.00000    1.00000
     1.00000    1.86167    6.30174    4.63533    1.00000    1.00000
     1.00000    7.78666    14.8435   -5.34591    1.00000    1.00000
     1.00000    12.4150   -15.2054   -12.2398    1.00000    1.00000
     1.00000   -10.7624   10.38148   -7.70494    1.00000    1.00000
     1.00000   -2.41602   -8.70115    2.49486    1.00000    1.00000
     1.00000    4.01848   0.204418   0.450844    1.00000    1.00000
     1.00000    13.4129   -14.8632    3.49660    1.00000    1.00000
     1.00000   -14.2057    9.75512  -0.110321    1.00000    1.00000
     1.00000    1.24011   -3.08999    5.39910    1.00000    1.00000
     1.00000    7.11490    9.64690   -2.52930    1.00000    1.00000
     1.00000    6.29539   -6.86364    1.03062E-01    1.00000    1.00000
     1.00000   -7.18260    8.01482   -3.66914    1.00000    1.00000
     1.00000   -2.95595   -11.3551    6.70039    1.00000    1.00000
     1.00000   -4.79733    5.51662   -4.05479    1.00000    1.00000
     1.00000    10.7521   -4.27861    4.16372    1.00000    1.00000
     1.00000   -24.6779    11.9256    5.02785    1.00000    1.00000
     1.00000    1.02702  -0.466095    8.39483    1.00000    1.00000
     1.00000   10.00711    12.2093   -3.48158    1.00000    1.00000
     1.00000    5.51994   -11.6540   -6.71564    1.00000    1.00000
     1.00000   -13.9711    3.92551   -6.16885    1.00000    1.00000
     1.00000   -4.34805   -4.66022    5.72868    1.00000    1.00000
     1.00000    1.15567   0.510120   -4.63728    1.00000    1.00000
     1.00000    11.3222   -16.6838   -2.78362    1.00000    1.00000
     1.00000  -10.27381    17.1256   0.294811    1.00000    1.00000
     1.00000    2.66183   -5.83099    5.73736    1.00000    1.00000
     1.00000    3.43154    5.22972   0.993576    1.00000    1.00000
     1.00000    7.54614   -9.78437   -1.58332    1.00000    1.00000
     1.00000   -13.9279    7.34749    2.67984    1.00000    1.00000
     1.00000    2.23148   -11.3263    5.68636    1.00000    1.00000
     1.00000    1.49613    7.41497   -10.6578    1.00000    1.00000
     1.00000    11.3105   -12.8290    3.83485    1.00000    1.00000
     1.00000   -22.0340    7.08329    4.53655    1.00000    1.00000
     1.00000    3.90372    3.64194    6.37130    1.00000    1.00000
     1.00000    7.31963    13.2847  -0.948235    1.00000    1.00000
     1.00000    8.98264  -10.37520  -10.24279    1.00000    1.00000
     1.00000  -10.07062    8.58515   -8.31201    1.00000    1.00000
     1.00000   -4.66404   -6.57080    4.69256    1.00000    1.00000
     1.00000    6.63024    4.17783   0.890766    1.00000    1.00000
     1.00000    11.0590   -15.0624   0.759632    1.00000    1.00000
     1.00000   -12.5284    9.92746    1.66408    1.00000    1.00000
     1.00000    4.32141   -3.14365    4.31853    1.00000    1.00000
     1.00000    2.42817   10.45126   -3.99572    1.00000    1.00000
     1.00000    4.17237   -7.31325    4.78999    1.00000    1.00000
     1.00000   -7.99424    4.91619   -1.51147    1.00000    1.00000
     1.00000  -0.623718   -12.4671    3.89822    1.00000    1.00000
     1.00000  -0.830063    4.25301   -5.83318    1.00000    1.00000
     1.00000    14.4856   -7.62730    2.18928    1.00000    1.00000
     1.00000   -24.7297    14.3089    4.69399    1.00000    1.00000
     1.00000    4.89726  -0.672058    9.71616    1.00000    1.00000
     1.00000   10.39600    7.11903   -9.84152    1.00000    1.00000
     1.00000    8.98872   -7.85389   -5.72438    1.00000    1.00000
     1.00000   -12.7310    5.65891   -2.91338    1.00000    1.00000
     1.00000   -5.26232   -10.7005   10.20074    1.00000    1.00000
     1.00000    3.09156    4.84943   -1.89052    1.00000    1.00000
     1.00000    16.2900   -17.2728   -5.16189    1.00000    1.00000
     1.00000   -13.0496    13.5172   -1.32823    1.00000    1.00000
     1.00000    5.27562   -6.88155    10.6938    1.00000    1.00000
     1.00000    3.47262    9.66109    2.16610    1.00000    1.00000
     1.00000    13.8736   -8.57991   -2.99512    1.00000    1.00000
     1.00000   -11.3714    8.57346   -1.47911    1.00000    1.00000
     1.00000    3.19795   -12.8602    9.28008    1.00000    1.00000
     1.00000    1.74979    3.60214   -6.76511    1.00000    1.00000
     1.00000    10.9226   -9.30442    1.57275    1.00000    1.00000
     1.00000   -19.4525    6.95118   -1.67258    1.00000    1.00000
     1.00000    3.01229    4.31715    4.71316    1.00000    1.00000
     1.00000    9.05548    13.3707   -4.80275    1.00000    1.00000
     1.00000    15.7939   -11.7448   -13.2630    1.00000    1.00000
     1.00000   -13.5293    10.7474   -6.88379    1.00000    1.00000
     1.00000   -2.68649   -6.85620    4.60394    1.00000    1.00000
     1.00000    4.93359   -1.17595   -2.77547    1.00000    1.00000
     1.00000    15.0274   -16.4376    4.52741    1.00000    1.00000
     1.00000   -13.0730    11.9671   -2.59187    1.00000    1.00000
     1.00000    2.55682   -1.03400    5.96900    1.00000    1.00000
     1.00000    7.49285    9.98510    1.04313    1.00000    1.00000
     1.00000    4.17864   -10.7420    3.04592    1.00000    1.00000
     1.00000   -5.90318    7.70770   -6.17900    1.00000    1.00000
     1.00000   -1.31406   -11.7023    5.61243    1.00000    1.00000
     1.00000   -4.69143    4.30880   -5.87533    1.00000    1.00000
     1.00000   10.10725   -2.84081    5.39535    1.00000    1.00000
     1.00000   -23.2693   10.57284    5.45892    1.00000    1.00000
     1.00000  -0.544479   -1.70319    8.39381    1.00000    1.00000
     1.00000   10.11899    11.3505   -5.28434    1.00000    1.00000
     1.00000    8.37788   -12.7552   -7.13004    1.00000    1.00000
     1.00000   -12.3996    7.08962   -6.88625    1.00000    1.00000
     1.00000   -3.74958   -6.22753    9.07763    1.00000    1.00000
     1.00000   0.626488    3.24004   -2.30287    1.00000    1.00000
     1.00000    13.7259   -15.4360   -4.82023    1.00000    1.00000
     1.00000   -11.3229    16.5821    1.90850    1.00000    1.00000
     1.00000   0.457504   -6.95907    3.78646    1.00000    1.00000
     1.00000    6.34384E-03    7.22132    1.23819    1.00000    1.00000
     1.00000    8.75438   -10.9611   -2.65829    1.00000    1.00000
     1.00000   -13.9286    5.31491    1.59340    1.00000    1.00000
     1.00000  -0.590866   -9.35464    5.53075    1.00000    1.00000
     1.00000    2.24467    5.09800   -8.45711    1.00000    1.00000
     1.00000    11.9756   -11.4566   0.810726    1.00000    1.00000
     1.00000   -19.5115   10.08111    5.21389    1.00000    1.00000
     1.00000   0.937004    6.20995    7.02169    1.00000    1.00000
     1.00000    7.60727    15.9113   -3.66436    1.00000    1.00000
     1.00000    9.61028   -12.9787   -12.1866    1.00000    1.00000
     1.00000   -12.9603    9.20523   -9.85895    1.00000    1.00000
     1.00000   -4.78428   -5.71685    2.88802    1.00000    1.00000
     1.00000    4.72765    3.56149   0.875179    1.00000    1.00000
     1.00000    12.3857   -14.6947   -2.00805    1.00000    1.00000
     1.00000   -17.3416    8.96263   0.718475    1.00000    1.00000
     1.00000    1.17245   0.671127    1.25903    1.00000    1.00000
     1.00000    5.82549    10.8676   -3.44983    1.00000    1.00000
     1.00000    3.86302   -8.52600    3.23000    1.00000    1.00000
     1.00000   -9.36235    7.14226   -4.15300    1.00000    1.00000
     1.00000  -0.360138   -15.9338    6.06350    1.00000    1.00000
     1.00000   -1.99844    4.02311   -7.63728    1.00000    1.00000
     1.00000    12.2174   -4.84499    2.92590    1.00000    1.00000
     1.00000   -26.2189    17.3160    2.80672    1.00000    1.00000
     1.00000    3.69925    1.08118    9.88743    1.00000    1.00000
     1.00000    9.11222    9.41908   -7.10121    1.00000    1.00000
     1.00000   10.28902   -9.93017   -8.79526    1.00000    1.00000
     1.00000   -12.8068    6.62971   -4.66032    1.00000    1.00000
     1.00000   -5.05752   -8.71109   10.18280    1.00000    1.00000
     1.00000    1.80058    4.45986   -3.36755    1.00000    1.00000
     1.00000    18.0172   -17.6398   -6.10097    1.00000    1.00000
     1.00000   -13.9944    14.3944    2.17960    1.00000    1.00000
     1.00000    2.97713   -7.02065    10.6192    1.00000    1.00000
     1.00000    4.34746    7.82768   -1.36055    1.00000    1.00000
     1.00000    11.2594   -8.68169   -4.08023    1.00000    1.00000
     1.00000   -9.79778    7.79284  -0.522865    1.00000    1.00000
     1.00000   0.903076   -9.51609    9.05014    1.00000    1.00000
     1.00000    8.74596E-02    3.75103   -7.86715    1.00000    1.00000
     1.00000    8.94425   -11.5405    3.09750    1.00000    1.00000
     1.00000   -19.7242    7.48847    3.31628    1.00000    1.00000
     1.00000    2.86540    6.48542    2.91521    1.00000    1.00000
     1.00000    7.43417    12.9535   -5.89696    1.00000    1.00000
     1.00000    13.9850   -14.9008   -13.4407    1.00000    1.00000
     1.00000   -9.94141    11.9471   -6.76966    1.00000    1.00000
     1.00000   -1.21479   -8.04349    3.95243    1.00000    1.00000
     1.00000    3.01797   -1.52734   0.452095    1.00000    1.00000
     1.00000    13.0673   -15.4314    1.61042    1.00000    1.00000
     1.00000   -13.5138    8.76806   -1.70625    1.00000    1.00000
     1.00000    3.05838   -3.87132    5.68793    1.00000    1.00000
     1.00000    7.56704    8.99539  -0.693245    1.00000    1.00000
     1.00000    4.88860   -8.21913   0.531525    1.00000    1.00000
     1.00000   -5.24677    8.51435   -3.72422    1.00000    1.00000
     1.00000   -3.21291   -10.6446    8.55220    1.00000    1.00000
     1.00000   -5.32878    5.91250   -2.16777    1.00000    1.00000
     1.00000    11.2981   -6.12261    4.71279    1.00000    1.00000
     1.00000   -25.3326    12.9001    3.40869    1.00000    1.00000
     1.00000    1.49630   -1.72259    9.87841    1.00000    1.00000
     1.00000    8.43643    11.0210   -3.13374    1.00000    1.00000
     1.00000    7.37415   -11.4505   -5.99420    1.00000    1.00000
     1.00000   -14.3234    4.75503   -4.38341    1.00000    1.00000
     1.00000   -5.81371   -5.93639    6.20113    1.00000    1.00000
     1.00000    2.99129   -5.36613E-02   -5.19642    1.00000    1.00000
     1.00000    10.8995   -18.2970   -3.88776    1.00000    1.00000
     1.00000   -9.68796    15.4199    1.15934    1.00000    1.00000
     1.00000    2.42744   -7.03558    7.31661    1.00000    1.00000
     1.00000    1.83959    6.42275    1.19940    1.00000    1.00000
     1.00000    7.64893   -8.29149  -0.256382    1.00000    1.00000
     1.00000   -13.1577    7.01056   0.865105    1.00000    1.00000
     1.00000    2.09142   -13.2679    6.14532    1.00000    1.00000
     1.00000    2.24064    8.21051   -8.98065    1.00000    1.00000
     1.00000    11.2618   -10.9787    3.07729    1.00000    1.00000
     1.00000   -22.8989    8.60787    5.49973    1.00000    1.00000
     1.00000    2.59763    2.88038    7.68056    1.00000    1.00000
     1.00000    5.51119    12.4310  -0.920406    1.00000    1.00000
     1.00000    8.46088   -11.3674   -11.8991    1.00000    1.00000
     1.00000   -12.0665    8.57370   -8.18491    1.00000    1.00000
     1.00000   -6.36009   -7.40968    4.04473    1.00000    1.00000
     1.00000    6.09700    5.47081  -0.538868    1.00000    1.00000
     1.00000    11.7612   -14.1284    2.38277    1.00000    1.00000
     1.00000   -14.3341    10.7850    1.59934    1.00000    1.00000
     1.00000    3.72843   -1.40721    3.52283    1.00000    1.00000
     1.00000    4.13017    9.44721   -4.30408    1.00000    1.00000
     1.00000    5.65355   -6.57595    5.91360    1.00000    1.00000
     1.00000   -8.05946    6.43586   -2.81007    1.00000    1.00000
     1.00000   -1.69724   -13.9288    4.74142    1.00000    1.00000
     1.00000   -2.75229    4.79237   -5.95206    1.00000    1.00000
     1.00000    12.7648   -8.61361    1.93207    1.00000    1.00000
     1.00000   -25.7324    15.4736    3.41412    1.00000    1.00000
     1.00000    2.98774  -0.624657    9.12331    1.00000    1.00000
     1.00000   10.11685    7.00926   -7.86414    1.00000    1.00000
     1.00000    9.75347   -9.57367   -5.04799    1.00000    1.00000
     1.00000   -14.3003    6.27611   -1.83806    1.00000    1.00000
     1.00000   -6.47334   -12.0247    11.0839    1.00000    1.00000
     1.00000    3.73402    2.95657   -1.95650    1.00000    1.00000
     1.00000    15.1668   -15.9228   -6.11902    1.00000    1.00000
     1.00000   -14.2799    14.1310   -2.78068    1.00000    1.00000
     1.00000    5.45364   -5.85157    8.98867    1.00000    1.00000
     1.00000    3.47758    8.05186   0.978504    1.00000    1.00000
     1.00000    13.3449   -8.80738   -4.91052    1.00000    1.00000
     1.00000   -12.6424    7.08559   -1.06593    1.00000    1.00000
     1.00000    3.34589   -11.2158    8.15124    1.00000    1.00000
     1.00000   0.839577    3.55096   -4.98498    1.00000    1.00000
     1.00000    9.50064   -8.86391   0.237122    1.00000    1.00000
     1.00000   -18.8492    7.85970    3.89099E-03    1.00000    1.00000
     1.00000    1.05570    4.49547    4.33903    1.00000    1.00000
     1.00000    10.6519    14.5753   -4.79117    1.00000    1.00000
     1.00000    15.2617   -13.5753   -12.6579    1.00000    1.00000
     1.00000   -11.7325    10.8011   -6.00705    1.00000    1.00000
     1.00000   -2.01839   -8.05662    6.05743    1.00000    1.00000
     1.00000    3.70196   -1.91922   -1.38600    1.00000    1.00000
     1.00000    13.2190   -16.8347    3.77113    1.00000    1.00000
     1.00000   -14.3725   10.47660   -2.29234    1.00000    1.00000
     1.00000   0.989494   -1.82452    6.92742    1.00000    1.00000
     1.00000    6.51817   10.39658    2.74038    1.00000    1.00000
     1.00000    5.31070   -9.78281    1.70487    1.00000    1.00000
     1.00000   -4.36951    7.23421   -4.98582    1.00000    1.00000
     1.00000   -1.32433  -10.46724    4.03939    1.00000    1.00000
     1.00000   -4.53513    3.53395   -4.03816    1.00000    1.00000
     1.00000    9.37635   -1.95004    7.03007    1.00000    1.00000
     1.00000   -22.8038    11.7846    6.98040    1.00000    1.00000
     1.00000   -1.80772   -2.52615    9.70795    1.00000    1.00000
     1.00000    8.75572    9.89012   -5.19044    1.00000    1.00000
     1.00000    9.47401   -11.1440   -6.68001    1.00000    1.00000
     1.00000   -12.4286    5.10371   -6.65102    1.00000    1.00000
     1.00000   -3.35629   -5.37967    7.30944    1.00000    1.00000
     1.00000    1.61733    2.22088   -3.70983    1.00000    1.00000
     1.00000    12.1908   -16.6963   -4.58509    1.00000    1.00000
     1.00000   -12.9377    15.9344    2.89495    1.00000    1.00000
     1.00000    2.02949   -7.52626    4.88517    1.00000    1.00000
     1.00000  -0.740944    8.08028    2.88250    1.00000    1.00000
     1.00000   10.57013  -10.36428   -3.24728    1.00000    1.00000
     1.00000   -12.7738    3.76356    1.08369    1.00000    1.00000
     1.00000    1.40292   -9.51124    5.54812    1.00000    1.00000
     1.00000    3.40991    6.71934   -8.34095    1.00000    1.00000
     1.00000   10.28049   -12.0417    1.69632    1.00000    1.00000
     1.00000   -20.7172    8.58321    4.66371    1.00000    1.00000
     1.00000    2.28220    4.76441    6.70406    1.00000    1.00000
     1.00000    7.30471    14.1604   -2.74626    1.00000    1.00000
     1.00000    10.9285   -14.2189   -11.3357    1.00000    1.00000
     1.00000   -12.2533    10.8435   -8.95544    1.00000    1.00000
     1.00000   -4.76662   -7.69756    2.61147    1.00000    1.00000
     1.00000    4.41106    2.00110  -0.335175    1.00000    1.00000
     1.00000    11.5293   -16.1068  -0.879913    1.00000    1.00000
     1.00000   -16.2193    10.6008   0.957230    1.00000    1.00000
     1.00000    2.39861  -0.372417    2.44544    1.00000    1.00000
     1.00000    4.87415    9.42159   -2.44778    1.00000    1.00000
     1.00000    3.02037   -9.88404    4.43238    1.00000    1.00000
     1.00000   -10.9726    8.02496   -3.36063    1.00000    1.00000
     1.00000   -1.78629   -14.6416    6.60796    1.00000    1.00000
     1.00000   -2.61748    5.84650   -8.17767    1.00000    1.00000
     1.00000    12.2303   -6.70322    2.18641    1.00000    1.00000
     1.00000   -26.8538    18.8734    3.88905    1.00000    1.00000
     1.00000    2.97057    2.92785    9.64491    1.00000    1.00000
     1.00000   10.27220    8.85102   -8.62821    1.00000    1.00000
     1.00000    9.45633   -9.19577   -7.13175    1.00000    1.00000
     1.00000   -14.6405    6.42778   -5.43289    1.00000    1.00000
     1.00000   -5.11786   -7.58105    8.53375    1.00000    1.00000
