     1.00000   -1.06318  -10.53204   -13.4135    1.00000    1.00000
     1.00000    24.9421    14.2982   0.720612    1.00000    1.00000
     1.00000   -19.6683   -21.6499    1.64780    1.00000    1.00000
     1.00000   -4.16260E-02    18.4648  -0.364662    1.00000    1.00000
     1.00000   -7.42389   -5.37963   -4.57479    1.00000    1.00000
     1.00000    23.6259    21.3132    1.04801    1.00000    1.00000
     1.00000   -6.09142   -19.6023  -0.597031    1.00000    1.00000
     1.00000   -2.26033    15.8110   -1.30495    1.00000    1.00000
     1.00000   -5.09154   -8.51919   -6.72179    1.00000    1.00000
     1.00000    12.1884    15.0989   -3.15587    1.00000    1.00000
     1.00000   -17.0133   -16.7325    3.09438    1.00000    1.00000
     1.00000   -1.31104    2.24907   -3.51888    1.00000    1.00000
     1.00000    2.95355   -13.2427    7.95088    1.00000    1.00000
     1.00000    24.0614    23.4304   -12.2972    1.00000    1.00000
     1.00000   -16.4356   -22.0413    9.40831    1.00000    1.00000
     1.00000   -3.29783    5.83517    8.34370    1.00000    1.00000
     1.00000   -6.60514   -8.40960   -8.43599    1.00000    1.00000
     1.00000    20.0789    12.0061   0.756531    1.00000    1.00000
     1.00000   -20.9598   -19.6492    3.86295    1.00000    1.00000
     1.00000    4.53434    18.2182   -3.89233    1.00000    1.00000
     1.00000   -11.0814   -4.21349   -4.88383    1.00000    1.00000
     1.00000    27.9052    20.2041   -1.64285    1.00000    1.00000
     1.00000   -8.83092   -19.2817    8.70706    1.00000    1.00000
     1.00000   -7.49271   10.02549    4.78577    1.00000    1.00000
     1.00000   -1.28857   -13.4916   0.266571    1.00000    1.00000
     1.00000    11.0562    19.3409    3.16753    1.00000    1.00000
     1.00000   -16.1508   -12.6674    1.64301    1.00000    1.00000
     1.00000  -0.959778    8.00104   -5.70990    1.00000    1.00000
     1.00000  -0.248055   -13.7164    2.26659    1.00000    1.00000
     1.00000    25.6701    23.7889   -16.8785    1.00000    1.00000
     1.00000   -20.6619   -26.3393    8.50997    1.00000    1.00000
     1.00000   -9.26716    5.04855    16.2363    1.00000    1.00000
     1.00000   -5.30259   -13.9635   -12.6769    1.00000    1.00000
     1.00000    21.0288    16.0489   -5.34489    1.00000    1.00000
     1.00000   -19.5650   -24.3967    1.64475    1.00000    1.00000
     1.00000   0.727455    11.9770   -6.75636    1.00000    1.00000
     1.00000   -4.43792   -3.42521  -0.670174    1.00000    1.00000
     1.00000    26.7992    24.8759   0.717407    1.00000    1.00000
     1.00000   -4.71150   -20.1289    6.34019    1.00000    1.00000
     1.00000   -5.46650    9.99634    3.09631    1.00000    1.00000
     1.00000   -4.02236   -11.0800   -5.10419    1.00000    1.00000
     1.00000    15.6370    15.6235   -1.68760    1.00000    1.00000
     1.00000   -12.8343   -16.7272    3.89685    1.00000    1.00000
     1.00000   -4.33936   0.362904   -4.37585    1.00000    1.00000
     1.00000   -2.63327   -7.21788    2.17402    1.00000    1.00000
     1.00000    28.7472    23.9888   -7.53667    1.00000    1.00000
     1.00000   -14.4514   -23.6414    13.9345    1.00000    1.00000
     1.00000   -6.24886    8.64824    11.4806    1.00000    1.00000
     1.00000   -6.15789   -6.79803   -9.53273    1.00000    1.00000
     1.00000    24.2639    12.1232  -0.565514    1.00000    1.00000
     1.00000   -22.6342   -22.4104    6.79823    1.00000    1.00000
     1.00000    2.84131    17.0107   -4.08216    1.00000    1.00000
     1.00000   -7.39555   -3.86392   -5.96346    1.00000    1.00000
     1.00000    23.1466    18.3613   -3.00040    1.00000    1.00000
     1.00000   -7.18798   -18.6291    6.67807    1.00000    1.00000
     1.00000   -4.05969    12.1742    7.65331    1.00000    1.00000
     1.00000   -3.60923   -19.0271    1.82614    1.00000    1.00000
     1.00000    8.17566    18.6816   -1.18929    1.00000    1.00000
     1.00000   -18.0255   -14.1366    1.08768    1.00000    1.00000
     1.00000    2.77501    8.70417   -6.93236    1.00000    1.00000
     1.00000  -0.306053   -12.6425    6.80949    1.00000    1.00000
     1.00000    26.7599    23.5209   -14.8923    1.00000    1.00000
     1.00000   -23.4032   -26.2541    6.23591    1.00000    1.00000
     1.00000   -6.88947    5.47780    12.4992    1.00000    1.00000
     1.00000   -2.90678   -10.9662   -12.7711    1.00000    1.00000
     1.00000    24.6310    16.7439    1.01889    1.00000    1.00000
     1.00000   -18.2140   -18.9454    2.51611    1.00000    1.00000
     1.00000  -0.363266    15.3857   -2.45450    1.00000    1.00000
     1.00000   -7.83060   -5.46109   -1.62750    1.00000    1.00000
     1.00000    24.8556    24.5354  -0.532646    1.00000    1.00000
     1.00000   -7.14243   -18.3182    2.04057    1.00000    1.00000
     1.00000   -3.03712    13.0554    3.40382    1.00000    1.00000
     1.00000   -4.12027   -8.95251   -8.41556    1.00000    1.00000
     1.00000    14.0236    13.1927   -4.54668    1.00000    1.00000
     1.00000   -16.2109   -14.9247    3.54977    1.00000    1.00000
     1.00000   -1.90884    5.66065   -2.46603    1.00000    1.00000
     1.00000   0.275028   -9.70616    4.22103    1.00000    1.00000
     1.00000    25.3354    24.4100   -8.74314    1.00000    1.00000
     1.00000   -13.3301   -19.3470    10.6482    1.00000    1.00000
     1.00000   -4.99838    5.94558    11.5620    1.00000    1.00000
     1.00000   -6.65501  -10.21423   -12.7676    1.00000    1.00000
     1.00000    18.8515    13.6247  -0.200912    1.00000    1.00000
     1.00000   -23.1132   -19.7468    5.00111    1.00000    1.00000
     1.00000    5.31354    16.8997   -2.60612    1.00000    1.00000
     1.00000  -10.22980   -5.60522   -6.18333    1.00000    1.00000
     1.00000    26.1351    21.1938   -3.68093    1.00000    1.00000
     1.00000   -11.5890   -19.7417    9.74661    1.00000    1.00000
     1.00000   -6.49592    12.3111    2.86693    1.00000    1.00000
     1.00000   -1.72192   -11.9771  -0.965820    1.00000    1.00000
     1.00000    12.4759    19.6116  -0.646957    1.00000    1.00000
     1.00000   -16.6377   -9.88990   -1.63727E-02    1.00000    1.00000
     1.00000  -0.777550    5.09013   -4.88038    1.00000    1.00000
     1.00000    1.19283   -11.6979   0.722984    1.00000    1.00000
     1.00000    24.7718    23.5283   -15.1107    1.00000    1.00000
     1.00000   -19.5161   -24.5225    9.88107    1.00000    1.00000
     1.00000   -6.46725    9.43365    14.9346    1.00000    1.00000
     1.00000   -3.68169   -13.2038   -11.7849    1.00000    1.00000
     1.00000    22.7741    14.9017   -1.90024    1.00000    1.00000
     1.00000   -19.7871   -24.9305    3.55935    1.00000    1.00000
     1.00000    1.37157    14.5904   -3.92682    1.00000    1.00000
     1.00000   -3.64730   -3.24836    1.71167    1.00000    1.00000
     1.00000    26.0628    22.4537   -1.11372    1.00000    1.00000
     1.00000   -5.52295   -21.2497    4.23431    1.00000    1.00000
     1.00000   -3.90800    10.5935    4.19834    1.00000    1.00000
     1.00000  -0.547173   -8.17310   -3.23596    1.00000    1.00000
     1.00000    16.2771    14.9629    8.83408E-02    1.00000    1.00000
     1.00000   -14.5748   -17.7646    4.32558    1.00000    1.00000
     1.00000   -4.45324    2.68745   -3.59926    1.00000    1.00000
     1.00000   -1.48125   -6.34295    3.55509    1.00000    1.00000
     1.00000    27.6615    22.8548   -4.47311    1.00000    1.00000
     1.00000   -16.1185   -22.8948    11.1891    1.00000    1.00000
     1.00000   -4.57726    7.76036    10.8346    1.00000    1.00000
     1.00000   -8.72784   -4.84320   -7.63017    1.00000    1.00000
     1.00000    23.8707    11.4018   -2.61110    1.00000    1.00000
     1.00000   -20.9551   -22.8788    5.81776    1.00000    1.00000
     1.00000    4.85254    15.4240   -3.87486    1.00000    1.00000
     1.00000   -8.33659   -1.55548   -3.83937    1.00000    1.00000
     1.00000    24.2357    20.0193   -2.74544    1.00000    1.00000
     1.00000   -10.7907   -16.4720    6.28619    1.00000    1.00000
     1.00000   -3.11363    10.7066    8.62860    1.00000    1.00000
     1.00000   -3.00272   -15.3622    2.42293    1.00000    1.00000
     1.00000    10.5875    17.5673    1.77390    1.00000    1.00000
     1.00000   -18.0934   -15.7883  -0.349251    1.00000    1.00000
     1.00000    1.62254    9.38729   -5.44738    1.00000    1.00000
     1.00000    2.12321   -12.4325    3.79218    1.00000    1.00000
     1.00000    27.6200    20.6874   -14.0233    1.00000    1.00000
     1.00000   -22.5281   -26.3065    3.88669    1.00000    1.00000
     1.00000   -6.14552    7.28183    12.9374    1.00000    1.00000
     1.00000  -0.353092  -10.40432   -15.2789    1.00000    1.00000
     1.00000    24.5715    14.2611   -1.24440    1.00000    1.00000
     1.00000   -18.4338   -20.2201   0.990753    1.00000    1.00000
     1.00000  -0.467941    16.5712  -0.847168    1.00000    1.00000
     1.00000   -7.31250   -4.12421   -3.02190    1.00000    1.00000
     1.00000    25.5641    21.3683    1.53840    1.00000    1.00000
     1.00000   -5.52441   -19.2160    1.28159    1.00000    1.00000
     1.00000   -2.77454    15.3692   0.576645    1.00000    1.00000
     1.00000   -4.02900   -9.08010   -5.12292    1.00000    1.00000
     1.00000    10.7836    16.0066   -2.05922    1.00000    1.00000
     1.00000   -17.3422   -16.9062    1.12928    1.00000    1.00000
     1.00000   -2.82439    2.66204   -4.75952    1.00000    1.00000
     1.00000    2.34446   -11.7318    6.79058    1.00000    1.00000
     1.00000    24.4125    25.3890   -12.4994    1.00000    1.00000
     1.00000   -14.5267   -22.6260    9.52783    1.00000    1.00000
     1.00000   -3.78620    4.17133    9.34026    1.00000    1.00000
     1.00000   -6.52617   -9.71547   -9.94875    1.00000    1.00000
     1.00000    21.6921    11.3394    1.73285    1.00000    1.00000
     1.00000   -20.1212   -17.9559    4.51815    1.00000    1.00000
     1.00000    5.55936    19.1817   -5.31396    1.00000    1.00000
     1.00000  -10.52139   -2.53939   -3.94377    1.00000    1.00000
     1.00000    28.8289    19.0625   -3.00071    1.00000    1.00000
     1.00000   -8.84356   -21.0220    7.72152    1.00000    1.00000
     1.00000   -6.91451    9.79383    6.68629    1.00000    1.00000
     1.00000   0.395279   -12.9173  -0.647133    1.00000    1.00000
     1.00000    12.5931    20.3651    2.40004    1.00000    1.00000
     1.00000   -14.2520   -12.0524    1.77094    1.00000    1.00000
     1.00000  -0.569244    8.68657   -7.54771    1.00000    1.00000
     1.00000  -0.194313   -13.3346    4.22908    1.00000    1.00000
     1.00000    24.5761    25.4277   -16.5359    1.00000    1.00000
     1.00000   -20.7803   -24.3499    8.34092    1.00000    1.00000
     1.00000   -8.89689    6.71890    15.2005    1.00000    1.00000
     1.00000   -6.99186   -14.4122   -11.7047    1.00000    1.00000
     1.00000    21.7908    17.4871   -4.18256    1.00000    1.00000
     1.00000   -18.6019   -25.6739   0.444260    1.00000    1.00000
     1.00000    1.95786    13.0515   -7.91028    1.00000    1.00000
     1.00000   -5.84652   -4.41098   -1.69200    1.00000    1.00000
     1.00000    25.7317    23.1847   0.718254    1.00000    1.00000
     1.00000   -6.32907   -19.7189    5.23774    1.00000    1.00000
     1.00000   -5.75138    9.04277    4.83112    1.00000    1.00000
     1.00000   -3.23942  -10.25023   -3.46149    1.00000    1.00000
     1.00000    14.0612    15.7569   -2.91195    1.00000    1.00000
     1.00000   -13.1599   -18.5553    3.15378    1.00000    1.00000
     1.00000   -4.80719   -1.01607   -3.00488    1.00000    1.00000
     1.00000   -3.15981   -5.58416    1.14752    1.00000    1.00000
     1.00000    26.7523    23.8951   -7.42888    1.00000    1.00000
     1.00000   -15.8738   -24.2302    12.6576    1.00000    1.00000
     1.00000   -8.05158    8.66655    12.3466    1.00000    1.00000
     1.00000   -7.00836   -7.45560   -11.2192    1.00000    1.00000
     1.00000    22.3416    11.8411   -9.10110E-02    1.00000    1.00000
     1.00000   -20.9603   -22.4091    7.89280    1.00000    1.00000
     1.00000    3.09021    15.1533   -4.78091    1.00000    1.00000
     1.00000   -6.25117   -2.22464   -6.01958    1.00000    1.00000
     1.00000    25.1085    17.9763   -2.94839    1.00000    1.00000
     1.00000   -7.81487   -17.6123    8.28215    1.00000    1.00000
     1.00000   -5.13232    10.6850    6.85854    1.00000    1.00000
     1.00000   -2.91020   -17.1704    1.57324    1.00000    1.00000
     1.00000    9.14598    17.1546   -2.04175    1.00000    1.00000
     1.00000   -17.8171   -12.6520  -0.236053    1.00000    1.00000
     1.00000    1.05617    7.68193   -6.95717    1.00000    1.00000
     1.00000    1.22753   -12.8197    5.53798    1.00000    1.00000
     1.00000    26.4569    25.4933   -14.7581    1.00000    1.00000
     1.00000   -21.5259   -26.7177    6.74635    1.00000    1.00000
     1.00000   -8.75138    5.01085    13.0606    1.00000    1.00000
     1.00000   -4.36203   -10.6304   -14.1014    1.00000    1.00000
     1.00000    23.5212    15.5858  -0.175735    1.00000    1.00000
     1.00000   -18.9626   -17.1800    3.08438    1.00000    1.00000
     1.00000   0.956459    16.4929   -3.47057    1.00000    1.00000
     1.00000   -7.40070   -7.32925   -1.05725    1.00000    1.00000
     1.00000    23.6883    23.2027   0.395485    1.00000    1.00000
     1.00000   -8.17346   -19.9801    2.45900    1.00000    1.00000
     1.00000   -3.00575    13.5997    1.47957    1.00000    1.00000
     1.00000   -4.94329   -10.6275   -9.13465    1.00000    1.00000
     1.00000    12.8771    14.7664   -5.00387    1.00000    1.00000
     1.00000   -15.3928   -16.0690    2.12809    1.00000    1.00000
     1.00000  -0.789261    4.13845   -3.12137    1.00000    1.00000
     1.00000    1.34984  -10.31010    5.79585    1.00000    1.00000
     1.00000    25.0660    24.0918   -10.6992    1.00000    1.00000
     1.00000   -13.3802   -21.3439   10.54847    1.00000    1.00000
     1.00000   -3.22450    5.37163    10.8382    1.00000    1.00000
     1.00000   -5.46622   -10.7860   -11.2643    1.00000    1.00000
     1.00000    19.3577    13.5951    1.73373    1.00000    1.00000
     1.00000   -22.6399   -18.6786    3.37791    1.00000    1.00000
     1.00000    6.42627    17.7128   -1.15675    1.00000    1.00000
     1.00000   -9.09781   -4.39845   -5.05981    1.00000    1.00000
     1.00000    26.2029    19.5869   -2.49214    1.00000    1.00000
     1.00000   -9.97876   -18.6539   10.21976    1.00000    1.00000
     1.00000   -7.57473    12.0065    4.52325    1.00000    1.00000
     1.00000   -1.70468   -11.3924   -2.87835    1.00000    1.00000
     1.00000    11.7738    19.0469    1.13862    1.00000    1.00000
     1.00000   -16.0162   -11.7864  -0.147446    1.00000    1.00000
     1.00000   0.406067    6.69216   -5.06084    1.00000    1.00000
     1.00000  -0.325012   -11.7325    2.02490    1.00000    1.00000
     1.00000    23.3013    24.2433   -13.9590    1.00000    1.00000
     1.00000   -19.9072   -22.5983   10.26117    1.00000    1.00000
     1.00000   -8.29053    8.61686    15.0270    1.00000    1.00000
     1.00000   -3.58848   -11.3934   -10.9401    1.00000    1.00000
     1.00000    21.5053    15.7879   -3.16699    1.00000    1.00000
     1.00000   -19.9966   -22.9982    3.08805    1.00000    1.00000
     1.00000    1.22514    13.5535   -5.63072    1.00000    1.00000
     1.00000   -4.87867   -4.59419   0.891632    1.00000    1.00000
     1.00000    27.4124    22.2669   -2.57777    1.00000    1.00000
     1.00000   -5.38385   -19.5117    3.25461    1.00000    1.00000
     1.00000   -2.27745    11.6688    4.62863    1.00000    1.00000
     1.00000   -1.57091   -9.52691   -4.29388    1.00000    1.00000
     1.00000    18.0971    15.1111   0.904320    1.00000    1.00000
     1.00000   -14.5571   -15.7649    4.29741    1.00000    1.00000
     1.00000   -4.93767    1.97146   -5.40277    1.00000    1.00000
     1.00000  -0.389469   -7.82353    4.33988    1.00000    1.00000
     1.00000    28.4463    24.3187   -5.58715    1.00000    1.00000
     1.00000   -17.7851   -23.6602   10.39121    1.00000    1.00000
     1.00000   -3.83484    9.06312    9.51106    1.00000    1.00000
     1.00000   -7.67248   -5.54061   -9.17931    1.00000    1.00000
     1.00000    25.3554    12.6610   -2.15273    1.00000    1.00000
     1.00000   -20.4122   -21.0699    5.15965    1.00000    1.00000
     1.00000    6.67967    15.8924   -4.53983    1.00000    1.00000
     1.00000   -6.36720   -1.46074   -4.17486    1.00000    1.00000
     1.00000    23.4964    21.0851   -4.26777    1.00000    1.00000
     1.00000   -9.51816   -17.6874    7.23662    1.00000    1.00000
     1.00000   -4.93578    11.2058    9.28477    1.00000    1.00000
     1.00000   -3.09490   -14.0882   0.883926    1.00000    1.00000
     1.00000    9.30032    17.9412   0.289536    1.00000    1.00000
     1.00000   -19.0259   -14.1042  -0.891594    1.00000    1.00000
     1.00000   0.732269    11.1091   -4.95450    1.00000    1.00000
     1.00000    3.56875   -11.8083    2.55896    1.00000    1.00000
     1.00000    28.3907    22.3681   -14.7856    1.00000    1.00000
     1.00000   -22.8357   -27.8309    5.14432    1.00000    1.00000
     1.00000   -5.15670    8.92221    13.5131    1.00000    1.00000
