     1.00000  -0.353481    4.87508    6.78122    1.00000    1.00000
     1.00000   -14.8784   0.500607   -9.43495    1.00000    1.00000
     1.00000    14.5386    1.96099    8.84088    1.00000    1.00000
     1.00000    2.84509   -7.01133   -6.89585    1.00000    1.00000
     1.00000   -11.7491    16.0497    13.1154    1.00000    1.00000
     1.00000   0.626801   -7.41077   -3.32335    1.00000    1.00000
     1.00000    2.41230    13.7736    1.29706    1.00000    1.00000
     1.00000    1.82830   -21.9151   -4.15165    1.00000    1.00000
     1.00000   -3.51740    3.59605    12.8043    1.00000    1.00000
     1.00000   -5.56764    4.13070   -9.58832    1.00000    1.00000
     1.00000    6.73220    7.96329   -1.95471    1.00000    1.00000
     1.00000   -2.11951   -14.5020   -2.10515    1.00000    1.00000
     1.00000   -3.74892    6.20653    5.71254    1.00000    1.00000
     1.00000    5.50030    4.32294   -2.06815    1.00000    1.00000
     1.00000    8.63677    21.6703    4.15175    1.00000    1.00000
     1.00000   -3.89902   -24.0853   -15.4724    1.00000    1.00000
     1.00000   -1.12928    7.79345    2.03765    1.00000    1.00000
     1.00000   -5.99300   -4.10850   -8.78109    1.00000    1.00000
     1.00000    16.1211    5.50972   10.50322    1.00000    1.00000
     1.00000   -3.68461   -12.7162   -5.10364    1.00000    1.00000
     1.00000   -7.13834    13.6039    12.2595    1.00000    1.00000
     1.00000   -5.07045   -6.97962   -4.90449    1.00000    1.00000
     1.00000    9.65257    15.3588   -5.71331    1.00000    1.00000
     1.00000    1.90229   -18.2673   -4.13443    1.00000    1.00000
     1.00000    2.57296    5.94523    7.77225    1.00000    1.00000
     1.00000   -5.32850    2.78091   -8.13200    1.00000    1.00000
     1.00000    6.35745    9.24141    3.41586    1.00000    1.00000
     1.00000   -1.73399   -9.84376   -5.01002    1.00000    1.00000
     1.00000   -4.08859    14.4328    8.94968    1.00000    1.00000
     1.00000    1.18314  -0.758251   -6.90761    1.00000    1.00000
     1.00000    12.3604    20.3929    1.12228    1.00000    1.00000
     1.00000   -3.18813   -22.7978   -3.30285    1.00000    1.00000
     1.00000    1.77302    6.80143    6.15144    1.00000    1.00000
     1.00000   -12.6070   -1.31748   -7.87186    1.00000    1.00000
     1.00000    12.0071    5.26840    7.55469    1.00000    1.00000
     1.00000   -3.94061   -10.9125   -7.59104    1.00000    1.00000
     1.00000   -11.2150    9.51738    11.2335    1.00000    1.00000
     1.00000  -0.364311   -9.72982   0.498695    1.00000    1.00000
     1.00000    1.34772    12.0520  -0.232117    1.00000    1.00000
     1.00000    2.74564   -29.6540   -2.72171    1.00000    1.00000
     1.00000   -6.29110    1.94393    11.1642    1.00000    1.00000
     1.00000   -9.62782    6.47770   -8.37987    1.00000    1.00000
     1.00000    8.46647    10.9556   0.513836    1.00000    1.00000
     1.00000   -1.34840   -13.6326   -4.39686    1.00000    1.00000
     1.00000   -7.13885    7.75038    7.69179    1.00000    1.00000
     1.00000    4.24243    1.75912   -1.12115    1.00000    1.00000
     1.00000    7.44187    18.1378    5.57380    1.00000    1.00000
     1.00000   -5.45888   -23.6874   -9.53202    1.00000    1.00000
     1.00000   0.967289    8.60828    2.78801    1.00000    1.00000
     1.00000   -7.19536   -6.05184   -6.58427    1.00000    1.00000
     1.00000    15.3396    7.39819    14.3747    1.00000    1.00000
     1.00000   -1.03848   -13.9055   -11.9355    1.00000    1.00000
     1.00000  -10.26803    11.5124    15.3415    1.00000    1.00000
     1.00000   -1.58485   -5.73609   -5.60718    1.00000    1.00000
     1.00000    6.55545    12.2931   -2.49608    1.00000    1.00000
     1.00000   -1.46990   -22.7749   -1.91320    1.00000    1.00000
     1.00000    2.38248   0.838383    9.06123    1.00000    1.00000
     1.00000   -5.13917    3.11164   -5.47931    1.00000    1.00000
     1.00000    9.56318    4.35559    3.40824    1.00000    1.00000
     1.00000    1.50868   -16.0922   -6.34411    1.00000    1.00000
     1.00000   -2.60868    11.4039    11.4330    1.00000    1.00000
     1.00000    1.17910   -5.02016   -5.41203    1.00000    1.00000
     1.00000    13.2828    18.9241   0.126255    1.00000    1.00000
     1.00000   -5.17307   -22.8212   -5.79063    1.00000    1.00000
     1.00000   -3.50992    8.19578    5.84430    1.00000    1.00000
     1.00000   -14.6667    1.44102   -6.34658    1.00000    1.00000
     1.00000    14.5193    5.53598    7.27330    1.00000    1.00000
     1.00000  -0.493942   -9.01551   -7.67899    1.00000    1.00000
     1.00000  -10.47362    11.8945    10.8065    1.00000    1.00000
     1.00000    1.33969   -8.81082   -2.08575    1.00000    1.00000
     1.00000    5.01765    13.0348   -1.45444    1.00000    1.00000
     1.00000    2.26483   -25.4259   -2.28889    1.00000    1.00000
     1.00000   0.604626    2.75977    11.2339    1.00000    1.00000
     1.00000   -6.65966    4.72580   -7.53273    1.00000    1.00000
     1.00000    7.41052    9.44909  -0.800465    1.00000    1.00000
     1.00000   -4.01783   -14.8642   -1.59018    1.00000    1.00000
     1.00000   -4.10724    7.76959    8.15192    1.00000    1.00000
     1.00000    2.79988    2.33816   -2.87724    1.00000    1.00000
     1.00000    9.70881    19.2896    3.42160    1.00000    1.00000
     1.00000   -5.97013   -22.6342   -11.1535    1.00000    1.00000
     1.00000   -3.11166    5.60500   -1.79321    1.00000    1.00000
     1.00000   -7.27819  -0.683319   -7.65555    1.00000    1.00000
     1.00000    14.2490    5.89458    9.22223    1.00000    1.00000
     1.00000   -2.44583   -15.8116   -6.04482    1.00000    1.00000
     1.00000   -7.54423    13.7469    14.2127    1.00000    1.00000
     1.00000   -8.40630   -8.50586   -6.08324    1.00000    1.00000
     1.00000    11.7786    15.7009   -3.89824    1.00000    1.00000
     1.00000   -3.37410E-02   -18.6818   -3.85169    1.00000    1.00000
     1.00000    1.87265    3.70895    8.33104    1.00000    1.00000
     1.00000   -6.17716   0.988949   -7.87001    1.00000    1.00000
     1.00000    6.60123    5.76558    2.84597    1.00000    1.00000
     1.00000   -1.13176   -10.8686   -6.61847    1.00000    1.00000
     1.00000   -3.56997    17.0292    11.7879    1.00000    1.00000
     1.00000    4.06590   -1.96716   -5.80832    1.00000    1.00000
     1.00000    10.7301    19.2525   0.918636    1.00000    1.00000
     1.00000   -1.27575   -23.2554   -5.82421    1.00000    1.00000
     1.00000   0.474205    6.31815    4.24297    1.00000    1.00000
     1.00000   -9.05369   -2.71721E-02   -7.00975    1.00000    1.00000
     1.00000    8.98246    4.40923    5.32132    1.00000    1.00000
     1.00000   -2.65314  -10.22639   -9.92641    1.00000    1.00000
     1.00000   -8.83127    8.42387    11.0170    1.00000    1.00000
     1.00000   -1.63532   -8.71704  -0.666988    1.00000    1.00000
     1.00000    3.28018    11.6553    9.69582E-02    1.00000    1.00000
     1.00000    3.82919   -27.1703   -3.35300    1.00000    1.00000
     1.00000   -5.16001    2.70928    15.4865    1.00000    1.00000
     1.00000   -8.60682    4.80446   -7.98259    1.00000    1.00000
     1.00000    8.33828    9.87403    3.83825    1.00000    1.00000
     1.00000   -1.49031   -17.3907   -3.39195    1.00000    1.00000
     1.00000   -5.61140    5.84953    6.34794    1.00000    1.00000
     1.00000    1.77590   -2.03929   -2.81391    1.00000    1.00000
     1.00000    8.07640    16.2460    5.43800    1.00000    1.00000
     1.00000   -3.31022   -22.2530   -8.79384    1.00000    1.00000
     1.00000  -0.531219    9.68246    1.76565    1.00000    1.00000
     1.00000   -9.40125   -3.54477   -7.98977    1.00000    1.00000
     1.00000    16.0856    4.22347    12.0343    1.00000    1.00000
     1.00000   -1.14516   -14.4132  -10.00394    1.00000    1.00000
     1.00000   -8.33139    11.7894    14.9259    1.00000    1.00000
     1.00000   -2.58454   -5.84039   -8.50821    1.00000    1.00000
     1.00000    9.53886    13.9759   -4.27288    1.00000    1.00000
     1.00000   -2.71064   -22.8029  -0.344830    1.00000    1.00000
     1.00000   -1.98687    1.27924    8.25515    1.00000    1.00000
     1.00000   -4.63975    4.37946   -2.19765    1.00000    1.00000
     1.00000    9.34261    6.32807    3.65454    1.00000    1.00000
     1.00000   0.469982   -12.9038   -6.93519    1.00000    1.00000
     1.00000   -4.61414    12.5820    9.49607    1.00000    1.00000
     1.00000    2.52016   -3.89328   -2.90759    1.00000    1.00000
     1.00000    10.7929    17.0091   -2.75058    1.00000    1.00000
     1.00000   -5.73344   -24.7329   -3.39847    1.00000    1.00000
     1.00000   -1.35872    6.60344    6.82889    1.00000    1.00000
     1.00000   -16.6857   0.173645   -8.64331    1.00000    1.00000
     1.00000    14.4307    3.57728    7.66785    1.00000    1.00000
     1.00000   0.925934   -6.46151   -6.77526    1.00000    1.00000
     1.00000   -11.5742    15.2563    11.2878    1.00000    1.00000
     1.00000  -0.188755   -5.79605   -4.17633    1.00000    1.00000
     1.00000    1.40890    15.4096    1.85974    1.00000    1.00000
     1.00000    1.98843   -23.6798   -3.22419    1.00000    1.00000
     1.00000   -2.07302    3.04167    14.0718    1.00000    1.00000
     1.00000   -3.70486    4.09064   -8.86137    1.00000    1.00000
     1.00000    5.27185    7.31705   -3.15878    1.00000    1.00000
     1.00000  -0.846138   -13.1217   -1.41719    1.00000    1.00000
     1.00000   -3.56112    5.90421    7.68062    1.00000    1.00000
     1.00000    4.39429    4.13968   -3.72440    1.00000    1.00000
     1.00000    8.51130    20.5836    2.47741    1.00000    1.00000
     1.00000   -4.90395   -24.6642   -13.8430    1.00000    1.00000
     1.00000   -2.25795    7.03218   0.572529    1.00000    1.00000
     1.00000   -7.48403   -3.80478   -7.48317    1.00000    1.00000
     1.00000    14.7364    4.13991   10.04904    1.00000    1.00000
     1.00000   -3.14637   -12.6599   -7.02903    1.00000    1.00000
     1.00000   -5.99829    12.6258    10.9391    1.00000    1.00000
     1.00000   -6.52485   -7.83578   -5.97766    1.00000    1.00000
     1.00000    9.24426    17.0128   -6.76087    1.00000    1.00000
     1.00000    3.19286   -17.9227   -2.64592    1.00000    1.00000
     1.00000    1.96199    4.52260    6.50621    1.00000    1.00000
     1.00000   -4.37249    1.74017   -6.71675    1.00000    1.00000
     1.00000    4.76999    8.14809    2.88239    1.00000    1.00000
     1.00000   -2.76428   -11.2096   -3.97412    1.00000    1.00000
     1.00000   -4.00935    15.3727    7.18609    1.00000    1.00000
     1.00000    2.26156   -2.40462   -6.55196    1.00000    1.00000
     1.00000    11.2983    22.0800    1.28210    1.00000    1.00000
     1.00000   -1.33583   -23.3403   -3.82692    1.00000    1.00000
     1.00000   0.461601    6.66396    7.65519    1.00000    1.00000
     1.00000   -12.9218   -1.05796   -5.91392    1.00000    1.00000
     1.00000   10.52615    5.31742    6.21138    1.00000    1.00000
     1.00000   -2.24434   -9.93136   -7.99100    1.00000    1.00000
     1.00000  -10.51244    9.90588    9.40167    1.00000    1.00000
     1.00000   -1.22267   -9.30663    2.25486    1.00000    1.00000
     1.00000   0.731079    12.2579    1.65927    1.00000    1.00000
     1.00000    3.22557   -28.7404   -4.43486    1.00000    1.00000
     1.00000   -5.25224    3.52557    11.8117    1.00000    1.00000
     1.00000   -10.8646    7.54202   -7.22329    1.00000    1.00000
     1.00000    9.20871    11.8995    2.11325    1.00000    1.00000
     1.00000  -0.997200   -14.1093   -6.30722    1.00000    1.00000
     1.00000   -9.09924    8.11191    7.52994    1.00000    1.00000
     1.00000    4.15607   0.461338   -2.64046    1.00000    1.00000
     1.00000    7.94652    19.8969    4.76712    1.00000    1.00000
     1.00000   -4.85194   -22.9936   -7.75714    1.00000    1.00000
     1.00000    2.76897    8.10446    2.08082    1.00000    1.00000
     1.00000   -7.49608   -5.80728   -8.54634    1.00000    1.00000
     1.00000    14.8920    6.74295    12.5389    1.00000    1.00000
     1.00000   0.581833   -14.9379   -12.4911    1.00000    1.00000
     1.00000   -10.7641    12.9929    14.0917    1.00000    1.00000
     1.00000   -3.54771   -6.05774   -5.81631    1.00000    1.00000
     1.00000    7.72394    11.2708   -3.75685    1.00000    1.00000
     1.00000  -0.935566   -21.2140   -3.04371    1.00000    1.00000
     1.00000   0.976631    2.23320    9.34064    1.00000    1.00000
     1.00000   -4.25409    3.10019   -3.68585    1.00000    1.00000
     1.00000    8.19405    3.94451    2.00949    1.00000    1.00000
     1.00000    1.56192   -14.4745   -7.51893    1.00000    1.00000
     1.00000   -1.30084    10.6682   10.11077    1.00000    1.00000
     1.00000    2.84538   -5.35447   -4.35762    1.00000    1.00000
     1.00000    13.7522    17.0149  -0.240292    1.00000    1.00000
     1.00000   -3.85544   -24.1620   -6.47332    1.00000    1.00000
     1.00000   -2.08002    7.06511    5.02151    1.00000    1.00000
     1.00000   -13.9098   0.191582   -7.71261    1.00000    1.00000
     1.00000    13.0609    6.87971    7.01333    1.00000    1.00000
     1.00000   0.513577   -8.30060   -6.10616    1.00000    1.00000
     1.00000  -10.37407    13.7004    11.6603    1.00000    1.00000
     1.00000  -0.571980   -9.34318   -2.33496    1.00000    1.00000
     1.00000    3.38094    13.5787  -0.441837    1.00000    1.00000
     1.00000    1.83221   -27.1237   -3.25344    1.00000    1.00000
     1.00000  -0.978745    3.12534    12.3998    1.00000    1.00000
     1.00000   -7.18700    5.28563   -9.37895    1.00000    1.00000
     1.00000    7.87959    11.3095   -1.36507    1.00000    1.00000
     1.00000   -4.57770   -15.1209   0.312634    1.00000    1.00000
     1.00000   -4.79541    9.47909    8.92913    1.00000    1.00000
     1.00000    4.67843    2.16837   -3.54224    1.00000    1.00000
     1.00000    9.50609    18.0103    1.89774    1.00000    1.00000
     1.00000   -4.87722   -24.1248   -11.9173    1.00000    1.00000
     1.00000   -2.72687    7.50788   -1.31263    1.00000    1.00000
     1.00000   -7.88560   -2.27351   -8.70546    1.00000    1.00000
     1.00000    13.7240    5.59312    11.1284    1.00000    1.00000
     1.00000   -3.25256   -14.6163   -7.43064    1.00000    1.00000
     1.00000   -9.28941    14.0847    13.2960    1.00000    1.00000
     1.00000   -7.62003   -7.82878   -7.79301    1.00000    1.00000
     1.00000    11.2852    16.5127   -5.65826    1.00000    1.00000
     1.00000   0.378853   -20.5599   -4.40182    1.00000    1.00000
     1.00000    3.10244    3.59439    9.90409    1.00000    1.00000
     1.00000   -6.81803   0.430721   -6.05958    1.00000    1.00000
     1.00000    7.10315    7.65966    2.44529    1.00000    1.00000
     1.00000   0.787716   -10.9439   -7.17519    1.00000    1.00000
     1.00000   -3.36154    15.7652   10.25204    1.00000    1.00000
     1.00000    5.73072   -1.20481   -5.00385    1.00000    1.00000
     1.00000   10.34080    18.8954   -1.01034    1.00000    1.00000
     1.00000   -3.11504   -22.4840   -5.67573    1.00000    1.00000
     1.00000    1.79486    7.80916    4.42402    1.00000    1.00000
     1.00000   -10.6343   -1.02319   -7.72359    1.00000    1.00000
     1.00000    9.90623    2.63630    5.26328    1.00000    1.00000
     1.00000   -2.98247   -12.1349   -9.42720    1.00000    1.00000
     1.00000   -9.38515   10.31332    11.3680    1.00000    1.00000
     1.00000   -2.07630  -10.43333   -1.59429    1.00000    1.00000
     1.00000    4.95865    10.5952  -0.145710    1.00000    1.00000
     1.00000    4.89428   -25.6113   -4.01262    1.00000    1.00000
     1.00000   -5.47751    2.51301    13.5216    1.00000    1.00000
     1.00000   -8.54250    5.36840   -6.06482    1.00000    1.00000
     1.00000    7.44661   10.27279    2.09298    1.00000    1.00000
     1.00000   -1.11266   -15.4339   -3.56041    1.00000    1.00000
     1.00000   -7.54287    5.98178    6.84987    1.00000    1.00000
     1.00000    2.44748  -0.248798   -3.39967    1.00000    1.00000
     1.00000    6.84891    15.6035    6.88039    1.00000    1.00000
     1.00000   -1.45332   -21.7217   -8.27467    1.00000    1.00000
     1.00000    1.34032   10.37074    1.91933    1.00000    1.00000
     1.00000   -9.46487   -5.45642   -8.57418    1.00000    1.00000
     1.00000    14.3752    4.83916    12.8683    1.00000    1.00000
     1.00000   -2.17528   -15.6187   -8.78512    1.00000    1.00000
     1.00000   -8.09607    12.8601    16.5986    1.00000    1.00000
     1.00000   -2.42991   -4.55588   -6.98304    1.00000    1.00000
     1.00000    8.61349    12.8470   -2.90571    1.00000    1.00000
     1.00000   -4.54441   -22.3785   0.331348    1.00000    1.00000
     1.00000  -0.305096   0.706966    9.17393    1.00000    1.00000
     1.00000   -6.41854    3.46555   -2.17179    1.00000    1.00000
     1.00000    9.03550    7.40445    1.99711    1.00000    1.00000
     1.00000  -0.869850   -12.1505   -8.21479    1.00000    1.00000
     1.00000   -4.11747    10.8039   10.26524    1.00000    1.00000
     1.00000    3.26190   -3.42962   -4.70615    1.00000    1.00000
     1.00000    11.9588    17.0154   -1.12557    1.00000    1.00000
     1.00000   -4.15704   -24.1763   -4.49625    1.00000    1.00000
