     1.00000   -7.40453   -3.63750  -10.18752    1.00000    1.00000
     1.00000    14.3497   -8.99506    13.0402    1.00000    1.00000
     1.00000    21.6722    5.87606   -27.0680    1.00000    1.00000
     1.00000   -14.3112   -5.65999    21.6002    1.00000    1.00000
     1.00000   -9.56299    8.73370   -14.3121    1.00000    1.00000
     1.00000    12.0286    3.76744    5.60364    1.00000    1.00000
     1.00000   0.299248    5.02319   -17.4574    1.00000    1.00000
     1.00000   -3.85405   -8.57194    13.1762    1.00000    1.00000
     1.00000   -4.61263   -4.75417   0.960609    1.00000    1.00000
     1.00000    11.7873  -0.876198    15.4985    1.00000    1.00000
     1.00000    15.7557    14.8653   -22.0028    1.00000    1.00000
     1.00000   -14.0087  -0.810566    17.6057    1.00000    1.00000
     1.00000   -12.0767    9.52964   -7.19424    1.00000    1.00000
     1.00000    4.38215   -2.21841    6.07877    1.00000    1.00000
     1.00000   10.40433    3.76074   -15.4055    1.00000    1.00000
     1.00000  -10.43943  -0.363605    14.6444    1.00000    1.00000
     1.00000   -8.52577   -3.32137   -4.74207    1.00000    1.00000
     1.00000    15.5530   -9.58072    11.5539    1.00000    1.00000
     1.00000    14.1876    10.7665   -27.1341    1.00000    1.00000
     1.00000   -16.8008   -2.63218    24.1833    1.00000    1.00000
     1.00000   -11.3971    6.09341   -11.6668    1.00000    1.00000
     1.00000    8.19685   0.728260    8.01546    1.00000    1.00000
     1.00000    2.29607E-02    7.30558   -21.6000    1.00000    1.00000
     1.00000   -6.82402   -9.99587    13.4139    1.00000    1.00000
     1.00000  -0.648037   -4.06966    2.17168    1.00000    1.00000
     1.00000    3.63529   -3.76109    7.10950    1.00000    1.00000
     1.00000    11.2157    6.19628   -20.4076    1.00000    1.00000
     1.00000   -6.98574   -5.94248    21.5982    1.00000    1.00000
     1.00000   -11.9934    3.14262   -8.65507    1.00000    1.00000
     1.00000  -0.851971  -10.01225    8.12949    1.00000    1.00000
     1.00000    2.08809    2.60821   -11.1769    1.00000    1.00000
     1.00000   -6.14903   -3.96157    14.0970    1.00000    1.00000
     1.00000   -10.6024   -2.94267   -4.66105    1.00000    1.00000
     1.00000    13.6155   -7.17525    12.6538    1.00000    1.00000
     1.00000    22.0638    3.56893   -22.9945    1.00000    1.00000
     1.00000   -15.9247   -8.39495    16.3608    1.00000    1.00000
     1.00000   -5.30664    7.59932   -16.1768    1.00000    1.00000
     1.00000    7.95574    1.63974    6.17761    1.00000    1.00000
     1.00000   0.626629    7.28419   -15.7669    1.00000    1.00000
     1.00000   -7.56647   -9.27023    9.16232    1.00000    1.00000
     1.00000   -1.97386   -3.39819    3.51007    1.00000    1.00000
     1.00000    7.65483    1.43226    13.2653    1.00000    1.00000
     1.00000    18.2219    13.8353   -25.4921    1.00000    1.00000
     1.00000   -11.6915   -2.33995    21.5187    1.00000    1.00000
     1.00000   -16.4178    10.7288   -7.19109    1.00000    1.00000
     1.00000   -6.01616E-02   -5.39421    7.47778    1.00000    1.00000
     1.00000    11.0818    5.61466   -18.4988    1.00000    1.00000
     1.00000   -7.61659   0.819317    14.9591    1.00000    1.00000
     1.00000   -5.35638   -2.59872   -5.14850    1.00000    1.00000
     1.00000    18.6244   -5.54135   10.34081    1.00000    1.00000
     1.00000    20.4424    7.84583   -24.0257    1.00000    1.00000
     1.00000   -14.0262   -3.96694    20.5743    1.00000    1.00000
     1.00000   -8.07210    5.44693   -11.1831    1.00000    1.00000
     1.00000    5.94060    3.30221    5.82681    1.00000    1.00000
     1.00000    1.87115    6.23082   -19.3658    1.00000    1.00000
     1.00000   -9.42164   -5.00738    17.1687    1.00000    1.00000
     1.00000    1.55100   -9.15846    3.90205    1.00000    1.00000
     1.00000    7.01143   -1.79066    14.4233    1.00000    1.00000
     1.00000    14.5422    8.25701   -19.4855    1.00000    1.00000
     1.00000   -7.07486   -4.72783    23.1846    1.00000    1.00000
     1.00000  -10.08330    1.08906   -9.80444    1.00000    1.00000
     1.00000   -1.02327   -7.13631    7.67149    1.00000    1.00000
     1.00000    4.95181    3.35644   -15.2495    1.00000    1.00000
     1.00000   -3.66504  -0.583698    14.9231    1.00000    1.00000
     1.00000  -10.11966   -4.98899   -5.61238    1.00000    1.00000
     1.00000    13.5826   -9.82540    14.6901    1.00000    1.00000
     1.00000    18.1536    3.16938   -24.8103    1.00000    1.00000
     1.00000   -13.3913   -8.23211    20.5366    1.00000    1.00000
     1.00000   -7.20538    9.97345   -14.0561    1.00000    1.00000
     1.00000    12.4555    1.30074    7.13851    1.00000    1.00000
     1.00000   -3.96910    6.37954   -19.7207    1.00000    1.00000
     1.00000   -4.51364   -8.56638    10.9038    1.00000    1.00000
     1.00000   -6.25041   -4.09031    2.41318E-02    1.00000    1.00000
     1.00000    11.2279   0.849274    12.8530    1.00000    1.00000
     1.00000    14.0023    12.4508   -21.0189    1.00000    1.00000
     1.00000   -11.4922   -3.46875    18.7324    1.00000    1.00000
     1.00000   -13.3803    11.8337   -8.71855    1.00000    1.00000
     1.00000    3.01773  -0.756268    6.05634    1.00000    1.00000
     1.00000    9.26439    3.06916   -17.5758    1.00000    1.00000
     1.00000   -8.32502   -1.92616    13.9839    1.00000    1.00000
     1.00000   -8.64336   -3.75416   -2.79300    1.00000    1.00000
     1.00000    16.7521  -10.12111    9.82516    1.00000    1.00000
     1.00000    16.1467   10.48539   -24.8353    1.00000    1.00000
     1.00000   -17.0876   -1.41555    22.6220    1.00000    1.00000
     1.00000   -13.4993    6.81400   -12.9082    1.00000    1.00000
     1.00000    5.61878   0.478077    5.72880    1.00000    1.00000
     1.00000   0.236122   10.14457   -23.8541    1.00000    1.00000
     1.00000   -8.11240   -8.02896    16.4288    1.00000    1.00000
     1.00000   -1.18499   -6.15519    5.93620    1.00000    1.00000
     1.00000    4.29197   -6.89866    9.98955    1.00000    1.00000
     1.00000   10.05221    7.63865   -19.6554    1.00000    1.00000
     1.00000   -6.29679   -7.38662    20.3983    1.00000    1.00000
     1.00000   -12.8111    6.71428   -9.34091    1.00000    1.00000
     1.00000   -3.93164   -10.7346    6.40987    1.00000    1.00000
     1.00000    4.45000    3.06217   -13.3360    1.00000    1.00000
     1.00000   -9.01937   -5.45976    12.6347    1.00000    1.00000
     1.00000   -11.3534   0.807083   -8.28553    1.00000    1.00000
     1.00000   10.21690   -3.69090    14.2836    1.00000    1.00000
     1.00000    21.1037    5.04324   -24.6825    1.00000    1.00000
     1.00000   -16.8362   -6.37105    18.8676    1.00000    1.00000
     1.00000   -5.42478    4.42437   -14.6632    1.00000    1.00000
     1.00000    10.8541  -0.947315    5.07138    1.00000    1.00000
     1.00000   -1.89419    6.78067   -17.7485    1.00000    1.00000
     1.00000   -4.63575   -8.17424    8.81435    1.00000    1.00000
     1.00000   -1.78375E-02  -0.869381    1.81709    1.00000    1.00000
     1.00000    9.59187    1.58128    13.7404    1.00000    1.00000
     1.00000    16.5945    12.7476   -23.6197    1.00000    1.00000
     1.00000  -10.30460   -3.31147    24.0953    1.00000    1.00000
     1.00000   -18.2398    9.90923   -7.28317    1.00000    1.00000
     1.00000    1.46216   -4.21011    4.61644    1.00000    1.00000
     1.00000    10.9437    3.07633   -19.4101    1.00000    1.00000
     1.00000   -7.81856  -0.408958    11.3406    1.00000    1.00000
     1.00000   -8.45659  -0.848206   -4.48989    1.00000    1.00000
     1.00000    17.0917   -7.21092    10.7638    1.00000    1.00000
     1.00000    17.1358    9.90311   -23.1974    1.00000    1.00000
     1.00000   -13.6708   0.563396    19.2179    1.00000    1.00000
     1.00000   -6.86124    5.13049   -12.7431    1.00000    1.00000
     1.00000    2.07600    3.83313    5.99888    1.00000    1.00000
     1.00000    3.39786    3.46143   -17.6121    1.00000    1.00000
     1.00000   -9.41644   -7.30109    17.7591    1.00000    1.00000
     1.00000    2.24899   -7.47245    5.05255    1.00000    1.00000
     1.00000    6.51770   -3.47970    13.1058    1.00000    1.00000
     1.00000    13.9505    9.16388   -22.2812    1.00000    1.00000
     1.00000   -8.44308   -2.94564    24.7285    1.00000    1.00000
     1.00000  -10.44540    2.52071   -12.3293    1.00000    1.00000
     1.00000  -0.144112   -8.35301    8.99313    1.00000    1.00000
     1.00000    6.72247    2.42767   -15.2957    1.00000    1.00000
     1.00000   -6.13191   -1.88588    12.8631    1.00000    1.00000
     1.00000   -7.84278   -3.35283   -8.25700    1.00000    1.00000
     1.00000    15.5848   -9.38367    14.5645    1.00000    1.00000
     1.00000    19.8602    5.11696   -27.4426    1.00000    1.00000
     1.00000   -15.9363   -5.52766    20.4420    1.00000    1.00000
     1.00000   -8.11057    7.53735   -14.9898    1.00000    1.00000
     1.00000    14.0029    3.47254    5.72578    1.00000    1.00000
     1.00000   -1.13975    5.27250   -18.8238    1.00000    1.00000
     1.00000   -3.41796   -9.97013    11.8142    1.00000    1.00000
     1.00000   -2.99856   -4.09356    1.93958    1.00000    1.00000
     1.00000    12.1044   -1.57637    13.6521    1.00000    1.00000
     1.00000    15.9018    13.0637   -21.1467    1.00000    1.00000
     1.00000   -13.1535   -2.37831    18.5062    1.00000    1.00000
     1.00000   -13.0057    7.83001   -7.69250    1.00000    1.00000
     1.00000    3.15949   -3.17101    4.81479    1.00000    1.00000
     1.00000    9.07133    5.16996   -14.9184    1.00000    1.00000
     1.00000   -10.7358   -2.33581    14.7947    1.00000    1.00000
     1.00000   -7.37670   -4.88939   -4.27202    1.00000    1.00000
     1.00000    14.2128   -11.0064    11.9679    1.00000    1.00000
     1.00000    14.2394    10.9992   -25.1484    1.00000    1.00000
     1.00000   -17.4392   -2.46405    26.0712    1.00000    1.00000
     1.00000   -12.7452    7.48946   -11.1834    1.00000    1.00000
     1.00000    6.39120    1.30529    7.37776    1.00000    1.00000
     1.00000   -2.48528E-02    6.79101   -19.6679    1.00000    1.00000
     1.00000   -6.53383  -10.07728    11.4367    1.00000    1.00000
     1.00000   0.411983   -5.75986    2.31154    1.00000    1.00000
     1.00000    4.25541   -3.66029    9.00826    1.00000    1.00000
     1.00000    12.9388    7.21155   -20.3951    1.00000    1.00000
     1.00000   -7.56172   -4.21663    20.7677    1.00000    1.00000
     1.00000   -10.9081    2.84021  -10.30756    1.00000    1.00000
     1.00000   -2.73643   -10.6718    8.01221    1.00000    1.00000
     1.00000    2.48918    2.72466   -13.1328    1.00000    1.00000
     1.00000   -7.06161   -5.05508    12.6929    1.00000    1.00000
     1.00000   -9.60408   -1.91450   -6.05611    1.00000    1.00000
     1.00000    11.7638   -6.79029    13.3041    1.00000    1.00000
     1.00000    22.1598    5.56533   -23.0663    1.00000    1.00000
     1.00000   -16.8626   -8.14693    14.6118    1.00000    1.00000
     1.00000   -5.92249    9.36361   -15.4640    1.00000    1.00000
     1.00000    9.90322    1.18740    6.12568    1.00000    1.00000
     1.00000   -1.28471    6.70053   -15.8453    1.00000    1.00000
     1.00000   -5.67273   -9.64702    9.68361    1.00000    1.00000
     1.00000   -3.38882   -4.60193    4.25097    1.00000    1.00000
     1.00000    6.36803   -1.31226E-02    13.7703    1.00000    1.00000
     1.00000    16.6786    14.5650   -24.4502    1.00000    1.00000
     1.00000   -10.6271  -0.930607    22.4571    1.00000    1.00000
     1.00000   -14.5990    11.5519   -7.07098    1.00000    1.00000
     1.00000    1.54664   -5.30107    6.29056    1.00000    1.00000
     1.00000    13.0589    5.90011   -18.5974    1.00000    1.00000
     1.00000   -8.41160   -3.61481E-02    13.3355    1.00000    1.00000
     1.00000   -7.23104   -2.02535   -5.54457    1.00000    1.00000
     1.00000    18.6525   -7.36625    9.52292    1.00000    1.00000
     1.00000    21.5901    7.66644   -22.3975    1.00000    1.00000
     1.00000   -14.8889   -2.18310    20.3027    1.00000    1.00000
     1.00000   -9.53297    6.08402   -12.3914    1.00000    1.00000
     1.00000    4.44830    2.05648    5.35648    1.00000    1.00000
     1.00000    3.28920    5.34862   -18.2654    1.00000    1.00000
     1.00000  -10.02120   -4.06046    15.5123    1.00000    1.00000
     1.00000  -0.225121   -8.69625    3.10722    1.00000    1.00000
     1.00000    8.36137   -3.12620    13.7956    1.00000    1.00000
     1.00000    15.5483    7.45985   -17.9518    1.00000    1.00000
     1.00000   -7.05432   -2.73158    23.3053    1.00000    1.00000
     1.00000   -11.6027   0.136436   -10.6898    1.00000    1.00000
     1.00000   -2.89117   -7.81152    7.90612    1.00000    1.00000
     1.00000    4.84267    2.26358   -16.9210    1.00000    1.00000
     1.00000   -4.22911   -1.34791    13.1630    1.00000    1.00000
     1.00000   -8.97593   -3.71804   -6.64996    1.00000    1.00000
     1.00000    12.6786   -10.6929    16.2489    1.00000    1.00000
     1.00000    18.9351    4.78017   -25.7017    1.00000    1.00000
     1.00000   -14.6837   -7.59798    21.9250    1.00000    1.00000
     1.00000   -8.53558    9.92333   -15.5487    1.00000    1.00000
     1.00000    11.6501    1.81614    5.38190    1.00000    1.00000
     1.00000   -2.48574    5.16933   -20.2995    1.00000    1.00000
     1.00000   -4.92139   -7.03733    12.1268    1.00000    1.00000
     1.00000   -7.61327   -4.64710   -1.32961    1.00000    1.00000
     1.00000    12.0033   0.942184    14.6943    1.00000    1.00000
     1.00000    14.9247    10.8021   -21.6753    1.00000    1.00000
     1.00000   -12.0286   -4.06504    20.5645    1.00000    1.00000
     1.00000   -12.6082    11.4376   -6.91659    1.00000    1.00000
     1.00000    2.17903   -2.25093    7.08715    1.00000    1.00000
     1.00000    8.50666    3.21959   -15.7311    1.00000    1.00000
     1.00000   -8.75816  -0.849277    15.6126    1.00000    1.00000
     1.00000   -9.85958   -5.25903   -2.28688    1.00000    1.00000
     1.00000    15.2022   -8.86141    9.72098    1.00000    1.00000
     1.00000    16.2246    11.4132   -26.6054    1.00000    1.00000
     1.00000   -15.2764   -2.18499    22.2648    1.00000    1.00000
     1.00000   -12.9982    5.34338   -14.1677    1.00000    1.00000
     1.00000    6.04046   -1.42688    5.28912    1.00000    1.00000
     1.00000   0.922031    8.85687   -22.4861    1.00000    1.00000
     1.00000   -8.02143   -9.11410    14.7513    1.00000    1.00000
     1.00000  -0.288857   -6.12688    4.14841    1.00000    1.00000
     1.00000    4.26704   -4.97030   10.51945    1.00000    1.00000
     1.00000    8.99306    6.24245   -20.6191    1.00000    1.00000
     1.00000   -8.13010   -6.69080    20.0048    1.00000    1.00000
     1.00000   -11.8515    4.96418   -9.46857    1.00000    1.00000
     1.00000   -5.33793   -12.0502    5.86980    1.00000    1.00000
     1.00000    5.74445    1.73979   -12.5772    1.00000    1.00000
     1.00000   -8.90979   -4.03418    11.2363    1.00000    1.00000
     1.00000   -10.7296  -0.492249   -6.89894    1.00000    1.00000
     1.00000   10.25046   -5.66622    13.9721    1.00000    1.00000
     1.00000    19.9273    6.49098   -25.4037    1.00000    1.00000
     1.00000   -17.4274   -7.47886    17.3109    1.00000    1.00000
     1.00000   -5.07146    6.39189   -14.5998    1.00000    1.00000
     1.00000    8.96973  -0.280552    5.13892    1.00000    1.00000
     1.00000   -3.83844    6.80791   -17.2804    1.00000    1.00000
     1.00000   -5.17810   -8.57234    6.93089    1.00000    1.00000
     1.00000   -1.27650   -1.54694    3.21590    1.00000    1.00000
     1.00000   10.00051   0.234966    15.1618    1.00000    1.00000
     1.00000    16.7591    11.5052   -22.0610    1.00000    1.00000
     1.00000   -9.69799   -1.40689    24.1630    1.00000    1.00000
     1.00000   -18.2913    7.92510   -7.52930    1.00000    1.00000
     1.00000    2.85705   -4.83973    3.32887    1.00000    1.00000
     1.00000    9.54134    4.44293   -19.0027    1.00000    1.00000
     1.00000   -8.78998    1.26024    11.8603    1.00000    1.00000
     1.00000  -10.12120   -7.27844E-02   -3.69755    1.00000    1.00000
     1.00000    16.9319   -8.38646    12.3740    1.00000    1.00000
     1.00000    18.7314    8.73409   -23.4935    1.00000    1.00000
     1.00000   -13.5177  -0.780060    20.6916    1.00000    1.00000
     1.00000   -5.80215    3.44773   -12.9592    1.00000    1.00000
     1.00000    3.64615    3.00749    6.92242    1.00000    1.00000
     1.00000    1.40052    3.35951   -17.5967    1.00000    1.00000
     1.00000   -7.96874   -5.97591    18.1439    1.00000    1.00000
     1.00000    1.22887   -7.26485    3.34484    1.00000    1.00000
     1.00000    5.94737   -4.56470    11.5254    1.00000    1.00000
     1.00000    13.0868    9.20435   -20.4777    1.00000    1.00000
     1.00000   -7.45996   -3.93586    26.1613    1.00000    1.00000
     1.00000   -8.95497    1.58427   -11.3798    1.00000    1.00000
     1.00000  -0.219521  -10.02121   10.09377    1.00000    1.00000
     1.00000    6.64893    3.76201   -16.7837    1.00000    1.00000
     1.00000   -7.86134   -2.60330    12.1600    1.00000    1.00000
