     1.00000    6.93862    3.83774    2.45101    1.00000    1.00000
     1.00000   -2.47610   -3.83699   -7.87965    1.00000    1.00000
     1.00000    21.0093   -2.25769    7.25702    1.00000    1.00000
     1.00000   -23.8773    2.60889   -1.11029    1.00000    1.00000
     1.00000    2.29063    4.07045   10.38795    1.00000    1.00000
     1.00000   -11.5846   -4.90118   -8.71840    1.00000    1.00000
     1.00000    12.7254   -6.54959    4.63436    1.00000    1.00000
     1.00000   -19.3207   -2.90999    1.91259    1.00000    1.00000
     1.00000    8.94043  -0.376759  -0.178566    1.00000    1.00000
     1.00000   -14.3479   -1.41446  -10.48255    1.00000    1.00000
     1.00000    26.8831    3.73515    1.40647    1.00000    1.00000
     1.00000   -11.3205    9.73094   -2.38048    1.00000    1.00000
     1.00000    7.75245    12.8313    14.2299    1.00000    1.00000
     1.00000   -10.9355   -9.58870   -14.4078    1.00000    1.00000
     1.00000    20.9658  -0.412575    4.48308    1.00000    1.00000
     1.00000   -23.8602   -9.49668    8.17114    1.00000    1.00000
     1.00000   0.997498   -1.19947   -4.32512    1.00000    1.00000
     1.00000   -2.40131   -1.11331   -7.62793    1.00000    1.00000
     1.00000    23.6607   -3.27357    4.84613    1.00000    1.00000
     1.00000   -22.5546    4.29650    2.60433    1.00000    1.00000
     1.00000    7.28231    6.98257    6.76895    1.00000    1.00000
     1.00000   -7.90550   -9.39235   -8.76417    1.00000    1.00000
     1.00000    15.3337    1.04353    1.61402    1.00000    1.00000
     1.00000   -17.2465   -2.24300   -4.45956    1.00000    1.00000
     1.00000    13.5902  -0.577686   -4.82662    1.00000    1.00000
     1.00000  -10.52012   -2.44639  -0.956554    1.00000    1.00000
     1.00000    32.6463   -3.38008   0.585175    1.00000    1.00000
     1.00000   -14.7787    5.38193   -4.02837    1.00000    1.00000
     1.00000    8.84641    4.91622    13.7981    1.00000    1.00000
     1.00000   -6.48261   -5.31176   -13.7094    1.00000    1.00000
     1.00000    19.8051    1.30764   0.836819    1.00000    1.00000
     1.00000   -21.3368   -4.57971    4.04090    1.00000    1.00000
     1.00000    3.62035    3.32693  -0.901249    1.00000    1.00000
     1.00000   -9.02658  -0.618809   -6.32203    1.00000    1.00000
     1.00000    25.0765    1.17273    7.38018    1.00000    1.00000
     1.00000   -21.9390  -0.194702  -0.300781    1.00000    1.00000
     1.00000    6.02275    7.63033    10.9886    1.00000    1.00000
     1.00000   -17.8607   -5.95034   -8.05297    1.00000    1.00000
     1.00000    12.0565   -2.62239    2.38853    1.00000    1.00000
     1.00000   -22.0034   -4.85170   -1.61552    1.00000    1.00000
     1.00000    13.7373   0.662609    2.75694    1.00000    1.00000
     1.00000   -13.3585   -2.12179   -4.57050    1.00000    1.00000
     1.00000    30.5685    2.59126    2.11645    1.00000    1.00000
     1.00000   -8.96337    7.38372   -4.28722    1.00000    1.00000
     1.00000    12.5704    9.48248    15.2003    1.00000    1.00000
     1.00000   -6.38080   -8.47649   -16.5883    1.00000    1.00000
     1.00000    23.2195    4.85809    5.16943    1.00000    1.00000
     1.00000   -26.7775   -8.38384    9.08134    1.00000    1.00000
     1.00000    2.12593    1.87024   -1.02629    1.00000    1.00000
     1.00000    3.76741  -0.327602   -11.0223    1.00000    1.00000
     1.00000    26.6379   -3.05732    5.49083    1.00000    1.00000
     1.00000   -23.0093    7.08045   -2.63684    1.00000    1.00000
     1.00000    8.43239    5.96944    5.48408    1.00000    1.00000
     1.00000   -10.6085   -5.12378   -6.98702    1.00000    1.00000
     1.00000    16.6065    4.99333    3.54280    1.00000    1.00000
     1.00000   -23.0314   -5.88906   -4.26981    1.00000    1.00000
     1.00000    11.4229    1.71368   -3.43332    1.00000    1.00000
     1.00000   -17.3259   -4.54979    7.36580E-02    1.00000    1.00000
     1.00000    27.9806    1.00064    4.01048    1.00000    1.00000
     1.00000   -18.5802    5.77973   -2.40290    1.00000    1.00000
     1.00000    5.06587    5.11290    12.4526    1.00000    1.00000
     1.00000   -7.60348   -5.04733   -17.3757    1.00000    1.00000
     1.00000    17.8639   -1.27470   -2.28705    1.00000    1.00000
     1.00000   -22.9295   -7.20265    4.27361    1.00000    1.00000
     1.00000    7.49488   0.852982   0.452324    1.00000    1.00000
     1.00000   -6.26072   -2.07905   -4.59584    1.00000    1.00000
     1.00000    22.7732  -0.904217   10.07415    1.00000    1.00000
     1.00000   -22.0522    3.06721   -3.83699    1.00000    1.00000
     1.00000    2.35170    3.51029    12.3069    1.00000    1.00000
     1.00000   -13.7738   -4.59530   -8.33632    1.00000    1.00000
     1.00000    11.5106   -5.50471    3.43753    1.00000    1.00000
     1.00000   -19.4320    7.62825E-02   0.651005    1.00000    1.00000
     1.00000    7.02443    1.95760   -1.94463    1.00000    1.00000
     1.00000   -12.8722  -0.435040   -7.39437    1.00000    1.00000
     1.00000    25.4961    5.27117    3.88910    1.00000    1.00000
     1.00000   -13.4896    6.54735   -3.03843    1.00000    1.00000
     1.00000    9.49838    13.0258    15.1859    1.00000    1.00000
     1.00000   -9.08027   -9.89979   -15.7860    1.00000    1.00000
     1.00000    19.1625    2.86447    3.92324    1.00000    1.00000
     1.00000   -25.5849   -7.96239    5.66237    1.00000    1.00000
     1.00000    2.05783   -1.43234   -6.00484    1.00000    1.00000
     1.00000   -3.39315  -0.372852   -9.29877    1.00000    1.00000
     1.00000    24.7434   -1.92636    6.24236    1.00000    1.00000
     1.00000   -22.3538    6.01366   0.151310    1.00000    1.00000
     1.00000    4.29675    7.17544    9.02109    1.00000    1.00000
     1.00000   -5.24924   -9.21774   -12.0008    1.00000    1.00000
     1.00000    16.7327    2.54484    1.62914    1.00000    1.00000
     1.00000   -17.5397   -1.91565   -2.50843    1.00000    1.00000
     1.00000    10.8011   -1.05186   -3.41500    1.00000    1.00000
     1.00000   -13.8132  -0.834553   -1.29605    1.00000    1.00000
     1.00000    31.4361   -1.79764   0.408298    1.00000    1.00000
     1.00000   -15.7582    4.50042   -5.53284    1.00000    1.00000
     1.00000    8.40461    6.22244    15.2468    1.00000    1.00000
     1.00000   -5.49063   -7.00404   -11.2486    1.00000    1.00000
     1.00000    17.7133   0.773151   0.875355    1.00000    1.00000
     1.00000   -17.8074   -5.72113    3.93236    1.00000    1.00000
     1.00000    3.57232    3.84359    1.22626    1.00000    1.00000
     1.00000   -9.71725  -0.770199   -8.19287    1.00000    1.00000
     1.00000    23.3187    1.88038    6.74047    1.00000    1.00000
     1.00000   -20.8627    3.44236  -0.844074    1.00000    1.00000
     1.00000    1.83500    6.88599   10.22098    1.00000    1.00000
     1.00000   -15.9343   -2.87281   -5.83117    1.00000    1.00000
     1.00000    15.1885   -3.87352    3.38219    1.00000    1.00000
     1.00000   -20.9609   -5.23566    4.75273E-02    1.00000    1.00000
     1.00000    12.1355   0.428879    1.58227    1.00000    1.00000
     1.00000   -14.0353  -0.239811   -4.58075    1.00000    1.00000
     1.00000    31.0077   0.457275   0.403000    1.00000    1.00000
     1.00000   -7.42231    5.62560   -3.28839    1.00000    1.00000
     1.00000   10.06529    11.7121    13.2376    1.00000    1.00000
     1.00000   -5.00557   -7.06205   -18.8308    1.00000    1.00000
     1.00000    20.7854    1.33764    6.53982    1.00000    1.00000
     1.00000   -29.6696   -6.85149    10.7491    1.00000    1.00000
     1.00000  -0.204460   0.413303   -1.19820    1.00000    1.00000
     1.00000   0.512409   -1.01510   -9.77707    1.00000    1.00000
     1.00000    27.5240   -3.23420    7.27511    1.00000    1.00000
     1.00000   -24.4950    7.40844    9.14268E-02    1.00000    1.00000
     1.00000    12.1369    6.61676    5.27164    1.00000    1.00000
     1.00000   -9.86744   -8.02753   -6.19921    1.00000    1.00000
     1.00000    17.7001    4.02063    4.90590    1.00000    1.00000
     1.00000   -21.8504   -2.67620   -5.52783    1.00000    1.00000
     1.00000    15.2036    3.33094   -3.64588    1.00000    1.00000
     1.00000   -13.9738   -3.76806    1.78148    1.00000    1.00000
     1.00000    28.8655   -2.26329    2.87319    1.00000    1.00000
     1.00000   -19.4972    4.61555   -4.15498    1.00000    1.00000
     1.00000    5.66593    7.58747    15.4170    1.00000    1.00000
     1.00000   -8.50207   -3.87138   -16.0304    1.00000    1.00000
     1.00000    17.4316   -1.23043   -4.52563    1.00000    1.00000
     1.00000   -22.3948   -5.62391    5.37890    1.00000    1.00000
     1.00000    7.75584    4.86946    3.95690    1.00000    1.00000
     1.00000   -4.27656   -3.26719   -7.22112    1.00000    1.00000
     1.00000    21.7769  -0.765690    8.34554    1.00000    1.00000
     1.00000   -22.0930    2.34205   -1.97353    1.00000    1.00000
     1.00000    3.12965    5.59760    9.40618    1.00000    1.00000
     1.00000   -11.6490   -6.85828   -8.31148    1.00000    1.00000
     1.00000    13.4127   -6.96086    6.46700    1.00000    1.00000
     1.00000   -21.2839   -2.95398    1.53355    1.00000    1.00000
     1.00000    9.36867   -1.03096   -2.01939    1.00000    1.00000
     1.00000   -13.4994   -1.80145   -8.71329    1.00000    1.00000
     1.00000    28.3563    2.43054    1.76384    1.00000    1.00000
     1.00000   -10.7683    7.80868   -2.37113    1.00000    1.00000
     1.00000    6.90111    11.0249    14.1188    1.00000    1.00000
     1.00000   -11.3134   -7.63126   -14.5680    1.00000    1.00000
     1.00000    19.2589  -0.216282    3.45944    1.00000    1.00000
     1.00000   -22.8917   -7.79812    7.75061    1.00000    1.00000
     1.00000   0.280075   0.235096   -3.13042    1.00000    1.00000
     1.00000   -1.10270  -0.249363   -8.87982    1.00000    1.00000
     1.00000    22.0149   -3.41598    5.97358    1.00000    1.00000
     1.00000   -23.9240    5.06081    1.36324    1.00000    1.00000
     1.00000    6.08086    6.89996    5.17218    1.00000    1.00000
     1.00000   -7.98397   -8.69147   -10.6357    1.00000    1.00000
     1.00000    15.1811  -0.932941    1.87910    1.00000    1.00000
     1.00000   -18.5803   -1.18209   -5.50618    1.00000    1.00000
     1.00000    12.4812    2.40517E-02   -3.27480    1.00000    1.00000
     1.00000   -12.2354   -3.47442  -0.924488    1.00000    1.00000
     1.00000    33.0622   -5.12252    1.47453    1.00000    1.00000
     1.00000   -16.4387    6.45085   -3.70929    1.00000    1.00000
     1.00000    10.6764    5.49142    14.3641    1.00000    1.00000
     1.00000   -5.02309   -5.72688   -15.0123    1.00000    1.00000
     1.00000    18.5472    1.97015    2.24349    1.00000    1.00000
     1.00000   -22.2548   -5.13728    2.35378    1.00000    1.00000
     1.00000    3.35480    1.97466   0.548180    1.00000    1.00000
     1.00000   -8.12192   -2.09961   -5.32764    1.00000    1.00000
     1.00000    26.1680    2.05869    5.95762    1.00000    1.00000
     1.00000   -21.2113   0.656834    1.35611    1.00000    1.00000
     1.00000    4.86065    9.25160    10.8437    1.00000    1.00000
     1.00000   -17.1285   -4.11102   -7.76884    1.00000    1.00000
     1.00000    13.1953   -3.80397    3.53176    1.00000    1.00000
     1.00000   -23.2967   -4.32781   -3.04831    1.00000    1.00000
     1.00000    12.0208   0.646751    3.78334    1.00000    1.00000
     1.00000   -11.4984   -2.72468   -4.99070    1.00000    1.00000
     1.00000    31.3642    3.94815   0.881214    1.00000    1.00000
     1.00000   -9.10044    8.79153   -2.87326    1.00000    1.00000
     1.00000    11.1219    8.18504    14.7329    1.00000    1.00000
     1.00000   -7.32268   -8.74186   -14.8441    1.00000    1.00000
     1.00000    21.6034    4.25163    4.15929    1.00000    1.00000
     1.00000   -24.8485   -8.20198    9.57728    1.00000    1.00000
     1.00000   0.492538    2.31332    3.94058E-02    1.00000    1.00000
     1.00000    2.01476   -1.15505   -11.5158    1.00000    1.00000
     1.00000    26.0418   -1.24841    4.88054    1.00000    1.00000
     1.00000   -23.3946    5.49755   -1.47668    1.00000    1.00000
     1.00000   10.31749    6.32555    6.04942    1.00000    1.00000
     1.00000   -11.3546   -6.70328   -6.01312    1.00000    1.00000
     1.00000    17.1652    6.86619    3.96738    1.00000    1.00000
     1.00000   -21.6654   -4.50926   -4.74958    1.00000    1.00000
     1.00000    12.9958    2.94900   -3.43489    1.00000    1.00000
     1.00000   -15.7759   -4.51299    1.33700    1.00000    1.00000
     1.00000    29.2748  -0.356014    3.31449    1.00000    1.00000
     1.00000   -17.6580    4.94172  -0.838486    1.00000    1.00000
     1.00000    4.94429    6.38310    13.9926    1.00000    1.00000
     1.00000   -6.73756   -6.15149   -15.9505    1.00000    1.00000
     1.00000    18.8657   -2.32539   -3.66277    1.00000    1.00000
     1.00000   -22.1659   -8.06861    5.90669    1.00000    1.00000
     1.00000    6.83192    1.88504    2.03199    1.00000    1.00000
     1.00000   -5.91306   -3.37757   -6.07671    1.00000    1.00000
     1.00000    22.9793   -2.69342    10.9438    1.00000    1.00000
     1.00000   -22.9899    2.04458   -5.27750    1.00000    1.00000
     1.00000    3.08512    5.37043    12.3512    1.00000    1.00000
     1.00000   -12.6694   -3.42864   -9.52763    1.00000    1.00000
     1.00000    11.9445   -4.33369    4.99971    1.00000    1.00000
     1.00000   -19.3858   -1.87256   0.203934    1.00000    1.00000
     1.00000    8.08417   0.390469   -2.59351    1.00000    1.00000
     1.00000   -12.2692  -0.126415   -5.51256    1.00000    1.00000
     1.00000    25.6622    5.24170    1.89622    1.00000    1.00000
     1.00000   -12.3023    6.89749   -1.46747    1.00000    1.00000
     1.00000    9.34034    11.0377    15.3358    1.00000    1.00000
     1.00000   -9.24779   -8.51716   -14.3506    1.00000    1.00000
     1.00000    18.6124    1.14184    4.77762    1.00000    1.00000
     1.00000   -25.5815   -8.71892    7.51376    1.00000    1.00000
     1.00000    3.09121   -1.51872   -7.71501    1.00000    1.00000
     1.00000   -3.17424   -2.33920   -9.00625    1.00000    1.00000
     1.00000    22.8066   -1.58165    5.88178    1.00000    1.00000
     1.00000   -21.8430    4.17158   0.739368    1.00000    1.00000
     1.00000    5.69350    7.75050    7.71022    1.00000    1.00000
     1.00000   -6.02277   -8.65062  -10.24580    1.00000    1.00000
     1.00000    15.2916    2.49909   0.243038    1.00000    1.00000
     1.00000   -19.1206   -2.99047   -3.09622    1.00000    1.00000
     1.00000    11.5072   -1.50943   -1.60062    1.00000    1.00000
     1.00000   -13.1412   -2.04766   0.145031    1.00000    1.00000
     1.00000    29.6705   -1.39923    1.25906    1.00000    1.00000
     1.00000   -17.5722    4.60845   -4.69740    1.00000    1.00000
     1.00000    6.93469    6.57045    13.9360    1.00000    1.00000
     1.00000   -4.81655   -5.98960   -12.8349    1.00000    1.00000
     1.00000    17.2910  -0.634785  -0.480885    1.00000    1.00000
     1.00000   -19.3884   -4.54464    3.59109    1.00000    1.00000
     1.00000    5.16984    2.64034    1.21526    1.00000    1.00000
     1.00000   -11.3767   -1.74011   -7.64016    1.00000    1.00000
     1.00000    22.0226    1.20460    8.10557    1.00000    1.00000
     1.00000   -20.2364    2.24541   0.630741    1.00000    1.00000
     1.00000    3.05610    8.41529    10.6335    1.00000    1.00000
     1.00000   -15.2472   -3.44890   -7.61894    1.00000    1.00000
     1.00000    15.5482   -2.88876    1.67899    1.00000    1.00000
     1.00000   -19.8659   -4.81867    1.66837    1.00000    1.00000
     1.00000    10.7677  -0.641209   0.590397    1.00000    1.00000
     1.00000   -14.5784   -1.40958   -3.05214    1.00000    1.00000
     1.00000    29.6085   0.871117    1.77085    1.00000    1.00000
     1.00000   -7.21451    6.69193   -4.96760    1.00000    1.00000
     1.00000   10.37855    9.91152    14.0497    1.00000    1.00000
     1.00000   -6.71196   -6.91826   -17.7976    1.00000    1.00000
     1.00000    20.6673    2.85361    5.24063    1.00000    1.00000
     1.00000   -28.6871   -8.20043    9.64678    1.00000    1.00000
     1.00000  -0.108231   0.561268   0.793995    1.00000    1.00000
     1.00000    2.42862   -1.56038   -9.60155    1.00000    1.00000
     1.00000    26.5807   -4.89997    7.85424    1.00000    1.00000
     1.00000   -24.8093    7.51453   -1.88086    1.00000    1.00000
     1.00000    11.3334    6.36171    3.45800    1.00000    1.00000
     1.00000   -8.18781   -8.07748   -7.28382    1.00000    1.00000
     1.00000    17.0035    2.66888    3.60683    1.00000    1.00000
     1.00000   -20.2473   -1.84663   -6.38916    1.00000    1.00000
     1.00000    13.8047    4.75945   -3.69548    1.00000    1.00000
     1.00000   -15.0198   -2.44943   0.701160    1.00000    1.00000
     1.00000    28.4455   -2.53984    4.80893    1.00000    1.00000
     1.00000   -20.2377    4.66550   -2.29780    1.00000    1.00000
     1.00000    6.66895    9.08639    14.5526    1.00000    1.00000
     1.00000   -9.19830   -2.15238   -15.2819    1.00000    1.00000
     1.00000    16.0968   0.257740   -4.58629    1.00000    1.00000
     1.00000   -20.9290   -6.59428    4.42511    1.00000    1.00000
