     1.00000    7.52996    4.55324    16.1552    1.00000    1.00000
     1.00000   -11.1862   -6.82097   -11.8734    1.00000    1.00000
     1.00000    5.16844   -4.95149    3.97029    1.00000    1.00000
     1.00000    1.40244    4.05009   -22.8638    1.00000    1.00000
     1.00000    2.89761    6.88060    13.8558    1.00000    1.00000
     1.00000   -6.86529  -0.470503   -6.85116    1.00000    1.00000
     1.00000    3.66858   -12.4857    3.45243    1.00000    1.00000
     1.00000   -7.81897    13.1994   -18.6817    1.00000    1.00000
     1.00000    6.05341    7.73798    24.4854    1.00000    1.00000
     1.00000   -7.06464   -7.11683   -17.6002    1.00000    1.00000
     1.00000    2.02808   -3.82519    4.10552    1.00000    1.00000
     1.00000   -1.88337    9.97041   -17.2260    1.00000    1.00000
     1.00000    2.94879   -1.10178    17.5624    1.00000    1.00000
     1.00000   -5.14623   -6.99020  -0.451384    1.00000    1.00000
     1.00000    12.8603   -13.0446    7.25623    1.00000    1.00000
     1.00000  -10.22414    15.5770   -11.2377    1.00000    1.00000
     1.00000    8.11829    1.45353    18.0415    1.00000    1.00000
     1.00000  -10.52033   -12.8880   -13.0058    1.00000    1.00000
     1.00000    8.86442    1.79291   10.30416    1.00000    1.00000
     1.00000   -2.35852   -2.95686   -16.9523    1.00000    1.00000
     1.00000    4.57936    8.25355    16.1504    1.00000    1.00000
     1.00000   -2.99555   -5.09462   -11.1992    1.00000    1.00000
     1.00000    5.41399   -10.8875    7.27316    1.00000    1.00000
     1.00000   -4.52948    17.7336   -13.3401    1.00000    1.00000
     1.00000   0.314833    10.9190    21.1047    1.00000    1.00000
     1.00000   -8.52634   -3.46458   -18.8131    1.00000    1.00000
     1.00000   -3.38285   -4.02678    5.63376    1.00000    1.00000
     1.00000    3.02984    4.44384   -16.7325    1.00000    1.00000
     1.00000    4.70444   0.362438    11.5255    1.00000    1.00000
     1.00000   -13.0313   -3.50494    5.42607    1.00000    1.00000
     1.00000    11.9650   -18.6295    10.7183    1.00000    1.00000
     1.00000  -10.49162    12.6231   -15.2810    1.00000    1.00000
     1.00000    13.7848    5.86795    18.3758    1.00000    1.00000
     1.00000   -4.67137   -6.41991   -11.4428    1.00000    1.00000
     1.00000    7.52410   -1.80317   10.34882    1.00000    1.00000
     1.00000   0.967922    3.30857   -19.2005    1.00000    1.00000
     1.00000    1.10095    7.71793    13.5896    1.00000    1.00000
     1.00000   -6.94661   -5.23401   -3.15894    1.00000    1.00000
     1.00000    6.27423   -12.4332    5.11157    1.00000    1.00000
     1.00000   -5.68966    18.1166   -21.6562    1.00000    1.00000
     1.00000    8.07082    4.13605    19.8738    1.00000    1.00000
     1.00000   -6.35455   -11.0315   -17.3436    1.00000    1.00000
     1.00000   0.708965   -3.33065    5.52515    1.00000    1.00000
     1.00000   -3.94322    9.20501   -15.5584    1.00000    1.00000
     1.00000    2.10088   -5.90955    20.5993    1.00000    1.00000
     1.00000  -10.39256   -4.19417    5.30034    1.00000    1.00000
     1.00000    11.7143   -12.8084    13.8809    1.00000    1.00000
     1.00000  -10.12665    11.2537   -11.9003    1.00000    1.00000
     1.00000    7.39159   -1.13610    16.9263    1.00000    1.00000
     1.00000   -11.0379   -8.09566  -10.33940    1.00000    1.00000
     1.00000    7.66958    3.33509    6.50664    1.00000    1.00000
     1.00000   0.288225   -1.29730   -14.7722    1.00000    1.00000
     1.00000    3.33268    5.73452   10.40891    1.00000    1.00000
     1.00000   -3.62278   -6.44419   -7.50370    1.00000    1.00000
     1.00000    8.41002   -4.87719    2.01301    1.00000    1.00000
     1.00000   -3.67037    16.6009   -15.6312    1.00000    1.00000
     1.00000    4.62754    8.99322    23.8599    1.00000    1.00000
     1.00000   -5.72697   -3.22157   -17.8479    1.00000    1.00000
     1.00000   -1.23288   -3.43715    8.71387    1.00000    1.00000
     1.00000    1.11258    7.52148   -15.1665    1.00000    1.00000
     1.00000    4.89666    3.40333    12.6779    1.00000    1.00000
     1.00000   -4.14799   -1.71585   0.255997    1.00000    1.00000
     1.00000   10.43173   -14.8395    12.6608    1.00000    1.00000
     1.00000   -8.70249    15.0718   -16.5027    1.00000    1.00000
     1.00000    11.2669    3.91059    16.2899    1.00000    1.00000
     1.00000   -9.19396   -5.06591   -15.4978    1.00000    1.00000
     1.00000    8.23771   -3.03841    7.07420    1.00000    1.00000
     1.00000    3.09693    4.02148   -19.7187    1.00000    1.00000
     1.00000    5.43289    5.46196    14.7493    1.00000    1.00000
     1.00000   -4.70821   -4.76644   -7.42003    1.00000    1.00000
     1.00000    1.14008   -13.9279    5.10172    1.00000    1.00000
     1.00000   -5.29237    12.8135   -18.0497    1.00000    1.00000
     1.00000    5.74223    4.05441    23.7359    1.00000    1.00000
     1.00000   -8.31520   -8.59350   -17.0946    1.00000    1.00000
     1.00000    2.26479   -1.53828    4.45683    1.00000    1.00000
     1.00000    1.28325    13.2055   -17.3700    1.00000    1.00000
     1.00000    3.92369   -4.91869    17.2047    1.00000    1.00000
     1.00000   -6.35829   -6.82763    2.66914    1.00000    1.00000
     1.00000    11.0565   -13.7962    7.68254    1.00000    1.00000
     1.00000   -12.6305    12.4880   -9.41028    1.00000    1.00000
     1.00000    12.1662    2.35945    19.6283    1.00000    1.00000
     1.00000   -12.1226   -11.7882   -12.2624    1.00000    1.00000
     1.00000    5.08496    1.09646    7.92662    1.00000    1.00000
     1.00000   -1.89167   -5.34850   -15.1042    1.00000    1.00000
     1.00000    4.98490    7.38437    14.3954    1.00000    1.00000
     1.00000   -3.11966   -3.20074  -10.56844    1.00000    1.00000
     1.00000    3.00489   -9.25581    5.84296    1.00000    1.00000
     1.00000   -5.18818    13.2661   -13.5881    1.00000    1.00000
     1.00000  -0.322359    7.86903    20.4887    1.00000    1.00000
     1.00000   -8.63717   -3.67150   -16.8269    1.00000    1.00000
     1.00000   -6.03421   -1.45720    5.41043    1.00000    1.00000
     1.00000  -0.319017    4.03274   -14.9106    1.00000    1.00000
     1.00000    2.97998  -0.457037    15.6694    1.00000    1.00000
     1.00000   -9.51384   -2.40284    4.08666    1.00000    1.00000
     1.00000    12.7813   -20.8956   10.40566    1.00000    1.00000
     1.00000   -6.84464    11.9721   -15.7738    1.00000    1.00000
     1.00000    13.3107    3.80550    17.7850    1.00000    1.00000
     1.00000   -6.24540   -5.70634   -12.4494    1.00000    1.00000
     1.00000    5.94523  -0.844975    9.58132    1.00000    1.00000
     1.00000   -1.51762    4.03700   -16.5116    1.00000    1.00000
     1.00000    1.30400    7.07085    15.9455    1.00000    1.00000
     1.00000   -8.41421   -2.34081   -7.00103    1.00000    1.00000
     1.00000    7.06664   -13.8968    7.78551    1.00000    1.00000
     1.00000   -6.17451    14.4789   -20.1976    1.00000    1.00000
     1.00000    6.70010    1.73738    22.1331    1.00000    1.00000
     1.00000   -6.73596   -11.2906   -19.3252    1.00000    1.00000
     1.00000   -1.91156   -6.98634    6.96186    1.00000    1.00000
     1.00000   -4.76060    9.15561   -13.6158    1.00000    1.00000
     1.00000    1.88173   -4.01663    18.7964    1.00000    1.00000
     1.00000   -6.33743   -5.88575    4.43334    1.00000    1.00000
     1.00000    9.32299   -13.5460    9.71507    1.00000    1.00000
     1.00000  -10.30830    12.9115   -13.3105    1.00000    1.00000
     1.00000    6.45021   0.508255    18.6107    1.00000    1.00000
     1.00000  -10.00316   -10.8067   -10.6605    1.00000    1.00000
     1.00000    9.01991    1.58108    6.93378    1.00000    1.00000
     1.00000  -0.981403    2.16439   -16.0579    1.00000    1.00000
     1.00000    4.64400    7.17809    9.96558    1.00000    1.00000
     1.00000   -3.16128   -7.92548   -9.85453    1.00000    1.00000
     1.00000    4.95691   -8.49588    4.14426    1.00000    1.00000
     1.00000   -5.29664    13.1991   -16.0872    1.00000    1.00000
     1.00000    1.40381    8.70967    23.8215    1.00000    1.00000
     1.00000   -4.27280   -3.28705   -16.4763    1.00000    1.00000
     1.00000   -3.24647   -1.64514    9.20776    1.00000    1.00000
     1.00000    3.18493    5.12189   -14.8573    1.00000    1.00000
     1.00000    4.06651    1.93476    13.7522    1.00000    1.00000
     1.00000   -5.89422   -2.53434   0.785870    1.00000    1.00000
     1.00000    13.4999   -15.1814   10.49294    1.00000    1.00000
     1.00000   -11.6970    15.6431   -14.4289    1.00000    1.00000
     1.00000    9.43892    4.84221    16.6771    1.00000    1.00000
     1.00000   -9.58835   -5.62181   -11.9683    1.00000    1.00000
     1.00000    5.03255   -3.94111    5.69095    1.00000    1.00000
     1.00000    1.48550    4.26773   -20.8774    1.00000    1.00000
     1.00000    3.47572    5.09855    14.5559    1.00000    1.00000
     1.00000   -6.56449   -2.13670   -7.91573    1.00000    1.00000
     1.00000    4.45295   -11.6079    5.06930    1.00000    1.00000
     1.00000   -6.43685    14.5683   -18.2169    1.00000    1.00000
     1.00000    7.30893    6.96328    23.1350    1.00000    1.00000
     1.00000   -7.66217   -5.41534   -16.7354    1.00000    1.00000
     1.00000    3.45789   -4.65246    2.97801    1.00000    1.00000
     1.00000    8.84304E-02   10.02517   -16.8958    1.00000    1.00000
     1.00000    3.27979   -3.02659    17.1316    1.00000    1.00000
     1.00000   -5.76823   -6.61157   -2.31411    1.00000    1.00000
     1.00000    12.1040   -11.7798    8.60841    1.00000    1.00000
     1.00000   -11.7869    14.8835  -10.19998    1.00000    1.00000
     1.00000    9.20796    2.61183    19.2544    1.00000    1.00000
     1.00000   -10.9075   -12.8091   -11.0452    1.00000    1.00000
     1.00000    6.96561    2.00992    9.71473    1.00000    1.00000
     1.00000   -1.03553   -1.63652   -16.2407    1.00000    1.00000
     1.00000    5.05696   10.19291    16.2542    1.00000    1.00000
     1.00000   -3.34168   -5.93313   -9.41676    1.00000    1.00000
     1.00000    6.78857   -9.82003    8.25858    1.00000    1.00000
     1.00000   -4.42807    15.8309   -13.9480    1.00000    1.00000
     1.00000    1.56282   10.32596    19.6587    1.00000    1.00000
     1.00000   -7.52893   -4.10416   -20.4243    1.00000    1.00000
     1.00000   -4.19393   -2.23113    5.29053    1.00000    1.00000
     1.00000    1.07966    4.40630   -16.2905    1.00000    1.00000
     1.00000    3.17118   0.415596    12.8086    1.00000    1.00000
     1.00000   -11.4196   -2.60204    4.65975    1.00000    1.00000
     1.00000    13.2071   -17.0901    11.0139    1.00000    1.00000
     1.00000   -8.81025    11.9674   -16.1430    1.00000    1.00000
     1.00000    13.3425    7.79604    18.0812    1.00000    1.00000
     1.00000   -5.49313   -7.69769   -12.7436    1.00000    1.00000
     1.00000    8.67208   -1.99139    8.72195    1.00000    1.00000
     1.00000   0.806377    1.45355   -18.4705    1.00000    1.00000
     1.00000    1.06711    5.87317    14.3614    1.00000    1.00000
     1.00000   -7.50539   -3.84275   -4.48263    1.00000    1.00000
     1.00000    8.24332   -12.0837    5.13376    1.00000    1.00000
     1.00000   -6.19849    19.9153   -22.3674    1.00000    1.00000
     1.00000    8.27966    5.65679    21.1559    1.00000    1.00000
     1.00000   -8.22397  -10.57001   -16.8030    1.00000    1.00000
     1.00000   0.645016   -4.31004    7.26777    1.00000    1.00000
     1.00000   -1.95006    9.15598   -15.4005    1.00000    1.00000
     1.00000    3.17178   -5.53703    18.9518    1.00000    1.00000
     1.00000   -9.77598   -4.61746    3.44544    1.00000    1.00000
     1.00000    10.8977   -12.7442    12.0563    1.00000    1.00000
     1.00000   -11.4188    11.2219  -10.37405    1.00000    1.00000
     1.00000    8.38065   -1.20350    15.1893    1.00000    1.00000
     1.00000   -12.7935   -7.19046  -10.02555    1.00000    1.00000
     1.00000    8.61390    2.27097    5.10097    1.00000    1.00000
     1.00000  -0.797672   -1.65623   -13.1315    1.00000    1.00000
     1.00000    2.06806    4.18749   10.49521    1.00000    1.00000
     1.00000   -3.59238   -8.39167   -7.95801    1.00000    1.00000
     1.00000    6.65494   -5.49413    2.74724    1.00000    1.00000
     1.00000   -2.14665    16.0843   -16.8192    1.00000    1.00000
     1.00000    2.91177   10.01352    23.9828    1.00000    1.00000
     1.00000   -5.20719   -4.00708   -19.6122    1.00000    1.00000
     1.00000   -2.39754   -4.32096    7.34916    1.00000    1.00000
     1.00000   -3.68118E-03    9.16554   -14.9406    1.00000    1.00000
     1.00000    3.76041    3.26993    11.0375    1.00000    1.00000
     1.00000   -3.70786   -3.46198  -0.614248    1.00000    1.00000
     1.00000    12.1971   -15.4869    11.9793    1.00000    1.00000
     1.00000   -8.33096    13.6399   -15.1567    1.00000    1.00000
     1.00000   10.35927    3.73230    18.0631    1.00000    1.00000
     1.00000   -8.52538   -5.46179   -13.6549    1.00000    1.00000
     1.00000    6.39713   -2.65731    6.39079    1.00000    1.00000
     1.00000    4.20942    5.27165   -20.8139    1.00000    1.00000
     1.00000    5.79498    5.37628    16.7143    1.00000    1.00000
     1.00000   -4.72505   -2.76670   -7.44717    1.00000    1.00000
     1.00000    3.06399   -13.3825    5.13473    1.00000    1.00000
     1.00000   -6.41266    12.0513   -19.5208    1.00000    1.00000
     1.00000    6.89157    5.11652    22.4905    1.00000    1.00000
     1.00000   -8.74679   -8.50724   -15.1437    1.00000    1.00000
     1.00000    3.56679   -2.70686    3.48769    1.00000    1.00000
     1.00000  -0.151672    11.9983   -16.6745    1.00000    1.00000
     1.00000    5.65412   -4.86993    18.2063    1.00000    1.00000
     1.00000   -4.77572   -7.19635    1.50315    1.00000    1.00000
     1.00000    9.05817   -13.8363    7.61190    1.00000    1.00000
     1.00000   -12.2912    14.1788   -8.39743    1.00000    1.00000
     1.00000   10.52261    2.50882    20.7581    1.00000    1.00000
     1.00000   -11.8223  -10.14466   -11.1630    1.00000    1.00000
     1.00000    6.88028    1.95266    7.71737    1.00000    1.00000
     1.00000   -1.96015   -4.91408   -17.0552    1.00000    1.00000
     1.00000    6.00984    6.32802    13.0413    1.00000    1.00000
     1.00000   -2.15426   -3.68917   -8.88635    1.00000    1.00000
     1.00000    4.93215   -9.76733    5.68790    1.00000    1.00000
     1.00000   -4.27492    14.5836   -12.3922    1.00000    1.00000
     1.00000    1.55674    8.35669    20.0079    1.00000    1.00000
     1.00000   -7.30206   -2.21495   -17.1367    1.00000    1.00000
     1.00000   -6.21639  -0.405964    3.71877    1.00000    1.00000
     1.00000   0.991777    2.77248   -14.0778    1.00000    1.00000
     1.00000    4.17004  -0.751587    14.0892    1.00000    1.00000
     1.00000   -7.62330   -1.82607    3.78139    1.00000    1.00000
     1.00000    11.7612   -20.1771    11.9687    1.00000    1.00000
     1.00000   -6.95981    9.97709   -15.6918    1.00000    1.00000
     1.00000    12.3512    5.40389    17.0608    1.00000    1.00000
     1.00000   -7.77431   -5.90623   -11.1756    1.00000    1.00000
     1.00000    4.29116   0.279278    9.57043    1.00000    1.00000
     1.00000  -0.579304    3.03165   -17.9638    1.00000    1.00000
     1.00000   0.931437    8.82406    16.8329    1.00000    1.00000
     1.00000   -6.73580   -2.93463   -6.08982    1.00000    1.00000
     1.00000    5.88272   -14.0757    6.18353    1.00000    1.00000
     1.00000   -5.64716    16.2142   -21.0406    1.00000    1.00000
     1.00000    6.80294    2.66998    20.3668    1.00000    1.00000
     1.00000   -8.41944  -10.35742   -18.7820    1.00000    1.00000
     1.00000  -0.894325   -5.32822    6.49722    1.00000    1.00000
     1.00000   -5.22430    10.6010   -14.9180    1.00000    1.00000
     1.00000    1.28752   -2.85062    17.2840    1.00000    1.00000
     1.00000   -8.08097   -4.90648    4.46691    1.00000    1.00000
     1.00000    11.1092   -12.7184   10.06767    1.00000    1.00000
     1.00000   -11.8869    11.9536   -12.5420    1.00000    1.00000
     1.00000    5.49205  -0.599884    17.2491    1.00000    1.00000
     1.00000   -9.47970   -9.15281   -9.66527    1.00000    1.00000
     1.00000    10.7886    2.02091    7.75740    1.00000    1.00000
     1.00000  -0.540455   0.238073   -15.7500    1.00000    1.00000
     1.00000    4.89480    7.54792    11.9150    1.00000    1.00000
     1.00000   -3.80766   -8.20129   -11.7270    1.00000    1.00000
     1.00000    6.00836   -6.79471    4.12216    1.00000    1.00000
     1.00000   -4.25566    14.8693   -16.4430    1.00000    1.00000
     1.00000   0.900803    7.88321    22.0710    1.00000    1.00000
     1.00000   -6.18496   -3.38845   -15.8990    1.00000    1.00000
     1.00000   -1.95028   -2.60905   10.38707    1.00000    1.00000
     1.00000    2.69544    6.66192   -16.0358    1.00000    1.00000
     1.00000    5.89821    1.13322    13.8010    1.00000    1.00000
     1.00000   -6.43813   -2.98079    2.65799    1.00000    1.00000
     1.00000    13.3437   -13.8218    9.03450    1.00000    1.00000
     1.00000   -9.93680    14.7202   -14.6524    1.00000    1.00000
