     1.00000    9.34477   -9.71667    23.1247    1.00000    1.00000
     1.00000   -3.08422    9.11814   -14.2433    1.00000    1.00000
     1.00000   0.651543   -2.93740    9.65787    1.00000    1.00000
     1.00000    13.9237    5.62534   -9.51566    1.00000    1.00000
     1.00000   -4.85014   -12.1914    21.4930    1.00000    1.00000
     1.00000   0.902243    20.9669   -31.2363    1.00000    1.00000
     1.00000   -6.90370   -5.22399    14.5971    1.00000    1.00000
     1.00000   -5.95337    3.04908   -5.59747    1.00000    1.00000
     1.00000    3.98268  -0.995899    25.1537    1.00000    1.00000
     1.00000    6.20070    6.21201   -21.6073    1.00000    1.00000
     1.00000    2.86936    4.72935    2.72350    1.00000    1.00000
     1.00000    7.64416  -0.958378   -15.0606    1.00000    1.00000
     1.00000   -9.34584   -13.0146    16.2767    1.00000    1.00000
     1.00000    2.46578    11.7153   -26.8801    1.00000    1.00000
     1.00000   -7.77117   -19.2435    15.5993    1.00000    1.00000
     1.00000   -2.87527    3.97394   -7.60954    1.00000    1.00000
     1.00000    1.54290   -8.01921    24.5994    1.00000    1.00000
     1.00000    7.12048    7.37597   -12.7511    1.00000    1.00000
     1.00000   -3.94245   -5.44110    7.25990    1.00000    1.00000
     1.00000    4.55100   0.814754   -7.50943    1.00000    1.00000
     1.00000   -7.07424   -8.60273    16.9305    1.00000    1.00000
     1.00000    5.70818    19.7260   -26.5725    1.00000    1.00000
     1.00000   -8.96040   -11.2588    10.6131    1.00000    1.00000
     1.00000   -3.25864    8.12597    2.25856    1.00000    1.00000
     1.00000    5.20974   -6.47588    19.2627    1.00000    1.00000
     1.00000    4.00853    6.15837   -16.8251    1.00000    1.00000
     1.00000   0.728085    3.85099    6.00824    1.00000    1.00000
     1.00000    3.27178    1.90499   -9.81239    1.00000    1.00000
     1.00000   -6.61855   -15.2052    17.2387    1.00000    1.00000
     1.00000   0.653160    12.3408   -23.1938    1.00000    1.00000
     1.00000   -8.05679   -18.9617    10.9555    1.00000    1.00000
     1.00000    1.31454    3.58325   -8.84079    1.00000    1.00000
     1.00000    6.82066   -6.85296    22.3789    1.00000    1.00000
     1.00000    4.25482    8.33352   -14.6225    1.00000    1.00000
     1.00000   -2.22192   -2.68470    5.84872    1.00000    1.00000
     1.00000    6.05382    4.17094   -13.2906    1.00000    1.00000
     1.00000   -3.11193   -18.3807    21.1929    1.00000    1.00000
     1.00000   0.579859    19.9007   -25.2521    1.00000    1.00000
     1.00000   -8.96357   -6.14264    15.1727    1.00000    1.00000
     1.00000   -3.63814    2.78804   -1.00255    1.00000    1.00000
     1.00000    2.42904  -0.814236    19.0151    1.00000    1.00000
     1.00000    8.56264    7.55403   -21.2725    1.00000    1.00000
     1.00000    3.09967    8.04264    1.95008    1.00000    1.00000
     1.00000    3.28559    2.18253   -15.7165    1.00000    1.00000
     1.00000   -6.93840   -12.5757    17.7445    1.00000    1.00000
     1.00000    2.07799    15.1518   -31.0320    1.00000    1.00000
     1.00000  -10.13247   -13.0865    12.6052    1.00000    1.00000
     1.00000   -2.23609   10.03820   -7.39694    1.00000    1.00000
     1.00000    1.21958   -9.96637    21.0277    1.00000    1.00000
     1.00000    9.06097    8.05315   -13.1753    1.00000    1.00000
     1.00000   -3.41399   -4.77582    12.7923    1.00000    1.00000
     1.00000    5.23721    5.44621   -8.98866    1.00000    1.00000
     1.00000   -6.46122   -11.6280    20.4504    1.00000    1.00000
     1.00000    2.23805    15.7772   -26.5223    1.00000    1.00000
     1.00000   -8.84127   -14.7122    8.89051    1.00000    1.00000
     1.00000   -4.56625    5.20391   -4.28973    1.00000    1.00000
     1.00000    6.26600   -3.91047    20.9661    1.00000    1.00000
     1.00000    5.21846    9.27569   -19.2872    1.00000    1.00000
     1.00000   -1.16011    3.73238    6.65679    1.00000    1.00000
     1.00000    1.00991   -3.20587   -11.1330    1.00000    1.00000
     1.00000   -1.48289   -14.8440    18.5719    1.00000    1.00000
     1.00000    3.22985    13.9077   -22.9580    1.00000    1.00000
     1.00000   -9.68393   -18.8702    13.2886    1.00000    1.00000
     1.00000  -0.697138    8.53238   -8.37902    1.00000    1.00000
     1.00000    11.8587   -9.03757    19.9862    1.00000    1.00000
     1.00000  -0.931608    13.6991   -14.0459    1.00000    1.00000
     1.00000   0.748085  -0.983444    9.19448    1.00000    1.00000
     1.00000    13.3421    8.82496   -10.6097    1.00000    1.00000
     1.00000   -4.38762   -15.7973    22.8875    1.00000    1.00000
     1.00000    1.22046    21.5172   -29.2373    1.00000    1.00000
     1.00000   -8.47224   -4.20885    15.3107    1.00000    1.00000
     1.00000   -2.61912    3.50839   -2.56547    1.00000    1.00000
     1.00000    2.26726   -2.02245    25.0943    1.00000    1.00000
     1.00000    6.79882    5.48399   -19.8431    1.00000    1.00000
     1.00000    2.10587    2.89298    2.93528    1.00000    1.00000
     1.00000    3.47452    1.28577   -13.2659    1.00000    1.00000
     1.00000   -6.49821   -13.8152    14.4602    1.00000    1.00000
     1.00000    4.11152    14.1494   -28.8458    1.00000    1.00000
     1.00000   -11.1471   -15.3908    12.9125    1.00000    1.00000
     1.00000   -2.02450    6.07845   -7.23820    1.00000    1.00000
     1.00000    6.19574   -7.66127    24.1784    1.00000    1.00000
     1.00000    5.95271    8.16153   -15.6654    1.00000    1.00000
     1.00000   -1.92619   -5.40079    11.6108    1.00000    1.00000
     1.00000    3.18072    3.02400   -7.44076    1.00000    1.00000
     1.00000   -5.93159   -9.36258    14.8450    1.00000    1.00000
     1.00000    8.63828    19.8281   -26.7909    1.00000    1.00000
     1.00000   -6.93669   -13.9375    12.5127    1.00000    1.00000
     1.00000   -7.83235    7.13074    2.68620    1.00000    1.00000
     1.00000    2.83410   -4.19998    18.9621    1.00000    1.00000
     1.00000    3.65581    5.77402   -18.7558    1.00000    1.00000
     1.00000    3.19633    1.59570    3.99734    1.00000    1.00000
     1.00000    4.24474   -1.20043   -11.2223    1.00000    1.00000
     1.00000   -7.98104   -17.4180    17.2425    1.00000    1.00000
     1.00000    3.75568    12.4883   -25.5615    1.00000    1.00000
     1.00000   -7.21602   -21.4950    12.1040    1.00000    1.00000
     1.00000   0.468626    6.70501   -10.8519    1.00000    1.00000
     1.00000    6.28075   -8.67066    21.7430    1.00000    1.00000
     1.00000  -0.421051    8.17861   -15.4027    1.00000    1.00000
     1.00000   -1.42055   -2.80811    9.32841    1.00000    1.00000
     1.00000   10.09118    5.87470   -9.73775    1.00000    1.00000
     1.00000   -2.81167   -16.8999    23.4358    1.00000    1.00000
     1.00000  -0.724167    21.0864   -29.0561    1.00000    1.00000
     1.00000   -7.95652   -7.89055    12.0178    1.00000    1.00000
     1.00000   -2.68431    3.84546    2.16241    1.00000    1.00000
     1.00000    1.93987   -3.01960    23.3918    1.00000    1.00000
     1.00000    7.57742    8.81981   -23.7644    1.00000    1.00000
     1.00000    4.07660    7.58323    4.09914    1.00000    1.00000
     1.00000    2.11096    2.47108   -14.1237    1.00000    1.00000
     1.00000   -9.25516  -10.55923    18.0314    1.00000    1.00000
     1.00000    4.90044    15.1815   -30.8553    1.00000    1.00000
     1.00000   -11.6478   -15.0477   10.35704    1.00000    1.00000
     1.00000   -2.53585    9.83097   -9.83070    1.00000    1.00000
     1.00000   -2.17339   -9.97191    19.5749    1.00000    1.00000
     1.00000    11.7272    10.8200   -12.4728    1.00000    1.00000
     1.00000   -6.18752   -2.82513    14.0859    1.00000    1.00000
     1.00000    3.25237    3.82988   -9.26980    1.00000    1.00000
     1.00000   -7.61856   -8.63984    18.8546    1.00000    1.00000
     1.00000   0.923864    14.1750   -23.9436    1.00000    1.00000
     1.00000   -8.86298   -14.6679    10.8899    1.00000    1.00000
     1.00000   -4.40775    7.27536  -0.906044    1.00000    1.00000
     1.00000    7.82621   -4.21096    22.1808    1.00000    1.00000
     1.00000    2.43991    11.8092   -19.8061    1.00000    1.00000
     1.00000   -2.48562    2.56733    3.68784    1.00000    1.00000
     1.00000   0.191319   -3.73713   -12.8787    1.00000    1.00000
     1.00000   -4.61989   -16.7982    18.4151    1.00000    1.00000
     1.00000    4.81878    14.8864   -22.2387    1.00000    1.00000
     1.00000   -11.4991   -20.4147    12.5789    1.00000    1.00000
     1.00000    3.19095    8.52732   -8.36288    1.00000    1.00000
     1.00000   10.28477  -10.08712    21.3987    1.00000    1.00000
     1.00000   -1.36314    9.87650   -14.9236    1.00000    1.00000
     1.00000    1.89760   -1.72902    10.6514    1.00000    1.00000
     1.00000    11.9810    5.82634   -9.08483    1.00000    1.00000
     1.00000   -3.63414   -11.1104    20.3299    1.00000    1.00000
     1.00000    1.59590    19.0928   -31.3175    1.00000    1.00000
     1.00000   -5.90121   -4.49720    13.0265    1.00000    1.00000
     1.00000   -4.25426    2.14278   -5.05744    1.00000    1.00000
     1.00000    3.74667   -1.97737    23.4271    1.00000    1.00000
     1.00000    6.37805    6.06462   -23.5939    1.00000    1.00000
     1.00000    3.97371    6.24550    2.02947    1.00000    1.00000
     1.00000    6.87311   0.844078   -14.6648    1.00000    1.00000
     1.00000   -7.47867   -13.7274    16.2012    1.00000    1.00000
     1.00000    1.05352    10.7182   -27.8858    1.00000    1.00000
     1.00000   -9.05957   -17.8783    14.9092    1.00000    1.00000
     1.00000   -2.77125    3.74317   -5.62563    1.00000    1.00000
     1.00000    2.74002   -7.43451    23.1077    1.00000    1.00000
     1.00000    7.56676    8.26044   -14.4885    1.00000    1.00000
     1.00000   -2.46636   -4.56949    8.29018    1.00000    1.00000
     1.00000    3.09060    1.40123   -6.27521    1.00000    1.00000
     1.00000   -5.62730   -9.95960    17.1860    1.00000    1.00000
     1.00000    3.81281    19.2205   -26.9624    1.00000    1.00000
     1.00000   -8.91676   -9.28936    10.9589    1.00000    1.00000
     1.00000   -4.67983    8.18789   0.852722    1.00000    1.00000
     1.00000    4.36009   -5.12420    18.0581    1.00000    1.00000
     1.00000    2.97552    7.85191   -17.0797    1.00000    1.00000
     1.00000    2.29468    2.99309    5.10835    1.00000    1.00000
     1.00000    3.72885   0.726795   -11.3625    1.00000    1.00000
     1.00000   -6.53814   -16.4136    18.8303    1.00000    1.00000
     1.00000   0.564459    13.7891   -21.8174    1.00000    1.00000
     1.00000   -6.45013   -20.1472    10.8403    1.00000    1.00000
     1.00000    3.01456E-02    3.44237  -10.36739    1.00000    1.00000
     1.00000    5.19646   -6.46840    21.2771    1.00000    1.00000
     1.00000    2.55246    7.88498   -13.6734    1.00000    1.00000
     1.00000   -1.16103   -3.33195    7.41576    1.00000    1.00000
     1.00000    7.40940    4.71273   -11.9235    1.00000    1.00000
     1.00000   -4.25126   -18.3375    22.8360    1.00000    1.00000
     1.00000    2.00068    20.0092   -26.6555    1.00000    1.00000
     1.00000   -7.94074   -7.34106    13.9408    1.00000    1.00000
     1.00000   -4.37790    2.75728   0.855354    1.00000    1.00000
     1.00000    1.43370   -1.55943    20.5816    1.00000    1.00000
     1.00000    7.22938    8.94868   -21.7991    1.00000    1.00000
     1.00000    2.46708    6.70721    3.29784    1.00000    1.00000
     1.00000    2.27657   0.455921   -15.7429    1.00000    1.00000
     1.00000   -7.46824   -10.7405    17.1516    1.00000    1.00000
     1.00000    2.73819    15.5622   -29.1893    1.00000    1.00000
     1.00000   -11.8636   -13.8123    11.9150    1.00000    1.00000
     1.00000   -2.36779    8.04255   -7.39466    1.00000    1.00000
     1.00000    2.66574   -9.20507    22.1806    1.00000    1.00000
     1.00000   10.29962    7.27284   -11.8126    1.00000    1.00000
     1.00000   -3.32577   -4.49084    14.7699    1.00000    1.00000
     1.00000    5.98103    4.44186  -10.55007    1.00000    1.00000
     1.00000   -6.61467   -9.64261    20.2641    1.00000    1.00000
     1.00000    2.55756    17.6686   -27.0883    1.00000    1.00000
     1.00000  -10.23296   -16.1283    8.65044    1.00000    1.00000
     1.00000   -6.34711    4.31388   -4.09906    1.00000    1.00000
     1.00000    4.66831   -4.55563    19.9506    1.00000    1.00000
     1.00000    4.75467    7.33162   -19.3612    1.00000    1.00000
     1.00000  -0.738750    2.20300    7.87476    1.00000    1.00000
     1.00000    2.30807   -1.68476   -11.1011    1.00000    1.00000
     1.00000   -3.17063   -15.6891    19.2333    1.00000    1.00000
     1.00000    2.88297    12.4310   -21.6546    1.00000    1.00000
     1.00000   -8.49820   -20.4804    13.2558    1.00000    1.00000
     1.00000   -1.13084    7.66191  -10.12664    1.00000    1.00000
     1.00000    11.1398   -8.30486    21.7027    1.00000    1.00000
     1.00000   -1.11544    11.8575   -14.8040    1.00000    1.00000
     1.00000   0.629091   0.898960    8.52936    1.00000    1.00000
     1.00000    14.4659    7.17143   -10.6626    1.00000    1.00000
     1.00000   -4.18544   -13.8959    22.3009    1.00000    1.00000
     1.00000    1.48818    19.5397   -29.3711    1.00000    1.00000
     1.00000   -9.06254   -3.74764    17.1651    1.00000    1.00000
     1.00000   -4.37514    2.75631   -3.15771    1.00000    1.00000
     1.00000    1.73915   -9.35326E-02    25.1140    1.00000    1.00000
     1.00000    7.76978    7.19271   -19.4723    1.00000    1.00000
     1.00000   0.492147    2.03667    3.74930    1.00000    1.00000
     1.00000    4.95832   0.411171   -14.2825    1.00000    1.00000
     1.00000   -5.14784   -15.1614    13.8566    1.00000    1.00000
     1.00000    3.34944    12.3211   -28.5689    1.00000    1.00000
     1.00000   -9.66363   -16.2215    13.9657    1.00000    1.00000
     1.00000   -3.20388    5.69534   -5.66904    1.00000    1.00000
     1.00000    4.66147   -6.88191    23.1593    1.00000    1.00000
     1.00000    5.11286    8.49216   -17.4501    1.00000    1.00000
     1.00000   -1.30864   -5.37405    9.70876    1.00000    1.00000
     1.00000    5.07387    3.53050   -7.04143    1.00000    1.00000
     1.00000   -4.95675   -10.9464    15.5808    1.00000    1.00000
     1.00000    7.28325    19.0322   -25.5537    1.00000    1.00000
     1.00000   -8.39175   -12.8761    11.6431    1.00000    1.00000
     1.00000   -6.00852    7.86091    2.31137    1.00000    1.00000
     1.00000    2.15789   -2.54921    18.0578    1.00000    1.00000
     1.00000    4.67578    5.59945   -20.4673    1.00000    1.00000
     1.00000    4.21570   0.167679    3.03733    1.00000    1.00000
     1.00000    6.12117   -1.83927   -11.4886    1.00000    1.00000
     1.00000   -7.53298   -16.1706    15.7447    1.00000    1.00000
     1.00000    2.46671    12.4048   -24.0346    1.00000    1.00000
     1.00000   -8.93918   -22.3526    11.5607    1.00000    1.00000
     1.00000  -0.673847    5.10639   -11.2250    1.00000    1.00000
     1.00000    7.55120   -8.84506    23.2777    1.00000    1.00000
     1.00000    1.57567    8.06427   -15.4094    1.00000    1.00000
     1.00000  -0.670986   -3.48193    11.0559    1.00000    1.00000
     1.00000    8.92805    5.88807   -11.3647    1.00000    1.00000
     1.00000   -4.33514   -17.4319    24.6173    1.00000    1.00000
     1.00000   0.273540    20.7312   -27.3595    1.00000    1.00000
     1.00000   -6.83185   -9.47734    11.5518    1.00000    1.00000
     1.00000   -2.40045    2.49071   0.718765    1.00000    1.00000
     1.00000    1.70235   -1.22784    22.5355    1.00000    1.00000
     1.00000    6.16145   10.20478   -24.0417    1.00000    1.00000
     1.00000    4.56736    8.69504    5.68755    1.00000    1.00000
     1.00000    1.80999    3.61275   -12.5094    1.00000    1.00000
     1.00000   -9.97077   -11.4075    19.6952    1.00000    1.00000
     1.00000    3.49918    13.7545   -30.8652    1.00000    1.00000
     1.00000   -12.5125   -14.8387    8.56581    1.00000    1.00000
     1.00000   -3.28693    11.2285   -8.61303    1.00000    1.00000
     1.00000  -0.525276   -10.7297    20.4172    1.00000    1.00000
     1.00000    10.6715    9.23749   -11.8554    1.00000    1.00000
     1.00000   -4.25151   -2.72837    14.5784    1.00000    1.00000
     1.00000    4.03822    4.84235   -10.8052    1.00000    1.00000
     1.00000   -9.06679   -7.49932    18.0788    1.00000    1.00000
     1.00000    1.86784    15.8279   -24.5575    1.00000    1.00000
     1.00000   -6.90773   -14.4760   10.51548    1.00000    1.00000
     1.00000   -4.37206    6.05547   -2.49052    1.00000    1.00000
     1.00000    7.02351   -5.31563    23.6421    1.00000    1.00000
     1.00000    3.60602   10.19938   -20.0267    1.00000    1.00000
     1.00000   -2.68681    2.92969    5.64442    1.00000    1.00000
     1.00000  -0.457850   -5.32236   -11.8465    1.00000    1.00000
     1.00000   -3.86869   -18.6316    18.1420    1.00000    1.00000
     1.00000    6.21201    14.0487   -23.4036    1.00000    1.00000
     1.00000  -10.24274   -19.3625    11.4324    1.00000    1.00000
     1.00000    1.24862    8.40456   -8.82364    1.00000    1.00000
