     1.00000   -2.24569    14.1827    3.77752    1.00000    1.00000
     1.00000    17.9587   -5.62188    1.86146    1.00000    1.00000
     1.00000   -11.8108   -9.79067   -6.22878    1.00000    1.00000
     1.00000   -2.78513    8.90811    8.97788    1.00000    1.00000
     1.00000   -14.3057  -0.621109  -0.551884    1.00000    1.00000
     1.00000    7.94938   -3.43666   -9.24986    1.00000    1.00000
     1.00000    1.92964   -7.41760   -10.9862    1.00000    1.00000
     1.00000    7.91126    6.59188    7.30291    1.00000    1.00000
     1.00000   -4.23351    17.8839    7.08726    1.00000    1.00000
     1.00000    13.2421   -4.93966    2.99903    1.00000    1.00000
     1.00000   -9.96159   -14.0488   -9.64778    1.00000    1.00000
     1.00000    4.71276    8.15155    13.3487    1.00000    1.00000
     1.00000   -11.0794    12.0403   -3.00066    1.00000    1.00000
     1.00000    3.63882  -0.742004   -13.8746    1.00000    1.00000
     1.00000   -4.90576   -12.8147   -14.3415    1.00000    1.00000
     1.00000    8.42508    1.12817    12.8642    1.00000    1.00000
     1.00000   -6.12296    5.42097    5.38775    1.00000    1.00000
     1.00000    16.5932   -4.68452   -3.69356    1.00000    1.00000
     1.00000   -9.49974   -7.25414   -4.06957    1.00000    1.00000
     1.00000    4.81307    2.14443    6.36027    1.00000    1.00000
     1.00000   -9.70260  -0.977242   -1.91134    1.00000    1.00000
     1.00000    5.11636    2.03504   -1.38970    1.00000    1.00000
     1.00000   -4.67745   -5.18539   -6.20956    1.00000    1.00000
     1.00000    9.33305  -0.489264    2.63174    1.00000    1.00000
     1.00000   0.294479    14.3183    4.71833    1.00000    1.00000
     1.00000    6.34767    1.27238    2.56812    1.00000    1.00000
     1.00000   -8.26764   -10.9631   -3.35590    1.00000    1.00000
     1.00000    5.62080    9.11797    19.1629    1.00000    1.00000
     1.00000   -12.5704    5.99261    1.85594    1.00000    1.00000
     1.00000    5.04528  -0.786400   -11.0300    1.00000    1.00000
     1.00000   -2.71295   -6.23914   -10.9009    1.00000    1.00000
     1.00000   0.681847   -6.34602    8.17939    1.00000    1.00000
     1.00000   -3.16183    9.95582    4.40713    1.00000    1.00000
     1.00000    17.9383   -8.68560   -1.71786    1.00000    1.00000
     1.00000   -16.0132   -10.7388   -3.13194    1.00000    1.00000
     1.00000   -2.66069    6.13817    6.47244    1.00000    1.00000
     1.00000   -15.5118   -5.58511   -1.24801    1.00000    1.00000
     1.00000    6.15740   -1.63240   -2.48116    1.00000    1.00000
     1.00000    2.44645   -5.43175   -6.18593    1.00000    1.00000
     1.00000    11.7467    5.20239    9.97078    1.00000    1.00000
     1.00000   -6.70936    19.0130    6.14100    1.00000    1.00000
     1.00000   10.10965   -5.24204    3.40904    1.00000    1.00000
     1.00000   -12.6398   -19.5266   -6.86895    1.00000    1.00000
     1.00000    2.56086    5.87271    10.6985    1.00000    1.00000
     1.00000   -15.9182    9.61906   -2.18533    1.00000    1.00000
     1.00000    3.78464    4.24800   -8.43093    1.00000    1.00000
     1.00000   -1.04993   -11.7983   -15.1953    1.00000    1.00000
     1.00000    8.08676   -1.09415    9.98619    1.00000    1.00000
     1.00000   -3.86246    11.9955    6.32407    1.00000    1.00000
     1.00000    15.0742   -7.27251    6.70700E-02    1.00000    1.00000
     1.00000   -11.0097   -8.56227   -4.16327    1.00000    1.00000
     1.00000    5.93749    3.45388    5.34982    1.00000    1.00000
     1.00000   -13.6058    3.71518   0.363422    1.00000    1.00000
     1.00000    7.15791    1.65258  -0.439842    1.00000    1.00000
     1.00000   -1.46033   -7.91957  -10.01994    1.00000    1.00000
     1.00000    12.2875    1.82847    8.08731    1.00000    1.00000
     1.00000   -3.67177    16.4827    5.77534    1.00000    1.00000
     1.00000    5.72373   -1.62714    1.52386    1.00000    1.00000
     1.00000   -8.05302   -14.6312   -9.78256    1.00000    1.00000
     1.00000    5.20619    11.8450    15.3957    1.00000    1.00000
     1.00000   -6.23086    10.9703    1.93431    1.00000    1.00000
     1.00000    5.37014   -1.66297   -14.2717    1.00000    1.00000
     1.00000  -0.954052   -11.4069   -11.4360    1.00000    1.00000
     1.00000    1.43703   -4.83473    9.24975    1.00000    1.00000
     1.00000   -4.67520    11.9878    1.19634    1.00000    1.00000
     1.00000    16.9203   -4.35431   0.714684    1.00000    1.00000
     1.00000   -11.9818   -9.25970   -8.14940    1.00000    1.00000
     1.00000   -1.45182    9.19075    6.77763    1.00000    1.00000
     1.00000   -17.5319   -1.94683  -0.686577    1.00000    1.00000
     1.00000    7.91613   -2.55286   -4.11031    1.00000    1.00000
     1.00000    2.81796   -7.53984   -9.19847    1.00000    1.00000
     1.00000    9.41830    7.25891    8.43600    1.00000    1.00000
     1.00000   -6.02439    17.1779    6.54472    1.00000    1.00000
     1.00000    13.3667   -7.82420    3.38763    1.00000    1.00000
     1.00000   -9.20537   -16.4738   -6.27660    1.00000    1.00000
     1.00000    8.11025    6.79753    12.3961    1.00000    1.00000
     1.00000   -12.6552    11.0151   -1.33939    1.00000    1.00000
     1.00000    4.08154   -2.17186   -12.5481    1.00000    1.00000
     1.00000   -5.85259   -11.5683   -15.5865    1.00000    1.00000
     1.00000    6.64066    1.82078    12.2845    1.00000    1.00000
     1.00000   -6.59614    8.42002    4.73313    1.00000    1.00000
     1.00000    14.8456   -1.47436   -4.32372    1.00000    1.00000
     1.00000   -7.08963   -8.64098   -5.14202    1.00000    1.00000
     1.00000    2.10702    2.97665    5.65118    1.00000    1.00000
     1.00000   -12.3423  -0.655418  -0.172794    1.00000    1.00000
     1.00000    6.63612    3.34700   -1.84262    1.00000    1.00000
     1.00000   -6.22206   -8.25977   -2.28173    1.00000    1.00000
     1.00000    10.9536   0.346058    4.74310    1.00000    1.00000
     1.00000  -0.244698    14.6223    1.05268    1.00000    1.00000
     1.00000    6.86850   -3.17669E-02    1.14406    1.00000    1.00000
     1.00000   -7.19398   -9.97207   -6.63108    1.00000    1.00000
     1.00000    5.83905    6.68668    18.7874    1.00000    1.00000
     1.00000   -11.0752    8.28387   0.309856    1.00000    1.00000
     1.00000    6.57057   -4.03753  -10.56813    1.00000    1.00000
     1.00000   -5.29768   -3.58123   -9.96413    1.00000    1.00000
     1.00000   -3.77151   -8.37856   10.46775    1.00000    1.00000
     1.00000   -3.30655    12.3600    4.43777    1.00000    1.00000
     1.00000    17.7448   -6.94880   0.380398    1.00000    1.00000
     1.00000   -14.7227  -10.17737   -5.81481    1.00000    1.00000
     1.00000   0.298138    4.94451    6.36113    1.00000    1.00000
     1.00000   -17.3265   -5.09196   -1.92897    1.00000    1.00000
     1.00000    8.03360   -1.82686  -0.522491    1.00000    1.00000
     1.00000    4.26014   -4.61507   -5.97730    1.00000    1.00000
     1.00000    11.5972    3.40561    9.10521    1.00000    1.00000
     1.00000   -6.34478    22.0044    7.69747    1.00000    1.00000
     1.00000    9.36922   -3.75634    2.29349    1.00000    1.00000
     1.00000   -11.1215   -16.4234   -7.53425    1.00000    1.00000
     1.00000    3.54972    5.73688    12.4317    1.00000    1.00000
     1.00000   -14.3519    9.50850  -0.946587    1.00000    1.00000
     1.00000    2.85308    1.42592   -10.7016    1.00000    1.00000
     1.00000   -3.77656  -10.51774   -17.7260    1.00000    1.00000
     1.00000    6.52684  -0.783268    8.77375    1.00000    1.00000
     1.00000   -6.87519    8.55051    7.16013    1.00000    1.00000
     1.00000    13.2070   -5.17665   0.752285    1.00000    1.00000
     1.00000   -14.8025   -8.06552   -4.40868    1.00000    1.00000
     1.00000    3.68853    5.26924    2.21401    1.00000    1.00000
     1.00000   -12.6496    2.47322  -0.878849    1.00000    1.00000
     1.00000    9.42492    4.02887   -2.21592    1.00000    1.00000
     1.00000   -1.92042   -6.56504   -8.62223    1.00000    1.00000
     1.00000    12.9219   -1.85827    7.25694    1.00000    1.00000
     1.00000   -9.37195E-02    17.0400    2.50397    1.00000    1.00000
     1.00000    3.72466   -1.66131    1.47338    1.00000    1.00000
     1.00000   -6.94558   -11.7962   -7.41256    1.00000    1.00000
     1.00000    5.40173    7.00900    16.8626    1.00000    1.00000
     1.00000   -8.03362   10.28844    1.40034    1.00000    1.00000
     1.00000    6.38334   -3.11251   -17.2359    1.00000    1.00000
     1.00000   -2.29486   -6.65213   -13.3506    1.00000    1.00000
     1.00000    3.09163  -0.432522    6.67571    1.00000    1.00000
     1.00000   -2.01192    14.0520    1.79553    1.00000    1.00000
     1.00000    18.9083   -5.33763   0.124397    1.00000    1.00000
     1.00000   -13.2990   -10.8435   -7.05148    1.00000    1.00000
     1.00000   -3.25148    10.8508    9.06971    1.00000    1.00000
     1.00000   -15.6326   -1.91015   -1.31205    1.00000    1.00000
     1.00000    8.39100   -3.81983   -7.33723    1.00000    1.00000
     1.00000   -4.17747E-02   -7.37525   -11.3205    1.00000    1.00000
     1.00000    9.11035    6.48267    5.70596    1.00000    1.00000
     1.00000   -2.24384    17.7776    7.26031    1.00000    1.00000
     1.00000    11.9373   -6.45010    3.12592    1.00000    1.00000
     1.00000  -10.01832   -15.9833   -9.14335    1.00000    1.00000
     1.00000    6.33781    7.71510    12.2676    1.00000    1.00000
     1.00000   -10.9709    12.0400   -1.00361    1.00000    1.00000
     1.00000    3.51388   0.140867   -12.0844    1.00000    1.00000
     1.00000   -4.65155   -14.7692   -14.0023    1.00000    1.00000
     1.00000    9.59856   0.894001    11.2617    1.00000    1.00000
     1.00000   -4.55008    5.49928    6.62060    1.00000    1.00000
     1.00000    14.7635   -4.62740   -2.88794    1.00000    1.00000
     1.00000   -9.36923   -6.84306   -6.02251    1.00000    1.00000
     1.00000    3.16117    1.27704    5.63996    1.00000    1.00000
     1.00000   -11.6597  -0.589760   -2.05156    1.00000    1.00000
     1.00000    4.87337    2.52334   -3.31389    1.00000    1.00000
     1.00000   -3.88158   -6.35705   -4.79755    1.00000    1.00000
     1.00000    11.2644  -0.734934    3.08937    1.00000    1.00000
     1.00000    1.51572    14.1848    3.14011    1.00000    1.00000
     1.00000    5.99182    2.97440    1.57993    1.00000    1.00000
     1.00000   -9.69253   -12.2570   -2.81243    1.00000    1.00000
     1.00000    7.29623    8.04715    18.9477    1.00000    1.00000
     1.00000   -11.7488    4.61905    3.05519    1.00000    1.00000
     1.00000    6.21975  -0.863937   -12.6469    1.00000    1.00000
     1.00000   -4.48818   -6.11326   -9.98841    1.00000    1.00000
     1.00000  -0.804485   -7.31635    9.10096    1.00000    1.00000
     1.00000   -2.43026    8.51613    3.22725    1.00000    1.00000
     1.00000    19.1946  -10.02544  -0.926395    1.00000    1.00000
     1.00000   -15.0340   -11.7164   -4.57607    1.00000    1.00000
     1.00000  -0.760826    6.53322    6.95662    1.00000    1.00000
     1.00000   -14.0023   -5.38472   -2.54463    1.00000    1.00000
     1.00000    6.73964    2.13127E-02   -1.51873    1.00000    1.00000
     1.00000    2.84584   -5.87162   -8.09564    1.00000    1.00000
     1.00000    11.6032    4.87481    11.9385    1.00000    1.00000
     1.00000   -7.44862    20.8347    6.50864    1.00000    1.00000
     1.00000   10.08772   -7.20371    3.01997    1.00000    1.00000
     1.00000   -13.1299   -20.8228   -8.31103    1.00000    1.00000
     1.00000    2.53379    4.47875    9.26462    1.00000    1.00000
     1.00000   -17.2957    10.5979   -1.11567    1.00000    1.00000
     1.00000    2.61785    4.23605  -10.05527    1.00000    1.00000
     1.00000  -0.939690   -12.2492   -13.2499    1.00000    1.00000
     1.00000   10.04096  -0.798485   10.29226    1.00000    1.00000
     1.00000   -5.35718    11.1150    7.31930    1.00000    1.00000
     1.00000    15.1958   -5.36559   0.657726    1.00000    1.00000
     1.00000   -12.8264   -7.89292   -4.66470    1.00000    1.00000
     1.00000    5.84576    3.82108    3.38596    1.00000    1.00000
     1.00000   -13.0581    3.33947    2.24991    1.00000    1.00000
     1.00000    8.30669    3.26080  -0.746357    1.00000    1.00000
     1.00000   -3.38171   -8.09008   -9.49153    1.00000    1.00000
     1.00000    11.2600   0.518812    6.97862    1.00000    1.00000
     1.00000   -1.72112    16.0456    5.83768    1.00000    1.00000
     1.00000    4.99528   -1.25416  -0.301041    1.00000    1.00000
     1.00000   -7.35394   -12.9220   -9.01441    1.00000    1.00000
     1.00000    4.86236    9.91011    15.7673    1.00000    1.00000
     1.00000   -7.73799    11.8355    2.92423    1.00000    1.00000
     1.00000    6.82918   -2.41133   -15.4167    1.00000    1.00000
     1.00000   -2.07127   -9.78985   -11.0660    1.00000    1.00000
     1.00000    1.33245   -2.89442    8.77618    1.00000    1.00000
     1.00000   -2.69439    12.2634    1.21664    1.00000    1.00000
     1.00000    17.0403   -4.61374   -1.26478    1.00000    1.00000
     1.00000   -10.7881   -10.8102   -7.73572    1.00000    1.00000
     1.00000   -2.96894    7.96609    7.22322    1.00000    1.00000
     1.00000   -18.0758   -3.86572  -0.537968    1.00000    1.00000
     1.00000    8.85612   -2.53640   -5.87557    1.00000    1.00000
     1.00000    4.47895   -8.63375   -8.98760    1.00000    1.00000
     1.00000   10.23404    5.45004    8.68605    1.00000    1.00000
     1.00000   -5.92649    17.0875    8.54027    1.00000    1.00000
     1.00000    13.6530   -6.91884    1.62741    1.00000    1.00000
     1.00000   -8.38568   -16.4811   -8.10089    1.00000    1.00000
     1.00000    9.29178    7.67374    13.7512    1.00000    1.00000
     1.00000   -12.5991    9.54539    1.59111E-02    1.00000    1.00000
     1.00000    4.47957   -4.12127   -12.7515    1.00000    1.00000
     1.00000   -5.56712  -10.11542   -16.9310    1.00000    1.00000
     1.00000    6.58366    3.15243    10.7933    1.00000    1.00000
     1.00000   -5.76791    7.24611    6.12452    1.00000    1.00000
     1.00000    15.5631   -2.79808   -3.00730    1.00000    1.00000
     1.00000   -7.58924   -7.53773   -3.55040    1.00000    1.00000
     1.00000    2.25589    4.05284    7.33036    1.00000    1.00000
     1.00000   -11.3306    1.05849  -0.370193    1.00000    1.00000
     1.00000    6.83398    2.14553   -3.42923    1.00000    1.00000
     1.00000   -5.35534   -7.15909   -3.70907    1.00000    1.00000
     1.00000    11.2192   -1.20909    5.97231    1.00000    1.00000
     1.00000  -0.322189    15.1134    2.98989    1.00000    1.00000
     1.00000    7.78391   -1.78144    1.46134    1.00000    1.00000
     1.00000   -7.74057   -11.3144   -5.25294    1.00000    1.00000
     1.00000    4.39291    5.66780    19.7204    1.00000    1.00000
     1.00000   -12.9110    7.61298   0.734142    1.00000    1.00000
     1.00000    5.89331   -2.67693   -11.8682    1.00000    1.00000
     1.00000   -4.66239   -4.78769   -8.50096    1.00000    1.00000
     1.00000   -2.78341   -7.09813    9.29125    1.00000    1.00000
     1.00000   -3.18100    11.1814    2.82677    1.00000    1.00000
     1.00000    19.2014   -8.27815    4.67186E-02    1.00000    1.00000
     1.00000   -13.7359   -8.51680   -6.33316    1.00000    1.00000
     1.00000    2.14521    5.69222    6.19011    1.00000    1.00000
     1.00000   -18.9207   -6.00110   -2.72387    1.00000    1.00000
     1.00000    8.14618   -1.42087   -2.47761    1.00000    1.00000
     1.00000    5.71774   -3.35403   -5.44327    1.00000    1.00000
     1.00000   10.19712    2.46784   10.18248    1.00000    1.00000
     1.00000   -5.69517    21.1183    9.36866    1.00000    1.00000
     1.00000    7.39329   -3.48266    2.43770    1.00000    1.00000
     1.00000   -11.4910   -17.9795   -6.33334    1.00000    1.00000
     1.00000    3.39198    7.66586    11.9275    1.00000    1.00000
     1.00000   -14.5170    9.29388    1.03500    1.00000    1.00000
     1.00000    3.05508    2.47930   -9.01356    1.00000    1.00000
     1.00000   -2.57513   -10.9763   -16.1943    1.00000    1.00000
     1.00000    4.52692  -0.779900    8.75620    1.00000    1.00000
     1.00000   -5.05039    9.17386    7.69075    1.00000    1.00000
     1.00000    14.0457   -4.86449   -1.03630    1.00000    1.00000
     1.00000   -14.5812   -7.29887   -2.57476    1.00000    1.00000
     1.00000    4.01094    4.36393    3.96799    1.00000    1.00000
     1.00000   -14.4781    2.22837   -1.65119    1.00000    1.00000
     1.00000    9.42631    2.22589   -3.08153    1.00000    1.00000
     1.00000   -3.55205   -6.17663   -7.53278    1.00000    1.00000
     1.00000    12.6157  -0.166843    8.27937    1.00000    1.00000
     1.00000   -1.17232    17.0345    4.18819    1.00000    1.00000
     1.00000    3.88992   -3.40416   0.506348    1.00000    1.00000
     1.00000   -5.31500   -11.0454   -8.29434    1.00000    1.00000
     1.00000    5.49205    8.10176    15.1899    1.00000    1.00000
     1.00000   -9.69032    9.16909    1.44933    1.00000    1.00000
     1.00000    8.19531   -3.56583   -17.9510    1.00000    1.00000
     1.00000   -2.29797   -7.95786   -11.8357    1.00000    1.00000
     1.00000    2.76811   -1.59776    8.26868    1.00000    1.00000
