     1.00000    16.2502  -10.14787   -4.83570    1.00000    1.00000
     1.00000    8.90693    8.36999    6.30265    1.00000    1.00000
     1.00000    7.03093    9.20916   -9.26613    1.00000    1.00000
     1.00000   -13.7142    6.97623    11.0308    1.00000    1.00000
     1.00000    5.79732   -19.9075   -12.2895    1.00000    1.00000
     1.00000   -5.93207    18.3666   -2.32874    1.00000    1.00000
     1.00000    13.1813   -9.14757   -9.52341    1.00000    1.00000
     1.00000   -21.6807   -9.22906    22.7218    1.00000    1.00000
     1.00000    13.0722   -14.4379   -1.55178    1.00000    1.00000
     1.00000    4.01506    19.4641   -5.55657    1.00000    1.00000
     1.00000    10.6032    4.17688   -6.95707    1.00000    1.00000
     1.00000   -15.5534    6.71428    17.2463    1.00000    1.00000
     1.00000   10.01587   -23.5608   -5.26880    1.00000    1.00000
     1.00000   -13.3218    14.5359  -0.988956    1.00000    1.00000
     1.00000    11.9888   -6.11799   -5.83291    1.00000    1.00000
     1.00000   -20.5162    3.89958    14.5266    1.00000    1.00000
     1.00000    14.4761   -3.31545   0.617199    1.00000    1.00000
     1.00000   0.238583    11.4787  -0.730003    1.00000    1.00000
     1.00000    9.79604    6.24360   -6.69427    1.00000    1.00000
     1.00000   -14.5743    8.33165    9.83784    1.00000    1.00000
     1.00000    5.38229   -14.8363   -15.9676    1.00000    1.00000
     1.00000   -6.21314    16.6260   -3.27287    1.00000    1.00000
     1.00000   10.29721   -12.1926   -7.96213    1.00000    1.00000
     1.00000   -20.3601   -3.45280    21.8490    1.00000    1.00000
     1.00000    9.03248   -20.5446   -3.49938    1.00000    1.00000
     1.00000    2.38537    12.9931   -2.04998    1.00000    1.00000
     1.00000    4.22965    2.53452   -10.6699    1.00000    1.00000
     1.00000   -20.7077    3.39025    8.15614    1.00000    1.00000
     1.00000    4.55653   -24.8296   -6.42121    1.00000    1.00000
     1.00000   -8.17124   10.47011    3.86672    1.00000    1.00000
     1.00000    5.90706   -9.58979   -12.4354    1.00000    1.00000
     1.00000   -15.5984  -0.562874    17.0950    1.00000    1.00000
     1.00000    14.8658   -9.46534   -3.56382    1.00000    1.00000
     1.00000    9.56965    9.92685    3.10201    1.00000    1.00000
     1.00000    7.94739    13.5958   -5.22105    1.00000    1.00000
     1.00000  -10.02327    4.69452   10.17567    1.00000    1.00000
     1.00000    4.97913   -16.7749   -15.0714    1.00000    1.00000
     1.00000   -2.74365    21.0047    1.72673    1.00000    1.00000
     1.00000    12.9706   -7.84457   -5.59847    1.00000    1.00000
     1.00000   -20.8685   -7.94360    17.5446    1.00000    1.00000
     1.00000    18.1774   -11.3777   -1.87129    1.00000    1.00000
     1.00000    5.40458    12.3728   -5.67410    1.00000    1.00000
     1.00000    4.59650  -0.479450   -6.47871    1.00000    1.00000
     1.00000   -17.4487    8.60969    11.7599    1.00000    1.00000
     1.00000    13.4275   -21.5037   -7.28576    1.00000    1.00000
     1.00000   -12.7622    16.5908    3.24716    1.00000    1.00000
     1.00000    11.5653   -4.68520   -8.38309    1.00000    1.00000
     1.00000   -18.6922    2.75393    10.8221    1.00000    1.00000
     1.00000    14.5509   -1.40617    1.20800    1.00000    1.00000
     1.00000    3.40221    12.0826    3.04004    1.00000    1.00000
     1.00000    8.67378    6.27932   -8.66987    1.00000    1.00000
     1.00000   -12.0612    10.6906    1.63426    1.00000    1.00000
     1.00000    6.15274   -12.3773   -18.9834    1.00000    1.00000
     1.00000  -0.976864    15.9879   -3.34917    1.00000    1.00000
     1.00000    7.92662   -12.3677   -9.92528    1.00000    1.00000
     1.00000   -21.1963   -1.37465    18.5808    1.00000    1.00000
     1.00000    11.5798   -15.6455   -5.12703    1.00000    1.00000
     1.00000   -7.25441E-02    13.0800   -2.20423    1.00000    1.00000
     1.00000    1.39292   -1.21494   -9.61848    1.00000    1.00000
     1.00000   -19.6796    5.85483    8.83755    1.00000    1.00000
     1.00000   10.03529   -20.4954   -7.45004    1.00000    1.00000
     1.00000   -9.85022    15.1528   0.345764    1.00000    1.00000
     1.00000    7.62585   -4.42209   -7.91284    1.00000    1.00000
     1.00000   -16.0349   -2.48393    16.7500    1.00000    1.00000
     1.00000    17.8125  -10.53902   -3.64987    1.00000    1.00000
     1.00000    6.64944    7.56972    9.45417    1.00000    1.00000
     1.00000    6.60064    12.2074   -8.11670    1.00000    1.00000
     1.00000   -13.1963    3.27908    11.8057    1.00000    1.00000
     1.00000    8.48789   -20.9085   -8.64789    1.00000    1.00000
     1.00000   -4.55681    22.4821   0.696796    1.00000    1.00000
     1.00000    10.6627  -10.22805   -7.87848    1.00000    1.00000
     1.00000   -19.2777   -11.5278    23.3059    1.00000    1.00000
     1.00000    15.3410   -13.3191    5.48439E-02    1.00000    1.00000
     1.00000    3.99893    15.6045   -5.29189    1.00000    1.00000
     1.00000    6.61078   0.988125   -6.90445    1.00000    1.00000
     1.00000   -17.1683   10.07370    16.2627    1.00000    1.00000
     1.00000    11.5203   -21.7833   -7.81907    1.00000    1.00000
     1.00000   -11.6317    13.4889   -1.20600    1.00000    1.00000
     1.00000    9.64278   -4.23903   -4.65573    1.00000    1.00000
     1.00000   -19.8278    2.13857    15.7931    1.00000    1.00000
     1.00000    14.6435   -5.27088   0.232170    1.00000    1.00000
     1.00000    3.86483    9.54069    2.24293    1.00000    1.00000
     1.00000    12.2369    7.43033   -8.43423    1.00000    1.00000
     1.00000   -12.0549    8.44969    8.74054    1.00000    1.00000
     1.00000    3.90065   -16.4656   -16.7271    1.00000    1.00000
     1.00000   -9.59849    14.8604   -1.61667    1.00000    1.00000
     1.00000    4.73510   -11.4944   -9.05088    1.00000    1.00000
     1.00000   -20.7672   -5.30639    24.0164    1.00000    1.00000
     1.00000    11.5006   -19.7884   -3.83977    1.00000    1.00000
     1.00000    1.32949    15.5499   -1.61681    1.00000    1.00000
     1.00000    2.70289    1.40039  -10.05127    1.00000    1.00000
     1.00000   -21.4126    4.93170    9.21779    1.00000    1.00000
     1.00000    3.62382   -23.2439   -4.19021    1.00000    1.00000
     1.00000   -9.23987    12.1887    2.69508    1.00000    1.00000
     1.00000    6.10555   -6.60928   -11.9668    1.00000    1.00000
     1.00000   -17.9376    1.50822    15.6201    1.00000    1.00000
     1.00000    15.1584   -5.96780   -1.57038    1.00000    1.00000
     1.00000    8.79708    11.8499    2.97215    1.00000    1.00000
     1.00000    8.42351   10.22080   -6.56247    1.00000    1.00000
     1.00000   -7.76317    4.39917    11.0930    1.00000    1.00000
     1.00000    5.55500   -17.9495   -11.9618    1.00000    1.00000
     1.00000   -5.85025    18.8948   0.721497    1.00000    1.00000
     1.00000    14.5951   -9.00628   -5.49147    1.00000    1.00000
     1.00000   -19.0775   -6.68993    22.3657    1.00000    1.00000
     1.00000    16.9832   -12.5991  -0.830982    1.00000    1.00000
     1.00000    7.68150    16.1334   -4.72480    1.00000    1.00000
     1.00000    6.12605   -3.44361   -7.02223    1.00000    1.00000
     1.00000   -17.6151    9.67688    14.3540    1.00000    1.00000
     1.00000    13.1156   -24.4925   -7.27741    1.00000    1.00000
     1.00000   -12.0227    15.5675    1.57153    1.00000    1.00000
     1.00000    9.62394   -4.50597   -7.93710    1.00000    1.00000
     1.00000   -20.7881    5.27571    13.1010    1.00000    1.00000
     1.00000    10.6931   0.618679    2.46422    1.00000    1.00000
     1.00000    6.52792   10.34303    4.47273    1.00000    1.00000
     1.00000    8.99885    9.26201   -9.61900    1.00000    1.00000
     1.00000   -12.7573    9.82948    3.29976    1.00000    1.00000
     1.00000    4.93508   -15.4760   -20.6727    1.00000    1.00000
     1.00000   -2.82301    15.1176   -1.34561    1.00000    1.00000
     1.00000    8.23453   -14.2637  -10.48238    1.00000    1.00000
     1.00000   -19.8942    2.18499    19.3238    1.00000    1.00000
     1.00000   10.36590   -14.5655   -2.45549    1.00000    1.00000
     1.00000   -1.88073    13.5977   -2.88422    1.00000    1.00000
     1.00000  -0.993492  -0.105930  -10.18569    1.00000    1.00000
     1.00000   -16.4962    7.88130   10.15930    1.00000    1.00000
     1.00000    7.67176   -20.8847   -5.46136    1.00000    1.00000
     1.00000   -9.56070    15.0844    3.41541    1.00000    1.00000
     1.00000    4.20096   -6.78995  -10.15325    1.00000    1.00000
     1.00000   -13.4652   -3.06744    18.2295    1.00000    1.00000
     1.00000    15.7403   -12.0796   -4.92739    1.00000    1.00000
     1.00000    7.84105    8.22801    7.98899    1.00000    1.00000
     1.00000    5.24460   10.05814   -8.96903    1.00000    1.00000
     1.00000   -14.7735    5.86615    12.3136    1.00000    1.00000
     1.00000    5.62295   -21.0207   -10.6371    1.00000    1.00000
     1.00000   -5.17316    19.6546   -1.00018    1.00000    1.00000
     1.00000    15.0898   -8.71780   -9.93913    1.00000    1.00000
     1.00000   -19.8454   -8.45592    22.9056    1.00000    1.00000
     1.00000    11.2720   -14.3786  -0.682377    1.00000    1.00000
     1.00000    3.50916    17.5293   -5.52697    1.00000    1.00000
     1.00000    8.61468    4.21475   -6.74641    1.00000    1.00000
     1.00000   -16.8453    8.18226    16.8267    1.00000    1.00000
     1.00000    9.25029   -23.5189   -3.42160    1.00000    1.00000
     1.00000   -12.3583    16.2879   -1.03662    1.00000    1.00000
     1.00000    11.6270   -4.44772   -4.79401    1.00000    1.00000
     1.00000   -18.6427    3.62431    15.1701    1.00000    1.00000
     1.00000    16.4712   -3.41014   0.720230    1.00000    1.00000
     1.00000   0.582386    11.5839    1.23742    1.00000    1.00000
     1.00000    11.2213    5.76003   -8.01133    1.00000    1.00000
     1.00000   -14.9418    8.90198    7.95645    1.00000    1.00000
     1.00000    5.56716   -12.9242   -15.4111    1.00000    1.00000
     1.00000   -6.51008    16.2382   -1.33343    1.00000    1.00000
     1.00000    8.29725   -12.2055   -7.96663    1.00000    1.00000
     1.00000   -20.8993   -2.64589    20.1003    1.00000    1.00000
     1.00000    9.83748   -19.2896   -4.83245    1.00000    1.00000
     1.00000    1.06804    13.2920  -0.575096    1.00000    1.00000
     1.00000    5.51064    1.31958   -9.73027    1.00000    1.00000
     1.00000   -21.1458    1.96981    6.81810    1.00000    1.00000
     1.00000    3.73896   -23.0211   -6.17442    1.00000    1.00000
     1.00000   -8.78125   10.14236    5.74301    1.00000    1.00000
     1.00000    4.99437   -8.16241   -11.3726    1.00000    1.00000
     1.00000   -16.8022  -0.137012    15.5557    1.00000    1.00000
     1.00000    15.0890   -7.76531   -2.53422    1.00000    1.00000
     1.00000    8.97773    8.44299    4.30524    1.00000    1.00000
     1.00000    7.90999    12.1533   -6.60584    1.00000    1.00000
     1.00000   -11.7349    4.49857    11.1914    1.00000    1.00000
     1.00000    6.01965   -18.0233   -13.9057    1.00000    1.00000
     1.00000   -2.26648    19.0884    1.41074    1.00000    1.00000
     1.00000    14.1163   -6.26683   -5.15338    1.00000    1.00000
     1.00000   -20.7382   -7.74078    19.5300    1.00000    1.00000
     1.00000    18.2747   -13.1201   -2.84846    1.00000    1.00000
     1.00000    6.00925    13.7176   -4.32283    1.00000    1.00000
     1.00000    4.81348    1.02279   -7.78109    1.00000    1.00000
     1.00000   -16.4995    8.26214    13.4857    1.00000    1.00000
     1.00000    14.9173   -22.1407   -8.45826    1.00000    1.00000
     1.00000   -11.5590    15.0041    3.43368    1.00000    1.00000
     1.00000    11.8162   -3.72230   -6.64819    1.00000    1.00000
     1.00000   -20.2382    3.28321    11.9752    1.00000    1.00000
     1.00000    12.7616   -2.27165    1.43039    1.00000    1.00000
     1.00000    4.84050    10.7664    3.48614    1.00000    1.00000
     1.00000    9.67916    7.41499   -9.97350    1.00000    1.00000
     1.00000   -13.4284    11.3503   0.332203    1.00000    1.00000
     1.00000    6.09621   -13.7157   -17.4983    1.00000    1.00000
     1.00000  -0.872387    14.8575   -1.70256    1.00000    1.00000
     1.00000    9.58978   -12.3292   -11.0354    1.00000    1.00000
     1.00000   -19.3887   -2.17791    18.8760    1.00000    1.00000
     1.00000    11.0851   -16.5434   -3.40971    1.00000    1.00000
     1.00000   0.159138    13.8979   -4.01453    1.00000    1.00000
     1.00000    2.30637   -2.93690  -10.06621    1.00000    1.00000
     1.00000   -18.1566    5.75384    7.54512    1.00000    1.00000
     1.00000    9.65229   -21.1302   -5.59256    1.00000    1.00000
     1.00000   -8.17916    15.1772    1.44438    1.00000    1.00000
     1.00000    6.91481   -4.75798   -9.75175    1.00000    1.00000
     1.00000   -16.6855   -4.18709    15.9279    1.00000    1.00000
     1.00000    18.4062   -11.8578   -5.03136    1.00000    1.00000
     1.00000    6.72963    8.25289    11.3322    1.00000    1.00000
     1.00000    6.62101   10.29330   -7.53718    1.00000    1.00000
     1.00000   -14.0821    4.76135    10.7966    1.00000    1.00000
     1.00000    7.56733   -21.3950  -10.35550    1.00000    1.00000
     1.00000   -5.81553    20.9627   0.369625    1.00000    1.00000
     1.00000    12.6399  -10.43805   -8.09457    1.00000    1.00000
     1.00000   -18.7398   -9.95969    22.1870    1.00000    1.00000
     1.00000    14.0175   -14.8141   0.170109    1.00000    1.00000
     1.00000    4.60836    14.8994   -3.52232    1.00000    1.00000
     1.00000    7.93649    2.37679   -6.34398    1.00000    1.00000
     1.00000   -18.8004    11.2149    16.0783    1.00000    1.00000
     1.00000    11.6381   -22.6750   -6.03277    1.00000    1.00000
     1.00000   -11.9722    11.5262   -1.02745    1.00000    1.00000
     1.00000   10.38701   -2.52031   -3.95422    1.00000    1.00000
     1.00000   -20.2319   0.303478    16.4781    1.00000    1.00000
     1.00000    12.9771   -4.93388  -0.821056    1.00000    1.00000
     1.00000    2.17201   10.47709    1.73547    1.00000    1.00000
     1.00000    11.6445    7.42033  -10.34446    1.00000    1.00000
     1.00000   -13.1177    9.01806    7.14453    1.00000    1.00000
     1.00000    4.45416   -14.8318   -17.7392    1.00000    1.00000
     1.00000   -8.45392    16.4969   -1.72659    1.00000    1.00000
     1.00000    6.60669   -11.2278   -8.39812    1.00000    1.00000
     1.00000   -21.2150   -5.24753    22.0681    1.00000    1.00000
     1.00000    12.4144   -18.0246   -3.60764    1.00000    1.00000
     1.00000    3.11128    14.8509   -2.19703    1.00000    1.00000
     1.00000    3.09393   0.257374   -8.45734    1.00000    1.00000
     1.00000   -22.1804    6.77705    9.28954    1.00000    1.00000
     1.00000    4.16741   -21.3254   -4.03629    1.00000    1.00000
     1.00000   -7.86005    10.9475    1.94963    1.00000    1.00000
     1.00000    6.73498   -4.74337   -12.3164    1.00000    1.00000
     1.00000   -16.2061    2.31025    15.0213    1.00000    1.00000
     1.00000    16.4322   -7.43306   -1.09011    1.00000    1.00000
     1.00000    10.6872    11.5265    3.54042    1.00000    1.00000
     1.00000    7.89923    10.8532   -4.73897    1.00000    1.00000
     1.00000   -8.37575    5.74320    9.74449    1.00000    1.00000
     1.00000    5.91746   -19.0220  -10.31301    1.00000    1.00000
     1.00000   -4.44937    19.9620    1.66940    1.00000    1.00000
     1.00000    14.2738  -10.34170   -6.94524    1.00000    1.00000
     1.00000   -20.7938   -7.09256    21.4212    1.00000    1.00000
     1.00000    17.0267   -11.0368   0.416996    1.00000    1.00000
     1.00000    6.56367    14.9022   -5.83587    1.00000    1.00000
     1.00000    4.83914   -2.38370   -5.91749    1.00000    1.00000
     1.00000   -17.2391    11.6248    14.1009    1.00000    1.00000
     1.00000    14.7948   -23.4548   -6.95555    1.00000    1.00000
     1.00000   -11.7498    17.2863   0.585987    1.00000    1.00000
     1.00000    9.94477   -2.63443   -7.30907    1.00000    1.00000
     1.00000   -20.7983    5.00211    11.1198    1.00000    1.00000
     1.00000    11.9880  -0.428783    1.35693    1.00000    1.00000
     1.00000    7.06352    9.00991    5.86410    1.00000    1.00000
     1.00000   10.08439   10.30210   -8.29998    1.00000    1.00000
     1.00000   -12.7261    9.66398    5.29264    1.00000    1.00000
     1.00000    6.17014   -14.2489   -19.6884    1.00000    1.00000
     1.00000   -4.77772    15.3081  -0.967678    1.00000    1.00000
     1.00000    9.44309   -15.3124   -11.6822    1.00000    1.00000
     1.00000   -20.3532   0.435581    18.4700    1.00000    1.00000
     1.00000    10.8153   -13.9849   -4.31583    1.00000    1.00000
     1.00000   -2.95448    13.1799   -4.51901    1.00000    1.00000
     1.00000   0.842440   0.667606  -10.00963    1.00000    1.00000
     1.00000   -16.7407    6.47205    8.76135    1.00000    1.00000
     1.00000    6.05640   -20.7208   -4.29357    1.00000    1.00000
     1.00000   -9.95111    13.8689    1.87590    1.00000    1.00000
     1.00000    4.97840   -4.94826  -10.21450    1.00000    1.00000
     1.00000   -15.0806   -4.04136    17.5647    1.00000    1.00000
