     1.00000   -16.8382   -5.08231    1.68713    1.00000    1.00000
     1.00000    2.75117    5.96688   -12.4582    1.00000    1.00000
     1.00000   -2.70878   -15.1199    8.34271    1.00000    1.00000
     1.00000   0.490597    19.3251    4.63461    1.00000    1.00000
     1.00000   -11.7501   -4.54497    4.92829    1.00000    1.00000
     1.00000    12.3987   -3.84334   -15.9155    1.00000    1.00000
     1.00000   10.48186   -8.09368    12.7338    1.00000    1.00000
     1.00000    3.89407    2.42519    2.54124    1.00000    1.00000
     1.00000   -27.5695   0.414230    1.09449    1.00000    1.00000
     1.00000    14.1138    8.48574   -2.05012    1.00000    1.00000
     1.00000    11.8593   -16.0946    8.92228    1.00000    1.00000
     1.00000   -1.59251    12.9792    3.60535    1.00000    1.00000
     1.00000   -12.4393   -3.92875  -0.344868    1.00000    1.00000
     1.00000    7.03058    3.11618   -12.1380    1.00000    1.00000
     1.00000   0.807026   -5.21112    3.29684    1.00000    1.00000
     1.00000    7.08315    5.41601    4.13504    1.00000    1.00000
     1.00000   -11.3460    1.46260  -0.807461    1.00000    1.00000
     1.00000    9.83338    12.9120  -10.26463    1.00000    1.00000
     1.00000  -0.929516   -8.57667    4.04036    1.00000    1.00000
     1.00000   -1.59752    8.05085    1.91891    1.00000    1.00000
     1.00000   -17.3677   -7.96560    7.06005    1.00000    1.00000
     1.00000    5.81976   -8.34808   -11.0881    1.00000    1.00000
     1.00000    9.34854   -3.13250    6.29317    1.00000    1.00000
     1.00000    1.58636    6.08033   -4.85041    1.00000    1.00000
     1.00000   -23.5445    1.33829   -2.95126    1.00000    1.00000
     1.00000    12.8502    11.2297   -8.69751    1.00000    1.00000
     1.00000    5.82937   -16.0833    8.23724    1.00000    1.00000
     1.00000    3.22645    12.1698    8.97432    1.00000    1.00000
     1.00000   -3.64938   -5.41402    4.41151    1.00000    1.00000
     1.00000    9.96706    1.00917  -10.01938    1.00000    1.00000
     1.00000    1.18419   0.862503    3.25136    1.00000    1.00000
     1.00000    4.48496    6.70841    6.52451    1.00000    1.00000
     1.00000   -18.4084  -0.379578    1.18291    1.00000    1.00000
     1.00000   -9.99336E-02    2.15679   -10.7143    1.00000    1.00000
     1.00000  -0.776249   -17.7620    8.44354    1.00000    1.00000
     1.00000    2.89142    14.9182    2.88432    1.00000    1.00000
     1.00000   -14.2762   -5.76403    6.26608    1.00000    1.00000
     1.00000    10.8615   -5.85431   -15.7987    1.00000    1.00000
     1.00000    14.3630   -8.88342    9.70238    1.00000    1.00000
     1.00000   0.366528   0.394348   -1.82784    1.00000    1.00000
     1.00000   -25.2013   0.405567   -1.77295    1.00000    1.00000
     1.00000    14.6968    11.4874   -4.92424    1.00000    1.00000
     1.00000    9.49100   -17.8435   10.47443    1.00000    1.00000
     1.00000   -2.69145    10.6061    5.37280    1.00000    1.00000
     1.00000   -9.35291   -4.01347    2.39934    1.00000    1.00000
     1.00000    6.58706    2.28771   -15.3212    1.00000    1.00000
     1.00000    5.71367   -6.31409    5.28070    1.00000    1.00000
     1.00000    3.78986    7.15671    3.51811    1.00000    1.00000
     1.00000   -18.4362   0.655495   -1.03345    1.00000    1.00000
     1.00000    6.18045    7.08670   -12.4408    1.00000    1.00000
     1.00000    2.54728   -10.6268    6.42150    1.00000    1.00000
     1.00000    2.63995    8.71820    2.06340    1.00000    1.00000
     1.00000   -18.9513   -6.25337    10.9403    1.00000    1.00000
     1.00000    8.01947   -6.63887   -12.6355    1.00000    1.00000
     1.00000    9.33437   -7.78230    7.41815    1.00000    1.00000
     1.00000    5.03974    5.56109   -5.55772    1.00000    1.00000
     1.00000   -26.2184    4.30532   -2.78148    1.00000    1.00000
     1.00000    14.1610    12.8727   -11.8130    1.00000    1.00000
     1.00000    5.05000   -14.4311    9.05145    1.00000    1.00000
     1.00000    2.39352    16.4362    6.77823    1.00000    1.00000
     1.00000   -9.51834   -3.56041    5.77443    1.00000    1.00000
     1.00000    5.53522  -0.767570   -9.27583    1.00000    1.00000
     1.00000    2.68633   -2.61086   -1.74294E-02    1.00000    1.00000
     1.00000    9.52488    4.98299    7.76484    1.00000    1.00000
     1.00000   -18.3123   -3.96957   0.919762    1.00000    1.00000
     1.00000    2.72608    3.96869   -12.5395    1.00000    1.00000
     1.00000   0.330235   -12.1676    7.72189    1.00000    1.00000
     1.00000  -0.250282    15.8615    4.07879    1.00000    1.00000
     1.00000   -12.6224   -1.30513    4.92274    1.00000    1.00000
     1.00000    13.1942   -2.81891   -18.5943    1.00000    1.00000
     1.00000    9.33079   -7.75778    9.91733    1.00000    1.00000
     1.00000    3.65821    2.23595   0.131878    1.00000    1.00000
     1.00000   -26.6669   -1.21417    1.82497    1.00000    1.00000
     1.00000    13.0830   10.34906   -3.88937    1.00000    1.00000
     1.00000    9.91845   -16.6997    7.35613    1.00000    1.00000
     1.00000   -4.05769E-02    11.9322    5.05811    1.00000    1.00000
     1.00000   -12.3634   -1.17495  -0.770763    1.00000    1.00000
     1.00000    6.34235    1.84376   -10.7570    1.00000    1.00000
     1.00000  -0.852024   -8.17761    2.08208    1.00000    1.00000
     1.00000    7.81887    2.07390    3.73456    1.00000    1.00000
     1.00000   -10.8183    1.39021    1.12031    1.00000    1.00000
     1.00000    9.54698    15.0562   -7.86452    1.00000    1.00000
     1.00000   -3.22360   -5.90735    2.52065    1.00000    1.00000
     1.00000   -2.18582E-02    9.26255    2.14050    1.00000    1.00000
     1.00000   -16.9887   -8.52882    9.50395    1.00000    1.00000
     1.00000    4.60000   -6.11162   -15.2544    1.00000    1.00000
     1.00000    6.26513   -4.81901    6.48925    1.00000    1.00000
     1.00000    4.29023    3.95742   -3.88911    1.00000    1.00000
     1.00000   -22.2149   0.831936   -4.35683    1.00000    1.00000
     1.00000    12.6473    13.2085   -8.48980    1.00000    1.00000
     1.00000    8.05996   -16.5781    6.62729    1.00000    1.00000
     1.00000    3.10430    12.1184    5.46991    1.00000    1.00000
     1.00000   -5.04280   -2.56778    6.94283    1.00000    1.00000
     1.00000    9.08374   -3.42422   -10.7708    1.00000    1.00000
     1.00000    2.27960  -0.803040    3.09002    1.00000    1.00000
     1.00000    7.33165    8.98501   10.00050    1.00000    1.00000
     1.00000   -21.3190  -0.795673   -1.45547    1.00000    1.00000
     1.00000    2.28029    2.10349   -11.5280    1.00000    1.00000
     1.00000   -1.53630   -16.1557    9.58867    1.00000    1.00000
     1.00000    3.28797    13.1449    2.04872    1.00000    1.00000
     1.00000   -14.2067   -7.47376    4.98099    1.00000    1.00000
     1.00000    9.08371   -3.99631   -18.8334    1.00000    1.00000
     1.00000    12.9522   -8.91106    8.00742    1.00000    1.00000
     1.00000    3.33751  -0.725151   0.122707    1.00000    1.00000
     1.00000   -26.4196   0.312794   -3.47786    1.00000    1.00000
     1.00000    15.5469    12.0102   -6.65748    1.00000    1.00000
     1.00000    12.3352   -17.8306    9.79401    1.00000    1.00000
     1.00000   -4.42776    11.0610    8.03377    1.00000    1.00000
     1.00000   -9.98847   -5.81823    1.81720    1.00000    1.00000
     1.00000    6.12759    6.78825   -14.4177    1.00000    1.00000
     1.00000    2.14599   -4.01019    4.17144    1.00000    1.00000
     1.00000    3.42939    4.68177    4.08735    1.00000    1.00000
     1.00000   -13.7082    1.35061   0.896027    1.00000    1.00000
     1.00000    7.07740   10.47390   -10.6328    1.00000    1.00000
     1.00000   0.249771   -9.58838    5.29961    1.00000    1.00000
     1.00000    4.68103    8.43828    4.76847    1.00000    1.00000
     1.00000   -17.5248   -5.56385    8.39149    1.00000    1.00000
     1.00000    7.98604   -4.98196   -13.8060    1.00000    1.00000
     1.00000   10.56617   -9.35576    7.33513    1.00000    1.00000
     1.00000    6.21718    5.38343   -9.04498    1.00000    1.00000
     1.00000   -26.2968    2.65441   -4.88910    1.00000    1.00000
     1.00000    13.1764    11.5884   -10.6379    1.00000    1.00000
     1.00000    2.53923   -13.2632    10.9355    1.00000    1.00000
     1.00000    4.20475    17.0673    8.68764    1.00000    1.00000
     1.00000   -7.24831   -5.46646    4.69827    1.00000    1.00000
     1.00000    6.38862   -2.45383   -11.2131    1.00000    1.00000
     1.00000    2.87892   -6.43669    1.03272    1.00000    1.00000
     1.00000    8.10810    4.10591    6.04941    1.00000    1.00000
     1.00000   -16.6788   -6.39008    3.19191    1.00000    1.00000
     1.00000    4.41195    5.34484   -11.5336    1.00000    1.00000
     1.00000   -1.25955   -13.9884    7.55565    1.00000    1.00000
     1.00000   0.987164    17.4072    4.36075    1.00000    1.00000
     1.00000   -11.9070   -2.84807    5.97515    1.00000    1.00000
     1.00000    11.3486   -4.54697   -14.3656    1.00000    1.00000
     1.00000    9.59991   -9.17593    11.3017    1.00000    1.00000
     1.00000    2.20647    2.53836    1.47390    1.00000    1.00000
     1.00000   -28.9415  -0.967590   0.638096    1.00000    1.00000
     1.00000    12.2848    8.93243   -2.72486    1.00000    1.00000
     1.00000    9.89911   -15.7471    9.11459    1.00000    1.00000
     1.00000   -1.13855    13.5532    5.46664    1.00000    1.00000
     1.00000   -13.4101   -2.36889   0.445351    1.00000    1.00000
     1.00000    5.70370    2.78782   -13.5980    1.00000    1.00000
     1.00000  -0.736279   -5.53767    2.06738    1.00000    1.00000
     1.00000    7.75895    5.12515    2.27529    1.00000    1.00000
     1.00000   -12.6689   0.954006   -2.21864    1.00000    1.00000
     1.00000    8.81392    11.3774   -11.0429    1.00000    1.00000
     1.00000   -2.14491   -9.07068    5.54992    1.00000    1.00000
     1.00000   -2.99813    9.14467    1.00139    1.00000    1.00000
     1.00000   -18.8701   -8.45626    8.28564    1.00000    1.00000
     1.00000    5.84653   -6.88503   -12.4515    1.00000    1.00000
     1.00000   10.13498   -1.64089    7.36863    1.00000    1.00000
     1.00000    3.17152    4.92350   -5.23640    1.00000    1.00000
     1.00000   -23.2610    2.77496   -4.31345    1.00000    1.00000
     1.00000    13.8890   10.13698   -7.38345    1.00000    1.00000
     1.00000    5.99333   -17.2833    9.82881    1.00000    1.00000
     1.00000    2.22490    11.9451    7.25781    1.00000    1.00000
     1.00000   -5.42368   -4.70703    5.00483    1.00000    1.00000
     1.00000    9.66915  -0.379337   -11.4277    1.00000    1.00000
     1.00000  -0.278622   0.824978    1.88798    1.00000    1.00000
     1.00000    6.06112    6.65432    7.75446    1.00000    1.00000
     1.00000   -20.0158  -0.345619   -6.58798E-03    1.00000    1.00000
     1.00000    1.50822    3.07545   -9.95936    1.00000    1.00000
     1.00000   0.923042   -16.7386    8.69862    1.00000    1.00000
     1.00000    2.57928    16.1971    4.38995    1.00000    1.00000
     1.00000   -13.9924   -4.01279    7.18945    1.00000    1.00000
     1.00000    9.83702   -4.76567   -17.1273    1.00000    1.00000
     1.00000    14.8838   -8.42501    7.82656    1.00000    1.00000
     1.00000  -0.664948    2.08100   -2.12997    1.00000    1.00000
     1.00000   -26.4184   -1.14544   -2.10907    1.00000    1.00000
     1.00000    13.4769    12.2807   -3.55221    1.00000    1.00000
     1.00000    10.8523   -19.1712    9.85466    1.00000    1.00000
     1.00000   -3.09009    11.6585    3.71946    1.00000    1.00000
     1.00000   -11.2371   -4.01208    3.07007    1.00000    1.00000
     1.00000    6.82471    4.21879   -15.7843    1.00000    1.00000
     1.00000    4.27190   -6.87767    4.01433    1.00000    1.00000
     1.00000    5.11425    5.75901    4.05887    1.00000    1.00000
     1.00000   -16.8480    1.50681E-03   -8.75473E-03    1.00000    1.00000
     1.00000    5.68644    6.55378   -10.5775    1.00000    1.00000
     1.00000    1.09124  -10.31837    7.75748    1.00000    1.00000
     1.00000    1.60050   10.34866    2.57444    1.00000    1.00000
     1.00000   -19.1324   -6.59861    8.97867    1.00000    1.00000
     1.00000    8.93019   -4.95972   -12.0430    1.00000    1.00000
     1.00000    9.51777   -5.79326    7.31776    1.00000    1.00000
     1.00000    5.00837    5.88186   -7.53158    1.00000    1.00000
     1.00000   -27.5598    2.94154   -3.36518    1.00000    1.00000
     1.00000    15.5131    11.9386   -10.6731    1.00000    1.00000
     1.00000    4.43374   -13.0298   10.33855    1.00000    1.00000
     1.00000    2.55838    14.7296    5.74851    1.00000    1.00000
     1.00000   -8.53807   -3.25063    4.05889    1.00000    1.00000
     1.00000    6.15591  -0.123608   -11.0647    1.00000    1.00000
     1.00000    2.70437   -4.46847   0.723484    1.00000    1.00000
     1.00000    7.58406    5.38402    7.49572    1.00000    1.00000
     1.00000   -17.8026   -2.11084   0.385571    1.00000    1.00000
     1.00000    2.95954    2.18203   -13.4075    1.00000    1.00000
     1.00000   0.621971   -14.0805    8.22751    1.00000    1.00000
     1.00000   0.528084    16.1637    2.26143    1.00000    1.00000
     1.00000   -12.9472   -2.49148    3.34569    1.00000    1.00000
     1.00000    13.4567   -2.32505   -16.6741    1.00000    1.00000
     1.00000    10.7543   -6.76247    8.92587    1.00000    1.00000
     1.00000    2.17622    2.48385   -1.18807    1.00000    1.00000
     1.00000   -26.6469   -1.50105  -0.154243    1.00000    1.00000
     1.00000    14.0310    9.37955   -5.35951    1.00000    1.00000
     1.00000    11.0154   -16.1096    5.79136    1.00000    1.00000
     1.00000   0.992760    13.4854    5.77913    1.00000    1.00000
     1.00000   -14.1849  -0.352451  -0.846214    1.00000    1.00000
     1.00000    5.01304    3.32752   -10.9341    1.00000    1.00000
     1.00000   0.585773   -7.18401    3.05446    1.00000    1.00000
     1.00000    6.85804    3.35947    2.54120    1.00000    1.00000
     1.00000   -12.3193    2.65525    1.50334    1.00000    1.00000
     1.00000    10.6828    13.5731   -8.57899    1.00000    1.00000
     1.00000   -2.53040   -7.50251    3.50804    1.00000    1.00000
     1.00000  -0.418663   10.01929   0.332211    1.00000    1.00000
     1.00000   -15.8105   -7.52688    8.23590    1.00000    1.00000
     1.00000    6.26747   -5.94048   -14.1634    1.00000    1.00000
     1.00000    8.08932   -4.39896    7.19344    1.00000    1.00000
     1.00000    3.72002    2.70152   -2.44080    1.00000    1.00000
     1.00000   -22.5953    1.24158   -6.27710    1.00000    1.00000
     1.00000    13.7117    13.2173   -6.79662    1.00000    1.00000
     1.00000    6.43563   -15.4250    6.44864    1.00000    1.00000
     1.00000    4.23952    13.6764    6.00266    1.00000    1.00000
     1.00000   -5.67410   -4.46527    6.97430    1.00000    1.00000
     1.00000    9.81310   -2.22164   -12.1927    1.00000    1.00000
     1.00000    1.73896   -2.10239    1.66897    1.00000    1.00000
     1.00000    6.50766    8.54439    8.23219    1.00000    1.00000
     1.00000   -23.1543  -0.464355   -2.17784    1.00000    1.00000
     1.00000   0.839764   0.736019   -11.7623    1.00000    1.00000
     1.00000  -0.174042   -17.4240   10.32053    1.00000    1.00000
     1.00000    1.99379    11.8255    1.28439    1.00000    1.00000
     1.00000   -12.6115   -6.31088    5.30194    1.00000    1.00000
     1.00000    11.0561   -3.97688   -18.5027    1.00000    1.00000
     1.00000    11.5772   -7.63014    7.32277    1.00000    1.00000
     1.00000    2.07914   0.523659  -0.803036    1.00000    1.00000
     1.00000   -26.2107   0.728889   -5.42292    1.00000    1.00000
     1.00000    14.9912    11.3967   -8.47814    1.00000    1.00000
     1.00000    11.6653   -17.9820    11.6724    1.00000    1.00000
     1.00000   -3.25614    11.9878    6.70395    1.00000    1.00000
     1.00000   -10.7303   -4.46508   0.544949    1.00000    1.00000
     1.00000    6.76805    6.17226   -16.2095    1.00000    1.00000
     1.00000    3.34267   -5.39342    4.98053    1.00000    1.00000
     1.00000    1.99820    3.72055    3.07357    1.00000    1.00000
     1.00000   -15.2950    1.22398  -0.314804    1.00000    1.00000
     1.00000    6.85083    8.85131   -11.7799    1.00000    1.00000
     1.00000  -0.702740   -9.79323    7.04626    1.00000    1.00000
     1.00000    2.89266    8.95009    4.03378    1.00000    1.00000
     1.00000   -15.9922   -5.23804    7.14846    1.00000    1.00000
     1.00000    8.43573   -4.57867   -15.7126    1.00000    1.00000
     1.00000    11.1209   -10.9477    6.25897    1.00000    1.00000
     1.00000    7.60648    4.81967  -10.36861    1.00000    1.00000
     1.00000   -24.5780    3.18995   -5.76025    1.00000    1.00000
     1.00000    14.1937    9.87483  -10.46804    1.00000    1.00000
     1.00000   0.733776   -13.6829   10.18439    1.00000    1.00000
     1.00000    4.01778    17.6031    6.76984    1.00000    1.00000
     1.00000   -8.13766   -4.87096    6.38777    1.00000    1.00000
     1.00000    7.87632   -1.13921   -10.9712    1.00000    1.00000
     1.00000    1.00467   -5.74239    1.10448    1.00000    1.00000
     1.00000    8.91677    4.63422    4.29813    1.00000    1.00000
