     1.00000    1.74580    3.99239    7.46873    1.00000    1.00000
     1.00000    11.2322   -20.8619   -4.98326    1.00000    1.00000
     1.00000    16.2888    6.65154    21.5598    1.00000    1.00000
     1.00000   -14.7372    2.53268   -16.1090    1.00000    1.00000
     1.00000   -5.66751    3.62594   -3.29793    1.00000    1.00000
     1.00000   -5.16452   -8.29966   -8.42511    1.00000    1.00000
     1.00000   -1.76376    6.42225    11.3445    1.00000    1.00000
     1.00000   -10.8773    4.04723   -10.7397    1.00000    1.00000
     1.00000    4.02216   0.447250    9.72652    1.00000    1.00000
     1.00000   -4.00925   -14.3647   -2.79971    1.00000    1.00000
     1.00000    15.7864    12.5698    16.7222    1.00000    1.00000
     1.00000   -9.91783   -2.40951   -14.4190    1.00000    1.00000
     1.00000    4.37164E-02    8.74162    4.34007    1.00000    1.00000
     1.00000    1.79737   -3.34923   -12.9814    1.00000    1.00000
     1.00000    6.29732   -4.15458    28.9740    1.00000    1.00000
     1.00000   -5.95683    5.17815   -14.0883    1.00000    1.00000
     1.00000    6.85034    5.58228    8.74818    1.00000    1.00000
     1.00000    10.5908   -18.1989   -5.50245    1.00000    1.00000
     1.00000    8.47031    2.50305    21.5187    1.00000    1.00000
     1.00000   -13.6964   0.259930   -21.1806    1.00000    1.00000
     1.00000   -3.53258   0.523838   -5.22178    1.00000    1.00000
     1.00000   -4.20790   -10.6476   -9.16846    1.00000    1.00000
     1.00000   -3.42251    6.67130    13.9572    1.00000    1.00000
     1.00000   -12.4862    3.71255   -11.8796    1.00000    1.00000
     1.00000    4.43396   0.218540    3.24977    1.00000    1.00000
     1.00000    2.42442   -12.9722   -2.58690    1.00000    1.00000
     1.00000    11.8162    14.0118    18.7917    1.00000    1.00000
     1.00000   -2.26881   -4.07092   -15.2116    1.00000    1.00000
     1.00000   -4.02390    7.39702   0.909630    1.00000    1.00000
     1.00000    3.32770   -7.52877   -13.0470    1.00000    1.00000
     1.00000    4.62209    2.19772    20.9759    1.00000    1.00000
     1.00000   -8.26106    3.05456   -13.3107    1.00000    1.00000
     1.00000    2.30747    1.71397    14.1114    1.00000    1.00000
     1.00000    12.9276   -20.5303   -5.99113    1.00000    1.00000
     1.00000    16.8742    8.62831    20.8018    1.00000    1.00000
     1.00000   -18.2553    1.07857   -19.1840    1.00000    1.00000
     1.00000   -2.78566   0.673931   -7.72672    1.00000    1.00000
     1.00000   -2.77615   -7.12849   -8.57880    1.00000    1.00000
     1.00000   -2.64336    5.27216    8.83985    1.00000    1.00000
     1.00000   -7.32579    4.64688   -8.41737    1.00000    1.00000
     1.00000    2.45705   0.775333    6.09431    1.00000    1.00000
     1.00000   -2.37530   -14.2728   -4.37259    1.00000    1.00000
     1.00000    21.3496    9.88855    17.8347    1.00000    1.00000
     1.00000  -10.10841   -9.26971E-04   -11.5203    1.00000    1.00000
     1.00000   -3.25788    8.35938    7.79225    1.00000    1.00000
     1.00000   0.736225   -2.74819   -17.0914    1.00000    1.00000
     1.00000    2.81799    1.59103    21.5900    1.00000    1.00000
     1.00000   -5.07687    4.27932   -17.8432    1.00000    1.00000
     1.00000    9.91460    2.54903    8.89772    1.00000    1.00000
     1.00000    5.65159   -16.2156   -3.26384    1.00000    1.00000
     1.00000    12.6155    6.73607    22.3181    1.00000    1.00000
     1.00000  -10.38196    1.58815   -17.1285    1.00000    1.00000
     1.00000   -3.03451   0.520615   -3.28479    1.00000    1.00000
     1.00000   -6.40718  -10.04316   -14.2872    1.00000    1.00000
     1.00000  -0.744331    1.89517    16.0949    1.00000    1.00000
     1.00000   -17.6823    2.72290   -12.8550    1.00000    1.00000
     1.00000    8.71919  -0.382545   0.529335    1.00000    1.00000
     1.00000   0.308064   -19.9146   -7.10278    1.00000    1.00000
     1.00000    16.7417    15.1496    20.9496    1.00000    1.00000
     1.00000   -7.71349   0.618523   -12.4563    1.00000    1.00000
     1.00000   -5.50529    6.23897    3.17960    1.00000    1.00000
     1.00000   -1.00187   -6.19109   -11.6112    1.00000    1.00000
     1.00000    2.56483    3.57426    19.0254    1.00000    1.00000
     1.00000   -11.6175    5.82808   -14.0394    1.00000    1.00000
     1.00000    3.96796    7.16223    6.00452    1.00000    1.00000
     1.00000    7.39824   -20.9693   -5.24133    1.00000    1.00000
     1.00000    18.1429    6.17677    22.1405    1.00000    1.00000
     1.00000   -17.0216    5.24396   -14.3894    1.00000    1.00000
     1.00000   -4.04825    4.44899   -4.13493    1.00000    1.00000
     1.00000   -6.73892   -7.57318   -10.8295    1.00000    1.00000
     1.00000   -4.67854    5.70918    12.2829    1.00000    1.00000
     1.00000   -7.78589    6.69557   -9.64000    1.00000    1.00000
     1.00000    4.76997  -0.409966    15.3128    1.00000    1.00000
     1.00000   -5.35136   -11.5681   -6.86684    1.00000    1.00000
     1.00000    19.6120    12.2518    16.6285    1.00000    1.00000
     1.00000   -9.54456   -5.66077   -14.1108    1.00000    1.00000
     1.00000   -1.37222    7.75636    6.08668    1.00000    1.00000
     1.00000    3.53635   -2.77780   -15.9019    1.00000    1.00000
     1.00000    5.97263   -2.08324    27.3925    1.00000    1.00000
     1.00000   -7.38152    5.59768   -16.0734    1.00000    1.00000
     1.00000    6.49436    4.35242   10.28465    1.00000    1.00000
     1.00000    10.7868   -19.2860   -3.83521    1.00000    1.00000
     1.00000    7.84547    4.61883    24.3769    1.00000    1.00000
     1.00000   -13.3865   0.825851   -19.2876    1.00000    1.00000
     1.00000   -3.25318   -2.45660   -5.60809    1.00000    1.00000
     1.00000   -3.97952   -12.3364   -10.6677    1.00000    1.00000
     1.00000   -1.56886    4.28824    13.8482    1.00000    1.00000
     1.00000   -14.5407    1.93907   -14.2093    1.00000    1.00000
     1.00000    3.84099   0.782215  -0.642860    1.00000    1.00000
     1.00000    3.67674   -16.4489   -3.47723    1.00000    1.00000
     1.00000    13.3168    12.5177    19.7343    1.00000    1.00000
     1.00000   -5.44328    8.14362E-02   -14.7082    1.00000    1.00000
     1.00000   -5.04961    3.92195  -0.614983    1.00000    1.00000
     1.00000    3.34584   -7.18117  -10.51184    1.00000    1.00000
     1.00000    6.48454    4.10810    19.3396    1.00000    1.00000
     1.00000   -6.43821    2.43212   -10.9187    1.00000    1.00000
     1.00000    2.64258    3.36317    9.14202    1.00000    1.00000
     1.00000    13.2126   -21.0035   -7.91331    1.00000    1.00000
     1.00000    17.9254    7.91126    19.0361    1.00000    1.00000
     1.00000   -16.8778   0.190441   -18.0377    1.00000    1.00000
     1.00000   -2.30872    2.24349   -4.63872    1.00000    1.00000
     1.00000   -5.30360   -5.31907   -8.06208    1.00000    1.00000
     1.00000   -2.19601    8.14377   10.42284    1.00000    1.00000
     1.00000   -8.28033    2.69839   -8.45189    1.00000    1.00000
     1.00000    3.46892   0.634212    7.81367    1.00000    1.00000
     1.00000  -0.620987   -13.3400   -1.73306    1.00000    1.00000
     1.00000    19.0888    10.9566    18.4206    1.00000    1.00000
     1.00000  -10.17442   0.994541   -14.2560    1.00000    1.00000
     1.00000   -2.56609    9.87518    4.18602    1.00000    1.00000
     1.00000   -1.01337E-01   -5.60525   -13.2981    1.00000    1.00000
     1.00000    4.57361   -1.05376    23.8540    1.00000    1.00000
     1.00000   -3.77625    6.06856   -17.7228    1.00000    1.00000
     1.00000    8.25783    4.16311    8.67804    1.00000    1.00000
     1.00000    6.50314   -16.4277   -5.19279    1.00000    1.00000
     1.00000   10.48899    5.25843    21.3975    1.00000    1.00000
     1.00000   -11.6478    3.57042   -19.3828    1.00000    1.00000
     1.00000   -5.04358  -0.949276   -2.06081    1.00000    1.00000
     1.00000   -2.12799   -8.97253   -12.2931    1.00000    1.00000
     1.00000   -2.62152    5.81614    16.2940    1.00000    1.00000
     1.00000   -20.4503    2.55759   -15.4184    1.00000    1.00000
     1.00000    7.62244   -1.14916    2.20884    1.00000    1.00000
     1.00000    1.12025   -18.1991   -4.24885    1.00000    1.00000
     1.00000    18.5760    14.5207    20.4600    1.00000    1.00000
     1.00000   -6.45435  -0.854240   -16.6871    1.00000    1.00000
     1.00000   -3.59611    6.47895    2.63419    1.00000    1.00000
     1.00000    1.43042   -3.97585   -9.67352    1.00000    1.00000
     1.00000    1.32727    5.46845    19.7866    1.00000    1.00000
     1.00000   -9.71951    5.36047   -13.6165    1.00000    1.00000
     1.00000    2.91140    5.35198    8.35920    1.00000    1.00000
     1.00000    12.8552   -21.3621   -3.92699    1.00000    1.00000
     1.00000    14.4138    7.33675    21.6816    1.00000    1.00000
     1.00000   -13.0616    2.81464   -17.1640    1.00000    1.00000
     1.00000   -6.29876    2.76650   -4.98994    1.00000    1.00000
     1.00000   -5.95677   -9.49770   -7.03334    1.00000    1.00000
     1.00000   -2.77411    5.13689    12.4965    1.00000    1.00000
     1.00000  -10.46217    5.70529   -9.70113    1.00000    1.00000
     1.00000    3.86101   0.792179    11.6899    1.00000    1.00000
     1.00000   -4.11784   -13.1917   -4.41598    1.00000    1.00000
     1.00000    16.3157    11.8257    18.5015    1.00000    1.00000
     1.00000   -10.6393   -3.31068   -12.7858    1.00000    1.00000
     1.00000   0.256382    8.89293    6.32297    1.00000    1.00000
     1.00000    2.01804   -3.66020   -14.9447    1.00000    1.00000
     1.00000    4.93620   -2.68931    28.9920    1.00000    1.00000
     1.00000   -5.57968    6.69865   -12.8450    1.00000    1.00000
     1.00000    4.85201    5.66212    8.73043    1.00000    1.00000
     1.00000    9.30157   -16.7600   -6.01992    1.00000    1.00000
     1.00000    6.62851    3.15578    21.0924    1.00000    1.00000
     1.00000   -14.8172   -1.28345   -20.5791    1.00000    1.00000
     1.00000   -5.15242  -0.642521   -5.09644    1.00000    1.00000
     1.00000   -4.05950  -10.09099   -7.25321    1.00000    1.00000
     1.00000   -3.34414    4.78690    14.6227    1.00000    1.00000
     1.00000   -12.8371    2.26398   -13.2132    1.00000    1.00000
     1.00000    6.35789   0.751354    3.12893    1.00000    1.00000
     1.00000    1.13993   -14.2861   -1.79709    1.00000    1.00000
     1.00000    12.0073    13.6396    20.7474    1.00000    1.00000
     1.00000   -2.37379   -2.07758   -15.0868    1.00000    1.00000
     1.00000   -3.52317    7.38152   -1.02661    1.00000    1.00000
     1.00000    1.75421   -8.08689   -11.9458    1.00000    1.00000
     1.00000    4.41530    2.81788    19.0857    1.00000    1.00000
     1.00000   -6.37103    3.22701   -13.9416    1.00000    1.00000
     1.00000    2.03276    2.69847    12.3923    1.00000    1.00000
     1.00000    14.7530   -20.6082   -5.17756    1.00000    1.00000
     1.00000    17.9805    9.81845    19.6358    1.00000    1.00000
     1.00000   -17.7373    2.90916   -19.8009    1.00000    1.00000
     1.00000   -2.67726    2.32470   -6.60279    1.00000    1.00000
     1.00000   -2.36128   -5.28732   -7.91703    1.00000    1.00000
     1.00000   -3.43908    7.04752    9.30346    1.00000    1.00000
     1.00000   -9.07742    4.31266   -9.32297    1.00000    1.00000
     1.00000    3.98111  -0.128410    5.16668    1.00000    1.00000
     1.00000   -2.49493   -12.4843   -3.48557    1.00000    1.00000
     1.00000    23.0856    10.8701    17.9862    1.00000    1.00000
     1.00000   -9.44783    1.61364   -12.4985    1.00000    1.00000
     1.00000   -5.14605    8.60990    8.40224    1.00000    1.00000
     1.00000   0.348381   -2.57610   -15.1370    1.00000    1.00000
     1.00000    2.91153   0.570732    23.3076    1.00000    1.00000
     1.00000   -5.70037    6.13231   -18.2648    1.00000    1.00000
     1.00000    10.9463    3.07634    7.26754    1.00000    1.00000
     1.00000    5.50941   -14.7795   -4.64860    1.00000    1.00000
     1.00000    12.2082    4.77806    22.2995    1.00000    1.00000
     1.00000  -10.42728  -0.405090   -16.9706    1.00000    1.00000
     1.00000   -2.13967  -0.701115   -1.97841    1.00000    1.00000
     1.00000   -5.54937   -10.7975   -12.6455    1.00000    1.00000
     1.00000  -0.904671    2.66836    17.9325    1.00000    1.00000
     1.00000   -17.1144    4.37891   -11.8881    1.00000    1.00000
     1.00000    9.08889   -2.18084    1.32273    1.00000    1.00000
     1.00000  -0.156898   -18.5110   -5.75605    1.00000    1.00000
     1.00000    16.7115    13.1640    21.1880    1.00000    1.00000
     1.00000   -7.97470   -1.11448   -13.4198    1.00000    1.00000
     1.00000   -6.74338    5.27584    4.42036    1.00000    1.00000
     1.00000   -2.59715   -6.72501  -10.52948    1.00000    1.00000
     1.00000   0.708565    2.83381    19.1030    1.00000    1.00000
     1.00000   -12.5622    6.80183   -15.5088    1.00000    1.00000
     1.00000    2.28185    6.56599    6.89980    1.00000    1.00000
     1.00000    9.34841   -20.8024   -5.65238    1.00000    1.00000
     1.00000    18.7862    7.51085    20.7964    1.00000    1.00000
     1.00000   -16.1317    3.81696   -15.4719    1.00000    1.00000
     1.00000   -3.92297    4.55437   -2.14164    1.00000    1.00000
     1.00000   -5.52602   -6.66721   -9.52258    1.00000    1.00000
     1.00000   -6.59245    5.43285    12.7934    1.00000    1.00000
     1.00000   -9.22408    6.55429   -11.0226    1.00000    1.00000
     1.00000    4.41028  -0.158577    13.3616    1.00000    1.00000
     1.00000   -4.00324   -11.4510   -5.39413    1.00000    1.00000
     1.00000    18.0522    12.5656    17.8405    1.00000    1.00000
     1.00000   -11.1011   -4.43304   -14.3754    1.00000    1.00000
     1.00000   0.318130    6.90912    6.73850    1.00000    1.00000
     1.00000    2.42128   -1.25656   -16.5671    1.00000    1.00000
     1.00000    4.98611   -1.73870    25.6872    1.00000    1.00000
     1.00000   -5.70280    4.51661   -15.9586    1.00000    1.00000
     1.00000    5.89485    3.12138    8.82687    1.00000    1.00000
     1.00000    11.0266   -17.8623   -2.45118    1.00000    1.00000
     1.00000    8.96226    3.86366    22.8995    1.00000    1.00000
     1.00000   -11.8690  -0.110458   -20.1934    1.00000    1.00000
     1.00000   -3.62549  -0.821827   -6.69845    1.00000    1.00000
     1.00000   -3.23331  -10.49653   -10.9084    1.00000    1.00000
     1.00000  -0.926262    5.54025    15.2693    1.00000    1.00000
     1.00000   -15.6972    2.95374   -12.9314    1.00000    1.00000
     1.00000    4.23111   0.315777    1.26246    1.00000    1.00000
     1.00000    2.04616   -15.9525   -2.43091    1.00000    1.00000
     1.00000    15.2598    12.2726    20.1402    1.00000    1.00000
     1.00000   -4.11176   -1.37626   -14.3885    1.00000    1.00000
     1.00000   -4.21175    5.51746   0.252415    1.00000    1.00000
     1.00000    1.36420   -6.99353  -10.31717    1.00000    1.00000
     1.00000    4.66445    4.79040    18.8687    1.00000    1.00000
     1.00000   -6.84260    3.96169   -12.1422    1.00000    1.00000
     1.00000    2.69941    2.02791    10.6299    1.00000    1.00000
     1.00000    11.4919   -21.8755   -8.44128    1.00000    1.00000
     1.00000    17.8135    6.21101    17.9889    1.00000    1.00000
     1.00000   -15.3570    1.43340   -17.6606    1.00000    1.00000
     1.00000   -2.51181    3.52931   -3.12035    1.00000    1.00000
     1.00000   -3.80087   -4.26562   -8.85709    1.00000    1.00000
     1.00000   -1.60562    9.00406    8.71657    1.00000    1.00000
     1.00000   -7.41169    2.70612   -6.65039    1.00000    1.00000
     1.00000    5.33068   0.634331    7.08303    1.00000    1.00000
     1.00000   -2.62032   -13.3820   -1.70277    1.00000    1.00000
     1.00000    20.9243    11.7506    18.4278    1.00000    1.00000
     1.00000   -10.8152  -0.731998   -15.0360    1.00000    1.00000
     1.00000   -2.72456    9.22978    6.07237    1.00000    1.00000
     1.00000  -0.327156   -4.44500   -14.9115    1.00000    1.00000
     1.00000    4.82159   0.929417    23.7798    1.00000    1.00000
     1.00000   -2.42157    7.44579   -17.2051    1.00000    1.00000
     1.00000   10.00835    4.72829    7.89304    1.00000    1.00000
     1.00000    7.52243   -17.5266   -6.51698    1.00000    1.00000
     1.00000    9.80189    5.64761    23.2350    1.00000    1.00000
     1.00000   -11.8774    1.82405   -18.4354    1.00000    1.00000
     1.00000   -3.59352   -1.23667  -0.713696    1.00000    1.00000
     1.00000   -4.05683   -9.48474   -12.4243    1.00000    1.00000
     1.00000   -1.72052    4.10556    16.8060    1.00000    1.00000
     1.00000   -19.4669    2.37151   -13.6868    1.00000    1.00000
     1.00000    5.71272  -0.973099    1.64143    1.00000    1.00000
     1.00000    2.04965   -16.4720   -4.64001    1.00000    1.00000
     1.00000    18.4911    14.1534    22.4241    1.00000    1.00000
     1.00000   -7.39680  -0.145996   -15.0715    1.00000    1.00000
     1.00000   -3.09035    7.97200    3.86505    1.00000    1.00000
     1.00000   0.136982   -5.42237  -10.15786    1.00000    1.00000
     1.00000    1.16695    4.57572    18.0041    1.00000    1.00000
     1.00000   -8.20349    5.41727   -12.3132    1.00000    1.00000
