     1.00000   -4.85164   -5.01353    5.44231    1.00000    1.00000
     1.00000    11.6048    9.43253    4.83669    1.00000    1.00000
     1.00000   -7.39300   -14.6933   -7.27489    1.00000    1.00000
     1.00000  -0.248016    21.7473   -12.7650    1.00000    1.00000
     1.00000   -8.59521   -28.3418    11.6739    1.00000    1.00000
     1.00000    2.44905  -0.762558    5.78979    1.00000    1.00000
     1.00000    16.5335   -7.31023    3.39588    1.00000    1.00000
     1.00000   -1.67520    17.9214   -8.92204    1.00000    1.00000
     1.00000   -8.56974   -13.4025    8.41841    1.00000    1.00000
     1.00000    9.39326    4.07552    2.91783    1.00000    1.00000
     1.00000   -5.15901   -9.43591   -6.49417    1.00000    1.00000
     1.00000   -11.2924    16.2601   -21.9990    1.00000    1.00000
     1.00000   -8.24096   -18.2422    8.94416    1.00000    1.00000
     1.00000  -0.746960    1.48942   -1.21151    1.00000    1.00000
     1.00000    1.88943   -7.88253    3.67855    1.00000    1.00000
     1.00000    5.52643    19.4444   -4.93167    1.00000    1.00000
     1.00000   -3.19107   -14.7450    6.98363    1.00000    1.00000
     1.00000    6.00189    13.5488    2.82492    1.00000    1.00000
     1.00000   -9.59883   -15.3631   -1.69907    1.00000    1.00000
     1.00000   -7.31227    23.7528   -11.8844    1.00000    1.00000
     1.00000   -4.08884   -22.7702    10.6218    1.00000    1.00000
     1.00000   -2.80249  -0.274689    7.56906    1.00000    1.00000
     1.00000    17.8618   -1.14105    1.12072    1.00000    1.00000
     1.00000    1.86506    19.0985   -12.5154    1.00000    1.00000
     1.00000   -7.32461   -15.6102    3.91093    1.00000    1.00000
     1.00000    13.8065    2.08393    2.38850    1.00000    1.00000
     1.00000   -1.56229   -8.90116   -3.00016    1.00000    1.00000
     1.00000   -4.42098    22.9607   -13.6245    1.00000    1.00000
     1.00000   -8.14863   -17.9282    5.15435    1.00000    1.00000
     1.00000    7.15363    3.03104    3.07092    1.00000    1.00000
     1.00000    4.95717   -5.30797    2.92495    1.00000    1.00000
     1.00000    8.22850    16.7370   0.597561    1.00000    1.00000
     1.00000   -5.53775   -8.13430    4.67266    1.00000    1.00000
     1.00000    8.29933    11.7630    5.04361    1.00000    1.00000
     1.00000  -10.01553   -16.6744   -5.53986    1.00000    1.00000
     1.00000   0.995037    27.5149   -18.3397    1.00000    1.00000
     1.00000  -10.46758   -24.6378    8.80045    1.00000    1.00000
     1.00000   -1.70078   -1.43075    1.79932    1.00000    1.00000
     1.00000    20.3390   -3.09455    6.85259    1.00000    1.00000
     1.00000   -4.06514    16.2672   -12.4559    1.00000    1.00000
     1.00000   -8.17409   -13.2683    6.46254    1.00000    1.00000
     1.00000    13.8920    3.87458    3.27519    1.00000    1.00000
     1.00000   -5.13837   -13.3267   -3.36701    1.00000    1.00000
     1.00000   -9.66183    19.4563   -16.5095    1.00000    1.00000
     1.00000   -11.8520   -15.7678    12.6976    1.00000    1.00000
     1.00000    9.26956    4.98279   -1.63170    1.00000    1.00000
     1.00000   0.599369   -6.35978    2.16448    1.00000    1.00000
     1.00000    1.80309    22.7486   -5.05283    1.00000    1.00000
     1.00000   -6.49119   -12.2089    6.67611    1.00000    1.00000
     1.00000    4.85648    23.3842    2.72216    1.00000    1.00000
     1.00000  -10.44277   -14.8296   0.170658    1.00000    1.00000
     1.00000   -3.36146    20.8150   -11.4080    1.00000    1.00000
     1.00000   -6.25328   -20.9128    10.7363    1.00000    1.00000
     1.00000  -0.336548   -1.20553    10.9266    1.00000    1.00000
     1.00000    14.8099   -7.31451    2.38149    1.00000    1.00000
     1.00000    5.02808    19.9839   -14.9960    1.00000    1.00000
     1.00000   -9.26442   -15.2099    3.63367    1.00000    1.00000
     1.00000    15.8603    4.08003  -0.176167    1.00000    1.00000
     1.00000   -2.08845   -6.31356  -0.272678    1.00000    1.00000
     1.00000   -8.81256    19.2824   -14.7072    1.00000    1.00000
     1.00000   -4.53948   -16.4703    4.79927    1.00000    1.00000
     1.00000    2.07898   -2.05077    2.66101    1.00000    1.00000
     1.00000    9.42423   -6.02719    4.24939    1.00000    1.00000
     1.00000    6.44402    17.3981   -5.55136    1.00000    1.00000
     1.00000   -5.89942   -4.05169    7.10151    1.00000    1.00000
     1.00000    10.9130    7.55608    4.81932    1.00000    1.00000
     1.00000   -7.31268   -13.9776   -4.50280    1.00000    1.00000
     1.00000   0.687344    23.5244   -16.0388    1.00000    1.00000
     1.00000   -7.23573   -27.4728   10.49212    1.00000    1.00000
     1.00000    2.73759   -2.27448    7.06683    1.00000    1.00000
     1.00000    19.8357   -5.87502    4.86127    1.00000    1.00000
     1.00000   -2.21093    19.7016  -10.07319    1.00000    1.00000
     1.00000   -9.69786   -13.6254    11.9979    1.00000    1.00000
     1.00000    10.8849    5.79409    3.87353    1.00000    1.00000
     1.00000   -3.67056   -8.59842   -5.45343    1.00000    1.00000
     1.00000  -10.14024    18.3127   -23.1163    1.00000    1.00000
     1.00000   -8.25190   -20.8977    10.6635    1.00000    1.00000
     1.00000    2.00503    2.95530    8.99124E-03    1.00000    1.00000
     1.00000   0.592190   -6.65047    4.57252    1.00000    1.00000
     1.00000    3.37624    20.6496   -7.72199    1.00000    1.00000
     1.00000   -3.56245   -12.7655   10.23746    1.00000    1.00000
     1.00000    6.41345    15.4156    2.23722    1.00000    1.00000
     1.00000   -11.5309   -16.5441   -3.07523    1.00000    1.00000
     1.00000   -6.63044    22.3480   -10.6347    1.00000    1.00000
     1.00000   -3.54673   -24.5381    9.43181    1.00000    1.00000
     1.00000   -1.78344    1.32445    9.24623    1.00000    1.00000
     1.00000    15.7358   -1.74068    1.24862    1.00000    1.00000
     1.00000    8.03452E-02    20.5320   -9.74477    1.00000    1.00000
     1.00000   -4.84468   -16.1033   0.998501    1.00000    1.00000
     1.00000    12.3480   0.536945    2.00525    1.00000    1.00000
     1.00000   -1.08452   -7.07021   -3.64772    1.00000    1.00000
     1.00000   -7.72598    21.2296   -14.9568    1.00000    1.00000
     1.00000   -9.53191   -19.5100    6.26358    1.00000    1.00000
     1.00000    4.11642    2.27834    1.21545    1.00000    1.00000
     1.00000    8.59048   -4.22292    4.02697    1.00000    1.00000
     1.00000    9.59510    18.1836   0.796890    1.00000    1.00000
     1.00000   -4.79068   -8.22946    2.81987    1.00000    1.00000
     1.00000    11.3800    12.9130    5.14491    1.00000    1.00000
     1.00000   -11.2608   -15.1147   -5.41006    1.00000    1.00000
     1.00000   -1.03045    24.5479   -16.0769    1.00000    1.00000
     1.00000   -8.48025   -24.4634    8.94227    1.00000    1.00000
     1.00000   0.552303    1.20019    3.55611    1.00000    1.00000
     1.00000    18.5015   -3.03173    6.06535    1.00000    1.00000
     1.00000   -2.17710    16.4684   -13.0842    1.00000    1.00000
     1.00000   -8.58700   -11.8903    2.68906    1.00000    1.00000
     1.00000    16.5012    5.84438    4.99362    1.00000    1.00000
     1.00000   -5.88296   -12.2964   -4.91105    1.00000    1.00000
     1.00000   -9.71620    19.0638   -18.4699    1.00000    1.00000
     1.00000  -10.41276   -18.8046    12.4451    1.00000    1.00000
     1.00000    5.35093    1.45371   -1.39314    1.00000    1.00000
     1.00000  -0.674255   -5.22006    3.98088    1.00000    1.00000
     1.00000    1.78094    20.4218   -3.17517    1.00000    1.00000
     1.00000   -4.97654   -10.7142    7.56221    1.00000    1.00000
     1.00000    5.88594    17.8768    3.08786    1.00000    1.00000
     1.00000   -13.9938   -13.4342    2.86872    1.00000    1.00000
     1.00000   -3.29118    24.4295   -12.1465    1.00000    1.00000
     1.00000   -6.94055   -22.4857    9.32144    1.00000    1.00000
     1.00000   0.495594   -3.05137    8.79055    1.00000    1.00000
     1.00000    13.4897   -6.29291    1.27987    1.00000    1.00000
     1.00000    1.02518    20.4348   -13.7437    1.00000    1.00000
     1.00000   -8.55223   -11.8183   0.499821    1.00000    1.00000
     1.00000    17.2556    2.18435    2.06451    1.00000    1.00000
     1.00000  -0.874592   -2.67585    3.12854    1.00000    1.00000
     1.00000   -4.78135    18.7665   -14.8110    1.00000    1.00000
     1.00000   -6.29660   -18.6749    9.12337    1.00000    1.00000
     1.00000    4.16880   0.866299    2.63085    1.00000    1.00000
     1.00000    12.0419   -4.93018    1.49570    1.00000    1.00000
     1.00000    7.18354    16.4729   -1.08718    1.00000    1.00000
     1.00000   -6.26305   -6.27453    4.79591    1.00000    1.00000
     1.00000    10.9780    9.96605    6.65944    1.00000    1.00000
     1.00000   -6.73528   -15.5520   -5.59262    1.00000    1.00000
     1.00000   -2.18653    21.2931   -12.9543    1.00000    1.00000
     1.00000   -9.68548   -29.9791    11.3122    1.00000    1.00000
     1.00000    1.50668  -0.487377    4.04732    1.00000    1.00000
     1.00000    15.3263   -6.46643    4.74887    1.00000    1.00000
     1.00000  -0.494320    18.7083  -10.33140    1.00000    1.00000
     1.00000   -8.92823   -14.9079    9.68546    1.00000    1.00000
     1.00000    8.29013    3.29049    1.44581    1.00000    1.00000
     1.00000   -6.80313   -8.34552   -6.16570    1.00000    1.00000
     1.00000  -10.20753    17.6631   -21.0745    1.00000    1.00000
     1.00000   -8.75517   -18.4767    10.8626    1.00000    1.00000
     1.00000    1.10090    1.24182  -0.487553    1.00000    1.00000
     1.00000    3.21705   -6.79752    2.64890    1.00000    1.00000
     1.00000    4.11036    20.5022   -5.86744    1.00000    1.00000
     1.00000   -2.79731   -13.7173    8.65362    1.00000    1.00000
     1.00000    7.94764    13.2276    3.15791    1.00000    1.00000
     1.00000   -11.4581   -15.8921   -1.18587    1.00000    1.00000
     1.00000   -7.59092    24.5582  -10.07501    1.00000    1.00000
     1.00000   -2.94419   -24.2553    11.3178    1.00000    1.00000
     1.00000   -3.77781    1.24511    6.70943    1.00000    1.00000
     1.00000    16.3386    9.28230E-02   0.724247    1.00000    1.00000
     1.00000    1.27915    20.6098   -11.3438    1.00000    1.00000
     1.00000   -5.99965   -16.3561    2.61163    1.00000    1.00000
     1.00000    14.8139    1.67100    4.06620    1.00000    1.00000
     1.00000   -1.54441   -7.98849   -1.22063    1.00000    1.00000
     1.00000   -6.36465    22.6575   -13.2636    1.00000    1.00000
     1.00000   -6.37326   -17.0320    5.36646    1.00000    1.00000
     1.00000    6.08472    2.25471    1.56934    1.00000    1.00000
     1.00000    4.86195   -6.72195    1.51371    1.00000    1.00000
     1.00000    7.37037    14.9311   0.549164    1.00000    1.00000
     1.00000   -7.29403   -9.08710    4.58530    1.00000    1.00000
     1.00000    8.35012    13.7624    5.04258    1.00000    1.00000
     1.00000   -8.85694   -16.0356   -7.03974    1.00000    1.00000
     1.00000    1.70693    25.6498   -18.4602    1.00000    1.00000
     1.00000   -9.86676   -26.4195    9.48190    1.00000    1.00000
     1.00000  -0.746197   0.224964    2.38871    1.00000    1.00000
     1.00000    22.3021   -3.27041    7.19185    1.00000    1.00000
     1.00000   -3.40742    17.6043   -11.1219    1.00000    1.00000
     1.00000   -9.03508   -11.6105    5.74812    1.00000    1.00000
     1.00000    12.7664    5.52756    3.25001    1.00000    1.00000
     1.00000   -3.60319   -12.1657   -2.82344    1.00000    1.00000
     1.00000   -9.71417    17.4570   -16.5261    1.00000    1.00000
     1.00000  -10.10440   -15.7223    13.6691    1.00000    1.00000
     1.00000    7.66816    3.79178   -1.76216    1.00000    1.00000
     1.00000    1.18149   -4.48686    1.77293    1.00000    1.00000
     1.00000    3.04827    21.8493   -3.77190    1.00000    1.00000
     1.00000   -5.29382   -12.5701    8.23684    1.00000    1.00000
     1.00000    4.81161    21.5626    3.54667    1.00000    1.00000
     1.00000  -10.56918   -14.8280    2.16665    1.00000    1.00000
     1.00000   -4.79758    20.9855  -10.02652    1.00000    1.00000
     1.00000   -7.10052   -20.5239    8.96682    1.00000    1.00000
     1.00000   -1.49742   0.421074    11.0075    1.00000    1.00000
     1.00000    13.3059   -6.63480    3.51104    1.00000    1.00000
     1.00000    3.72930    20.7007   -16.3374    1.00000    1.00000
     1.00000   -8.32043   -13.8630    2.49583    1.00000    1.00000
     1.00000    16.1811    3.84774    1.78422    1.00000    1.00000
     1.00000   -2.94166   -5.07577    1.04638    1.00000    1.00000
     1.00000   -6.90619    19.4364   -15.2920    1.00000    1.00000
     1.00000   -4.07483   -16.5230    6.74383    1.00000    1.00000
     1.00000    2.71345   -2.30222    4.54097    1.00000    1.00000
     1.00000    7.68713   -6.90952    4.70099    1.00000    1.00000
     1.00000    6.24285    18.0626   -3.67572    1.00000    1.00000
     1.00000   -4.45492   -5.41020    7.36202    1.00000    1.00000
     1.00000    12.8883    7.39198    5.08593    1.00000    1.00000
     1.00000   -7.01757   -12.8436   -2.88202    1.00000    1.00000
     1.00000   0.528572    22.1952   -14.5529    1.00000    1.00000
     1.00000   -7.47216   -26.1904    8.97570    1.00000    1.00000
     1.00000    1.19234   -1.31518    7.89867    1.00000    1.00000
     1.00000    18.0645   -6.16253    3.97794    1.00000    1.00000
     1.00000   -4.08915    19.0358   -9.90289    1.00000    1.00000
     1.00000   -10.7024   -14.3755   10.43967    1.00000    1.00000
     1.00000    9.97298    4.28672    4.82027    1.00000    1.00000
     1.00000   -2.44246   -9.86711   -4.51417    1.00000    1.00000
     1.00000   -8.72628    17.1470   -22.3153    1.00000    1.00000
     1.00000  -10.03145   -20.0161    10.9002    1.00000    1.00000
     1.00000    3.81552    2.55758  -0.741982    1.00000    1.00000
     1.00000    1.99383   -7.57068    5.66276    1.00000    1.00000
     1.00000    2.80412    22.2836   -6.72068    1.00000    1.00000
     1.00000   -5.38245   -13.5526    9.97660    1.00000    1.00000
     1.00000    7.60606    16.8711    2.91488    1.00000    1.00000
     1.00000   -13.4548   -16.8696   -2.63624    1.00000    1.00000
     1.00000   -4.98885    23.4842  -10.51505    1.00000    1.00000
     1.00000   -5.54051   -24.4223    9.53878    1.00000    1.00000
     1.00000   -3.09913    2.40162    8.19330    1.00000    1.00000
     1.00000    15.4408   -3.68459   0.882305    1.00000    1.00000
     1.00000    1.46708    20.7108   -8.31474    1.00000    1.00000
     1.00000   -2.98327   -16.3062    1.70134    1.00000    1.00000
     1.00000    14.1284   0.161247    2.83539    1.00000    1.00000
     1.00000  -0.187164   -6.04733   -5.11350    1.00000    1.00000
     1.00000   -5.75131    21.3870   -14.6813    1.00000    1.00000
     1.00000   -8.81262   -19.6588    4.40334    1.00000    1.00000
     1.00000    4.30453    4.21402   0.748802    1.00000    1.00000
     1.00000    6.68079   -4.46031    3.48225    1.00000    1.00000
     1.00000    7.86655    19.1247   0.441250    1.00000    1.00000
     1.00000   -6.25470   -8.19448    1.45773    1.00000    1.00000
     1.00000   10.08845    11.5986    5.92226    1.00000    1.00000
     1.00000   -11.4644   -14.5889   -3.49120    1.00000    1.00000
     1.00000   0.179108    25.7058   -17.1707    1.00000    1.00000
     1.00000   -8.55751   -23.0495   10.35469    1.00000    1.00000
     1.00000   -1.00346    1.55705    4.76120    1.00000    1.00000
     1.00000    18.0909   -4.23884    4.52448    1.00000    1.00000
     1.00000  -0.246265    16.5269   -13.6024    1.00000    1.00000
     1.00000   -9.25358   -10.5819    4.04690    1.00000    1.00000
     1.00000    14.7481    4.91172    4.75558    1.00000    1.00000
     1.00000   -5.20742  -10.42049   -4.75397    1.00000    1.00000
     1.00000   -9.73194    19.4933   -20.4232    1.00000    1.00000
     1.00000   -10.6761   -16.9926    11.6406    1.00000    1.00000
     1.00000    7.11697    1.92140   -2.20698    1.00000    1.00000
     1.00000  -0.842289   -4.98310    2.00209    1.00000    1.00000
     1.00000    3.56521    20.0242   -2.36383    1.00000    1.00000
     1.00000   -5.59679   -9.28671    6.30620    1.00000    1.00000
     1.00000    5.83644    19.8512    3.40297    1.00000    1.00000
     1.00000   -12.0774   -13.9407    3.13518    1.00000    1.00000
     1.00000   -3.19272    22.7720   -11.0315    1.00000    1.00000
     1.00000   -6.47694   -23.4473    11.0127    1.00000    1.00000
     1.00000  -0.515862   -1.33236    8.93873    1.00000    1.00000
     1.00000    14.7752   -5.05305    2.18010    1.00000    1.00000
     1.00000    2.62169    19.9547   -14.8486    1.00000    1.00000
     1.00000   -8.51671   -13.8180   0.505993    1.00000    1.00000
     1.00000    16.7394    2.20726    3.99660    1.00000    1.00000
     1.00000   -2.02962   -3.40839    1.66933    1.00000    1.00000
     1.00000   -6.30200    17.5314   -15.2137    1.00000    1.00000
     1.00000   -5.22279   -17.9057    7.62166    1.00000    1.00000
     1.00000    3.54155  -0.898853    1.93027    1.00000    1.00000
     1.00000    10.9572   -5.52290    3.06806    1.00000    1.00000
     1.00000    5.71772    16.5771   -2.44382    1.00000    1.00000
