   1    24.5640    164.570
   2    19.6873    154.015
   3    20.4969    149.470
   4    23.8751    156.925
   5    17.0440    157.746
   6    22.7277    160.671
   7    18.5030    148.316
   8    21.0025    160.002
   9    21.7857    156.627
   10    20.1778    154.930
   11    19.5409    151.358
   12    19.0996    157.832
   13    19.8837    157.047
   14    16.6796    151.025
   15    20.2904    157.786
   16    17.5673    144.384
   17    30.5089    167.635
   18    24.9640    153.246
   19    15.1797    146.249
   20    18.4218    156.957
   21    17.3797    144.368
   22    25.9551    164.814
   23    18.5608    152.204
   24    22.6535    157.262
   25    21.8433    151.183
