     1.00000   -5.85098    10.5819   -1.22541    1.00000    1.00000
     1.00000  -0.989483    3.37258    2.86313    1.00000    1.00000
     1.00000    1.85394    9.63595   -1.84797    1.00000    1.00000
     1.00000   0.626904   -13.0376    5.57822    1.00000    1.00000
     1.00000   -1.89686    4.90176   -3.49411    1.00000    1.00000
     1.00000    3.48481   -10.9113   -1.00122    1.00000    1.00000
     1.00000   -2.77434    6.25188   0.416969    1.00000    1.00000
     1.00000   0.690388   -12.9179   0.546492    1.00000    1.00000
     1.00000   -5.63697    8.67725    2.00815    1.00000    1.00000
     1.00000    1.04755  -0.420828  -0.265385    1.00000    1.00000
     1.00000    7.34470    8.47950   -4.51054    1.00000    1.00000
     1.00000   -1.66724   -8.15528    2.50403    1.00000    1.00000
     1.00000   -3.24408   10.12859   -5.35773    1.00000    1.00000
     1.00000    2.70354   -3.08592    1.76647    1.00000    1.00000
     1.00000   -1.74248    1.93780   -1.02940    1.00000    1.00000
     1.00000    6.60378   -11.8404  -0.199472    1.00000    1.00000
     1.00000   -5.11500    9.26039    8.30231E-02    1.00000    1.00000
     1.00000   -3.86530    1.59105    2.03638    1.00000    1.00000
     1.00000   -8.99353E-02    9.24627   -1.58432    1.00000    1.00000
     1.00000    1.41107   -11.0541    5.04504    1.00000    1.00000
     1.00000   -1.89523    7.26995   -3.40334    1.00000    1.00000
     1.00000    2.45825   -6.37512    1.03841    1.00000    1.00000
     1.00000  -0.324787    5.24306    2.61965    1.00000    1.00000
     1.00000   0.199123   -13.2887   -1.35644    1.00000    1.00000
     1.00000   -4.40301    7.41085   0.351868    1.00000    1.00000
     1.00000    1.04788    1.55239    6.08215E-02    1.00000    1.00000
     1.00000    6.48649    9.24097   -1.61767    1.00000    1.00000
     1.00000   0.804695  -10.18704    3.34783    1.00000    1.00000
     1.00000   -3.79846    7.79442   -3.72372    1.00000    1.00000
     1.00000    4.50853   -5.01491   -2.09955    1.00000    1.00000
     1.00000   -2.84907    2.82312   0.381865    1.00000    1.00000
     1.00000    3.45094   -13.9070  -0.944159    1.00000    1.00000
     1.00000   -6.16330    11.6285   -2.90085    1.00000    1.00000
     1.00000   -2.39875    2.04646    3.36847    1.00000    1.00000
     1.00000    3.21053    9.70463   -3.31594    1.00000    1.00000
     1.00000  -0.898758   -12.4164    4.44402    1.00000    1.00000
     1.00000  -0.212654    5.92288   -3.84164    1.00000    1.00000
     1.00000    3.11552  -10.09642   0.787500    1.00000    1.00000
     1.00000  -0.947044    6.49778    1.19190    1.00000    1.00000
     1.00000    1.79325   -11.9632  -0.821821    1.00000    1.00000
     1.00000   -4.22129    7.30421    2.34074    1.00000    1.00000
     1.00000    2.51258   -1.47781   0.592800    1.00000    1.00000
     1.00000    7.78021    9.77177   -3.04755    1.00000    1.00000
     1.00000  -0.906778   -9.99692    2.33062    1.00000    1.00000
     1.00000   -2.39567    9.21833   -3.79197    1.00000    1.00000
     1.00000    3.33827   -4.62105   0.652691    1.00000    1.00000
     1.00000  -0.843864    2.62929   -2.67692    1.00000    1.00000
     1.00000    5.14009   -13.2020  -0.138121    1.00000    1.00000
     1.00000   -7.07464    8.86528    2.22549E-02    1.00000    1.00000
     1.00000   -3.34393   0.286261    3.45965    1.00000    1.00000
     1.00000  -0.515388    7.85004  -0.217012    1.00000    1.00000
     1.00000    1.26574   -11.7086    6.92933    1.00000    1.00000
     1.00000   -3.14727    6.04783   -2.43440    1.00000    1.00000
     1.00000    2.27679   -8.35116    1.28811    1.00000    1.00000
     1.00000    1.25365    4.46686    3.57153    1.00000    1.00000
     1.00000    1.67454   -13.6014   -2.66997    1.00000    1.00000
     1.00000   -4.79066    6.53671   -1.40472    1.00000    1.00000
     1.00000   -7.55119E-02    2.75868    1.19346    1.00000    1.00000
     1.00000    4.64738    8.79403   -2.26414    1.00000    1.00000
     1.00000    1.14737   -11.4873    1.86734    1.00000    1.00000
     1.00000   -3.17659    8.29879   -1.89099    1.00000    1.00000
     1.00000    5.07989   -5.13333  -0.186562    1.00000    1.00000
     1.00000   -3.79946    4.56198   0.111444    1.00000    1.00000
     1.00000    2.09637   -14.3378   0.462816    1.00000    1.00000
