     1.00000   -8.48116   -1.59293   0.873154    1.00000    1.00000
     1.00000    10.8684  -0.907986    2.54456    1.00000    1.00000
     1.00000   0.766502    1.39935   -9.74584    1.00000    1.00000
     1.00000  -0.695286   -4.55997    4.83915    1.00000    1.00000
     1.00000   -5.11417    1.65463  -0.197701    1.00000    1.00000
     1.00000    4.66368    1.26461    6.73744    1.00000    1.00000
     1.00000    1.10314    2.24231   -4.11487    1.00000    1.00000
     1.00000  -0.515633   0.220650    4.96695    1.00000    1.00000
     1.00000   -9.30253    4.51346    4.19647    1.00000    1.00000
     1.00000    5.76154    5.90538   0.699518    1.00000    1.00000
     1.00000  -0.207947   -3.19897   -13.4297    1.00000    1.00000
     1.00000   -1.21834   -8.05213  -0.129780    1.00000    1.00000
     1.00000   -3.79734   0.570927   -3.35558    1.00000    1.00000
     1.00000    7.01805  -0.919468    5.07510    1.00000    1.00000
     1.00000    1.01818   -1.18427   -8.31741    1.00000    1.00000
     1.00000   -1.84962   -1.80348    5.07928    1.00000    1.00000
     1.00000   -7.27901    1.79488    1.50251    1.00000    1.00000
     1.00000   10.04836    1.05387    3.63044    1.00000    1.00000
     1.00000   -1.03372    1.36944   -11.5007    1.00000    1.00000
     1.00000  -0.570255   -5.46089    3.05794    1.00000    1.00000
     1.00000   -4.90595   0.329287    1.28557    1.00000    1.00000
     1.00000    3.60652    2.17406    3.26673    1.00000    1.00000
     1.00000    3.52200    1.62173   -1.15038    1.00000    1.00000
     1.00000   -2.91855   0.239986    2.35962    1.00000    1.00000
     1.00000   -8.24241   0.443169    3.71402    1.00000    1.00000
     1.00000    7.91464    1.91545    3.65570    1.00000    1.00000
     1.00000   0.174408    1.83851   -13.0240    1.00000    1.00000
     1.00000   -2.54947   -8.47091    2.21710    1.00000    1.00000
     1.00000  -0.705570    2.50735   -3.30345    1.00000    1.00000
     1.00000    7.14710  -0.524214    7.62909    1.00000    1.00000
     1.00000   0.233635   0.282204   -7.20657    1.00000    1.00000
     1.00000   0.931339  -0.332964    3.64466    1.00000    1.00000
     1.00000   -9.28735  -0.321423    2.18971    1.00000    1.00000
     1.00000    11.1112   0.982203    1.93777    1.00000    1.00000
     1.00000   -1.10975    2.08283   -9.63381    1.00000    1.00000
     1.00000   -1.34731   -3.32752    6.27300    1.00000    1.00000
     1.00000   -3.63728   0.885563   -1.30555    1.00000    1.00000
     1.00000    5.04211    3.22309    6.59208    1.00000    1.00000
     1.00000    2.40476    2.41654   -2.60642    1.00000    1.00000
     1.00000   -1.15014   0.746456    3.14461    1.00000    1.00000
     1.00000   -9.89441    2.75940    4.95340    1.00000    1.00000
     1.00000    5.85282    4.44583    2.06384    1.00000    1.00000
     1.00000  -0.591118   -1.60388   -14.5738    1.00000    1.00000
     1.00000   -2.33987   -6.87293    1.03282    1.00000    1.00000
     1.00000   -5.35222   0.274006   -2.13321    1.00000    1.00000
     1.00000    6.48586   0.669460    6.16693    1.00000    1.00000
     1.00000  -0.697773  -0.323437   -8.87819    1.00000    1.00000
     1.00000  -0.856213   -1.20832    3.44866    1.00000    1.00000
     1.00000   -7.11331  -0.142984    1.03643    1.00000    1.00000
     1.00000    8.53159   0.338873    4.72049    1.00000    1.00000
     1.00000  -0.119877  -0.262280   -10.7919    1.00000    1.00000
     1.00000  -0.679863   -4.73346    1.19815    1.00000    1.00000
     1.00000   -5.73481   -1.45269    1.65644    1.00000    1.00000
     1.00000    4.36934    1.09318    4.76666    1.00000    1.00000
     1.00000    2.19991    2.18164   0.241953    1.00000    1.00000
     1.00000   -3.17768    1.18733   0.617384    1.00000    1.00000
     1.00000   -8.80792    1.16832    5.49007    1.00000    1.00000
     1.00000    6.31634    2.59517    2.66402    1.00000    1.00000
     1.00000  -0.439518   0.359022   -14.2216    1.00000    1.00000
     1.00000   -1.59113   -7.15129    3.37477    1.00000    1.00000
     1.00000   -2.51352    1.93964   -2.66390    1.00000    1.00000
     1.00000    6.87001  -0.774414    9.59394    1.00000    1.00000
     1.00000   0.126293    1.00367   -5.34432    1.00000    1.00000
     1.00000    1.74069    1.48943    3.49024    1.00000    1.00000
