     1.00000   -4.25714    2.88046    5.80997    1.00000    1.00000
     1.00000    5.57802  -0.503172   -4.21352    1.00000    1.00000
     1.00000   -5.47157    5.82476    3.62016    1.00000    1.00000
     1.00000    1.91191   -3.60305    2.76051    1.00000    1.00000
     1.00000   0.109024   0.495499    2.50840    1.00000    1.00000
     1.00000    6.32129   -5.71517   -8.93381    1.00000    1.00000
     1.00000   -3.02576    4.13332   -2.23491    1.00000    1.00000
     1.00000    1.77440   0.908312   0.658319    1.00000    1.00000
     1.00000   -1.96481    5.40653    4.68363    1.00000    1.00000
     1.00000    3.77973   -4.69310   -5.90289    1.00000    1.00000
     1.00000   -5.79130   -1.99438    1.83958    1.00000    1.00000
     1.00000    2.01714   -4.21666    4.66114    1.00000    1.00000
     1.00000   0.570850  -0.683229    5.42492    1.00000    1.00000
     1.00000   0.852806   -5.96919   -7.36241    1.00000    1.00000
     1.00000   -6.42350    4.08515  -0.373859    1.00000    1.00000
     1.00000    1.39142    1.21672   -4.58121    1.00000    1.00000
     1.00000   -1.84238    2.49142    4.07420    1.00000    1.00000
     1.00000    8.35686    2.33326   -3.72671    1.00000    1.00000
     1.00000   -8.23998    3.48564    3.11826    1.00000    1.00000
     1.00000    3.22148  -0.638680    1.72855    1.00000    1.00000
     1.00000    2.45438    3.12646    2.31828    1.00000    1.00000
     1.00000    1.90830   -8.05585   -9.62943    1.00000    1.00000
     1.00000   -2.66014    2.26466   -2.84680    1.00000    1.00000
     1.00000    3.52569   -1.55954  -0.788329    1.00000    1.00000
     1.00000   -3.73469    6.65807    8.64169    1.00000    1.00000
     1.00000    4.18775  -0.712511   -2.47480    1.00000    1.00000
     1.00000   -7.53988   -1.03556    1.68754    1.00000    1.00000
     1.00000    2.29205   -6.29165    6.25432    1.00000    1.00000
     1.00000    1.16074    1.12740    4.81366    1.00000    1.00000
     1.00000    2.28420   -5.55778   -9.21315    1.00000    1.00000
     1.00000   -6.50537    3.22914    1.43184    1.00000    1.00000
     1.00000    2.10578  -0.439825   -3.61656    1.00000    1.00000
     1.00000   -5.50721    3.28412    4.30186    1.00000    1.00000
     1.00000    7.34710   0.369978   -4.54208    1.00000    1.00000
     1.00000   -6.85888    4.82826    2.57979    1.00000    1.00000
     1.00000    1.66868   -1.89909    1.74199    1.00000    1.00000
     1.00000  -0.833355    8.07247E-02    4.22301    1.00000    1.00000
     1.00000    5.22136   -7.34762   -9.28776    1.00000    1.00000
     1.00000   -3.08387    4.88398   -4.08778    1.00000    1.00000
     1.00000   0.874588    2.50095  -0.150282    1.00000    1.00000
     1.00000   -1.58052    5.82132    6.60204    1.00000    1.00000
     1.00000    3.01443   -3.49197   -4.49875    1.00000    1.00000
     1.00000   -5.32364   -2.96026    3.52730    1.00000    1.00000
     1.00000    3.11652   -2.83470    5.60005    1.00000    1.00000
     1.00000   0.228788  -0.117508    7.31250    1.00000    1.00000
     1.00000    2.84188   -5.76877   -7.30410    1.00000    1.00000
     1.00000   -4.64497    3.63669   -1.17117    1.00000    1.00000
     1.00000   0.142754  -0.194059   -3.91001    1.00000    1.00000
     1.00000   -2.43855    3.67747    5.57014    1.00000    1.00000
     1.00000    9.03679    1.19471   -5.22383    1.00000    1.00000
     1.00000   -6.99177    2.05958    3.75727    1.00000    1.00000
     1.00000    3.56946   -2.46603   0.993908    1.00000    1.00000
     1.00000    1.97353    1.20958    2.62544    1.00000    1.00000
     1.00000    3.37422   -7.25998   -8.52594    1.00000    1.00000
     1.00000   -1.58651    2.91411   -4.40422    1.00000    1.00000
     1.00000    2.29916   -6.42776E-04   -1.04416    1.00000    1.00000
     1.00000   -3.13164    7.07125    6.78008    1.00000    1.00000
     1.00000    4.17681   -1.92273   -4.06705    1.00000    1.00000
     1.00000   -7.59851   0.879646    2.26073    1.00000    1.00000
     1.00000    3.62290   -4.94864    5.60228    1.00000    1.00000
     1.00000  -0.427729    2.16312    5.44932    1.00000    1.00000
     1.00000    1.58368   -3.70382   -9.48164    1.00000    1.00000
     1.00000   -4.78336    2.31397   0.987803    1.00000    1.00000
     1.00000    2.35035   -1.97100   -2.35335    1.00000    1.00000
