     1.00000   0.169136    8.54906   0.513987    1.00000    1.00000
     1.00000    2.91775   -4.46864   0.611774    1.00000    1.00000
     1.00000    6.73348    1.42072  -0.575991    1.00000    1.00000
     1.00000  -0.211359   -5.50966    5.53289    1.00000    1.00000
     1.00000   -4.85186    4.62412   -7.82642    1.00000    1.00000
     1.00000  -0.589598   -14.8414    3.71959    1.00000    1.00000
     1.00000    5.21028   -1.43403   -2.57230    1.00000    1.00000
     1.00000   -1.61817    4.68547    5.11939    1.00000    1.00000
     1.00000   -3.61194    6.46553    2.75062    1.00000    1.00000
     1.00000   -1.17778   -5.92208    3.62726    1.00000    1.00000
     1.00000    4.92557    4.63669   -3.30228    1.00000    1.00000
     1.00000   -3.41584   0.623779    2.79933    1.00000    1.00000
     1.00000   -1.75857    5.64780   -3.15504    1.00000    1.00000
     1.00000   0.382124   -13.0952    3.79981    1.00000    1.00000
     1.00000   -4.70581E-02    5.36784   -4.15121    1.00000    1.00000
     1.00000   -2.42598    4.55965    1.02838    1.00000    1.00000
     1.00000   -3.33172    7.80408   -2.45304    1.00000    1.00000
     1.00000    3.80202   -5.26788    2.21779    1.00000    1.00000
     1.00000    7.88805    2.08694   -2.06701    1.00000    1.00000
     1.00000  -0.503214   -2.60676   0.615751    1.00000    1.00000
     1.00000   -4.03020    4.85332   -4.72234    1.00000    1.00000
     1.00000   -5.48086   -14.6473    3.15048    1.00000    1.00000
     1.00000    1.62608   -4.89807E-03   -1.51923    1.00000    1.00000
     1.00000   -3.82846    2.64007    4.50209    1.00000    1.00000
     1.00000  -0.201595    8.38603    2.56167    1.00000    1.00000
     1.00000    1.06328   -7.89544    2.16947    1.00000    1.00000
     1.00000    2.93741    2.32959   -1.89411    1.00000    1.00000
     1.00000  -0.233919  -0.202106  -0.811029    1.00000    1.00000
     1.00000   -2.21478    8.24026   -4.32324    1.00000    1.00000
     1.00000    1.56841   -9.29314    3.50785    1.00000    1.00000
     1.00000   0.998034    1.84421   -1.95090    1.00000    1.00000
     1.00000   -2.38153    2.57465   0.787930    1.00000    1.00000
     1.00000   -1.51753    7.48257   0.647274    1.00000    1.00000
     1.00000    1.07744   -3.77544   0.247454    1.00000    1.00000
     1.00000    5.94796    1.48353   -2.41420    1.00000    1.00000
     1.00000   0.330210   -4.30766    4.02893    1.00000    1.00000
     1.00000   -5.02915    6.19330   -6.59913    1.00000    1.00000
     1.00000   -1.94177   -14.5970    2.26637    1.00000    1.00000
     1.00000    5.32291    3.46184E-02   -3.92522    1.00000    1.00000
     1.00000   -3.58502    4.42474    5.37139    1.00000    1.00000
     1.00000   -1.71439    7.07826    2.59606    1.00000    1.00000
     1.00000  -0.876986   -7.46151    2.38642    1.00000    1.00000
     1.00000    6.41765    3.35653   -2.93499    1.00000    1.00000
     1.00000   -3.27391  -0.792137    1.39397    1.00000    1.00000
     1.00000   -3.29328    6.58084   -4.03487    1.00000    1.00000
     1.00000  -0.210487   -11.8841    2.32265    1.00000    1.00000
     1.00000   0.380739    3.56488   -4.90375    1.00000    1.00000
     1.00000   -4.38614    4.29589    1.32537    1.00000    1.00000
     1.00000   -1.96859    8.35256   -1.09619    1.00000    1.00000
     1.00000    2.47576   -6.41280    1.25332    1.00000    1.00000
     1.00000    9.80588    1.85691   -2.58569    1.00000    1.00000
     1.00000    3.46470E-02   -3.82010    2.11192    1.00000    1.00000
     1.00000   -4.38730    3.55508   -6.20121    1.00000    1.00000
     1.00000   -3.85702   -14.0311    2.15879    1.00000    1.00000
     1.00000    3.42595  -0.715508   -2.02469    1.00000    1.00000
     1.00000   -2.95718    2.56811    2.70328    1.00000    1.00000
     1.00000  -0.813335   10.25002    2.95065    1.00000    1.00000
     1.00000    2.38147   -8.34165   0.733061    1.00000    1.00000
     1.00000    3.95977    2.89846   -3.51621    1.00000    1.00000
     1.00000   -1.40246  -0.821827   0.689123    1.00000    1.00000
     1.00000  -0.398319    8.37923   -3.49793    1.00000    1.00000
     1.00000    1.07213   -11.2203    3.70738    1.00000    1.00000
     1.00000    1.37536    2.15670   -3.88997    1.00000    1.00000
     1.00000  -0.702253    1.51773    1.03888    1.00000    1.00000
