     1.00000    5.96919   -2.02549    1.73185    1.00000    1.00000
     1.00000    1.65160    9.81295   -6.17299    1.00000    1.00000
     1.00000   -4.86306   -9.36500    12.2576    1.00000    1.00000
     1.00000   0.897188    2.28441  -10.22863    1.00000    1.00000
     1.00000  -0.948832   -4.64849    2.29600    1.00000    1.00000
     1.00000   0.535238    3.98103   -2.88143    1.00000    1.00000
     1.00000   0.174534   -3.59630    10.9121    1.00000    1.00000
     1.00000  -0.395756  -0.911894   -1.18854    1.00000    1.00000
     1.00000    8.25973   -6.45084    4.12354    1.00000    1.00000
     1.00000   0.964392    11.5378   -5.42953    1.00000    1.00000
     1.00000   -1.90905   -5.97186    6.68173    1.00000    1.00000
     1.00000   0.384613    1.16504   -4.33985    1.00000    1.00000
     1.00000   -1.76191   -7.13209   -1.82842    1.00000    1.00000
     1.00000   -1.80972    8.62000   -2.22879    1.00000    1.00000
     1.00000   0.148861  -0.451200    7.37609    1.00000    1.00000
     1.00000   -6.16128    1.15548   -4.18505    1.00000    1.00000
     1.00000    1.53321   -2.79054  -0.669659    1.00000    1.00000
     1.00000  -0.683649    8.63476  -10.31022    1.00000    1.00000
     1.00000   -2.76693   -8.89345    8.55549    1.00000    1.00000
     1.00000  -0.533730    4.18499   -6.52498    1.00000    1.00000
     1.00000   0.603327   -2.06993    1.65702    1.00000    1.00000
     1.00000    1.21915    5.14575   -6.45914    1.00000    1.00000
     1.00000  -0.716770   -5.47963    8.21018    1.00000    1.00000
     1.00000   -2.35954  -0.487528   -2.95717    1.00000    1.00000
     1.00000    6.74038   -5.17550    3.86835    1.00000    1.00000
     1.00000    1.16475    11.1582   -3.47613    1.00000    1.00000
     1.00000   0.158714   -4.47094    3.95186    1.00000    1.00000
     1.00000   -1.56815    1.95924   -6.17635    1.00000    1.00000
     1.00000    7.79839E-02   -4.09048   -2.49130    1.00000    1.00000
     1.00000  -0.640104    5.28366   -1.92137    1.00000    1.00000
     1.00000   -1.26232  -0.589617    9.04008    1.00000    1.00000
     1.00000   -4.20121   0.618521   -2.34010    1.00000    1.00000
     1.00000    4.35789   -3.08684    1.20533    1.00000    1.00000
     1.00000   0.216011    9.02887   -7.32377    1.00000    1.00000
     1.00000   -4.44137   -9.18229   10.31110    1.00000    1.00000
     1.00000    1.37522    1.55145   -8.43023    1.00000    1.00000
     1.00000   -1.17445   -4.32919   0.334589    1.00000    1.00000
     1.00000   0.504274    5.00989   -4.59621    1.00000    1.00000
     1.00000    1.40419E-02   -1.74347    11.6478    1.00000    1.00000
     1.00000   -3.49541E-02  -0.216581   0.651670    1.00000    1.00000
     1.00000    9.67622   -6.65588    5.52049    1.00000    1.00000
     1.00000    1.64300    11.6565   -7.30713    1.00000    1.00000
     1.00000   -3.10669   -7.04538    7.87052    1.00000    1.00000
     1.00000  -0.292042    2.93353   -4.98373    1.00000    1.00000
     1.00000   -1.12509   -5.27973   -1.42440    1.00000    1.00000
     1.00000   -1.41505    10.5793   -2.15444    1.00000    1.00000
     1.00000    1.85033  -0.688244    8.40021    1.00000    1.00000
     1.00000   -5.90617  -0.789961   -4.57259    1.00000    1.00000
     1.00000    2.67191   -2.08423   0.815100    1.00000    1.00000
     1.00000  -0.109526    7.60778   -8.69291    1.00000    1.00000
     1.00000   -4.10098  -10.37206    8.73992    1.00000    1.00000
     1.00000   0.337234    2.44046   -6.97001    1.00000    1.00000
     1.00000  -0.348108   -2.54609   -3.65086E-02    1.00000    1.00000
     1.00000    2.11048    3.91789   -7.76216    1.00000    1.00000
     1.00000   -1.21146   -4.70004    9.98430    1.00000    1.00000
     1.00000  -0.518705   0.276751   -2.79229    1.00000    1.00000
     1.00000    6.81298   -3.46489    2.83465    1.00000    1.00000
     1.00000   0.484398    9.96769   -2.02018    1.00000    1.00000
     1.00000  -0.380680   -5.03722    5.79261    1.00000    1.00000
     1.00000   -2.69959    1.04819   -4.80164    1.00000    1.00000
     1.00000    2.05311   -4.39021   -2.39630    1.00000    1.00000
     1.00000   -1.43365    6.79706   -2.96054    1.00000    1.00000
     1.00000   0.499191   -1.15738    9.79819    1.00000    1.00000
     1.00000   -4.20859  -0.986376   -3.53352    1.00000    1.00000
