     1.00000   -5.13046    5.94917    2.96768    1.00000    1.00000
     1.00000    4.13589   -5.03390   -4.13180    1.00000    1.00000
     1.00000    3.18838    1.08711    3.94449    1.00000    1.00000
     1.00000   0.886604   -6.41725   -4.02505    1.00000    1.00000
     1.00000   -3.48466    7.90325    1.81441    1.00000    1.00000
     1.00000    1.37364  -0.213221   -1.49241    1.00000    1.00000
     1.00000   -1.20057   0.446003    3.68936    1.00000    1.00000
     1.00000    7.97586   -6.96796   -3.36388    1.00000    1.00000
     1.00000   -5.17722    2.12302   0.238991    1.00000    1.00000
     1.00000    4.36767  -0.881845   0.756861    1.00000    1.00000
     1.00000    1.20519   -2.77635    6.42619    1.00000    1.00000
     1.00000   -2.87007   -3.41586   -5.46813    1.00000    1.00000
     1.00000   -4.87827    11.2228    6.88953    1.00000    1.00000
     1.00000   -1.22346    4.35142   -5.66383    1.00000    1.00000
     1.00000   -3.48910    1.43722  -0.585569    1.00000    1.00000
     1.00000    2.98925   -7.85565   -6.22443    1.00000    1.00000
     1.00000   -2.21609    6.71402    5.11027    1.00000    1.00000
     1.00000    5.52104   -1.43433   -3.30141    1.00000    1.00000
     1.00000   0.621517   -1.06953    2.36641    1.00000    1.00000
     1.00000    4.19302   -6.98382   -2.24799    1.00000    1.00000
     1.00000   -3.95469   10.02108    4.97603    1.00000    1.00000
     1.00000    2.63947  -0.160095    5.51205E-02    1.00000    1.00000
     1.00000   -2.97943    1.24664    1.83156    1.00000    1.00000
     1.00000    5.25053   -8.02244   -3.59074    1.00000    1.00000
     1.00000   -5.00924    3.87812    1.18314    1.00000    1.00000
     1.00000    5.82133   -2.32521    9.00135E-02    1.00000    1.00000
     1.00000   0.439430  -0.919155    6.79873    1.00000    1.00000
     1.00000   -4.63257   -2.50049   -5.23214    1.00000    1.00000
     1.00000   -1.06335    8.81101    5.21634    1.00000    1.00000
     1.00000  -0.657740    1.83133  -0.819288    1.00000    1.00000
     1.00000   -4.30970   -3.27807    9.22737E-02    1.00000    1.00000
     1.00000    1.65653   -4.62695   -4.70487    1.00000    1.00000
     1.00000   -6.46185    5.14870    1.70807    1.00000    1.00000
     1.00000    4.88248   -3.18088   -4.03748    1.00000    1.00000
     1.00000    1.76179  -0.309351    3.82309    1.00000    1.00000
     1.00000   -1.10819   -6.42697   -4.16897    1.00000    1.00000
     1.00000   -2.81857    9.30357    3.07751    1.00000    1.00000
     1.00000  -0.613165   -9.98688E-03   -1.59876    1.00000    1.00000
     1.00000  -0.755285   0.287552    1.74601    1.00000    1.00000
     1.00000    9.36739   -8.15253   -4.17655    1.00000    1.00000
     1.00000   -6.53048   0.964573    1.14821    1.00000    1.00000
     1.00000    3.91331   -2.80512   0.449316    1.00000    1.00000
     1.00000   0.390282   -2.50742    4.61964    1.00000    1.00000
     1.00000   -1.62264   -4.97905   -5.44914    1.00000    1.00000
     1.00000   -2.95341    10.8466    6.49784    1.00000    1.00000
     1.00000   -1.51817    4.12952   -3.69815    1.00000    1.00000
     1.00000   -3.30349  -0.400934   -1.35156    1.00000    1.00000
     1.00000    3.60504   -8.68723   -4.51292    1.00000    1.00000
     1.00000   -3.88190    7.06556    4.06075    1.00000    1.00000
     1.00000    5.58266   -2.79706   -1.83882    1.00000    1.00000
     1.00000   0.699551  -0.366886   0.495522    1.00000    1.00000
     1.00000    2.32305   -6.38849   -2.63372    1.00000    1.00000
     1.00000   -4.69868    8.82104    3.55956    1.00000    1.00000
     1.00000    2.71694   0.872662    1.76609    1.00000    1.00000
     1.00000   -2.14456   0.256369   0.307629    1.00000    1.00000
     1.00000    6.67813   -7.93942   -2.19250    1.00000    1.00000
     1.00000   -3.32231    4.05967    2.24206    1.00000    1.00000
     1.00000    7.53566   -1.57602  -0.616953    1.00000    1.00000
     1.00000    7.31888E-02  -0.548378    4.86783    1.00000    1.00000
     1.00000   -4.23463   -1.45060   -3.57703    1.00000    1.00000
     1.00000   -1.71019    10.6832    4.93973    1.00000    1.00000
     1.00000   -1.44683    2.50966   -2.52727    1.00000    1.00000
     1.00000   -3.24535   -2.40008   -1.35559    1.00000    1.00000
     1.00000    2.85120   -6.16220   -5.16936    1.00000    1.00000
