     1.00000    7.77413    6.25657    4.72777    1.00000    1.00000
     1.00000   -4.58358   -3.52841   -1.00004    1.00000    1.00000
     1.00000    3.16046    9.51728    8.06788    1.00000    1.00000
     1.00000    1.41283   0.980595   -7.38662    1.00000    1.00000
     1.00000    3.05017    5.73434  -0.856274    1.00000    1.00000
     1.00000   0.457043   -1.33224    2.96067    1.00000    1.00000
     1.00000  -0.742374  -0.385550    4.89035    1.00000    1.00000
     1.00000   -2.56696   -7.08118   -9.80625    1.00000    1.00000
     1.00000    1.15131    3.98955    2.28779    1.00000    1.00000
     1.00000   -4.17207   -10.8550   -6.38260    1.00000    1.00000
     1.00000    1.71000    7.02221    8.23742    1.00000    1.00000
     1.00000   -4.51093   -3.37739   -7.56304    1.00000    1.00000
     1.00000    6.38573    5.92859    1.34028    1.00000    1.00000
     1.00000   -3.47071   -4.02337    4.17886    1.00000    1.00000
     1.00000   -1.66108    3.42688    5.49422    1.00000    1.00000
     1.00000   -1.91965   -9.82769   -7.72031    1.00000    1.00000
     1.00000    4.29735    4.95012    4.49554    1.00000    1.00000
     1.00000   -3.15795   -4.45168   -2.05605    1.00000    1.00000
     1.00000    2.38751    6.99598    5.56709    1.00000    1.00000
     1.00000   0.272034   -1.42999   -8.11242    1.00000    1.00000
     1.00000    4.80072    4.93360  -0.313683    1.00000    1.00000
     1.00000  -0.354746   -1.22607    1.13592    1.00000    1.00000
     1.00000   0.325855    2.77089    6.25073    1.00000    1.00000
     1.00000   -2.61561   -6.67236   -7.84909    1.00000    1.00000
     1.00000    1.09333    1.01591    2.58848    1.00000    1.00000
     1.00000   -4.87332   -6.76865   -3.43811    1.00000    1.00000
     1.00000   0.445923    5.48502    8.86558    1.00000    1.00000
     1.00000   -1.62815   -1.64590   -7.52702    1.00000    1.00000
     1.00000    6.77851    4.86067  -0.601789    1.00000    1.00000
     1.00000   -1.77915   -2.29111    2.05067    1.00000    1.00000
     1.00000    1.11084E-02    4.50890    5.31252    1.00000    1.00000
     1.00000   -4.87171   -9.57534   -11.1996    1.00000    1.00000
     1.00000    6.36313    7.56568    5.27120    1.00000    1.00000
     1.00000   -4.83378   -3.43073   0.981844    1.00000    1.00000
     1.00000    3.27760    7.71581    7.20709    1.00000    1.00000
     1.00000  -0.343752   0.108969   -6.99331    1.00000    1.00000
     1.00000    1.53505    4.42955  -0.812120    1.00000    1.00000
     1.00000    1.93420   -1.70564    4.25627    1.00000    1.00000
     1.00000    1.17309   0.111494    4.60063    1.00000    1.00000
     1.00000   -1.30062   -8.28879   -8.83772    1.00000    1.00000
     1.00000    2.79214    4.66636    3.20953    1.00000    1.00000
     1.00000   -5.69898   -9.70561   -5.79318    1.00000    1.00000
     1.00000   -1.10474E-02    7.40639    9.18103    1.00000    1.00000
     1.00000   -4.01486   -5.25583   -8.03776    1.00000    1.00000
     1.00000    5.01263    5.66633    2.77060    1.00000    1.00000
     1.00000   -4.23673   -2.59317    5.34837    1.00000    1.00000
     1.00000   -3.23216    3.03574    6.66841    1.00000    1.00000
     1.00000   -3.58647   -10.7729   -8.29320    1.00000    1.00000
     1.00000    6.17034    5.14608    5.16898    1.00000    1.00000
     1.00000   -4.82743   -5.53605   -1.86375    1.00000    1.00000
     1.00000    3.00562    7.99616    3.94919    1.00000    1.00000
     1.00000    9.87911E-02   -3.40966   -7.88677    1.00000    1.00000
     1.00000    3.97867    4.19347   -1.97995    1.00000    1.00000
     1.00000   0.449144   -2.53706  -0.142782    1.00000    1.00000
     1.00000    1.16999   0.964722    6.40949    1.00000    1.00000
     1.00000   -1.99557   -5.09120   -6.79292    1.00000    1.00000
     1.00000   0.937977    2.37389    1.12842    1.00000    1.00000
     1.00000   -5.04059   -7.98349   -5.01804    1.00000    1.00000
     1.00000    2.39541    5.04196    8.92210    1.00000    1.00000
     1.00000   -3.31576   -2.12209   -6.56515    1.00000    1.00000
     1.00000    6.18608    6.76601  -0.464960    1.00000    1.00000
     1.00000   -3.28305   -3.59674    2.23392    1.00000    1.00000
     1.00000    1.84016    5.19673    4.88656    1.00000    1.00000
     1.00000   -5.20506  -10.26143   -9.35081    1.00000    1.00000
