     1.00000   -1.50757    8.32129   -11.0593    1.00000    1.00000
     1.00000   -1.25080   -2.18157  -0.825108    1.00000    1.00000
     1.00000    1.77165   -5.38813   -2.57899    1.00000    1.00000
     1.00000   -2.41785   -2.24107    11.4044    1.00000    1.00000
     1.00000    3.06550    2.64500   -7.59579    1.00000    1.00000
     1.00000   0.192259   -4.96596   0.781605    1.00000    1.00000
     1.00000    1.75066    1.77672   -2.88790    1.00000    1.00000
     1.00000   -1.98660    1.45307    11.0554    1.00000    1.00000
     1.00000  -0.322411   10.28202   -8.10506    1.00000    1.00000
     1.00000    1.82693   -4.59930  -0.741985    1.00000    1.00000
     1.00000   0.951397   -2.19326   -5.43890    1.00000    1.00000
     1.00000   -4.38116   -3.09209    13.8880    1.00000    1.00000
     1.00000    6.05176    4.65660   -2.69390    1.00000    1.00000
     1.00000    2.33975   -2.25196    4.53797    1.00000    1.00000
     1.00000   -1.48154   0.129505   -5.80500    1.00000    1.00000
     1.00000   -2.14578   -5.52469    9.14893    1.00000    1.00000
     1.00000    2.13786    7.62342  -10.01505    1.00000    1.00000
     1.00000   -3.05929   -1.84760   -3.90968E-02    1.00000    1.00000
     1.00000    1.28321   -3.13628   -2.79497    1.00000    1.00000
     1.00000   -2.49338   -2.71428    13.3462    1.00000    1.00000
     1.00000    2.16254    2.46336   -9.37108    1.00000    1.00000
     1.00000   -2.07781   -1.66699    4.96610    1.00000    1.00000
     1.00000    2.35769  -0.421980   -3.05788    1.00000    1.00000
     1.00000  -0.505398  -0.366684    8.10769    1.00000    1.00000
     1.00000  -0.347002    4.91854   -7.54487    1.00000    1.00000
     1.00000   0.813076   -1.66102   -1.24915    1.00000    1.00000
     1.00000    2.69918   0.786818   -6.95318    1.00000    1.00000
     1.00000   -5.61212   -2.68533    9.47090    1.00000    1.00000
     1.00000    2.18987    4.78032   -4.99508    1.00000    1.00000
     1.00000    2.82244   -5.39264    2.40679    1.00000    1.00000
     1.00000   -1.00542    3.00651   -4.44285    1.00000    1.00000
     1.00000   -2.77258   -2.18013    6.76998    1.00000    1.00000
     1.00000   -1.54378    9.63242   -9.54945    1.00000    1.00000
     1.00000    3.41721E-02   -3.71315  -0.769360    1.00000    1.00000
     1.00000   -6.70319E-02   -4.60366   -2.64122    1.00000    1.00000
     1.00000   -2.35704   -3.83500   10.19790    1.00000    1.00000
     1.00000    2.04437    4.22204   -6.91006    1.00000    1.00000
     1.00000   -4.69208E-03   -3.42852    2.04552    1.00000    1.00000
     1.00000    3.38818   0.975506   -2.06535    1.00000    1.00000
     1.00000  -0.997139    7.58286E-02    9.99511    1.00000    1.00000
     1.00000  -0.397648    8.45161   -7.30261    1.00000    1.00000
     1.00000    2.11345   -3.51065   0.911114    1.00000    1.00000
     1.00000    1.52677  -0.824047   -6.77838    1.00000    1.00000
     1.00000   -5.39533   -1.66587    12.9198    1.00000    1.00000
     1.00000    4.30732    5.46127   -2.13763    1.00000    1.00000
     1.00000    1.64034   -3.54034    3.17749    1.00000    1.00000
     1.00000  -0.889221   -1.58018   -4.95287    1.00000    1.00000
     1.00000   -2.62522   -4.06649    7.86682    1.00000    1.00000
     1.00000   0.149221    7.57627  -10.22263    1.00000    1.00000
     1.00000   -2.22538  -0.579941    1.26384    1.00000    1.00000
     1.00000    2.52103   -2.54534   -4.25051    1.00000    1.00000
     1.00000  -0.942841   -1.47243    13.5778    1.00000    1.00000
     1.00000   0.805054    3.77805   -8.71622    1.00000    1.00000
     1.00000  -0.964912   -2.60669    3.59554    1.00000    1.00000
     1.00000   0.767235  -0.159397   -4.24173    1.00000    1.00000
     1.00000   -2.44975  -0.408998    7.64110    1.00000    1.00000
     1.00000   -1.22850    6.69761   -7.78546    1.00000    1.00000
     1.00000   0.982094   -1.87108   0.732594    1.00000    1.00000
     1.00000    4.65979   0.797829   -7.34803    1.00000    1.00000
     1.00000   -6.21584   -2.63884    11.3770    1.00000    1.00000
     1.00000    2.98459    4.40144   -3.19929    1.00000    1.00000
     1.00000    3.17048   -4.41923    4.11891    1.00000    1.00000
     1.00000  -0.832962    1.03640   -4.14462    1.00000    1.00000
     1.00000   -3.00566   -3.96866    5.90577    1.00000    1.00000
