     1.00000    3.33528    1.53949   -3.64691    1.00000    1.00000
     1.00000   -2.58423  -0.893202    3.84761    1.00000    1.00000
     1.00000   -3.24613   -3.86992   -1.06655    1.00000    1.00000
     1.00000  -0.796333    4.42650    3.86365    1.00000    1.00000
     1.00000   -1.91940   -2.10254   -8.70754    1.00000    1.00000
     1.00000    3.91515   -4.98945    5.18883    1.00000    1.00000
     1.00000   0.603861   -5.48913   -2.62576    1.00000    1.00000
     1.00000    1.97102    1.92948    5.94617    1.00000    1.00000
     1.00000    1.99326    3.01336   -3.48355    1.00000    1.00000
     1.00000  -0.733400   -1.03556    11.1770    1.00000    1.00000
     1.00000   -3.15586   0.237812  -0.921400    1.00000    1.00000
     1.00000  -0.679121    5.96189    2.46336    1.00000    1.00000
     1.00000    2.59534    2.38148  -10.57362    1.00000    1.00000
     1.00000   -3.15606  -0.673922    1.94369    1.00000    1.00000
     1.00000    3.27498  -0.628244   -3.83077    1.00000    1.00000
     1.00000   -1.41728    1.55931    4.02219    1.00000    1.00000
     1.00000   0.196867    1.57051   -4.97586    1.00000    1.00000
     1.00000   -3.53691  -0.554522    5.57321    1.00000    1.00000
     1.00000   -1.64954   -4.91886  -0.474421    1.00000    1.00000
     1.00000   -2.89128    4.65282    4.43092    1.00000    1.00000
     1.00000  -0.342943  -0.481096   -8.25527    1.00000    1.00000
     1.00000    1.22166   -4.94357    4.22618    1.00000    1.00000
     1.00000    1.40234   -4.18396  -0.716970    1.00000    1.00000
     1.00000  -0.299675    1.30203    8.10099    1.00000    1.00000
     1.00000    3.19521    6.60893   -4.36701    1.00000    1.00000
     1.00000   0.212254   -2.77053    7.43138    1.00000    1.00000
     1.00000   -1.68952   -4.00548   -3.88532    1.00000    1.00000
     1.00000   -3.80045    7.53569    1.71402    1.00000    1.00000
     1.00000    2.42416   0.914217   -8.37694    1.00000    1.00000
     1.00000    7.10011E-02   -2.70419    1.77119    1.00000    1.00000
     1.00000    2.97386   -2.58335   -3.53599    1.00000    1.00000
     1.00000   -9.66606E-02    1.53670   0.810255    1.00000    1.00000
     1.00000    1.89775   0.571655   -4.64531    1.00000    1.00000
     1.00000   -2.45422   -2.88808    3.90718    1.00000    1.00000
     1.00000   -3.85813   -2.06729  -0.453362    1.00000    1.00000
     1.00000   0.286810    5.05965    5.42118    1.00000    1.00000
     1.00000  -0.177423   -1.88853   -9.66656    1.00000    1.00000
     1.00000    3.21545   -4.56038    3.36501    1.00000    1.00000
     1.00000    1.61962   -3.76663   -2.66084    1.00000    1.00000
     1.00000   0.128515    2.07465    5.18191    1.00000    1.00000
     1.00000   0.411282    3.93431   -4.28928    1.00000    1.00000
     1.00000   0.398308   -1.79510    9.71333    1.00000    1.00000
     1.00000   -2.20168   -1.45559   -1.39252    1.00000    1.00000
     1.00000   0.755182    6.18919    3.83853    1.00000    1.00000
     1.00000    2.24512    3.83638   -11.9005    1.00000    1.00000
     1.00000   -4.16501   0.591558   0.768713    1.00000    1.00000
     1.00000    5.23367  -0.442957   -3.47133    1.00000    1.00000
     1.00000   -1.27877   0.730160    2.20744    1.00000    1.00000
     1.00000    3.09887E-02   0.891874   -6.84988    1.00000    1.00000
     1.00000   -2.06709  -0.622911    6.92782    1.00000    1.00000
     1.00000   -2.79267   -5.20695    1.14121    1.00000    1.00000
     1.00000   -1.72154    3.19203    5.13648    1.00000    1.00000
     1.00000   0.673122   0.855919   -9.34155    1.00000    1.00000
     1.00000    1.53394   -3.73635    2.66250    1.00000    1.00000
     1.00000    9.24473E-02   -5.08916   0.493307    1.00000    1.00000
     1.00000  -0.245199   0.452868    6.29103    1.00000    1.00000
     1.00000    2.92241    4.63507   -4.19538    1.00000    1.00000
     1.00000   -1.07833   -1.57483    8.38253    1.00000    1.00000
     1.00000   -1.08741   -2.68504   -2.50914    1.00000    1.00000
     1.00000   -2.41292    6.82301    2.96576    1.00000    1.00000
     1.00000    3.74838    2.30269   -8.94135    1.00000    1.00000
     1.00000   -1.24400   -1.19981    1.68395    1.00000    1.00000
     1.00000    3.50645   -3.59975   -1.89792    1.00000    1.00000
     1.00000   0.693779    2.09577  -0.939787    1.00000    1.00000
