     1.00000   -5.01435   -7.45630    5.41450    1.00000    1.00000
     1.00000    2.75696   -3.45149   -2.69907    1.00000    1.00000
     1.00000    1.00912E-01   0.360016    2.57419    1.00000    1.00000
     1.00000    1.70163    6.13058   -6.32167    1.00000    1.00000
     1.00000   -4.90613   -5.49814    4.27901    1.00000    1.00000
     1.00000    4.84981    3.31747   -3.96826    1.00000    1.00000
     1.00000   -4.46565   -3.75028    3.41242    1.00000    1.00000
     1.00000   -1.04364    3.92901   -1.75090    1.00000    1.00000
     1.00000   -3.88809   -13.2421    1.97239    1.00000    1.00000
     1.00000    5.83525  -0.213188   -2.84946    1.00000    1.00000
     1.00000    2.33990    1.36959    4.25591    1.00000    1.00000
     1.00000    5.71921    9.51263   -12.5214    1.00000    1.00000
     1.00000   -7.01831   -5.37266    6.15551    1.00000    1.00000
     1.00000    1.16993    1.65117   0.270260    1.00000    1.00000
     1.00000   -2.93385    2.06709    5.32868    1.00000    1.00000
     1.00000    2.54238    6.44555   -4.53450    1.00000    1.00000
     1.00000   -2.43491   -9.26026    4.65420    1.00000    1.00000
     1.00000    6.14073  -0.816841  -0.967361    1.00000    1.00000
     1.00000    1.89418  -0.338116    2.02939    1.00000    1.00000
     1.00000    2.67087    9.36768  -10.39557    1.00000    1.00000
     1.00000   -5.42387   -5.80687    7.28212    1.00000    1.00000
     1.00000    3.22859    4.60846   -4.92714    1.00000    1.00000
     1.00000   -5.23332  -0.783131    1.92430    1.00000    1.00000
     1.00000    1.98503    5.95804  -0.456331    1.00000    1.00000
     1.00000   -1.60643   -12.0943    4.30134    1.00000    1.00000
     1.00000    4.37284    1.43026   -3.50896    1.00000    1.00000
     1.00000    3.57637   -2.17140   0.957623    1.00000    1.00000
     1.00000    5.88402    9.68056   -8.46489    1.00000    1.00000
     1.00000   -10.6585   -6.22515    7.32206    1.00000    1.00000
     1.00000    2.94667    3.71733   -1.09636    1.00000    1.00000
     1.00000   -1.81614   0.917553    1.79159    1.00000    1.00000
     1.00000    1.36646    7.00692   -2.04291    1.00000    1.00000
     1.00000   -4.08071   -8.39616    3.91617    1.00000    1.00000
     1.00000    2.91110   -2.89440  -0.784420    1.00000    1.00000
     1.00000  -0.329992    2.23500    2.02759    1.00000    1.00000
     1.00000    2.93023    7.45153   -7.18516    1.00000    1.00000
     1.00000   -4.94106   -4.39702    5.94824    1.00000    1.00000
     1.00000    3.13308    3.83794   -3.08399    1.00000    1.00000
     1.00000   -5.39563   -1.98270    3.51636    1.00000    1.00000
     1.00000   -2.56689    3.91893   -3.04689    1.00000    1.00000
     1.00000   -2.87405   -11.6574    2.65091    1.00000    1.00000
     1.00000    4.55153   0.606800   -1.55343    1.00000    1.00000
     1.00000    2.80760  -0.565636    4.06580    1.00000    1.00000
     1.00000    4.08182    8.74375   -11.6683    1.00000    1.00000
     1.00000   -8.00110   -3.77538    5.46065    1.00000    1.00000
     1.00000  -0.788261    1.89465   -5.56469E-02    1.00000    1.00000
     1.00000   -1.11569    2.86944    5.55349    1.00000    1.00000
     1.00000    1.05014    5.64348   -3.47153    1.00000    1.00000
     1.00000   -3.00087   -11.0663    5.30072    1.00000    1.00000
     1.00000    4.23113   -1.40952   -1.01384    1.00000    1.00000
     1.00000    1.62577   -2.29564    2.33929    1.00000    1.00000
     1.00000    3.22690    8.89973   -8.53228    1.00000    1.00000
     1.00000   -5.23296   -7.79564    7.37333    1.00000    1.00000
     1.00000    2.55668    3.96632   -6.69807    1.00000    1.00000
     1.00000   -3.55054  -0.213894    2.84311    1.00000    1.00000
     1.00000   0.171515    5.34985   -1.04051    1.00000    1.00000
     1.00000   -2.63326   -13.6050    3.48690    1.00000    1.00000
     1.00000    5.82987   0.665821   -4.64593    1.00000    1.00000
     1.00000    3.51549   -2.06998    2.95412    1.00000    1.00000
     1.00000    5.40663    9.54509  -10.40235    1.00000    1.00000
     1.00000   -8.68971   -5.97544    7.07370    1.00000    1.00000
     1.00000    2.96495    2.50438   0.493742    1.00000    1.00000
     1.00000   -2.28425    1.05407    3.73124    1.00000    1.00000
     1.00000  -0.148104    7.92338   -2.97360    1.00000    1.00000
