     1.00000   0.167019   0.848303   -9.51043    1.00000    1.00000
     1.00000    2.22620   0.999287    2.34953    1.00000    1.00000
     1.00000   0.824591    5.69399   -1.33869    1.00000    1.00000
     1.00000   -5.56707   0.141670    6.23668    1.00000    1.00000
     1.00000    4.52070    2.49124   -8.29897    1.00000    1.00000
     1.00000   -2.87977   -1.29887   -1.38319    1.00000    1.00000
     1.00000    2.90013   -5.32644   -6.87987    1.00000    1.00000
     1.00000   -4.96713   -1.01244    12.4633    1.00000    1.00000
     1.00000    1.51481   -2.63924   -9.23114    1.00000    1.00000
     1.00000   -1.52287   0.221958    7.42787    1.00000    1.00000
     1.00000    1.19793   0.517271   -4.78169    1.00000    1.00000
     1.00000   -4.46877  -0.453531    8.36046    1.00000    1.00000
     1.00000    7.34049    4.33208   -6.30167    1.00000    1.00000
     1.00000  -0.821081    2.64004   -1.48631    1.00000    1.00000
     1.00000   0.407480   -1.91592   -6.46148    1.00000    1.00000
     1.00000   -2.41053   -2.69026    11.6221    1.00000    1.00000
     1.00000    2.71130   0.796886   -11.0484    1.00000    1.00000
     1.00000    1.01928   0.205444    6.39849    1.00000    1.00000
     1.00000    2.68741    4.97142   -1.25032    1.00000    1.00000
     1.00000   -2.61431   -2.40607    7.01447    1.00000    1.00000
     1.00000    7.25566   -1.04506   -6.89501    1.00000    1.00000
     1.00000  -0.279364   -3.37906E-02    1.31171    1.00000    1.00000
     1.00000    3.51776   -2.69177   -6.31852    1.00000    1.00000
     1.00000   -6.99209   -3.66582   10.57338    1.00000    1.00000
     1.00000    2.90863  -0.531193   -7.20715    1.00000    1.00000
     1.00000   0.916534    1.83991    7.54652    1.00000    1.00000
     1.00000   -1.20391    3.13018   -3.38716    1.00000    1.00000
     1.00000   -5.04107   -1.77398    6.97162    1.00000    1.00000
     1.00000    7.36897    2.37128   -5.90866    1.00000    1.00000
     1.00000   0.434080    3.86984   0.922005    1.00000    1.00000
     1.00000    1.13695  -0.970621   -2.70803    1.00000    1.00000
     1.00000   -1.97306   -4.81944    12.8523    1.00000    1.00000
     1.00000   -1.15210    1.88069   -8.41768    1.00000    1.00000
     1.00000   0.397379    1.26433    3.11449    1.00000    1.00000
     1.00000   -1.08677    5.12259   -1.48083    1.00000    1.00000
     1.00000   -5.13317   -1.30229    4.92263    1.00000    1.00000
     1.00000    3.98342   0.573452   -8.48174    1.00000    1.00000
     1.00000   -2.87408   0.435314  -0.386909    1.00000    1.00000
     1.00000    1.60619   -6.25022   -8.09327    1.00000    1.00000
     1.00000   -5.54452   -2.70083    11.5600    1.00000    1.00000
     1.00000   0.260216   -1.16705   -9.73971    1.00000    1.00000
     1.00000  -0.866413   -1.15944    8.71658    1.00000    1.00000
     1.00000   0.349604    1.88840   -3.59833    1.00000    1.00000
     1.00000   -2.82747   -1.36317    9.05235    1.00000    1.00000
     1.00000    5.68424    3.68575   -5.38565    1.00000    1.00000
     1.00000   0.846909    2.04563  -0.556526    1.00000    1.00000
     1.00000    1.20575   -3.69533   -6.01826    1.00000    1.00000
     1.00000   -3.95553   -2.29691   10.41455    1.00000    1.00000
     1.00000   0.855112    7.23572E-02   -11.2205    1.00000    1.00000
     1.00000   0.745468    1.65251    5.04533    1.00000    1.00000
     1.00000    3.82494    5.34684   0.351263    1.00000    1.00000
     1.00000   -3.50516  -0.917751    6.01884    1.00000    1.00000
     1.00000    5.71945   -7.01504E-02   -7.72544    1.00000    1.00000
     1.00000   -2.15553   0.641144    1.46817    1.00000    1.00000
     1.00000    2.33361   -3.57669   -7.66564    1.00000    1.00000
     1.00000   -8.90342   -3.80267    11.1462    1.00000    1.00000
     1.00000    1.70976  -0.187389   -8.77064    1.00000    1.00000
     1.00000   0.354229   0.420197    8.83811    1.00000    1.00000
     1.00000  -0.641474    5.04900   -3.42924    1.00000    1.00000
     1.00000   -6.09879   -3.29389    6.21590    1.00000    1.00000
     1.00000    6.39999    2.65632   -7.63487    1.00000    1.00000
     1.00000    3.40595E-02    1.94101    1.26785    1.00000    1.00000
     1.00000    1.11428   -1.47616   -4.64296    1.00000    1.00000
     1.00000   -2.99492   -3.21206    13.4623    1.00000    1.00000
