     1.00000  -0.573309   -8.07845   -2.06108    1.00000    1.00000
     1.00000   -1.46919   10.49327    1.85918    1.00000    1.00000
     1.00000  -0.212751   -3.23502   -4.48685    1.00000    1.00000
     1.00000   -1.67015    2.77330  -0.491844    1.00000    1.00000
     1.00000   -1.89978   -14.2589   -4.84019    1.00000    1.00000
     1.00000   -1.03045    12.2897    6.88613    1.00000    1.00000
     1.00000    2.27545   -2.57650  -0.826717    1.00000    1.00000
     1.00000   -3.01619    6.86014    2.51321    1.00000    1.00000
     1.00000    2.54125   -7.91410   -4.49131    1.00000    1.00000
     1.00000   -4.01453    12.3098    3.17955    1.00000    1.00000
     1.00000    4.06533   -4.34877   -4.30301    1.00000    1.00000
     1.00000   -2.88598   -1.68969   0.220757    1.00000    1.00000
     1.00000    1.18185   -16.3913   -3.91475    1.00000    1.00000
     1.00000    3.33772    15.3229    7.86993    1.00000    1.00000
     1.00000    2.88069   -1.81800    2.09449    1.00000    1.00000
     1.00000   -2.68550    5.53718    1.05019    1.00000    1.00000
     1.00000    9.41830E-02   -11.2575   -6.40082    1.00000    1.00000
     1.00000   -3.19474   10.51191    2.87018    1.00000    1.00000
     1.00000    2.39434   -2.00674   -3.21762    1.00000    1.00000
     1.00000   -1.65485   0.806282    2.08430    1.00000    1.00000
     1.00000   -2.90966   -17.0160   -5.09246    1.00000    1.00000
     1.00000   0.121330    12.0253    3.72259    1.00000    1.00000
     1.00000    4.24014   -2.35099   -1.12532    1.00000    1.00000
     1.00000   -2.53089    7.03953    4.51183    1.00000    1.00000
     1.00000    1.40197   -9.53606   -4.22427    1.00000    1.00000
     1.00000   -2.83613    11.6047    6.36614    1.00000    1.00000
     1.00000    1.51866   -6.53503   -3.46544    1.00000    1.00000
     1.00000   -2.26856   -2.46542   -1.51619    1.00000    1.00000
     1.00000    3.63031   -17.7290   -6.35168    1.00000    1.00000
     1.00000    1.19119    13.8727    5.93931    1.00000    1.00000
     1.00000    4.11781   -3.65905   0.981958    1.00000    1.00000
     1.00000  -0.797867    5.31760   0.426800    1.00000    1.00000
     1.00000   -1.26118   -9.21229   -3.55816    1.00000    1.00000
     1.00000   -1.71759    12.3622    1.19184    1.00000    1.00000
     1.00000  -0.247366   -5.04540   -3.63754    1.00000    1.00000
     1.00000   -2.21460    2.60986    1.42567    1.00000    1.00000
     1.00000  -0.655706   -13.0031   -5.77582    1.00000    1.00000
     1.00000   -1.37987    12.5523    4.93447    1.00000    1.00000
     1.00000    1.04258   -1.80798   0.547832    1.00000    1.00000
     1.00000   -1.11163    6.80957    3.12157    1.00000    1.00000
     1.00000   0.837044   -7.38839   -5.39647    1.00000    1.00000
     1.00000   -3.37058    12.9313    4.96812    1.00000    1.00000
     1.00000    3.50930   -3.53292   -2.56369    1.00000    1.00000
     1.00000   -3.12448  -0.526192    1.82992    1.00000    1.00000
     1.00000  -0.182674   -15.2839   -4.86952    1.00000    1.00000
     1.00000    4.34882    16.5715    9.06101    1.00000    1.00000
     1.00000    3.79583   -1.18050   0.434340    1.00000    1.00000
     1.00000   -4.36279    6.58958   0.768845    1.00000    1.00000
     1.00000  -0.427429   -10.7422   -4.54007    1.00000    1.00000
     1.00000   -3.50888    8.73269    2.01245    1.00000    1.00000
     1.00000    1.60850   -2.56458   -4.97013    1.00000    1.00000
     1.00000  -0.521015    2.33186    2.70640    1.00000    1.00000
     1.00000   -2.57670   -15.4528   -6.29489    1.00000    1.00000
     1.00000    1.33625    11.9797    5.31063    1.00000    1.00000
     1.00000    5.87575   -1.38908  -0.493254    1.00000    1.00000
     1.00000   -1.06814    8.40034    4.60448    1.00000    1.00000
     1.00000   0.326740  -10.32697   -2.73486    1.00000    1.00000
     1.00000   -4.74454    12.2027    6.34650    1.00000    1.00000
     1.00000    3.06621   -5.47153   -2.77691    1.00000    1.00000
     1.00000   -1.60924   -3.82758   -2.82381    1.00000    1.00000
     1.00000    1.98161   -16.8024   -5.70121    1.00000    1.00000
     1.00000    3.12531    13.9362    6.44445    1.00000    1.00000
     1.00000    4.67426   -2.56848    2.56343    1.00000    1.00000
     1.00000  -0.785568    4.21853    2.09770    1.00000    1.00000
