     1.00000    3.28186   -1.07350   -4.71295    1.00000    1.00000
     1.00000   -6.40900   -5.55090    9.51835    1.00000    1.00000
     1.00000    11.3632   0.486692   -6.33755    1.00000    1.00000
     1.00000   -5.64468    3.44296    1.32154    1.00000    1.00000
     1.00000  -0.321215   0.200144   -1.81951    1.00000    1.00000
     1.00000   -7.58627  -0.130323    3.94579    1.00000    1.00000
     1.00000    15.1098    5.19812  -0.786291    1.00000    1.00000
     1.00000   -4.82188   -6.58740  -0.819517    1.00000    1.00000
     1.00000    7.93753  -0.264900   -3.18137    1.00000    1.00000
     1.00000   -6.92195   -3.09193    6.98778    1.00000    1.00000
     1.00000    12.2135    4.38433   -5.40321    1.00000    1.00000
     1.00000   -9.68437    9.27734E-03   0.763624    1.00000    1.00000
     1.00000   -3.09569  -0.856955   -1.30115    1.00000    1.00000
     1.00000   -5.35081   -7.31281    2.41757    1.00000    1.00000
     1.00000    11.5893    5.22170   -1.63423    1.00000    1.00000
     1.00000   -4.54853   0.864401   0.660395    1.00000    1.00000
     1.00000    4.47417  -0.723171   -3.14589    1.00000    1.00000
     1.00000   -8.54680   -5.44345    6.60339    1.00000    1.00000
     1.00000    11.7978    3.77671   -7.26277    1.00000    1.00000
     1.00000   -7.25592    3.57866   0.137484    1.00000    1.00000
     1.00000   -1.54653  -0.121572  -0.271896    1.00000    1.00000
     1.00000   -8.03654   -3.14785    4.04096    1.00000    1.00000
     1.00000    13.5281    5.60498   -1.94080    1.00000    1.00000
     1.00000   -6.76985   -1.79250   0.968515    1.00000    1.00000
     1.00000    5.76525   -2.06590   -4.79977    1.00000    1.00000
     1.00000   -5.25114   -2.44342    7.87537    1.00000    1.00000
     1.00000   10.00907    2.06315   -3.90903    1.00000    1.00000
     1.00000   -8.14867  -0.231161  -0.494875    1.00000    1.00000
     1.00000   -4.67029    2.36547   -2.22529    1.00000    1.00000
     1.00000   -4.08113   -3.97940    3.30177    1.00000    1.00000
     1.00000    11.1556    5.87004   -3.47585    1.00000    1.00000
     1.00000   -6.71615   0.613272    2.04156    1.00000    1.00000
     1.00000    1.43294  -0.314510   -4.78667    1.00000    1.00000
     1.00000   -7.50008   -4.64421    8.10858    1.00000    1.00000
     1.00000    11.7738    1.83804   -7.75364    1.00000    1.00000
     1.00000   -6.45348    5.22992   0.930872    1.00000    1.00000
     1.00000   -2.32792E-02   0.591761   -3.75803    1.00000    1.00000
     1.00000   -7.76053   -1.68739    2.70273    1.00000    1.00000
     1.00000    16.2941    4.48291   0.657919    1.00000    1.00000
     1.00000   -5.08712   -4.62336   -1.08822    1.00000    1.00000
     1.00000    7.99519   -2.17896   -2.60427    1.00000    1.00000
     1.00000   -7.70045   -2.26284    8.63294    1.00000    1.00000
     1.00000    10.8434    3.87626   -4.03772    1.00000    1.00000
     1.00000   -11.4500   0.577797    1.51141    1.00000    1.00000
     1.00000   -3.62665   -2.33804   -6.64501E-02    1.00000    1.00000
     1.00000   -4.50438   -5.91544    3.57123    1.00000    1.00000
     1.00000   10.43423    4.69514   -8.87222E-02    1.00000    1.00000
     1.00000   -6.28310   -1.45264E-02   0.192690    1.00000    1.00000
     1.00000    3.66477   0.930857   -3.92632    1.00000    1.00000
     1.00000   -6.56829   -5.71386    6.49208    1.00000    1.00000
     1.00000    11.8250    5.39322   -8.44012    1.00000    1.00000
     1.00000   -8.77628    3.54234   -1.16144    1.00000    1.00000
     1.00000   -1.49839   -1.16797    1.43184    1.00000    1.00000
     1.00000   -6.78705   -4.24662    5.15069    1.00000    1.00000
     1.00000    13.2630    5.09658   -3.85685    1.00000    1.00000
     1.00000   -5.53427   -2.93732  -0.109781    1.00000    1.00000
     1.00000    6.02011   -1.94936   -2.81950    1.00000    1.00000
     1.00000   -5.59724   -2.24268    9.83494    1.00000    1.00000
     1.00000    9.61913   0.122124   -4.19250    1.00000    1.00000
     1.00000   -8.33737    1.75634  -0.375586    1.00000    1.00000
     1.00000   -3.33735    1.12611   -1.39630    1.00000    1.00000
     1.00000   -4.79625   -4.43451    5.11325    1.00000    1.00000
     1.00000   10.51800    7.74696   -3.74159    1.00000    1.00000
     1.00000   -4.87972   0.802544    2.81079    1.00000    1.00000
