     1.00000    5.85387   -3.85527   -5.56381    1.00000    1.00000
     1.00000   -2.22078   -5.85499   -3.40380    1.00000    1.00000
     1.00000    9.48534    1.69234    1.34699    1.00000    1.00000
     1.00000   -8.16654   0.609980    7.32069    1.00000    1.00000
     1.00000    3.00661   0.958117   -8.65758    1.00000    1.00000
     1.00000   -8.04912  -0.751949    2.54234    1.00000    1.00000
     1.00000    6.71752   -2.01376   -2.04209    1.00000    1.00000
     1.00000   -11.3018    5.41608    10.9694    1.00000    1.00000
     1.00000    3.23060   -6.05735   -3.18428    1.00000    1.00000
     1.00000   -1.01183   -3.42084   -1.85674    1.00000    1.00000
     1.00000    7.20440    4.20811  -0.902893    1.00000    1.00000
     1.00000   -4.48751    2.31555    5.87440    1.00000    1.00000
     1.00000    2.45721    6.07191  -10.29265    1.00000    1.00000
     1.00000  -0.609539   -3.30548    1.42277    1.00000    1.00000
     1.00000    9.82361    6.86550E-02   -3.34220    1.00000    1.00000
     1.00000   -13.7190    3.51428    12.7153    1.00000    1.00000
     1.00000    3.74574   -2.10652   -8.01206    1.00000    1.00000
     1.00000    1.49946   -5.19164   -2.68044    1.00000    1.00000
     1.00000    8.80967    3.07849   -1.28641    1.00000    1.00000
     1.00000  -10.13353   0.285608    7.48114    1.00000    1.00000
     1.00000    6.28482   0.930811   -9.37546    1.00000    1.00000
     1.00000   -5.61695   -1.70277   0.335848    1.00000    1.00000
     1.00000    7.63597   -4.20143   -2.59019    1.00000    1.00000
     1.00000   -9.77329    1.47208    9.05038    1.00000    1.00000
     1.00000    6.70726   -5.00597   -4.16824    1.00000    1.00000
     1.00000   0.822023   -4.59257   0.480165    1.00000    1.00000
     1.00000    5.72021    5.47182   -1.35037    1.00000    1.00000
     1.00000   -5.93900    2.88453    3.92299    1.00000    1.00000
     1.00000    1.34091    2.43615   -9.30300    1.00000    1.00000
     1.00000   -3.75927   -1.37954  -0.330904    1.00000    1.00000
     1.00000    11.2853    1.49790  -0.938879    1.00000    1.00000
     1.00000   -13.6891    5.94888    12.8484    1.00000    1.00000
     1.00000    4.16925   -3.08959   -6.32262    1.00000    1.00000
     1.00000   -2.13867   -7.84106   -3.62459    1.00000    1.00000
     1.00000   10.15949    3.51766    1.80929    1.00000    1.00000
     1.00000   -6.27084   0.306837    7.88142    1.00000    1.00000
     1.00000    4.69488  -0.109991   -8.75192    1.00000    1.00000
     1.00000   -8.63908   0.284693    4.14774    1.00000    1.00000
     1.00000    8.28687  -0.839630   -2.44029    1.00000    1.00000
     1.00000   -11.0005    4.70032    9.12635    1.00000    1.00000
     1.00000    2.46251   -7.88331   -2.90881    1.00000    1.00000
     1.00000   -2.86012   -2.78226   -1.43720    1.00000    1.00000
     1.00000    6.68065    3.68104   0.953953    1.00000    1.00000
     1.00000   -5.30925    2.04869    7.67816    1.00000    1.00000
     1.00000    1.85011    4.17105  -10.15790    1.00000    1.00000
     1.00000   -2.35643   -2.33510    1.50472    1.00000    1.00000
     1.00000    9.85374   0.161444   -1.34458    1.00000    1.00000
     1.00000   -15.6151    3.24612    13.2922    1.00000    1.00000
     1.00000    2.70424  -0.530117   -7.35615    1.00000    1.00000
     1.00000  -0.499872   -5.19340   -2.62870    1.00000    1.00000
     1.00000    8.54094    1.31820  -0.375828    1.00000    1.00000
     1.00000  -10.12128   0.162565    5.48497    1.00000    1.00000
     1.00000    5.01170    2.23462   -8.55129    1.00000    1.00000
     1.00000   -6.10466  -0.878874    2.09179    1.00000    1.00000
     1.00000    8.96739   -2.70980   -2.63865    1.00000    1.00000
     1.00000   -11.0323    2.85827    8.34798    1.00000    1.00000
     1.00000    5.13843   -5.47962   -3.02175    1.00000    1.00000
     1.00000   0.835773   -3.35838   -1.09355    1.00000    1.00000
     1.00000    5.24849    4.22764   -2.84352    1.00000    1.00000
     1.00000   -3.97391    2.51356    3.95164    1.00000    1.00000
     1.00000    1.25244    1.20516   -7.72920    1.00000    1.00000
     1.00000   -1.78764   -1.20492   -4.42066E-02    1.00000    1.00000
     1.00000    11.8798    3.36998   -1.31559    1.00000    1.00000
     1.00000   -13.1801    4.80689    11.2874    1.00000    1.00000
