     1.00000  -0.613895   -3.01696   -2.05710    1.00000    1.00000
     1.00000   -8.71821    3.04223    2.57541    1.00000    1.00000
     1.00000    1.16595    6.54478    1.39421    1.00000    1.00000
     1.00000    1.65231  -10.32463    1.67947    1.00000    1.00000
     1.00000   0.437042    5.05009   -5.61662    1.00000    1.00000
     1.00000  -0.199139   -4.29622  -0.576757    1.00000    1.00000
     1.00000   -2.18266    8.71677  -0.427423    1.00000    1.00000
     1.00000    5.16364   -9.40518    1.71759    1.00000    1.00000
     1.00000   -1.72335   -7.64923E-02   -4.33947    1.00000    1.00000
     1.00000   -6.60694  -0.845999    5.25537    1.00000    1.00000
     1.00000    2.46850    11.0108    3.60029    1.00000    1.00000
     1.00000   0.809277   -8.23615   -2.59673    1.00000    1.00000
     1.00000    1.14889    5.40938   -1.56873    1.00000    1.00000
     1.00000    2.90243   -6.84414   -2.87975    1.00000    1.00000
     1.00000   -1.63624   10.52653   0.403673    1.00000    1.00000
     1.00000    5.62411   -11.1987   0.961834    1.00000    1.00000
     1.00000   -1.24090   -2.93574   -5.35659    1.00000    1.00000
     1.00000   -10.6229    2.60605    3.00174    1.00000    1.00000
     1.00000   -6.14948E-02    7.16419    2.84669    1.00000    1.00000
     1.00000   0.887897  -10.35939   -1.71718    1.00000    1.00000
     1.00000    2.54640    5.61431   -5.16739    1.00000    1.00000
     1.00000   -4.38086   -1.71754   0.156137    1.00000    1.00000
     1.00000   -1.28476    7.70479    1.35961    1.00000    1.00000
     1.00000    6.40927   -12.0295    4.05057    1.00000    1.00000
     1.00000  -0.712490    1.74519   -4.58176    1.00000    1.00000
     1.00000   -4.62123   -1.81477    2.13926    1.00000    1.00000
     1.00000    2.05593    8.33525    1.44078    1.00000    1.00000
     1.00000   0.435047   -7.95737   0.974918    1.00000    1.00000
     1.00000    1.24076    4.78075   0.454741    1.00000    1.00000
     1.00000    1.59517   -4.06807   -1.43025    1.00000    1.00000
     1.00000   -7.59201E-02    11.7515   0.858171    1.00000    1.00000
     1.00000    6.95616   -8.51910   -1.00004    1.00000    1.00000
     1.00000  -0.162987   -1.07499   -2.21661    1.00000    1.00000
     1.00000   -7.17513    2.42854    3.68999    1.00000    1.00000
     1.00000    3.04975    5.93426    1.11386    1.00000    1.00000
     1.00000    3.27772   -9.39586    2.38334    1.00000    1.00000
     1.00000   -1.29079    5.63497   -4.79655    1.00000    1.00000
     1.00000   -1.44659   -3.24517   0.580460    1.00000    1.00000
     1.00000   -3.37967    9.56088   -1.78927    1.00000    1.00000
     1.00000    5.10186   -10.8688    3.07919    1.00000    1.00000
     1.00000   0.249067   -6.61659E-03   -4.66299    1.00000    1.00000
     1.00000   -6.76622    1.14577    5.16894    1.00000    1.00000
     1.00000    4.34867    11.1253    4.27250    1.00000    1.00000
     1.00000    1.46038   -7.87587  -0.740322    1.00000    1.00000
     1.00000   0.849112    5.22016   -3.53706    1.00000    1.00000
     1.00000    2.65557   -6.28941  -0.974144    1.00000    1.00000
     1.00000  -0.248194    9.08752   0.352842    1.00000    1.00000
     1.00000    6.61726  -10.45006  -0.604422    1.00000    1.00000
     1.00000   -1.29218   -1.90192   -3.64528    1.00000    1.00000
     1.00000   -12.4367    1.76385    2.96914    1.00000    1.00000
     1.00000  -0.164881    7.70273    4.77004    1.00000    1.00000
     1.00000   0.480114   -9.78020   0.153185    1.00000    1.00000
     1.00000    1.73886    3.84830   -4.68873    1.00000    1.00000
     1.00000   -2.56651   -2.08379  -0.601480    1.00000    1.00000
     1.00000   -2.90528    8.87477    1.43076    1.00000    1.00000
     1.00000    5.02230   -11.2629    5.27067    1.00000    1.00000
     1.00000   -7.32498E-02    3.46222   -3.77978    1.00000    1.00000
     1.00000   -5.67533  -0.778986    3.48686    1.00000    1.00000
     1.00000    2.39063    9.03767    3.28322    1.00000    1.00000
     1.00000   -1.21471   -7.06991    1.67541    1.00000    1.00000
     1.00000    2.21845    3.81787   -1.00025    1.00000    1.00000
     1.00000    2.98743   -4.86205   -2.62658    1.00000    1.00000
     1.00000  -0.340681    11.0918   -1.01124    1.00000    1.00000
     1.00000    5.87403   -9.14707   -2.56037    1.00000    1.00000
