     1.00000  -10.55633    4.96044E-02    5.74890    1.00000    1.00000
     1.00000    10.8106   10.55634   -9.94910    1.00000    1.00000
     1.00000   -1.10970   -2.70370    1.20123    1.00000    1.00000
     1.00000    2.33769   -1.11734   -2.19707    1.00000    1.00000
     1.00000  -10.49840   -2.48109    8.79627    1.00000    1.00000
     1.00000    13.4902    3.53704   -6.12814    1.00000    1.00000
     1.00000   -1.67389   -7.78425    1.99023    1.00000    1.00000
     1.00000  -0.737862   0.123785   -1.34201    1.00000    1.00000
     1.00000   -3.48367   -2.36324    6.27269    1.00000    1.00000
     1.00000    13.5423    6.62442   -9.58757    1.00000    1.00000
     1.00000   -3.53284  -0.907932    1.61786    1.00000    1.00000
     1.00000    5.07396    1.16089   -3.18454    1.00000    1.00000
     1.00000   -15.6023   -3.18496    6.89948    1.00000    1.00000
     1.00000    11.5559    2.77061   -4.73979    1.00000    1.00000
     1.00000   -5.58525   -4.55045    3.89446    1.00000    1.00000
     1.00000   0.704033    2.03178  -0.473054    1.00000    1.00000
     1.00000   -9.60947   -1.94975    5.09689    1.00000    1.00000
     1.00000    12.1549    7.79720  -10.42401    1.00000    1.00000
     1.00000   -1.26745   -2.93552    3.18148    1.00000    1.00000
     1.00000    2.28222    3.96343   -5.31432    1.00000    1.00000
     1.00000   -12.2284   -2.60789    7.80068    1.00000    1.00000
     1.00000    14.6384    5.19053   -4.26384    1.00000    1.00000
     1.00000   -2.75012   -11.3031    2.68187    1.00000    1.00000
     1.00000   -2.23923  -0.693604  -0.303850    1.00000    1.00000
     1.00000   -5.96352   -3.17348    5.29476    1.00000    1.00000
     1.00000    14.1844    5.77274   -6.12259    1.00000    1.00000
     1.00000   -5.97136   -2.91270  -0.426739    1.00000    1.00000
     1.00000    6.77021   0.156887   -3.52320    1.00000    1.00000
     1.00000   -17.4028   -2.73101    7.64235    1.00000    1.00000
     1.00000    8.20639    1.54039   -3.37048    1.00000    1.00000
     1.00000   -3.50748   -4.67993    2.38152    1.00000    1.00000
     1.00000  -0.606373    4.41579  -0.114111    1.00000    1.00000
     1.00000   -11.1779   -1.76239    6.32363    1.00000    1.00000
     1.00000    12.2088    10.8688   -8.55357    1.00000    1.00000
     1.00000   -2.99152   -2.81683    1.86902    1.00000    1.00000
     1.00000    2.28222   0.684189   -3.06391    1.00000    1.00000
     1.00000   -9.78561   -4.34512    8.66462    1.00000    1.00000
     1.00000    14.7460    2.09717   -6.71951    1.00000    1.00000
     1.00000   -3.30194   -6.66813    2.31228    1.00000    1.00000
     1.00000   0.530540    1.31240   -2.33112    1.00000    1.00000
     1.00000   -5.20118   -1.33853    6.28397    1.00000    1.00000
     1.00000    13.0322    6.13496   -7.71669    1.00000    1.00000
     1.00000   -4.34338  -0.110128   -2.72999E-02    1.00000    1.00000
     1.00000    4.21322  -0.542728   -2.58720    1.00000    1.00000
     1.00000   -14.5457   -4.88168    6.83056    1.00000    1.00000
     1.00000   10.10856    2.14209   -3.51091    1.00000    1.00000
     1.00000   -6.48415   -2.98099    3.04080    1.00000    1.00000
     1.00000   0.764530    3.78800   -1.42807    1.00000    1.00000
     1.00000   -7.93521   -1.22760    4.27509    1.00000    1.00000
     1.00000    13.0536    9.36176   -9.56115    1.00000    1.00000
     1.00000   -2.06082   -1.10811    3.00499    1.00000    1.00000
     1.00000    2.47240    2.37862   -4.10924    1.00000    1.00000
     1.00000   -12.9555   -4.46337    7.96919    1.00000    1.00000
     1.00000    12.9150    4.17733   -4.32279    1.00000    1.00000
     1.00000   -2.84512   -9.31068    2.53636    1.00000    1.00000
     1.00000   -3.58442  -0.691908   -1.78387    1.00000    1.00000
     1.00000   -5.94625   -1.37103    4.42822    1.00000    1.00000
     1.00000    13.7103    7.70933   -5.96516    1.00000    1.00000
     1.00000   -4.24641   -2.10506   0.183390    1.00000    1.00000
     1.00000    7.12926   -1.80546   -3.38079    1.00000    1.00000
     1.00000   -15.8396   -2.22534    8.78276    1.00000    1.00000
     1.00000    8.74174    1.47750   -5.29648    1.00000    1.00000
     1.00000   -4.18183   -3.17683    3.51551    1.00000    1.00000
     1.00000    9.38225E-02    3.18825    1.30112    1.00000    1.00000
