     1.00000    3.29633   -6.91151    4.54785    1.00000    1.00000
     1.00000    4.69073   0.940670   -2.64499    1.00000    1.00000
     1.00000    4.23839   -2.49945    2.52384    1.00000    1.00000
     1.00000   0.938474    4.67597  -0.459347    1.00000    1.00000
     1.00000   -2.82454   -8.18251    5.40376    1.00000    1.00000
     1.00000  -0.498227    6.92952   -6.59848    1.00000    1.00000
     1.00000   0.125491  -0.933691    2.03202    1.00000    1.00000
     1.00000   -4.47241    7.98995   -4.08633    1.00000    1.00000
     1.00000    1.81356   -3.59570    2.48151    1.00000    1.00000
     1.00000    6.35247    1.30347   -5.33963    1.00000    1.00000
     1.00000    4.58340   -1.19609    1.04661    1.00000    1.00000
     1.00000   -5.13508    4.99661  -0.882725    1.00000    1.00000
     1.00000  -0.839394   -12.4645    4.18831    1.00000    1.00000
     1.00000    2.74712    4.26712   -7.33343    1.00000    1.00000
     1.00000   -4.53777   -3.08755    6.03965    1.00000    1.00000
     1.00000   -5.69018    6.85127   -1.38484    1.00000    1.00000
     1.00000   0.933426   -6.65409    3.75241    1.00000    1.00000
     1.00000    4.70287  -0.497524   -1.25522    1.00000    1.00000
     1.00000    1.83685   -2.10930    6.21697    1.00000    1.00000
     1.00000  -0.371367    6.11986   -1.27258E-02    1.00000    1.00000
     1.00000   -1.27829   -8.79646    3.40992    1.00000    1.00000
     1.00000   -2.86432    7.07704   -4.84829    1.00000    1.00000
     1.00000    1.56105  -0.504341    4.40543    1.00000    1.00000
     1.00000   -5.48990    7.33865   -5.68024    1.00000    1.00000
     1.00000  -0.494824   -3.82968    2.60857    1.00000    1.00000
     1.00000    7.05501   0.986933   -7.18524    1.00000    1.00000
     1.00000    1.82018  -0.709860   -1.53809    1.00000    1.00000
     1.00000   -1.92910    4.61623  -0.309982    1.00000    1.00000
     1.00000  -0.428932  -10.26880    4.96418    1.00000    1.00000
     1.00000    1.57081    3.64521   -5.84026    1.00000    1.00000
     1.00000  -0.432647  -0.659227    4.37124    1.00000    1.00000
     1.00000   -7.58027    9.61146   -1.13115    1.00000    1.00000
     1.00000    1.59501   -7.21784    5.55366    1.00000    1.00000
     1.00000    6.41900    1.63965   -3.36921    1.00000    1.00000
     1.00000    3.19770   -3.33741    4.01206    1.00000    1.00000
     1.00000  -0.546664    4.01345   -1.62358    1.00000    1.00000
     1.00000   -3.16264   -9.60528    4.03942    1.00000    1.00000
     1.00000   -2.22284    5.97113   -6.92587    1.00000    1.00000
     1.00000    1.85439   -1.61698    2.76959    1.00000    1.00000
     1.00000   -5.78752    9.45695   -3.74225    1.00000    1.00000
     1.00000    2.46520   -5.48620    2.51818    1.00000    1.00000
     1.00000    4.99920    1.10790   -6.79922    1.00000    1.00000
     1.00000    2.78070   -1.04887   0.193031    1.00000    1.00000
     1.00000   -3.39539    4.40217   -1.67020    1.00000    1.00000
     1.00000  -0.149844   -14.3364    4.04532    1.00000    1.00000
     1.00000    4.00902    2.84359   -6.71605    1.00000    1.00000
     1.00000   -3.48885   -3.07931    4.33680    1.00000    1.00000
     1.00000   -7.25458    5.85976  -0.630135    1.00000    1.00000
     1.00000  -0.648471   -7.41449    4.71127    1.00000    1.00000
     1.00000    5.71134   0.272413   0.290800    1.00000    1.00000
     1.00000    3.53542   -3.13661    5.97308    1.00000    1.00000
     1.00000    1.38958    6.98452   0.376411    1.00000    1.00000
     1.00000   -3.02603   -8.08416    2.74809    1.00000    1.00000
     1.00000   -1.10070    8.00397   -5.02285    1.00000    1.00000
     1.00000   0.515618   0.441805    5.82384    1.00000    1.00000
     1.00000   -7.09410    8.47288   -5.30603    1.00000    1.00000
     1.00000   0.495782   -5.51103    2.17068    1.00000    1.00000
     1.00000    7.60801  -0.217651   -8.68296    1.00000    1.00000
     1.00000   0.838552  -0.571344   0.198925    1.00000    1.00000
     1.00000   -3.31639    6.04059  -0.525932    1.00000    1.00000
     1.00000   -1.56197   -10.7762    3.39613    1.00000    1.00000
     1.00000   0.384662    5.25072   -5.96433    1.00000    1.00000
     1.00000   -1.78942   -2.09060    4.70342    1.00000    1.00000
     1.00000   -6.65274    8.31913   -2.34342    1.00000    1.00000
