     1.00000   0.730680    6.11375   -7.50795    1.00000    1.00000
     1.00000   -4.46740   -4.00270    4.66818    1.00000    1.00000
     1.00000   -5.08058   -2.40553   -7.84847    1.00000    1.00000
     1.00000   -5.81251   -3.62175    7.98313    1.00000    1.00000
     1.00000    2.52965    6.03711   -10.7074    1.00000    1.00000
     1.00000   -1.49961   -5.21497  -0.230003    1.00000    1.00000
     1.00000    3.30379   -1.87308    4.04587E-02    1.00000    1.00000
     1.00000    3.04409   0.286856    15.9556    1.00000    1.00000
     1.00000  -0.373254    6.94828   -3.80151    1.00000    1.00000
     1.00000    1.29177   -4.02429    4.39684    1.00000    1.00000
     1.00000   0.151321   0.209623   -6.64814    1.00000    1.00000
     1.00000   -3.89215   0.815281    5.89838    1.00000    1.00000
     1.00000    1.86821    10.7459   -8.99516    1.00000    1.00000
     1.00000    1.97879   -3.09464    1.26576    1.00000    1.00000
     1.00000  -0.361398   -1.82221   -4.00861    1.00000    1.00000
     1.00000   0.408792  -0.520084    8.43506    1.00000    1.00000
     1.00000    2.08101    4.71050   -7.05242    1.00000    1.00000
     1.00000   -3.13947   -2.55487    5.04287    1.00000    1.00000
     1.00000   -1.61402   -2.63330   -7.84236    1.00000    1.00000
     1.00000   -5.94928  -0.659239    5.59829    1.00000    1.00000
     1.00000   0.730200    3.33611   -7.95199    1.00000    1.00000
     1.00000  -0.241706   -5.88990    1.17076    1.00000    1.00000
     1.00000    3.35883  -0.685767   -1.56804    1.00000    1.00000
     1.00000    1.12399    1.10600    13.4117    1.00000    1.00000
     1.00000    3.90626    5.71507   -2.17275    1.00000    1.00000
     1.00000  -0.747604   -5.55317    5.28071    1.00000    1.00000
     1.00000    4.07354    1.27332   -6.26583    1.00000    1.00000
     1.00000  -0.194489   0.156469    6.65227    1.00000    1.00000
     1.00000    2.59362    8.44026  -10.55971    1.00000    1.00000
     1.00000    2.32177   -4.72865   -1.03291    1.00000    1.00000
     1.00000   -2.00555   -3.91904   -6.36128    1.00000    1.00000
     1.00000   0.361067   0.845707    11.5813    1.00000    1.00000
     1.00000   0.296917    6.73433   -9.35910    1.00000    1.00000
     1.00000   -6.42177   -4.12638    4.26183    1.00000    1.00000
     1.00000   -3.28348   -1.55380   -8.06051    1.00000    1.00000
     1.00000   -7.01861   -3.04785    9.47174    1.00000    1.00000
     1.00000    3.05630    4.51917   -9.51641    1.00000    1.00000
     1.00000   -2.36257   -6.74697   0.723021    1.00000    1.00000
     1.00000    1.91718   -2.36345   -1.31484    1.00000    1.00000
     1.00000    4.53761    1.34413    15.1484    1.00000    1.00000
     1.00000    1.59542    7.10278   -3.48454    1.00000    1.00000
     1.00000    6.72703E-02   -5.30625    3.47101    1.00000    1.00000
     1.00000    1.76356   0.846750   -5.65076    1.00000    1.00000
     1.00000   -5.03452   -7.45125E-02    7.27797    1.00000    1.00000
     1.00000    2.38873    8.85295   -8.61351    1.00000    1.00000
     1.00000    3.54736   -3.84406   0.276842    1.00000    1.00000
     1.00000    1.15277   -2.77664   -3.11622    1.00000    1.00000
     1.00000   0.155090   -1.56401   10.12202    1.00000    1.00000
     1.00000    2.38058    4.35975   -5.10634    1.00000    1.00000
     1.00000   -2.98154  -0.577368    4.78880    1.00000    1.00000
     1.00000    6.30913E-02   -1.60168   -7.49158    1.00000    1.00000
     1.00000   -6.05853   -2.51525    6.33537    1.00000    1.00000
     1.00000    1.12162    4.07867   -9.76731    1.00000    1.00000
     1.00000   0.661798   -6.99203    2.57397    1.00000    1.00000
     1.00000    3.70811   -2.55435   -2.18963    1.00000    1.00000
     1.00000    2.99344   0.709375    14.0014    1.00000    1.00000
     1.00000    2.33263    5.25121   -3.31664    1.00000    1.00000
     1.00000   -1.51542   -3.72211    5.04053    1.00000    1.00000
     1.00000    2.88346    2.42437   -5.14387    1.00000    1.00000
     1.00000   -1.99442    1.01454    6.49751    1.00000    1.00000
     1.00000    1.04342    7.30919   -11.1233    1.00000    1.00000
     1.00000    1.63739   -5.83197   0.488384    1.00000    1.00000
     1.00000   -1.97814   -2.74005   -4.74596    1.00000    1.00000
     1.00000   -1.13307  -0.145601    10.6954    1.00000    1.00000
