     1.00000   -1.73376   0.211563    7.16830    1.00000    1.00000
     1.00000    5.63196    3.44155   -6.25265    1.00000    1.00000
     1.00000    3.62199   -5.51814   0.168584    1.00000    1.00000
     1.00000   -3.19504   -1.88220   -6.51316    1.00000    1.00000
     1.00000   -1.00827    6.53500    3.26462    1.00000    1.00000
     1.00000   -1.33619   -2.17459   -7.19080    1.00000    1.00000
     1.00000   -1.21258   -6.06542    2.95208    1.00000    1.00000
     1.00000   -1.89513    2.67740  -0.313106    1.00000    1.00000
     1.00000  -0.311133   -1.35330    9.65066    1.00000    1.00000
     1.00000    9.18426    4.31937   -3.71028    1.00000    1.00000
     1.00000   0.377524   -1.58065    1.39094    1.00000    1.00000
     1.00000   -2.06644   -1.60713   -4.88509    1.00000    1.00000
     1.00000   -3.70059    4.08137    7.11444    1.00000    1.00000
     1.00000    1.68799    1.62804   -3.82896    1.00000    1.00000
     1.00000   0.204906   -7.46393    3.13895    1.00000    1.00000
     1.00000   -3.06096    3.47098    1.15086    1.00000    1.00000
     1.00000  -0.980767    1.57595    8.42188    1.00000    1.00000
     1.00000    4.48170    3.34512   -9.23883    1.00000    1.00000
     1.00000   0.565810   -3.55696    1.14857    1.00000    1.00000
     1.00000   -4.11863   -3.25040   -7.64233    1.00000    1.00000
     1.00000   -3.21572    4.02529    3.71657    1.00000    1.00000
     1.00000    2.25659  -0.501322   -6.08095    1.00000    1.00000
     1.00000   -3.86349   -8.46792    1.16749    1.00000    1.00000
     1.00000   0.480600    1.65516   0.709149    1.00000    1.00000
     1.00000    1.29525  -0.776409    8.60820    1.00000    1.00000
     1.00000    5.69816    5.04820   -5.06341    1.00000    1.00000
     1.00000    1.41914   -1.74442  -0.308537    1.00000    1.00000
     1.00000   -1.13842   -1.62187   -3.11349    1.00000    1.00000
     1.00000   -1.37762    4.13573    5.99893    1.00000    1.00000
     1.00000    1.23410    3.02767   -6.10738    1.00000    1.00000
     1.00000   0.615418   -5.94846    6.45576    1.00000    1.00000
     1.00000   -4.38621    1.71809   -1.58771    1.00000    1.00000
     1.00000   -3.37670  -0.597198    7.97244    1.00000    1.00000
     1.00000    4.19423    2.05364   -6.33429    1.00000    1.00000
     1.00000    1.84461   -4.61173    2.95897E-02    1.00000    1.00000
     1.00000   -4.87971   -1.00966   -7.14604    1.00000    1.00000
     1.00000  -0.269009    7.63303    4.76389    1.00000    1.00000
     1.00000  -0.523899  -0.914713   -8.51478    1.00000    1.00000
     1.00000   -1.64559   -4.11317    2.91737    1.00000    1.00000
     1.00000   -1.67204    2.89312   -2.28888    1.00000    1.00000
     1.00000   -2.12090   -1.81842    8.93763    1.00000    1.00000
     1.00000    9.00563    3.37012   -5.46157    1.00000    1.00000
     1.00000  -0.392398   -2.55504    2.95867    1.00000    1.00000
     1.00000   -2.22139   -3.47840   -5.57382    1.00000    1.00000
     1.00000   -2.20138    5.21223    7.80258    1.00000    1.00000
     1.00000    2.77520    2.87425   -2.70427    1.00000    1.00000
     1.00000    1.19993   -6.78143    4.73399    1.00000    1.00000
     1.00000   -3.71127    3.39865  -0.739078    1.00000    1.00000
     1.00000  -0.979397    2.66557   10.09900    1.00000    1.00000
     1.00000    5.61175    4.42705   -7.99287    1.00000    1.00000
     1.00000    2.17850   -2.70237    1.96644    1.00000    1.00000
     1.00000   -4.68246   -4.19899   -9.31034    1.00000    1.00000
     1.00000   -1.39464    4.75865    4.09848    1.00000    1.00000
     1.00000    1.26853  -0.369474   -7.81483    1.00000    1.00000
     1.00000   -2.52051   -7.24423    2.00353    1.00000    1.00000
     1.00000  -0.473261    1.47283   -1.03925    1.00000    1.00000
     1.00000    1.19751   -2.53106    7.65340    1.00000    1.00000
     1.00000    7.23712    4.16531   -4.14032    1.00000    1.00000
     1.00000  -0.482747   -1.43341  -0.843417    1.00000    1.00000
     1.00000   -1.43397   -4.32243E-02   -1.92163    1.00000    1.00000
     1.00000   -1.18632    3.49081    7.88240    1.00000    1.00000
     1.00000    2.39762    1.45518   -5.69083    1.00000    1.00000
     1.00000    1.67981   -4.30633    6.86865    1.00000    1.00000
     1.00000   -4.57734    1.45508   -3.56111    1.00000    1.00000
