     1.00000    2.89534   -6.43794    7.74112    1.00000    1.00000
     1.00000    4.97706    8.32096   -6.82793    1.00000    1.00000
     1.00000   -5.16257   -3.22455   -4.73966    1.00000    1.00000
     1.00000   -1.94536    2.41756    3.52153    1.00000    1.00000
     1.00000   -3.64064   -3.26498    2.06654    1.00000    1.00000
     1.00000  -0.393802   -1.18396   -4.84301    1.00000    1.00000
     1.00000   -3.91126   0.989677   -1.24284    1.00000    1.00000
     1.00000    2.73798    6.84674    5.24983    1.00000    1.00000
     1.00000    5.93959   -3.50539    9.37719    1.00000    1.00000
     1.00000    5.66466    6.65161   -3.47450    1.00000    1.00000
     1.00000   -7.44416   -1.18203   -3.99853    1.00000    1.00000
     1.00000   0.451855    3.67366   -2.68941    1.00000    1.00000
     1.00000    1.43366   -2.28664    5.56098    1.00000    1.00000
     1.00000    3.87764E-03   -1.01050   -6.79538    1.00000    1.00000
     1.00000   -3.89317   -3.42843   -1.00938    1.00000    1.00000
     1.00000    2.92897    5.48761    3.68772    1.00000    1.00000
     1.00000    4.17365   -4.35747    9.77145    1.00000    1.00000
     1.00000    6.24961    5.42083   -6.36147    1.00000    1.00000
     1.00000   -4.74275   -4.89211   -6.11423    1.00000    1.00000
     1.00000  -0.467468    3.94676   0.229641    1.00000    1.00000
     1.00000  -0.810234   -3.68598    5.82164    1.00000    1.00000
     1.00000    1.44562   -3.88789   -1.83575    1.00000    1.00000
     1.00000   -6.29892  -0.176304   -2.56219    1.00000    1.00000
     1.00000    1.98483    4.99962    5.39437    1.00000    1.00000
     1.00000    6.39534    1.02692E-01   10.27417    1.00000    1.00000
     1.00000    3.28674    2.57372   -5.65076    1.00000    1.00000
     1.00000   -8.41396   -4.43482   -4.61748    1.00000    1.00000
     1.00000    1.87216    2.07064   -2.90088    1.00000    1.00000
     1.00000  -0.433836   -2.02956    4.76589    1.00000    1.00000
     1.00000    1.96827    1.35707   -4.76679    1.00000    1.00000
     1.00000   -3.50306   -1.87001   -2.20066    1.00000    1.00000
     1.00000    2.84001    3.21889    2.24518    1.00000    1.00000
     1.00000    1.23352   -7.01516    6.78970    1.00000    1.00000
     1.00000    5.71235    7.10291   -5.42233    1.00000    1.00000
     1.00000   -6.52825   -4.58753   -5.26616    1.00000    1.00000
     1.00000  -0.618562    3.90854    3.39271    1.00000    1.00000
     1.00000   -2.65956   -4.58879    3.20013    1.00000    1.00000
     1.00000   -1.37218   -2.65698   -3.90866    1.00000    1.00000
     1.00000   -4.88341  -0.757866   -1.27451    1.00000    1.00000
     1.00000    2.67251    7.68859    3.43682    1.00000    1.00000
     1.00000    5.49101   -2.16098    7.96604    1.00000    1.00000
     1.00000    5.59754    4.71098   -3.95352    1.00000    1.00000
     1.00000   -7.73938   -2.67749   -5.29331    1.00000    1.00000
     1.00000  -0.669140    4.86301   -1.53666    1.00000    1.00000
     1.00000    2.74190   -3.18487    6.77823    1.00000    1.00000
     1.00000    1.43926   -1.73509   -7.98477    1.00000    1.00000
     1.00000   -4.06986   -2.11438   0.487969    1.00000    1.00000
     1.00000    1.59481    3.99776    3.70790    1.00000    1.00000
     1.00000    3.66730   -4.59623    7.85140    1.00000    1.00000
     1.00000    5.80747    4.28128   -7.94449    1.00000    1.00000
     1.00000   -6.31105   -5.69910   -7.05721    1.00000    1.00000
     1.00000   -1.46711    2.96880    1.65944    1.00000    1.00000
     1.00000   -2.56921   -4.39703    5.18886    1.00000    1.00000
     1.00000   0.152340   -3.82962   -3.36022    1.00000    1.00000
     1.00000   -8.13585  -0.852127   -2.15117    1.00000    1.00000
     1.00000    3.16019E-02    4.95768    4.96642    1.00000    1.00000
     1.00000    4.90814  -0.944862    9.44297    1.00000    1.00000
     1.00000    4.62673    4.05651   -5.57500    1.00000    1.00000
     1.00000  -10.14382   -4.73314   -5.57591    1.00000    1.00000
     1.00000    1.92408    3.35970   -1.37260    1.00000    1.00000
     1.00000   0.875244   -3.28187    3.91852    1.00000    1.00000
     1.00000    1.06991   0.635201   -6.40137    1.00000    1.00000
     1.00000   -1.81069   -2.91141   -1.97400    1.00000    1.00000
     1.00000    3.24432    2.97398    4.18852    1.00000    1.00000
