     1.00000    11.3285   -6.46797   -6.58177    1.00000    1.00000
     1.00000   -11.2750   -4.15095    6.72092E-02    1.00000    1.00000
     1.00000    3.46084   -2.50253   -2.43364    1.00000    1.00000
     1.00000   -4.49715    4.75343    3.77948    1.00000    1.00000
     1.00000    9.74400   -5.27574   -6.32132    1.00000    1.00000
     1.00000   -8.39676   0.594824  -0.708261    1.00000    1.00000
     1.00000    6.99859    4.65847    4.07818    1.00000    1.00000
     1.00000   -8.97457    2.86883    1.53370    1.00000    1.00000
     1.00000    8.95068   -6.20517   -9.35374    1.00000    1.00000
     1.00000   -9.69615   -2.86744   0.638771    1.00000    1.00000
     1.00000    3.41790    1.33540    2.38541    1.00000    1.00000
     1.00000   -1.92013    2.00794    2.29516    1.00000    1.00000
     1.00000    8.69641   -1.32294   0.177822    1.00000    1.00000
     1.00000   -11.8642   -1.97971    1.24859    1.00000    1.00000
     1.00000   10.30163    4.39295    5.75076    1.00000    1.00000
     1.00000   -8.36471    5.13282    1.13720    1.00000    1.00000
     1.00000    9.50288   -7.27484   -6.70787    1.00000    1.00000
     1.00000   -8.92647   -5.21544    1.39364    1.00000    1.00000
     1.00000    4.00464   -1.21017   -1.00743    1.00000    1.00000
     1.00000   -5.90794    4.47677    2.38910    1.00000    1.00000
     1.00000    9.12948   -4.05728   -3.47960    1.00000    1.00000
     1.00000   -10.9870   -4.52290E-02  -0.515909    1.00000    1.00000
     1.00000    6.89280    4.58288    1.92354    1.00000    1.00000
     1.00000   -5.78063    4.19350  -0.201323    1.00000    1.00000
     1.00000    7.74609   -4.11949   -7.89636    1.00000    1.00000
     1.00000   -6.17631   -5.22268    1.21346    1.00000    1.00000
     1.00000    3.40816    1.44438  -0.461515    1.00000    1.00000
     1.00000    1.32017E-02    2.20225    2.76894    1.00000    1.00000
     1.00000    7.70984   -2.69643   -1.00899    1.00000    1.00000
     1.00000   -12.1496    1.89794   0.870823    1.00000    1.00000
     1.00000    10.6803    3.18023    4.20610    1.00000    1.00000
     1.00000   -11.5776    5.88878    2.73542    1.00000    1.00000
     1.00000    11.6582   -4.49566   -6.61801    1.00000    1.00000
     1.00000   -10.6739   -4.42129    1.95551    1.00000    1.00000
     1.00000    5.44674   -2.36236   -2.62481    1.00000    1.00000
     1.00000   -3.44607    4.46922    2.10185    1.00000    1.00000
     1.00000    8.29116   -4.39862   -5.26305    1.00000    1.00000
     1.00000   -7.25861    2.20109  -0.355404    1.00000    1.00000
     1.00000    7.56619    6.18365    2.91557    1.00000    1.00000
     1.00000   -7.71045    3.29377    3.02415    1.00000    1.00000
     1.00000   10.45579   -5.04759   -8.72553    1.00000    1.00000
     1.00000   -8.37300   -3.19610    2.10208    1.00000    1.00000
     1.00000    3.50673    3.10506    3.31299    1.00000    1.00000
     1.00000   -2.11887    3.68067    3.37335    1.00000    1.00000
     1.00000    9.27326   0.505335   0.747608    1.00000    1.00000
     1.00000   -13.5993   -1.76138   0.278181    1.00000    1.00000
     1.00000    12.0846    4.64848    4.88154    1.00000    1.00000
     1.00000   -8.50363    6.18636    2.83153    1.00000    1.00000
     1.00000    8.95512   -8.00734   -8.48647    1.00000    1.00000
     1.00000   -7.62211   -6.22736   0.264620    1.00000    1.00000
     1.00000    4.87104   -1.35954   0.788961    1.00000    1.00000
     1.00000   -4.89521    5.78019    1.25973    1.00000    1.00000
     1.00000    7.55990   -2.91812   -2.99100    1.00000    1.00000
     1.00000   -9.32974  -0.973852   0.109547    1.00000    1.00000
     1.00000    5.03578    4.08201    2.47180    1.00000    1.00000
     1.00000   -7.14140    3.55071    1.11592    1.00000    1.00000
     1.00000    9.63515   -3.46779   -7.81406    1.00000    1.00000
     1.00000   -6.73270   -4.11550    2.78336    1.00000    1.00000
     1.00000    3.39723   -1.28384E-02   0.908306    1.00000    1.00000
     1.00000    1.52651    3.38537    3.32583    1.00000    1.00000
     1.00000    6.70512   -1.28810   -5.41687E-03    1.00000    1.00000
     1.00000   -12.7515    4.43687E-02   0.421379    1.00000    1.00000
     1.00000    8.78831    3.77527    3.94830    1.00000    1.00000
     1.00000  -10.09238    6.16455    4.04619    1.00000    1.00000
