     1.00000   10.44099   -3.50219   -3.15055    1.00000    1.00000
     1.00000   -5.04403    9.82003    2.60774    1.00000    1.00000
     1.00000    9.67651   -4.89071    6.55881    1.00000    1.00000
     1.00000  -10.32143    1.72744   -9.58879    1.00000    1.00000
     1.00000    8.94987   -6.71211    2.40011    1.00000    1.00000
     1.00000   -6.41740    3.35726    2.07208    1.00000    1.00000
     1.00000    1.47119   -5.56319    6.72064    1.00000    1.00000
     1.00000   -4.71035    4.29767  -0.940168    1.00000    1.00000
     1.00000    12.4408   -4.22047  -0.506006    1.00000    1.00000
     1.00000   -7.06261    8.28979   0.318052    1.00000    1.00000
     1.00000    2.08164  -0.251986    3.53301    1.00000    1.00000
     1.00000   -9.13824   -3.00678   -13.7996    1.00000    1.00000
     1.00000    9.15534   -5.73733    4.13435    1.00000    1.00000
     1.00000   -5.44065    2.97415   0.369390    1.00000    1.00000
     1.00000   -3.27753   -1.06319    2.21495    1.00000    1.00000
     1.00000   -7.20072    2.52933   -4.43739    1.00000    1.00000
     1.00000    11.4235   -5.48593   -4.11372    1.00000    1.00000
     1.00000   -4.42450    7.92203    2.72495    1.00000    1.00000
     1.00000    7.37479   -2.77566    6.00227    1.00000    1.00000
     1.00000   -7.54437   0.415350   -7.21604    1.00000    1.00000
     1.00000   10.13264   -4.94918   0.716394    1.00000    1.00000
     1.00000   -2.78947    7.18285    3.65627    1.00000    1.00000
     1.00000    1.11660   -2.67058    5.17188    1.00000    1.00000
     1.00000   -2.41273    1.58136   -2.25046    1.00000    1.00000
     1.00000    11.6449  -0.119137   0.617901    1.00000    1.00000
     1.00000   -5.69039    9.37983  -0.645708    1.00000    1.00000
     1.00000    4.77501   0.308485    4.50136    1.00000    1.00000
     1.00000   -9.06620   -1.30298   -11.5084    1.00000    1.00000
     1.00000    11.6009   -3.70624    4.56473    1.00000    1.00000
     1.00000   -6.27721  -0.292316   0.555716    1.00000    1.00000
     1.00000   -1.86769   -4.32376    3.84061    1.00000    1.00000
     1.00000   -9.30355    1.06028   -6.51647    1.00000    1.00000
     1.00000    9.26783   -2.05487   -2.42324    1.00000    1.00000
     1.00000   -6.20079    11.4436    2.44632    1.00000    1.00000
     1.00000    8.59361   -4.07253    5.08982    1.00000    1.00000
     1.00000   -11.0920    2.00276   -11.4137    1.00000    1.00000
     1.00000    7.77676   -5.09308    2.45063    1.00000    1.00000
     1.00000   -4.64624    4.12506    2.59505    1.00000    1.00000
     1.00000    1.76898   -3.58823    6.82485    1.00000    1.00000
     1.00000   -5.13380    3.75271   -2.81732    1.00000    1.00000
     1.00000    11.3208   -3.35141   0.904760    1.00000    1.00000
     1.00000   -8.16270    6.62068   0.255789    1.00000    1.00000
     1.00000    2.81231   -1.77622    4.60205    1.00000    1.00000
     1.00000   -9.01403   -3.27757   -11.8219    1.00000    1.00000
     1.00000    9.39049   -7.26189    5.40730    1.00000    1.00000
     1.00000   -4.87663    1.07035   0.129698    1.00000    1.00000
     1.00000   -2.49134  -0.251783   0.564638    1.00000    1.00000
     1.00000   -6.87125    2.81912   -2.48612    1.00000    1.00000
     1.00000    11.6474   -4.81419   -2.24326    1.00000    1.00000
     1.00000   -3.06485    7.24248    1.42511    1.00000    1.00000
     1.00000    6.37954   -1.04857    6.16549    1.00000    1.00000
     1.00000   -8.90172   0.665234   -8.66351    1.00000    1.00000
     1.00000    8.37752   -5.90653   0.661303    1.00000    1.00000
     1.00000   -4.34277    5.99231    3.24410    1.00000    1.00000
     1.00000  -0.275726   -4.09935    5.03028    1.00000    1.00000
     1.00000   -4.24706    2.25747   -1.82842    1.00000    1.00000
     1.00000    12.2213   -1.88736  -0.117762    1.00000    1.00000
     1.00000   -4.37801    8.13695   0.210398    1.00000    1.00000
     1.00000    4.71247   -1.56807    5.19029    1.00000    1.00000
     1.00000   -9.50340   -1.00792   -9.57923    1.00000    1.00000
     1.00000    9.92406   -3.99810    3.51455    1.00000    1.00000
     1.00000   -4.73531   -1.51245   0.921522    1.00000    1.00000
     1.00000   -2.44120   -2.46689    3.36828    1.00000    1.00000
     1.00000   -8.10987    2.63654   -6.21558    1.00000    1.00000
