     1.00000   -1.19068   -10.8751   -7.29580    1.00000    1.00000
     1.00000   -2.28147    1.29026    8.02858    1.00000    1.00000
     1.00000    6.73267   0.417496   -2.77612    1.00000    1.00000
     1.00000    2.77185    4.70574    3.73182    1.00000    1.00000
     1.00000   -1.23440   -4.80397   -11.3465    1.00000    1.00000
     1.00000   -6.97650    8.66400    4.78687    1.00000    1.00000
     1.00000    3.55725   -4.81655   -2.41446    1.00000    1.00000
     1.00000   -1.84476   0.227779    6.39141    1.00000    1.00000
     1.00000   0.808517   -9.24520   -9.46830    1.00000    1.00000
     1.00000   -4.30541    5.69348    9.40662    1.00000    1.00000
     1.00000    9.16397    1.28605   -1.21791    1.00000    1.00000
     1.00000  -0.572609    4.08219    7.22329    1.00000    1.00000
     1.00000   -1.11015   -5.88438   -8.89724    1.00000    1.00000
     1.00000   -7.88236   10.35302    5.35836    1.00000    1.00000
     1.00000    1.15553  -0.591782   0.756470    1.00000    1.00000
     1.00000   -1.90604    1.43834   0.930706    1.00000    1.00000
     1.00000   -1.29950  -10.53264   -9.77860    1.00000    1.00000
     1.00000   -1.70452    2.39330    9.59396    1.00000    1.00000
     1.00000    6.85624   -2.34653  -0.689430    1.00000    1.00000
     1.00000    3.52206    5.52306    5.39590    1.00000    1.00000
     1.00000   -2.13718   -7.71658   -13.5296    1.00000    1.00000
     1.00000   -4.48514    6.11550    5.70978    1.00000    1.00000
     1.00000    2.73317   -3.18730   -6.91464    1.00000    1.00000
     1.00000   -1.28458    2.06769    5.53493    1.00000    1.00000
     1.00000  -0.706356   -10.9686   -11.6382    1.00000    1.00000
     1.00000   -3.44733    2.76534   10.50180    1.00000    1.00000
     1.00000    9.73402    2.08504   -2.96052    1.00000    1.00000
     1.00000    1.72937    4.30393    7.83796    1.00000    1.00000
     1.00000    1.22637   -3.36153   -8.21817    1.00000    1.00000
     1.00000   -7.65250    13.9325    6.53762    1.00000    1.00000
     1.00000    4.96500   -1.32602   -3.30417    1.00000    1.00000
     1.00000  -0.530355  -0.402050    2.79282    1.00000    1.00000
     1.00000  -0.741728   -12.1611   -8.76023    1.00000    1.00000
     1.00000   -2.89216   0.371567    9.69683    1.00000    1.00000
     1.00000    6.27382  -0.465870   -1.04144    1.00000    1.00000
     1.00000   0.818136    4.62610    4.15211    1.00000    1.00000
     1.00000   -1.31504   -5.53383   -13.2069    1.00000    1.00000
     1.00000   -6.04990    7.33565    5.96029    1.00000    1.00000
     1.00000    4.02368   -3.09064   -3.31095    1.00000    1.00000
     1.00000  -0.945454   0.328297    4.60783    1.00000    1.00000
     1.00000  -0.803505   -8.06658   -9.35778    1.00000    1.00000
     1.00000   -4.71726    5.25362    7.49955    1.00000    1.00000
     1.00000    8.57560  -0.242310   -2.36593    1.00000    1.00000
     1.00000  -0.729496    3.96523    5.23289    1.00000    1.00000
     1.00000   -1.34719   -6.69646   -10.7095    1.00000    1.00000
     1.00000   -7.68390    11.9330    6.56846    1.00000    1.00000
     1.00000    2.35886   -1.62952  -0.458061    1.00000    1.00000
     1.00000   -2.81734E-02   0.902222    1.36219    1.00000    1.00000
     1.00000   -3.25595  -10.12772   -9.68722    1.00000    1.00000
     1.00000  -0.676189   0.751060    9.09838    1.00000    1.00000
     1.00000    6.65041   -2.19858   -2.67330    1.00000    1.00000
     1.00000    2.12067    6.59899    6.33318    1.00000    1.00000
     1.00000   -3.16017   -6.02036   -13.8059    1.00000    1.00000
     1.00000   -3.77450    7.93335    6.14618    1.00000    1.00000
     1.00000    3.36417   -3.71694   -5.09219    1.00000    1.00000
     1.00000  -0.118832    1.69714    7.11724    1.00000    1.00000
     1.00000    1.12734  -10.43676   -11.0426    1.00000    1.00000
     1.00000   -4.94521    3.82166    9.70146    1.00000    1.00000
     1.00000    11.2692    2.92291   -1.99042    1.00000    1.00000
     1.00000   0.146170    4.47308    9.04827    1.00000    1.00000
     1.00000   0.365664   -5.11490   -7.78823    1.00000    1.00000
     1.00000   -8.23694    14.8503    8.21576    1.00000    1.00000
     1.00000    3.29760   -1.33779   -2.19980    1.00000    1.00000
     1.00000   -1.37416   -2.21186    2.68063    1.00000    1.00000
