   1    14.2338    43.6971
   2   10.14733    42.4043
   3    9.44918    42.3531
   4   10.28277    42.4178
   5    8.58240    42.8961
   6    9.01357    44.4941
   7    11.4660    41.2037
   8    11.6701    44.8338
   9    12.0443    45.5647
   10    11.1266    41.8605
   11    9.54555    41.6567
   12    8.60707    40.9564
   13    9.36036    42.0058
   14   10.20741    43.1242
   15    8.62225    42.0995
   16   10.17801    41.8580
   17    9.81862    41.7191
   18    7.74291    39.9060
   19   10.16792    43.0681
   20    9.84457    41.2385
   21    12.3560    42.6140
   22    11.2980    42.2809
   23    11.6842    47.2047
   24   10.02598    42.2936
   25    12.8606    44.3231
