     1.00000   -2.72524   -2.56705   -3.82732    1.00000    1.00000
     1.00000    6.51060    2.24794    7.16160    1.00000    1.00000
     1.00000   -4.47804   -6.31756    1.71974    1.00000    1.00000
     1.00000   0.189371    1.79098  -0.283827    1.00000    1.00000
     1.00000   -6.11994   -3.92294   -5.01697    1.00000    1.00000
     1.00000    5.82303    3.74475   -1.06705    1.00000    1.00000
     1.00000   -2.41394   -1.54479  -0.531454    1.00000    1.00000
     1.00000    1.80764    2.29795    2.56995    1.00000    1.00000
     1.00000   -1.67012   -1.14555   -4.75795    1.00000    1.00000
     1.00000    6.86721    2.12252    2.10051    1.00000    1.00000
     1.00000   -5.16530   -3.48128  -0.698586    1.00000    1.00000
     1.00000   0.835100    3.94640    1.98961    1.00000    1.00000
     1.00000   -5.46517   -2.32247   -4.01209    1.00000    1.00000
     1.00000    5.23712    3.54162    1.12494    1.00000    1.00000
     1.00000   -3.17726   0.288544  -0.768621    1.00000    1.00000
     1.00000    2.60852   0.670097    3.41179    1.00000    1.00000
     1.00000   -2.78714  -0.962074   -2.63558    1.00000    1.00000
     1.00000    6.73617    2.18606    5.17533    1.00000    1.00000
     1.00000   -4.39454   -4.53511   0.816462    1.00000    1.00000
     1.00000   -1.72163    1.74621   0.304436    1.00000    1.00000
     1.00000   -6.89741   -5.64744   -5.66630    1.00000    1.00000
     1.00000    4.60294    2.33667  -0.339949    1.00000    1.00000
     1.00000   -2.07746  -0.143278   0.855106    1.00000    1.00000
     1.00000    3.70192    2.61809    2.01389    1.00000    1.00000
     1.00000   -1.43366   0.556536   -5.78117    1.00000    1.00000
     1.00000    7.66656    1.21626    3.69416    1.00000    1.00000
     1.00000   -4.07177   -2.03248   -1.53832    1.00000    1.00000
     1.00000  -0.696093    2.68361    1.74303    1.00000    1.00000
     1.00000   -4.16701   -3.73881   -4.56776    1.00000    1.00000
     1.00000    7.17967    3.95455    1.36156    1.00000    1.00000
     1.00000   -3.99734   0.990891   0.914879    1.00000    1.00000
     1.00000    3.69322  -0.578745    4.53599    1.00000    1.00000
