     1.00000   -1.04382E-01   -3.85709   -2.13358    1.00000    1.00000
     1.00000  -0.126406    3.76736    5.43163    1.00000    1.00000
     1.00000   -1.41682   -5.34182   -6.01434    1.00000    1.00000
     1.00000    1.76515    6.48529   0.178823    1.00000    1.00000
     1.00000   -3.10871   -4.04037  -0.145405    1.00000    1.00000
     1.00000    2.17274    5.81551    7.03980    1.00000    1.00000
     1.00000    1.83754   -6.91807   -1.54488    1.00000    1.00000
     1.00000  -0.160311    6.66996   0.687216    1.00000    1.00000
     1.00000   -1.84800   -3.09408   -1.51908    1.00000    1.00000
     1.00000   -1.08602    3.86028    3.53362    1.00000    1.00000
     1.00000   -3.10163   -7.52926   -8.30677    1.00000    1.00000
     1.00000    4.28473    4.95378    2.46519    1.00000    1.00000
     1.00000   -2.46965   -2.16689   0.140400    1.00000    1.00000
     1.00000    1.73555    4.47153    5.62467    1.00000    1.00000
     1.00000    1.15312   -6.49153   -5.01049    1.00000    1.00000
     1.00000   -1.49532    3.45522   0.918442    1.00000    1.00000
     1.00000    1.33162   -4.99491   -1.33154    1.00000    1.00000
     1.00000   0.674066    4.74431    3.88088    1.00000    1.00000
     1.00000   -1.83790   -3.82320   -7.24579    1.00000    1.00000
     1.00000    2.73114    5.07063    1.21110    1.00000    1.00000
     1.00000   -4.47566   -2.60471  -0.410568    1.00000    1.00000
     1.00000    3.80285    5.00890    6.20785    1.00000    1.00000
     1.00000    2.29469   -6.27491   -3.38264    1.00000    1.00000
     1.00000   -1.35768    5.33837    1.57783    1.00000    1.00000
     1.00000   -2.45133   -1.23386   -1.93808    1.00000    1.00000
     1.00000   -1.41904    1.96387    2.99260    1.00000    1.00000
     1.00000   -1.78858   -6.09868   -7.82789    1.00000    1.00000
     1.00000    4.78636    3.30856    3.48579    1.00000    1.00000
     1.00000   -2.04750  -0.213657    5.87368E-02    1.00000    1.00000
     1.00000    3.08196    2.99528    5.53612    1.00000    1.00000
     1.00000   0.304973   -4.69362   -5.22994    1.00000    1.00000
     1.00000   -1.66154    1.46794    1.07030    1.00000    1.00000
