     1.00000    1.11372   0.499254   -3.17017    1.00000    1.00000
     1.00000   0.495975   0.908157   0.876133    1.00000    1.00000
     1.00000    1.42333   -3.83644   -3.01217    1.00000    1.00000
     1.00000   -3.14983    4.10359    3.12761    1.00000    1.00000
     1.00000  -0.634685   -2.49904   -3.79416    1.00000    1.00000
     1.00000    3.43936    3.06989    3.67307    1.00000    1.00000
     1.00000   -5.33485E-02   -2.91129   -1.92544    1.00000    1.00000
     1.00000   -3.19381    1.17067    2.02147    1.00000    1.00000
     1.00000    2.58289  -0.657463   -2.46056    1.00000    1.00000
     1.00000   0.699224    4.90687    1.97311    1.00000    1.00000
     1.00000    2.29284   -3.45712   -1.25146    1.00000    1.00000
     1.00000   -4.71270    6.31333   0.510180    1.00000    1.00000
     1.00000   -1.26966  -0.775223   -3.00344    1.00000    1.00000
     1.00000    2.32878    2.40456    5.19751    1.00000    1.00000
     1.00000    1.56180   -5.32818  -0.809620    1.00000    1.00000
     1.00000   -3.31118  -0.941107   0.173250    1.00000    1.00000
     1.00000    6.22406E-02   -3.42522E-02   -1.55470    1.00000    1.00000
     1.00000   0.469801    1.02798    2.87237    1.00000    1.00000
     1.00000    1.83543   -5.02523   -4.56682    1.00000    1.00000
     1.00000   -1.42984    3.67073    2.20333    1.00000    1.00000
     1.00000   -1.38462   -4.33385   -4.06074    1.00000    1.00000
     1.00000    2.29254    3.71353    2.16623    1.00000    1.00000
     1.00000    4.16832E-02   -4.90582   -2.03880    1.00000    1.00000
     1.00000   -4.10273    2.75322    1.20330    1.00000    1.00000
     1.00000    3.11329   0.622875   -1.01855    1.00000    1.00000
     1.00000   0.432630    2.97823    2.43057    1.00000    1.00000
     1.00000    3.68674   -3.14318   -2.65093    1.00000    1.00000
     1.00000   -4.32458    4.69640    1.62144    1.00000    1.00000
     1.00000   -1.76097  -0.695662   -1.06636    1.00000    1.00000
     1.00000   0.949799    2.87072    6.56905    1.00000    1.00000
     1.00000    2.46329   -6.85193   -1.73994    1.00000    1.00000
     1.00000   -1.95738  -0.314165    1.50523    1.00000    1.00000
