     1.00000    1.88595    2.61443    4.28534E-02    1.00000    1.00000
     1.00000   -2.04822   -4.46809    2.82642    1.00000    1.00000
     1.00000    3.90791    1.03127   -4.94211    1.00000    1.00000
     1.00000   -1.75519   -1.10541    1.45264    1.00000    1.00000
     1.00000  -0.432601    4.74026    2.07624    1.00000    1.00000
     1.00000   -3.10280   -5.26863   0.217439    1.00000    1.00000
     1.00000    2.48935    1.64279   -3.67179    1.00000    1.00000
     1.00000   -2.36810    2.61366   0.741312    1.00000    1.00000
     1.00000  -0.403358    2.10835   -1.66662    1.00000    1.00000
     1.00000   -3.83234   -4.92766    2.04815    1.00000    1.00000
     1.00000    6.68783  -0.117426   -4.12993    1.00000    1.00000
     1.00000  -0.140892   -1.38741    2.59916    1.00000    1.00000
     1.00000    9.47208E-02    5.81590    3.67778    1.00000    1.00000
     1.00000   -4.83181   -8.27410   0.456611    1.00000    1.00000
     1.00000    2.29803    3.34876   -5.87270    1.00000    1.00000
     1.00000  -0.180650    1.47261    3.34924    1.00000    1.00000
     1.00000    1.20065    3.30236   -1.70561    1.00000    1.00000
     1.00000  -0.323255   -3.57697    3.30643    1.00000    1.00000
     1.00000    5.19383    1.00085   -3.41061    1.00000    1.00000
     1.00000   -1.66892   0.740610   0.687934    1.00000    1.00000
     1.00000    1.26972    4.07003    1.26821    1.00000    1.00000
     1.00000   -1.86226   -6.46716    1.22967    1.00000    1.00000
     1.00000    1.41821   -1.47438E-02   -3.34735    1.00000    1.00000
     1.00000   -3.64631    1.21350    1.04345E-01    1.00000    1.00000
     1.00000   0.533494    1.98305   -3.42918    1.00000    1.00000
     1.00000   -5.43689   -3.80115    1.65265    1.00000    1.00000
     1.00000    6.48373   -6.72064E-02   -2.14101    1.00000    1.00000
     1.00000    1.36499   -2.70054    2.68862    1.00000    1.00000
     1.00000   0.548378    4.25816    4.84724    1.00000    1.00000
     1.00000   -4.76623   -6.28583   0.662736    1.00000    1.00000
     1.00000    2.55355    3.62766   -3.90880    1.00000    1.00000
     1.00000   -1.13055    2.87822    2.29002    1.00000    1.00000
