     1.00000   -3.14293   -1.71520   -4.57078    1.00000    1.00000
     1.00000   -4.63104    7.73301    2.94035    1.00000    1.00000
     1.00000    4.24648   0.775476  -0.163153    1.00000    1.00000
     1.00000   -1.58377   0.381380    2.57812    1.00000    1.00000
     1.00000    2.69481  -0.283567   -1.04614    1.00000    1.00000
     1.00000   -2.53914    4.02414    1.76132    1.00000    1.00000
     1.00000    4.60398   -6.07658  -0.753210    1.00000    1.00000
     1.00000   -3.07517   -1.32807   0.199633    1.00000    1.00000
     1.00000   -1.57032   -2.34324  -0.639902    1.00000    1.00000
     1.00000   -6.13081    9.02301   0.589178    1.00000    1.00000
     1.00000    3.88692   -3.02516   -1.07109    1.00000    1.00000
     1.00000    1.12468   -4.27763    1.98382    1.00000    1.00000
     1.00000    1.10057   -1.56204   -3.96405    1.00000    1.00000
     1.00000   -3.15004    5.91494    1.98867    1.00000    1.00000
     1.00000    8.36422   -3.69333   -1.03475    1.00000    1.00000
     1.00000  -0.919107   -2.30994    1.41538    1.00000    1.00000
     1.00000   -2.58607  -0.735878   -2.91825    1.00000    1.00000
     1.00000   -6.20693    6.59896    2.46023    1.00000    1.00000
     1.00000    4.45197   -1.15319  -0.651014    1.00000    1.00000
     1.00000  -0.556097   -1.25985    3.07836    1.00000    1.00000
     1.00000    2.68379  -0.866394   -2.95931    1.00000    1.00000
     1.00000   -1.91972    2.35104    2.66523    1.00000    1.00000
     1.00000    6.07990   -4.92486   -1.45690    1.00000    1.00000
     1.00000   -1.46602  -0.168276   -5.63183E-02    1.00000    1.00000
     1.00000  -0.914959   -1.71652   -2.42252    1.00000    1.00000
     1.00000   -6.33112    7.03456   0.512197    1.00000    1.00000
     1.00000    5.27159   -3.91263    6.69174E-02    1.00000    1.00000
     1.00000    1.00890   -2.33700    2.45344    1.00000    1.00000
     1.00000  -0.119303   -3.10867   -3.61785    1.00000    1.00000
     1.00000   -2.68268    7.79307    2.49285    1.00000    1.00000
     1.00000    6.70605   -3.09951   -1.98229    1.00000    1.00000
     1.00000   -2.69869   -1.73207    2.12188    1.00000    1.00000
