     1.00000    2.51153    2.74821   -5.34906    1.00000    1.00000
     1.00000   -1.78797   -1.58134    1.00681    1.00000    1.00000
     1.00000    4.27346    3.48659   -5.94101    1.00000    1.00000
     1.00000   0.433375   -2.24449    5.52668    1.00000    1.00000
     1.00000   0.709723   0.862865   -1.03532    1.00000    1.00000
     1.00000   -3.39467  -0.913433    8.00347    1.00000    1.00000
     1.00000    1.03294    1.78354   -9.43302    1.00000    1.00000
     1.00000   -2.36339   -6.12429    7.62022    1.00000    1.00000
     1.00000    4.57468    3.12293   -2.15486    1.00000    1.00000
     1.00000   -2.81069   -2.35734    2.54038    1.00000    1.00000
     1.00000    3.51215    2.18165   -8.11058    1.00000    1.00000
     1.00000   -2.53382   -4.37822    6.65992    1.00000    1.00000
     1.00000    1.74274    2.63271   -2.07573    1.00000    1.00000
     1.00000   -1.80793    6.12059E-02    5.29532    1.00000    1.00000
     1.00000    2.45040    3.15875   -9.74858    1.00000    1.00000
     1.00000   -4.34616   -6.02330    5.17451    1.00000    1.00000
     1.00000    3.07181    3.16051   -3.47394    1.00000    1.00000
     1.00000   -1.12845   -7.03125E-02  -0.125380    1.00000    1.00000
     1.00000    5.16798    5.25288   -6.22396    1.00000    1.00000
     1.00000   -1.09207   -2.72152    4.32441    1.00000    1.00000
     1.00000   -1.15535    1.18659   -1.68084    1.00000    1.00000
     1.00000   -4.40110   -2.61927    8.28134    1.00000    1.00000
     1.00000  -0.619488    2.86457   -9.11543    1.00000    1.00000
     1.00000   -4.03016   -7.17289    7.96996    1.00000    1.00000
     1.00000    4.87014    4.50617   -3.56884    1.00000    1.00000
     1.00000   -1.79609  -0.996300    3.59781    1.00000    1.00000
     1.00000    4.22035    4.03567   -7.86343    1.00000    1.00000
     1.00000  -0.688892   -3.75505    6.20397    1.00000    1.00000
     1.00000    1.66810    2.34688   -9.76639E-02    1.00000    1.00000
     1.00000   -3.59875  -0.284740    6.11586    1.00000    1.00000
     1.00000    2.71448    4.91992   -8.83833    1.00000    1.00000
     1.00000   -5.39889   -7.06917    6.51537    1.00000    1.00000
