     1.00000   -3.73409    1.24142   0.324449    1.00000    1.00000
     1.00000    1.32403   -2.45453  -0.698943    1.00000    1.00000
     1.00000  -0.838030   0.791739    3.73762    1.00000    1.00000
     1.00000    3.41831    4.20928   -5.75005    1.00000    1.00000
     1.00000   -1.48923   -3.78851   0.167292    1.00000    1.00000
     1.00000   0.541359   -1.29476   0.730165    1.00000    1.00000
     1.00000  -0.552742   -1.98155    3.97359    1.00000    1.00000
     1.00000    3.55152    3.89294  -0.950177    1.00000    1.00000
     1.00000   -4.10975  -0.858939    1.16302    1.00000    1.00000
     1.00000  -0.331896   -3.33125   -1.39843    1.00000    1.00000
     1.00000  -0.670816    3.04476    1.47284    1.00000    1.00000
     1.00000    1.22433    4.26217   -2.99158    1.00000    1.00000
     1.00000   -2.97116   -5.01419  -0.381853    1.00000    1.00000
     1.00000    1.18859   0.428965   -5.07822E-02    1.00000    1.00000
     1.00000   -1.27059    1.27746    5.62891    1.00000    1.00000
     1.00000    2.98347   0.840132   -2.09839    1.00000    1.00000
     1.00000   -3.05742    1.20761    2.20619    1.00000    1.00000
     1.00000    2.86572   -3.69629  -0.413936    1.00000    1.00000
     1.00000   -1.10493    1.11714    1.78241    1.00000    1.00000
     1.00000    3.29321    4.00548   -3.76440    1.00000    1.00000
     1.00000   -1.61120   -1.95285   0.951833    1.00000    1.00000
     1.00000   0.352009  -0.148050    2.35780    1.00000    1.00000
     1.00000   0.760742   -2.37987    2.51891    1.00000    1.00000
     1.00000    2.25246    2.83385   -2.04139    1.00000    1.00000
     1.00000   -2.43582  -0.277334   0.235837    1.00000    1.00000
     1.00000  -0.208675   -4.19086   -3.20006    1.00000    1.00000
     1.00000   -2.66834    3.06516    1.57028    1.00000    1.00000
     1.00000    2.00657    5.36798   -4.46307    1.00000    1.00000
     1.00000   -2.30653   -6.63451   -1.34769    1.00000    1.00000
     1.00000    2.69108  -0.655594  -0.803273    1.00000    1.00000
     1.00000   -1.36807  -0.685928    5.26069    1.00000    1.00000
     1.00000    2.27588    1.75896   -3.72783    1.00000    1.00000
