     1.00000   -2.87937   0.236910    1.69475    1.00000    1.00000
     1.00000    5.79436   0.512314   0.376973    1.00000    1.00000
     1.00000   -7.52792    4.85532   -2.91423    1.00000    1.00000
     1.00000   0.712362   0.958916   0.319404    1.00000    1.00000
     1.00000   -1.45946    2.89109   -1.13902    1.00000    1.00000
     1.00000    3.56248   -2.85447   0.128135    1.00000    1.00000
     1.00000   -7.48928   -2.38760   -1.84146    1.00000    1.00000
     1.00000    4.54878   -1.76585    4.11772    1.00000    1.00000
     1.00000   -3.04008    5.31311E-02  -0.706270    1.00000    1.00000
     1.00000    2.85806   -1.40587   -1.05735    1.00000    1.00000
     1.00000   -7.85182    2.74427   -1.29484    1.00000    1.00000
     1.00000    1.95030   -2.07672    1.85689    1.00000    1.00000
     1.00000   -3.36360    3.30950   -2.02627    1.00000    1.00000
     1.00000    8.38474   -3.48797    1.00739    1.00000    1.00000
     1.00000   -4.49821   -5.31960E-03   -2.07392    1.00000    1.00000
     1.00000    3.50914  -0.834906    5.80045    1.00000    1.00000
     1.00000  -0.933331   0.286980    1.23602    1.00000    1.00000
     1.00000    6.89994    1.12421   -1.17328    1.00000    1.00000
     1.00000   -8.04108    4.11694   -4.70069    1.00000    1.00000
     1.00000    1.50798  -0.876022   0.319793    1.00000    1.00000
     1.00000  -0.966755    3.19349   0.775607    1.00000    1.00000
     1.00000    5.30975   -3.78097  -0.169650    1.00000    1.00000
     1.00000   -6.21471  -0.965723   -2.43620    1.00000    1.00000
     1.00000    6.22843   -1.92129    3.04320    1.00000    1.00000
     1.00000   -1.57056   -1.12339   -3.07789E-02    1.00000    1.00000
     1.00000    4.68877  -0.973551  -0.377936    1.00000    1.00000
     1.00000   -6.25313    3.45985   -2.26032    1.00000    1.00000
     1.00000    3.53334   -2.86514    2.79090    1.00000    1.00000
     1.00000   -3.15090    2.03900  -0.496375    1.00000    1.00000
     1.00000    7.23880   -4.22363  -0.457403    1.00000    1.00000
     1.00000   -5.64087    1.57389   -2.52160    1.00000    1.00000
     1.00000    4.15392   0.192598    4.21033    1.00000    1.00000
