     1.00000   -3.03285  -0.733768    1.20397    1.00000    1.00000
     1.00000    3.74584  -0.410816  -0.610964    1.00000    1.00000
     1.00000   -8.65483    3.73507   -1.94444    1.00000    1.00000
     1.00000    4.23211    2.89270   -4.62020    1.00000    1.00000
     1.00000   0.171461  -0.613836    2.11210    1.00000    1.00000
     1.00000    1.02379   -4.94449   -1.30120    1.00000    1.00000
     1.00000   -4.77992    2.98292    2.16179    1.00000    1.00000
     1.00000    5.08624   0.999743  -0.148703    1.00000    1.00000
     1.00000  -0.870615   -1.06852   -1.13810    1.00000    1.00000
     1.00000    1.15955    1.03390    1.45823    1.00000    1.00000
     1.00000   -7.20636    2.12953   -9.67083E-02    1.00000    1.00000
     1.00000    5.14536    1.38661   -5.56765    1.00000    1.00000
     1.00000    1.31543   -3.50441    4.61518    1.00000    1.00000
     1.00000    1.02936   -1.94982   0.895892    1.00000    1.00000
     1.00000   -3.70896    1.01836   0.516260    1.00000    1.00000
     1.00000    6.19588    8.48541E-02   -2.93096    1.00000    1.00000
     1.00000   -1.48441   -1.72848    1.98684    1.00000    1.00000
     1.00000    2.92417   -2.01333   0.258986    1.00000    1.00000
     1.00000   -6.66549    3.91321   -1.84055    1.00000    1.00000
     1.00000    5.49582    1.88793   -3.43975    1.00000    1.00000
     1.00000   0.695169   -2.15042    3.28028    1.00000    1.00000
     1.00000  -0.685993   -5.17466  -0.289435    1.00000    1.00000
     1.00000   -6.19969    1.70116    1.57754    1.00000    1.00000
     1.00000    5.66541    2.51776    1.01756    1.00000    1.00000
     1.00000   -1.34179    3.45135E-02   0.462305    1.00000    1.00000
     1.00000    2.84723    1.39027E-02    1.12458    1.00000    1.00000
     1.00000   -8.96499    3.08185   -7.97367E-02    1.00000    1.00000
     1.00000    5.28272  -0.519194   -6.15845    1.00000    1.00000
     1.00000  -0.127882   -3.43457    5.99792    1.00000    1.00000
     1.00000  -0.247093   -3.47186   0.663383    1.00000    1.00000
     1.00000   -4.54514   0.863554    2.32646    1.00000    1.00000
     1.00000    6.50046    1.44055   -1.49245    1.00000    1.00000
