     1.00000   -1.58503  -0.769485   -2.26408    1.00000    1.00000
     1.00000    6.25031    4.01328    1.55017    1.00000    1.00000
     1.00000   -5.90479   -1.82665    5.60989    1.00000    1.00000
     1.00000    1.37095   -1.00312   -5.35483    1.00000    1.00000
     1.00000  -0.261374  -0.876759   -4.20608    1.00000    1.00000
     1.00000    3.31490    1.21369  -0.756641    1.00000    1.00000
     1.00000   -5.78609   -3.60718    6.51301    1.00000    1.00000
     1.00000    5.08520  -0.890884   -1.97632    1.00000    1.00000
     1.00000   -3.69061   -1.77925    1.35614    1.00000    1.00000
     1.00000    4.64092    6.71320   -1.26116    1.00000    1.00000
     1.00000   -7.07758   0.109028    2.31730    1.00000    1.00000
     1.00000    3.34036   -1.26624   -5.58327    1.00000    1.00000
     1.00000   -4.40893   -3.36740   -4.92898    1.00000    1.00000
     1.00000    3.39330    3.19921    1.21780    1.00000    1.00000
     1.00000   -4.87577    1.02997E-02    8.53770    1.00000    1.00000
     1.00000    5.32258   0.125496  -0.270262    1.00000    1.00000
     1.00000   -3.05422   -1.45041   -1.09029    1.00000    1.00000
     1.00000    5.31693    3.77209  -0.202147    1.00000    1.00000
     1.00000   -5.76663   -1.21907    3.70942    1.00000    1.00000
     1.00000    1.01742   0.944969   -5.07208    1.00000    1.00000
     1.00000   -2.22321  -0.493681   -4.13936    1.00000    1.00000
     1.00000    3.48778    3.20607  -0.779953    1.00000    1.00000
     1.00000   -4.13194   -3.75892    7.62691    1.00000    1.00000
     1.00000    3.55091   0.276793   -2.50779    1.00000    1.00000
     1.00000   -4.79238   -1.09578  -0.166676    1.00000    1.00000
     1.00000    5.73937    5.08734   -1.64841    1.00000    1.00000
     1.00000   -5.34289  -0.748751    1.81226    1.00000    1.00000
     1.00000    3.49877   -1.40163   -3.59416    1.00000    1.00000
     1.00000   -2.70056   -2.37930   -4.60471    1.00000    1.00000
     1.00000    3.63906    1.67842    2.49326    1.00000    1.00000
     1.00000   -4.54734   -1.95691    8.38861    1.00000    1.00000
     1.00000    7.18054  -0.458431  -0.725275    1.00000    1.00000
