     1.00000    2.01005    2.78351   -3.64732    1.00000    1.00000
     1.00000   -1.28512   -3.86680    2.00668    1.00000    1.00000
     1.00000    2.92346   -3.71031  -0.763107    1.00000    1.00000
     1.00000   -4.46779    3.72572   -1.84199    1.00000    1.00000
     1.00000    2.93486  -0.194560   -4.78453    1.00000    1.00000
     1.00000   -4.28811  -0.199501    2.04555    1.00000    1.00000
     1.00000    2.88201  -0.606287    5.28207    1.00000    1.00000
     1.00000   -6.16095    4.12290   -3.84104    1.00000    1.00000
     1.00000    2.55628    4.45161   -4.60599    1.00000    1.00000
     1.00000    2.60043   -4.62294    3.96603    1.00000    1.00000
     1.00000    2.60379   -3.74561    2.14322    1.00000    1.00000
     1.00000   -3.47036    2.79685   -5.06210E-02    1.00000    1.00000
     1.00000    2.86174   -2.47815   -2.33725    1.00000    1.00000
     1.00000   -1.64230   -1.90213    2.11845    1.00000    1.00000
     1.00000    3.59084   -1.79836    3.84106    1.00000    1.00000
     1.00000   -5.05759    2.49900   -4.22255    1.00000    1.00000
     1.00000    2.30524    2.70024   -1.67097    1.00000    1.00000
     1.00000   0.648982   -3.35874    1.97297    1.00000    1.00000
     1.00000    3.40630   -5.53072   -9.00764E-02    1.00000    1.00000
     1.00000   -3.80794    4.75696  -0.260485    1.00000    1.00000
     1.00000    3.50834    1.67755   -4.37669    1.00000    1.00000
     1.00000   -3.19984    1.21527    1.14328    1.00000    1.00000
     1.00000    4.01857   -7.12948E-02    6.83835    1.00000    1.00000
     1.00000   -4.98773    5.38648   -2.82766    1.00000    1.00000
     1.00000    2.85238    5.40272   -2.87171    1.00000    1.00000
     1.00000   0.783940   -3.78723    3.92186    1.00000    1.00000
     1.00000    2.29774   -5.63745    1.57116    1.00000    1.00000
     1.00000   -4.31874    3.28771    1.69275    1.00000    1.00000
     1.00000    2.21891  -0.699033   -2.98651    1.00000    1.00000
     1.00000   -3.18857   -1.34750    3.25926    1.00000    1.00000
     1.00000    4.16354   -2.49674    2.05660    1.00000    1.00000
     1.00000   -5.29240    1.24691   -2.68076    1.00000    1.00000
