     1.00000    2.39648  -0.937523   -4.79884    1.00000    1.00000
     1.00000   0.142615   -2.26163    3.06925    1.00000    1.00000
     1.00000    1.99179   0.598017    2.61601    1.00000    1.00000
     1.00000   -3.65034    3.73076   0.421669    1.00000    1.00000
     1.00000    2.83849   -5.23892   -2.40897    1.00000    1.00000
     1.00000   -4.04147    1.83034    4.06401    1.00000    1.00000
     1.00000    4.72423   -1.99156   0.414772    1.00000    1.00000
     1.00000   -3.31003    1.79691   0.801670    1.00000    1.00000
     1.00000    1.89565   -1.74678   -3.03978    1.00000    1.00000
     1.00000   -1.30782    1.68663    1.17078    1.00000    1.00000
     1.00000    4.24738  -0.716261    1.97626    1.00000    1.00000
     1.00000   -6.62811    7.02946  -0.528273    1.00000    1.00000
     1.00000    2.63435   -4.84831   -4.93366    1.00000    1.00000
     1.00000   -1.89307    3.18979    4.05899    1.00000    1.00000
     1.00000    3.24084  -0.827574  -0.252077    1.00000    1.00000
     1.00000   -2.85438   0.477821  -0.717764    1.00000    1.00000
     1.00000    4.35173   -1.34362   -4.68882    1.00000    1.00000
     1.00000   -1.19676  -0.882803    2.51705    1.00000    1.00000
     1.00000    3.17988    1.99001    1.80930    1.00000    1.00000
     1.00000   -5.61165    3.71573   0.812851    1.00000    1.00000
     1.00000    1.51543   -4.14336   -3.43330    1.00000    1.00000
     1.00000   -4.60272   -7.76882E-02    4.27479    1.00000    1.00000
     1.00000    6.08295  -0.723909    1.15432    1.00000    1.00000
     1.00000   -2.99826   -7.63378E-02    1.42917    1.00000    1.00000
     1.00000    3.11461   -3.05344   -3.93799    1.00000    1.00000
     1.00000   0.117591   0.503262    1.92434    1.00000    1.00000
     1.00000    2.32798   -1.03747    1.51502    1.00000    1.00000
     1.00000   -6.59618    5.45311   0.702209    1.00000    1.00000
     1.00000   0.923964   -5.33814   -5.84725    1.00000    1.00000
     1.00000   -2.58016    1.89327    2.69997    1.00000    1.00000
     1.00000    3.52893  -0.925377   -2.22880    1.00000    1.00000
     1.00000   -1.98398    2.27566  -0.616919    1.00000    1.00000
