     1.00000   0.827821    2.97120   -4.74516    1.00000    1.00000
     1.00000   -3.55148E-03    1.26878    1.88450    1.00000    1.00000
     1.00000  -0.515114  -0.254764  -0.670956    1.00000    1.00000
     1.00000   -2.55416   -1.73826    7.42779    1.00000    1.00000
     1.00000    2.16058    1.89593   -3.71194    1.00000    1.00000
     1.00000  -0.689954   -1.92481    3.16426    1.00000    1.00000
     1.00000    3.63163   -1.35745   -5.37440    1.00000    1.00000
     1.00000   -2.71840   -4.99181    3.05364    1.00000    1.00000
     1.00000   -1.37491    4.70614   -5.34675    1.00000    1.00000
     1.00000  -0.634363  -0.615061    1.65381    1.00000    1.00000
     1.00000    1.32369  -0.320355   -3.40285    1.00000    1.00000
     1.00000   -6.04110   -2.36427    4.34993    1.00000    1.00000
     1.00000    3.91789    5.40087   -3.23058    1.00000    1.00000
     1.00000    8.52766E-02    1.56972    5.95819    1.00000    1.00000
     1.00000    2.74448   -2.02637   -2.78951    1.00000    1.00000
     1.00000  -0.975625   -3.89665    3.33816    1.00000    1.00000
     1.00000    2.13504    2.50387   -6.18488    1.00000    1.00000
     1.00000    1.02615   0.516323   0.343876    1.00000    1.00000
     1.00000   -9.59024E-02   0.665504   -2.39646    1.00000    1.00000
     1.00000   -3.06553   -1.87186    5.49889    1.00000    1.00000
     1.00000    3.26859    3.56036   -3.66754    1.00000    1.00000
     1.00000  -0.512261  -0.268074    4.27044    1.00000    1.00000
     1.00000    3.06306   0.192951   -4.24614    1.00000    1.00000
     1.00000   -2.23241   -5.53040    4.91744    1.00000    1.00000
     1.00000  -0.918336    2.79195   -5.70370    1.00000    1.00000
     1.00000   -2.50570   -1.29091    1.85708    1.00000    1.00000
     1.00000    1.41635  -0.965973   -1.51220    1.00000    1.00000
     1.00000   -4.42255   -1.20004    4.19230    1.00000    1.00000
     1.00000    3.44875    7.34168   -3.34526    1.00000    1.00000
     1.00000  -0.421038    1.71518    4.02882    1.00000    1.00000
     1.00000    2.72978   -2.94820   -4.56435    1.00000    1.00000
     1.00000   -2.09820   -3.53523    4.95347    1.00000    1.00000
