     1.00000   -1.71852E-03  -0.766375    1.27740    1.00000    1.00000
     1.00000  -0.574038  -0.611383   -4.17903    1.00000    1.00000
     1.00000    4.95574   -4.01500    4.99679    1.00000    1.00000
     1.00000   -4.35136   -2.66730  -0.863194    1.00000    1.00000
     1.00000  -0.124336   -1.21772    4.65533    1.00000    1.00000
     1.00000  -0.450388   -1.44236   -5.99403    1.00000    1.00000
     1.00000    4.17914    1.94373    5.35125    1.00000    1.00000
     1.00000   -2.92780    4.42016   -4.12509    1.00000    1.00000
     1.00000   -3.06607    1.46933   0.496346    1.00000    1.00000
     1.00000   -1.00111   -1.55370   -2.46741    1.00000    1.00000
     1.00000    2.74843   -1.27276    3.56676    1.00000    1.00000
     1.00000   -1.81142    2.12015   -2.50164    1.00000    1.00000
     1.00000  -0.853798  -0.603323    6.41329    1.00000    1.00000
     1.00000   0.439286  -0.326691   -8.78436    1.00000    1.00000
     1.00000    5.30009  -0.586702    3.55749    1.00000    1.00000
     1.00000   -2.20429    3.37121  -0.991502    1.00000    1.00000
     1.00000   -1.66125   0.345943    1.37070    1.00000    1.00000
     1.00000   0.498838    1.04642   -3.86183    1.00000    1.00000
     1.00000    3.38901   -3.05667    4.20497    1.00000    1.00000
     1.00000   -3.10890   -1.44303   -1.84168    1.00000    1.00000
     1.00000   0.861955   -1.47798    2.93501    1.00000    1.00000
     1.00000    1.04600   -1.54293   -7.31717    1.00000    1.00000
     1.00000    3.22678    2.39853    3.65238    1.00000    1.00000
     1.00000   -2.89121    4.83475   -2.16887    1.00000    1.00000
     1.00000   -3.99963    1.68716    2.25163    1.00000    1.00000
     1.00000  -0.151771   -3.03724   -1.42927    1.00000    1.00000
     1.00000    3.11071   -2.02275    1.74844    1.00000    1.00000
     1.00000   -1.94955   0.167032   -2.09389    1.00000    1.00000
     1.00000   -1.31793   0.945801    5.23651    1.00000    1.00000
     1.00000   0.245089   0.714596   -7.08789    1.00000    1.00000
     1.00000    3.67547   0.376358    4.21561    1.00000    1.00000
     1.00000   -1.22996    1.80271  -0.223067    1.00000    1.00000
