     1.00000   -5.56135   -1.72853   -3.58095    1.00000    1.00000
     1.00000    2.77545   -3.44077   -1.14606    1.00000    1.00000
     1.00000   -1.04580    1.78929    2.86431    1.00000    1.00000
     1.00000   0.317810  -0.286535    4.09037    1.00000    1.00000
     1.00000   -2.16214   0.823193    4.21351    1.00000    1.00000
     1.00000    3.76065   -6.47054   -2.46612    1.00000    1.00000
     1.00000    2.94358    6.01188   0.533306    1.00000    1.00000
     1.00000    1.81559   -2.34031    1.04306    1.00000    1.00000
     1.00000   -3.79967   -1.10793   -2.86588    1.00000    1.00000
     1.00000    3.34988E-02   -3.66691  -0.993071    1.00000    1.00000
     1.00000  -0.119959    5.55101    1.94419    1.00000    1.00000
     1.00000   0.369867    2.69205    3.95096    1.00000    1.00000
     1.00000   -3.35553  -0.905178   0.929499    1.00000    1.00000
     1.00000   0.355137   -5.52515   -4.26374    1.00000    1.00000
     1.00000    1.36698    7.22203   0.756645    1.00000    1.00000
     1.00000    2.11047   -1.02272   -2.17247    1.00000    1.00000
     1.00000   -6.05189  -0.925243   -1.81627    1.00000    1.00000
     1.00000    2.64827   -2.75275   -3.01968    1.00000    1.00000
     1.00000  -0.488247    1.60454   0.952497    1.00000    1.00000
     1.00000   0.887615   -1.48727    2.59586    1.00000    1.00000
     1.00000   -3.16699   0.135967    2.62669    1.00000    1.00000
     1.00000    3.57247   -4.48829   -2.65392    1.00000    1.00000
     1.00000    1.64949    4.77583    1.42635    1.00000    1.00000
     1.00000    2.25651  -0.826576  -0.187471    1.00000    1.00000
     1.00000   -3.28798  -0.504942   -1.02888    1.00000    1.00000
     1.00000   0.676403   -2.84050   -2.69710    1.00000    1.00000
     1.00000  -0.498133    3.61012    2.24410    1.00000    1.00000
     1.00000    1.31654    1.14320    3.11139    1.00000    1.00000
     1.00000   -4.95267   0.287731    1.09111    1.00000    1.00000
     1.00000    1.76247   -5.31417   -2.85843    1.00000    1.00000
     1.00000    1.61170    9.13648   0.232269    1.00000    1.00000
     1.00000    2.25991   0.850866   -2.85610    1.00000    1.00000
