     1.00000    1.13568   -1.64150    1.08785    1.00000    1.00000
     1.00000   -4.17864  -0.436968   -2.60324    1.00000    1.00000
     1.00000    8.19238    6.73020    1.96579    1.00000    1.00000
     1.00000   -1.14117   -1.25608   -3.72571    1.00000    1.00000
     1.00000   0.673673    2.32699    7.82154    1.00000    1.00000
     1.00000   -5.45705   -2.94488   -4.57440    1.00000    1.00000
     1.00000    2.50290    4.63849    2.05411    1.00000    1.00000
     1.00000  -0.623268   -6.51053    2.00877    1.00000    1.00000
     1.00000   0.865335    1.13354   0.475450    1.00000    1.00000
     1.00000   -2.45721  -0.221111   -6.26291    1.00000    1.00000
     1.00000    4.57065    5.50574    2.17359    1.00000    1.00000
     1.00000   -1.72347   -3.13057   -4.10941    1.00000    1.00000
     1.00000    1.06886    1.68009    3.99244    1.00000    1.00000
     1.00000   -6.56305   -5.47820   -4.12693    1.00000    1.00000
     1.00000    2.41344    3.20006    4.33798    1.00000    1.00000
     1.00000   -1.03635   -4.53584  -0.699891    1.00000    1.00000
     1.00000    1.19614   -3.62007   0.802178    1.00000    1.00000
     1.00000   -3.22084    1.28667   -2.93746    1.00000    1.00000
     1.00000    6.30542    6.42529    2.55435    1.00000    1.00000
     1.00000   0.137783   -1.49511   -2.20678    1.00000    1.00000
     1.00000    1.28348    2.14696    5.92530    1.00000    1.00000
     1.00000   -5.23267  -0.991194   -4.21006    1.00000    1.00000
     1.00000    1.29556    3.17193    2.67980    1.00000    1.00000
     1.00000  -0.446400   -4.68768    1.20508    1.00000    1.00000
     1.00000    1.58945    7.44038E-02    2.00968    1.00000    1.00000
     1.00000   -2.19209   0.324093   -4.35701    1.00000    1.00000
     1.00000    3.01895    6.41856    1.30239    1.00000    1.00000
     1.00000   -6.47964E-02   -3.54138   -5.14866    1.00000    1.00000
     1.00000    2.49392   0.292973    3.78004    1.00000    1.00000
     1.00000   -7.32094   -3.66705   -4.50814    1.00000    1.00000
     1.00000    3.61239    2.61588    5.82837    1.00000    1.00000
     1.00000  -0.698048   -3.81383   -2.53408    1.00000    1.00000
