     1.00000    1.83356    7.01843    3.86749    1.00000    1.00000
     1.00000    2.12639   -3.32733   -1.23957    1.00000    1.00000
     1.00000  -0.941132    2.37624   -1.13197    1.00000    1.00000
     1.00000   -3.64714   -4.63206    1.58229    1.00000    1.00000
     1.00000    2.28073    7.93902    1.89398    1.00000    1.00000
     1.00000  -0.769808   -5.44924   -2.32184    1.00000    1.00000
     1.00000    1.11429    5.03040   -1.15066    1.00000    1.00000
     1.00000   -4.29412   -7.22646   -1.37969    1.00000    1.00000
     1.00000    3.99893    5.89337    3.72770    1.00000    1.00000
     1.00000   -1.33052   -2.63301  -0.195597    1.00000    1.00000
     1.00000  -0.977163  -0.936699   0.803219    1.00000    1.00000
     1.00000   -4.44052   -4.81603   -1.40948    1.00000    1.00000
     1.00000    1.13432    8.20612  -0.317596    1.00000    1.00000
     1.00000   0.990870   -4.52159   -2.52055    1.00000    1.00000
     1.00000    2.10827    3.68338   -5.63354E-02    1.00000    1.00000
     1.00000   -4.12200   -6.17613   -3.07297    1.00000    1.00000
     1.00000    2.81169    6.06450    5.32807    1.00000    1.00000
     1.00000    3.52410   -2.89663   -2.60373    1.00000    1.00000
     1.00000   -2.77101    2.26631   -1.93165    1.00000    1.00000
     1.00000   -1.94353   -3.61347    1.82763    1.00000    1.00000
     1.00000    1.82253    6.00802    2.14153    1.00000    1.00000
     1.00000    3.11937E-02   -5.33317  -0.492924    1.00000    1.00000
     1.00000    6.98357E-02    3.70863   -2.22863    1.00000    1.00000
     1.00000   -3.25394   -7.98494   0.150906    1.00000    1.00000
     1.00000    4.80693    6.30224    5.51095    1.00000    1.00000
     1.00000   0.499107   -3.43267   -8.16202E-02    1.00000    1.00000
     1.00000   -1.49068   0.821086   -8.28266E-04    1.00000    1.00000
     1.00000   -3.83817   -5.97053   0.108519    1.00000    1.00000
     1.00000    2.86017    7.28370    9.54232E-02    1.00000    1.00000
     1.00000    1.08533   -2.63631   -3.18147    1.00000    1.00000
     1.00000    3.23318    5.32049   0.177004    1.00000    1.00000
     1.00000   -2.51171   -6.33568   -1.89759    1.00000    1.00000
