     1.00000   -2.81679   -1.56690   -1.95827    1.00000    1.00000
     1.00000    3.98102    1.94157   0.457544    1.00000    1.00000
     1.00000  -0.268393   -5.05456    5.01849    1.00000    1.00000
     1.00000  -0.781088  -0.163059   -3.57266    1.00000    1.00000
     1.00000   -8.26355    2.63358    2.60300    1.00000    1.00000
     1.00000    7.78313    2.29702  -0.432673    1.00000    1.00000
     1.00000   -2.37929   -5.93790    2.94982    1.00000    1.00000
     1.00000    1.58320    2.06244   0.721947    1.00000    1.00000
     1.00000   -3.94629    7.90138E-02   -1.83496    1.00000    1.00000
     1.00000    5.79141    4.04702  -0.318989    1.00000    1.00000
     1.00000    1.44843   -3.11173    3.57034    1.00000    1.00000
     1.00000   -3.00138   -2.10575   -4.53295    1.00000    1.00000
     1.00000   -5.85283   -6.54812E-02   -1.24825    1.00000    1.00000
     1.00000    7.13550    6.92834   -2.34956    1.00000    1.00000
     1.00000   -2.08184   -2.83433    1.66632    1.00000    1.00000
     1.00000    3.54365  -0.250433   0.218979    1.00000    1.00000
     1.00000   -2.72447   -2.51718  -0.200875    1.00000    1.00000
     1.00000    2.86557    2.98101  -0.836800    1.00000    1.00000
     1.00000   0.509371   -4.83588    3.18894    1.00000    1.00000
     1.00000  -0.302780    1.16536   -2.15614    1.00000    1.00000
     1.00000   -7.84604   0.903149    1.69125    1.00000    1.00000
     1.00000    7.41418    3.95755   -1.48458    1.00000    1.00000
     1.00000   -2.92416   -4.79925    4.50114    1.00000    1.00000
     1.00000    1.39320    1.68682   -1.23325    1.00000    1.00000
     1.00000   -2.77235   -2.13070E-02   -3.45106    1.00000    1.00000
     1.00000    4.40870    3.78588    1.10225    1.00000    1.00000
     1.00000  -0.352476   -2.34031    3.16831    1.00000    1.00000
     1.00000   -1.80219  -0.659674   -5.21909    1.00000    1.00000
     1.00000   -6.51569    1.12638   0.214656    1.00000    1.00000
     1.00000    6.37438    5.11981   -2.73677    1.00000    1.00000
     1.00000   -1.17827   -4.55056    2.15431    1.00000    1.00000
     1.00000    1.57817    9.93328E-02   0.339600    1.00000    1.00000
