     1.00000    3.44654  -0.433865    2.74882    1.00000    1.00000
     1.00000   -4.71511  -0.830387   0.523048    1.00000    1.00000
     1.00000    6.58226   -6.98625   -1.96339    1.00000    1.00000
     1.00000   -4.16729    6.45975   -2.87212    1.00000    1.00000
     1.00000    6.53190   -1.63868    5.03783    1.00000    1.00000
     1.00000   -3.59740    1.11862   -2.00151    1.00000    1.00000
     1.00000    5.11521   -4.56833    1.94932    1.00000    1.00000
     1.00000   -8.66057    6.60686   -4.98598    1.00000    1.00000
     1.00000   0.903270   0.944504    1.16060    1.00000    1.00000
     1.00000  -0.400043  -0.479095    4.47987    1.00000    1.00000
     1.00000    4.35424   -2.39628   -1.50770    1.00000    1.00000
     1.00000   -3.90911    3.09273   -1.92571    1.00000    1.00000
     1.00000    4.18797   0.188660    5.11561    1.00000    1.00000
     1.00000   -1.38242   -1.41153  -0.124919    1.00000    1.00000
     1.00000    4.54169   -3.06327   0.763631    1.00000    1.00000
     1.00000   -8.38822    3.88838   -6.44951    1.00000    1.00000
     1.00000    3.44046   -2.42202    2.96609    1.00000    1.00000
     1.00000   -2.98509  -0.600525    1.49987    1.00000    1.00000
     1.00000    5.46981   -5.54595   -1.13395    1.00000    1.00000
     1.00000   -4.70744    6.94051   -4.73682    1.00000    1.00000
     1.00000    4.69815   -1.53851    4.24579    1.00000    1.00000
     1.00000   -2.40710  -0.416267   -1.52474    1.00000    1.00000
     1.00000    4.16686   -5.34785   0.370404    1.00000    1.00000
     1.00000   -6.66275    6.66765   -5.05675    1.00000    1.00000
     1.00000    1.69816   0.517193    2.94542    1.00000    1.00000
     1.00000   -1.59406  -0.245857    2.89244    1.00000    1.00000
     1.00000    4.34310   -4.27588   -2.19105    1.00000    1.00000
     1.00000   -3.46175    5.02525   -1.67029    1.00000    1.00000
     1.00000    2.46391  -0.811232    5.28249    1.00000    1.00000
     1.00000  -0.337307  -0.608887    1.37957    1.00000    1.00000
     1.00000    2.65597   -3.33812    1.37068    1.00000    1.00000
     1.00000   -7.22381    5.50863   -6.58707    1.00000    1.00000
