     1.00000   -3.84539    6.25907   -1.60872    1.00000    1.00000
     1.00000   -1.20739   -1.88410    3.64909    1.00000    1.00000
     1.00000   0.988647    3.57023   -4.41915    1.00000    1.00000
     1.00000    1.92278   -6.02889   -2.19061    1.00000    1.00000
     1.00000  -0.708757   0.692845   0.303309    1.00000    1.00000
     1.00000    2.46136   -8.36086E-03    6.42263    1.00000    1.00000
     1.00000    1.63604    2.12249   -2.19753    1.00000    1.00000
     1.00000   0.134083   -6.36301   0.768538    1.00000    1.00000
     1.00000   -4.04667    4.83455   0.289007    1.00000    1.00000
     1.00000  -0.301382   -3.52079    4.35647    1.00000    1.00000
     1.00000  -0.193750    4.95752   -5.24217    1.00000    1.00000
     1.00000   0.323620   -5.76864   -3.36319    1.00000    1.00000
     1.00000   -1.70872    3.39764   -1.63368    1.00000    1.00000
     1.00000    1.84021    2.97577    6.99860    1.00000    1.00000
     1.00000    3.20245   0.902267   -2.43720    1.00000    1.00000
     1.00000   0.645987   -2.69542   0.432137    1.00000    1.00000
     1.00000   -2.41541    5.09158  -0.839231    1.00000    1.00000
     1.00000    7.78484E-02   -1.78514    2.11992    1.00000    1.00000
     1.00000   -6.55746E-02    3.72314   -2.72645    1.00000    1.00000
     1.00000   0.382120   -6.90246   -1.26149    1.00000    1.00000
     1.00000   0.279222  -0.905583  -0.381471    1.00000    1.00000
     1.00000    1.01788    3.43084E-02    5.03895    1.00000    1.00000
     1.00000    1.49195    3.99169   -1.50088    1.00000    1.00000
     1.00000   -1.74952   -6.73562   0.208886    1.00000    1.00000
     1.00000   -4.01484    3.14247  -0.776762    1.00000    1.00000
     1.00000   0.324392   -1.83220    5.22657    1.00000    1.00000
     1.00000  -0.986370    3.13201   -5.44033    1.00000    1.00000
     1.00000  -0.227495   -4.50784   -1.91176    1.00000    1.00000
     1.00000  -0.701279    2.65718   -7.26585E-02    1.00000    1.00000
     1.00000    3.08594    1.82802    5.93519    1.00000    1.00000
     1.00000    1.75106   0.248860   -3.64820    1.00000    1.00000
     1.00000   0.606932   -4.62353   -9.78346E-02    1.00000    1.00000
