     1.00000  -0.820910   -3.88815   -1.52277    1.00000    1.00000
     1.00000   -1.34781    2.64797    4.02550    1.00000    1.00000
     1.00000   -4.03981    1.61397   -3.99276    1.00000    1.00000
     1.00000    1.81002   -4.53543    1.26349    1.00000    1.00000
     1.00000   0.403912   -1.04494  -0.341255    1.00000    1.00000
     1.00000   0.728737    1.33601    2.22101    1.00000    1.00000
     1.00000   -1.81703    2.15149E-02   -5.25115    1.00000    1.00000
     1.00000    3.93787    8.60538E-02    3.43348    1.00000    1.00000
     1.00000   -1.03446  -0.664946   0.995425    1.00000    1.00000
     1.00000  -0.159868    4.46640    4.42875    1.00000    1.00000
     1.00000   -5.48040   0.595602   -4.95329    1.00000    1.00000
     1.00000    3.84290   -3.73288    3.03642    1.00000    1.00000
     1.00000    3.11250    1.04542E-01   -1.95449    1.00000    1.00000
     1.00000  -0.238192    2.85813    1.35603    1.00000    1.00000
     1.00000   -3.07314  -0.135214   -3.70272    1.00000    1.00000
     1.00000    5.80429  -0.222160    2.78427    1.00000    1.00000
     1.00000   -1.65977   -2.50175  -0.350509    1.00000    1.00000
     1.00000  -0.801088   0.953224    4.93595    1.00000    1.00000
     1.00000   -2.81324    1.72647   -5.56848    1.00000    1.00000
     1.00000   0.837849   -4.06217  -0.419034    1.00000    1.00000
     1.00000  -0.169651   0.634893   -1.26277    1.00000    1.00000
     1.00000    2.16011   0.186481    1.42744    1.00000    1.00000
     1.00000  -0.512904    1.41991   -4.66485    1.00000    1.00000
     1.00000    2.38384   -1.08009    2.95902    1.00000    1.00000
     1.00000   -2.30127   -2.12588    1.50616    1.00000    1.00000
     1.00000   0.580700    2.83963    3.53143    1.00000    1.00000
     1.00000   -4.61106    1.61574   -6.43773    1.00000    1.00000
     1.00000    2.05112   -3.00445    2.52760    1.00000    1.00000
     1.00000    1.74138   0.905924  -0.738834    1.00000    1.00000
     1.00000   -1.65748    4.15942    1.89664    1.00000    1.00000
     1.00000   -1.35344  -0.130232   -2.68164    1.00000    1.00000
     1.00000    4.49632   -1.04359    1.51365    1.00000    1.00000
