     1.00000  -0.942665    5.55513   -4.80501    1.00000    1.00000
     1.00000   -2.20385   -2.04036    2.71614    1.00000    1.00000
     1.00000   0.604759    3.09964   -1.75379    1.00000    1.00000
     1.00000   -7.22294E-02   -6.14465    3.10372    1.00000    1.00000
     1.00000  -0.300642    2.16422   -5.94344    1.00000    1.00000
     1.00000   -1.17984   0.434352   0.151375    1.00000    1.00000
     1.00000    2.47394    4.38598    1.57704    1.00000    1.00000
     1.00000    2.79501   -9.81559    3.73339    1.00000    1.00000
     1.00000   0.112505    5.53713   -1.16201    1.00000    1.00000
     1.00000   -1.50976   -1.48811  -0.290565    1.00000    1.00000
     1.00000    1.88289    5.15394   -2.00989    1.00000    1.00000
     1.00000   -1.55655   -4.88676    3.56685    1.00000    1.00000
     1.00000   -1.05681    5.23015   -7.09379    1.00000    1.00000
     1.00000   -2.06390    2.92445   0.356527    1.00000    1.00000
     1.00000    2.11969    1.31262    2.63501    1.00000    1.00000
     1.00000  -0.798599  -10.17683    5.58854    1.00000    1.00000
     1.00000   -2.70545    6.35844   -4.30772    1.00000    1.00000
     1.00000  -0.841146   -3.46054    2.36099    1.00000    1.00000
     1.00000    2.04729    1.82284   -1.21633    1.00000    1.00000
     1.00000   0.749176   -7.89367    3.61969    1.00000    1.00000
     1.00000   -1.38720    3.82670   -5.70773    1.00000    1.00000
     1.00000  -0.920709    2.03342   -1.02158    1.00000    1.00000
     1.00000    3.14054    3.73413  -0.192348    1.00000    1.00000
     1.00000    2.41712  -10.26104    5.64618    1.00000    1.00000
     1.00000   -1.00083    5.36689   -2.81473    1.00000    1.00000
     1.00000   -1.50687   -3.33400   0.479294    1.00000    1.00000
     1.00000    2.84498    3.40560   -2.14292    1.00000    1.00000
     1.00000    2.28186E-02   -4.05141    4.46562    1.00000    1.00000
     1.00000  -0.203856    5.47167   -8.88660    1.00000    1.00000
     1.00000   -3.07042    1.72074    1.59669    1.00000    1.00000
     1.00000    1.26482    3.11831    2.54195    1.00000    1.00000
     1.00000   0.845783   -9.10340    5.20941    1.00000    1.00000
