     1.00000    3.96241   -4.66285    5.13695    1.00000    1.00000
     1.00000  -0.351092    3.13374    4.29759    1.00000    1.00000
     1.00000  -0.333741    1.43871   -7.24293    1.00000    1.00000
     1.00000   -3.33433  -0.719645   -2.58097    1.00000    1.00000
     1.00000    4.42631   -2.87811  -0.710386    1.00000    1.00000
     1.00000   -1.20638    1.60817    2.12077    1.00000    1.00000
     1.00000    1.62252  -0.582560   -1.07024    1.00000    1.00000
     1.00000   -4.47581    1.39896  -0.439510    1.00000    1.00000
     1.00000    5.69079   -5.27150    5.93835    1.00000    1.00000
     1.00000   0.864360    4.44801    6.91501    1.00000    1.00000
     1.00000    2.03931    1.88939   -6.39379    1.00000    1.00000
     1.00000   -2.40265   0.966005   -3.12001    1.00000    1.00000
     1.00000    2.37841   -3.82502   0.770484    1.00000    1.00000
     1.00000   -2.09296  -0.177633    2.27850    1.00000    1.00000
     1.00000  -0.861102    9.09805E-02   -4.04629    1.00000    1.00000
     1.00000   -4.81908  -0.598530   0.208851    1.00000    1.00000
     1.00000    4.78108   -4.19357    3.37355    1.00000    1.00000
     1.00000  -0.568804    5.12170    4.32181    1.00000    1.00000
     1.00000   0.842394    3.03312   -7.51596    1.00000    1.00000
     1.00000   -5.03314  -0.167866   -3.48074    1.00000    1.00000
     1.00000    2.57506   -2.19869  -0.376855    1.00000    1.00000
     1.00000   0.534301    2.44364    2.64234    1.00000    1.00000
     1.00000   0.541406    7.13425E-02   -2.62060    1.00000    1.00000
     1.00000   -5.51373    2.33286   -1.87149    1.00000    1.00000
     1.00000    6.78043   -6.65054    4.98391    1.00000    1.00000
     1.00000  -0.571130    3.20651    6.28411    1.00000    1.00000
     1.00000    2.20701   -6.90060E-02   -6.76331    1.00000    1.00000
     1.00000   -2.65473    1.60267   -1.24089    1.00000    1.00000
     1.00000    2.99212   -3.64718    2.66567    1.00000    1.00000
     1.00000   -3.36669    1.34861    2.49805    1.00000    1.00000
     1.00000   -1.49585    1.10329   -5.65013    1.00000    1.00000
     1.00000   -3.15668   0.404819   0.688143    1.00000    1.00000
