   1    6.97398    24.1812
   2    6.84849    22.2616
   3    7.26743    22.0631
   4    6.81630    23.8020
   5    7.81457    23.6522
   6    6.28686    21.6794
   7    5.45724    21.7684
   8    7.70651    22.7762
   9    6.83866    23.5687
   10    7.16850    23.0255
   11    7.67387    23.0379
   12    5.74075    21.6384
   13    6.36228    22.3226
   14    6.93437    21.8788
   15    8.80273    23.6351
   16    5.28889    21.5198
   17    6.89662    22.0187
   18    6.60218    22.7312
   19    7.47657    22.6221
   20    6.60136    22.1706
   21    6.15668    22.0285
   22    6.48147    22.7621
   23    6.09284    22.4258
   24    5.95919    21.7894
   25    7.16879    23.5960
